Apache Maven 3.3.9
Maven home: /usr/share/maven
Java version: 1.8.0_212, vendor: Oracle Corporation
Java home: /usr/lib/jvm/java-8-openjdk-amd64/jre
Default locale: en_US, platform encoding: UTF-8
OS name: "linux", version: "4.9.0-8-amd64", arch: "amd64", family: "unix"
[DEBUG] Created new class realm maven.api
[DEBUG] Importing foreign packages into class realm maven.api
[DEBUG]   Imported: javax.enterprise.inject.* < plexus.core
[DEBUG]   Imported: javax.enterprise.util.* < plexus.core
[DEBUG]   Imported: javax.inject.* < plexus.core
[DEBUG]   Imported: org.apache.maven.* < plexus.core
[DEBUG]   Imported: org.apache.maven.artifact < plexus.core
[DEBUG]   Imported: org.apache.maven.classrealm < plexus.core
[DEBUG]   Imported: org.apache.maven.cli < plexus.core
[DEBUG]   Imported: org.apache.maven.configuration < plexus.core
[DEBUG]   Imported: org.apache.maven.exception < plexus.core
[DEBUG]   Imported: org.apache.maven.execution < plexus.core
[DEBUG]   Imported: org.apache.maven.execution.scope < plexus.core
[DEBUG]   Imported: org.apache.maven.lifecycle < plexus.core
[DEBUG]   Imported: org.apache.maven.model < plexus.core
[DEBUG]   Imported: org.apache.maven.monitor < plexus.core
[DEBUG]   Imported: org.apache.maven.plugin < plexus.core
[DEBUG]   Imported: org.apache.maven.profiles < plexus.core
[DEBUG]   Imported: org.apache.maven.project < plexus.core
[DEBUG]   Imported: org.apache.maven.reporting < plexus.core
[DEBUG]   Imported: org.apache.maven.repository < plexus.core
[DEBUG]   Imported: org.apache.maven.rtinfo < plexus.core
[DEBUG]   Imported: org.apache.maven.settings < plexus.core
[DEBUG]   Imported: org.apache.maven.toolchain < plexus.core
[DEBUG]   Imported: org.apache.maven.usability < plexus.core
[DEBUG]   Imported: org.apache.maven.wagon.* < plexus.core
[DEBUG]   Imported: org.apache.maven.wagon.authentication < plexus.core
[DEBUG]   Imported: org.apache.maven.wagon.authorization < plexus.core
[DEBUG]   Imported: org.apache.maven.wagon.events < plexus.core
[DEBUG]   Imported: org.apache.maven.wagon.observers < plexus.core
[DEBUG]   Imported: org.apache.maven.wagon.proxy < plexus.core
[DEBUG]   Imported: org.apache.maven.wagon.repository < plexus.core
[DEBUG]   Imported: org.apache.maven.wagon.resource < plexus.core
[DEBUG]   Imported: org.codehaus.classworlds < plexus.core
[DEBUG]   Imported: org.codehaus.plexus.* < plexus.core
[DEBUG]   Imported: org.codehaus.plexus.classworlds < plexus.core
[DEBUG]   Imported: org.codehaus.plexus.component < plexus.core
[DEBUG]   Imported: org.codehaus.plexus.configuration < plexus.core
[DEBUG]   Imported: org.codehaus.plexus.container < plexus.core
[DEBUG]   Imported: org.codehaus.plexus.context < plexus.core
[DEBUG]   Imported: org.codehaus.plexus.lifecycle < plexus.core
[DEBUG]   Imported: org.codehaus.plexus.logging < plexus.core
[DEBUG]   Imported: org.codehaus.plexus.personality < plexus.core
[DEBUG]   Imported: org.codehaus.plexus.util.xml.Xpp3Dom < plexus.core
[DEBUG]   Imported: org.codehaus.plexus.util.xml.pull.XmlPullParser < plexus.core
[DEBUG]   Imported: org.codehaus.plexus.util.xml.pull.XmlPullParserException < plexus.core
[DEBUG]   Imported: org.codehaus.plexus.util.xml.pull.XmlSerializer < plexus.core
[DEBUG]   Imported: org.eclipse.aether.* < plexus.core
[DEBUG]   Imported: org.eclipse.aether.artifact < plexus.core
[DEBUG]   Imported: org.eclipse.aether.collection < plexus.core
[DEBUG]   Imported: org.eclipse.aether.deployment < plexus.core
[DEBUG]   Imported: org.eclipse.aether.graph < plexus.core
[DEBUG]   Imported: org.eclipse.aether.impl < plexus.core
[DEBUG]   Imported: org.eclipse.aether.installation < plexus.core
[DEBUG]   Imported: org.eclipse.aether.internal.impl < plexus.core
[DEBUG]   Imported: org.eclipse.aether.metadata < plexus.core
[DEBUG]   Imported: org.eclipse.aether.repository < plexus.core
[DEBUG]   Imported: org.eclipse.aether.resolution < plexus.core
[DEBUG]   Imported: org.eclipse.aether.spi < plexus.core
[DEBUG]   Imported: org.eclipse.aether.transfer < plexus.core
[DEBUG]   Imported: org.eclipse.aether.version < plexus.core
[DEBUG]   Imported: org.slf4j.* < plexus.core
[DEBUG]   Imported: org.slf4j.helpers.* < plexus.core
[DEBUG]   Imported: org.slf4j.spi.* < plexus.core
[DEBUG] Populating class realm maven.api
[INFO] Error stacktraces are turned on.
[DEBUG] Reading global settings from /usr/share/maven/conf/settings.xml
[DEBUG] Reading user settings from /home/bedanglot/.m2/settings.xml
[DEBUG] Reading global toolchains from /usr/share/maven/conf/toolchains.xml
[DEBUG] Reading user toolchains from /home/bedanglot/.m2/toolchains.xml
[DEBUG] Using local repository at /home/bedanglot/.m2/repository
[DEBUG] Using manager EnhancedLocalRepositoryManager with priority 10.0 for /home/bedanglot/.m2/repository
[INFO] Scanning for projects...
[DEBUG] Extension realms for project commons-io:commons-io:jar:2.7-SNAPSHOT: (none)
[DEBUG] Looking up lifecyle mappings for packaging jar from ClassRealm[plexus.core, parent: null]
[DEBUG] Extension realms for project org.apache.commons:commons-parent:pom:43: (none)
[DEBUG] Looking up lifecyle mappings for packaging pom from ClassRealm[plexus.core, parent: null]
[DEBUG] Extension realms for project org.apache:apache:pom:18: (none)
[DEBUG] Looking up lifecyle mappings for packaging pom from ClassRealm[plexus.core, parent: null]
[DEBUG] === REACTOR BUILD PLAN ================================================
[DEBUG] Project: commons-io:commons-io:jar:2.7-SNAPSHOT
[DEBUG] Tasks:   [eu.stamp-project:dspot-maven:2.0.1-SNAPSHOT:amplify-unit-tests]
[DEBUG] Style:   Regular
[DEBUG] =======================================================================
[INFO]                                                                         
[INFO] ------------------------------------------------------------------------
[INFO] Building Apache Commons IO 2.7-SNAPSHOT
[INFO] ------------------------------------------------------------------------
[DEBUG] Lifecycle default -> [validate, initialize, generate-sources, process-sources, generate-resources, process-resources, compile, process-classes, generate-test-sources, process-test-sources, generate-test-resources, process-test-resources, test-compile, process-test-classes, test, prepare-package, package, pre-integration-test, integration-test, post-integration-test, verify, install, deploy]
[DEBUG] Lifecycle clean -> [pre-clean, clean, post-clean]
[DEBUG] Lifecycle site -> [pre-site, site, post-site, site-deploy]
[DEBUG] === PROJECT BUILD PLAN ================================================
[DEBUG] Project:       commons-io:commons-io:2.7-SNAPSHOT
[DEBUG] Dependencies (collect): []
[DEBUG] Dependencies (resolve): [test]
[DEBUG] Repositories (dependencies): [apache.snapshots (https://repository.apache.org/snapshots, default, snapshots), central (https://repo.maven.apache.org/maven2, default, releases)]
[DEBUG] Repositories (plugins)     : [central (https://repo.maven.apache.org/maven2, default, releases)]
[DEBUG] -----------------------------------------------------------------------
[DEBUG] Goal:          eu.stamp-project:dspot-maven:2.0.1-SNAPSHOT:amplify-unit-tests (default-cli)
[DEBUG] Style:         Regular
[DEBUG] Configuration: <?xml version="1.0" encoding="UTF-8"?>
<configuration>
  <amplifiers default-value="None">${amplifiers}</amplifiers>
  <automaticBuilder default-value="MavenBuilder">${automatic-builder}</automaticBuilder>
  <budgetizer default-value="RandomBudgetizer">${budgetizer}</budgetizer>
  <cases>${cases}</cases>
  <clean default-value="false">${clean}</clean>
  <descartes default-value="true">${descartes}</descartes>
  <example default-value="false">${example}</example>
  <generateNewTestClass default-value="false">${generate-new-test-class}</generateNewTestClass>
  <help default-value="false">${help}</help>
  <iteration default-value="3">${iteration}</iteration>
  <keepOriginalTestMethods default-value="false">${keep-original-test-methods}</keepOriginalTestMethods>
  <mavenHome>${maven-home}</mavenHome>
  <maxTestAmplified default-value="200">${max-test-amplified}</maxTestAmplified>
  <noMinimize default-value="false">${no-minimize}</noMinimize>
  <outputPath default-value="target/dspot/output">${output-path}</outputPath>
  <pathPitResult>${path-pit-result}</pathPitResult>
  <pathToProperties default-value="">${path-to-properties}</pathToProperties>
  <pathToSecondVersion default-value="">${path-to-second-version}</pathToSecondVersion>
  <pathToTestListCsv default-value="">${path-to-test-list-csv}</pathToTestListCsv>
  <project default-value="${project}"/>
  <randomSeed default-value="23">${randomSeed}</randomSeed>
  <targetOneTestClass default-value="false">${targetOneTestClass}</targetOneTestClass>
  <test default-value="all">${test}</test>
  <testCriterion default-value="PitMutantScoreSelector">${test-criterion}</testCriterion>
  <timeOut default-value="10000">${timeOut}</timeOut>
  <useMavenToExeTest default-value="false">${use-maven-to-exe-test}</useMavenToExeTest>
  <verbose default-value="false">${verbose}</verbose>
  <withComment default-value="false">${with-comment}</withComment>
  <workingDirectory default-value="false">${working-directory}</workingDirectory>
</configuration>
[DEBUG] =======================================================================
[DEBUG] Dependency collection stats: {ConflictMarker.analyzeTime=1, ConflictMarker.markTime=0, ConflictMarker.nodeCount=3, ConflictIdSorter.graphTime=0, ConflictIdSorter.topsortTime=1, ConflictIdSorter.conflictIdCount=2, ConflictIdSorter.conflictIdCycleCount=0, ConflictResolver.totalTime=2, ConflictResolver.conflictItemCount=2, DefaultDependencyCollector.collectTime=14, DefaultDependencyCollector.transformTime=6}
[DEBUG] commons-io:commons-io:jar:2.7-SNAPSHOT
[DEBUG]    junit:junit:jar:4.12:test
[DEBUG]       org.hamcrest:hamcrest-core:jar:1.3:test
[INFO] 
[INFO] --- dspot-maven:2.0.1-SNAPSHOT:amplify-unit-tests (default-cli) @ commons-io ---
[DEBUG] Skipped remote request for eu.stamp-project:dspot:2.0.1-SNAPSHOT/maven-metadata.xml, locally installed metadata up-to-date.
[DEBUG] Skipped remote request for eu.stamp-project:dspot:2.0.1-SNAPSHOT/maven-metadata.xml, locally installed metadata up-to-date.
[DEBUG] Skipped remote request for eu.stamp-project:dspot:2.0.1-SNAPSHOT/maven-metadata.xml, locally installed metadata up-to-date.
[DEBUG] Skipped remote request for eu.stamp-project:dspot:2.0.1-SNAPSHOT/maven-metadata.xml, locally installed metadata up-to-date.
[DEBUG] Could not find metadata org.eclipse.platform:org.eclipse.core.resources/maven-metadata.xml in local (/home/bedanglot/.m2/repository)
[DEBUG] Skipped remote request for org.eclipse.platform:org.eclipse.core.resources/maven-metadata.xml, locally cached metadata up-to-date.
[DEBUG] Failure to find org.eclipse.platform:org.eclipse.core.resources/maven-metadata.xml in https://repo.gradle.org/gradle/libs-releases-local/ was cached in the local repository, resolution will not be reattempted until the update interval of gradle-repo has elapsed or updates are forced
[DEBUG] Failure to find org.eclipse.platform:org.eclipse.core.resources/maven-metadata.xml in https://oss.sonatype.org/content/repositories/snapshots was cached in the local repository, resolution will not be reattempted until the update interval of sonatype-nexus-snapshots has elapsed or updates are forced
[DEBUG] Failure to find org.eclipse.platform:org.eclipse.core.resources/maven-metadata.xml in http://maven.inria.fr/artifactory/spoon-public-snapshot was cached in the local repository, resolution will not be reattempted until the update interval of maven.inria.fr-snapshot has elapsed or updates are forced
[DEBUG] Could not find metadata org.eclipse.platform:org.eclipse.core.expressions/maven-metadata.xml in local (/home/bedanglot/.m2/repository)
[DEBUG] Skipped remote request for org.eclipse.platform:org.eclipse.core.expressions/maven-metadata.xml, locally cached metadata up-to-date.
[DEBUG] Failure to find org.eclipse.platform:org.eclipse.core.expressions/maven-metadata.xml in https://repo.gradle.org/gradle/libs-releases-local/ was cached in the local repository, resolution will not be reattempted until the update interval of gradle-repo has elapsed or updates are forced
[DEBUG] Failure to find org.eclipse.platform:org.eclipse.core.expressions/maven-metadata.xml in https://oss.sonatype.org/content/repositories/snapshots was cached in the local repository, resolution will not be reattempted until the update interval of sonatype-nexus-snapshots has elapsed or updates are forced
[DEBUG] Failure to find org.eclipse.platform:org.eclipse.core.expressions/maven-metadata.xml in http://maven.inria.fr/artifactory/spoon-public-snapshot was cached in the local repository, resolution will not be reattempted until the update interval of maven.inria.fr-snapshot has elapsed or updates are forced
[DEBUG] Could not find metadata org.eclipse.platform:org.eclipse.core.runtime/maven-metadata.xml in local (/home/bedanglot/.m2/repository)
[DEBUG] Skipped remote request for org.eclipse.platform:org.eclipse.core.runtime/maven-metadata.xml, locally cached metadata up-to-date.
[DEBUG] Failure to find org.eclipse.platform:org.eclipse.core.runtime/maven-metadata.xml in https://repo.gradle.org/gradle/libs-releases-local/ was cached in the local repository, resolution will not be reattempted until the update interval of gradle-repo has elapsed or updates are forced
[DEBUG] Failure to find org.eclipse.platform:org.eclipse.core.runtime/maven-metadata.xml in https://oss.sonatype.org/content/repositories/snapshots was cached in the local repository, resolution will not be reattempted until the update interval of sonatype-nexus-snapshots has elapsed or updates are forced
[DEBUG] Failure to find org.eclipse.platform:org.eclipse.core.runtime/maven-metadata.xml in http://maven.inria.fr/artifactory/spoon-public-snapshot was cached in the local repository, resolution will not be reattempted until the update interval of maven.inria.fr-snapshot has elapsed or updates are forced
[DEBUG] Could not find metadata org.eclipse.platform:org.eclipse.osgi/maven-metadata.xml in local (/home/bedanglot/.m2/repository)
[DEBUG] Skipped remote request for org.eclipse.platform:org.eclipse.osgi/maven-metadata.xml, locally cached metadata up-to-date.
[DEBUG] Failure to find org.eclipse.platform:org.eclipse.osgi/maven-metadata.xml in https://repo.gradle.org/gradle/libs-releases-local/ was cached in the local repository, resolution will not be reattempted until the update interval of gradle-repo has elapsed or updates are forced
[DEBUG] Failure to find org.eclipse.platform:org.eclipse.osgi/maven-metadata.xml in https://oss.sonatype.org/content/repositories/snapshots was cached in the local repository, resolution will not be reattempted until the update interval of sonatype-nexus-snapshots has elapsed or updates are forced
[DEBUG] Failure to find org.eclipse.platform:org.eclipse.osgi/maven-metadata.xml in http://maven.inria.fr/artifactory/spoon-public-snapshot was cached in the local repository, resolution will not be reattempted until the update interval of maven.inria.fr-snapshot has elapsed or updates are forced
[DEBUG] Could not find metadata org.eclipse.platform:org.eclipse.equinox.common/maven-metadata.xml in local (/home/bedanglot/.m2/repository)
[DEBUG] Skipped remote request for org.eclipse.platform:org.eclipse.equinox.common/maven-metadata.xml, locally cached metadata up-to-date.
[DEBUG] Failure to find org.eclipse.platform:org.eclipse.equinox.common/maven-metadata.xml in https://repo.gradle.org/gradle/libs-releases-local/ was cached in the local repository, resolution will not be reattempted until the update interval of gradle-repo has elapsed or updates are forced
[DEBUG] Failure to find org.eclipse.platform:org.eclipse.equinox.common/maven-metadata.xml in https://oss.sonatype.org/content/repositories/snapshots was cached in the local repository, resolution will not be reattempted until the update interval of sonatype-nexus-snapshots has elapsed or updates are forced
[DEBUG] Failure to find org.eclipse.platform:org.eclipse.equinox.common/maven-metadata.xml in http://maven.inria.fr/artifactory/spoon-public-snapshot was cached in the local repository, resolution will not be reattempted until the update interval of maven.inria.fr-snapshot has elapsed or updates are forced
[DEBUG] Could not find metadata org.eclipse.platform:org.eclipse.core.jobs/maven-metadata.xml in local (/home/bedanglot/.m2/repository)
[DEBUG] Skipped remote request for org.eclipse.platform:org.eclipse.core.jobs/maven-metadata.xml, locally cached metadata up-to-date.
[DEBUG] Failure to find org.eclipse.platform:org.eclipse.core.jobs/maven-metadata.xml in https://repo.gradle.org/gradle/libs-releases-local/ was cached in the local repository, resolution will not be reattempted until the update interval of gradle-repo has elapsed or updates are forced
[DEBUG] Failure to find org.eclipse.platform:org.eclipse.core.jobs/maven-metadata.xml in https://oss.sonatype.org/content/repositories/snapshots was cached in the local repository, resolution will not be reattempted until the update interval of sonatype-nexus-snapshots has elapsed or updates are forced
[DEBUG] Failure to find org.eclipse.platform:org.eclipse.core.jobs/maven-metadata.xml in http://maven.inria.fr/artifactory/spoon-public-snapshot was cached in the local repository, resolution will not be reattempted until the update interval of maven.inria.fr-snapshot has elapsed or updates are forced
[DEBUG] Could not find metadata org.eclipse.platform:org.eclipse.equinox.registry/maven-metadata.xml in local (/home/bedanglot/.m2/repository)
[DEBUG] Skipped remote request for org.eclipse.platform:org.eclipse.equinox.registry/maven-metadata.xml, locally cached metadata up-to-date.
[DEBUG] Failure to find org.eclipse.platform:org.eclipse.equinox.registry/maven-metadata.xml in https://repo.gradle.org/gradle/libs-releases-local/ was cached in the local repository, resolution will not be reattempted until the update interval of gradle-repo has elapsed or updates are forced
[DEBUG] Failure to find org.eclipse.platform:org.eclipse.equinox.registry/maven-metadata.xml in https://oss.sonatype.org/content/repositories/snapshots was cached in the local repository, resolution will not be reattempted until the update interval of sonatype-nexus-snapshots has elapsed or updates are forced
[DEBUG] Failure to find org.eclipse.platform:org.eclipse.equinox.registry/maven-metadata.xml in http://maven.inria.fr/artifactory/spoon-public-snapshot was cached in the local repository, resolution will not be reattempted until the update interval of maven.inria.fr-snapshot has elapsed or updates are forced
[DEBUG] Could not find metadata org.eclipse.platform:org.eclipse.equinox.common/maven-metadata.xml in local (/home/bedanglot/.m2/repository)
[DEBUG] Skipped remote request for org.eclipse.platform:org.eclipse.equinox.common/maven-metadata.xml, locally cached metadata up-to-date.
[DEBUG] Failure to find org.eclipse.platform:org.eclipse.equinox.common/maven-metadata.xml in https://repo.gradle.org/gradle/libs-releases-local/ was cached in the local repository, resolution will not be reattempted until the update interval of gradle-repo has elapsed or updates are forced
[DEBUG] Failure to find org.eclipse.platform:org.eclipse.equinox.common/maven-metadata.xml in https://oss.sonatype.org/content/repositories/snapshots was cached in the local repository, resolution will not be reattempted until the update interval of sonatype-nexus-snapshots has elapsed or updates are forced
[DEBUG] Failure to find org.eclipse.platform:org.eclipse.equinox.common/maven-metadata.xml in http://maven.inria.fr/artifactory/spoon-public-snapshot was cached in the local repository, resolution will not be reattempted until the update interval of maven.inria.fr-snapshot has elapsed or updates are forced
[DEBUG] Could not find metadata org.eclipse.platform:org.eclipse.equinox.preferences/maven-metadata.xml in local (/home/bedanglot/.m2/repository)
[DEBUG] Skipped remote request for org.eclipse.platform:org.eclipse.equinox.preferences/maven-metadata.xml, locally cached metadata up-to-date.
[DEBUG] Failure to find org.eclipse.platform:org.eclipse.equinox.preferences/maven-metadata.xml in https://repo.gradle.org/gradle/libs-releases-local/ was cached in the local repository, resolution will not be reattempted until the update interval of gradle-repo has elapsed or updates are forced
[DEBUG] Failure to find org.eclipse.platform:org.eclipse.equinox.preferences/maven-metadata.xml in https://oss.sonatype.org/content/repositories/snapshots was cached in the local repository, resolution will not be reattempted until the update interval of sonatype-nexus-snapshots has elapsed or updates are forced
[DEBUG] Failure to find org.eclipse.platform:org.eclipse.equinox.preferences/maven-metadata.xml in http://maven.inria.fr/artifactory/spoon-public-snapshot was cached in the local repository, resolution will not be reattempted until the update interval of maven.inria.fr-snapshot has elapsed or updates are forced
[DEBUG] Could not find metadata org.eclipse.platform:org.eclipse.equinox.common/maven-metadata.xml in local (/home/bedanglot/.m2/repository)
[DEBUG] Skipped remote request for org.eclipse.platform:org.eclipse.equinox.common/maven-metadata.xml, locally cached metadata up-to-date.
[DEBUG] Failure to find org.eclipse.platform:org.eclipse.equinox.common/maven-metadata.xml in https://repo.gradle.org/gradle/libs-releases-local/ was cached in the local repository, resolution will not be reattempted until the update interval of gradle-repo has elapsed or updates are forced
[DEBUG] Failure to find org.eclipse.platform:org.eclipse.equinox.common/maven-metadata.xml in https://oss.sonatype.org/content/repositories/snapshots was cached in the local repository, resolution will not be reattempted until the update interval of sonatype-nexus-snapshots has elapsed or updates are forced
[DEBUG] Failure to find org.eclipse.platform:org.eclipse.equinox.common/maven-metadata.xml in http://maven.inria.fr/artifactory/spoon-public-snapshot was cached in the local repository, resolution will not be reattempted until the update interval of maven.inria.fr-snapshot has elapsed or updates are forced
[DEBUG] Could not find metadata org.eclipse.platform:org.eclipse.core.contenttype/maven-metadata.xml in local (/home/bedanglot/.m2/repository)
[DEBUG] Skipped remote request for org.eclipse.platform:org.eclipse.core.contenttype/maven-metadata.xml, locally cached metadata up-to-date.
[DEBUG] Failure to find org.eclipse.platform:org.eclipse.core.contenttype/maven-metadata.xml in https://repo.gradle.org/gradle/libs-releases-local/ was cached in the local repository, resolution will not be reattempted until the update interval of gradle-repo has elapsed or updates are forced
[DEBUG] Failure to find org.eclipse.platform:org.eclipse.core.contenttype/maven-metadata.xml in https://oss.sonatype.org/content/repositories/snapshots was cached in the local repository, resolution will not be reattempted until the update interval of sonatype-nexus-snapshots has elapsed or updates are forced
[DEBUG] Failure to find org.eclipse.platform:org.eclipse.core.contenttype/maven-metadata.xml in http://maven.inria.fr/artifactory/spoon-public-snapshot was cached in the local repository, resolution will not be reattempted until the update interval of maven.inria.fr-snapshot has elapsed or updates are forced
[DEBUG] Could not find metadata org.eclipse.platform:org.eclipse.equinox.preferences/maven-metadata.xml in local (/home/bedanglot/.m2/repository)
[DEBUG] Skipped remote request for org.eclipse.platform:org.eclipse.equinox.preferences/maven-metadata.xml, locally cached metadata up-to-date.
[DEBUG] Failure to find org.eclipse.platform:org.eclipse.equinox.preferences/maven-metadata.xml in https://repo.gradle.org/gradle/libs-releases-local/ was cached in the local repository, resolution will not be reattempted until the update interval of gradle-repo has elapsed or updates are forced
[DEBUG] Failure to find org.eclipse.platform:org.eclipse.equinox.preferences/maven-metadata.xml in https://oss.sonatype.org/content/repositories/snapshots was cached in the local repository, resolution will not be reattempted until the update interval of sonatype-nexus-snapshots has elapsed or updates are forced
[DEBUG] Failure to find org.eclipse.platform:org.eclipse.equinox.preferences/maven-metadata.xml in http://maven.inria.fr/artifactory/spoon-public-snapshot was cached in the local repository, resolution will not be reattempted until the update interval of maven.inria.fr-snapshot has elapsed or updates are forced
[DEBUG] Could not find metadata org.eclipse.platform:org.eclipse.equinox.registry/maven-metadata.xml in local (/home/bedanglot/.m2/repository)
[DEBUG] Skipped remote request for org.eclipse.platform:org.eclipse.equinox.registry/maven-metadata.xml, locally cached metadata up-to-date.
[DEBUG] Failure to find org.eclipse.platform:org.eclipse.equinox.registry/maven-metadata.xml in https://repo.gradle.org/gradle/libs-releases-local/ was cached in the local repository, resolution will not be reattempted until the update interval of gradle-repo has elapsed or updates are forced
[DEBUG] Failure to find org.eclipse.platform:org.eclipse.equinox.registry/maven-metadata.xml in https://oss.sonatype.org/content/repositories/snapshots was cached in the local repository, resolution will not be reattempted until the update interval of sonatype-nexus-snapshots has elapsed or updates are forced
[DEBUG] Failure to find org.eclipse.platform:org.eclipse.equinox.registry/maven-metadata.xml in http://maven.inria.fr/artifactory/spoon-public-snapshot was cached in the local repository, resolution will not be reattempted until the update interval of maven.inria.fr-snapshot has elapsed or updates are forced
[DEBUG] Could not find metadata org.eclipse.platform:org.eclipse.equinox.app/maven-metadata.xml in local (/home/bedanglot/.m2/repository)
[DEBUG] Skipped remote request for org.eclipse.platform:org.eclipse.equinox.app/maven-metadata.xml, locally cached metadata up-to-date.
[DEBUG] Failure to find org.eclipse.platform:org.eclipse.equinox.app/maven-metadata.xml in https://repo.gradle.org/gradle/libs-releases-local/ was cached in the local repository, resolution will not be reattempted until the update interval of gradle-repo has elapsed or updates are forced
[DEBUG] Failure to find org.eclipse.platform:org.eclipse.equinox.app/maven-metadata.xml in https://oss.sonatype.org/content/repositories/snapshots was cached in the local repository, resolution will not be reattempted until the update interval of sonatype-nexus-snapshots has elapsed or updates are forced
[DEBUG] Failure to find org.eclipse.platform:org.eclipse.equinox.app/maven-metadata.xml in http://maven.inria.fr/artifactory/spoon-public-snapshot was cached in the local repository, resolution will not be reattempted until the update interval of maven.inria.fr-snapshot has elapsed or updates are forced
[DEBUG] Could not find metadata org.eclipse.platform:org.eclipse.equinox.registry/maven-metadata.xml in local (/home/bedanglot/.m2/repository)
[DEBUG] Skipped remote request for org.eclipse.platform:org.eclipse.equinox.registry/maven-metadata.xml, locally cached metadata up-to-date.
[DEBUG] Failure to find org.eclipse.platform:org.eclipse.equinox.registry/maven-metadata.xml in https://repo.gradle.org/gradle/libs-releases-local/ was cached in the local repository, resolution will not be reattempted until the update interval of gradle-repo has elapsed or updates are forced
[DEBUG] Failure to find org.eclipse.platform:org.eclipse.equinox.registry/maven-metadata.xml in https://oss.sonatype.org/content/repositories/snapshots was cached in the local repository, resolution will not be reattempted until the update interval of sonatype-nexus-snapshots has elapsed or updates are forced
[DEBUG] Failure to find org.eclipse.platform:org.eclipse.equinox.registry/maven-metadata.xml in http://maven.inria.fr/artifactory/spoon-public-snapshot was cached in the local repository, resolution will not be reattempted until the update interval of maven.inria.fr-snapshot has elapsed or updates are forced
[DEBUG] Could not find metadata org.eclipse.platform:org.eclipse.osgi/maven-metadata.xml in local (/home/bedanglot/.m2/repository)
[DEBUG] Skipped remote request for org.eclipse.platform:org.eclipse.osgi/maven-metadata.xml, locally cached metadata up-to-date.
[DEBUG] Failure to find org.eclipse.platform:org.eclipse.osgi/maven-metadata.xml in https://repo.gradle.org/gradle/libs-releases-local/ was cached in the local repository, resolution will not be reattempted until the update interval of gradle-repo has elapsed or updates are forced
[DEBUG] Failure to find org.eclipse.platform:org.eclipse.osgi/maven-metadata.xml in https://oss.sonatype.org/content/repositories/snapshots was cached in the local repository, resolution will not be reattempted until the update interval of sonatype-nexus-snapshots has elapsed or updates are forced
[DEBUG] Failure to find org.eclipse.platform:org.eclipse.osgi/maven-metadata.xml in http://maven.inria.fr/artifactory/spoon-public-snapshot was cached in the local repository, resolution will not be reattempted until the update interval of maven.inria.fr-snapshot has elapsed or updates are forced
[DEBUG] Could not find metadata org.eclipse.platform:org.eclipse.equinox.common/maven-metadata.xml in local (/home/bedanglot/.m2/repository)
[DEBUG] Skipped remote request for org.eclipse.platform:org.eclipse.equinox.common/maven-metadata.xml, locally cached metadata up-to-date.
[DEBUG] Failure to find org.eclipse.platform:org.eclipse.equinox.common/maven-metadata.xml in https://repo.gradle.org/gradle/libs-releases-local/ was cached in the local repository, resolution will not be reattempted until the update interval of gradle-repo has elapsed or updates are forced
[DEBUG] Failure to find org.eclipse.platform:org.eclipse.equinox.common/maven-metadata.xml in https://oss.sonatype.org/content/repositories/snapshots was cached in the local repository, resolution will not be reattempted until the update interval of sonatype-nexus-snapshots has elapsed or updates are forced
[DEBUG] Failure to find org.eclipse.platform:org.eclipse.equinox.common/maven-metadata.xml in http://maven.inria.fr/artifactory/spoon-public-snapshot was cached in the local repository, resolution will not be reattempted until the update interval of maven.inria.fr-snapshot has elapsed or updates are forced
[DEBUG] Could not find metadata org.eclipse.platform:org.eclipse.core.jobs/maven-metadata.xml in local (/home/bedanglot/.m2/repository)
[DEBUG] Skipped remote request for org.eclipse.platform:org.eclipse.core.jobs/maven-metadata.xml, locally cached metadata up-to-date.
[DEBUG] Failure to find org.eclipse.platform:org.eclipse.core.jobs/maven-metadata.xml in https://repo.gradle.org/gradle/libs-releases-local/ was cached in the local repository, resolution will not be reattempted until the update interval of gradle-repo has elapsed or updates are forced
[DEBUG] Failure to find org.eclipse.platform:org.eclipse.core.jobs/maven-metadata.xml in https://oss.sonatype.org/content/repositories/snapshots was cached in the local repository, resolution will not be reattempted until the update interval of sonatype-nexus-snapshots has elapsed or updates are forced
[DEBUG] Failure to find org.eclipse.platform:org.eclipse.core.jobs/maven-metadata.xml in http://maven.inria.fr/artifactory/spoon-public-snapshot was cached in the local repository, resolution will not be reattempted until the update interval of maven.inria.fr-snapshot has elapsed or updates are forced
[DEBUG] Could not find metadata org.eclipse.platform:org.eclipse.equinox.preferences/maven-metadata.xml in local (/home/bedanglot/.m2/repository)
[DEBUG] Skipped remote request for org.eclipse.platform:org.eclipse.equinox.preferences/maven-metadata.xml, locally cached metadata up-to-date.
[DEBUG] Failure to find org.eclipse.platform:org.eclipse.equinox.preferences/maven-metadata.xml in https://repo.gradle.org/gradle/libs-releases-local/ was cached in the local repository, resolution will not be reattempted until the update interval of gradle-repo has elapsed or updates are forced
[DEBUG] Failure to find org.eclipse.platform:org.eclipse.equinox.preferences/maven-metadata.xml in https://oss.sonatype.org/content/repositories/snapshots was cached in the local repository, resolution will not be reattempted until the update interval of sonatype-nexus-snapshots has elapsed or updates are forced
[DEBUG] Failure to find org.eclipse.platform:org.eclipse.equinox.preferences/maven-metadata.xml in http://maven.inria.fr/artifactory/spoon-public-snapshot was cached in the local repository, resolution will not be reattempted until the update interval of maven.inria.fr-snapshot has elapsed or updates are forced
[DEBUG] Could not find metadata org.eclipse.platform:org.eclipse.core.contenttype/maven-metadata.xml in local (/home/bedanglot/.m2/repository)
[DEBUG] Skipped remote request for org.eclipse.platform:org.eclipse.core.contenttype/maven-metadata.xml, locally cached metadata up-to-date.
[DEBUG] Failure to find org.eclipse.platform:org.eclipse.core.contenttype/maven-metadata.xml in https://repo.gradle.org/gradle/libs-releases-local/ was cached in the local repository, resolution will not be reattempted until the update interval of gradle-repo has elapsed or updates are forced
[DEBUG] Failure to find org.eclipse.platform:org.eclipse.core.contenttype/maven-metadata.xml in https://oss.sonatype.org/content/repositories/snapshots was cached in the local repository, resolution will not be reattempted until the update interval of sonatype-nexus-snapshots has elapsed or updates are forced
[DEBUG] Failure to find org.eclipse.platform:org.eclipse.core.contenttype/maven-metadata.xml in http://maven.inria.fr/artifactory/spoon-public-snapshot was cached in the local repository, resolution will not be reattempted until the update interval of maven.inria.fr-snapshot has elapsed or updates are forced
[DEBUG] Could not find metadata org.eclipse.platform:org.eclipse.equinox.app/maven-metadata.xml in local (/home/bedanglot/.m2/repository)
[DEBUG] Skipped remote request for org.eclipse.platform:org.eclipse.equinox.app/maven-metadata.xml, locally cached metadata up-to-date.
[DEBUG] Failure to find org.eclipse.platform:org.eclipse.equinox.app/maven-metadata.xml in https://repo.gradle.org/gradle/libs-releases-local/ was cached in the local repository, resolution will not be reattempted until the update interval of gradle-repo has elapsed or updates are forced
[DEBUG] Failure to find org.eclipse.platform:org.eclipse.equinox.app/maven-metadata.xml in https://oss.sonatype.org/content/repositories/snapshots was cached in the local repository, resolution will not be reattempted until the update interval of sonatype-nexus-snapshots has elapsed or updates are forced
[DEBUG] Failure to find org.eclipse.platform:org.eclipse.equinox.app/maven-metadata.xml in http://maven.inria.fr/artifactory/spoon-public-snapshot was cached in the local repository, resolution will not be reattempted until the update interval of maven.inria.fr-snapshot has elapsed or updates are forced
[DEBUG] Could not find metadata org.eclipse.platform:org.eclipse.core.filesystem/maven-metadata.xml in local (/home/bedanglot/.m2/repository)
[DEBUG] Skipped remote request for org.eclipse.platform:org.eclipse.core.filesystem/maven-metadata.xml, locally cached metadata up-to-date.
[DEBUG] Failure to find org.eclipse.platform:org.eclipse.core.filesystem/maven-metadata.xml in https://repo.gradle.org/gradle/libs-releases-local/ was cached in the local repository, resolution will not be reattempted until the update interval of gradle-repo has elapsed or updates are forced
[DEBUG] Failure to find org.eclipse.platform:org.eclipse.core.filesystem/maven-metadata.xml in https://oss.sonatype.org/content/repositories/snapshots was cached in the local repository, resolution will not be reattempted until the update interval of sonatype-nexus-snapshots has elapsed or updates are forced
[DEBUG] Failure to find org.eclipse.platform:org.eclipse.core.filesystem/maven-metadata.xml in http://maven.inria.fr/artifactory/spoon-public-snapshot was cached in the local repository, resolution will not be reattempted until the update interval of maven.inria.fr-snapshot has elapsed or updates are forced
[DEBUG] Could not find metadata org.eclipse.platform:org.eclipse.osgi/maven-metadata.xml in local (/home/bedanglot/.m2/repository)
[DEBUG] Skipped remote request for org.eclipse.platform:org.eclipse.osgi/maven-metadata.xml, locally cached metadata up-to-date.
[DEBUG] Failure to find org.eclipse.platform:org.eclipse.osgi/maven-metadata.xml in https://repo.gradle.org/gradle/libs-releases-local/ was cached in the local repository, resolution will not be reattempted until the update interval of gradle-repo has elapsed or updates are forced
[DEBUG] Failure to find org.eclipse.platform:org.eclipse.osgi/maven-metadata.xml in https://oss.sonatype.org/content/repositories/snapshots was cached in the local repository, resolution will not be reattempted until the update interval of sonatype-nexus-snapshots has elapsed or updates are forced
[DEBUG] Failure to find org.eclipse.platform:org.eclipse.osgi/maven-metadata.xml in http://maven.inria.fr/artifactory/spoon-public-snapshot was cached in the local repository, resolution will not be reattempted until the update interval of maven.inria.fr-snapshot has elapsed or updates are forced
[DEBUG] Could not find metadata org.eclipse.platform:org.eclipse.core.runtime/maven-metadata.xml in local (/home/bedanglot/.m2/repository)
[DEBUG] Skipped remote request for org.eclipse.platform:org.eclipse.core.runtime/maven-metadata.xml, locally cached metadata up-to-date.
[DEBUG] Failure to find org.eclipse.platform:org.eclipse.core.runtime/maven-metadata.xml in https://repo.gradle.org/gradle/libs-releases-local/ was cached in the local repository, resolution will not be reattempted until the update interval of gradle-repo has elapsed or updates are forced
[DEBUG] Failure to find org.eclipse.platform:org.eclipse.core.runtime/maven-metadata.xml in https://oss.sonatype.org/content/repositories/snapshots was cached in the local repository, resolution will not be reattempted until the update interval of sonatype-nexus-snapshots has elapsed or updates are forced
[DEBUG] Failure to find org.eclipse.platform:org.eclipse.core.runtime/maven-metadata.xml in http://maven.inria.fr/artifactory/spoon-public-snapshot was cached in the local repository, resolution will not be reattempted until the update interval of maven.inria.fr-snapshot has elapsed or updates are forced
[DEBUG] Could not find metadata org.eclipse.platform:org.eclipse.core.runtime/maven-metadata.xml in local (/home/bedanglot/.m2/repository)
[DEBUG] Skipped remote request for org.eclipse.platform:org.eclipse.core.runtime/maven-metadata.xml, locally cached metadata up-to-date.
[DEBUG] Failure to find org.eclipse.platform:org.eclipse.core.runtime/maven-metadata.xml in https://repo.gradle.org/gradle/libs-releases-local/ was cached in the local repository, resolution will not be reattempted until the update interval of gradle-repo has elapsed or updates are forced
[DEBUG] Failure to find org.eclipse.platform:org.eclipse.core.runtime/maven-metadata.xml in https://oss.sonatype.org/content/repositories/snapshots was cached in the local repository, resolution will not be reattempted until the update interval of sonatype-nexus-snapshots has elapsed or updates are forced
[DEBUG] Failure to find org.eclipse.platform:org.eclipse.core.runtime/maven-metadata.xml in http://maven.inria.fr/artifactory/spoon-public-snapshot was cached in the local repository, resolution will not be reattempted until the update interval of maven.inria.fr-snapshot has elapsed or updates are forced
[DEBUG] Could not find metadata org.eclipse.platform:org.eclipse.core.filesystem/maven-metadata.xml in local (/home/bedanglot/.m2/repository)
[DEBUG] Skipped remote request for org.eclipse.platform:org.eclipse.core.filesystem/maven-metadata.xml, locally cached metadata up-to-date.
[DEBUG] Failure to find org.eclipse.platform:org.eclipse.core.filesystem/maven-metadata.xml in https://repo.gradle.org/gradle/libs-releases-local/ was cached in the local repository, resolution will not be reattempted until the update interval of gradle-repo has elapsed or updates are forced
[DEBUG] Failure to find org.eclipse.platform:org.eclipse.core.filesystem/maven-metadata.xml in https://oss.sonatype.org/content/repositories/snapshots was cached in the local repository, resolution will not be reattempted until the update interval of sonatype-nexus-snapshots has elapsed or updates are forced
[DEBUG] Failure to find org.eclipse.platform:org.eclipse.core.filesystem/maven-metadata.xml in http://maven.inria.fr/artifactory/spoon-public-snapshot was cached in the local repository, resolution will not be reattempted until the update interval of maven.inria.fr-snapshot has elapsed or updates are forced
[DEBUG] Could not find metadata org.eclipse.platform:org.eclipse.text/maven-metadata.xml in local (/home/bedanglot/.m2/repository)
[DEBUG] Skipped remote request for org.eclipse.platform:org.eclipse.text/maven-metadata.xml, locally cached metadata up-to-date.
[DEBUG] Failure to find org.eclipse.platform:org.eclipse.text/maven-metadata.xml in https://repo.gradle.org/gradle/libs-releases-local/ was cached in the local repository, resolution will not be reattempted until the update interval of gradle-repo has elapsed or updates are forced
[DEBUG] Failure to find org.eclipse.platform:org.eclipse.text/maven-metadata.xml in https://oss.sonatype.org/content/repositories/snapshots was cached in the local repository, resolution will not be reattempted until the update interval of sonatype-nexus-snapshots has elapsed or updates are forced
[DEBUG] Failure to find org.eclipse.platform:org.eclipse.text/maven-metadata.xml in http://maven.inria.fr/artifactory/spoon-public-snapshot was cached in the local repository, resolution will not be reattempted until the update interval of maven.inria.fr-snapshot has elapsed or updates are forced
[DEBUG] Could not find metadata org.eclipse.platform:org.eclipse.core.commands/maven-metadata.xml in local (/home/bedanglot/.m2/repository)
[DEBUG] Skipped remote request for org.eclipse.platform:org.eclipse.core.commands/maven-metadata.xml, locally cached metadata up-to-date.
[DEBUG] Failure to find org.eclipse.platform:org.eclipse.core.commands/maven-metadata.xml in https://repo.gradle.org/gradle/libs-releases-local/ was cached in the local repository, resolution will not be reattempted until the update interval of gradle-repo has elapsed or updates are forced
[DEBUG] Failure to find org.eclipse.platform:org.eclipse.core.commands/maven-metadata.xml in https://oss.sonatype.org/content/repositories/snapshots was cached in the local repository, resolution will not be reattempted until the update interval of sonatype-nexus-snapshots has elapsed or updates are forced
[DEBUG] Failure to find org.eclipse.platform:org.eclipse.core.commands/maven-metadata.xml in http://maven.inria.fr/artifactory/spoon-public-snapshot was cached in the local repository, resolution will not be reattempted until the update interval of maven.inria.fr-snapshot has elapsed or updates are forced
[DEBUG] Could not find metadata org.eclipse.platform:org.eclipse.equinox.common/maven-metadata.xml in local (/home/bedanglot/.m2/repository)
[DEBUG] Skipped remote request for org.eclipse.platform:org.eclipse.equinox.common/maven-metadata.xml, locally cached metadata up-to-date.
[DEBUG] Failure to find org.eclipse.platform:org.eclipse.equinox.common/maven-metadata.xml in https://repo.gradle.org/gradle/libs-releases-local/ was cached in the local repository, resolution will not be reattempted until the update interval of gradle-repo has elapsed or updates are forced
[DEBUG] Failure to find org.eclipse.platform:org.eclipse.equinox.common/maven-metadata.xml in https://oss.sonatype.org/content/repositories/snapshots was cached in the local repository, resolution will not be reattempted until the update interval of sonatype-nexus-snapshots has elapsed or updates are forced
[DEBUG] Failure to find org.eclipse.platform:org.eclipse.equinox.common/maven-metadata.xml in http://maven.inria.fr/artifactory/spoon-public-snapshot was cached in the local repository, resolution will not be reattempted until the update interval of maven.inria.fr-snapshot has elapsed or updates are forced
[DEBUG] Could not find metadata org.eclipse.platform:org.eclipse.core.runtime/maven-metadata.xml in local (/home/bedanglot/.m2/repository)
[DEBUG] Skipped remote request for org.eclipse.platform:org.eclipse.core.runtime/maven-metadata.xml, locally cached metadata up-to-date.
[DEBUG] Failure to find org.eclipse.platform:org.eclipse.core.runtime/maven-metadata.xml in https://repo.gradle.org/gradle/libs-releases-local/ was cached in the local repository, resolution will not be reattempted until the update interval of gradle-repo has elapsed or updates are forced
[DEBUG] Failure to find org.eclipse.platform:org.eclipse.core.runtime/maven-metadata.xml in https://oss.sonatype.org/content/repositories/snapshots was cached in the local repository, resolution will not be reattempted until the update interval of sonatype-nexus-snapshots has elapsed or updates are forced
[DEBUG] Failure to find org.eclipse.platform:org.eclipse.core.runtime/maven-metadata.xml in http://maven.inria.fr/artifactory/spoon-public-snapshot was cached in the local repository, resolution will not be reattempted until the update interval of maven.inria.fr-snapshot has elapsed or updates are forced
[DEBUG] Could not find metadata org.eclipse.platform:org.eclipse.core.resources/maven-metadata.xml in local (/home/bedanglot/.m2/repository)
[DEBUG] Skipped remote request for org.eclipse.platform:org.eclipse.core.resources/maven-metadata.xml, locally cached metadata up-to-date.
[DEBUG] Failure to find org.eclipse.platform:org.eclipse.core.resources/maven-metadata.xml in https://repo.gradle.org/gradle/libs-releases-local/ was cached in the local repository, resolution will not be reattempted until the update interval of gradle-repo has elapsed or updates are forced
[DEBUG] Failure to find org.eclipse.platform:org.eclipse.core.resources/maven-metadata.xml in https://oss.sonatype.org/content/repositories/snapshots was cached in the local repository, resolution will not be reattempted until the update interval of sonatype-nexus-snapshots has elapsed or updates are forced
[DEBUG] Failure to find org.eclipse.platform:org.eclipse.core.resources/maven-metadata.xml in http://maven.inria.fr/artifactory/spoon-public-snapshot was cached in the local repository, resolution will not be reattempted until the update interval of maven.inria.fr-snapshot has elapsed or updates are forced
[DEBUG] Failure to find org.eclipse.platform:org.eclipse.core.resources/maven-metadata.xml in http://maven.inria.fr/artifactory/spoon-public-snapshot/ was cached in the local repository, resolution will not be reattempted until the update interval of gforge.inria.fr-release has elapsed or updates are forced
[DEBUG] Could not find metadata org.eclipse.platform:org.eclipse.core.expressions/maven-metadata.xml in local (/home/bedanglot/.m2/repository)
[DEBUG] Skipped remote request for org.eclipse.platform:org.eclipse.core.expressions/maven-metadata.xml, locally cached metadata up-to-date.
[DEBUG] Failure to find org.eclipse.platform:org.eclipse.core.expressions/maven-metadata.xml in https://repo.gradle.org/gradle/libs-releases-local/ was cached in the local repository, resolution will not be reattempted until the update interval of gradle-repo has elapsed or updates are forced
[DEBUG] Failure to find org.eclipse.platform:org.eclipse.core.expressions/maven-metadata.xml in https://oss.sonatype.org/content/repositories/snapshots was cached in the local repository, resolution will not be reattempted until the update interval of sonatype-nexus-snapshots has elapsed or updates are forced
[DEBUG] Failure to find org.eclipse.platform:org.eclipse.core.expressions/maven-metadata.xml in http://maven.inria.fr/artifactory/spoon-public-snapshot was cached in the local repository, resolution will not be reattempted until the update interval of maven.inria.fr-snapshot has elapsed or updates are forced
[DEBUG] Failure to find org.eclipse.platform:org.eclipse.core.expressions/maven-metadata.xml in http://maven.inria.fr/artifactory/spoon-public-snapshot/ was cached in the local repository, resolution will not be reattempted until the update interval of gforge.inria.fr-release has elapsed or updates are forced
[DEBUG] Could not find metadata org.eclipse.platform:org.eclipse.core.runtime/maven-metadata.xml in local (/home/bedanglot/.m2/repository)
[DEBUG] Skipped remote request for org.eclipse.platform:org.eclipse.core.runtime/maven-metadata.xml, locally cached metadata up-to-date.
[DEBUG] Failure to find org.eclipse.platform:org.eclipse.core.runtime/maven-metadata.xml in https://repo.gradle.org/gradle/libs-releases-local/ was cached in the local repository, resolution will not be reattempted until the update interval of gradle-repo has elapsed or updates are forced
[DEBUG] Failure to find org.eclipse.platform:org.eclipse.core.runtime/maven-metadata.xml in https://oss.sonatype.org/content/repositories/snapshots was cached in the local repository, resolution will not be reattempted until the update interval of sonatype-nexus-snapshots has elapsed or updates are forced
[DEBUG] Failure to find org.eclipse.platform:org.eclipse.core.runtime/maven-metadata.xml in http://maven.inria.fr/artifactory/spoon-public-snapshot was cached in the local repository, resolution will not be reattempted until the update interval of maven.inria.fr-snapshot has elapsed or updates are forced
[DEBUG] Failure to find org.eclipse.platform:org.eclipse.core.runtime/maven-metadata.xml in http://maven.inria.fr/artifactory/spoon-public-snapshot/ was cached in the local repository, resolution will not be reattempted until the update interval of gforge.inria.fr-release has elapsed or updates are forced
[DEBUG] Could not find metadata org.eclipse.platform:org.eclipse.osgi/maven-metadata.xml in local (/home/bedanglot/.m2/repository)
[DEBUG] Skipped remote request for org.eclipse.platform:org.eclipse.osgi/maven-metadata.xml, locally cached metadata up-to-date.
[DEBUG] Failure to find org.eclipse.platform:org.eclipse.osgi/maven-metadata.xml in https://repo.gradle.org/gradle/libs-releases-local/ was cached in the local repository, resolution will not be reattempted until the update interval of gradle-repo has elapsed or updates are forced
[DEBUG] Failure to find org.eclipse.platform:org.eclipse.osgi/maven-metadata.xml in https://oss.sonatype.org/content/repositories/snapshots was cached in the local repository, resolution will not be reattempted until the update interval of sonatype-nexus-snapshots has elapsed or updates are forced
[DEBUG] Failure to find org.eclipse.platform:org.eclipse.osgi/maven-metadata.xml in http://maven.inria.fr/artifactory/spoon-public-snapshot was cached in the local repository, resolution will not be reattempted until the update interval of maven.inria.fr-snapshot has elapsed or updates are forced
[DEBUG] Failure to find org.eclipse.platform:org.eclipse.osgi/maven-metadata.xml in http://maven.inria.fr/artifactory/spoon-public-snapshot/ was cached in the local repository, resolution will not be reattempted until the update interval of gforge.inria.fr-release has elapsed or updates are forced
[DEBUG] Could not find metadata org.eclipse.platform:org.eclipse.equinox.common/maven-metadata.xml in local (/home/bedanglot/.m2/repository)
[DEBUG] Skipped remote request for org.eclipse.platform:org.eclipse.equinox.common/maven-metadata.xml, locally cached metadata up-to-date.
[DEBUG] Failure to find org.eclipse.platform:org.eclipse.equinox.common/maven-metadata.xml in https://repo.gradle.org/gradle/libs-releases-local/ was cached in the local repository, resolution will not be reattempted until the update interval of gradle-repo has elapsed or updates are forced
[DEBUG] Failure to find org.eclipse.platform:org.eclipse.equinox.common/maven-metadata.xml in https://oss.sonatype.org/content/repositories/snapshots was cached in the local repository, resolution will not be reattempted until the update interval of sonatype-nexus-snapshots has elapsed or updates are forced
[DEBUG] Failure to find org.eclipse.platform:org.eclipse.equinox.common/maven-metadata.xml in http://maven.inria.fr/artifactory/spoon-public-snapshot was cached in the local repository, resolution will not be reattempted until the update interval of maven.inria.fr-snapshot has elapsed or updates are forced
[DEBUG] Failure to find org.eclipse.platform:org.eclipse.equinox.common/maven-metadata.xml in http://maven.inria.fr/artifactory/spoon-public-snapshot/ was cached in the local repository, resolution will not be reattempted until the update interval of gforge.inria.fr-release has elapsed or updates are forced
[DEBUG] Could not find metadata org.eclipse.platform:org.eclipse.core.jobs/maven-metadata.xml in local (/home/bedanglot/.m2/repository)
[DEBUG] Skipped remote request for org.eclipse.platform:org.eclipse.core.jobs/maven-metadata.xml, locally cached metadata up-to-date.
[DEBUG] Failure to find org.eclipse.platform:org.eclipse.core.jobs/maven-metadata.xml in https://repo.gradle.org/gradle/libs-releases-local/ was cached in the local repository, resolution will not be reattempted until the update interval of gradle-repo has elapsed or updates are forced
[DEBUG] Failure to find org.eclipse.platform:org.eclipse.core.jobs/maven-metadata.xml in https://oss.sonatype.org/content/repositories/snapshots was cached in the local repository, resolution will not be reattempted until the update interval of sonatype-nexus-snapshots has elapsed or updates are forced
[DEBUG] Failure to find org.eclipse.platform:org.eclipse.core.jobs/maven-metadata.xml in http://maven.inria.fr/artifactory/spoon-public-snapshot was cached in the local repository, resolution will not be reattempted until the update interval of maven.inria.fr-snapshot has elapsed or updates are forced
[DEBUG] Failure to find org.eclipse.platform:org.eclipse.core.jobs/maven-metadata.xml in http://maven.inria.fr/artifactory/spoon-public-snapshot/ was cached in the local repository, resolution will not be reattempted until the update interval of gforge.inria.fr-release has elapsed or updates are forced
[DEBUG] Could not find metadata org.eclipse.platform:org.eclipse.equinox.registry/maven-metadata.xml in local (/home/bedanglot/.m2/repository)
[DEBUG] Skipped remote request for org.eclipse.platform:org.eclipse.equinox.registry/maven-metadata.xml, locally cached metadata up-to-date.
[DEBUG] Failure to find org.eclipse.platform:org.eclipse.equinox.registry/maven-metadata.xml in https://repo.gradle.org/gradle/libs-releases-local/ was cached in the local repository, resolution will not be reattempted until the update interval of gradle-repo has elapsed or updates are forced
[DEBUG] Failure to find org.eclipse.platform:org.eclipse.equinox.registry/maven-metadata.xml in https://oss.sonatype.org/content/repositories/snapshots was cached in the local repository, resolution will not be reattempted until the update interval of sonatype-nexus-snapshots has elapsed or updates are forced
[DEBUG] Failure to find org.eclipse.platform:org.eclipse.equinox.registry/maven-metadata.xml in http://maven.inria.fr/artifactory/spoon-public-snapshot was cached in the local repository, resolution will not be reattempted until the update interval of maven.inria.fr-snapshot has elapsed or updates are forced
[DEBUG] Failure to find org.eclipse.platform:org.eclipse.equinox.registry/maven-metadata.xml in http://maven.inria.fr/artifactory/spoon-public-snapshot/ was cached in the local repository, resolution will not be reattempted until the update interval of gforge.inria.fr-release has elapsed or updates are forced
[DEBUG] Could not find metadata org.eclipse.platform:org.eclipse.equinox.common/maven-metadata.xml in local (/home/bedanglot/.m2/repository)
[DEBUG] Skipped remote request for org.eclipse.platform:org.eclipse.equinox.common/maven-metadata.xml, locally cached metadata up-to-date.
[DEBUG] Failure to find org.eclipse.platform:org.eclipse.equinox.common/maven-metadata.xml in https://repo.gradle.org/gradle/libs-releases-local/ was cached in the local repository, resolution will not be reattempted until the update interval of gradle-repo has elapsed or updates are forced
[DEBUG] Failure to find org.eclipse.platform:org.eclipse.equinox.common/maven-metadata.xml in https://oss.sonatype.org/content/repositories/snapshots was cached in the local repository, resolution will not be reattempted until the update interval of sonatype-nexus-snapshots has elapsed or updates are forced
[DEBUG] Failure to find org.eclipse.platform:org.eclipse.equinox.common/maven-metadata.xml in http://maven.inria.fr/artifactory/spoon-public-snapshot was cached in the local repository, resolution will not be reattempted until the update interval of maven.inria.fr-snapshot has elapsed or updates are forced
[DEBUG] Failure to find org.eclipse.platform:org.eclipse.equinox.common/maven-metadata.xml in http://maven.inria.fr/artifactory/spoon-public-snapshot/ was cached in the local repository, resolution will not be reattempted until the update interval of gforge.inria.fr-release has elapsed or updates are forced
[DEBUG] Could not find metadata org.eclipse.platform:org.eclipse.equinox.preferences/maven-metadata.xml in local (/home/bedanglot/.m2/repository)
[DEBUG] Skipped remote request for org.eclipse.platform:org.eclipse.equinox.preferences/maven-metadata.xml, locally cached metadata up-to-date.
[DEBUG] Failure to find org.eclipse.platform:org.eclipse.equinox.preferences/maven-metadata.xml in https://repo.gradle.org/gradle/libs-releases-local/ was cached in the local repository, resolution will not be reattempted until the update interval of gradle-repo has elapsed or updates are forced
[DEBUG] Failure to find org.eclipse.platform:org.eclipse.equinox.preferences/maven-metadata.xml in https://oss.sonatype.org/content/repositories/snapshots was cached in the local repository, resolution will not be reattempted until the update interval of sonatype-nexus-snapshots has elapsed or updates are forced
[DEBUG] Failure to find org.eclipse.platform:org.eclipse.equinox.preferences/maven-metadata.xml in http://maven.inria.fr/artifactory/spoon-public-snapshot was cached in the local repository, resolution will not be reattempted until the update interval of maven.inria.fr-snapshot has elapsed or updates are forced
[DEBUG] Failure to find org.eclipse.platform:org.eclipse.equinox.preferences/maven-metadata.xml in http://maven.inria.fr/artifactory/spoon-public-snapshot/ was cached in the local repository, resolution will not be reattempted until the update interval of gforge.inria.fr-release has elapsed or updates are forced
[DEBUG] Could not find metadata org.eclipse.platform:org.eclipse.equinox.common/maven-metadata.xml in local (/home/bedanglot/.m2/repository)
[DEBUG] Skipped remote request for org.eclipse.platform:org.eclipse.equinox.common/maven-metadata.xml, locally cached metadata up-to-date.
[DEBUG] Failure to find org.eclipse.platform:org.eclipse.equinox.common/maven-metadata.xml in https://repo.gradle.org/gradle/libs-releases-local/ was cached in the local repository, resolution will not be reattempted until the update interval of gradle-repo has elapsed or updates are forced
[DEBUG] Failure to find org.eclipse.platform:org.eclipse.equinox.common/maven-metadata.xml in https://oss.sonatype.org/content/repositories/snapshots was cached in the local repository, resolution will not be reattempted until the update interval of sonatype-nexus-snapshots has elapsed or updates are forced
[DEBUG] Failure to find org.eclipse.platform:org.eclipse.equinox.common/maven-metadata.xml in http://maven.inria.fr/artifactory/spoon-public-snapshot was cached in the local repository, resolution will not be reattempted until the update interval of maven.inria.fr-snapshot has elapsed or updates are forced
[DEBUG] Failure to find org.eclipse.platform:org.eclipse.equinox.common/maven-metadata.xml in http://maven.inria.fr/artifactory/spoon-public-snapshot/ was cached in the local repository, resolution will not be reattempted until the update interval of gforge.inria.fr-release has elapsed or updates are forced
[DEBUG] Could not find metadata org.eclipse.platform:org.eclipse.core.contenttype/maven-metadata.xml in local (/home/bedanglot/.m2/repository)
[DEBUG] Skipped remote request for org.eclipse.platform:org.eclipse.core.contenttype/maven-metadata.xml, locally cached metadata up-to-date.
[DEBUG] Failure to find org.eclipse.platform:org.eclipse.core.contenttype/maven-metadata.xml in https://repo.gradle.org/gradle/libs-releases-local/ was cached in the local repository, resolution will not be reattempted until the update interval of gradle-repo has elapsed or updates are forced
[DEBUG] Failure to find org.eclipse.platform:org.eclipse.core.contenttype/maven-metadata.xml in https://oss.sonatype.org/content/repositories/snapshots was cached in the local repository, resolution will not be reattempted until the update interval of sonatype-nexus-snapshots has elapsed or updates are forced
[DEBUG] Failure to find org.eclipse.platform:org.eclipse.core.contenttype/maven-metadata.xml in http://maven.inria.fr/artifactory/spoon-public-snapshot was cached in the local repository, resolution will not be reattempted until the update interval of maven.inria.fr-snapshot has elapsed or updates are forced
[DEBUG] Failure to find org.eclipse.platform:org.eclipse.core.contenttype/maven-metadata.xml in http://maven.inria.fr/artifactory/spoon-public-snapshot/ was cached in the local repository, resolution will not be reattempted until the update interval of gforge.inria.fr-release has elapsed or updates are forced
[DEBUG] Could not find metadata org.eclipse.platform:org.eclipse.equinox.preferences/maven-metadata.xml in local (/home/bedanglot/.m2/repository)
[DEBUG] Skipped remote request for org.eclipse.platform:org.eclipse.equinox.preferences/maven-metadata.xml, locally cached metadata up-to-date.
[DEBUG] Failure to find org.eclipse.platform:org.eclipse.equinox.preferences/maven-metadata.xml in https://repo.gradle.org/gradle/libs-releases-local/ was cached in the local repository, resolution will not be reattempted until the update interval of gradle-repo has elapsed or updates are forced
[DEBUG] Failure to find org.eclipse.platform:org.eclipse.equinox.preferences/maven-metadata.xml in https://oss.sonatype.org/content/repositories/snapshots was cached in the local repository, resolution will not be reattempted until the update interval of sonatype-nexus-snapshots has elapsed or updates are forced
[DEBUG] Failure to find org.eclipse.platform:org.eclipse.equinox.preferences/maven-metadata.xml in http://maven.inria.fr/artifactory/spoon-public-snapshot was cached in the local repository, resolution will not be reattempted until the update interval of maven.inria.fr-snapshot has elapsed or updates are forced
[DEBUG] Failure to find org.eclipse.platform:org.eclipse.equinox.preferences/maven-metadata.xml in http://maven.inria.fr/artifactory/spoon-public-snapshot/ was cached in the local repository, resolution will not be reattempted until the update interval of gforge.inria.fr-release has elapsed or updates are forced
[DEBUG] Could not find metadata org.eclipse.platform:org.eclipse.equinox.registry/maven-metadata.xml in local (/home/bedanglot/.m2/repository)
[DEBUG] Skipped remote request for org.eclipse.platform:org.eclipse.equinox.registry/maven-metadata.xml, locally cached metadata up-to-date.
[DEBUG] Failure to find org.eclipse.platform:org.eclipse.equinox.registry/maven-metadata.xml in https://repo.gradle.org/gradle/libs-releases-local/ was cached in the local repository, resolution will not be reattempted until the update interval of gradle-repo has elapsed or updates are forced
[DEBUG] Failure to find org.eclipse.platform:org.eclipse.equinox.registry/maven-metadata.xml in https://oss.sonatype.org/content/repositories/snapshots was cached in the local repository, resolution will not be reattempted until the update interval of sonatype-nexus-snapshots has elapsed or updates are forced
[DEBUG] Failure to find org.eclipse.platform:org.eclipse.equinox.registry/maven-metadata.xml in http://maven.inria.fr/artifactory/spoon-public-snapshot was cached in the local repository, resolution will not be reattempted until the update interval of maven.inria.fr-snapshot has elapsed or updates are forced
[DEBUG] Failure to find org.eclipse.platform:org.eclipse.equinox.registry/maven-metadata.xml in http://maven.inria.fr/artifactory/spoon-public-snapshot/ was cached in the local repository, resolution will not be reattempted until the update interval of gforge.inria.fr-release has elapsed or updates are forced
[DEBUG] Could not find metadata org.eclipse.platform:org.eclipse.equinox.app/maven-metadata.xml in local (/home/bedanglot/.m2/repository)
[DEBUG] Skipped remote request for org.eclipse.platform:org.eclipse.equinox.app/maven-metadata.xml, locally cached metadata up-to-date.
[DEBUG] Failure to find org.eclipse.platform:org.eclipse.equinox.app/maven-metadata.xml in https://repo.gradle.org/gradle/libs-releases-local/ was cached in the local repository, resolution will not be reattempted until the update interval of gradle-repo has elapsed or updates are forced
[DEBUG] Failure to find org.eclipse.platform:org.eclipse.equinox.app/maven-metadata.xml in https://oss.sonatype.org/content/repositories/snapshots was cached in the local repository, resolution will not be reattempted until the update interval of sonatype-nexus-snapshots has elapsed or updates are forced
[DEBUG] Failure to find org.eclipse.platform:org.eclipse.equinox.app/maven-metadata.xml in http://maven.inria.fr/artifactory/spoon-public-snapshot was cached in the local repository, resolution will not be reattempted until the update interval of maven.inria.fr-snapshot has elapsed or updates are forced
[DEBUG] Failure to find org.eclipse.platform:org.eclipse.equinox.app/maven-metadata.xml in http://maven.inria.fr/artifactory/spoon-public-snapshot/ was cached in the local repository, resolution will not be reattempted until the update interval of gforge.inria.fr-release has elapsed or updates are forced
[DEBUG] Could not find metadata org.eclipse.platform:org.eclipse.equinox.registry/maven-metadata.xml in local (/home/bedanglot/.m2/repository)
[DEBUG] Skipped remote request for org.eclipse.platform:org.eclipse.equinox.registry/maven-metadata.xml, locally cached metadata up-to-date.
[DEBUG] Failure to find org.eclipse.platform:org.eclipse.equinox.registry/maven-metadata.xml in https://repo.gradle.org/gradle/libs-releases-local/ was cached in the local repository, resolution will not be reattempted until the update interval of gradle-repo has elapsed or updates are forced
[DEBUG] Failure to find org.eclipse.platform:org.eclipse.equinox.registry/maven-metadata.xml in https://oss.sonatype.org/content/repositories/snapshots was cached in the local repository, resolution will not be reattempted until the update interval of sonatype-nexus-snapshots has elapsed or updates are forced
[DEBUG] Failure to find org.eclipse.platform:org.eclipse.equinox.registry/maven-metadata.xml in http://maven.inria.fr/artifactory/spoon-public-snapshot was cached in the local repository, resolution will not be reattempted until the update interval of maven.inria.fr-snapshot has elapsed or updates are forced
[DEBUG] Failure to find org.eclipse.platform:org.eclipse.equinox.registry/maven-metadata.xml in http://maven.inria.fr/artifactory/spoon-public-snapshot/ was cached in the local repository, resolution will not be reattempted until the update interval of gforge.inria.fr-release has elapsed or updates are forced
[DEBUG] Could not find metadata org.eclipse.platform:org.eclipse.osgi/maven-metadata.xml in local (/home/bedanglot/.m2/repository)
[DEBUG] Skipped remote request for org.eclipse.platform:org.eclipse.osgi/maven-metadata.xml, locally cached metadata up-to-date.
[DEBUG] Failure to find org.eclipse.platform:org.eclipse.osgi/maven-metadata.xml in https://repo.gradle.org/gradle/libs-releases-local/ was cached in the local repository, resolution will not be reattempted until the update interval of gradle-repo has elapsed or updates are forced
[DEBUG] Failure to find org.eclipse.platform:org.eclipse.osgi/maven-metadata.xml in https://oss.sonatype.org/content/repositories/snapshots was cached in the local repository, resolution will not be reattempted until the update interval of sonatype-nexus-snapshots has elapsed or updates are forced
[DEBUG] Failure to find org.eclipse.platform:org.eclipse.osgi/maven-metadata.xml in http://maven.inria.fr/artifactory/spoon-public-snapshot was cached in the local repository, resolution will not be reattempted until the update interval of maven.inria.fr-snapshot has elapsed or updates are forced
[DEBUG] Failure to find org.eclipse.platform:org.eclipse.osgi/maven-metadata.xml in http://maven.inria.fr/artifactory/spoon-public-snapshot/ was cached in the local repository, resolution will not be reattempted until the update interval of gforge.inria.fr-release has elapsed or updates are forced
[DEBUG] Could not find metadata org.eclipse.platform:org.eclipse.equinox.common/maven-metadata.xml in local (/home/bedanglot/.m2/repository)
[DEBUG] Skipped remote request for org.eclipse.platform:org.eclipse.equinox.common/maven-metadata.xml, locally cached metadata up-to-date.
[DEBUG] Failure to find org.eclipse.platform:org.eclipse.equinox.common/maven-metadata.xml in https://repo.gradle.org/gradle/libs-releases-local/ was cached in the local repository, resolution will not be reattempted until the update interval of gradle-repo has elapsed or updates are forced
[DEBUG] Failure to find org.eclipse.platform:org.eclipse.equinox.common/maven-metadata.xml in https://oss.sonatype.org/content/repositories/snapshots was cached in the local repository, resolution will not be reattempted until the update interval of sonatype-nexus-snapshots has elapsed or updates are forced
[DEBUG] Failure to find org.eclipse.platform:org.eclipse.equinox.common/maven-metadata.xml in http://maven.inria.fr/artifactory/spoon-public-snapshot was cached in the local repository, resolution will not be reattempted until the update interval of maven.inria.fr-snapshot has elapsed or updates are forced
[DEBUG] Failure to find org.eclipse.platform:org.eclipse.equinox.common/maven-metadata.xml in http://maven.inria.fr/artifactory/spoon-public-snapshot/ was cached in the local repository, resolution will not be reattempted until the update interval of gforge.inria.fr-release has elapsed or updates are forced
[DEBUG] Could not find metadata org.eclipse.platform:org.eclipse.core.jobs/maven-metadata.xml in local (/home/bedanglot/.m2/repository)
[DEBUG] Skipped remote request for org.eclipse.platform:org.eclipse.core.jobs/maven-metadata.xml, locally cached metadata up-to-date.
[DEBUG] Failure to find org.eclipse.platform:org.eclipse.core.jobs/maven-metadata.xml in https://repo.gradle.org/gradle/libs-releases-local/ was cached in the local repository, resolution will not be reattempted until the update interval of gradle-repo has elapsed or updates are forced
[DEBUG] Failure to find org.eclipse.platform:org.eclipse.core.jobs/maven-metadata.xml in https://oss.sonatype.org/content/repositories/snapshots was cached in the local repository, resolution will not be reattempted until the update interval of sonatype-nexus-snapshots has elapsed or updates are forced
[DEBUG] Failure to find org.eclipse.platform:org.eclipse.core.jobs/maven-metadata.xml in http://maven.inria.fr/artifactory/spoon-public-snapshot was cached in the local repository, resolution will not be reattempted until the update interval of maven.inria.fr-snapshot has elapsed or updates are forced
[DEBUG] Failure to find org.eclipse.platform:org.eclipse.core.jobs/maven-metadata.xml in http://maven.inria.fr/artifactory/spoon-public-snapshot/ was cached in the local repository, resolution will not be reattempted until the update interval of gforge.inria.fr-release has elapsed or updates are forced
[DEBUG] Could not find metadata org.eclipse.platform:org.eclipse.equinox.preferences/maven-metadata.xml in local (/home/bedanglot/.m2/repository)
[DEBUG] Skipped remote request for org.eclipse.platform:org.eclipse.equinox.preferences/maven-metadata.xml, locally cached metadata up-to-date.
[DEBUG] Failure to find org.eclipse.platform:org.eclipse.equinox.preferences/maven-metadata.xml in https://repo.gradle.org/gradle/libs-releases-local/ was cached in the local repository, resolution will not be reattempted until the update interval of gradle-repo has elapsed or updates are forced
[DEBUG] Failure to find org.eclipse.platform:org.eclipse.equinox.preferences/maven-metadata.xml in https://oss.sonatype.org/content/repositories/snapshots was cached in the local repository, resolution will not be reattempted until the update interval of sonatype-nexus-snapshots has elapsed or updates are forced
[DEBUG] Failure to find org.eclipse.platform:org.eclipse.equinox.preferences/maven-metadata.xml in http://maven.inria.fr/artifactory/spoon-public-snapshot was cached in the local repository, resolution will not be reattempted until the update interval of maven.inria.fr-snapshot has elapsed or updates are forced
[DEBUG] Failure to find org.eclipse.platform:org.eclipse.equinox.preferences/maven-metadata.xml in http://maven.inria.fr/artifactory/spoon-public-snapshot/ was cached in the local repository, resolution will not be reattempted until the update interval of gforge.inria.fr-release has elapsed or updates are forced
[DEBUG] Could not find metadata org.eclipse.platform:org.eclipse.core.contenttype/maven-metadata.xml in local (/home/bedanglot/.m2/repository)
[DEBUG] Skipped remote request for org.eclipse.platform:org.eclipse.core.contenttype/maven-metadata.xml, locally cached metadata up-to-date.
[DEBUG] Failure to find org.eclipse.platform:org.eclipse.core.contenttype/maven-metadata.xml in https://repo.gradle.org/gradle/libs-releases-local/ was cached in the local repository, resolution will not be reattempted until the update interval of gradle-repo has elapsed or updates are forced
[DEBUG] Failure to find org.eclipse.platform:org.eclipse.core.contenttype/maven-metadata.xml in https://oss.sonatype.org/content/repositories/snapshots was cached in the local repository, resolution will not be reattempted until the update interval of sonatype-nexus-snapshots has elapsed or updates are forced
[DEBUG] Failure to find org.eclipse.platform:org.eclipse.core.contenttype/maven-metadata.xml in http://maven.inria.fr/artifactory/spoon-public-snapshot was cached in the local repository, resolution will not be reattempted until the update interval of maven.inria.fr-snapshot has elapsed or updates are forced
[DEBUG] Failure to find org.eclipse.platform:org.eclipse.core.contenttype/maven-metadata.xml in http://maven.inria.fr/artifactory/spoon-public-snapshot/ was cached in the local repository, resolution will not be reattempted until the update interval of gforge.inria.fr-release has elapsed or updates are forced
[DEBUG] Could not find metadata org.eclipse.platform:org.eclipse.equinox.app/maven-metadata.xml in local (/home/bedanglot/.m2/repository)
[DEBUG] Skipped remote request for org.eclipse.platform:org.eclipse.equinox.app/maven-metadata.xml, locally cached metadata up-to-date.
[DEBUG] Failure to find org.eclipse.platform:org.eclipse.equinox.app/maven-metadata.xml in https://repo.gradle.org/gradle/libs-releases-local/ was cached in the local repository, resolution will not be reattempted until the update interval of gradle-repo has elapsed or updates are forced
[DEBUG] Failure to find org.eclipse.platform:org.eclipse.equinox.app/maven-metadata.xml in https://oss.sonatype.org/content/repositories/snapshots was cached in the local repository, resolution will not be reattempted until the update interval of sonatype-nexus-snapshots has elapsed or updates are forced
[DEBUG] Failure to find org.eclipse.platform:org.eclipse.equinox.app/maven-metadata.xml in http://maven.inria.fr/artifactory/spoon-public-snapshot was cached in the local repository, resolution will not be reattempted until the update interval of maven.inria.fr-snapshot has elapsed or updates are forced
[DEBUG] Failure to find org.eclipse.platform:org.eclipse.equinox.app/maven-metadata.xml in http://maven.inria.fr/artifactory/spoon-public-snapshot/ was cached in the local repository, resolution will not be reattempted until the update interval of gforge.inria.fr-release has elapsed or updates are forced
[DEBUG] Could not find metadata org.eclipse.platform:org.eclipse.core.filesystem/maven-metadata.xml in local (/home/bedanglot/.m2/repository)
[DEBUG] Skipped remote request for org.eclipse.platform:org.eclipse.core.filesystem/maven-metadata.xml, locally cached metadata up-to-date.
[DEBUG] Failure to find org.eclipse.platform:org.eclipse.core.filesystem/maven-metadata.xml in https://repo.gradle.org/gradle/libs-releases-local/ was cached in the local repository, resolution will not be reattempted until the update interval of gradle-repo has elapsed or updates are forced
[DEBUG] Failure to find org.eclipse.platform:org.eclipse.core.filesystem/maven-metadata.xml in https://oss.sonatype.org/content/repositories/snapshots was cached in the local repository, resolution will not be reattempted until the update interval of sonatype-nexus-snapshots has elapsed or updates are forced
[DEBUG] Failure to find org.eclipse.platform:org.eclipse.core.filesystem/maven-metadata.xml in http://maven.inria.fr/artifactory/spoon-public-snapshot was cached in the local repository, resolution will not be reattempted until the update interval of maven.inria.fr-snapshot has elapsed or updates are forced
[DEBUG] Failure to find org.eclipse.platform:org.eclipse.core.filesystem/maven-metadata.xml in http://maven.inria.fr/artifactory/spoon-public-snapshot/ was cached in the local repository, resolution will not be reattempted until the update interval of gforge.inria.fr-release has elapsed or updates are forced
[DEBUG] Could not find metadata org.eclipse.platform:org.eclipse.osgi/maven-metadata.xml in local (/home/bedanglot/.m2/repository)
[DEBUG] Skipped remote request for org.eclipse.platform:org.eclipse.osgi/maven-metadata.xml, locally cached metadata up-to-date.
[DEBUG] Failure to find org.eclipse.platform:org.eclipse.osgi/maven-metadata.xml in https://repo.gradle.org/gradle/libs-releases-local/ was cached in the local repository, resolution will not be reattempted until the update interval of gradle-repo has elapsed or updates are forced
[DEBUG] Failure to find org.eclipse.platform:org.eclipse.osgi/maven-metadata.xml in https://oss.sonatype.org/content/repositories/snapshots was cached in the local repository, resolution will not be reattempted until the update interval of sonatype-nexus-snapshots has elapsed or updates are forced
[DEBUG] Failure to find org.eclipse.platform:org.eclipse.osgi/maven-metadata.xml in http://maven.inria.fr/artifactory/spoon-public-snapshot was cached in the local repository, resolution will not be reattempted until the update interval of maven.inria.fr-snapshot has elapsed or updates are forced
[DEBUG] Failure to find org.eclipse.platform:org.eclipse.osgi/maven-metadata.xml in http://maven.inria.fr/artifactory/spoon-public-snapshot/ was cached in the local repository, resolution will not be reattempted until the update interval of gforge.inria.fr-release has elapsed or updates are forced
[DEBUG] Could not find metadata org.eclipse.platform:org.eclipse.core.runtime/maven-metadata.xml in local (/home/bedanglot/.m2/repository)
[DEBUG] Skipped remote request for org.eclipse.platform:org.eclipse.core.runtime/maven-metadata.xml, locally cached metadata up-to-date.
[DEBUG] Failure to find org.eclipse.platform:org.eclipse.core.runtime/maven-metadata.xml in https://repo.gradle.org/gradle/libs-releases-local/ was cached in the local repository, resolution will not be reattempted until the update interval of gradle-repo has elapsed or updates are forced
[DEBUG] Failure to find org.eclipse.platform:org.eclipse.core.runtime/maven-metadata.xml in https://oss.sonatype.org/content/repositories/snapshots was cached in the local repository, resolution will not be reattempted until the update interval of sonatype-nexus-snapshots has elapsed or updates are forced
[DEBUG] Failure to find org.eclipse.platform:org.eclipse.core.runtime/maven-metadata.xml in http://maven.inria.fr/artifactory/spoon-public-snapshot was cached in the local repository, resolution will not be reattempted until the update interval of maven.inria.fr-snapshot has elapsed or updates are forced
[DEBUG] Failure to find org.eclipse.platform:org.eclipse.core.runtime/maven-metadata.xml in http://maven.inria.fr/artifactory/spoon-public-snapshot/ was cached in the local repository, resolution will not be reattempted until the update interval of gforge.inria.fr-release has elapsed or updates are forced
[DEBUG] Could not find metadata org.eclipse.platform:org.eclipse.core.runtime/maven-metadata.xml in local (/home/bedanglot/.m2/repository)
[DEBUG] Skipped remote request for org.eclipse.platform:org.eclipse.core.runtime/maven-metadata.xml, locally cached metadata up-to-date.
[DEBUG] Failure to find org.eclipse.platform:org.eclipse.core.runtime/maven-metadata.xml in https://repo.gradle.org/gradle/libs-releases-local/ was cached in the local repository, resolution will not be reattempted until the update interval of gradle-repo has elapsed or updates are forced
[DEBUG] Failure to find org.eclipse.platform:org.eclipse.core.runtime/maven-metadata.xml in https://oss.sonatype.org/content/repositories/snapshots was cached in the local repository, resolution will not be reattempted until the update interval of sonatype-nexus-snapshots has elapsed or updates are forced
[DEBUG] Failure to find org.eclipse.platform:org.eclipse.core.runtime/maven-metadata.xml in http://maven.inria.fr/artifactory/spoon-public-snapshot was cached in the local repository, resolution will not be reattempted until the update interval of maven.inria.fr-snapshot has elapsed or updates are forced
[DEBUG] Failure to find org.eclipse.platform:org.eclipse.core.runtime/maven-metadata.xml in http://maven.inria.fr/artifactory/spoon-public-snapshot/ was cached in the local repository, resolution will not be reattempted until the update interval of gforge.inria.fr-release has elapsed or updates are forced
[DEBUG] Could not find metadata org.eclipse.platform:org.eclipse.core.filesystem/maven-metadata.xml in local (/home/bedanglot/.m2/repository)
[DEBUG] Skipped remote request for org.eclipse.platform:org.eclipse.core.filesystem/maven-metadata.xml, locally cached metadata up-to-date.
[DEBUG] Failure to find org.eclipse.platform:org.eclipse.core.filesystem/maven-metadata.xml in https://repo.gradle.org/gradle/libs-releases-local/ was cached in the local repository, resolution will not be reattempted until the update interval of gradle-repo has elapsed or updates are forced
[DEBUG] Failure to find org.eclipse.platform:org.eclipse.core.filesystem/maven-metadata.xml in https://oss.sonatype.org/content/repositories/snapshots was cached in the local repository, resolution will not be reattempted until the update interval of sonatype-nexus-snapshots has elapsed or updates are forced
[DEBUG] Failure to find org.eclipse.platform:org.eclipse.core.filesystem/maven-metadata.xml in http://maven.inria.fr/artifactory/spoon-public-snapshot was cached in the local repository, resolution will not be reattempted until the update interval of maven.inria.fr-snapshot has elapsed or updates are forced
[DEBUG] Failure to find org.eclipse.platform:org.eclipse.core.filesystem/maven-metadata.xml in http://maven.inria.fr/artifactory/spoon-public-snapshot/ was cached in the local repository, resolution will not be reattempted until the update interval of gforge.inria.fr-release has elapsed or updates are forced
[DEBUG] Could not find metadata org.eclipse.platform:org.eclipse.text/maven-metadata.xml in local (/home/bedanglot/.m2/repository)
[DEBUG] Skipped remote request for org.eclipse.platform:org.eclipse.text/maven-metadata.xml, locally cached metadata up-to-date.
[DEBUG] Failure to find org.eclipse.platform:org.eclipse.text/maven-metadata.xml in https://repo.gradle.org/gradle/libs-releases-local/ was cached in the local repository, resolution will not be reattempted until the update interval of gradle-repo has elapsed or updates are forced
[DEBUG] Failure to find org.eclipse.platform:org.eclipse.text/maven-metadata.xml in https://oss.sonatype.org/content/repositories/snapshots was cached in the local repository, resolution will not be reattempted until the update interval of sonatype-nexus-snapshots has elapsed or updates are forced
[DEBUG] Failure to find org.eclipse.platform:org.eclipse.text/maven-metadata.xml in http://maven.inria.fr/artifactory/spoon-public-snapshot was cached in the local repository, resolution will not be reattempted until the update interval of maven.inria.fr-snapshot has elapsed or updates are forced
[DEBUG] Failure to find org.eclipse.platform:org.eclipse.text/maven-metadata.xml in http://maven.inria.fr/artifactory/spoon-public-snapshot/ was cached in the local repository, resolution will not be reattempted until the update interval of gforge.inria.fr-release has elapsed or updates are forced
[DEBUG] Could not find metadata org.eclipse.platform:org.eclipse.core.commands/maven-metadata.xml in local (/home/bedanglot/.m2/repository)
[DEBUG] Skipped remote request for org.eclipse.platform:org.eclipse.core.commands/maven-metadata.xml, locally cached metadata up-to-date.
[DEBUG] Failure to find org.eclipse.platform:org.eclipse.core.commands/maven-metadata.xml in https://repo.gradle.org/gradle/libs-releases-local/ was cached in the local repository, resolution will not be reattempted until the update interval of gradle-repo has elapsed or updates are forced
[DEBUG] Failure to find org.eclipse.platform:org.eclipse.core.commands/maven-metadata.xml in https://oss.sonatype.org/content/repositories/snapshots was cached in the local repository, resolution will not be reattempted until the update interval of sonatype-nexus-snapshots has elapsed or updates are forced
[DEBUG] Failure to find org.eclipse.platform:org.eclipse.core.commands/maven-metadata.xml in http://maven.inria.fr/artifactory/spoon-public-snapshot was cached in the local repository, resolution will not be reattempted until the update interval of maven.inria.fr-snapshot has elapsed or updates are forced
[DEBUG] Failure to find org.eclipse.platform:org.eclipse.core.commands/maven-metadata.xml in http://maven.inria.fr/artifactory/spoon-public-snapshot/ was cached in the local repository, resolution will not be reattempted until the update interval of gforge.inria.fr-release has elapsed or updates are forced
[DEBUG] Could not find metadata org.eclipse.platform:org.eclipse.equinox.common/maven-metadata.xml in local (/home/bedanglot/.m2/repository)
[DEBUG] Skipped remote request for org.eclipse.platform:org.eclipse.equinox.common/maven-metadata.xml, locally cached metadata up-to-date.
[DEBUG] Failure to find org.eclipse.platform:org.eclipse.equinox.common/maven-metadata.xml in https://repo.gradle.org/gradle/libs-releases-local/ was cached in the local repository, resolution will not be reattempted until the update interval of gradle-repo has elapsed or updates are forced
[DEBUG] Failure to find org.eclipse.platform:org.eclipse.equinox.common/maven-metadata.xml in https://oss.sonatype.org/content/repositories/snapshots was cached in the local repository, resolution will not be reattempted until the update interval of sonatype-nexus-snapshots has elapsed or updates are forced
[DEBUG] Failure to find org.eclipse.platform:org.eclipse.equinox.common/maven-metadata.xml in http://maven.inria.fr/artifactory/spoon-public-snapshot was cached in the local repository, resolution will not be reattempted until the update interval of maven.inria.fr-snapshot has elapsed or updates are forced
[DEBUG] Failure to find org.eclipse.platform:org.eclipse.equinox.common/maven-metadata.xml in http://maven.inria.fr/artifactory/spoon-public-snapshot/ was cached in the local repository, resolution will not be reattempted until the update interval of gforge.inria.fr-release has elapsed or updates are forced
[DEBUG] Could not find metadata org.eclipse.platform:org.eclipse.core.runtime/maven-metadata.xml in local (/home/bedanglot/.m2/repository)
[DEBUG] Skipped remote request for org.eclipse.platform:org.eclipse.core.runtime/maven-metadata.xml, locally cached metadata up-to-date.
[DEBUG] Failure to find org.eclipse.platform:org.eclipse.core.runtime/maven-metadata.xml in https://repo.gradle.org/gradle/libs-releases-local/ was cached in the local repository, resolution will not be reattempted until the update interval of gradle-repo has elapsed or updates are forced
[DEBUG] Failure to find org.eclipse.platform:org.eclipse.core.runtime/maven-metadata.xml in https://oss.sonatype.org/content/repositories/snapshots was cached in the local repository, resolution will not be reattempted until the update interval of sonatype-nexus-snapshots has elapsed or updates are forced
[DEBUG] Failure to find org.eclipse.platform:org.eclipse.core.runtime/maven-metadata.xml in http://maven.inria.fr/artifactory/spoon-public-snapshot was cached in the local repository, resolution will not be reattempted until the update interval of maven.inria.fr-snapshot has elapsed or updates are forced
[DEBUG] Failure to find org.eclipse.platform:org.eclipse.core.runtime/maven-metadata.xml in http://maven.inria.fr/artifactory/spoon-public-snapshot/ was cached in the local repository, resolution will not be reattempted until the update interval of gforge.inria.fr-release has elapsed or updates are forced
[DEBUG] Dependency collection stats: {ConflictMarker.analyzeTime=5, ConflictMarker.markTime=1, ConflictMarker.nodeCount=2021, ConflictIdSorter.graphTime=4, ConflictIdSorter.topsortTime=0, ConflictIdSorter.conflictIdCount=117, ConflictIdSorter.conflictIdCycleCount=0, ConflictResolver.totalTime=11, ConflictResolver.conflictItemCount=393, DefaultDependencyCollector.collectTime=987, DefaultDependencyCollector.transformTime=21}
[DEBUG] eu.stamp-project:dspot-maven:jar:2.0.1-SNAPSHOT:
[DEBUG]    eu.stamp-project:dspot:jar:2.0.1-SNAPSHOT:compile
[DEBUG]       fr.inria.gforge.spoon:spoon-core:jar:7.3.0:compile
[DEBUG]          org.eclipse.jdt:org.eclipse.jdt.core:jar:3.15.0:compile
[DEBUG]             org.eclipse.platform:org.eclipse.core.resources:jar:3.13.300:compile
[DEBUG]                org.eclipse.platform:org.eclipse.core.expressions:jar:3.6.300:compile
[DEBUG]             org.eclipse.platform:org.eclipse.core.runtime:jar:3.15.200:compile
[DEBUG]                org.eclipse.platform:org.eclipse.osgi:jar:3.13.300:compile
[DEBUG]                org.eclipse.platform:org.eclipse.equinox.common:jar:3.10.300:compile
[DEBUG]                org.eclipse.platform:org.eclipse.core.jobs:jar:3.10.300:compile
[DEBUG]                org.eclipse.platform:org.eclipse.equinox.registry:jar:3.8.300:compile
[DEBUG]                org.eclipse.platform:org.eclipse.equinox.preferences:jar:3.7.300:compile
[DEBUG]                org.eclipse.platform:org.eclipse.core.contenttype:jar:3.7.300:compile
[DEBUG]                org.eclipse.platform:org.eclipse.equinox.app:jar:1.4.100:compile
[DEBUG]             org.eclipse.platform:org.eclipse.core.filesystem:jar:1.7.300:compile
[DEBUG]             org.eclipse.platform:org.eclipse.text:jar:3.8.100:compile
[DEBUG]                org.eclipse.platform:org.eclipse.core.commands:jar:3.9.300:compile
[DEBUG]          com.martiansoftware:jsap:jar:2.1:compile
[DEBUG]          log4j:log4j:jar:1.2.17:compile
[DEBUG]          org.tukaani:xz:jar:1.8:compile
[DEBUG]          com.fasterxml.jackson.core:jackson-databind:jar:2.9.8:compile
[DEBUG]             com.fasterxml.jackson.core:jackson-annotations:jar:2.9.0:compile
[DEBUG]             com.fasterxml.jackson.core:jackson-core:jar:2.9.8:compile
[DEBUG]          org.apache.commons:commons-compress:jar:1.18:compile
[DEBUG]       junit:junit:jar:4.12:compile
[DEBUG]          org.hamcrest:hamcrest-core:jar:1.3:compile
[DEBUG]       com.google.code.gson:gson:jar:2.8.0:compile
[DEBUG]       org.apache.maven.shared:maven-invoker:jar:3.0.0:compile
[DEBUG]       org.slf4j:slf4j-api:jar:1.7.25:compile
[DEBUG]       org.slf4j:slf4j-log4j12:jar:1.7.25:compile
[DEBUG]       org.jacoco:org.jacoco.core:jar:0.7.9:compile
[DEBUG]          org.ow2.asm:asm-debug-all:jar:5.2:compile
[DEBUG]       eu.stamp-project:descartes:jar:1.1:compile
[DEBUG]          org.pitest:pitest:jar:1.2.0:compile
[DEBUG]          org.pitest:pitest-entry:jar:1.2.0:compile
[DEBUG]             com.thoughtworks.xstream:xstream:jar:1.4.8:compile
[DEBUG]                xmlpull:xmlpull:jar:1.1.3.1:compile
[DEBUG]                xpp3:xpp3_min:jar:1.1.4c:compile
[DEBUG]       org.gradle:gradle-tooling-api:jar:4.0.1:compile
[DEBUG]       org.mockito:mockito-core:jar:2.10.0:compile
[DEBUG]          net.bytebuddy:byte-buddy:jar:1.7.4:runtime
[DEBUG]          net.bytebuddy:byte-buddy-agent:jar:1.7.4:runtime
[DEBUG]          org.objenesis:objenesis:jar:2.6:runtime
[DEBUG]       eu.stamp-project:test-runner:jar:jar-with-dependencies:2.0.7:compile
[DEBUG]          org.junit.jupiter:junit-jupiter-api:jar:5.3.2:compile
[DEBUG]             org.apiguardian:apiguardian-api:jar:1.0.0:compile
[DEBUG]             org.opentest4j:opentest4j:jar:1.1.1:compile
[DEBUG]             org.junit.platform:junit-platform-commons:jar:1.3.2:compile
[DEBUG]          org.junit.jupiter:junit-jupiter-engine:jar:5.3.2:compile
[DEBUG]             org.junit.platform:junit-platform-engine:jar:1.3.2:compile
[DEBUG]          org.junit.platform:junit-platform-launcher:jar:1.3.2:compile
[DEBUG]          org.junit.jupiter:junit-jupiter-params:jar:5.3.2:compile
[DEBUG]       org.openclover:clover:jar:4.2.1:compile
[DEBUG]       fr.inria.gforge.spoon.labs:gumtree-spoon-ast-diff:jar:1.5:compile
[DEBUG]          com.github.gumtreediff:core:jar:2.1.0:compile
[DEBUG]             com.github.mpkorstanje:simmetrics-core:jar:3.2.3:compile
[DEBUG]                commons-codec:commons-codec:jar:1.10:compile
[DEBUG]             net.sf.trove4j:trove4j:jar:3.0.3:compile
[DEBUG]             org.jgrapht:jgrapht-core:jar:1.0.1:compile
[DEBUG]       org.ehcache:ehcache:jar:3.6.1:compile
[DEBUG]       org.apache.cxf:cxf-common-utilities:jar:2.4.1:compile
[DEBUG]          org.apache.ws.xmlschema:xmlschema-core:jar:2.0:compile
[DEBUG]          org.codehaus.woodstox:woodstox-core-asl:jar:4.1.1:runtime
[DEBUG]             org.codehaus.woodstox:stax2-api:jar:3.1.1:runtime
[DEBUG]    org.apache.maven:maven-plugin-api:jar:3.5.4:compile
[DEBUG]       org.apache.maven:maven-artifact:jar:3.5.4:compile
[DEBUG]       org.eclipse.sisu:org.eclipse.sisu.plexus:jar:0.3.3:compile
[DEBUG]          javax.enterprise:cdi-api:jar:1.0:compile
[DEBUG]             javax.annotation:jsr250-api:jar:1.0:compile
[DEBUG]       org.codehaus.plexus:plexus-utils:jar:3.1.0:compile
[DEBUG]       org.codehaus.plexus:plexus-classworlds:jar:2.5.2:compile
[DEBUG]    org.apache.maven.plugin-testing:maven-plugin-testing-harness:jar:3.3.0:compile
[DEBUG]       commons-io:commons-io:jar:2.2:compile
[DEBUG]       org.codehaus.plexus:plexus-archiver:jar:2.2:compile
[DEBUG]          org.codehaus.plexus:plexus-io:jar:2.0.4:compile
[DEBUG]    org.apache.maven:maven-compat:jar:3.5.4:compile
[DEBUG]       org.apache.maven:maven-model-builder:jar:3.5.4:compile
[DEBUG]       org.apache.maven:maven-settings:jar:3.5.4:compile
[DEBUG]       org.apache.maven:maven-settings-builder:jar:3.5.4:compile
[DEBUG]          org.sonatype.plexus:plexus-sec-dispatcher:jar:1.4:compile
[DEBUG]             org.sonatype.plexus:plexus-cipher:jar:1.4:compile
[DEBUG]       org.apache.maven:maven-resolver-provider:jar:3.5.4:compile
[DEBUG]       org.apache.maven:maven-repository-metadata:jar:3.5.4:compile
[DEBUG]       org.apache.maven.resolver:maven-resolver-api:jar:1.1.1:compile
[DEBUG]       org.apache.maven.resolver:maven-resolver-util:jar:1.1.1:compile
[DEBUG]       org.apache.maven.resolver:maven-resolver-impl:jar:1.1.1:compile
[DEBUG]       org.codehaus.plexus:plexus-interpolation:jar:1.24:compile
[DEBUG]       org.codehaus.plexus:plexus-component-annotations:jar:1.7.1:compile
[DEBUG]       org.apache.maven.wagon:wagon-provider-api:jar:3.1.0:compile
[DEBUG]    org.apache.maven:maven-core:jar:3.5.4:compile
[DEBUG]       org.apache.maven:maven-builder-support:jar:3.5.4:compile
[DEBUG]       org.apache.maven.resolver:maven-resolver-spi:jar:1.1.1:compile
[DEBUG]       org.apache.maven.shared:maven-shared-utils:jar:3.2.1:compile
[DEBUG]       org.eclipse.sisu:org.eclipse.sisu.inject:jar:0.3.3:compile
[DEBUG]       com.google.inject:guice:jar:no_aop:4.2.0:compile
[DEBUG]          aopalliance:aopalliance:jar:1.0:compile
[DEBUG]       com.google.guava:guava:jar:20.0:compile
[DEBUG]       javax.inject:javax.inject:jar:1:compile
[DEBUG]       org.apache.commons:commons-lang3:jar:3.5:compile
[DEBUG]    org.apache.maven:maven-model:jar:3.5.4:compile
[DEBUG]    org.apache.maven:maven-aether-provider:jar:3.3.9:compile
[DEBUG]       org.eclipse.aether:aether-api:jar:1.0.2.v20150114:compile
[DEBUG]       org.eclipse.aether:aether-spi:jar:1.0.2.v20150114:compile
[DEBUG]       org.eclipse.aether:aether-util:jar:1.0.2.v20150114:compile
[DEBUG]       org.eclipse.aether:aether-impl:jar:1.0.2.v20150114:compile
[DEBUG]    org.apache.maven:maven-project:jar:2.2.1:compile
[DEBUG]       org.apache.maven:maven-profile:jar:2.2.1:compile
[DEBUG]       org.apache.maven:maven-artifact-manager:jar:2.2.1:compile
[DEBUG]          backport-util-concurrent:backport-util-concurrent:jar:3.1:compile
[DEBUG]       org.apache.maven:maven-plugin-registry:jar:2.2.1:compile
[DEBUG]       org.codehaus.plexus:plexus-container-default:jar:1.0-alpha-9-stable-1:compile
[DEBUG]          classworlds:classworlds:jar:1.1-alpha-2:compile
[DEBUG] Created new class realm plugin>eu.stamp-project:dspot-maven:2.0.1-SNAPSHOT
[DEBUG] Importing foreign packages into class realm plugin>eu.stamp-project:dspot-maven:2.0.1-SNAPSHOT
[DEBUG]   Imported:  < maven.api
[DEBUG] Populating class realm plugin>eu.stamp-project:dspot-maven:2.0.1-SNAPSHOT
[DEBUG]   Included: eu.stamp-project:dspot-maven:jar:2.0.1-SNAPSHOT
[DEBUG]   Included: eu.stamp-project:dspot:jar:2.0.1-SNAPSHOT
[DEBUG]   Included: fr.inria.gforge.spoon:spoon-core:jar:7.3.0
[DEBUG]   Included: org.eclipse.jdt:org.eclipse.jdt.core:jar:3.15.0
[DEBUG]   Included: org.eclipse.platform:org.eclipse.core.resources:jar:3.13.300
[DEBUG]   Included: org.eclipse.platform:org.eclipse.core.expressions:jar:3.6.300
[DEBUG]   Included: org.eclipse.platform:org.eclipse.core.runtime:jar:3.15.200
[DEBUG]   Included: org.eclipse.platform:org.eclipse.osgi:jar:3.13.300
[DEBUG]   Included: org.eclipse.platform:org.eclipse.equinox.common:jar:3.10.300
[DEBUG]   Included: org.eclipse.platform:org.eclipse.core.jobs:jar:3.10.300
[DEBUG]   Included: org.eclipse.platform:org.eclipse.equinox.registry:jar:3.8.300
[DEBUG]   Included: org.eclipse.platform:org.eclipse.equinox.preferences:jar:3.7.300
[DEBUG]   Included: org.eclipse.platform:org.eclipse.core.contenttype:jar:3.7.300
[DEBUG]   Included: org.eclipse.platform:org.eclipse.equinox.app:jar:1.4.100
[DEBUG]   Included: org.eclipse.platform:org.eclipse.core.filesystem:jar:1.7.300
[DEBUG]   Included: org.eclipse.platform:org.eclipse.text:jar:3.8.100
[DEBUG]   Included: org.eclipse.platform:org.eclipse.core.commands:jar:3.9.300
[DEBUG]   Included: com.martiansoftware:jsap:jar:2.1
[DEBUG]   Included: log4j:log4j:jar:1.2.17
[DEBUG]   Included: org.tukaani:xz:jar:1.8
[DEBUG]   Included: com.fasterxml.jackson.core:jackson-databind:jar:2.9.8
[DEBUG]   Included: com.fasterxml.jackson.core:jackson-annotations:jar:2.9.0
[DEBUG]   Included: com.fasterxml.jackson.core:jackson-core:jar:2.9.8
[DEBUG]   Included: org.apache.commons:commons-compress:jar:1.18
[DEBUG]   Included: junit:junit:jar:4.12
[DEBUG]   Included: org.hamcrest:hamcrest-core:jar:1.3
[DEBUG]   Included: com.google.code.gson:gson:jar:2.8.0
[DEBUG]   Included: org.apache.maven.shared:maven-invoker:jar:3.0.0
[DEBUG]   Included: org.slf4j:slf4j-log4j12:jar:1.7.25
[DEBUG]   Included: org.jacoco:org.jacoco.core:jar:0.7.9
[DEBUG]   Included: org.ow2.asm:asm-debug-all:jar:5.2
[DEBUG]   Included: eu.stamp-project:descartes:jar:1.1
[DEBUG]   Included: org.pitest:pitest:jar:1.2.0
[DEBUG]   Included: org.pitest:pitest-entry:jar:1.2.0
[DEBUG]   Included: com.thoughtworks.xstream:xstream:jar:1.4.8
[DEBUG]   Included: xmlpull:xmlpull:jar:1.1.3.1
[DEBUG]   Included: xpp3:xpp3_min:jar:1.1.4c
[DEBUG]   Included: org.gradle:gradle-tooling-api:jar:4.0.1
[DEBUG]   Included: org.mockito:mockito-core:jar:2.10.0
[DEBUG]   Included: net.bytebuddy:byte-buddy:jar:1.7.4
[DEBUG]   Included: net.bytebuddy:byte-buddy-agent:jar:1.7.4
[DEBUG]   Included: org.objenesis:objenesis:jar:2.6
[DEBUG]   Included: eu.stamp-project:test-runner:jar:jar-with-dependencies:2.0.7
[DEBUG]   Included: org.junit.jupiter:junit-jupiter-api:jar:5.3.2
[DEBUG]   Included: org.apiguardian:apiguardian-api:jar:1.0.0
[DEBUG]   Included: org.opentest4j:opentest4j:jar:1.1.1
[DEBUG]   Included: org.junit.platform:junit-platform-commons:jar:1.3.2
[DEBUG]   Included: org.junit.jupiter:junit-jupiter-engine:jar:5.3.2
[DEBUG]   Included: org.junit.platform:junit-platform-engine:jar:1.3.2
[DEBUG]   Included: org.junit.platform:junit-platform-launcher:jar:1.3.2
[DEBUG]   Included: org.junit.jupiter:junit-jupiter-params:jar:5.3.2
[DEBUG]   Included: org.openclover:clover:jar:4.2.1
[DEBUG]   Included: fr.inria.gforge.spoon.labs:gumtree-spoon-ast-diff:jar:1.5
[DEBUG]   Included: com.github.gumtreediff:core:jar:2.1.0
[DEBUG]   Included: com.github.mpkorstanje:simmetrics-core:jar:3.2.3
[DEBUG]   Included: commons-codec:commons-codec:jar:1.10
[DEBUG]   Included: net.sf.trove4j:trove4j:jar:3.0.3
[DEBUG]   Included: org.jgrapht:jgrapht-core:jar:1.0.1
[DEBUG]   Included: org.ehcache:ehcache:jar:3.6.1
[DEBUG]   Included: org.apache.cxf:cxf-common-utilities:jar:2.4.1
[DEBUG]   Included: org.apache.ws.xmlschema:xmlschema-core:jar:2.0
[DEBUG]   Included: org.codehaus.woodstox:woodstox-core-asl:jar:4.1.1
[DEBUG]   Included: org.codehaus.woodstox:stax2-api:jar:3.1.1
[DEBUG]   Included: javax.enterprise:cdi-api:jar:1.0
[DEBUG]   Included: javax.annotation:jsr250-api:jar:1.0
[DEBUG]   Included: org.codehaus.plexus:plexus-utils:jar:3.1.0
[DEBUG]   Included: org.apache.maven.plugin-testing:maven-plugin-testing-harness:jar:3.3.0
[DEBUG]   Included: commons-io:commons-io:jar:2.2
[DEBUG]   Included: org.codehaus.plexus:plexus-archiver:jar:2.2
[DEBUG]   Included: org.codehaus.plexus:plexus-io:jar:2.0.4
[DEBUG]   Included: org.sonatype.plexus:plexus-sec-dispatcher:jar:1.4
[DEBUG]   Included: org.sonatype.plexus:plexus-cipher:jar:1.4
[DEBUG]   Included: org.apache.maven:maven-resolver-provider:jar:3.5.4
[DEBUG]   Included: org.apache.maven.resolver:maven-resolver-api:jar:1.1.1
[DEBUG]   Included: org.apache.maven.resolver:maven-resolver-util:jar:1.1.1
[DEBUG]   Included: org.apache.maven.resolver:maven-resolver-impl:jar:1.1.1
[DEBUG]   Included: org.codehaus.plexus:plexus-interpolation:jar:1.24
[DEBUG]   Included: org.codehaus.plexus:plexus-component-annotations:jar:1.7.1
[DEBUG]   Included: org.apache.maven:maven-builder-support:jar:3.5.4
[DEBUG]   Included: org.apache.maven.resolver:maven-resolver-spi:jar:1.1.1
[DEBUG]   Included: org.apache.maven.shared:maven-shared-utils:jar:3.2.1
[DEBUG]   Included: org.eclipse.sisu:org.eclipse.sisu.inject:jar:0.3.3
[DEBUG]   Included: com.google.inject:guice:jar:no_aop:4.2.0
[DEBUG]   Included: aopalliance:aopalliance:jar:1.0
[DEBUG]   Included: com.google.guava:guava:jar:20.0
[DEBUG]   Included: org.apache.commons:commons-lang3:jar:3.5
[DEBUG]   Included: org.eclipse.aether:aether-util:jar:1.0.2.v20150114
[DEBUG]   Included: backport-util-concurrent:backport-util-concurrent:jar:3.1
[DEBUG] Configuring mojo eu.stamp-project:dspot-maven:2.0.1-SNAPSHOT:amplify-unit-tests from plugin realm ClassRealm[plugin>eu.stamp-project:dspot-maven:2.0.1-SNAPSHOT, parent: sun.misc.Launcher$AppClassLoader@1b6d3586]
[DEBUG] Configuring mojo 'eu.stamp-project:dspot-maven:2.0.1-SNAPSHOT:amplify-unit-tests' with basic configurator -->
[DEBUG]   (f) amplifiers = [TestDataMutator, MethodAdd, MethodRemove, NullifierAmplifier]
[DEBUG]   (f) automaticBuilder = MavenBuilder
[DEBUG]   (f) budgetizer = SimpleBudgetizer
[DEBUG]   (f) cases = []
[DEBUG]   (f) clean = true
[DEBUG]   (f) descartes = true
[DEBUG]   (f) example = false
[DEBUG]   (f) generateNewTestClass = true
[DEBUG]   (f) help = false
[DEBUG]   (f) iteration = 2
[DEBUG]   (f) keepOriginalTestMethods = false
[DEBUG]   (f) maxTestAmplified = 100
[DEBUG]   (f) noMinimize = false
[DEBUG]   (f) outputPath = /tmp/dspot-experiments/results/april-2019/commons-io/commit_2_a4705cc/input_amplification/2
[DEBUG]   (f) pathToSecondVersion = /tmp/dspot-experiments/dataset/april-2019/commons-io
[DEBUG]   (f) pathToTestListCsv = /tmp/dspot-experiments/results/april-2019/commons-io/commit_2_a4705cc/parent_coverage_testsThatExecuteTheChanges.csv
[DEBUG]   (f) project = MavenProject: commons-io:commons-io:2.7-SNAPSHOT @ /tmp/dspot-experiments/dataset/april-2019/commons-io_parent/pom.xml
[DEBUG]   (f) randomSeed = 23
[DEBUG]   (f) targetOneTestClass = false
[DEBUG]   (f) test = [all]
[DEBUG]   (f) testCriterion = ChangeDetectorSelector
[DEBUG]   (f) timeOut = 10000
[DEBUG]   (f) useMavenToExeTest = false
[DEBUG]   (f) verbose = true
[DEBUG]   (f) withComment = false
[DEBUG]   (f) workingDirectory = true
[DEBUG] -- end configuration --
[INFO] Path to runner Classes: /home/bedanglot/.m2/repository/eu/stamp-project/test-runner/2.0.7/test-runner-2.0.7-jar-with-dependencies.jar
[INFO] /home/bedanglot/.m2/repository/org/jacoco/org.jacoco.core/0.7.9/org.jacoco.core-0.7.9.jar
[INFO] /home/bedanglot/.m2/repository/org/ow2/asm/asm-debug-all/5.2/asm-debug-all-5.2.jar
[INFO] /home/bedanglot/.m2/repository/eu/stamp-project/test-runner/2.0.7/test-runner-2.0.7-jar-with-dependencies.jar
[WARNING] : unknown automatic builder specified in configuration, going to default.
[INFO] Default: provided Maven automatic builder.
[INFO] Using /tmp/dspot-experiments/dataset/april-2019/commons-io_parent/pom.xml to run maven.
[INFO] Using /usr/share/maven/ for maven home
[INFO] run maven: /usr/share/maven//bin/mvn clean test -DskipTests dependency:build-classpath -Dmdep.outputFile=target/dspot/classpath
[WARN] Maven will be executed in interactive mode, but no input stream has been configured for this MavenInvoker instance.
[INFO] Scanning for projects...
[INFO]                                                                         
[INFO] ------------------------------------------------------------------------
[INFO] Building Apache Commons IO 2.7-SNAPSHOT
[INFO] ------------------------------------------------------------------------
[INFO] 
[INFO] --- maven-clean-plugin:3.0.0:clean (default-clean) @ commons-io ---
[INFO] Deleting /tmp/dspot-experiments/dataset/april-2019/commons-io_parent/target
[INFO] 
[INFO] --- maven-enforcer-plugin:1.4.1:enforce (enforce-maven-3) @ commons-io ---
[INFO] Skipping Rule Enforcement.
[INFO] 
[INFO] --- build-helper-maven-plugin:3.0.0:parse-version (parse-version) @ commons-io ---
[INFO] 
[INFO] --- maven-antrun-plugin:1.8:run (javadoc.resources) @ commons-io ---
[INFO] Executing tasks

main:
     [copy] Copying 2 files to /tmp/dspot-experiments/dataset/april-2019/commons-io_parent/target/apidocs/META-INF
[INFO] Executed tasks
[INFO] 
[INFO] --- maven-remote-resources-plugin:1.5:process (process-resource-bundles) @ commons-io ---
[INFO] 
[INFO] --- buildnumber-maven-plugin:1.4:create (default) @ commons-io ---
[INFO] Executing: /bin/sh -c cd '/tmp/dspot-experiments/dataset/april-2019/commons-io_parent' && 'git' 'rev-parse' '--verify' 'HEAD'
[INFO] Working directory: /tmp/dspot-experiments/dataset/april-2019/commons-io_parent
[INFO] Storing buildNumber: e9eb2d8b5a858bb6810c941ee7891c3adcf9949d at timestamp: 1557310642101
[INFO] Storing buildScmBranch: master
[INFO] 
[INFO] --- maven-resources-plugin:2.7:resources (default-resources) @ commons-io ---
[INFO] Using 'iso-8859-1' encoding to copy filtered resources.
[INFO] skip non existing resourceDirectory /tmp/dspot-experiments/dataset/april-2019/commons-io_parent/src/main/resources
[INFO] Copying 2 resources to META-INF
[INFO] 
[INFO] --- maven-compiler-plugin:3.7.0:compile (default-compile) @ commons-io ---
[INFO] Changes detected - recompiling the module!
[INFO] Compiling 119 source files to /tmp/dspot-experiments/dataset/april-2019/commons-io_parent/target/classes
[INFO] 
[INFO] --- maven-bundle-plugin:3.4.0:manifest (bundle-manifest) @ commons-io ---
[INFO] 
[INFO] --- animal-sniffer-maven-plugin:1.16:check (checkAPIcompatibility) @ commons-io ---
[INFO] Checking unresolved references to org.codehaus.mojo.signature:java17:1.0
[INFO] 
[INFO] --- maven-resources-plugin:2.7:testResources (default-testResources) @ commons-io ---
[INFO] Using 'iso-8859-1' encoding to copy filtered resources.
[INFO] Copying 20 resources
[INFO] Copying 2 resources to META-INF
[INFO] 
[INFO] --- maven-compiler-plugin:3.7.0:testCompile (default-testCompile) @ commons-io ---
[INFO] Changes detected - recompiling the module!
[INFO] Compiling 117 source files to /tmp/dspot-experiments/dataset/april-2019/commons-io_parent/target/test-classes
[INFO] /tmp/dspot-experiments/dataset/april-2019/commons-io_parent/src/test/java/org/apache/commons/io/input/TailerTest.java: Some input files use or override a deprecated API.
[INFO] /tmp/dspot-experiments/dataset/april-2019/commons-io_parent/src/test/java/org/apache/commons/io/input/TailerTest.java: Recompile with -Xlint:deprecation for details.
[INFO] 
[INFO] --- maven-surefire-plugin:2.20.1:test (default-test) @ commons-io ---
[INFO] Tests are skipped.
[INFO] 
[INFO] --- maven-dependency-plugin:2.10:build-classpath (default-cli) @ commons-io ---
[INFO] Wrote classpath file '/tmp/dspot-experiments/dataset/april-2019/commons-io_parent/target/dspot/classpath'.
[INFO] ------------------------------------------------------------------------
[INFO] BUILD SUCCESS
[INFO] ------------------------------------------------------------------------
[INFO] Total time: 6.362 s
[INFO] Finished at: 2019-05-08T12:17:26+02:00
[INFO] Final Memory: 39M/2095M
[INFO] ------------------------------------------------------------------------
[INFO] Amplification of org.apache.commons.io.monitor.FileAlterationMonitorTestCase (2 test(s))
[INFO] Assertion amplification of org.apache.commons.io.monitor.FileAlterationMonitorTestCase (2 test(s))
[DEBUG] Starting 15 Services...
[DEBUG] All Services successfully started, 15 Services in 5ms
[DEBUG] Creating Cache 'frameworkCache' in EhcacheManager.
[DEBUG] Serializer for <java.lang.String> : org.ehcache.impl.serialization.StringSerializer@786ff0ea
[DEBUG] Could not create serializers for frameworkCache
org.ehcache.spi.serialization.UnsupportedTypeException: No serializer found for type 'eu.stamp_project.test_framework.TestFrameworkSupport'
	at org.ehcache.impl.internal.spi.serialization.DefaultSerializationProvider.getSerializerClassFor(DefaultSerializationProvider.java:136)
	at org.ehcache.impl.internal.spi.serialization.DefaultSerializationProvider.createSerializer(DefaultSerializationProvider.java:98)
	at org.ehcache.impl.internal.spi.serialization.DefaultSerializationProvider.createValueSerializer(DefaultSerializationProvider.java:90)
	at org.ehcache.core.EhcacheManager.getStore(EhcacheManager.java:478)
	at org.ehcache.core.EhcacheManager.createNewEhcache(EhcacheManager.java:317)
	at org.ehcache.core.EhcacheManager.createCache(EhcacheManager.java:266)
	at org.ehcache.core.EhcacheManager.init(EhcacheManager.java:582)
	at org.ehcache.config.builders.CacheManagerBuilder.build(CacheManagerBuilder.java:72)
	at eu.stamp_project.utils.DSpotCache.<clinit>(DSpotCache.java:21)
	at eu.stamp_project.test_framework.TestFramework.getTestFramework(TestFramework.java:128)
	at eu.stamp_project.test_framework.TestFramework.isJUnit5(TestFramework.java:67)
	at eu.stamp_project.dspot.Amplification.amplification(Amplification.java:84)
	at eu.stamp_project.dspot.DSpot._amplify(DSpot.java:273)
	at eu.stamp_project.dspot.DSpot.lambda$amplifyTestClassesTestMethods$5(DSpot.java:254)
	at java.util.stream.ReferencePipeline$3$1.accept(ReferencePipeline.java:193)
	at java.util.ArrayList$ArrayListSpliterator.forEachRemaining(ArrayList.java:1382)
	at java.util.stream.AbstractPipeline.copyInto(AbstractPipeline.java:482)
	at java.util.stream.AbstractPipeline.wrapAndCopyInto(AbstractPipeline.java:472)
	at java.util.stream.ReduceOps$ReduceOp.evaluateSequential(ReduceOps.java:708)
	at java.util.stream.AbstractPipeline.evaluate(AbstractPipeline.java:234)
	at java.util.stream.ReferencePipeline.collect(ReferencePipeline.java:499)
	at eu.stamp_project.dspot.DSpot.amplifyTestClassesTestMethods(DSpot.java:255)
	at eu.stamp_project.Main.run(Main.java:65)
	at eu.stamp_project.DSpotMojo.execute(DSpotMojo.java:305)
	at org.apache.maven.plugin.DefaultBuildPluginManager.executeMojo(DefaultBuildPluginManager.java:134)
	at org.apache.maven.lifecycle.internal.MojoExecutor.execute(MojoExecutor.java:207)
	at org.apache.maven.lifecycle.internal.MojoExecutor.execute(MojoExecutor.java:153)
	at org.apache.maven.lifecycle.internal.MojoExecutor.execute(MojoExecutor.java:145)
	at org.apache.maven.lifecycle.internal.LifecycleModuleBuilder.buildProject(LifecycleModuleBuilder.java:116)
	at org.apache.maven.lifecycle.internal.LifecycleModuleBuilder.buildProject(LifecycleModuleBuilder.java:80)
	at org.apache.maven.lifecycle.internal.builder.singlethreaded.SingleThreadedBuilder.build(SingleThreadedBuilder.java:51)
	at org.apache.maven.lifecycle.internal.LifecycleStarter.execute(LifecycleStarter.java:128)
	at org.apache.maven.DefaultMaven.doExecute(DefaultMaven.java:307)
	at org.apache.maven.DefaultMaven.doExecute(DefaultMaven.java:193)
	at org.apache.maven.DefaultMaven.execute(DefaultMaven.java:106)
	at org.apache.maven.cli.MavenCli.execute(MavenCli.java:863)
	at org.apache.maven.cli.MavenCli.doMain(MavenCli.java:288)
	at org.apache.maven.cli.MavenCli.main(MavenCli.java:199)
	at sun.reflect.NativeMethodAccessorImpl.invoke0(Native Method)
	at sun.reflect.NativeMethodAccessorImpl.invoke(NativeMethodAccessorImpl.java:62)
	at sun.reflect.DelegatingMethodAccessorImpl.invoke(DelegatingMethodAccessorImpl.java:43)
	at java.lang.reflect.Method.invoke(Method.java:498)
	at org.codehaus.plexus.classworlds.launcher.Launcher.launchEnhanced(Launcher.java:289)
	at org.codehaus.plexus.classworlds.launcher.Launcher.launch(Launcher.java:229)
	at org.codehaus.plexus.classworlds.launcher.Launcher.mainWithExitCode(Launcher.java:415)
	at org.codehaus.plexus.classworlds.launcher.Launcher.main(Launcher.java:356)
[DEBUG] Copier for <java.lang.String> : org.ehcache.impl.copy.IdentityCopier@e521067
[DEBUG] Copier for <eu.stamp_project.test_framework.TestFrameworkSupport> : org.ehcache.impl.copy.IdentityCopier@3bab95ca
[DEBUG] Initialize successful.
[INFO] Cache 'frameworkCache' created in EhcacheManager.
[DEBUG] Initialize successful.
[WARNING] You gave an empty filter. To use PIT, it is recommend to specify a filter, at least, the top package of your program, otherwise, PIT may take a long time or could not be run.
[INFO] A new filter has been computed on the fly: org.apache.commons.io.*
[INFO] Using /tmp/dspot-experiments/dataset/april-2019/commons-io/pom.xml to run maven.
[INFO] Using /usr/share/maven/ for maven home
[INFO] run maven: /usr/share/maven//bin/mvn clean test -DskipTests
[WARN] Maven will be executed in interactive mode, but no input stream has been configured for this MavenInvoker instance.
[INFO] Scanning for projects...
[INFO]                                                                         
[INFO] ------------------------------------------------------------------------
[INFO] Building Apache Commons IO 2.7-SNAPSHOT
[INFO] ------------------------------------------------------------------------
[INFO] 
[INFO] --- maven-clean-plugin:3.0.0:clean (default-clean) @ commons-io ---
[INFO] Deleting /tmp/dspot-experiments/dataset/april-2019/commons-io/target
[INFO] 
[INFO] --- maven-enforcer-plugin:1.4.1:enforce (enforce-maven-3) @ commons-io ---
[INFO] Skipping Rule Enforcement.
[INFO] 
[INFO] --- build-helper-maven-plugin:3.0.0:parse-version (parse-version) @ commons-io ---
[INFO] 
[INFO] --- maven-antrun-plugin:1.8:run (javadoc.resources) @ commons-io ---
[INFO] Executing tasks

main:
     [copy] Copying 2 files to /tmp/dspot-experiments/dataset/april-2019/commons-io/target/apidocs/META-INF
[INFO] Executed tasks
[INFO] 
[INFO] --- maven-remote-resources-plugin:1.5:process (process-resource-bundles) @ commons-io ---
[INFO] 
[INFO] --- buildnumber-maven-plugin:1.4:create (default) @ commons-io ---
[INFO] Executing: /bin/sh -c cd '/tmp/dspot-experiments/dataset/april-2019/commons-io' && 'git' 'rev-parse' '--verify' 'HEAD'
[INFO] Working directory: /tmp/dspot-experiments/dataset/april-2019/commons-io
[INFO] Storing buildNumber: a4705cc3c310ffb422336b319891f63eef021f1c at timestamp: 1557310653989
[INFO] Storing buildScmBranch: master
[INFO] 
[INFO] --- maven-resources-plugin:2.7:resources (default-resources) @ commons-io ---
[INFO] Using 'iso-8859-1' encoding to copy filtered resources.
[INFO] skip non existing resourceDirectory /tmp/dspot-experiments/dataset/april-2019/commons-io/src/main/resources
[INFO] Copying 2 resources to META-INF
[INFO] 
[INFO] --- maven-compiler-plugin:3.7.0:compile (default-compile) @ commons-io ---
[INFO] Changes detected - recompiling the module!
[INFO] Compiling 119 source files to /tmp/dspot-experiments/dataset/april-2019/commons-io/target/classes
[INFO] 
[INFO] --- maven-bundle-plugin:3.4.0:manifest (bundle-manifest) @ commons-io ---
[INFO] 
[INFO] --- animal-sniffer-maven-plugin:1.16:check (checkAPIcompatibility) @ commons-io ---
[INFO] Checking unresolved references to org.codehaus.mojo.signature:java17:1.0
[INFO] 
[INFO] --- maven-resources-plugin:2.7:testResources (default-testResources) @ commons-io ---
[INFO] Using 'iso-8859-1' encoding to copy filtered resources.
[INFO] Copying 20 resources
[INFO] Copying 2 resources to META-INF
[INFO] 
[INFO] --- maven-compiler-plugin:3.7.0:testCompile (default-testCompile) @ commons-io ---
[INFO] Changes detected - recompiling the module!
[INFO] Compiling 117 source files to /tmp/dspot-experiments/dataset/april-2019/commons-io/target/test-classes
[INFO] /tmp/dspot-experiments/dataset/april-2019/commons-io/src/test/java/org/apache/commons/io/output/FileWriterWithEncodingTest.java: Some input files use or override a deprecated API.
[INFO] /tmp/dspot-experiments/dataset/april-2019/commons-io/src/test/java/org/apache/commons/io/output/FileWriterWithEncodingTest.java: Recompile with -Xlint:deprecation for details.
[INFO] 
[INFO] --- maven-surefire-plugin:2.20.1:test (default-test) @ commons-io ---
[INFO] Tests are skipped.
[INFO] ------------------------------------------------------------------------
[INFO] BUILD SUCCESS
[INFO] ------------------------------------------------------------------------
[INFO] Total time: 5.756 s
[INFO] Finished at: 2019-05-08T12:17:37+02:00
[INFO] Final Memory: 39M/2349M
[INFO] ------------------------------------------------------------------------
[INFO] Compiling with -proceedOnError -encoding UTF-8 -cp /tmp/dspot-experiments/dataset/april-2019/commons-io_parent/target/dspot/tmp_test_sources:/home/bedanglot/.m2/repository/junit/junit/4.12/junit-4.12.jar:/home/bedanglot/.m2/repository/org/hamcrest/hamcrest-core/1.3/hamcrest-core-1.3.jar:/tmp/dspot-experiments/dataset/april-2019/commons-io_parent/target/classes/:/tmp/dspot-experiments/dataset/april-2019/commons-io_parent/target/test-classes/:/tmp/dspot-experiments/dataset/april-2019/commons-io_parent/target/dspot/dependencies/: -d /tmp/dspot-experiments/dataset/april-2019/commons-io_parent/target/test-classes -1.8 -preserveAllLocals -noExit -enableJavadoc -proc:none /tmp/dspot-experiments/dataset/april-2019/commons-io_parent/target/dspot/tmp_test_sources/org/apache/commons/io/monitor/FileAlterationMonitorTestCase.java
[INFO] Run: java -classpath /tmp/dspot-experiments/dataset/april-2019/commons-io_parent/target/classes/:/tmp/dspot-experiments/dataset/april-2019/commons-io_parent/target/test-classes:/home/bedanglot/.m2/repository/junit/junit/4.12/junit-4.12.jar:/home/bedanglot/.m2/repository/org/hamcrest/hamcrest-core/1.3/hamcrest-core-1.3.jar:/tmp/dspot-experiments/dataset/april-2019/commons-io_parent/target/dspot/dependencies/:/home/bedanglot/.m2/repository/eu/stamp-project/test-runner/2.0.7/test-runner-2.0.7-jar-with-dependencies.jar eu.stamp_project.testrunner.runner.JUnit4Runner --class org.apache.commons.io.monitor.FileAlterationMonitorTestCase --tests testMonitor:testThreadFactory 
Parsing --class org.apache.commons.io.monitor.FileAlterationMonitorTestCase --tests testMonitor:testThreadFactory
File saved to the following path: /tmp/dspot-experiments/dataset/april-2019/commons-io_parent/target/dspot/TestResult.ser
Loading /tmp/dspot-experiments/dataset/april-2019/commons-io_parent/target/dspot/TestResult.ser
[INFO] Test has been run: testMonitor,testThreadFactory
[INFO] Run tests. (2)
[INFO] Compiling with -proceedOnError -encoding UTF-8 -cp /tmp/dspot-experiments/dataset/april-2019/commons-io_parent/target/dspot/tmp_test_sources:/home/bedanglot/.m2/repository/junit/junit/4.12/junit-4.12.jar:/home/bedanglot/.m2/repository/org/hamcrest/hamcrest-core/1.3/hamcrest-core-1.3.jar:/tmp/dspot-experiments/dataset/april-2019/commons-io_parent/target/classes/:/tmp/dspot-experiments/dataset/april-2019/commons-io_parent/target/test-classes/:/tmp/dspot-experiments/dataset/april-2019/commons-io_parent/target/dspot/dependencies/: -d /tmp/dspot-experiments/dataset/april-2019/commons-io_parent/target/test-classes -1.8 -preserveAllLocals -noExit -enableJavadoc -proc:none /tmp/dspot-experiments/dataset/april-2019/commons-io_parent/target/dspot/tmp_test_sources/org/apache/commons/io/monitor/FileAlterationMonitorTestCase.java
[INFO] Run: java -classpath /tmp/dspot-experiments/dataset/april-2019/commons-io_parent/target/classes/:/tmp/dspot-experiments/dataset/april-2019/commons-io_parent/target/test-classes:/home/bedanglot/.m2/repository/junit/junit/4.12/junit-4.12.jar:/home/bedanglot/.m2/repository/org/hamcrest/hamcrest-core/1.3/hamcrest-core-1.3.jar:/tmp/dspot-experiments/dataset/april-2019/commons-io_parent/target/dspot/dependencies/:/home/bedanglot/.m2/repository/eu/stamp-project/test-runner/2.0.7/test-runner-2.0.7-jar-with-dependencies.jar eu.stamp_project.testrunner.runner.JUnit4Runner --class org.apache.commons.io.monitor.FileAlterationMonitorTestCase --tests testMonitor:testThreadFactory 
Parsing --class org.apache.commons.io.monitor.FileAlterationMonitorTestCase --tests testMonitor:testThreadFactory
File saved to the following path: /tmp/dspot-experiments/dataset/april-2019/commons-io_parent/target/dspot/TestResult.ser
Loading /tmp/dspot-experiments/dataset/april-2019/commons-io_parent/target/dspot/TestResult.ser
[INFO] Test has been run: testThreadFactory,testMonitor(org.apache.commons.io.monitor.FileAlterationMonitorTestCase): Monitor is already running
[INFO] 1 test pass, generating assertion...
[INFO] Add observations points in passing tests.
[INFO] Instrumentation...
100% |================================================== ]/
[INFO] Run instrumented tests. (3)
[INFO] Compiling with -proceedOnError -encoding UTF-8 -cp /tmp/dspot-experiments/dataset/april-2019/commons-io_parent/target/dspot/tmp_test_sources:/home/bedanglot/.m2/repository/junit/junit/4.12/junit-4.12.jar:/home/bedanglot/.m2/repository/org/hamcrest/hamcrest-core/1.3/hamcrest-core-1.3.jar:/tmp/dspot-experiments/dataset/april-2019/commons-io_parent/target/classes/:/tmp/dspot-experiments/dataset/april-2019/commons-io_parent/target/test-classes/:/tmp/dspot-experiments/dataset/april-2019/commons-io_parent/target/dspot/dependencies/: -d /tmp/dspot-experiments/dataset/april-2019/commons-io_parent/target/test-classes -1.8 -preserveAllLocals -noExit -enableJavadoc -proc:none /tmp/dspot-experiments/dataset/april-2019/commons-io_parent/target/dspot/tmp_test_sources/org/apache/commons/io/monitor/FileAlterationMonitorTestCase.java
[INFO] Run: java -classpath /tmp/dspot-experiments/dataset/april-2019/commons-io_parent/target/classes/:/tmp/dspot-experiments/dataset/april-2019/commons-io_parent/target/test-classes:/home/bedanglot/.m2/repository/junit/junit/4.12/junit-4.12.jar:/home/bedanglot/.m2/repository/org/hamcrest/hamcrest-core/1.3/hamcrest-core-1.3.jar:/tmp/dspot-experiments/dataset/april-2019/commons-io_parent/target/dspot/dependencies/:/home/bedanglot/.m2/repository/eu/stamp-project/test-runner/2.0.7/test-runner-2.0.7-jar-with-dependencies.jar eu.stamp_project.testrunner.runner.JUnit4Runner --class org.apache.commons.io.monitor.FileAlterationMonitorTestCase --tests testThreadFactory_withlog0:testThreadFactory_withlog1:testThreadFactory_withlog2 
Parsing --class org.apache.commons.io.monitor.FileAlterationMonitorTestCase --tests testThreadFactory_withlog0:testThreadFactory_withlog1:testThreadFactory_withlog2
File saved to the following path: /tmp/dspot-experiments/dataset/april-2019/commons-io_parent/target/dspot/observations.ser
File saved to the following path: /tmp/dspot-experiments/dataset/april-2019/commons-io_parent/target/dspot/TestResult.ser
Loading /tmp/dspot-experiments/dataset/april-2019/commons-io_parent/target/dspot/TestResult.ser
[INFO] Test has been run: testThreadFactory_withlog0,testThreadFactory_withlog1,testThreadFactory_withlog2
[INFO] Generating assertions...
[INFO] 1 test fail, generating try/catch/fail blocks...
[INFO] 2 new tests with assertions generated
[INFO] Compiling with -proceedOnError -encoding UTF-8 -cp /tmp/dspot-experiments/dataset/april-2019/commons-io_parent/target/dspot/tmp_test_sources:/home/bedanglot/.m2/repository/junit/junit/4.12/junit-4.12.jar:/home/bedanglot/.m2/repository/org/hamcrest/hamcrest-core/1.3/hamcrest-core-1.3.jar:/tmp/dspot-experiments/dataset/april-2019/commons-io_parent/target/classes/:/tmp/dspot-experiments/dataset/april-2019/commons-io_parent/target/test-classes/:/tmp/dspot-experiments/dataset/april-2019/commons-io_parent/target/dspot/dependencies/: -d /tmp/dspot-experiments/dataset/april-2019/commons-io_parent/target/test-classes -1.8 -preserveAllLocals -noExit -enableJavadoc -proc:none /tmp/dspot-experiments/dataset/april-2019/commons-io_parent/target/dspot/tmp_test_sources/org/apache/commons/io/monitor/FileAlterationMonitorTestCase.java
[INFO] Run: java -classpath /tmp/dspot-experiments/dataset/april-2019/commons-io_parent/target/classes/:/tmp/dspot-experiments/dataset/april-2019/commons-io_parent/target/test-classes:/home/bedanglot/.m2/repository/junit/junit/4.12/junit-4.12.jar:/home/bedanglot/.m2/repository/org/hamcrest/hamcrest-core/1.3/hamcrest-core-1.3.jar:/tmp/dspot-experiments/dataset/april-2019/commons-io_parent/target/dspot/dependencies/:/home/bedanglot/.m2/repository/eu/stamp-project/test-runner/2.0.7/test-runner-2.0.7-jar-with-dependencies.jar eu.stamp_project.testrunner.runner.JUnit4Runner --class org.apache.commons.io.monitor.FileAlterationMonitorTestCase --tests testThreadFactory:testMonitor_failAssert0 
Parsing --class org.apache.commons.io.monitor.FileAlterationMonitorTestCase --tests testThreadFactory:testMonitor_failAssert0
File saved to the following path: /tmp/dspot-experiments/dataset/april-2019/commons-io_parent/target/dspot/TestResult.ser
Loading /tmp/dspot-experiments/dataset/april-2019/commons-io_parent/target/dspot/TestResult.ser
[INFO] Test has been run: testMonitor_failAssert0,testThreadFactory
[INFO] Assertion amplification: 2 test method(s) has been successfully amplified.
[WARN] 2019-05-08 12:17:41 Launcher - You specified the directory /tmp/dspot-experiments/dataset/april-2019/commons-io/target/classes in source classpath, please note that only class files will be considered. Jars and subdirectories will be ignored.
[WARN] 2019-05-08 12:17:41 Launcher - You specified the directory /tmp/dspot-experiments/dataset/april-2019/commons-io/target/test-classes in source classpath, please note that only class files will be considered. Jars and subdirectories will be ignored.
[WARN] 2019-05-08 12:17:41 Launcher - You specified the directory /tmp/dspot-experiments/dataset/april-2019/commons-io/target/dspot/dependencies in source classpath, please note that only class files will be considered. Jars and subdirectories will be ignored.
[INFO] Run: java -classpath /tmp/dspot-experiments/dataset/april-2019/commons-io/target/classes/:/tmp/dspot-experiments/dataset/april-2019/commons-io/target/test-classes/:/home/bedanglot/.m2/repository/junit/junit/4.12/junit-4.12.jar:/home/bedanglot/.m2/repository/org/hamcrest/hamcrest-core/1.3/hamcrest-core-1.3.jar:/tmp/dspot-experiments/dataset/april-2019/commons-io/target/dspot/dependencies/:/home/bedanglot/.m2/repository/eu/stamp-project/test-runner/2.0.7/test-runner-2.0.7-jar-with-dependencies.jar eu.stamp_project.testrunner.runner.JUnit4Runner --class org.apache.commons.io.monitor.FileAlterationMonitorTestCase --tests testThreadFactory:testMonitor_failAssert0 
Parsing --class org.apache.commons.io.monitor.FileAlterationMonitorTestCase --tests testThreadFactory:testMonitor_failAssert0
File saved to the following path: /tmp/dspot-experiments/dataset/april-2019/commons-io_parent/target/dspot/TestResult.ser
Loading /tmp/dspot-experiments/dataset/april-2019/commons-io_parent/target/dspot/TestResult.ser
[INFO] Test has been run: testMonitor_failAssert0,testThreadFactory
[INFO] 0 amplified test methods has been selected to be kept. (global: 0)
[INFO] Applying Input-amplification and Assertion-amplification test by test.
[INFO] Amplification of testMonitor, (1/2)
[INFO] iteration 0 / 2
[INFO] 1 tests selected to be amplified over 1 available tests
[INFO] Amplification of inputs...
[INFO] Time to amplify: 114ms
  1% | ]/[INFO] 25 new tests generated
[INFO] Run tests. (25)
[INFO] Compiling with -proceedOnError -encoding UTF-8 -cp /tmp/dspot-experiments/dataset/april-2019/commons-io_parent/target/dspot/tmp_test_sources:/home/bedanglot/.m2/repository/junit/junit/4.12/junit-4.12.jar:/home/bedanglot/.m2/repository/org/hamcrest/hamcrest-core/1.3/hamcrest-core-1.3.jar:/tmp/dspot-experiments/dataset/april-2019/commons-io_parent/target/classes/:/tmp/dspot-experiments/dataset/april-2019/commons-io_parent/target/test-classes/:/tmp/dspot-experiments/dataset/april-2019/commons-io_parent/target/dspot/dependencies/: -d /tmp/dspot-experiments/dataset/april-2019/commons-io_parent/target/test-classes -1.8 -preserveAllLocals -noExit -enableJavadoc -proc:none /tmp/dspot-experiments/dataset/april-2019/commons-io_parent/target/dspot/tmp_test_sources/org/apache/commons/io/monitor/FileAlterationMonitorTestCase.java
[INFO] Run: java -classpath /tmp/dspot-experiments/dataset/april-2019/commons-io_parent/target/classes/:/tmp/dspot-experiments/dataset/april-2019/commons-io_parent/target/test-classes:/home/bedanglot/.m2/repository/junit/junit/4.12/junit-4.12.jar:/home/bedanglot/.m2/repository/org/hamcrest/hamcrest-core/1.3/hamcrest-core-1.3.jar:/tmp/dspot-experiments/dataset/april-2019/commons-io_parent/target/dspot/dependencies/:/home/bedanglot/.m2/repository/eu/stamp-project/test-runner/2.0.7/test-runner-2.0.7-jar-with-dependencies.jar eu.stamp_project.testrunner.runner.JUnit4Runner --class org.apache.commons.io.monitor.FileAlterationMonitorTestCase --tests testMonitor_remove20:testMonitor_remove25:testMonitor_remove22:testMonitor_remove19:testMonitor_remove21:testMonitor_remove23:testMonitor_remove24:testMonitor_literalMutationNumber4:testMonitor_literalMutationNumber5:testMonitor_literalMutationNumber1:testMonitor_literalMutationNumber2:testMonitor_literalMutationNumber3:testMonitor_add15:testMonitor_add17:testMonitor_add14:testMonitor_add12:testMonitor_add10:testMonitor_add18:testMonitor_add8:testMonitor_add11:testMonitor_add13:testMonitor_add6:testMonitor_add7:testMonitor_add9:testMonitor_add16 
Parsing --class org.apache.commons.io.monitor.FileAlterationMonitorTestCase --tests testMonitor_remove20:testMonitor_remove25:testMonitor_remove22:testMonitor_remove19:testMonitor_remove21:testMonitor_remove23:testMonitor_remove24:testMonitor_literalMutationNumber4:testMonitor_literalMutationNumber5:testMonitor_literalMutationNumber1:testMonitor_literalMutationNumber2:testMonitor_literalMutationNumber3:testMonitor_add15:testMonitor_add17:testMonitor_add14:testMonitor_add12:testMonitor_add10:testMonitor_add18:testMonitor_add8:testMonitor_add11:testMonitor_add13:testMonitor_add6:testMonitor_add7:testMonitor_add9:testMonitor_add16
File saved to the following path: /tmp/dspot-experiments/dataset/april-2019/commons-io_parent/target/dspot/TestResult.ser
Loading /tmp/dspot-experiments/dataset/april-2019/commons-io_parent/target/dspot/TestResult.ser
[INFO] Test has been run: testMonitor_add6(org.apache.commons.io.monitor.FileAlterationMonitorTestCase): Monitor is already running,testMonitor_add7(org.apache.commons.io.monitor.FileAlterationMonitorTestCase): Monitor is already running,testMonitor_add8(org.apache.commons.io.monitor.FileAlterationMonitorTestCase): Monitor is already running,testMonitor_add9(org.apache.commons.io.monitor.FileAlterationMonitorTestCase): Monitor is already running,testMonitor_add10(org.apache.commons.io.monitor.FileAlterationMonitorTestCase): Monitor is already running,testMonitor_add11(org.apache.commons.io.monitor.FileAlterationMonitorTestCase): Monitor is already running,testMonitor_add12(org.apache.commons.io.monitor.FileAlterationMonitorTestCase): Monitor is already running,testMonitor_add13(org.apache.commons.io.monitor.FileAlterationMonitorTestCase): Monitor is already running,testMonitor_add14(org.apache.commons.io.monitor.FileAlterationMonitorTestCase): Monitor is already running,testMonitor_add15(org.apache.commons.io.monitor.FileAlterationMonitorTestCase): Monitor is already running,testMonitor_add16(org.apache.commons.io.monitor.FileAlterationMonitorTestCase): Monitor is already running,testMonitor_add17(org.apache.commons.io.monitor.FileAlterationMonitorTestCase): Monitor is already running,testMonitor_add18(org.apache.commons.io.monitor.FileAlterationMonitorTestCase): Monitor is already running,testMonitor_literalMutationNumber1(org.apache.commons.io.monitor.FileAlterationMonitorTestCase): Monitor is already running,testMonitor_literalMutationNumber2(org.apache.commons.io.monitor.FileAlterationMonitorTestCase): Monitor is already running,testMonitor_literalMutationNumber3(org.apache.commons.io.monitor.FileAlterationMonitorTestCase): Monitor is already running,testMonitor_literalMutationNumber4(org.apache.commons.io.monitor.FileAlterationMonitorTestCase): Monitor is already running,testMonitor_literalMutationNumber5(org.apache.commons.io.monitor.FileAlterationMonitorTestCase): Monitor is already running,testMonitor_remove19(org.apache.commons.io.monitor.FileAlterationMonitorTestCase): Monitor is already running,testMonitor_remove20(org.apache.commons.io.monitor.FileAlterationMonitorTestCase): Monitor is not running,testMonitor_remove21(org.apache.commons.io.monitor.FileAlterationMonitorTestCase): Monitor is already running,testMonitor_remove22(org.apache.commons.io.monitor.FileAlterationMonitorTestCase): Monitor is already running,testMonitor_remove23(org.apache.commons.io.monitor.FileAlterationMonitorTestCase): Monitor is already running,testMonitor_remove24(org.apache.commons.io.monitor.FileAlterationMonitorTestCase): Monitor is already running,testMonitor_remove25(org.apache.commons.io.monitor.FileAlterationMonitorTestCase): Monitor is already running
[INFO] 25 test fail, generating try/catch/fail blocks...
[INFO] 25 new tests with assertions generated
[INFO] Compiling with -proceedOnError -encoding UTF-8 -cp /tmp/dspot-experiments/dataset/april-2019/commons-io_parent/target/dspot/tmp_test_sources:/home/bedanglot/.m2/repository/junit/junit/4.12/junit-4.12.jar:/home/bedanglot/.m2/repository/org/hamcrest/hamcrest-core/1.3/hamcrest-core-1.3.jar:/tmp/dspot-experiments/dataset/april-2019/commons-io_parent/target/classes/:/tmp/dspot-experiments/dataset/april-2019/commons-io_parent/target/test-classes/:/tmp/dspot-experiments/dataset/april-2019/commons-io_parent/target/dspot/dependencies/: -d /tmp/dspot-experiments/dataset/april-2019/commons-io_parent/target/test-classes -1.8 -preserveAllLocals -noExit -enableJavadoc -proc:none /tmp/dspot-experiments/dataset/april-2019/commons-io_parent/target/dspot/tmp_test_sources/org/apache/commons/io/monitor/FileAlterationMonitorTestCase.java
[INFO] Run: java -classpath /tmp/dspot-experiments/dataset/april-2019/commons-io_parent/target/classes/:/tmp/dspot-experiments/dataset/april-2019/commons-io_parent/target/test-classes:/home/bedanglot/.m2/repository/junit/junit/4.12/junit-4.12.jar:/home/bedanglot/.m2/repository/org/hamcrest/hamcrest-core/1.3/hamcrest-core-1.3.jar:/tmp/dspot-experiments/dataset/april-2019/commons-io_parent/target/dspot/dependencies/:/home/bedanglot/.m2/repository/eu/stamp-project/test-runner/2.0.7/test-runner-2.0.7-jar-with-dependencies.jar eu.stamp_project.testrunner.runner.JUnit4Runner --class org.apache.commons.io.monitor.FileAlterationMonitorTestCase --tests testMonitor_remove20_failAssert0:testMonitor_remove25_failAssert0:testMonitor_remove22_failAssert0:testMonitor_remove19_failAssert0:testMonitor_remove21_failAssert0:testMonitor_remove23_failAssert0:testMonitor_remove24_failAssert0:testMonitor_literalMutationNumber4_failAssert0:testMonitor_literalMutationNumber5_failAssert0:testMonitor_literalMutationNumber1_failAssert0:testMonitor_literalMutationNumber2_failAssert0:testMonitor_literalMutationNumber3_failAssert0:testMonitor_add15_failAssert0:testMonitor_add17_failAssert0:testMonitor_add14_failAssert0:testMonitor_add12_failAssert0:testMonitor_add10_failAssert0:testMonitor_add18_failAssert0:testMonitor_add8_failAssert0:testMonitor_add11_failAssert0:testMonitor_add13_failAssert0:testMonitor_add6_failAssert0:testMonitor_add7_failAssert0:testMonitor_add9_failAssert0:testMonitor_add16_failAssert0 
Parsing --class org.apache.commons.io.monitor.FileAlterationMonitorTestCase --tests testMonitor_remove20_failAssert0:testMonitor_remove25_failAssert0:testMonitor_remove22_failAssert0:testMonitor_remove19_failAssert0:testMonitor_remove21_failAssert0:testMonitor_remove23_failAssert0:testMonitor_remove24_failAssert0:testMonitor_literalMutationNumber4_failAssert0:testMonitor_literalMutationNumber5_failAssert0:testMonitor_literalMutationNumber1_failAssert0:testMonitor_literalMutationNumber2_failAssert0:testMonitor_literalMutationNumber3_failAssert0:testMonitor_add15_failAssert0:testMonitor_add17_failAssert0:testMonitor_add14_failAssert0:testMonitor_add12_failAssert0:testMonitor_add10_failAssert0:testMonitor_add18_failAssert0:testMonitor_add8_failAssert0:testMonitor_add11_failAssert0:testMonitor_add13_failAssert0:testMonitor_add6_failAssert0:testMonitor_add7_failAssert0:testMonitor_add9_failAssert0:testMonitor_add16_failAssert0
File saved to the following path: /tmp/dspot-experiments/dataset/april-2019/commons-io_parent/target/dspot/TestResult.ser
Loading /tmp/dspot-experiments/dataset/april-2019/commons-io_parent/target/dspot/TestResult.ser
[INFO] Test has been run: testMonitor_add9_failAssert0,testMonitor_remove19_failAssert0,testMonitor_literalMutationNumber4_failAssert0,testMonitor_add8_failAssert0,testMonitor_literalMutationNumber3_failAssert0,testMonitor_add7_failAssert0,testMonitor_literalMutationNumber2_failAssert0,testMonitor_remove25_failAssert0,testMonitor_add6_failAssert0,testMonitor_literalMutationNumber1_failAssert0,testMonitor_remove24_failAssert0,testMonitor_remove23_failAssert0,testMonitor_add18_failAssert0,testMonitor_remove22_failAssert0,testMonitor_add17_failAssert0,testMonitor_remove21_failAssert0,testMonitor_add16_failAssert0,testMonitor_remove20_failAssert0,testMonitor_add15_failAssert0,testMonitor_add14_failAssert0,testMonitor_add13_failAssert0,testMonitor_add12_failAssert0,testMonitor_add11_failAssert0,testMonitor_add10_failAssert0,testMonitor_literalMutationNumber5_failAssert0
[INFO] Assertion amplification: 25 test method(s) has been successfully amplified.
[WARN] 2019-05-08 12:17:45 Launcher - You specified the directory /tmp/dspot-experiments/dataset/april-2019/commons-io/target/classes in source classpath, please note that only class files will be considered. Jars and subdirectories will be ignored.
[WARN] 2019-05-08 12:17:45 Launcher - You specified the directory /tmp/dspot-experiments/dataset/april-2019/commons-io/target/test-classes in source classpath, please note that only class files will be considered. Jars and subdirectories will be ignored.
[WARN] 2019-05-08 12:17:45 Launcher - You specified the directory /tmp/dspot-experiments/dataset/april-2019/commons-io/target/dspot/dependencies in source classpath, please note that only class files will be considered. Jars and subdirectories will be ignored.
[INFO] Run: java -classpath /tmp/dspot-experiments/dataset/april-2019/commons-io/target/classes/:/tmp/dspot-experiments/dataset/april-2019/commons-io/target/test-classes/:/home/bedanglot/.m2/repository/junit/junit/4.12/junit-4.12.jar:/home/bedanglot/.m2/repository/org/hamcrest/hamcrest-core/1.3/hamcrest-core-1.3.jar:/tmp/dspot-experiments/dataset/april-2019/commons-io/target/dspot/dependencies/:/home/bedanglot/.m2/repository/eu/stamp-project/test-runner/2.0.7/test-runner-2.0.7-jar-with-dependencies.jar eu.stamp_project.testrunner.runner.JUnit4Runner --class org.apache.commons.io.monitor.FileAlterationMonitorTestCase --tests testMonitor_remove20_failAssert0:testMonitor_remove25_failAssert0:testMonitor_remove22_failAssert0:testMonitor_remove19_failAssert0:testMonitor_remove21_failAssert0:testMonitor_remove23_failAssert0:testMonitor_remove24_failAssert0:testMonitor_literalMutationNumber4_failAssert0:testMonitor_literalMutationNumber5_failAssert0:testMonitor_literalMutationNumber1_failAssert0:testMonitor_literalMutationNumber2_failAssert0:testMonitor_literalMutationNumber3_failAssert0:testMonitor_add15_failAssert0:testMonitor_add17_failAssert0:testMonitor_add14_failAssert0:testMonitor_add12_failAssert0:testMonitor_add10_failAssert0:testMonitor_add18_failAssert0:testMonitor_add8_failAssert0:testMonitor_add11_failAssert0:testMonitor_add13_failAssert0:testMonitor_add6_failAssert0:testMonitor_add7_failAssert0:testMonitor_add9_failAssert0:testMonitor_add16_failAssert0 
Parsing --class org.apache.commons.io.monitor.FileAlterationMonitorTestCase --tests testMonitor_remove20_failAssert0:testMonitor_remove25_failAssert0:testMonitor_remove22_failAssert0:testMonitor_remove19_failAssert0:testMonitor_remove21_failAssert0:testMonitor_remove23_failAssert0:testMonitor_remove24_failAssert0:testMonitor_literalMutationNumber4_failAssert0:testMonitor_literalMutationNumber5_failAssert0:testMonitor_literalMutationNumber1_failAssert0:testMonitor_literalMutationNumber2_failAssert0:testMonitor_literalMutationNumber3_failAssert0:testMonitor_add15_failAssert0:testMonitor_add17_failAssert0:testMonitor_add14_failAssert0:testMonitor_add12_failAssert0:testMonitor_add10_failAssert0:testMonitor_add18_failAssert0:testMonitor_add8_failAssert0:testMonitor_add11_failAssert0:testMonitor_add13_failAssert0:testMonitor_add6_failAssert0:testMonitor_add7_failAssert0:testMonitor_add9_failAssert0:testMonitor_add16_failAssert0
File saved to the following path: /tmp/dspot-experiments/dataset/april-2019/commons-io_parent/target/dspot/TestResult.ser
Loading /tmp/dspot-experiments/dataset/april-2019/commons-io_parent/target/dspot/TestResult.ser
[INFO] Test has been run: testMonitor_add9_failAssert0,testMonitor_remove19_failAssert0,testMonitor_literalMutationNumber4_failAssert0,testMonitor_add8_failAssert0,testMonitor_literalMutationNumber3_failAssert0,testMonitor_add7_failAssert0,testMonitor_literalMutationNumber2_failAssert0,testMonitor_remove25_failAssert0,testMonitor_add6_failAssert0,testMonitor_literalMutationNumber1_failAssert0,testMonitor_remove24_failAssert0,testMonitor_remove23_failAssert0,testMonitor_add18_failAssert0,testMonitor_remove22_failAssert0,testMonitor_add17_failAssert0,testMonitor_remove21_failAssert0,testMonitor_add16_failAssert0,testMonitor_remove20_failAssert0,testMonitor_add15_failAssert0,testMonitor_add14_failAssert0,testMonitor_add13_failAssert0,testMonitor_add12_failAssert0,testMonitor_add11_failAssert0,testMonitor_add10_failAssert0,testMonitor_literalMutationNumber5_failAssert0
[INFO] 0 amplified test methods has been selected to be kept.
[INFO] iteration 1 / 2
[INFO] 25 tests selected to be amplified over 25 available tests
[INFO] Amplification of inputs...
[INFO] Time to amplify: 999ms
  1% | ]/ 51% |========================= ]\[INFO] 100 new tests generated
[INFO] Run tests. (100)
[INFO] Compiling with -proceedOnError -encoding UTF-8 -cp /tmp/dspot-experiments/dataset/april-2019/commons-io_parent/target/dspot/tmp_test_sources:/home/bedanglot/.m2/repository/junit/junit/4.12/junit-4.12.jar:/home/bedanglot/.m2/repository/org/hamcrest/hamcrest-core/1.3/hamcrest-core-1.3.jar:/tmp/dspot-experiments/dataset/april-2019/commons-io_parent/target/classes/:/tmp/dspot-experiments/dataset/april-2019/commons-io_parent/target/test-classes/:/tmp/dspot-experiments/dataset/april-2019/commons-io_parent/target/dspot/dependencies/: -d /tmp/dspot-experiments/dataset/april-2019/commons-io_parent/target/test-classes -1.8 -preserveAllLocals -noExit -enableJavadoc -proc:none /tmp/dspot-experiments/dataset/april-2019/commons-io_parent/target/dspot/tmp_test_sources/org/apache/commons/io/monitor/FileAlterationMonitorTestCase.java
[INFO] Run: java -classpath /tmp/dspot-experiments/dataset/april-2019/commons-io_parent/target/classes/:/tmp/dspot-experiments/dataset/april-2019/commons-io_parent/target/test-classes:/home/bedanglot/.m2/repository/junit/junit/4.12/junit-4.12.jar:/home/bedanglot/.m2/repository/org/hamcrest/hamcrest-core/1.3/hamcrest-core-1.3.jar:/tmp/dspot-experiments/dataset/april-2019/commons-io_parent/target/dspot/dependencies/:/home/bedanglot/.m2/repository/eu/stamp-project/test-runner/2.0.7/test-runner-2.0.7-jar-with-dependencies.jar eu.stamp_project.testrunner.runner.JUnit4Runner --class org.apache.commons.io.monitor.FileAlterationMonitorTestCase --tests testMonitor_remove25_failAssert0_literalMutationNumber85:testMonitor_remove22_failAssert0_literalMutationNumber90:testMonitor_remove19_failAssert0_literalMutationNumber93:testMonitor_remove23_failAssert0_literalMutationNumber105:testMonitor_remove24_failAssert0_literalMutationNumber110:testMonitor_literalMutationNumber3_failAssert0_literalMutationNumber134:testMonitor_literalMutationNumber4_failAssert0_literalMutationNumber112:testMonitor_literalMutationNumber2_failAssert0_literalMutationNumber128:testMonitor_literalMutationNumber5_failAssert0_literalMutationNumber118:testMonitor_literalMutationNumber1_failAssert0_literalMutationNumber121:testMonitor_add9_failAssert0_literalMutationNumber193:testMonitor_add8_failAssert0_literalMutationNumber169:testMonitor_add7_failAssert0_literalMutationNumber187:testMonitor_add18_failAssert0_literalMutationNumber164:testMonitor_add6_failAssert0_literalMutationNumber184:testMonitor_add17_failAssert0_literalMutationNumber140:testMonitor_add16_failAssert0_literalMutationNumber197:testMonitor_add15_failAssert0_literalMutationNumber136:testMonitor_add12_failAssert0_literalMutationNumber151:testMonitor_add14_failAssert0_literalMutationNumber148:testMonitor_add10_failAssert0_literalMutationNumber157:testMonitor_remove21_failAssert0_literalMutationNumber99:testMonitor_add13_failAssert0_literalMutationNumber175:testMonitor_remove20_failAssert0_literalMutationNumber77:testMonitor_add11_failAssert0_literalMutationNumber173:testMonitor_remove25_failAssert0_add221:testMonitor_remove22_failAssert0_add231:testMonitor_remove19_failAssert0_add239:testMonitor_remove23_failAssert0_add271:testMonitor_remove24_failAssert0_add279:testMonitor_literalMutationNumber3_failAssert0_add354:testMonitor_literalMutationNumber4_failAssert0_add301:testMonitor_literalMutationNumber2_failAssert0_add340:testMonitor_literalMutationNumber5_failAssert0_add312:testMonitor_literalMutationNumber1_failAssert0_add320:testMonitor_add9_failAssert0_add529:testMonitor_add8_failAssert0_add454:testMonitor_add7_failAssert0_add521:testMonitor_add18_failAssert0_add449:testMonitor_add6_failAssert0_add503:testMonitor_add17_failAssert0_add377:testMonitor_add16_failAssert0_add551:testMonitor_add15_failAssert0_add372:testMonitor_add12_failAssert0_add407:testMonitor_add14_failAssert0_add403:testMonitor_add10_failAssert0_add435:testMonitor_remove21_failAssert0_add262:testMonitor_add13_failAssert0_add482:testMonitor_remove20_failAssert0_add203:testMonitor_add11_failAssert0_add473:testMonitor_remove25_failAssert0_literalMutationNumber83:testMonitor_remove22_failAssert0_literalMutationNumber89:testMonitor_remove19_failAssert0_literalMutationNumber94:testMonitor_remove23_failAssert0_literalMutationNumber103:testMonitor_remove24_failAssert0_literalMutationNumber109:testMonitor_literalMutationNumber3_failAssert0_literalMutationNumber132:testMonitor_literalMutationNumber4_failAssert0_literalMutationNumber113:testMonitor_literalMutationNumber2_failAssert0_literalMutationNumber126:testMonitor_literalMutationNumber5_failAssert0_literalMutationNumber120:testMonitor_literalMutationNumber1_failAssert0_literalMutationNumber123:testMonitor_add9_failAssert0_literalMutationNumber191:testMonitor_add8_failAssert0_literalMutationNumber168:testMonitor_add7_failAssert0_literalMutationNumber186:testMonitor_add18_failAssert0_literalMutationNumber163:testMonitor_add6_failAssert0_literalMutationNumber183:testMonitor_add17_failAssert0_literalMutationNumber141:testMonitor_add16_failAssert0_literalMutationNumber196:testMonitor_add15_failAssert0_literalMutationNumber139:testMonitor_add12_failAssert0_literalMutationNumber152:testMonitor_add14_failAssert0_literalMutationNumber149:testMonitor_add10_failAssert0_literalMutationNumber158:testMonitor_remove21_failAssert0_literalMutationNumber98:testMonitor_add13_failAssert0_literalMutationNumber176:testMonitor_remove20_failAssert0_literalMutationNumber79:testMonitor_add11_failAssert0_literalMutationNumber174:testMonitor_remove25_failAssert0_add224:testMonitor_remove22_failAssert0_add233:testMonitor_remove19_failAssert0_add246:testMonitor_remove23_failAssert0_add270:testMonitor_remove24_failAssert0_add289:testMonitor_literalMutationNumber3_failAssert0_add347:testMonitor_literalMutationNumber4_failAssert0_add303:testMonitor_literalMutationNumber2_failAssert0_add335:testMonitor_literalMutationNumber5_failAssert0_add305:testMonitor_literalMutationNumber1_failAssert0_add323:testMonitor_add9_failAssert0_add540:testMonitor_add8_failAssert0_add456:testMonitor_add7_failAssert0_add519:testMonitor_add18_failAssert0_add445:testMonitor_add6_failAssert0_add504:testMonitor_add17_failAssert0_add387:testMonitor_add16_failAssert0_add543:testMonitor_add15_failAssert0_add368:testMonitor_add12_failAssert0_add415:testMonitor_add14_failAssert0_add397:testMonitor_add10_failAssert0_add425:testMonitor_remove21_failAssert0_add261:testMonitor_add13_failAssert0_add486:testMonitor_remove20_failAssert0_add207:testMonitor_add11_failAssert0_add470 
Parsing --class org.apache.commons.io.monitor.FileAlterationMonitorTestCase --tests testMonitor_remove25_failAssert0_literalMutationNumber85:testMonitor_remove22_failAssert0_literalMutationNumber90:testMonitor_remove19_failAssert0_literalMutationNumber93:testMonitor_remove23_failAssert0_literalMutationNumber105:testMonitor_remove24_failAssert0_literalMutationNumber110:testMonitor_literalMutationNumber3_failAssert0_literalMutationNumber134:testMonitor_literalMutationNumber4_failAssert0_literalMutationNumber112:testMonitor_literalMutationNumber2_failAssert0_literalMutationNumber128:testMonitor_literalMutationNumber5_failAssert0_literalMutationNumber118:testMonitor_literalMutationNumber1_failAssert0_literalMutationNumber121:testMonitor_add9_failAssert0_literalMutationNumber193:testMonitor_add8_failAssert0_literalMutationNumber169:testMonitor_add7_failAssert0_literalMutationNumber187:testMonitor_add18_failAssert0_literalMutationNumber164:testMonitor_add6_failAssert0_literalMutationNumber184:testMonitor_add17_failAssert0_literalMutationNumber140:testMonitor_add16_failAssert0_literalMutationNumber197:testMonitor_add15_failAssert0_literalMutationNumber136:testMonitor_add12_failAssert0_literalMutationNumber151:testMonitor_add14_failAssert0_literalMutationNumber148:testMonitor_add10_failAssert0_literalMutationNumber157:testMonitor_remove21_failAssert0_literalMutationNumber99:testMonitor_add13_failAssert0_literalMutationNumber175:testMonitor_remove20_failAssert0_literalMutationNumber77:testMonitor_add11_failAssert0_literalMutationNumber173:testMonitor_remove25_failAssert0_add221:testMonitor_remove22_failAssert0_add231:testMonitor_remove19_failAssert0_add239:testMonitor_remove23_failAssert0_add271:testMonitor_remove24_failAssert0_add279:testMonitor_literalMutationNumber3_failAssert0_add354:testMonitor_literalMutationNumber4_failAssert0_add301:testMonitor_literalMutationNumber2_failAssert0_add340:testMonitor_literalMutationNumber5_failAssert0_add312:testMonitor_literalMutationNumber1_failAssert0_add320:testMonitor_add9_failAssert0_add529:testMonitor_add8_failAssert0_add454:testMonitor_add7_failAssert0_add521:testMonitor_add18_failAssert0_add449:testMonitor_add6_failAssert0_add503:testMonitor_add17_failAssert0_add377:testMonitor_add16_failAssert0_add551:testMonitor_add15_failAssert0_add372:testMonitor_add12_failAssert0_add407:testMonitor_add14_failAssert0_add403:testMonitor_add10_failAssert0_add435:testMonitor_remove21_failAssert0_add262:testMonitor_add13_failAssert0_add482:testMonitor_remove20_failAssert0_add203:testMonitor_add11_failAssert0_add473:testMonitor_remove25_failAssert0_literalMutationNumber83:testMonitor_remove22_failAssert0_literalMutationNumber89:testMonitor_remove19_failAssert0_literalMutationNumber94:testMonitor_remove23_failAssert0_literalMutationNumber103:testMonitor_remove24_failAssert0_literalMutationNumber109:testMonitor_literalMutationNumber3_failAssert0_literalMutationNumber132:testMonitor_literalMutationNumber4_failAssert0_literalMutationNumber113:testMonitor_literalMutationNumber2_failAssert0_literalMutationNumber126:testMonitor_literalMutationNumber5_failAssert0_literalMutationNumber120:testMonitor_literalMutationNumber1_failAssert0_literalMutationNumber123:testMonitor_add9_failAssert0_literalMutationNumber191:testMonitor_add8_failAssert0_literalMutationNumber168:testMonitor_add7_failAssert0_literalMutationNumber186:testMonitor_add18_failAssert0_literalMutationNumber163:testMonitor_add6_failAssert0_literalMutationNumber183:testMonitor_add17_failAssert0_literalMutationNumber141:testMonitor_add16_failAssert0_literalMutationNumber196:testMonitor_add15_failAssert0_literalMutationNumber139:testMonitor_add12_failAssert0_literalMutationNumber152:testMonitor_add14_failAssert0_literalMutationNumber149:testMonitor_add10_failAssert0_literalMutationNumber158:testMonitor_remove21_failAssert0_literalMutationNumber98:testMonitor_add13_failAssert0_literalMutationNumber176:testMonitor_remove20_failAssert0_literalMutationNumber79:testMonitor_add11_failAssert0_literalMutationNumber174:testMonitor_remove25_failAssert0_add224:testMonitor_remove22_failAssert0_add233:testMonitor_remove19_failAssert0_add246:testMonitor_remove23_failAssert0_add270:testMonitor_remove24_failAssert0_add289:testMonitor_literalMutationNumber3_failAssert0_add347:testMonitor_literalMutationNumber4_failAssert0_add303:testMonitor_literalMutationNumber2_failAssert0_add335:testMonitor_literalMutationNumber5_failAssert0_add305:testMonitor_literalMutationNumber1_failAssert0_add323:testMonitor_add9_failAssert0_add540:testMonitor_add8_failAssert0_add456:testMonitor_add7_failAssert0_add519:testMonitor_add18_failAssert0_add445:testMonitor_add6_failAssert0_add504:testMonitor_add17_failAssert0_add387:testMonitor_add16_failAssert0_add543:testMonitor_add15_failAssert0_add368:testMonitor_add12_failAssert0_add415:testMonitor_add14_failAssert0_add397:testMonitor_add10_failAssert0_add425:testMonitor_remove21_failAssert0_add261:testMonitor_add13_failAssert0_add486:testMonitor_remove20_failAssert0_add207:testMonitor_add11_failAssert0_add470
File saved to the following path: /tmp/dspot-experiments/dataset/april-2019/commons-io_parent/target/dspot/TestResult.ser
Loading /tmp/dspot-experiments/dataset/april-2019/commons-io_parent/target/dspot/TestResult.ser
[INFO] Test has been run: testMonitor_remove24_failAssert0_add279(org.apache.commons.io.monitor.FileAlterationMonitorTestCase): Monitor is already running,testMonitor_remove24_failAssert0_add289(org.apache.commons.io.monitor.FileAlterationMonitorTestCase): Monitor is already running,testMonitor_add8_failAssert0_add454(org.apache.commons.io.monitor.FileAlterationMonitorTestCase): Monitor is already running,testMonitor_add8_failAssert0_add456(org.apache.commons.io.monitor.FileAlterationMonitorTestCase): Monitor is already running,testMonitor_remove25_failAssert0_literalMutationNumber83(org.apache.commons.io.monitor.FileAlterationMonitorTestCase): Monitor is already running,testMonitor_remove25_failAssert0_literalMutationNumber85(org.apache.commons.io.monitor.FileAlterationMonitorTestCase): Monitor is already running,testMonitor_add10_failAssert0_literalMutationNumber157(org.apache.commons.io.monitor.FileAlterationMonitorTestCase): Monitor is already running,testMonitor_add10_failAssert0_literalMutationNumber158(org.apache.commons.io.monitor.FileAlterationMonitorTestCase): Monitor is already running,testMonitor_add12_failAssert0_add407(org.apache.commons.io.monitor.FileAlterationMonitorTestCase): Monitor is already running,testMonitor_add12_failAssert0_add415(org.apache.commons.io.monitor.FileAlterationMonitorTestCase): Monitor is already running,testMonitor_add18_failAssert0_literalMutationNumber163(org.apache.commons.io.monitor.FileAlterationMonitorTestCase): Monitor is already running,testMonitor_add18_failAssert0_literalMutationNumber164(org.apache.commons.io.monitor.FileAlterationMonitorTestCase): Monitor is already running,testMonitor_remove23_failAssert0_add270(org.apache.commons.io.monitor.FileAlterationMonitorTestCase): Monitor is already running,testMonitor_remove23_failAssert0_add271(org.apache.commons.io.monitor.FileAlterationMonitorTestCase): Monitor is already running,testMonitor_add7_failAssert0_add519(org.apache.commons.io.monitor.FileAlterationMonitorTestCase): Monitor is already running,testMonitor_add7_failAssert0_add521(org.apache.commons.io.monitor.FileAlterationMonitorTestCase): Monitor is already running,testMonitor_remove23_failAssert0_literalMutationNumber103(org.apache.commons.io.monitor.FileAlterationMonitorTestCase): Monitor is already running,testMonitor_remove23_failAssert0_literalMutationNumber105(org.apache.commons.io.monitor.FileAlterationMonitorTestCase): Monitor is already running,testMonitor_add11_failAssert0_add470(org.apache.commons.io.monitor.FileAlterationMonitorTestCase): Monitor is already running,testMonitor_add11_failAssert0_add473(org.apache.commons.io.monitor.FileAlterationMonitorTestCase): Monitor is already running,testMonitor_literalMutationNumber3_failAssert0_literalMutationNumber132(org.apache.commons.io.monitor.FileAlterationMonitorTestCase): Monitor is already running,testMonitor_literalMutationNumber3_failAssert0_literalMutationNumber134(org.apache.commons.io.monitor.FileAlterationMonitorTestCase): Monitor is already running,testMonitor_add13_failAssert0_literalMutationNumber175(org.apache.commons.io.monitor.FileAlterationMonitorTestCase): Monitor is already running,testMonitor_add13_failAssert0_literalMutationNumber176(org.apache.commons.io.monitor.FileAlterationMonitorTestCase): Monitor is already running,testMonitor_remove22_failAssert0_add231(org.apache.commons.io.monitor.FileAlterationMonitorTestCase): Monitor is already running,testMonitor_remove22_failAssert0_add233(org.apache.commons.io.monitor.FileAlterationMonitorTestCase): Monitor is already running,testMonitor_add6_failAssert0_add503(org.apache.commons.io.monitor.FileAlterationMonitorTestCase): Monitor is already running,testMonitor_add6_failAssert0_add504(org.apache.commons.io.monitor.FileAlterationMonitorTestCase): Monitor is already running,testMonitor_literalMutationNumber5_failAssert0_add305(org.apache.commons.io.monitor.FileAlterationMonitorTestCase): Monitor is already running,testMonitor_literalMutationNumber5_failAssert0_add312(org.apache.commons.io.monitor.FileAlterationMonitorTestCase): Monitor is already running,testMonitor_add10_failAssert0_add425(org.apache.commons.io.monitor.FileAlterationMonitorTestCase): Monitor is already running,testMonitor_add10_failAssert0_add435(org.apache.commons.io.monitor.FileAlterationMonitorTestCase): Monitor is already running,testMonitor_add8_failAssert0_literalMutationNumber168(org.apache.commons.io.monitor.FileAlterationMonitorTestCase): Monitor is already running,testMonitor_add8_failAssert0_literalMutationNumber169(org.apache.commons.io.monitor.FileAlterationMonitorTestCase): Monitor is already running,testMonitor_remove21_failAssert0_add261(org.apache.commons.io.monitor.FileAlterationMonitorTestCase): Monitor is already running,testMonitor_remove21_failAssert0_add262(org.apache.commons.io.monitor.FileAlterationMonitorTestCase): Monitor is already running,testMonitor_literalMutationNumber4_failAssert0_add301(org.apache.commons.io.monitor.FileAlterationMonitorTestCase): Monitor is already running,testMonitor_literalMutationNumber4_failAssert0_add303(org.apache.commons.io.monitor.FileAlterationMonitorTestCase): Monitor is already running,testMonitor_add16_failAssert0_literalMutationNumber196(org.apache.commons.io.monitor.FileAlterationMonitorTestCase): Monitor is already running,testMonitor_add16_failAssert0_literalMutationNumber197(org.apache.commons.io.monitor.FileAlterationMonitorTestCase): Monitor is already running,testMonitor_remove20_failAssert0_add203(org.apache.commons.io.monitor.FileAlterationMonitorTestCase): Monitor is not running,testMonitor_remove20_failAssert0_add207(org.apache.commons.io.monitor.FileAlterationMonitorTestCase): Monitor is not running,testMonitor_literalMutationNumber1_failAssert0_literalMutationNumber121(org.apache.commons.io.monitor.FileAlterationMonitorTestCase): Monitor is already running,testMonitor_literalMutationNumber1_failAssert0_literalMutationNumber123(org.apache.commons.io.monitor.FileAlterationMonitorTestCase): Monitor is already running,testMonitor_literalMutationNumber3_failAssert0_add347(org.apache.commons.io.monitor.FileAlterationMonitorTestCase): Monitor is already running,testMonitor_literalMutationNumber3_failAssert0_add354(org.apache.commons.io.monitor.FileAlterationMonitorTestCase): Monitor is already running,testMonitor_add11_failAssert0_literalMutationNumber173(org.apache.commons.io.monitor.FileAlterationMonitorTestCase): Monitor is already running,testMonitor_add11_failAssert0_literalMutationNumber174(org.apache.commons.io.monitor.FileAlterationMonitorTestCase): Monitor is already running,testMonitor_remove19_failAssert0_add239(org.apache.commons.io.monitor.FileAlterationMonitorTestCase): Monitor is already running,testMonitor_remove19_failAssert0_add246(org.apache.commons.io.monitor.FileAlterationMonitorTestCase): Monitor is already running,testMonitor_add18_failAssert0_add445(org.apache.commons.io.monitor.FileAlterationMonitorTestCase): Monitor is already running,testMonitor_add18_failAssert0_add449(org.apache.commons.io.monitor.FileAlterationMonitorTestCase): Monitor is already running,testMonitor_literalMutationNumber2_failAssert0_add335(org.apache.commons.io.monitor.FileAlterationMonitorTestCase): Monitor is already running,testMonitor_literalMutationNumber2_failAssert0_add340(org.apache.commons.io.monitor.FileAlterationMonitorTestCase): Monitor is already running,testMonitor_add6_failAssert0_literalMutationNumber183(org.apache.commons.io.monitor.FileAlterationMonitorTestCase): Monitor is already running,testMonitor_add6_failAssert0_literalMutationNumber184(org.apache.commons.io.monitor.FileAlterationMonitorTestCase): Monitor is already running,testMonitor_remove24_failAssert0_literalMutationNumber109(org.apache.commons.io.monitor.FileAlterationMonitorTestCase): Monitor is already running,testMonitor_remove24_failAssert0_literalMutationNumber110(org.apache.commons.io.monitor.FileAlterationMonitorTestCase): Monitor is already running,testMonitor_literalMutationNumber4_failAssert0_literalMutationNumber112(org.apache.commons.io.monitor.FileAlterationMonitorTestCase): Monitor is already running,testMonitor_literalMutationNumber4_failAssert0_literalMutationNumber113(org.apache.commons.io.monitor.FileAlterationMonitorTestCase): Monitor is already running,testMonitor_add14_failAssert0_literalMutationNumber148(org.apache.commons.io.monitor.FileAlterationMonitorTestCase): Monitor is already running,testMonitor_add14_failAssert0_literalMutationNumber149(org.apache.commons.io.monitor.FileAlterationMonitorTestCase): Monitor is already running,testMonitor_add17_failAssert0_add377(org.apache.commons.io.monitor.FileAlterationMonitorTestCase): Monitor is already running,testMonitor_add17_failAssert0_add387(org.apache.commons.io.monitor.FileAlterationMonitorTestCase): Monitor is already running,testMonitor_literalMutationNumber1_failAssert0_add320(org.apache.commons.io.monitor.FileAlterationMonitorTestCase): Monitor is already running,testMonitor_literalMutationNumber1_failAssert0_add323(org.apache.commons.io.monitor.FileAlterationMonitorTestCase): Monitor is already running,testMonitor_add9_failAssert0_literalMutationNumber191(org.apache.commons.io.monitor.FileAlterationMonitorTestCase): Monitor is already running,testMonitor_add9_failAssert0_literalMutationNumber193(org.apache.commons.io.monitor.FileAlterationMonitorTestCase): Monitor is already running,testMonitor_remove20_failAssert0_literalMutationNumber77(org.apache.commons.io.monitor.FileAlterationMonitorTestCase): Monitor is not running,testMonitor_remove20_failAssert0_literalMutationNumber79(org.apache.commons.io.monitor.FileAlterationMonitorTestCase): Monitor is not running,testMonitor_add16_failAssert0_add543(org.apache.commons.io.monitor.FileAlterationMonitorTestCase): Monitor is already running,testMonitor_add16_failAssert0_add551(org.apache.commons.io.monitor.FileAlterationMonitorTestCase): Monitor is already running,testMonitor_add17_failAssert0_literalMutationNumber140(org.apache.commons.io.monitor.FileAlterationMonitorTestCase): Monitor is already running,testMonitor_add17_failAssert0_literalMutationNumber141(org.apache.commons.io.monitor.FileAlterationMonitorTestCase): Monitor is already running,testMonitor_remove21_failAssert0_literalMutationNumber98(org.apache.commons.io.monitor.FileAlterationMonitorTestCase): Monitor is already running,testMonitor_remove21_failAssert0_literalMutationNumber99(org.apache.commons.io.monitor.FileAlterationMonitorTestCase): Monitor is already running,testMonitor_add15_failAssert0_add368(org.apache.commons.io.monitor.FileAlterationMonitorTestCase): Monitor is already running,testMonitor_add15_failAssert0_add372(org.apache.commons.io.monitor.FileAlterationMonitorTestCase): Monitor is already running,testMonitor_literalMutationNumber2_failAssert0_literalMutationNumber126(org.apache.commons.io.monitor.FileAlterationMonitorTestCase): Monitor is already running,testMonitor_literalMutationNumber2_failAssert0_literalMutationNumber128(org.apache.commons.io.monitor.FileAlterationMonitorTestCase): Monitor is already running,testMonitor_add12_failAssert0_literalMutationNumber151(org.apache.commons.io.monitor.FileAlterationMonitorTestCase): Monitor is already running,testMonitor_add12_failAssert0_literalMutationNumber152(org.apache.commons.io.monitor.FileAlterationMonitorTestCase): Monitor is already running,testMonitor_remove22_failAssert0_literalMutationNumber89(org.apache.commons.io.monitor.FileAlterationMonitorTestCase): Monitor is already running,testMonitor_remove22_failAssert0_literalMutationNumber90(org.apache.commons.io.monitor.FileAlterationMonitorTestCase): Monitor is already running,testMonitor_add14_failAssert0_add397(org.apache.commons.io.monitor.FileAlterationMonitorTestCase): Monitor is already running,testMonitor_add14_failAssert0_add403(org.apache.commons.io.monitor.FileAlterationMonitorTestCase): Monitor is already running,testMonitor_add7_failAssert0_literalMutationNumber186(org.apache.commons.io.monitor.FileAlterationMonitorTestCase): Monitor is already running,testMonitor_add7_failAssert0_literalMutationNumber187(org.apache.commons.io.monitor.FileAlterationMonitorTestCase): Monitor is already running,testMonitor_remove25_failAssert0_add221(org.apache.commons.io.monitor.FileAlterationMonitorTestCase): Monitor is already running,testMonitor_remove25_failAssert0_add224(org.apache.commons.io.monitor.FileAlterationMonitorTestCase): Monitor is already running,testMonitor_literalMutationNumber5_failAssert0_literalMutationNumber118(org.apache.commons.io.monitor.FileAlterationMonitorTestCase): Monitor is already running,testMonitor_literalMutationNumber5_failAssert0_literalMutationNumber120(org.apache.commons.io.monitor.FileAlterationMonitorTestCase): Monitor is already running,testMonitor_add9_failAssert0_add529(org.apache.commons.io.monitor.FileAlterationMonitorTestCase): Monitor is already running,testMonitor_add9_failAssert0_add540(org.apache.commons.io.monitor.FileAlterationMonitorTestCase): Monitor is already running,testMonitor_add15_failAssert0_literalMutationNumber136(org.apache.commons.io.monitor.FileAlterationMonitorTestCase): Monitor is already running,testMonitor_add15_failAssert0_literalMutationNumber139(org.apache.commons.io.monitor.FileAlterationMonitorTestCase): Monitor is already running,testMonitor_add13_failAssert0_add482(org.apache.commons.io.monitor.FileAlterationMonitorTestCase): Monitor is already running,testMonitor_add13_failAssert0_add486(org.apache.commons.io.monitor.FileAlterationMonitorTestCase): Monitor is already running,testMonitor_remove19_failAssert0_literalMutationNumber93(org.apache.commons.io.monitor.FileAlterationMonitorTestCase): Monitor is already running,testMonitor_remove19_failAssert0_literalMutationNumber94(org.apache.commons.io.monitor.FileAlterationMonitorTestCase): Monitor is already running
[INFO] 100 test fail, generating try/catch/fail blocks...
[INFO] 100 new tests with assertions generated
[INFO] Compiling with -proceedOnError -encoding UTF-8 -cp /tmp/dspot-experiments/dataset/april-2019/commons-io_parent/target/dspot/tmp_test_sources:/home/bedanglot/.m2/repository/junit/junit/4.12/junit-4.12.jar:/home/bedanglot/.m2/repository/org/hamcrest/hamcrest-core/1.3/hamcrest-core-1.3.jar:/tmp/dspot-experiments/dataset/april-2019/commons-io_parent/target/classes/:/tmp/dspot-experiments/dataset/april-2019/commons-io_parent/target/test-classes/:/tmp/dspot-experiments/dataset/april-2019/commons-io_parent/target/dspot/dependencies/: -d /tmp/dspot-experiments/dataset/april-2019/commons-io_parent/target/test-classes -1.8 -preserveAllLocals -noExit -enableJavadoc -proc:none /tmp/dspot-experiments/dataset/april-2019/commons-io_parent/target/dspot/tmp_test_sources/org/apache/commons/io/monitor/FileAlterationMonitorTestCase.java
[INFO] Run: java -classpath /tmp/dspot-experiments/dataset/april-2019/commons-io_parent/target/classes/:/tmp/dspot-experiments/dataset/april-2019/commons-io_parent/target/test-classes:/home/bedanglot/.m2/repository/junit/junit/4.12/junit-4.12.jar:/home/bedanglot/.m2/repository/org/hamcrest/hamcrest-core/1.3/hamcrest-core-1.3.jar:/tmp/dspot-experiments/dataset/april-2019/commons-io_parent/target/dspot/dependencies/:/home/bedanglot/.m2/repository/eu/stamp-project/test-runner/2.0.7/test-runner-2.0.7-jar-with-dependencies.jar eu.stamp_project.testrunner.runner.JUnit4Runner --class org.apache.commons.io.monitor.FileAlterationMonitorTestCase --tests testMonitor_remove25_failAssert0_literalMutationNumber85_failAssert0:testMonitor_remove22_failAssert0_literalMutationNumber90_failAssert0:testMonitor_remove19_failAssert0_literalMutationNumber93_failAssert0:testMonitor_remove23_failAssert0_literalMutationNumber105_failAssert0:testMonitor_remove24_failAssert0_literalMutationNumber110_failAssert0:testMonitor_literalMutationNumber3_failAssert0_literalMutationNumber134_failAssert0:testMonitor_literalMutationNumber4_failAssert0_literalMutationNumber112_failAssert0:testMonitor_literalMutationNumber2_failAssert0_literalMutationNumber128_failAssert0:testMonitor_literalMutationNumber5_failAssert0_literalMutationNumber118_failAssert0:testMonitor_literalMutationNumber1_failAssert0_literalMutationNumber121_failAssert0:testMonitor_add9_failAssert0_literalMutationNumber193_failAssert0:testMonitor_add8_failAssert0_literalMutationNumber169_failAssert0:testMonitor_add7_failAssert0_literalMutationNumber187_failAssert0:testMonitor_add18_failAssert0_literalMutationNumber164_failAssert0:testMonitor_add6_failAssert0_literalMutationNumber184_failAssert0:testMonitor_add17_failAssert0_literalMutationNumber140_failAssert0:testMonitor_add16_failAssert0_literalMutationNumber197_failAssert0:testMonitor_add15_failAssert0_literalMutationNumber136_failAssert0:testMonitor_add12_failAssert0_literalMutationNumber151_failAssert0:testMonitor_add14_failAssert0_literalMutationNumber148_failAssert0:testMonitor_add10_failAssert0_literalMutationNumber157_failAssert0:testMonitor_remove21_failAssert0_literalMutationNumber99_failAssert0:testMonitor_add13_failAssert0_literalMutationNumber175_failAssert0:testMonitor_remove20_failAssert0_literalMutationNumber77_failAssert0:testMonitor_add11_failAssert0_literalMutationNumber173_failAssert0:testMonitor_remove25_failAssert0_add221_failAssert0:testMonitor_remove22_failAssert0_add231_failAssert0:testMonitor_remove19_failAssert0_add239_failAssert0:testMonitor_remove23_failAssert0_add271_failAssert0:testMonitor_remove24_failAssert0_add279_failAssert0:testMonitor_literalMutationNumber3_failAssert0_add354_failAssert0:testMonitor_literalMutationNumber4_failAssert0_add301_failAssert0:testMonitor_literalMutationNumber2_failAssert0_add340_failAssert0:testMonitor_literalMutationNumber5_failAssert0_add312_failAssert0:testMonitor_literalMutationNumber1_failAssert0_add320_failAssert0:testMonitor_add9_failAssert0_add529_failAssert0:testMonitor_add8_failAssert0_add454_failAssert0:testMonitor_add7_failAssert0_add521_failAssert0:testMonitor_add18_failAssert0_add449_failAssert0:testMonitor_add6_failAssert0_add503_failAssert0:testMonitor_add17_failAssert0_add377_failAssert0:testMonitor_add16_failAssert0_add551_failAssert0:testMonitor_add15_failAssert0_add372_failAssert0:testMonitor_add12_failAssert0_add407_failAssert0:testMonitor_add14_failAssert0_add403_failAssert0:testMonitor_add10_failAssert0_add435_failAssert0:testMonitor_remove21_failAssert0_add262_failAssert0:testMonitor_add13_failAssert0_add482_failAssert0:testMonitor_remove20_failAssert0_add203_failAssert0:testMonitor_add11_failAssert0_add473_failAssert0:testMonitor_remove25_failAssert0_literalMutationNumber83_failAssert0:testMonitor_remove22_failAssert0_literalMutationNumber89_failAssert0:testMonitor_remove19_failAssert0_literalMutationNumber94_failAssert0:testMonitor_remove23_failAssert0_literalMutationNumber103_failAssert0:testMonitor_remove24_failAssert0_literalMutationNumber109_failAssert0:testMonitor_literalMutationNumber3_failAssert0_literalMutationNumber132_failAssert0:testMonitor_literalMutationNumber4_failAssert0_literalMutationNumber113_failAssert0:testMonitor_literalMutationNumber2_failAssert0_literalMutationNumber126_failAssert0:testMonitor_literalMutationNumber5_failAssert0_literalMutationNumber120_failAssert0:testMonitor_literalMutationNumber1_failAssert0_literalMutationNumber123_failAssert0:testMonitor_add9_failAssert0_literalMutationNumber191_failAssert0:testMonitor_add8_failAssert0_literalMutationNumber168_failAssert0:testMonitor_add7_failAssert0_literalMutationNumber186_failAssert0:testMonitor_add18_failAssert0_literalMutationNumber163_failAssert0:testMonitor_add6_failAssert0_literalMutationNumber183_failAssert0:testMonitor_add17_failAssert0_literalMutationNumber141_failAssert0:testMonitor_add16_failAssert0_literalMutationNumber196_failAssert0:testMonitor_add15_failAssert0_literalMutationNumber139_failAssert0:testMonitor_add12_failAssert0_literalMutationNumber152_failAssert0:testMonitor_add14_failAssert0_literalMutationNumber149_failAssert0:testMonitor_add10_failAssert0_literalMutationNumber158_failAssert0:testMonitor_remove21_failAssert0_literalMutationNumber98_failAssert0:testMonitor_add13_failAssert0_literalMutationNumber176_failAssert0:testMonitor_remove20_failAssert0_literalMutationNumber79_failAssert0:testMonitor_add11_failAssert0_literalMutationNumber174_failAssert0:testMonitor_remove25_failAssert0_add224_failAssert0:testMonitor_remove22_failAssert0_add233_failAssert0:testMonitor_remove19_failAssert0_add246_failAssert0:testMonitor_remove23_failAssert0_add270_failAssert0:testMonitor_remove24_failAssert0_add289_failAssert0:testMonitor_literalMutationNumber3_failAssert0_add347_failAssert0:testMonitor_literalMutationNumber4_failAssert0_add303_failAssert0:testMonitor_literalMutationNumber2_failAssert0_add335_failAssert0:testMonitor_literalMutationNumber5_failAssert0_add305_failAssert0:testMonitor_literalMutationNumber1_failAssert0_add323_failAssert0:testMonitor_add9_failAssert0_add540_failAssert0:testMonitor_add8_failAssert0_add456_failAssert0:testMonitor_add7_failAssert0_add519_failAssert0:testMonitor_add18_failAssert0_add445_failAssert0:testMonitor_add6_failAssert0_add504_failAssert0:testMonitor_add17_failAssert0_add387_failAssert0:testMonitor_add16_failAssert0_add543_failAssert0:testMonitor_add15_failAssert0_add368_failAssert0:testMonitor_add12_failAssert0_add415_failAssert0:testMonitor_add14_failAssert0_add397_failAssert0:testMonitor_add10_failAssert0_add425_failAssert0:testMonitor_remove21_failAssert0_add261_failAssert0:testMonitor_add13_failAssert0_add486_failAssert0:testMonitor_remove20_failAssert0_add207_failAssert0:testMonitor_add11_failAssert0_add470_failAssert0 
Parsing --class org.apache.commons.io.monitor.FileAlterationMonitorTestCase --tests testMonitor_remove25_failAssert0_literalMutationNumber85_failAssert0:testMonitor_remove22_failAssert0_literalMutationNumber90_failAssert0:testMonitor_remove19_failAssert0_literalMutationNumber93_failAssert0:testMonitor_remove23_failAssert0_literalMutationNumber105_failAssert0:testMonitor_remove24_failAssert0_literalMutationNumber110_failAssert0:testMonitor_literalMutationNumber3_failAssert0_literalMutationNumber134_failAssert0:testMonitor_literalMutationNumber4_failAssert0_literalMutationNumber112_failAssert0:testMonitor_literalMutationNumber2_failAssert0_literalMutationNumber128_failAssert0:testMonitor_literalMutationNumber5_failAssert0_literalMutationNumber118_failAssert0:testMonitor_literalMutationNumber1_failAssert0_literalMutationNumber121_failAssert0:testMonitor_add9_failAssert0_literalMutationNumber193_failAssert0:testMonitor_add8_failAssert0_literalMutationNumber169_failAssert0:testMonitor_add7_failAssert0_literalMutationNumber187_failAssert0:testMonitor_add18_failAssert0_literalMutationNumber164_failAssert0:testMonitor_add6_failAssert0_literalMutationNumber184_failAssert0:testMonitor_add17_failAssert0_literalMutationNumber140_failAssert0:testMonitor_add16_failAssert0_literalMutationNumber197_failAssert0:testMonitor_add15_failAssert0_literalMutationNumber136_failAssert0:testMonitor_add12_failAssert0_literalMutationNumber151_failAssert0:testMonitor_add14_failAssert0_literalMutationNumber148_failAssert0:testMonitor_add10_failAssert0_literalMutationNumber157_failAssert0:testMonitor_remove21_failAssert0_literalMutationNumber99_failAssert0:testMonitor_add13_failAssert0_literalMutationNumber175_failAssert0:testMonitor_remove20_failAssert0_literalMutationNumber77_failAssert0:testMonitor_add11_failAssert0_literalMutationNumber173_failAssert0:testMonitor_remove25_failAssert0_add221_failAssert0:testMonitor_remove22_failAssert0_add231_failAssert0:testMonitor_remove19_failAssert0_add239_failAssert0:testMonitor_remove23_failAssert0_add271_failAssert0:testMonitor_remove24_failAssert0_add279_failAssert0:testMonitor_literalMutationNumber3_failAssert0_add354_failAssert0:testMonitor_literalMutationNumber4_failAssert0_add301_failAssert0:testMonitor_literalMutationNumber2_failAssert0_add340_failAssert0:testMonitor_literalMutationNumber5_failAssert0_add312_failAssert0:testMonitor_literalMutationNumber1_failAssert0_add320_failAssert0:testMonitor_add9_failAssert0_add529_failAssert0:testMonitor_add8_failAssert0_add454_failAssert0:testMonitor_add7_failAssert0_add521_failAssert0:testMonitor_add18_failAssert0_add449_failAssert0:testMonitor_add6_failAssert0_add503_failAssert0:testMonitor_add17_failAssert0_add377_failAssert0:testMonitor_add16_failAssert0_add551_failAssert0:testMonitor_add15_failAssert0_add372_failAssert0:testMonitor_add12_failAssert0_add407_failAssert0:testMonitor_add14_failAssert0_add403_failAssert0:testMonitor_add10_failAssert0_add435_failAssert0:testMonitor_remove21_failAssert0_add262_failAssert0:testMonitor_add13_failAssert0_add482_failAssert0:testMonitor_remove20_failAssert0_add203_failAssert0:testMonitor_add11_failAssert0_add473_failAssert0:testMonitor_remove25_failAssert0_literalMutationNumber83_failAssert0:testMonitor_remove22_failAssert0_literalMutationNumber89_failAssert0:testMonitor_remove19_failAssert0_literalMutationNumber94_failAssert0:testMonitor_remove23_failAssert0_literalMutationNumber103_failAssert0:testMonitor_remove24_failAssert0_literalMutationNumber109_failAssert0:testMonitor_literalMutationNumber3_failAssert0_literalMutationNumber132_failAssert0:testMonitor_literalMutationNumber4_failAssert0_literalMutationNumber113_failAssert0:testMonitor_literalMutationNumber2_failAssert0_literalMutationNumber126_failAssert0:testMonitor_literalMutationNumber5_failAssert0_literalMutationNumber120_failAssert0:testMonitor_literalMutationNumber1_failAssert0_literalMutationNumber123_failAssert0:testMonitor_add9_failAssert0_literalMutationNumber191_failAssert0:testMonitor_add8_failAssert0_literalMutationNumber168_failAssert0:testMonitor_add7_failAssert0_literalMutationNumber186_failAssert0:testMonitor_add18_failAssert0_literalMutationNumber163_failAssert0:testMonitor_add6_failAssert0_literalMutationNumber183_failAssert0:testMonitor_add17_failAssert0_literalMutationNumber141_failAssert0:testMonitor_add16_failAssert0_literalMutationNumber196_failAssert0:testMonitor_add15_failAssert0_literalMutationNumber139_failAssert0:testMonitor_add12_failAssert0_literalMutationNumber152_failAssert0:testMonitor_add14_failAssert0_literalMutationNumber149_failAssert0:testMonitor_add10_failAssert0_literalMutationNumber158_failAssert0:testMonitor_remove21_failAssert0_literalMutationNumber98_failAssert0:testMonitor_add13_failAssert0_literalMutationNumber176_failAssert0:testMonitor_remove20_failAssert0_literalMutationNumber79_failAssert0:testMonitor_add11_failAssert0_literalMutationNumber174_failAssert0:testMonitor_remove25_failAssert0_add224_failAssert0:testMonitor_remove22_failAssert0_add233_failAssert0:testMonitor_remove19_failAssert0_add246_failAssert0:testMonitor_remove23_failAssert0_add270_failAssert0:testMonitor_remove24_failAssert0_add289_failAssert0:testMonitor_literalMutationNumber3_failAssert0_add347_failAssert0:testMonitor_literalMutationNumber4_failAssert0_add303_failAssert0:testMonitor_literalMutationNumber2_failAssert0_add335_failAssert0:testMonitor_literalMutationNumber5_failAssert0_add305_failAssert0:testMonitor_literalMutationNumber1_failAssert0_add323_failAssert0:testMonitor_add9_failAssert0_add540_failAssert0:testMonitor_add8_failAssert0_add456_failAssert0:testMonitor_add7_failAssert0_add519_failAssert0:testMonitor_add18_failAssert0_add445_failAssert0:testMonitor_add6_failAssert0_add504_failAssert0:testMonitor_add17_failAssert0_add387_failAssert0:testMonitor_add16_failAssert0_add543_failAssert0:testMonitor_add15_failAssert0_add368_failAssert0:testMonitor_add12_failAssert0_add415_failAssert0:testMonitor_add14_failAssert0_add397_failAssert0:testMonitor_add10_failAssert0_add425_failAssert0:testMonitor_remove21_failAssert0_add261_failAssert0:testMonitor_add13_failAssert0_add486_failAssert0:testMonitor_remove20_failAssert0_add207_failAssert0:testMonitor_add11_failAssert0_add470_failAssert0
File saved to the following path: /tmp/dspot-experiments/dataset/april-2019/commons-io_parent/target/dspot/TestResult.ser
Loading /tmp/dspot-experiments/dataset/april-2019/commons-io_parent/target/dspot/TestResult.ser
[INFO] Test has been run: testMonitor_literalMutationNumber4_failAssert0_add303_failAssert0,testMonitor_add18_failAssert0_literalMutationNumber163_failAssert0,testMonitor_remove23_failAssert0_literalMutationNumber105_failAssert0,testMonitor_add13_failAssert0_literalMutationNumber175_failAssert0,testMonitor_literalMutationNumber1_failAssert0_literalMutationNumber121_failAssert0,testMonitor_remove25_failAssert0_literalMutationNumber83_failAssert0,testMonitor_add10_failAssert0_add425_failAssert0,testMonitor_add14_failAssert0_literalMutationNumber149_failAssert0,testMonitor_remove22_failAssert0_add233_failAssert0,testMonitor_add18_failAssert0_add445_failAssert0,testMonitor_remove20_failAssert0_add207_failAssert0,testMonitor_add15_failAssert0_literalMutationNumber139_failAssert0,testMonitor_add14_failAssert0_literalMutationNumber148_failAssert0,testMonitor_remove22_failAssert0_literalMutationNumber90_failAssert0,testMonitor_add11_failAssert0_add473_failAssert0,testMonitor_remove24_failAssert0_add289_failAssert0,testMonitor_literalMutationNumber4_failAssert0_add301_failAssert0,testMonitor_add13_failAssert0_add482_failAssert0,testMonitor_remove23_failAssert0_literalMutationNumber103_failAssert0,testMonitor_literalMutationNumber1_failAssert0_add323_failAssert0,testMonitor_remove24_failAssert0_literalMutationNumber110_failAssert0,testMonitor_remove22_failAssert0_add231_failAssert0,testMonitor_add12_failAssert0_add407_failAssert0,testMonitor_add11_failAssert0_literalMutationNumber174_failAssert0,testMonitor_add12_failAssert0_add415_failAssert0,testMonitor_add10_failAssert0_literalMutationNumber158_failAssert0,testMonitor_remove21_failAssert0_add262_failAssert0,testMonitor_remove24_failAssert0_add279_failAssert0,testMonitor_remove23_failAssert0_add271_failAssert0,testMonitor_add11_failAssert0_literalMutationNumber173_failAssert0,testMonitor_add10_failAssert0_literalMutationNumber157_failAssert0,testMonitor_add8_failAssert0_add456_failAssert0,testMonitor_remove21_failAssert0_add261_failAssert0,testMonitor_add15_failAssert0_literalMutationNumber136_failAssert0,testMonitor_add6_failAssert0_add504_failAssert0,testMonitor_remove23_failAssert0_add270_failAssert0,testMonitor_add11_failAssert0_add470_failAssert0,testMonitor_add9_failAssert0_add529_failAssert0,testMonitor_remove20_failAssert0_add203_failAssert0,testMonitor_literalMutationNumber1_failAssert0_add320_failAssert0,testMonitor_add6_failAssert0_add503_failAssert0,testMonitor_literalMutationNumber5_failAssert0_add305_failAssert0,testMonitor_add7_failAssert0_add519_failAssert0,testMonitor_add17_failAssert0_literalMutationNumber141_failAssert0,testMonitor_literalMutationNumber2_failAssert0_add335_failAssert0,testMonitor_add8_failAssert0_add454_failAssert0,testMonitor_literalMutationNumber5_failAssert0_literalMutationNumber118_failAssert0,testMonitor_literalMutationNumber5_failAssert0_add312_failAssert0,testMonitor_add16_failAssert0_literalMutationNumber197_failAssert0,testMonitor_add16_failAssert0_add543_failAssert0,testMonitor_literalMutationNumber2_failAssert0_literalMutationNumber128_failAssert0,testMonitor_add17_failAssert0_literalMutationNumber140_failAssert0,testMonitor_add16_failAssert0_add551_failAssert0,testMonitor_remove21_failAssert0_literalMutationNumber99_failAssert0,testMonitor_add12_failAssert0_literalMutationNumber152_failAssert0,testMonitor_add14_failAssert0_add403_failAssert0,testMonitor_add16_failAssert0_literalMutationNumber196_failAssert0,testMonitor_add17_failAssert0_add387_failAssert0,testMonitor_remove21_failAssert0_literalMutationNumber98_failAssert0,testMonitor_add12_failAssert0_literalMutationNumber151_failAssert0,testMonitor_literalMutationNumber3_failAssert0_literalMutationNumber134_failAssert0,testMonitor_add7_failAssert0_literalMutationNumber187_failAssert0,testMonitor_remove22_failAssert0_literalMutationNumber89_failAssert0,testMonitor_literalMutationNumber2_failAssert0_literalMutationNumber126_failAssert0,testMonitor_literalMutationNumber2_failAssert0_add340_failAssert0,testMonitor_add8_failAssert0_literalMutationNumber169_failAssert0,testMonitor_add9_failAssert0_literalMutationNumber193_failAssert0,testMonitor_add15_failAssert0_add368_failAssert0,testMonitor_remove24_failAssert0_literalMutationNumber109_failAssert0,testMonitor_add17_failAssert0_add377_failAssert0,testMonitor_add7_failAssert0_literalMutationNumber186_failAssert0,testMonitor_remove25_failAssert0_add224_failAssert0,testMonitor_add9_failAssert0_add540_failAssert0,testMonitor_literalMutationNumber3_failAssert0_add347_failAssert0,testMonitor_literalMutationNumber3_failAssert0_literalMutationNumber132_failAssert0,testMonitor_add8_failAssert0_literalMutationNumber168_failAssert0,testMonitor_remove20_failAssert0_literalMutationNumber79_failAssert0,testMonitor_add18_failAssert0_add449_failAssert0,testMonitor_add9_failAssert0_literalMutationNumber191_failAssert0,testMonitor_literalMutationNumber3_failAssert0_add354_failAssert0,testMonitor_add7_failAssert0_add521_failAssert0,testMonitor_literalMutationNumber4_failAssert0_literalMutationNumber113_failAssert0,testMonitor_add14_failAssert0_add397_failAssert0,testMonitor_add13_failAssert0_add486_failAssert0,testMonitor_literalMutationNumber5_failAssert0_literalMutationNumber120_failAssert0,testMonitor_remove19_failAssert0_add239_failAssert0,testMonitor_remove20_failAssert0_literalMutationNumber77_failAssert0,testMonitor_add6_failAssert0_literalMutationNumber184_failAssert0,testMonitor_remove19_failAssert0_literalMutationNumber94_failAssert0,testMonitor_literalMutationNumber1_failAssert0_literalMutationNumber123_failAssert0,testMonitor_remove25_failAssert0_literalMutationNumber85_failAssert0,testMonitor_literalMutationNumber4_failAssert0_literalMutationNumber112_failAssert0,testMonitor_remove25_failAssert0_add221_failAssert0,testMonitor_add10_failAssert0_add435_failAssert0,testMonitor_add18_failAssert0_literalMutationNumber164_failAssert0,testMonitor_add6_failAssert0_literalMutationNumber183_failAssert0,testMonitor_add13_failAssert0_literalMutationNumber176_failAssert0,testMonitor_remove19_failAssert0_literalMutationNumber93_failAssert0,testMonitor_add15_failAssert0_add372_failAssert0,testMonitor_remove19_failAssert0_add246_failAssert0
[INFO] Assertion amplification: 100 test method(s) has been successfully amplified.
[WARN] 2019-05-08 12:17:56 Launcher - You specified the directory /tmp/dspot-experiments/dataset/april-2019/commons-io/target/classes in source classpath, please note that only class files will be considered. Jars and subdirectories will be ignored.
[WARN] 2019-05-08 12:17:56 Launcher - You specified the directory /tmp/dspot-experiments/dataset/april-2019/commons-io/target/test-classes in source classpath, please note that only class files will be considered. Jars and subdirectories will be ignored.
[WARN] 2019-05-08 12:17:56 Launcher - You specified the directory /tmp/dspot-experiments/dataset/april-2019/commons-io/target/dspot/dependencies in source classpath, please note that only class files will be considered. Jars and subdirectories will be ignored.
[INFO] Run: java -classpath /tmp/dspot-experiments/dataset/april-2019/commons-io/target/classes/:/tmp/dspot-experiments/dataset/april-2019/commons-io/target/test-classes/:/home/bedanglot/.m2/repository/junit/junit/4.12/junit-4.12.jar:/home/bedanglot/.m2/repository/org/hamcrest/hamcrest-core/1.3/hamcrest-core-1.3.jar:/tmp/dspot-experiments/dataset/april-2019/commons-io/target/dspot/dependencies/:/home/bedanglot/.m2/repository/eu/stamp-project/test-runner/2.0.7/test-runner-2.0.7-jar-with-dependencies.jar eu.stamp_project.testrunner.runner.JUnit4Runner --class org.apache.commons.io.monitor.FileAlterationMonitorTestCase --tests testMonitor_remove25_failAssert0_literalMutationNumber85_failAssert0:testMonitor_remove22_failAssert0_literalMutationNumber90_failAssert0:testMonitor_remove19_failAssert0_literalMutationNumber93_failAssert0:testMonitor_remove23_failAssert0_literalMutationNumber105_failAssert0:testMonitor_remove24_failAssert0_literalMutationNumber110_failAssert0:testMonitor_literalMutationNumber3_failAssert0_literalMutationNumber134_failAssert0:testMonitor_literalMutationNumber4_failAssert0_literalMutationNumber112_failAssert0:testMonitor_literalMutationNumber2_failAssert0_literalMutationNumber128_failAssert0:testMonitor_literalMutationNumber5_failAssert0_literalMutationNumber118_failAssert0:testMonitor_literalMutationNumber1_failAssert0_literalMutationNumber121_failAssert0:testMonitor_add9_failAssert0_literalMutationNumber193_failAssert0:testMonitor_add8_failAssert0_literalMutationNumber169_failAssert0:testMonitor_add7_failAssert0_literalMutationNumber187_failAssert0:testMonitor_add18_failAssert0_literalMutationNumber164_failAssert0:testMonitor_add6_failAssert0_literalMutationNumber184_failAssert0:testMonitor_add17_failAssert0_literalMutationNumber140_failAssert0:testMonitor_add16_failAssert0_literalMutationNumber197_failAssert0:testMonitor_add15_failAssert0_literalMutationNumber136_failAssert0:testMonitor_add12_failAssert0_literalMutationNumber151_failAssert0:testMonitor_add14_failAssert0_literalMutationNumber148_failAssert0:testMonitor_add10_failAssert0_literalMutationNumber157_failAssert0:testMonitor_remove21_failAssert0_literalMutationNumber99_failAssert0:testMonitor_add13_failAssert0_literalMutationNumber175_failAssert0:testMonitor_remove20_failAssert0_literalMutationNumber77_failAssert0:testMonitor_add11_failAssert0_literalMutationNumber173_failAssert0:testMonitor_remove25_failAssert0_add221_failAssert0:testMonitor_remove22_failAssert0_add231_failAssert0:testMonitor_remove19_failAssert0_add239_failAssert0:testMonitor_remove23_failAssert0_add271_failAssert0:testMonitor_remove24_failAssert0_add279_failAssert0:testMonitor_literalMutationNumber3_failAssert0_add354_failAssert0:testMonitor_literalMutationNumber4_failAssert0_add301_failAssert0:testMonitor_literalMutationNumber2_failAssert0_add340_failAssert0:testMonitor_literalMutationNumber5_failAssert0_add312_failAssert0:testMonitor_literalMutationNumber1_failAssert0_add320_failAssert0:testMonitor_add9_failAssert0_add529_failAssert0:testMonitor_add8_failAssert0_add454_failAssert0:testMonitor_add7_failAssert0_add521_failAssert0:testMonitor_add18_failAssert0_add449_failAssert0:testMonitor_add6_failAssert0_add503_failAssert0:testMonitor_add17_failAssert0_add377_failAssert0:testMonitor_add16_failAssert0_add551_failAssert0:testMonitor_add15_failAssert0_add372_failAssert0:testMonitor_add12_failAssert0_add407_failAssert0:testMonitor_add14_failAssert0_add403_failAssert0:testMonitor_add10_failAssert0_add435_failAssert0:testMonitor_remove21_failAssert0_add262_failAssert0:testMonitor_add13_failAssert0_add482_failAssert0:testMonitor_remove20_failAssert0_add203_failAssert0:testMonitor_add11_failAssert0_add473_failAssert0:testMonitor_remove25_failAssert0_literalMutationNumber83_failAssert0:testMonitor_remove22_failAssert0_literalMutationNumber89_failAssert0:testMonitor_remove19_failAssert0_literalMutationNumber94_failAssert0:testMonitor_remove23_failAssert0_literalMutationNumber103_failAssert0:testMonitor_remove24_failAssert0_literalMutationNumber109_failAssert0:testMonitor_literalMutationNumber3_failAssert0_literalMutationNumber132_failAssert0:testMonitor_literalMutationNumber4_failAssert0_literalMutationNumber113_failAssert0:testMonitor_literalMutationNumber2_failAssert0_literalMutationNumber126_failAssert0:testMonitor_literalMutationNumber5_failAssert0_literalMutationNumber120_failAssert0:testMonitor_literalMutationNumber1_failAssert0_literalMutationNumber123_failAssert0:testMonitor_add9_failAssert0_literalMutationNumber191_failAssert0:testMonitor_add8_failAssert0_literalMutationNumber168_failAssert0:testMonitor_add7_failAssert0_literalMutationNumber186_failAssert0:testMonitor_add18_failAssert0_literalMutationNumber163_failAssert0:testMonitor_add6_failAssert0_literalMutationNumber183_failAssert0:testMonitor_add17_failAssert0_literalMutationNumber141_failAssert0:testMonitor_add16_failAssert0_literalMutationNumber196_failAssert0:testMonitor_add15_failAssert0_literalMutationNumber139_failAssert0:testMonitor_add12_failAssert0_literalMutationNumber152_failAssert0:testMonitor_add14_failAssert0_literalMutationNumber149_failAssert0:testMonitor_add10_failAssert0_literalMutationNumber158_failAssert0:testMonitor_remove21_failAssert0_literalMutationNumber98_failAssert0:testMonitor_add13_failAssert0_literalMutationNumber176_failAssert0:testMonitor_remove20_failAssert0_literalMutationNumber79_failAssert0:testMonitor_add11_failAssert0_literalMutationNumber174_failAssert0:testMonitor_remove25_failAssert0_add224_failAssert0:testMonitor_remove22_failAssert0_add233_failAssert0:testMonitor_remove19_failAssert0_add246_failAssert0:testMonitor_remove23_failAssert0_add270_failAssert0:testMonitor_remove24_failAssert0_add289_failAssert0:testMonitor_literalMutationNumber3_failAssert0_add347_failAssert0:testMonitor_literalMutationNumber4_failAssert0_add303_failAssert0:testMonitor_literalMutationNumber2_failAssert0_add335_failAssert0:testMonitor_literalMutationNumber5_failAssert0_add305_failAssert0:testMonitor_literalMutationNumber1_failAssert0_add323_failAssert0:testMonitor_add9_failAssert0_add540_failAssert0:testMonitor_add8_failAssert0_add456_failAssert0:testMonitor_add7_failAssert0_add519_failAssert0:testMonitor_add18_failAssert0_add445_failAssert0:testMonitor_add6_failAssert0_add504_failAssert0:testMonitor_add17_failAssert0_add387_failAssert0:testMonitor_add16_failAssert0_add543_failAssert0:testMonitor_add15_failAssert0_add368_failAssert0:testMonitor_add12_failAssert0_add415_failAssert0:testMonitor_add14_failAssert0_add397_failAssert0:testMonitor_add10_failAssert0_add425_failAssert0:testMonitor_remove21_failAssert0_add261_failAssert0:testMonitor_add13_failAssert0_add486_failAssert0:testMonitor_remove20_failAssert0_add207_failAssert0:testMonitor_add11_failAssert0_add470_failAssert0 
Parsing --class org.apache.commons.io.monitor.FileAlterationMonitorTestCase --tests testMonitor_remove25_failAssert0_literalMutationNumber85_failAssert0:testMonitor_remove22_failAssert0_literalMutationNumber90_failAssert0:testMonitor_remove19_failAssert0_literalMutationNumber93_failAssert0:testMonitor_remove23_failAssert0_literalMutationNumber105_failAssert0:testMonitor_remove24_failAssert0_literalMutationNumber110_failAssert0:testMonitor_literalMutationNumber3_failAssert0_literalMutationNumber134_failAssert0:testMonitor_literalMutationNumber4_failAssert0_literalMutationNumber112_failAssert0:testMonitor_literalMutationNumber2_failAssert0_literalMutationNumber128_failAssert0:testMonitor_literalMutationNumber5_failAssert0_literalMutationNumber118_failAssert0:testMonitor_literalMutationNumber1_failAssert0_literalMutationNumber121_failAssert0:testMonitor_add9_failAssert0_literalMutationNumber193_failAssert0:testMonitor_add8_failAssert0_literalMutationNumber169_failAssert0:testMonitor_add7_failAssert0_literalMutationNumber187_failAssert0:testMonitor_add18_failAssert0_literalMutationNumber164_failAssert0:testMonitor_add6_failAssert0_literalMutationNumber184_failAssert0:testMonitor_add17_failAssert0_literalMutationNumber140_failAssert0:testMonitor_add16_failAssert0_literalMutationNumber197_failAssert0:testMonitor_add15_failAssert0_literalMutationNumber136_failAssert0:testMonitor_add12_failAssert0_literalMutationNumber151_failAssert0:testMonitor_add14_failAssert0_literalMutationNumber148_failAssert0:testMonitor_add10_failAssert0_literalMutationNumber157_failAssert0:testMonitor_remove21_failAssert0_literalMutationNumber99_failAssert0:testMonitor_add13_failAssert0_literalMutationNumber175_failAssert0:testMonitor_remove20_failAssert0_literalMutationNumber77_failAssert0:testMonitor_add11_failAssert0_literalMutationNumber173_failAssert0:testMonitor_remove25_failAssert0_add221_failAssert0:testMonitor_remove22_failAssert0_add231_failAssert0:testMonitor_remove19_failAssert0_add239_failAssert0:testMonitor_remove23_failAssert0_add271_failAssert0:testMonitor_remove24_failAssert0_add279_failAssert0:testMonitor_literalMutationNumber3_failAssert0_add354_failAssert0:testMonitor_literalMutationNumber4_failAssert0_add301_failAssert0:testMonitor_literalMutationNumber2_failAssert0_add340_failAssert0:testMonitor_literalMutationNumber5_failAssert0_add312_failAssert0:testMonitor_literalMutationNumber1_failAssert0_add320_failAssert0:testMonitor_add9_failAssert0_add529_failAssert0:testMonitor_add8_failAssert0_add454_failAssert0:testMonitor_add7_failAssert0_add521_failAssert0:testMonitor_add18_failAssert0_add449_failAssert0:testMonitor_add6_failAssert0_add503_failAssert0:testMonitor_add17_failAssert0_add377_failAssert0:testMonitor_add16_failAssert0_add551_failAssert0:testMonitor_add15_failAssert0_add372_failAssert0:testMonitor_add12_failAssert0_add407_failAssert0:testMonitor_add14_failAssert0_add403_failAssert0:testMonitor_add10_failAssert0_add435_failAssert0:testMonitor_remove21_failAssert0_add262_failAssert0:testMonitor_add13_failAssert0_add482_failAssert0:testMonitor_remove20_failAssert0_add203_failAssert0:testMonitor_add11_failAssert0_add473_failAssert0:testMonitor_remove25_failAssert0_literalMutationNumber83_failAssert0:testMonitor_remove22_failAssert0_literalMutationNumber89_failAssert0:testMonitor_remove19_failAssert0_literalMutationNumber94_failAssert0:testMonitor_remove23_failAssert0_literalMutationNumber103_failAssert0:testMonitor_remove24_failAssert0_literalMutationNumber109_failAssert0:testMonitor_literalMutationNumber3_failAssert0_literalMutationNumber132_failAssert0:testMonitor_literalMutationNumber4_failAssert0_literalMutationNumber113_failAssert0:testMonitor_literalMutationNumber2_failAssert0_literalMutationNumber126_failAssert0:testMonitor_literalMutationNumber5_failAssert0_literalMutationNumber120_failAssert0:testMonitor_literalMutationNumber1_failAssert0_literalMutationNumber123_failAssert0:testMonitor_add9_failAssert0_literalMutationNumber191_failAssert0:testMonitor_add8_failAssert0_literalMutationNumber168_failAssert0:testMonitor_add7_failAssert0_literalMutationNumber186_failAssert0:testMonitor_add18_failAssert0_literalMutationNumber163_failAssert0:testMonitor_add6_failAssert0_literalMutationNumber183_failAssert0:testMonitor_add17_failAssert0_literalMutationNumber141_failAssert0:testMonitor_add16_failAssert0_literalMutationNumber196_failAssert0:testMonitor_add15_failAssert0_literalMutationNumber139_failAssert0:testMonitor_add12_failAssert0_literalMutationNumber152_failAssert0:testMonitor_add14_failAssert0_literalMutationNumber149_failAssert0:testMonitor_add10_failAssert0_literalMutationNumber158_failAssert0:testMonitor_remove21_failAssert0_literalMutationNumber98_failAssert0:testMonitor_add13_failAssert0_literalMutationNumber176_failAssert0:testMonitor_remove20_failAssert0_literalMutationNumber79_failAssert0:testMonitor_add11_failAssert0_literalMutationNumber174_failAssert0:testMonitor_remove25_failAssert0_add224_failAssert0:testMonitor_remove22_failAssert0_add233_failAssert0:testMonitor_remove19_failAssert0_add246_failAssert0:testMonitor_remove23_failAssert0_add270_failAssert0:testMonitor_remove24_failAssert0_add289_failAssert0:testMonitor_literalMutationNumber3_failAssert0_add347_failAssert0:testMonitor_literalMutationNumber4_failAssert0_add303_failAssert0:testMonitor_literalMutationNumber2_failAssert0_add335_failAssert0:testMonitor_literalMutationNumber5_failAssert0_add305_failAssert0:testMonitor_literalMutationNumber1_failAssert0_add323_failAssert0:testMonitor_add9_failAssert0_add540_failAssert0:testMonitor_add8_failAssert0_add456_failAssert0:testMonitor_add7_failAssert0_add519_failAssert0:testMonitor_add18_failAssert0_add445_failAssert0:testMonitor_add6_failAssert0_add504_failAssert0:testMonitor_add17_failAssert0_add387_failAssert0:testMonitor_add16_failAssert0_add543_failAssert0:testMonitor_add15_failAssert0_add368_failAssert0:testMonitor_add12_failAssert0_add415_failAssert0:testMonitor_add14_failAssert0_add397_failAssert0:testMonitor_add10_failAssert0_add425_failAssert0:testMonitor_remove21_failAssert0_add261_failAssert0:testMonitor_add13_failAssert0_add486_failAssert0:testMonitor_remove20_failAssert0_add207_failAssert0:testMonitor_add11_failAssert0_add470_failAssert0
File saved to the following path: /tmp/dspot-experiments/dataset/april-2019/commons-io_parent/target/dspot/TestResult.ser
Loading /tmp/dspot-experiments/dataset/april-2019/commons-io_parent/target/dspot/TestResult.ser
[INFO] Test has been run: testMonitor_literalMutationNumber4_failAssert0_add303_failAssert0,testMonitor_add18_failAssert0_literalMutationNumber163_failAssert0,testMonitor_remove23_failAssert0_literalMutationNumber105_failAssert0,testMonitor_add13_failAssert0_literalMutationNumber175_failAssert0,testMonitor_literalMutationNumber1_failAssert0_literalMutationNumber121_failAssert0,testMonitor_remove25_failAssert0_literalMutationNumber83_failAssert0,testMonitor_add10_failAssert0_add425_failAssert0,testMonitor_add14_failAssert0_literalMutationNumber149_failAssert0,testMonitor_remove22_failAssert0_add233_failAssert0,testMonitor_add18_failAssert0_add445_failAssert0,testMonitor_remove20_failAssert0_add207_failAssert0,testMonitor_add15_failAssert0_literalMutationNumber139_failAssert0,testMonitor_add14_failAssert0_literalMutationNumber148_failAssert0,testMonitor_remove22_failAssert0_literalMutationNumber90_failAssert0,testMonitor_add11_failAssert0_add473_failAssert0,testMonitor_remove24_failAssert0_add289_failAssert0,testMonitor_literalMutationNumber4_failAssert0_add301_failAssert0,testMonitor_add13_failAssert0_add482_failAssert0,testMonitor_remove23_failAssert0_literalMutationNumber103_failAssert0,testMonitor_literalMutationNumber1_failAssert0_add323_failAssert0,testMonitor_remove24_failAssert0_literalMutationNumber110_failAssert0,testMonitor_remove22_failAssert0_add231_failAssert0,testMonitor_add12_failAssert0_add407_failAssert0,testMonitor_add11_failAssert0_literalMutationNumber174_failAssert0,testMonitor_add12_failAssert0_add415_failAssert0,testMonitor_add10_failAssert0_literalMutationNumber158_failAssert0,testMonitor_remove21_failAssert0_add262_failAssert0,testMonitor_remove24_failAssert0_add279_failAssert0,testMonitor_remove23_failAssert0_add271_failAssert0,testMonitor_add11_failAssert0_literalMutationNumber173_failAssert0,testMonitor_add10_failAssert0_literalMutationNumber157_failAssert0,testMonitor_add8_failAssert0_add456_failAssert0,testMonitor_remove21_failAssert0_add261_failAssert0,testMonitor_add15_failAssert0_literalMutationNumber136_failAssert0,testMonitor_add6_failAssert0_add504_failAssert0,testMonitor_remove23_failAssert0_add270_failAssert0,testMonitor_add11_failAssert0_add470_failAssert0,testMonitor_add9_failAssert0_add529_failAssert0,testMonitor_remove20_failAssert0_add203_failAssert0,testMonitor_literalMutationNumber1_failAssert0_add320_failAssert0,testMonitor_add6_failAssert0_add503_failAssert0,testMonitor_literalMutationNumber5_failAssert0_add305_failAssert0,testMonitor_add7_failAssert0_add519_failAssert0,testMonitor_add17_failAssert0_literalMutationNumber141_failAssert0,testMonitor_literalMutationNumber2_failAssert0_add335_failAssert0,testMonitor_add8_failAssert0_add454_failAssert0,testMonitor_literalMutationNumber5_failAssert0_literalMutationNumber118_failAssert0,testMonitor_literalMutationNumber5_failAssert0_add312_failAssert0,testMonitor_add16_failAssert0_literalMutationNumber197_failAssert0,testMonitor_add16_failAssert0_add543_failAssert0,testMonitor_literalMutationNumber2_failAssert0_literalMutationNumber128_failAssert0,testMonitor_add17_failAssert0_literalMutationNumber140_failAssert0,testMonitor_add16_failAssert0_add551_failAssert0,testMonitor_remove21_failAssert0_literalMutationNumber99_failAssert0,testMonitor_add12_failAssert0_literalMutationNumber152_failAssert0,testMonitor_add14_failAssert0_add403_failAssert0,testMonitor_add16_failAssert0_literalMutationNumber196_failAssert0,testMonitor_add17_failAssert0_add387_failAssert0,testMonitor_remove21_failAssert0_literalMutationNumber98_failAssert0,testMonitor_add12_failAssert0_literalMutationNumber151_failAssert0,testMonitor_literalMutationNumber3_failAssert0_literalMutationNumber134_failAssert0,testMonitor_add7_failAssert0_literalMutationNumber187_failAssert0,testMonitor_remove22_failAssert0_literalMutationNumber89_failAssert0,testMonitor_literalMutationNumber2_failAssert0_literalMutationNumber126_failAssert0,testMonitor_literalMutationNumber2_failAssert0_add340_failAssert0,testMonitor_add8_failAssert0_literalMutationNumber169_failAssert0,testMonitor_add9_failAssert0_literalMutationNumber193_failAssert0,testMonitor_add15_failAssert0_add368_failAssert0,testMonitor_remove24_failAssert0_literalMutationNumber109_failAssert0,testMonitor_add17_failAssert0_add377_failAssert0,testMonitor_add7_failAssert0_literalMutationNumber186_failAssert0,testMonitor_remove25_failAssert0_add224_failAssert0,testMonitor_add9_failAssert0_add540_failAssert0,testMonitor_literalMutationNumber3_failAssert0_add347_failAssert0,testMonitor_literalMutationNumber3_failAssert0_literalMutationNumber132_failAssert0,testMonitor_add8_failAssert0_literalMutationNumber168_failAssert0,testMonitor_remove20_failAssert0_literalMutationNumber79_failAssert0,testMonitor_add18_failAssert0_add449_failAssert0,testMonitor_add9_failAssert0_literalMutationNumber191_failAssert0,testMonitor_literalMutationNumber3_failAssert0_add354_failAssert0,testMonitor_add7_failAssert0_add521_failAssert0,testMonitor_literalMutationNumber4_failAssert0_literalMutationNumber113_failAssert0,testMonitor_add14_failAssert0_add397_failAssert0,testMonitor_add13_failAssert0_add486_failAssert0,testMonitor_literalMutationNumber5_failAssert0_literalMutationNumber120_failAssert0,testMonitor_remove19_failAssert0_add239_failAssert0,testMonitor_remove20_failAssert0_literalMutationNumber77_failAssert0,testMonitor_add6_failAssert0_literalMutationNumber184_failAssert0,testMonitor_remove19_failAssert0_literalMutationNumber94_failAssert0,testMonitor_literalMutationNumber1_failAssert0_literalMutationNumber123_failAssert0,testMonitor_remove25_failAssert0_literalMutationNumber85_failAssert0,testMonitor_literalMutationNumber4_failAssert0_literalMutationNumber112_failAssert0,testMonitor_remove25_failAssert0_add221_failAssert0,testMonitor_add10_failAssert0_add435_failAssert0,testMonitor_add18_failAssert0_literalMutationNumber164_failAssert0,testMonitor_add6_failAssert0_literalMutationNumber183_failAssert0,testMonitor_add13_failAssert0_literalMutationNumber176_failAssert0,testMonitor_remove19_failAssert0_literalMutationNumber93_failAssert0,testMonitor_add15_failAssert0_add372_failAssert0,testMonitor_remove19_failAssert0_add246_failAssert0
[INFO] 0 amplified test methods has been selected to be kept.
[INFO] 0 amplified test methods has been selected to be kept. (global: 0)
[INFO] Amplification of testThreadFactory, (2/2)
[INFO] iteration 0 / 2
[INFO] 1 tests selected to be amplified over 1 available tests
[INFO] Amplification of inputs...
[INFO] Time to amplify: 39ms
  1% |========================= ]/[INFO] 23 new tests generated
[INFO] Run tests. (23)
[INFO] Compiling with -proceedOnError -encoding UTF-8 -cp /tmp/dspot-experiments/dataset/april-2019/commons-io_parent/target/dspot/tmp_test_sources:/home/bedanglot/.m2/repository/junit/junit/4.12/junit-4.12.jar:/home/bedanglot/.m2/repository/org/hamcrest/hamcrest-core/1.3/hamcrest-core-1.3.jar:/tmp/dspot-experiments/dataset/april-2019/commons-io_parent/target/classes/:/tmp/dspot-experiments/dataset/april-2019/commons-io_parent/target/test-classes/:/tmp/dspot-experiments/dataset/april-2019/commons-io_parent/target/dspot/dependencies/: -d /tmp/dspot-experiments/dataset/april-2019/commons-io_parent/target/test-classes -1.8 -preserveAllLocals -noExit -enableJavadoc -proc:none /tmp/dspot-experiments/dataset/april-2019/commons-io_parent/target/dspot/tmp_test_sources/org/apache/commons/io/monitor/FileAlterationMonitorTestCase.java
[INFO] Run: java -classpath /tmp/dspot-experiments/dataset/april-2019/commons-io_parent/target/classes/:/tmp/dspot-experiments/dataset/april-2019/commons-io_parent/target/test-classes:/home/bedanglot/.m2/repository/junit/junit/4.12/junit-4.12.jar:/home/bedanglot/.m2/repository/org/hamcrest/hamcrest-core/1.3/hamcrest-core-1.3.jar:/tmp/dspot-experiments/dataset/april-2019/commons-io_parent/target/dspot/dependencies/:/home/bedanglot/.m2/repository/eu/stamp-project/test-runner/2.0.7/test-runner-2.0.7-jar-with-dependencies.jar eu.stamp_project.testrunner.runner.JUnit4Runner --class org.apache.commons.io.monitor.FileAlterationMonitorTestCase --tests testThreadFactory_remove772:testThreadFactory_remove775:testThreadFactory_remove777:testThreadFactory_remove776:testThreadFactory_remove774:testThreadFactory_remove778:testThreadFactory_remove773:testThreadFactory_literalMutationNumber756:testThreadFactory_literalMutationNumber759:testThreadFactory_literalMutationNumber758:testThreadFactory_literalMutationNumber760:testThreadFactory_literalMutationNumber757:testThreadFactory_add764:testThreadFactory_add769:testThreadFactory_add762:testThreadFactory_add763:testThreadFactory_add761:testThreadFactory_add766:testThreadFactory_add771:testThreadFactory_add770:testThreadFactory_add767:testThreadFactory_add768:testThreadFactory_add765 
Parsing --class org.apache.commons.io.monitor.FileAlterationMonitorTestCase --tests testThreadFactory_remove772:testThreadFactory_remove775:testThreadFactory_remove777:testThreadFactory_remove776:testThreadFactory_remove774:testThreadFactory_remove778:testThreadFactory_remove773:testThreadFactory_literalMutationNumber756:testThreadFactory_literalMutationNumber759:testThreadFactory_literalMutationNumber758:testThreadFactory_literalMutationNumber760:testThreadFactory_literalMutationNumber757:testThreadFactory_add764:testThreadFactory_add769:testThreadFactory_add762:testThreadFactory_add763:testThreadFactory_add761:testThreadFactory_add766:testThreadFactory_add771:testThreadFactory_add770:testThreadFactory_add767:testThreadFactory_add768:testThreadFactory_add765
File saved to the following path: /tmp/dspot-experiments/dataset/april-2019/commons-io_parent/target/dspot/TestResult.ser
[WARNING] Something bad happened during assertion amplification
java.lang.RuntimeException: Forked process did not finished correctly
	at eu.stamp_project.testrunner.EntryPoint.runGivenCommandLine(EntryPoint.java:417)
	at eu.stamp_project.testrunner.EntryPoint.runTests(EntryPoint.java:198)
	at eu.stamp_project.testrunner.EntryPoint.runTests(EntryPoint.java:193)
	at eu.stamp_project.testrunner.EntryPoint.runTests(EntryPoint.java:154)
	at eu.stamp_project.utils.execution.TestRunner.run(TestRunner.java:98)
	at eu.stamp_project.utils.execution.TestRunner.runGivenTestMethods(TestRunner.java:66)
	at eu.stamp_project.utils.compilation.TestCompiler.compileAndRun(TestCompiler.java:99)
	at eu.stamp_project.dspot.assertgenerator.AssertGenerator.innerAssertionAmplification(AssertGenerator.java:111)
	at eu.stamp_project.dspot.assertgenerator.AssertGenerator.assertionAmplification(AssertGenerator.java:76)
	at eu.stamp_project.dspot.Amplification.assertionsAmplification(Amplification.java:214)
	at eu.stamp_project.dspot.Amplification.amplification(Amplification.java:186)
	at eu.stamp_project.dspot.Amplification.amplification(Amplification.java:131)
	at eu.stamp_project.dspot.DSpot._amplify(DSpot.java:273)
	at eu.stamp_project.dspot.DSpot.lambda$amplifyTestClassesTestMethods$5(DSpot.java:254)
	at java.util.stream.ReferencePipeline$3$1.accept(ReferencePipeline.java:193)
	at java.util.ArrayList$ArrayListSpliterator.forEachRemaining(ArrayList.java:1382)
	at java.util.stream.AbstractPipeline.copyInto(AbstractPipeline.java:482)
	at java.util.stream.AbstractPipeline.wrapAndCopyInto(AbstractPipeline.java:472)
	at java.util.stream.ReduceOps$ReduceOp.evaluateSequential(ReduceOps.java:708)
	at java.util.stream.AbstractPipeline.evaluate(AbstractPipeline.java:234)
	at java.util.stream.ReferencePipeline.collect(ReferencePipeline.java:499)
	at eu.stamp_project.dspot.DSpot.amplifyTestClassesTestMethods(DSpot.java:255)
	at eu.stamp_project.Main.run(Main.java:65)
	at eu.stamp_project.DSpotMojo.execute(DSpotMojo.java:305)
	at org.apache.maven.plugin.DefaultBuildPluginManager.executeMojo(DefaultBuildPluginManager.java:134)
	at org.apache.maven.lifecycle.internal.MojoExecutor.execute(MojoExecutor.java:207)
	at org.apache.maven.lifecycle.internal.MojoExecutor.execute(MojoExecutor.java:153)
	at org.apache.maven.lifecycle.internal.MojoExecutor.execute(MojoExecutor.java:145)
	at org.apache.maven.lifecycle.internal.LifecycleModuleBuilder.buildProject(LifecycleModuleBuilder.java:116)
	at org.apache.maven.lifecycle.internal.LifecycleModuleBuilder.buildProject(LifecycleModuleBuilder.java:80)
	at org.apache.maven.lifecycle.internal.builder.singlethreaded.SingleThreadedBuilder.build(SingleThreadedBuilder.java:51)
	at org.apache.maven.lifecycle.internal.LifecycleStarter.execute(LifecycleStarter.java:128)
	at org.apache.maven.DefaultMaven.doExecute(DefaultMaven.java:307)
	at org.apache.maven.DefaultMaven.doExecute(DefaultMaven.java:193)
	at org.apache.maven.DefaultMaven.execute(DefaultMaven.java:106)
	at org.apache.maven.cli.MavenCli.execute(MavenCli.java:863)
	at org.apache.maven.cli.MavenCli.doMain(MavenCli.java:288)
	at org.apache.maven.cli.MavenCli.main(MavenCli.java:199)
	at sun.reflect.NativeMethodAccessorImpl.invoke0(Native Method)
	at sun.reflect.NativeMethodAccessorImpl.invoke(NativeMethodAccessorImpl.java:62)
	at sun.reflect.DelegatingMethodAccessorImpl.invoke(DelegatingMethodAccessorImpl.java:43)
	at java.lang.reflect.Method.invoke(Method.java:498)
	at org.codehaus.plexus.classworlds.launcher.Launcher.launchEnhanced(Launcher.java:289)
	at org.codehaus.plexus.classworlds.launcher.Launcher.launch(Launcher.java:229)
	at org.codehaus.plexus.classworlds.launcher.Launcher.mainWithExitCode(Launcher.java:415)
	at org.codehaus.plexus.classworlds.launcher.Launcher.main(Launcher.java:356)

[INFO] iteration 1 / 2
[INFO] 23 tests selected to be amplified over 23 available tests
[INFO] Amplification of inputs...
[INFO] Time to amplify: 341ms
  1% |========================= ]/ 24% |========================= ]| 93% |============================================== ]/[INFO] 100 new tests generated
[INFO] Run tests. (100)
[INFO] Compiling with -proceedOnError -encoding UTF-8 -cp /tmp/dspot-experiments/dataset/april-2019/commons-io_parent/target/dspot/tmp_test_sources:/home/bedanglot/.m2/repository/junit/junit/4.12/junit-4.12.jar:/home/bedanglot/.m2/repository/org/hamcrest/hamcrest-core/1.3/hamcrest-core-1.3.jar:/tmp/dspot-experiments/dataset/april-2019/commons-io_parent/target/classes/:/tmp/dspot-experiments/dataset/april-2019/commons-io_parent/target/test-classes/:/tmp/dspot-experiments/dataset/april-2019/commons-io_parent/target/dspot/dependencies/: -d /tmp/dspot-experiments/dataset/april-2019/commons-io_parent/target/test-classes -1.8 -preserveAllLocals -noExit -enableJavadoc -proc:none /tmp/dspot-experiments/dataset/april-2019/commons-io_parent/target/dspot/tmp_test_sources/org/apache/commons/io/monitor/FileAlterationMonitorTestCase.java
[INFO] Run: java -classpath /tmp/dspot-experiments/dataset/april-2019/commons-io_parent/target/classes/:/tmp/dspot-experiments/dataset/april-2019/commons-io_parent/target/test-classes:/home/bedanglot/.m2/repository/junit/junit/4.12/junit-4.12.jar:/home/bedanglot/.m2/repository/org/hamcrest/hamcrest-core/1.3/hamcrest-core-1.3.jar:/tmp/dspot-experiments/dataset/april-2019/commons-io_parent/target/dspot/dependencies/:/home/bedanglot/.m2/repository/eu/stamp-project/test-runner/2.0.7/test-runner-2.0.7-jar-with-dependencies.jar eu.stamp_project.testrunner.runner.JUnit4Runner --class org.apache.commons.io.monitor.FileAlterationMonitorTestCase --tests testThreadFactory_remove776_literalMutationNumber818:testThreadFactory_remove777_literalMutationNumber814:testThreadFactory_remove774_literalMutationNumber825:testThreadFactory_remove775_literalMutationNumber809:testThreadFactory_remove778_literalMutationNumber831:testThreadFactory_literalMutationNumber760_literalMutationNumber851:testThreadFactory_literalMutationNumber759_literalMutationNumber841:testThreadFactory_literalMutationNumber756_literalMutationNumber840:testThreadFactory_literalMutationNumber758_literalMutationNumber849:testThreadFactory_literalMutationNumber757_literalMutationNumber860:testThreadFactory_add761_literalMutationNumber885:testThreadFactory_add771_literalMutationNumber892:testThreadFactory_add770_literalMutationNumber896:testThreadFactory_add765_literalMutationNumber913:testThreadFactory_add764_literalMutationNumber861:testThreadFactory_add763_literalMutationNumber879:testThreadFactory_add762_literalMutationNumber872:testThreadFactory_add769_literalMutationNumber870:testThreadFactory_add768_literalMutationNumber907:testThreadFactory_add767_literalMutationNumber904:testThreadFactory_add766_literalMutationNumber888:testThreadFactory_remove772_literalMutationNumber805:testThreadFactory_remove773_literalMutationNumber832:testThreadFactory_remove776_literalMutationNumber821:testThreadFactory_remove776_literalMutationNumber820:testThreadFactory_remove776_literalMutationNumber817:testThreadFactory_remove777_literalMutationNumber816:testThreadFactory_remove777_literalMutationNumber812:testThreadFactory_remove777_literalMutationNumber813:testThreadFactory_remove774_literalMutationNumber824:testThreadFactory_remove774_literalMutationNumber826:testThreadFactory_remove774_literalMutationNumber822:testThreadFactory_remove775_literalMutationNumber807:testThreadFactory_remove775_literalMutationNumber810:testThreadFactory_remove775_literalMutationNumber811:testThreadFactory_remove778_literalMutationNumber830:testThreadFactory_remove778_literalMutationNumber827:testThreadFactory_remove778_literalMutationNumber828:testThreadFactory_literalMutationNumber760_literalMutationNumber852:testThreadFactory_literalMutationNumber760_literalMutationNumber853:testThreadFactory_literalMutationNumber760_literalMutationNumber854:testThreadFactory_literalMutationNumber759_literalMutationNumber843:testThreadFactory_literalMutationNumber759_literalMutationNumber845:testThreadFactory_literalMutationNumber759_literalMutationNumber844:testThreadFactory_literalMutationNumber756_literalMutationNumber839:testThreadFactory_literalMutationNumber756_literalMutationNumber838:testThreadFactory_literalMutationNumber756_literalMutationNumber837:testThreadFactory_literalMutationNumber758_literalMutationNumber850:testThreadFactory_literalMutationNumber758_literalMutationNumber848:testThreadFactory_literalMutationNumber758_literalMutationNumber846:testThreadFactory_literalMutationNumber757_literalMutationNumber858:testThreadFactory_literalMutationNumber757_literalMutationNumber857:testThreadFactory_literalMutationNumber757_literalMutationNumber859:testThreadFactory_add761_literalMutationNumber882:testThreadFactory_add761_literalMutationNumber884:testThreadFactory_add761_literalMutationNumber881:testThreadFactory_add771_literalMutationNumber894:testThreadFactory_add771_literalMutationNumber891:testThreadFactory_add771_literalMutationNumber895:testThreadFactory_add770_literalMutationNumber897:testThreadFactory_add770_literalMutationNumber898:testThreadFactory_add770_literalMutationNumber900:testThreadFactory_add765_literalMutationNumber912:testThreadFactory_add765_literalMutationNumber915:testThreadFactory_add765_literalMutationNumber914:testThreadFactory_add764_literalMutationNumber862:testThreadFactory_add764_literalMutationNumber863:testThreadFactory_add764_literalMutationNumber865:testThreadFactory_add763_literalMutationNumber880:testThreadFactory_add763_literalMutationNumber876:testThreadFactory_add763_literalMutationNumber878:testThreadFactory_add762_literalMutationNumber875:testThreadFactory_add762_literalMutationNumber874:testThreadFactory_add762_literalMutationNumber873:testThreadFactory_add769_literalMutationNumber869:testThreadFactory_add769_literalMutationNumber868:testThreadFactory_add769_literalMutationNumber867:testThreadFactory_add768_literalMutationNumber909:testThreadFactory_add768_literalMutationNumber906:testThreadFactory_add768_literalMutationNumber910:testThreadFactory_add767_literalMutationNumber901:testThreadFactory_add767_literalMutationNumber903:testThreadFactory_add767_literalMutationNumber905:testThreadFactory_add766_literalMutationNumber887:testThreadFactory_add766_literalMutationNumber889:testThreadFactory_add766_literalMutationNumber886:testThreadFactory_remove772_literalMutationNumber806:testThreadFactory_remove772_literalMutationNumber804:testThreadFactory_remove772_literalMutationNumber802:testThreadFactory_remove773_literalMutationNumber835:testThreadFactory_remove773_literalMutationNumber833:testThreadFactory_remove773_literalMutationNumber836:testThreadFactory_remove776_literalMutationNumber819:testThreadFactory_remove777_literalMutationNumber815:testThreadFactory_remove774_literalMutationNumber823:testThreadFactory_remove775_literalMutationNumber808:testThreadFactory_remove778_literalMutationNumber829:testThreadFactory_literalMutationNumber760_literalMutationNumber855:testThreadFactory_literalMutationNumber759_literalMutationNumber842:testThreadFactory_literalMutationNumber758_literalMutationNumber847 
Parsing --class org.apache.commons.io.monitor.FileAlterationMonitorTestCase --tests testThreadFactory_remove776_literalMutationNumber818:testThreadFactory_remove777_literalMutationNumber814:testThreadFactory_remove774_literalMutationNumber825:testThreadFactory_remove775_literalMutationNumber809:testThreadFactory_remove778_literalMutationNumber831:testThreadFactory_literalMutationNumber760_literalMutationNumber851:testThreadFactory_literalMutationNumber759_literalMutationNumber841:testThreadFactory_literalMutationNumber756_literalMutationNumber840:testThreadFactory_literalMutationNumber758_literalMutationNumber849:testThreadFactory_literalMutationNumber757_literalMutationNumber860:testThreadFactory_add761_literalMutationNumber885:testThreadFactory_add771_literalMutationNumber892:testThreadFactory_add770_literalMutationNumber896:testThreadFactory_add765_literalMutationNumber913:testThreadFactory_add764_literalMutationNumber861:testThreadFactory_add763_literalMutationNumber879:testThreadFactory_add762_literalMutationNumber872:testThreadFactory_add769_literalMutationNumber870:testThreadFactory_add768_literalMutationNumber907:testThreadFactory_add767_literalMutationNumber904:testThreadFactory_add766_literalMutationNumber888:testThreadFactory_remove772_literalMutationNumber805:testThreadFactory_remove773_literalMutationNumber832:testThreadFactory_remove776_literalMutationNumber821:testThreadFactory_remove776_literalMutationNumber820:testThreadFactory_remove776_literalMutationNumber817:testThreadFactory_remove777_literalMutationNumber816:testThreadFactory_remove777_literalMutationNumber812:testThreadFactory_remove777_literalMutationNumber813:testThreadFactory_remove774_literalMutationNumber824:testThreadFactory_remove774_literalMutationNumber826:testThreadFactory_remove774_literalMutationNumber822:testThreadFactory_remove775_literalMutationNumber807:testThreadFactory_remove775_literalMutationNumber810:testThreadFactory_remove775_literalMutationNumber811:testThreadFactory_remove778_literalMutationNumber830:testThreadFactory_remove778_literalMutationNumber827:testThreadFactory_remove778_literalMutationNumber828:testThreadFactory_literalMutationNumber760_literalMutationNumber852:testThreadFactory_literalMutationNumber760_literalMutationNumber853:testThreadFactory_literalMutationNumber760_literalMutationNumber854:testThreadFactory_literalMutationNumber759_literalMutationNumber843:testThreadFactory_literalMutationNumber759_literalMutationNumber845:testThreadFactory_literalMutationNumber759_literalMutationNumber844:testThreadFactory_literalMutationNumber756_literalMutationNumber839:testThreadFactory_literalMutationNumber756_literalMutationNumber838:testThreadFactory_literalMutationNumber756_literalMutationNumber837:testThreadFactory_literalMutationNumber758_literalMutationNumber850:testThreadFactory_literalMutationNumber758_literalMutationNumber848:testThreadFactory_literalMutationNumber758_literalMutationNumber846:testThreadFactory_literalMutationNumber757_literalMutationNumber858:testThreadFactory_literalMutationNumber757_literalMutationNumber857:testThreadFactory_literalMutationNumber757_literalMutationNumber859:testThreadFactory_add761_literalMutationNumber882:testThreadFactory_add761_literalMutationNumber884:testThreadFactory_add761_literalMutationNumber881:testThreadFactory_add771_literalMutationNumber894:testThreadFactory_add771_literalMutationNumber891:testThreadFactory_add771_literalMutationNumber895:testThreadFactory_add770_literalMutationNumber897:testThreadFactory_add770_literalMutationNumber898:testThreadFactory_add770_literalMutationNumber900:testThreadFactory_add765_literalMutationNumber912:testThreadFactory_add765_literalMutationNumber915:testThreadFactory_add765_literalMutationNumber914:testThreadFactory_add764_literalMutationNumber862:testThreadFactory_add764_literalMutationNumber863:testThreadFactory_add764_literalMutationNumber865:testThreadFactory_add763_literalMutationNumber880:testThreadFactory_add763_literalMutationNumber876:testThreadFactory_add763_literalMutationNumber878:testThreadFactory_add762_literalMutationNumber875:testThreadFactory_add762_literalMutationNumber874:testThreadFactory_add762_literalMutationNumber873:testThreadFactory_add769_literalMutationNumber869:testThreadFactory_add769_literalMutationNumber868:testThreadFactory_add769_literalMutationNumber867:testThreadFactory_add768_literalMutationNumber909:testThreadFactory_add768_literalMutationNumber906:testThreadFactory_add768_literalMutationNumber910:testThreadFactory_add767_literalMutationNumber901:testThreadFactory_add767_literalMutationNumber903:testThreadFactory_add767_literalMutationNumber905:testThreadFactory_add766_literalMutationNumber887:testThreadFactory_add766_literalMutationNumber889:testThreadFactory_add766_literalMutationNumber886:testThreadFactory_remove772_literalMutationNumber806:testThreadFactory_remove772_literalMutationNumber804:testThreadFactory_remove772_literalMutationNumber802:testThreadFactory_remove773_literalMutationNumber835:testThreadFactory_remove773_literalMutationNumber833:testThreadFactory_remove773_literalMutationNumber836:testThreadFactory_remove776_literalMutationNumber819:testThreadFactory_remove777_literalMutationNumber815:testThreadFactory_remove774_literalMutationNumber823:testThreadFactory_remove775_literalMutationNumber808:testThreadFactory_remove778_literalMutationNumber829:testThreadFactory_literalMutationNumber760_literalMutationNumber855:testThreadFactory_literalMutationNumber759_literalMutationNumber842:testThreadFactory_literalMutationNumber758_literalMutationNumber847
Exception in thread "pool-88-thread-1" java.lang.IllegalArgumentException: timeout value is negative
	at java.lang.Thread.sleep(Native Method)
	at org.apache.commons.io.monitor.FileAlterationMonitor.run(FileAlterationMonitor.java:189)
	at java.lang.Thread.run(Thread.java:748)
File saved to the following path: /tmp/dspot-experiments/dataset/april-2019/commons-io_parent/target/dspot/TestResult.ser
[WARNING] Something bad happened during assertion amplification
java.lang.RuntimeException: Forked process did not finished correctly
	at eu.stamp_project.testrunner.EntryPoint.runGivenCommandLine(EntryPoint.java:417)
	at eu.stamp_project.testrunner.EntryPoint.runTests(EntryPoint.java:198)
	at eu.stamp_project.testrunner.EntryPoint.runTests(EntryPoint.java:193)
	at eu.stamp_project.testrunner.EntryPoint.runTests(EntryPoint.java:154)
	at eu.stamp_project.utils.execution.TestRunner.run(TestRunner.java:98)
	at eu.stamp_project.utils.execution.TestRunner.runGivenTestMethods(TestRunner.java:66)
	at eu.stamp_project.utils.compilation.TestCompiler.compileAndRun(TestCompiler.java:99)
	at eu.stamp_project.dspot.assertgenerator.AssertGenerator.innerAssertionAmplification(AssertGenerator.java:111)
	at eu.stamp_project.dspot.assertgenerator.AssertGenerator.assertionAmplification(AssertGenerator.java:76)
	at eu.stamp_project.dspot.Amplification.assertionsAmplification(Amplification.java:214)
	at eu.stamp_project.dspot.Amplification.amplification(Amplification.java:186)
	at eu.stamp_project.dspot.Amplification.amplification(Amplification.java:131)
	at eu.stamp_project.dspot.DSpot._amplify(DSpot.java:273)
	at eu.stamp_project.dspot.DSpot.lambda$amplifyTestClassesTestMethods$5(DSpot.java:254)
	at java.util.stream.ReferencePipeline$3$1.accept(ReferencePipeline.java:193)
	at java.util.ArrayList$ArrayListSpliterator.forEachRemaining(ArrayList.java:1382)
	at java.util.stream.AbstractPipeline.copyInto(AbstractPipeline.java:482)
	at java.util.stream.AbstractPipeline.wrapAndCopyInto(AbstractPipeline.java:472)
	at java.util.stream.ReduceOps$ReduceOp.evaluateSequential(ReduceOps.java:708)
	at java.util.stream.AbstractPipeline.evaluate(AbstractPipeline.java:234)
	at java.util.stream.ReferencePipeline.collect(ReferencePipeline.java:499)
	at eu.stamp_project.dspot.DSpot.amplifyTestClassesTestMethods(DSpot.java:255)
	at eu.stamp_project.Main.run(Main.java:65)
	at eu.stamp_project.DSpotMojo.execute(DSpotMojo.java:305)
	at org.apache.maven.plugin.DefaultBuildPluginManager.executeMojo(DefaultBuildPluginManager.java:134)
	at org.apache.maven.lifecycle.internal.MojoExecutor.execute(MojoExecutor.java:207)
	at org.apache.maven.lifecycle.internal.MojoExecutor.execute(MojoExecutor.java:153)
	at org.apache.maven.lifecycle.internal.MojoExecutor.execute(MojoExecutor.java:145)
	at org.apache.maven.lifecycle.internal.LifecycleModuleBuilder.buildProject(LifecycleModuleBuilder.java:116)
	at org.apache.maven.lifecycle.internal.LifecycleModuleBuilder.buildProject(LifecycleModuleBuilder.java:80)
	at org.apache.maven.lifecycle.internal.builder.singlethreaded.SingleThreadedBuilder.build(SingleThreadedBuilder.java:51)
	at org.apache.maven.lifecycle.internal.LifecycleStarter.execute(LifecycleStarter.java:128)
	at org.apache.maven.DefaultMaven.doExecute(DefaultMaven.java:307)
	at org.apache.maven.DefaultMaven.doExecute(DefaultMaven.java:193)
	at org.apache.maven.DefaultMaven.execute(DefaultMaven.java:106)
	at org.apache.maven.cli.MavenCli.execute(MavenCli.java:863)
	at org.apache.maven.cli.MavenCli.doMain(MavenCli.java:288)
	at org.apache.maven.cli.MavenCli.main(MavenCli.java:199)
	at sun.reflect.NativeMethodAccessorImpl.invoke0(Native Method)
	at sun.reflect.NativeMethodAccessorImpl.invoke(NativeMethodAccessorImpl.java:62)
	at sun.reflect.DelegatingMethodAccessorImpl.invoke(DelegatingMethodAccessorImpl.java:43)
	at java.lang.reflect.Method.invoke(Method.java:498)
	at org.codehaus.plexus.classworlds.launcher.Launcher.launchEnhanced(Launcher.java:289)
	at org.codehaus.plexus.classworlds.launcher.Launcher.launch(Launcher.java:229)
	at org.codehaus.plexus.classworlds.launcher.Launcher.mainWithExitCode(Launcher.java:415)
	at org.codehaus.plexus.classworlds.launcher.Launcher.main(Launcher.java:356)

[INFO] 0 amplified test methods has been selected to be kept. (global: 0)
[INFO] elapsedTime 1264413
[DEBUG] OPTIMIZATION: GC invoked
[WARNING] DSpot could not obtain any amplified test method.
[WARNING] You can customize the following options: --amplifiers, --test-criterion, --iteration, --budgetizer etc, and retry with a new configuration.
[INFO] Amplification succeed.
[INFO] Elapsed time 1265001 ms
[INFO] 
0 amplified test fails on the new versions.
[INFO] Writing report in /tmp/dspot-experiments/results/april-2019/commons-io/commit_2_a4705cc/input_amplification/2/report.txt
[WARNING] DSpot encountered some errors during amplification.
[WARNING] DSpot encountered 2 error(s) during amplification.
Something bad happened during assertion amplification
java.lang.RuntimeException: Forked process did not finished correctly
	at eu.stamp_project.testrunner.EntryPoint.runGivenCommandLine(EntryPoint.java:417)
	at eu.stamp_project.testrunner.EntryPoint.runTests(EntryPoint.java:198)
	at eu.stamp_project.testrunner.EntryPoint.runTests(EntryPoint.java:193)
	at eu.stamp_project.testrunner.EntryPoint.runTests(EntryPoint.java:154)
	at eu.stamp_project.utils.execution.TestRunner.run(TestRunner.java:98)
	at eu.stamp_project.utils.execution.TestRunner.runGivenTestMethods(TestRunner.java:66)
	at eu.stamp_project.utils.compilation.TestCompiler.compileAndRun(TestCompiler.java:99)
	at eu.stamp_project.dspot.assertgenerator.AssertGenerator.innerAssertionAmplification(AssertGenerator.java:111)
	at eu.stamp_project.dspot.assertgenerator.AssertGenerator.assertionAmplification(AssertGenerator.java:76)
	at eu.stamp_project.dspot.Amplification.assertionsAmplification(Amplification.java:214)
	at eu.stamp_project.dspot.Amplification.amplification(Amplification.java:186)
	at eu.stamp_project.dspot.Amplification.amplification(Amplification.java:131)
	at eu.stamp_project.dspot.DSpot._amplify(DSpot.java:273)
	at eu.stamp_project.dspot.DSpot.lambda$amplifyTestClassesTestMethods$5(DSpot.java:254)
	at java.util.stream.ReferencePipeline$3$1.accept(ReferencePipeline.java:193)
	at java.util.ArrayList$ArrayListSpliterator.forEachRemaining(ArrayList.java:1382)
	at java.util.stream.AbstractPipeline.copyInto(AbstractPipeline.java:482)
	at java.util.stream.AbstractPipeline.wrapAndCopyInto(AbstractPipeline.java:472)
	at java.util.stream.ReduceOps$ReduceOp.evaluateSequential(ReduceOps.java:708)
	at java.util.stream.AbstractPipeline.evaluate(AbstractPipeline.java:234)
	at java.util.stream.ReferencePipeline.collect(ReferencePipeline.java:499)
	at eu.stamp_project.dspot.DSpot.amplifyTestClassesTestMethods(DSpot.java:255)
	at eu.stamp_project.Main.run(Main.java:65)
	at eu.stamp_project.DSpotMojo.execute(DSpotMojo.java:305)
	at org.apache.maven.plugin.DefaultBuildPluginManager.executeMojo(DefaultBuildPluginManager.java:134)
	at org.apache.maven.lifecycle.internal.MojoExecutor.execute(MojoExecutor.java:207)
	at org.apache.maven.lifecycle.internal.MojoExecutor.execute(MojoExecutor.java:153)
	at org.apache.maven.lifecycle.internal.MojoExecutor.execute(MojoExecutor.java:145)
	at org.apache.maven.lifecycle.internal.LifecycleModuleBuilder.buildProject(LifecycleModuleBuilder.java:116)
	at org.apache.maven.lifecycle.internal.LifecycleModuleBuilder.buildProject(LifecycleModuleBuilder.java:80)
	at org.apache.maven.lifecycle.internal.builder.singlethreaded.SingleThreadedBuilder.build(SingleThreadedBuilder.java:51)
	at org.apache.maven.lifecycle.internal.LifecycleStarter.execute(LifecycleStarter.java:128)
	at org.apache.maven.DefaultMaven.doExecute(DefaultMaven.java:307)
	at org.apache.maven.DefaultMaven.doExecute(DefaultMaven.java:193)
	at org.apache.maven.DefaultMaven.execute(DefaultMaven.java:106)
	at org.apache.maven.cli.MavenCli.execute(MavenCli.java:863)
	at org.apache.maven.cli.MavenCli.doMain(MavenCli.java:288)
	at org.apache.maven.cli.MavenCli.main(MavenCli.java:199)
	at sun.reflect.NativeMethodAccessorImpl.invoke0(Native Method)
	at sun.reflect.NativeMethodAccessorImpl.invoke(NativeMethodAccessorImpl.java:62)
	at sun.reflect.DelegatingMethodAccessorImpl.invoke(DelegatingMethodAccessorImpl.java:43)
	at java.lang.reflect.Method.invoke(Method.java:498)
	at org.codehaus.plexus.classworlds.launcher.Launcher.launchEnhanced(Launcher.java:289)
	at org.codehaus.plexus.classworlds.launcher.Launcher.launch(Launcher.java:229)
	at org.codehaus.plexus.classworlds.launcher.Launcher.mainWithExitCode(Launcher.java:415)
	at org.codehaus.plexus.classworlds.launcher.Launcher.main(Launcher.java:356)

Something bad happened during assertion amplification
java.lang.RuntimeException: Forked process did not finished correctly
	at eu.stamp_project.testrunner.EntryPoint.runGivenCommandLine(EntryPoint.java:417)
	at eu.stamp_project.testrunner.EntryPoint.runTests(EntryPoint.java:198)
	at eu.stamp_project.testrunner.EntryPoint.runTests(EntryPoint.java:193)
	at eu.stamp_project.testrunner.EntryPoint.runTests(EntryPoint.java:154)
	at eu.stamp_project.utils.execution.TestRunner.run(TestRunner.java:98)
	at eu.stamp_project.utils.execution.TestRunner.runGivenTestMethods(TestRunner.java:66)
	at eu.stamp_project.utils.compilation.TestCompiler.compileAndRun(TestCompiler.java:99)
	at eu.stamp_project.dspot.assertgenerator.AssertGenerator.innerAssertionAmplification(AssertGenerator.java:111)
	at eu.stamp_project.dspot.assertgenerator.AssertGenerator.assertionAmplification(AssertGenerator.java:76)
	at eu.stamp_project.dspot.Amplification.assertionsAmplification(Amplification.java:214)
	at eu.stamp_project.dspot.Amplification.amplification(Amplification.java:186)
	at eu.stamp_project.dspot.Amplification.amplification(Amplification.java:131)
	at eu.stamp_project.dspot.DSpot._amplify(DSpot.java:273)
	at eu.stamp_project.dspot.DSpot.lambda$amplifyTestClassesTestMethods$5(DSpot.java:254)
	at java.util.stream.ReferencePipeline$3$1.accept(ReferencePipeline.java:193)
	at java.util.ArrayList$ArrayListSpliterator.forEachRemaining(ArrayList.java:1382)
	at java.util.stream.AbstractPipeline.copyInto(AbstractPipeline.java:482)
	at java.util.stream.AbstractPipeline.wrapAndCopyInto(AbstractPipeline.java:472)
	at java.util.stream.ReduceOps$ReduceOp.evaluateSequential(ReduceOps.java:708)
	at java.util.stream.AbstractPipeline.evaluate(AbstractPipeline.java:234)
	at java.util.stream.ReferencePipeline.collect(ReferencePipeline.java:499)
	at eu.stamp_project.dspot.DSpot.amplifyTestClassesTestMethods(DSpot.java:255)
	at eu.stamp_project.Main.run(Main.java:65)
	at eu.stamp_project.DSpotMojo.execute(DSpotMojo.java:305)
	at org.apache.maven.plugin.DefaultBuildPluginManager.executeMojo(DefaultBuildPluginManager.java:134)
	at org.apache.maven.lifecycle.internal.MojoExecutor.execute(MojoExecutor.java:207)
	at org.apache.maven.lifecycle.internal.MojoExecutor.execute(MojoExecutor.java:153)
	at org.apache.maven.lifecycle.internal.MojoExecutor.execute(MojoExecutor.java:145)
	at org.apache.maven.lifecycle.internal.LifecycleModuleBuilder.buildProject(LifecycleModuleBuilder.java:116)
	at org.apache.maven.lifecycle.internal.LifecycleModuleBuilder.buildProject(LifecycleModuleBuilder.java:80)
	at org.apache.maven.lifecycle.internal.builder.singlethreaded.SingleThreadedBuilder.build(SingleThreadedBuilder.java:51)
	at org.apache.maven.lifecycle.internal.LifecycleStarter.execute(LifecycleStarter.java:128)
	at org.apache.maven.DefaultMaven.doExecute(DefaultMaven.java:307)
	at org.apache.maven.DefaultMaven.doExecute(DefaultMaven.java:193)
	at org.apache.maven.DefaultMaven.execute(DefaultMaven.java:106)
	at org.apache.maven.cli.MavenCli.execute(MavenCli.java:863)
	at org.apache.maven.cli.MavenCli.doMain(MavenCli.java:288)
	at org.apache.maven.cli.MavenCli.main(MavenCli.java:199)
	at sun.reflect.NativeMethodAccessorImpl.invoke0(Native Method)
	at sun.reflect.NativeMethodAccessorImpl.invoke(NativeMethodAccessorImpl.java:62)
	at sun.reflect.DelegatingMethodAccessorImpl.invoke(DelegatingMethodAccessorImpl.java:43)
	at java.lang.reflect.Method.invoke(Method.java:498)
	at org.codehaus.plexus.classworlds.launcher.Launcher.launchEnhanced(Launcher.java:289)
	at org.codehaus.plexus.classworlds.launcher.Launcher.launch(Launcher.java:229)
	at org.codehaus.plexus.classworlds.launcher.Launcher.mainWithExitCode(Launcher.java:415)
	at org.codehaus.plexus.classworlds.launcher.Launcher.main(Launcher.java:356)

[INFO] The amplification ends up with 0 amplified test methods over 0 test classes.
[INFO] ------------------------------------------------------------------------
[INFO] BUILD SUCCESS
[INFO] ------------------------------------------------------------------------
[INFO] Total time: 21:17 min
[INFO] Finished at: 2019-05-08T12:38:35+02:00
[INFO] Final Memory: 69M/2015M
[INFO] ------------------------------------------------------------------------
