Apache Maven 3.3.9
Maven home: /usr/share/maven
Java version: 1.8.0_212, vendor: Oracle Corporation
Java home: /usr/lib/jvm/java-8-openjdk-amd64/jre
Default locale: en_US, platform encoding: UTF-8
OS name: "linux", version: "4.9.0-9-amd64", arch: "amd64", family: "unix"
[DEBUG] Created new class realm maven.api
[DEBUG] Importing foreign packages into class realm maven.api
[DEBUG]   Imported: javax.enterprise.inject.* < plexus.core
[DEBUG]   Imported: javax.enterprise.util.* < plexus.core
[DEBUG]   Imported: javax.inject.* < plexus.core
[DEBUG]   Imported: org.apache.maven.* < plexus.core
[DEBUG]   Imported: org.apache.maven.artifact < plexus.core
[DEBUG]   Imported: org.apache.maven.classrealm < plexus.core
[DEBUG]   Imported: org.apache.maven.cli < plexus.core
[DEBUG]   Imported: org.apache.maven.configuration < plexus.core
[DEBUG]   Imported: org.apache.maven.exception < plexus.core
[DEBUG]   Imported: org.apache.maven.execution < plexus.core
[DEBUG]   Imported: org.apache.maven.execution.scope < plexus.core
[DEBUG]   Imported: org.apache.maven.lifecycle < plexus.core
[DEBUG]   Imported: org.apache.maven.model < plexus.core
[DEBUG]   Imported: org.apache.maven.monitor < plexus.core
[DEBUG]   Imported: org.apache.maven.plugin < plexus.core
[DEBUG]   Imported: org.apache.maven.profiles < plexus.core
[DEBUG]   Imported: org.apache.maven.project < plexus.core
[DEBUG]   Imported: org.apache.maven.reporting < plexus.core
[DEBUG]   Imported: org.apache.maven.repository < plexus.core
[DEBUG]   Imported: org.apache.maven.rtinfo < plexus.core
[DEBUG]   Imported: org.apache.maven.settings < plexus.core
[DEBUG]   Imported: org.apache.maven.toolchain < plexus.core
[DEBUG]   Imported: org.apache.maven.usability < plexus.core
[DEBUG]   Imported: org.apache.maven.wagon.* < plexus.core
[DEBUG]   Imported: org.apache.maven.wagon.authentication < plexus.core
[DEBUG]   Imported: org.apache.maven.wagon.authorization < plexus.core
[DEBUG]   Imported: org.apache.maven.wagon.events < plexus.core
[DEBUG]   Imported: org.apache.maven.wagon.observers < plexus.core
[DEBUG]   Imported: org.apache.maven.wagon.proxy < plexus.core
[DEBUG]   Imported: org.apache.maven.wagon.repository < plexus.core
[DEBUG]   Imported: org.apache.maven.wagon.resource < plexus.core
[DEBUG]   Imported: org.codehaus.classworlds < plexus.core
[DEBUG]   Imported: org.codehaus.plexus.* < plexus.core
[DEBUG]   Imported: org.codehaus.plexus.classworlds < plexus.core
[DEBUG]   Imported: org.codehaus.plexus.component < plexus.core
[DEBUG]   Imported: org.codehaus.plexus.configuration < plexus.core
[DEBUG]   Imported: org.codehaus.plexus.container < plexus.core
[DEBUG]   Imported: org.codehaus.plexus.context < plexus.core
[DEBUG]   Imported: org.codehaus.plexus.lifecycle < plexus.core
[DEBUG]   Imported: org.codehaus.plexus.logging < plexus.core
[DEBUG]   Imported: org.codehaus.plexus.personality < plexus.core
[DEBUG]   Imported: org.codehaus.plexus.util.xml.Xpp3Dom < plexus.core
[DEBUG]   Imported: org.codehaus.plexus.util.xml.pull.XmlPullParser < plexus.core
[DEBUG]   Imported: org.codehaus.plexus.util.xml.pull.XmlPullParserException < plexus.core
[DEBUG]   Imported: org.codehaus.plexus.util.xml.pull.XmlSerializer < plexus.core
[DEBUG]   Imported: org.eclipse.aether.* < plexus.core
[DEBUG]   Imported: org.eclipse.aether.artifact < plexus.core
[DEBUG]   Imported: org.eclipse.aether.collection < plexus.core
[DEBUG]   Imported: org.eclipse.aether.deployment < plexus.core
[DEBUG]   Imported: org.eclipse.aether.graph < plexus.core
[DEBUG]   Imported: org.eclipse.aether.impl < plexus.core
[DEBUG]   Imported: org.eclipse.aether.installation < plexus.core
[DEBUG]   Imported: org.eclipse.aether.internal.impl < plexus.core
[DEBUG]   Imported: org.eclipse.aether.metadata < plexus.core
[DEBUG]   Imported: org.eclipse.aether.repository < plexus.core
[DEBUG]   Imported: org.eclipse.aether.resolution < plexus.core
[DEBUG]   Imported: org.eclipse.aether.spi < plexus.core
[DEBUG]   Imported: org.eclipse.aether.transfer < plexus.core
[DEBUG]   Imported: org.eclipse.aether.version < plexus.core
[DEBUG]   Imported: org.slf4j.* < plexus.core
[DEBUG]   Imported: org.slf4j.helpers.* < plexus.core
[DEBUG]   Imported: org.slf4j.spi.* < plexus.core
[DEBUG] Populating class realm maven.api
[INFO] Error stacktraces are turned on.
[DEBUG] Reading global settings from /usr/share/maven/conf/settings.xml
[DEBUG] Reading user settings from /home/bedanglot/.m2/settings.xml
[DEBUG] Reading global toolchains from /usr/share/maven/conf/toolchains.xml
[DEBUG] Reading user toolchains from /home/bedanglot/.m2/toolchains.xml
[DEBUG] Using local repository at /home/bedanglot/.m2/repository
[DEBUG] Using manager EnhancedLocalRepositoryManager with priority 10.0 for /home/bedanglot/.m2/repository
[INFO] Scanning for projects...
[DEBUG] Extension realms for project com.github.spullara.mustache.java:compiler:jar:0.9.4-SNAPSHOT: (none)
[DEBUG] Looking up lifecyle mappings for packaging jar from ClassRealm[plexus.core, parent: null]
[DEBUG] Extension realms for project com.github.spullara.mustache.java:mustache.java:pom:0.9.4-SNAPSHOT: (none)
[DEBUG] Looking up lifecyle mappings for packaging pom from ClassRealm[plexus.core, parent: null]
[DEBUG] === REACTOR BUILD PLAN ================================================
[DEBUG] Project: com.github.spullara.mustache.java:compiler:jar:0.9.4-SNAPSHOT
[DEBUG] Tasks:   [eu.stamp-project:dspot-maven:2.1.1-SNAPSHOT:amplify-unit-tests]
[DEBUG] Style:   Regular
[DEBUG] =======================================================================
[INFO]                                                                         
[INFO] ------------------------------------------------------------------------
[INFO] Building compiler 0.9.4-SNAPSHOT
[INFO] ------------------------------------------------------------------------
[DEBUG] Lifecycle default -> [validate, initialize, generate-sources, process-sources, generate-resources, process-resources, compile, process-classes, generate-test-sources, process-test-sources, generate-test-resources, process-test-resources, test-compile, process-test-classes, test, prepare-package, package, pre-integration-test, integration-test, post-integration-test, verify, install, deploy]
[DEBUG] Lifecycle clean -> [pre-clean, clean, post-clean]
[DEBUG] Lifecycle site -> [pre-site, site, post-site, site-deploy]
[DEBUG] === PROJECT BUILD PLAN ================================================
[DEBUG] Project:       com.github.spullara.mustache.java:compiler:0.9.4-SNAPSHOT
[DEBUG] Dependencies (collect): []
[DEBUG] Dependencies (resolve): [test]
[DEBUG] Repositories (dependencies): [Twitter (http://maven.twttr.com/, default, releases+snapshots), central (https://repo.maven.apache.org/maven2, default, releases)]
[DEBUG] Repositories (plugins)     : [central (https://repo.maven.apache.org/maven2, default, releases)]
[DEBUG] -----------------------------------------------------------------------
[DEBUG] Goal:          eu.stamp-project:dspot-maven:2.1.1-SNAPSHOT:amplify-unit-tests (default-cli)
[DEBUG] Style:         Regular
[DEBUG] Configuration: <?xml version="1.0" encoding="UTF-8"?>
<configuration>
  <allowPathInAssertions default-value="false">${allow-path-in-assertions}</allowPathInAssertions>
  <amplifiers default-value="None">${amplifiers}</amplifiers>
  <automaticBuilder default-value="MavenBuilder">${automatic-builder}</automaticBuilder>
  <budgetizer default-value="RandomBudgetizer">${budgetizer}</budgetizer>
  <cases>${cases}</cases>
  <clean default-value="false">${clean}</clean>
  <descartes default-value="true">${descartes}</descartes>
  <example default-value="false">${example}</example>
  <generateNewTestClass default-value="false">${generate-new-test-class}</generateNewTestClass>
  <help default-value="false">${help}</help>
  <iteration default-value="3">${iteration}</iteration>
  <keepOriginalTestMethods default-value="false">${keep-original-test-methods}</keepOriginalTestMethods>
  <mavenHome>${maven-home}</mavenHome>
  <maxTestAmplified default-value="200">${max-test-amplified}</maxTestAmplified>
  <noMinimize default-value="false">${no-minimize}</noMinimize>
  <outputPath default-value="target/dspot/output">${output-path}</outputPath>
  <pathPitResult>${path-pit-result}</pathPitResult>
  <pathToProperties default-value="">${path-to-properties}</pathToProperties>
  <pathToSecondVersion default-value="">${path-to-second-version}</pathToSecondVersion>
  <pathToTestListCsv default-value="">${path-to-test-list-csv}</pathToTestListCsv>
  <project default-value="${project}"/>
  <randomSeed default-value="23">${randomSeed}</randomSeed>
  <targetOneTestClass default-value="false">${targetOneTestClass}</targetOneTestClass>
  <test default-value="all">${test}</test>
  <testCriterion default-value="PitMutantScoreSelector">${test-criterion}</testCriterion>
  <timeOut default-value="10000">${timeOut}</timeOut>
  <useMavenToExeTest default-value="false">${use-maven-to-exe-test}</useMavenToExeTest>
  <verbose default-value="false">${verbose}</verbose>
  <withComment default-value="false">${with-comment}</withComment>
  <workingDirectory default-value="false">${working-directory}</workingDirectory>
</configuration>
[DEBUG] =======================================================================
[DEBUG] Dependency collection stats: {ConflictMarker.analyzeTime=0, ConflictMarker.markTime=1, ConflictMarker.nodeCount=9, ConflictIdSorter.graphTime=0, ConflictIdSorter.topsortTime=0, ConflictIdSorter.conflictIdCount=7, ConflictIdSorter.conflictIdCycleCount=0, ConflictResolver.totalTime=3, ConflictResolver.conflictItemCount=8, DefaultDependencyCollector.collectTime=53, DefaultDependencyCollector.transformTime=6}
[DEBUG] com.github.spullara.mustache.java:compiler:jar:0.9.4-SNAPSHOT
[DEBUG]    junit:junit:jar:4.11:test
[DEBUG]       org.hamcrest:hamcrest-core:jar:1.3:test
[DEBUG]    com.fasterxml.jackson.core:jackson-databind:jar:2.7.4:test
[DEBUG]       com.fasterxml.jackson.core:jackson-annotations:jar:2.7.0:test
[DEBUG]       com.fasterxml.jackson.core:jackson-core:jar:2.7.4:test
[DEBUG]    com.fasterxml.jackson.dataformat:jackson-dataformat-yaml:jar:2.7.4:test
[DEBUG]       org.yaml:snakeyaml:jar:1.15:test
[INFO] 
[INFO] --- dspot-maven:2.1.1-SNAPSHOT:amplify-unit-tests (default-cli) @ compiler ---
[DEBUG] Skipped remote request for eu.stamp-project:dspot:2.1.1-SNAPSHOT/maven-metadata.xml, locally installed metadata up-to-date.
[DEBUG] Skipped remote request for eu.stamp-project:dspot:2.1.1-SNAPSHOT/maven-metadata.xml, locally installed metadata up-to-date.
[DEBUG] Skipped remote request for eu.stamp-project:dspot:2.1.1-SNAPSHOT/maven-metadata.xml, locally installed metadata up-to-date.
[DEBUG] Skipped remote request for eu.stamp-project:dspot:2.1.1-SNAPSHOT/maven-metadata.xml, locally installed metadata up-to-date.
[DEBUG] Could not find metadata org.eclipse.platform:org.eclipse.core.resources/maven-metadata.xml in local (/home/bedanglot/.m2/repository)
[DEBUG] Skipped remote request for org.eclipse.platform:org.eclipse.core.resources/maven-metadata.xml, locally cached metadata up-to-date.
[DEBUG] Failure to find org.eclipse.platform:org.eclipse.core.resources/maven-metadata.xml in https://repo.gradle.org/gradle/libs-releases-local/ was cached in the local repository, resolution will not be reattempted until the update interval of gradle-repo has elapsed or updates are forced
[DEBUG] Failure to find org.eclipse.platform:org.eclipse.core.resources/maven-metadata.xml in https://oss.sonatype.org/content/repositories/snapshots was cached in the local repository, resolution will not be reattempted until the update interval of sonatype-nexus-snapshots has elapsed or updates are forced
[DEBUG] Failure to find org.eclipse.platform:org.eclipse.core.resources/maven-metadata.xml in http://maven.inria.fr/artifactory/spoon-public-snapshot was cached in the local repository, resolution will not be reattempted until the update interval of maven.inria.fr-snapshot has elapsed or updates are forced
[DEBUG] Could not find metadata org.eclipse.platform:org.eclipse.core.expressions/maven-metadata.xml in local (/home/bedanglot/.m2/repository)
[DEBUG] Skipped remote request for org.eclipse.platform:org.eclipse.core.expressions/maven-metadata.xml, locally cached metadata up-to-date.
[DEBUG] Failure to find org.eclipse.platform:org.eclipse.core.expressions/maven-metadata.xml in https://repo.gradle.org/gradle/libs-releases-local/ was cached in the local repository, resolution will not be reattempted until the update interval of gradle-repo has elapsed or updates are forced
[DEBUG] Failure to find org.eclipse.platform:org.eclipse.core.expressions/maven-metadata.xml in https://oss.sonatype.org/content/repositories/snapshots was cached in the local repository, resolution will not be reattempted until the update interval of sonatype-nexus-snapshots has elapsed or updates are forced
[DEBUG] Failure to find org.eclipse.platform:org.eclipse.core.expressions/maven-metadata.xml in http://maven.inria.fr/artifactory/spoon-public-snapshot was cached in the local repository, resolution will not be reattempted until the update interval of maven.inria.fr-snapshot has elapsed or updates are forced
[DEBUG] Could not find metadata org.eclipse.platform:org.eclipse.core.runtime/maven-metadata.xml in local (/home/bedanglot/.m2/repository)
[DEBUG] Skipped remote request for org.eclipse.platform:org.eclipse.core.runtime/maven-metadata.xml, locally cached metadata up-to-date.
[DEBUG] Failure to find org.eclipse.platform:org.eclipse.core.runtime/maven-metadata.xml in https://repo.gradle.org/gradle/libs-releases-local/ was cached in the local repository, resolution will not be reattempted until the update interval of gradle-repo has elapsed or updates are forced
[DEBUG] Failure to find org.eclipse.platform:org.eclipse.core.runtime/maven-metadata.xml in https://oss.sonatype.org/content/repositories/snapshots was cached in the local repository, resolution will not be reattempted until the update interval of sonatype-nexus-snapshots has elapsed or updates are forced
[DEBUG] Failure to find org.eclipse.platform:org.eclipse.core.runtime/maven-metadata.xml in http://maven.inria.fr/artifactory/spoon-public-snapshot was cached in the local repository, resolution will not be reattempted until the update interval of maven.inria.fr-snapshot has elapsed or updates are forced
[DEBUG] Could not find metadata org.eclipse.platform:org.eclipse.osgi/maven-metadata.xml in local (/home/bedanglot/.m2/repository)
[DEBUG] Skipped remote request for org.eclipse.platform:org.eclipse.osgi/maven-metadata.xml, locally cached metadata up-to-date.
[DEBUG] Failure to find org.eclipse.platform:org.eclipse.osgi/maven-metadata.xml in https://repo.gradle.org/gradle/libs-releases-local/ was cached in the local repository, resolution will not be reattempted until the update interval of gradle-repo has elapsed or updates are forced
[DEBUG] Failure to find org.eclipse.platform:org.eclipse.osgi/maven-metadata.xml in https://oss.sonatype.org/content/repositories/snapshots was cached in the local repository, resolution will not be reattempted until the update interval of sonatype-nexus-snapshots has elapsed or updates are forced
[DEBUG] Failure to find org.eclipse.platform:org.eclipse.osgi/maven-metadata.xml in http://maven.inria.fr/artifactory/spoon-public-snapshot was cached in the local repository, resolution will not be reattempted until the update interval of maven.inria.fr-snapshot has elapsed or updates are forced
[DEBUG] Could not find metadata org.eclipse.platform:org.eclipse.equinox.common/maven-metadata.xml in local (/home/bedanglot/.m2/repository)
[DEBUG] Skipped remote request for org.eclipse.platform:org.eclipse.equinox.common/maven-metadata.xml, locally cached metadata up-to-date.
[DEBUG] Failure to find org.eclipse.platform:org.eclipse.equinox.common/maven-metadata.xml in https://repo.gradle.org/gradle/libs-releases-local/ was cached in the local repository, resolution will not be reattempted until the update interval of gradle-repo has elapsed or updates are forced
[DEBUG] Failure to find org.eclipse.platform:org.eclipse.equinox.common/maven-metadata.xml in https://oss.sonatype.org/content/repositories/snapshots was cached in the local repository, resolution will not be reattempted until the update interval of sonatype-nexus-snapshots has elapsed or updates are forced
[DEBUG] Failure to find org.eclipse.platform:org.eclipse.equinox.common/maven-metadata.xml in http://maven.inria.fr/artifactory/spoon-public-snapshot was cached in the local repository, resolution will not be reattempted until the update interval of maven.inria.fr-snapshot has elapsed or updates are forced
[DEBUG] Could not find metadata org.eclipse.platform:org.eclipse.core.jobs/maven-metadata.xml in local (/home/bedanglot/.m2/repository)
[DEBUG] Skipped remote request for org.eclipse.platform:org.eclipse.core.jobs/maven-metadata.xml, locally cached metadata up-to-date.
[DEBUG] Failure to find org.eclipse.platform:org.eclipse.core.jobs/maven-metadata.xml in https://repo.gradle.org/gradle/libs-releases-local/ was cached in the local repository, resolution will not be reattempted until the update interval of gradle-repo has elapsed or updates are forced
[DEBUG] Failure to find org.eclipse.platform:org.eclipse.core.jobs/maven-metadata.xml in https://oss.sonatype.org/content/repositories/snapshots was cached in the local repository, resolution will not be reattempted until the update interval of sonatype-nexus-snapshots has elapsed or updates are forced
[DEBUG] Failure to find org.eclipse.platform:org.eclipse.core.jobs/maven-metadata.xml in http://maven.inria.fr/artifactory/spoon-public-snapshot was cached in the local repository, resolution will not be reattempted until the update interval of maven.inria.fr-snapshot has elapsed or updates are forced
[DEBUG] Could not find metadata org.eclipse.platform:org.eclipse.equinox.registry/maven-metadata.xml in local (/home/bedanglot/.m2/repository)
[DEBUG] Skipped remote request for org.eclipse.platform:org.eclipse.equinox.registry/maven-metadata.xml, locally cached metadata up-to-date.
[DEBUG] Failure to find org.eclipse.platform:org.eclipse.equinox.registry/maven-metadata.xml in https://repo.gradle.org/gradle/libs-releases-local/ was cached in the local repository, resolution will not be reattempted until the update interval of gradle-repo has elapsed or updates are forced
[DEBUG] Failure to find org.eclipse.platform:org.eclipse.equinox.registry/maven-metadata.xml in https://oss.sonatype.org/content/repositories/snapshots was cached in the local repository, resolution will not be reattempted until the update interval of sonatype-nexus-snapshots has elapsed or updates are forced
[DEBUG] Failure to find org.eclipse.platform:org.eclipse.equinox.registry/maven-metadata.xml in http://maven.inria.fr/artifactory/spoon-public-snapshot was cached in the local repository, resolution will not be reattempted until the update interval of maven.inria.fr-snapshot has elapsed or updates are forced
[DEBUG] Could not find metadata org.eclipse.platform:org.eclipse.equinox.common/maven-metadata.xml in local (/home/bedanglot/.m2/repository)
[DEBUG] Skipped remote request for org.eclipse.platform:org.eclipse.equinox.common/maven-metadata.xml, locally cached metadata up-to-date.
[DEBUG] Failure to find org.eclipse.platform:org.eclipse.equinox.common/maven-metadata.xml in https://repo.gradle.org/gradle/libs-releases-local/ was cached in the local repository, resolution will not be reattempted until the update interval of gradle-repo has elapsed or updates are forced
[DEBUG] Failure to find org.eclipse.platform:org.eclipse.equinox.common/maven-metadata.xml in https://oss.sonatype.org/content/repositories/snapshots was cached in the local repository, resolution will not be reattempted until the update interval of sonatype-nexus-snapshots has elapsed or updates are forced
[DEBUG] Failure to find org.eclipse.platform:org.eclipse.equinox.common/maven-metadata.xml in http://maven.inria.fr/artifactory/spoon-public-snapshot was cached in the local repository, resolution will not be reattempted until the update interval of maven.inria.fr-snapshot has elapsed or updates are forced
[DEBUG] Could not find metadata org.eclipse.platform:org.eclipse.equinox.preferences/maven-metadata.xml in local (/home/bedanglot/.m2/repository)
[DEBUG] Skipped remote request for org.eclipse.platform:org.eclipse.equinox.preferences/maven-metadata.xml, locally cached metadata up-to-date.
[DEBUG] Failure to find org.eclipse.platform:org.eclipse.equinox.preferences/maven-metadata.xml in https://repo.gradle.org/gradle/libs-releases-local/ was cached in the local repository, resolution will not be reattempted until the update interval of gradle-repo has elapsed or updates are forced
[DEBUG] Failure to find org.eclipse.platform:org.eclipse.equinox.preferences/maven-metadata.xml in https://oss.sonatype.org/content/repositories/snapshots was cached in the local repository, resolution will not be reattempted until the update interval of sonatype-nexus-snapshots has elapsed or updates are forced
[DEBUG] Failure to find org.eclipse.platform:org.eclipse.equinox.preferences/maven-metadata.xml in http://maven.inria.fr/artifactory/spoon-public-snapshot was cached in the local repository, resolution will not be reattempted until the update interval of maven.inria.fr-snapshot has elapsed or updates are forced
[DEBUG] Could not find metadata org.eclipse.platform:org.eclipse.equinox.common/maven-metadata.xml in local (/home/bedanglot/.m2/repository)
[DEBUG] Skipped remote request for org.eclipse.platform:org.eclipse.equinox.common/maven-metadata.xml, locally cached metadata up-to-date.
[DEBUG] Failure to find org.eclipse.platform:org.eclipse.equinox.common/maven-metadata.xml in https://repo.gradle.org/gradle/libs-releases-local/ was cached in the local repository, resolution will not be reattempted until the update interval of gradle-repo has elapsed or updates are forced
[DEBUG] Failure to find org.eclipse.platform:org.eclipse.equinox.common/maven-metadata.xml in https://oss.sonatype.org/content/repositories/snapshots was cached in the local repository, resolution will not be reattempted until the update interval of sonatype-nexus-snapshots has elapsed or updates are forced
[DEBUG] Failure to find org.eclipse.platform:org.eclipse.equinox.common/maven-metadata.xml in http://maven.inria.fr/artifactory/spoon-public-snapshot was cached in the local repository, resolution will not be reattempted until the update interval of maven.inria.fr-snapshot has elapsed or updates are forced
[DEBUG] Could not find metadata org.eclipse.platform:org.eclipse.core.contenttype/maven-metadata.xml in local (/home/bedanglot/.m2/repository)
[DEBUG] Skipped remote request for org.eclipse.platform:org.eclipse.core.contenttype/maven-metadata.xml, locally cached metadata up-to-date.
[DEBUG] Failure to find org.eclipse.platform:org.eclipse.core.contenttype/maven-metadata.xml in https://repo.gradle.org/gradle/libs-releases-local/ was cached in the local repository, resolution will not be reattempted until the update interval of gradle-repo has elapsed or updates are forced
[DEBUG] Failure to find org.eclipse.platform:org.eclipse.core.contenttype/maven-metadata.xml in https://oss.sonatype.org/content/repositories/snapshots was cached in the local repository, resolution will not be reattempted until the update interval of sonatype-nexus-snapshots has elapsed or updates are forced
[DEBUG] Failure to find org.eclipse.platform:org.eclipse.core.contenttype/maven-metadata.xml in http://maven.inria.fr/artifactory/spoon-public-snapshot was cached in the local repository, resolution will not be reattempted until the update interval of maven.inria.fr-snapshot has elapsed or updates are forced
[DEBUG] Could not find metadata org.eclipse.platform:org.eclipse.equinox.preferences/maven-metadata.xml in local (/home/bedanglot/.m2/repository)
[DEBUG] Skipped remote request for org.eclipse.platform:org.eclipse.equinox.preferences/maven-metadata.xml, locally cached metadata up-to-date.
[DEBUG] Failure to find org.eclipse.platform:org.eclipse.equinox.preferences/maven-metadata.xml in https://repo.gradle.org/gradle/libs-releases-local/ was cached in the local repository, resolution will not be reattempted until the update interval of gradle-repo has elapsed or updates are forced
[DEBUG] Failure to find org.eclipse.platform:org.eclipse.equinox.preferences/maven-metadata.xml in https://oss.sonatype.org/content/repositories/snapshots was cached in the local repository, resolution will not be reattempted until the update interval of sonatype-nexus-snapshots has elapsed or updates are forced
[DEBUG] Failure to find org.eclipse.platform:org.eclipse.equinox.preferences/maven-metadata.xml in http://maven.inria.fr/artifactory/spoon-public-snapshot was cached in the local repository, resolution will not be reattempted until the update interval of maven.inria.fr-snapshot has elapsed or updates are forced
[DEBUG] Could not find metadata org.eclipse.platform:org.eclipse.equinox.registry/maven-metadata.xml in local (/home/bedanglot/.m2/repository)
[DEBUG] Skipped remote request for org.eclipse.platform:org.eclipse.equinox.registry/maven-metadata.xml, locally cached metadata up-to-date.
[DEBUG] Failure to find org.eclipse.platform:org.eclipse.equinox.registry/maven-metadata.xml in https://repo.gradle.org/gradle/libs-releases-local/ was cached in the local repository, resolution will not be reattempted until the update interval of gradle-repo has elapsed or updates are forced
[DEBUG] Failure to find org.eclipse.platform:org.eclipse.equinox.registry/maven-metadata.xml in https://oss.sonatype.org/content/repositories/snapshots was cached in the local repository, resolution will not be reattempted until the update interval of sonatype-nexus-snapshots has elapsed or updates are forced
[DEBUG] Failure to find org.eclipse.platform:org.eclipse.equinox.registry/maven-metadata.xml in http://maven.inria.fr/artifactory/spoon-public-snapshot was cached in the local repository, resolution will not be reattempted until the update interval of maven.inria.fr-snapshot has elapsed or updates are forced
[DEBUG] Could not find metadata org.eclipse.platform:org.eclipse.equinox.app/maven-metadata.xml in local (/home/bedanglot/.m2/repository)
[DEBUG] Skipped remote request for org.eclipse.platform:org.eclipse.equinox.app/maven-metadata.xml, locally cached metadata up-to-date.
[DEBUG] Failure to find org.eclipse.platform:org.eclipse.equinox.app/maven-metadata.xml in https://repo.gradle.org/gradle/libs-releases-local/ was cached in the local repository, resolution will not be reattempted until the update interval of gradle-repo has elapsed or updates are forced
[DEBUG] Failure to find org.eclipse.platform:org.eclipse.equinox.app/maven-metadata.xml in https://oss.sonatype.org/content/repositories/snapshots was cached in the local repository, resolution will not be reattempted until the update interval of sonatype-nexus-snapshots has elapsed or updates are forced
[DEBUG] Failure to find org.eclipse.platform:org.eclipse.equinox.app/maven-metadata.xml in http://maven.inria.fr/artifactory/spoon-public-snapshot was cached in the local repository, resolution will not be reattempted until the update interval of maven.inria.fr-snapshot has elapsed or updates are forced
[DEBUG] Could not find metadata org.eclipse.platform:org.eclipse.equinox.registry/maven-metadata.xml in local (/home/bedanglot/.m2/repository)
[DEBUG] Skipped remote request for org.eclipse.platform:org.eclipse.equinox.registry/maven-metadata.xml, locally cached metadata up-to-date.
[DEBUG] Failure to find org.eclipse.platform:org.eclipse.equinox.registry/maven-metadata.xml in https://repo.gradle.org/gradle/libs-releases-local/ was cached in the local repository, resolution will not be reattempted until the update interval of gradle-repo has elapsed or updates are forced
[DEBUG] Failure to find org.eclipse.platform:org.eclipse.equinox.registry/maven-metadata.xml in https://oss.sonatype.org/content/repositories/snapshots was cached in the local repository, resolution will not be reattempted until the update interval of sonatype-nexus-snapshots has elapsed or updates are forced
[DEBUG] Failure to find org.eclipse.platform:org.eclipse.equinox.registry/maven-metadata.xml in http://maven.inria.fr/artifactory/spoon-public-snapshot was cached in the local repository, resolution will not be reattempted until the update interval of maven.inria.fr-snapshot has elapsed or updates are forced
[DEBUG] Could not find metadata org.eclipse.platform:org.eclipse.osgi/maven-metadata.xml in local (/home/bedanglot/.m2/repository)
[DEBUG] Skipped remote request for org.eclipse.platform:org.eclipse.osgi/maven-metadata.xml, locally cached metadata up-to-date.
[DEBUG] Failure to find org.eclipse.platform:org.eclipse.osgi/maven-metadata.xml in https://repo.gradle.org/gradle/libs-releases-local/ was cached in the local repository, resolution will not be reattempted until the update interval of gradle-repo has elapsed or updates are forced
[DEBUG] Failure to find org.eclipse.platform:org.eclipse.osgi/maven-metadata.xml in https://oss.sonatype.org/content/repositories/snapshots was cached in the local repository, resolution will not be reattempted until the update interval of sonatype-nexus-snapshots has elapsed or updates are forced
[DEBUG] Failure to find org.eclipse.platform:org.eclipse.osgi/maven-metadata.xml in http://maven.inria.fr/artifactory/spoon-public-snapshot was cached in the local repository, resolution will not be reattempted until the update interval of maven.inria.fr-snapshot has elapsed or updates are forced
[DEBUG] Could not find metadata org.eclipse.platform:org.eclipse.equinox.common/maven-metadata.xml in local (/home/bedanglot/.m2/repository)
[DEBUG] Skipped remote request for org.eclipse.platform:org.eclipse.equinox.common/maven-metadata.xml, locally cached metadata up-to-date.
[DEBUG] Failure to find org.eclipse.platform:org.eclipse.equinox.common/maven-metadata.xml in https://repo.gradle.org/gradle/libs-releases-local/ was cached in the local repository, resolution will not be reattempted until the update interval of gradle-repo has elapsed or updates are forced
[DEBUG] Failure to find org.eclipse.platform:org.eclipse.equinox.common/maven-metadata.xml in https://oss.sonatype.org/content/repositories/snapshots was cached in the local repository, resolution will not be reattempted until the update interval of sonatype-nexus-snapshots has elapsed or updates are forced
[DEBUG] Failure to find org.eclipse.platform:org.eclipse.equinox.common/maven-metadata.xml in http://maven.inria.fr/artifactory/spoon-public-snapshot was cached in the local repository, resolution will not be reattempted until the update interval of maven.inria.fr-snapshot has elapsed or updates are forced
[DEBUG] Could not find metadata org.eclipse.platform:org.eclipse.core.jobs/maven-metadata.xml in local (/home/bedanglot/.m2/repository)
[DEBUG] Skipped remote request for org.eclipse.platform:org.eclipse.core.jobs/maven-metadata.xml, locally cached metadata up-to-date.
[DEBUG] Failure to find org.eclipse.platform:org.eclipse.core.jobs/maven-metadata.xml in https://repo.gradle.org/gradle/libs-releases-local/ was cached in the local repository, resolution will not be reattempted until the update interval of gradle-repo has elapsed or updates are forced
[DEBUG] Failure to find org.eclipse.platform:org.eclipse.core.jobs/maven-metadata.xml in https://oss.sonatype.org/content/repositories/snapshots was cached in the local repository, resolution will not be reattempted until the update interval of sonatype-nexus-snapshots has elapsed or updates are forced
[DEBUG] Failure to find org.eclipse.platform:org.eclipse.core.jobs/maven-metadata.xml in http://maven.inria.fr/artifactory/spoon-public-snapshot was cached in the local repository, resolution will not be reattempted until the update interval of maven.inria.fr-snapshot has elapsed or updates are forced
[DEBUG] Could not find metadata org.eclipse.platform:org.eclipse.equinox.preferences/maven-metadata.xml in local (/home/bedanglot/.m2/repository)
[DEBUG] Skipped remote request for org.eclipse.platform:org.eclipse.equinox.preferences/maven-metadata.xml, locally cached metadata up-to-date.
[DEBUG] Failure to find org.eclipse.platform:org.eclipse.equinox.preferences/maven-metadata.xml in https://repo.gradle.org/gradle/libs-releases-local/ was cached in the local repository, resolution will not be reattempted until the update interval of gradle-repo has elapsed or updates are forced
[DEBUG] Failure to find org.eclipse.platform:org.eclipse.equinox.preferences/maven-metadata.xml in https://oss.sonatype.org/content/repositories/snapshots was cached in the local repository, resolution will not be reattempted until the update interval of sonatype-nexus-snapshots has elapsed or updates are forced
[DEBUG] Failure to find org.eclipse.platform:org.eclipse.equinox.preferences/maven-metadata.xml in http://maven.inria.fr/artifactory/spoon-public-snapshot was cached in the local repository, resolution will not be reattempted until the update interval of maven.inria.fr-snapshot has elapsed or updates are forced
[DEBUG] Could not find metadata org.eclipse.platform:org.eclipse.core.contenttype/maven-metadata.xml in local (/home/bedanglot/.m2/repository)
[DEBUG] Skipped remote request for org.eclipse.platform:org.eclipse.core.contenttype/maven-metadata.xml, locally cached metadata up-to-date.
[DEBUG] Failure to find org.eclipse.platform:org.eclipse.core.contenttype/maven-metadata.xml in https://repo.gradle.org/gradle/libs-releases-local/ was cached in the local repository, resolution will not be reattempted until the update interval of gradle-repo has elapsed or updates are forced
[DEBUG] Failure to find org.eclipse.platform:org.eclipse.core.contenttype/maven-metadata.xml in https://oss.sonatype.org/content/repositories/snapshots was cached in the local repository, resolution will not be reattempted until the update interval of sonatype-nexus-snapshots has elapsed or updates are forced
[DEBUG] Failure to find org.eclipse.platform:org.eclipse.core.contenttype/maven-metadata.xml in http://maven.inria.fr/artifactory/spoon-public-snapshot was cached in the local repository, resolution will not be reattempted until the update interval of maven.inria.fr-snapshot has elapsed or updates are forced
[DEBUG] Could not find metadata org.eclipse.platform:org.eclipse.equinox.app/maven-metadata.xml in local (/home/bedanglot/.m2/repository)
[DEBUG] Skipped remote request for org.eclipse.platform:org.eclipse.equinox.app/maven-metadata.xml, locally cached metadata up-to-date.
[DEBUG] Failure to find org.eclipse.platform:org.eclipse.equinox.app/maven-metadata.xml in https://repo.gradle.org/gradle/libs-releases-local/ was cached in the local repository, resolution will not be reattempted until the update interval of gradle-repo has elapsed or updates are forced
[DEBUG] Failure to find org.eclipse.platform:org.eclipse.equinox.app/maven-metadata.xml in https://oss.sonatype.org/content/repositories/snapshots was cached in the local repository, resolution will not be reattempted until the update interval of sonatype-nexus-snapshots has elapsed or updates are forced
[DEBUG] Failure to find org.eclipse.platform:org.eclipse.equinox.app/maven-metadata.xml in http://maven.inria.fr/artifactory/spoon-public-snapshot was cached in the local repository, resolution will not be reattempted until the update interval of maven.inria.fr-snapshot has elapsed or updates are forced
[DEBUG] Could not find metadata org.eclipse.platform:org.eclipse.core.filesystem/maven-metadata.xml in local (/home/bedanglot/.m2/repository)
[DEBUG] Skipped remote request for org.eclipse.platform:org.eclipse.core.filesystem/maven-metadata.xml, locally cached metadata up-to-date.
[DEBUG] Failure to find org.eclipse.platform:org.eclipse.core.filesystem/maven-metadata.xml in https://repo.gradle.org/gradle/libs-releases-local/ was cached in the local repository, resolution will not be reattempted until the update interval of gradle-repo has elapsed or updates are forced
[DEBUG] Failure to find org.eclipse.platform:org.eclipse.core.filesystem/maven-metadata.xml in https://oss.sonatype.org/content/repositories/snapshots was cached in the local repository, resolution will not be reattempted until the update interval of sonatype-nexus-snapshots has elapsed or updates are forced
[DEBUG] Failure to find org.eclipse.platform:org.eclipse.core.filesystem/maven-metadata.xml in http://maven.inria.fr/artifactory/spoon-public-snapshot was cached in the local repository, resolution will not be reattempted until the update interval of maven.inria.fr-snapshot has elapsed or updates are forced
[DEBUG] Could not find metadata org.eclipse.platform:org.eclipse.osgi/maven-metadata.xml in local (/home/bedanglot/.m2/repository)
[DEBUG] Skipped remote request for org.eclipse.platform:org.eclipse.osgi/maven-metadata.xml, locally cached metadata up-to-date.
[DEBUG] Failure to find org.eclipse.platform:org.eclipse.osgi/maven-metadata.xml in https://repo.gradle.org/gradle/libs-releases-local/ was cached in the local repository, resolution will not be reattempted until the update interval of gradle-repo has elapsed or updates are forced
[DEBUG] Failure to find org.eclipse.platform:org.eclipse.osgi/maven-metadata.xml in https://oss.sonatype.org/content/repositories/snapshots was cached in the local repository, resolution will not be reattempted until the update interval of sonatype-nexus-snapshots has elapsed or updates are forced
[DEBUG] Failure to find org.eclipse.platform:org.eclipse.osgi/maven-metadata.xml in http://maven.inria.fr/artifactory/spoon-public-snapshot was cached in the local repository, resolution will not be reattempted until the update interval of maven.inria.fr-snapshot has elapsed or updates are forced
[DEBUG] Could not find metadata org.eclipse.platform:org.eclipse.core.runtime/maven-metadata.xml in local (/home/bedanglot/.m2/repository)
[DEBUG] Skipped remote request for org.eclipse.platform:org.eclipse.core.runtime/maven-metadata.xml, locally cached metadata up-to-date.
[DEBUG] Failure to find org.eclipse.platform:org.eclipse.core.runtime/maven-metadata.xml in https://repo.gradle.org/gradle/libs-releases-local/ was cached in the local repository, resolution will not be reattempted until the update interval of gradle-repo has elapsed or updates are forced
[DEBUG] Failure to find org.eclipse.platform:org.eclipse.core.runtime/maven-metadata.xml in https://oss.sonatype.org/content/repositories/snapshots was cached in the local repository, resolution will not be reattempted until the update interval of sonatype-nexus-snapshots has elapsed or updates are forced
[DEBUG] Failure to find org.eclipse.platform:org.eclipse.core.runtime/maven-metadata.xml in http://maven.inria.fr/artifactory/spoon-public-snapshot was cached in the local repository, resolution will not be reattempted until the update interval of maven.inria.fr-snapshot has elapsed or updates are forced
[DEBUG] Could not find metadata org.eclipse.platform:org.eclipse.core.runtime/maven-metadata.xml in local (/home/bedanglot/.m2/repository)
[DEBUG] Skipped remote request for org.eclipse.platform:org.eclipse.core.runtime/maven-metadata.xml, locally cached metadata up-to-date.
[DEBUG] Failure to find org.eclipse.platform:org.eclipse.core.runtime/maven-metadata.xml in https://repo.gradle.org/gradle/libs-releases-local/ was cached in the local repository, resolution will not be reattempted until the update interval of gradle-repo has elapsed or updates are forced
[DEBUG] Failure to find org.eclipse.platform:org.eclipse.core.runtime/maven-metadata.xml in https://oss.sonatype.org/content/repositories/snapshots was cached in the local repository, resolution will not be reattempted until the update interval of sonatype-nexus-snapshots has elapsed or updates are forced
[DEBUG] Failure to find org.eclipse.platform:org.eclipse.core.runtime/maven-metadata.xml in http://maven.inria.fr/artifactory/spoon-public-snapshot was cached in the local repository, resolution will not be reattempted until the update interval of maven.inria.fr-snapshot has elapsed or updates are forced
[DEBUG] Could not find metadata org.eclipse.platform:org.eclipse.core.filesystem/maven-metadata.xml in local (/home/bedanglot/.m2/repository)
[DEBUG] Skipped remote request for org.eclipse.platform:org.eclipse.core.filesystem/maven-metadata.xml, locally cached metadata up-to-date.
[DEBUG] Failure to find org.eclipse.platform:org.eclipse.core.filesystem/maven-metadata.xml in https://repo.gradle.org/gradle/libs-releases-local/ was cached in the local repository, resolution will not be reattempted until the update interval of gradle-repo has elapsed or updates are forced
[DEBUG] Failure to find org.eclipse.platform:org.eclipse.core.filesystem/maven-metadata.xml in https://oss.sonatype.org/content/repositories/snapshots was cached in the local repository, resolution will not be reattempted until the update interval of sonatype-nexus-snapshots has elapsed or updates are forced
[DEBUG] Failure to find org.eclipse.platform:org.eclipse.core.filesystem/maven-metadata.xml in http://maven.inria.fr/artifactory/spoon-public-snapshot was cached in the local repository, resolution will not be reattempted until the update interval of maven.inria.fr-snapshot has elapsed or updates are forced
[DEBUG] Could not find metadata org.eclipse.platform:org.eclipse.text/maven-metadata.xml in local (/home/bedanglot/.m2/repository)
[DEBUG] Skipped remote request for org.eclipse.platform:org.eclipse.text/maven-metadata.xml, locally cached metadata up-to-date.
[DEBUG] Failure to find org.eclipse.platform:org.eclipse.text/maven-metadata.xml in https://repo.gradle.org/gradle/libs-releases-local/ was cached in the local repository, resolution will not be reattempted until the update interval of gradle-repo has elapsed or updates are forced
[DEBUG] Failure to find org.eclipse.platform:org.eclipse.text/maven-metadata.xml in https://oss.sonatype.org/content/repositories/snapshots was cached in the local repository, resolution will not be reattempted until the update interval of sonatype-nexus-snapshots has elapsed or updates are forced
[DEBUG] Failure to find org.eclipse.platform:org.eclipse.text/maven-metadata.xml in http://maven.inria.fr/artifactory/spoon-public-snapshot was cached in the local repository, resolution will not be reattempted until the update interval of maven.inria.fr-snapshot has elapsed or updates are forced
[DEBUG] Could not find metadata org.eclipse.platform:org.eclipse.core.commands/maven-metadata.xml in local (/home/bedanglot/.m2/repository)
[DEBUG] Skipped remote request for org.eclipse.platform:org.eclipse.core.commands/maven-metadata.xml, locally cached metadata up-to-date.
[DEBUG] Failure to find org.eclipse.platform:org.eclipse.core.commands/maven-metadata.xml in https://repo.gradle.org/gradle/libs-releases-local/ was cached in the local repository, resolution will not be reattempted until the update interval of gradle-repo has elapsed or updates are forced
[DEBUG] Failure to find org.eclipse.platform:org.eclipse.core.commands/maven-metadata.xml in https://oss.sonatype.org/content/repositories/snapshots was cached in the local repository, resolution will not be reattempted until the update interval of sonatype-nexus-snapshots has elapsed or updates are forced
[DEBUG] Failure to find org.eclipse.platform:org.eclipse.core.commands/maven-metadata.xml in http://maven.inria.fr/artifactory/spoon-public-snapshot was cached in the local repository, resolution will not be reattempted until the update interval of maven.inria.fr-snapshot has elapsed or updates are forced
[DEBUG] Could not find metadata org.eclipse.platform:org.eclipse.equinox.common/maven-metadata.xml in local (/home/bedanglot/.m2/repository)
[DEBUG] Skipped remote request for org.eclipse.platform:org.eclipse.equinox.common/maven-metadata.xml, locally cached metadata up-to-date.
[DEBUG] Failure to find org.eclipse.platform:org.eclipse.equinox.common/maven-metadata.xml in https://repo.gradle.org/gradle/libs-releases-local/ was cached in the local repository, resolution will not be reattempted until the update interval of gradle-repo has elapsed or updates are forced
[DEBUG] Failure to find org.eclipse.platform:org.eclipse.equinox.common/maven-metadata.xml in https://oss.sonatype.org/content/repositories/snapshots was cached in the local repository, resolution will not be reattempted until the update interval of sonatype-nexus-snapshots has elapsed or updates are forced
[DEBUG] Failure to find org.eclipse.platform:org.eclipse.equinox.common/maven-metadata.xml in http://maven.inria.fr/artifactory/spoon-public-snapshot was cached in the local repository, resolution will not be reattempted until the update interval of maven.inria.fr-snapshot has elapsed or updates are forced
[DEBUG] Could not find metadata org.eclipse.platform:org.eclipse.core.runtime/maven-metadata.xml in local (/home/bedanglot/.m2/repository)
[DEBUG] Skipped remote request for org.eclipse.platform:org.eclipse.core.runtime/maven-metadata.xml, locally cached metadata up-to-date.
[DEBUG] Failure to find org.eclipse.platform:org.eclipse.core.runtime/maven-metadata.xml in https://repo.gradle.org/gradle/libs-releases-local/ was cached in the local repository, resolution will not be reattempted until the update interval of gradle-repo has elapsed or updates are forced
[DEBUG] Failure to find org.eclipse.platform:org.eclipse.core.runtime/maven-metadata.xml in https://oss.sonatype.org/content/repositories/snapshots was cached in the local repository, resolution will not be reattempted until the update interval of sonatype-nexus-snapshots has elapsed or updates are forced
[DEBUG] Failure to find org.eclipse.platform:org.eclipse.core.runtime/maven-metadata.xml in http://maven.inria.fr/artifactory/spoon-public-snapshot was cached in the local repository, resolution will not be reattempted until the update interval of maven.inria.fr-snapshot has elapsed or updates are forced
[DEBUG] Could not find metadata org.eclipse.platform:org.eclipse.core.resources/maven-metadata.xml in local (/home/bedanglot/.m2/repository)
[DEBUG] Skipped remote request for org.eclipse.platform:org.eclipse.core.resources/maven-metadata.xml, locally cached metadata up-to-date.
[DEBUG] Failure to find org.eclipse.platform:org.eclipse.core.resources/maven-metadata.xml in https://repo.gradle.org/gradle/libs-releases-local/ was cached in the local repository, resolution will not be reattempted until the update interval of gradle-repo has elapsed or updates are forced
[DEBUG] Failure to find org.eclipse.platform:org.eclipse.core.resources/maven-metadata.xml in https://oss.sonatype.org/content/repositories/snapshots was cached in the local repository, resolution will not be reattempted until the update interval of sonatype-nexus-snapshots has elapsed or updates are forced
[DEBUG] Failure to find org.eclipse.platform:org.eclipse.core.resources/maven-metadata.xml in http://maven.inria.fr/artifactory/spoon-public-snapshot was cached in the local repository, resolution will not be reattempted until the update interval of maven.inria.fr-snapshot has elapsed or updates are forced
[DEBUG] Failure to find org.eclipse.platform:org.eclipse.core.resources/maven-metadata.xml in http://maven.inria.fr/artifactory/spoon-public-snapshot/ was cached in the local repository, resolution will not be reattempted until the update interval of gforge.inria.fr-release has elapsed or updates are forced
[DEBUG] Could not find metadata org.eclipse.platform:org.eclipse.core.expressions/maven-metadata.xml in local (/home/bedanglot/.m2/repository)
[DEBUG] Skipped remote request for org.eclipse.platform:org.eclipse.core.expressions/maven-metadata.xml, locally cached metadata up-to-date.
[DEBUG] Failure to find org.eclipse.platform:org.eclipse.core.expressions/maven-metadata.xml in https://repo.gradle.org/gradle/libs-releases-local/ was cached in the local repository, resolution will not be reattempted until the update interval of gradle-repo has elapsed or updates are forced
[DEBUG] Failure to find org.eclipse.platform:org.eclipse.core.expressions/maven-metadata.xml in https://oss.sonatype.org/content/repositories/snapshots was cached in the local repository, resolution will not be reattempted until the update interval of sonatype-nexus-snapshots has elapsed or updates are forced
[DEBUG] Failure to find org.eclipse.platform:org.eclipse.core.expressions/maven-metadata.xml in http://maven.inria.fr/artifactory/spoon-public-snapshot was cached in the local repository, resolution will not be reattempted until the update interval of maven.inria.fr-snapshot has elapsed or updates are forced
[DEBUG] Failure to find org.eclipse.platform:org.eclipse.core.expressions/maven-metadata.xml in http://maven.inria.fr/artifactory/spoon-public-snapshot/ was cached in the local repository, resolution will not be reattempted until the update interval of gforge.inria.fr-release has elapsed or updates are forced
[DEBUG] Could not find metadata org.eclipse.platform:org.eclipse.core.runtime/maven-metadata.xml in local (/home/bedanglot/.m2/repository)
[DEBUG] Skipped remote request for org.eclipse.platform:org.eclipse.core.runtime/maven-metadata.xml, locally cached metadata up-to-date.
[DEBUG] Failure to find org.eclipse.platform:org.eclipse.core.runtime/maven-metadata.xml in https://repo.gradle.org/gradle/libs-releases-local/ was cached in the local repository, resolution will not be reattempted until the update interval of gradle-repo has elapsed or updates are forced
[DEBUG] Failure to find org.eclipse.platform:org.eclipse.core.runtime/maven-metadata.xml in https://oss.sonatype.org/content/repositories/snapshots was cached in the local repository, resolution will not be reattempted until the update interval of sonatype-nexus-snapshots has elapsed or updates are forced
[DEBUG] Failure to find org.eclipse.platform:org.eclipse.core.runtime/maven-metadata.xml in http://maven.inria.fr/artifactory/spoon-public-snapshot was cached in the local repository, resolution will not be reattempted until the update interval of maven.inria.fr-snapshot has elapsed or updates are forced
[DEBUG] Failure to find org.eclipse.platform:org.eclipse.core.runtime/maven-metadata.xml in http://maven.inria.fr/artifactory/spoon-public-snapshot/ was cached in the local repository, resolution will not be reattempted until the update interval of gforge.inria.fr-release has elapsed or updates are forced
[DEBUG] Could not find metadata org.eclipse.platform:org.eclipse.osgi/maven-metadata.xml in local (/home/bedanglot/.m2/repository)
[DEBUG] Skipped remote request for org.eclipse.platform:org.eclipse.osgi/maven-metadata.xml, locally cached metadata up-to-date.
[DEBUG] Failure to find org.eclipse.platform:org.eclipse.osgi/maven-metadata.xml in https://repo.gradle.org/gradle/libs-releases-local/ was cached in the local repository, resolution will not be reattempted until the update interval of gradle-repo has elapsed or updates are forced
[DEBUG] Failure to find org.eclipse.platform:org.eclipse.osgi/maven-metadata.xml in https://oss.sonatype.org/content/repositories/snapshots was cached in the local repository, resolution will not be reattempted until the update interval of sonatype-nexus-snapshots has elapsed or updates are forced
[DEBUG] Failure to find org.eclipse.platform:org.eclipse.osgi/maven-metadata.xml in http://maven.inria.fr/artifactory/spoon-public-snapshot was cached in the local repository, resolution will not be reattempted until the update interval of maven.inria.fr-snapshot has elapsed or updates are forced
[DEBUG] Failure to find org.eclipse.platform:org.eclipse.osgi/maven-metadata.xml in http://maven.inria.fr/artifactory/spoon-public-snapshot/ was cached in the local repository, resolution will not be reattempted until the update interval of gforge.inria.fr-release has elapsed or updates are forced
[DEBUG] Could not find metadata org.eclipse.platform:org.eclipse.equinox.common/maven-metadata.xml in local (/home/bedanglot/.m2/repository)
[DEBUG] Skipped remote request for org.eclipse.platform:org.eclipse.equinox.common/maven-metadata.xml, locally cached metadata up-to-date.
[DEBUG] Failure to find org.eclipse.platform:org.eclipse.equinox.common/maven-metadata.xml in https://repo.gradle.org/gradle/libs-releases-local/ was cached in the local repository, resolution will not be reattempted until the update interval of gradle-repo has elapsed or updates are forced
[DEBUG] Failure to find org.eclipse.platform:org.eclipse.equinox.common/maven-metadata.xml in https://oss.sonatype.org/content/repositories/snapshots was cached in the local repository, resolution will not be reattempted until the update interval of sonatype-nexus-snapshots has elapsed or updates are forced
[DEBUG] Failure to find org.eclipse.platform:org.eclipse.equinox.common/maven-metadata.xml in http://maven.inria.fr/artifactory/spoon-public-snapshot was cached in the local repository, resolution will not be reattempted until the update interval of maven.inria.fr-snapshot has elapsed or updates are forced
[DEBUG] Failure to find org.eclipse.platform:org.eclipse.equinox.common/maven-metadata.xml in http://maven.inria.fr/artifactory/spoon-public-snapshot/ was cached in the local repository, resolution will not be reattempted until the update interval of gforge.inria.fr-release has elapsed or updates are forced
[DEBUG] Could not find metadata org.eclipse.platform:org.eclipse.core.jobs/maven-metadata.xml in local (/home/bedanglot/.m2/repository)
[DEBUG] Skipped remote request for org.eclipse.platform:org.eclipse.core.jobs/maven-metadata.xml, locally cached metadata up-to-date.
[DEBUG] Failure to find org.eclipse.platform:org.eclipse.core.jobs/maven-metadata.xml in https://repo.gradle.org/gradle/libs-releases-local/ was cached in the local repository, resolution will not be reattempted until the update interval of gradle-repo has elapsed or updates are forced
[DEBUG] Failure to find org.eclipse.platform:org.eclipse.core.jobs/maven-metadata.xml in https://oss.sonatype.org/content/repositories/snapshots was cached in the local repository, resolution will not be reattempted until the update interval of sonatype-nexus-snapshots has elapsed or updates are forced
[DEBUG] Failure to find org.eclipse.platform:org.eclipse.core.jobs/maven-metadata.xml in http://maven.inria.fr/artifactory/spoon-public-snapshot was cached in the local repository, resolution will not be reattempted until the update interval of maven.inria.fr-snapshot has elapsed or updates are forced
[DEBUG] Failure to find org.eclipse.platform:org.eclipse.core.jobs/maven-metadata.xml in http://maven.inria.fr/artifactory/spoon-public-snapshot/ was cached in the local repository, resolution will not be reattempted until the update interval of gforge.inria.fr-release has elapsed or updates are forced
[DEBUG] Could not find metadata org.eclipse.platform:org.eclipse.equinox.registry/maven-metadata.xml in local (/home/bedanglot/.m2/repository)
[DEBUG] Skipped remote request for org.eclipse.platform:org.eclipse.equinox.registry/maven-metadata.xml, locally cached metadata up-to-date.
[DEBUG] Failure to find org.eclipse.platform:org.eclipse.equinox.registry/maven-metadata.xml in https://repo.gradle.org/gradle/libs-releases-local/ was cached in the local repository, resolution will not be reattempted until the update interval of gradle-repo has elapsed or updates are forced
[DEBUG] Failure to find org.eclipse.platform:org.eclipse.equinox.registry/maven-metadata.xml in https://oss.sonatype.org/content/repositories/snapshots was cached in the local repository, resolution will not be reattempted until the update interval of sonatype-nexus-snapshots has elapsed or updates are forced
[DEBUG] Failure to find org.eclipse.platform:org.eclipse.equinox.registry/maven-metadata.xml in http://maven.inria.fr/artifactory/spoon-public-snapshot was cached in the local repository, resolution will not be reattempted until the update interval of maven.inria.fr-snapshot has elapsed or updates are forced
[DEBUG] Failure to find org.eclipse.platform:org.eclipse.equinox.registry/maven-metadata.xml in http://maven.inria.fr/artifactory/spoon-public-snapshot/ was cached in the local repository, resolution will not be reattempted until the update interval of gforge.inria.fr-release has elapsed or updates are forced
[DEBUG] Could not find metadata org.eclipse.platform:org.eclipse.equinox.common/maven-metadata.xml in local (/home/bedanglot/.m2/repository)
[DEBUG] Skipped remote request for org.eclipse.platform:org.eclipse.equinox.common/maven-metadata.xml, locally cached metadata up-to-date.
[DEBUG] Failure to find org.eclipse.platform:org.eclipse.equinox.common/maven-metadata.xml in https://repo.gradle.org/gradle/libs-releases-local/ was cached in the local repository, resolution will not be reattempted until the update interval of gradle-repo has elapsed or updates are forced
[DEBUG] Failure to find org.eclipse.platform:org.eclipse.equinox.common/maven-metadata.xml in https://oss.sonatype.org/content/repositories/snapshots was cached in the local repository, resolution will not be reattempted until the update interval of sonatype-nexus-snapshots has elapsed or updates are forced
[DEBUG] Failure to find org.eclipse.platform:org.eclipse.equinox.common/maven-metadata.xml in http://maven.inria.fr/artifactory/spoon-public-snapshot was cached in the local repository, resolution will not be reattempted until the update interval of maven.inria.fr-snapshot has elapsed or updates are forced
[DEBUG] Failure to find org.eclipse.platform:org.eclipse.equinox.common/maven-metadata.xml in http://maven.inria.fr/artifactory/spoon-public-snapshot/ was cached in the local repository, resolution will not be reattempted until the update interval of gforge.inria.fr-release has elapsed or updates are forced
[DEBUG] Could not find metadata org.eclipse.platform:org.eclipse.equinox.preferences/maven-metadata.xml in local (/home/bedanglot/.m2/repository)
[DEBUG] Skipped remote request for org.eclipse.platform:org.eclipse.equinox.preferences/maven-metadata.xml, locally cached metadata up-to-date.
[DEBUG] Failure to find org.eclipse.platform:org.eclipse.equinox.preferences/maven-metadata.xml in https://repo.gradle.org/gradle/libs-releases-local/ was cached in the local repository, resolution will not be reattempted until the update interval of gradle-repo has elapsed or updates are forced
[DEBUG] Failure to find org.eclipse.platform:org.eclipse.equinox.preferences/maven-metadata.xml in https://oss.sonatype.org/content/repositories/snapshots was cached in the local repository, resolution will not be reattempted until the update interval of sonatype-nexus-snapshots has elapsed or updates are forced
[DEBUG] Failure to find org.eclipse.platform:org.eclipse.equinox.preferences/maven-metadata.xml in http://maven.inria.fr/artifactory/spoon-public-snapshot was cached in the local repository, resolution will not be reattempted until the update interval of maven.inria.fr-snapshot has elapsed or updates are forced
[DEBUG] Failure to find org.eclipse.platform:org.eclipse.equinox.preferences/maven-metadata.xml in http://maven.inria.fr/artifactory/spoon-public-snapshot/ was cached in the local repository, resolution will not be reattempted until the update interval of gforge.inria.fr-release has elapsed or updates are forced
[DEBUG] Could not find metadata org.eclipse.platform:org.eclipse.equinox.common/maven-metadata.xml in local (/home/bedanglot/.m2/repository)
[DEBUG] Skipped remote request for org.eclipse.platform:org.eclipse.equinox.common/maven-metadata.xml, locally cached metadata up-to-date.
[DEBUG] Failure to find org.eclipse.platform:org.eclipse.equinox.common/maven-metadata.xml in https://repo.gradle.org/gradle/libs-releases-local/ was cached in the local repository, resolution will not be reattempted until the update interval of gradle-repo has elapsed or updates are forced
[DEBUG] Failure to find org.eclipse.platform:org.eclipse.equinox.common/maven-metadata.xml in https://oss.sonatype.org/content/repositories/snapshots was cached in the local repository, resolution will not be reattempted until the update interval of sonatype-nexus-snapshots has elapsed or updates are forced
[DEBUG] Failure to find org.eclipse.platform:org.eclipse.equinox.common/maven-metadata.xml in http://maven.inria.fr/artifactory/spoon-public-snapshot was cached in the local repository, resolution will not be reattempted until the update interval of maven.inria.fr-snapshot has elapsed or updates are forced
[DEBUG] Failure to find org.eclipse.platform:org.eclipse.equinox.common/maven-metadata.xml in http://maven.inria.fr/artifactory/spoon-public-snapshot/ was cached in the local repository, resolution will not be reattempted until the update interval of gforge.inria.fr-release has elapsed or updates are forced
[DEBUG] Could not find metadata org.eclipse.platform:org.eclipse.core.contenttype/maven-metadata.xml in local (/home/bedanglot/.m2/repository)
[DEBUG] Skipped remote request for org.eclipse.platform:org.eclipse.core.contenttype/maven-metadata.xml, locally cached metadata up-to-date.
[DEBUG] Failure to find org.eclipse.platform:org.eclipse.core.contenttype/maven-metadata.xml in https://repo.gradle.org/gradle/libs-releases-local/ was cached in the local repository, resolution will not be reattempted until the update interval of gradle-repo has elapsed or updates are forced
[DEBUG] Failure to find org.eclipse.platform:org.eclipse.core.contenttype/maven-metadata.xml in https://oss.sonatype.org/content/repositories/snapshots was cached in the local repository, resolution will not be reattempted until the update interval of sonatype-nexus-snapshots has elapsed or updates are forced
[DEBUG] Failure to find org.eclipse.platform:org.eclipse.core.contenttype/maven-metadata.xml in http://maven.inria.fr/artifactory/spoon-public-snapshot was cached in the local repository, resolution will not be reattempted until the update interval of maven.inria.fr-snapshot has elapsed or updates are forced
[DEBUG] Failure to find org.eclipse.platform:org.eclipse.core.contenttype/maven-metadata.xml in http://maven.inria.fr/artifactory/spoon-public-snapshot/ was cached in the local repository, resolution will not be reattempted until the update interval of gforge.inria.fr-release has elapsed or updates are forced
[DEBUG] Could not find metadata org.eclipse.platform:org.eclipse.equinox.preferences/maven-metadata.xml in local (/home/bedanglot/.m2/repository)
[DEBUG] Skipped remote request for org.eclipse.platform:org.eclipse.equinox.preferences/maven-metadata.xml, locally cached metadata up-to-date.
[DEBUG] Failure to find org.eclipse.platform:org.eclipse.equinox.preferences/maven-metadata.xml in https://repo.gradle.org/gradle/libs-releases-local/ was cached in the local repository, resolution will not be reattempted until the update interval of gradle-repo has elapsed or updates are forced
[DEBUG] Failure to find org.eclipse.platform:org.eclipse.equinox.preferences/maven-metadata.xml in https://oss.sonatype.org/content/repositories/snapshots was cached in the local repository, resolution will not be reattempted until the update interval of sonatype-nexus-snapshots has elapsed or updates are forced
[DEBUG] Failure to find org.eclipse.platform:org.eclipse.equinox.preferences/maven-metadata.xml in http://maven.inria.fr/artifactory/spoon-public-snapshot was cached in the local repository, resolution will not be reattempted until the update interval of maven.inria.fr-snapshot has elapsed or updates are forced
[DEBUG] Failure to find org.eclipse.platform:org.eclipse.equinox.preferences/maven-metadata.xml in http://maven.inria.fr/artifactory/spoon-public-snapshot/ was cached in the local repository, resolution will not be reattempted until the update interval of gforge.inria.fr-release has elapsed or updates are forced
[DEBUG] Could not find metadata org.eclipse.platform:org.eclipse.equinox.registry/maven-metadata.xml in local (/home/bedanglot/.m2/repository)
[DEBUG] Skipped remote request for org.eclipse.platform:org.eclipse.equinox.registry/maven-metadata.xml, locally cached metadata up-to-date.
[DEBUG] Failure to find org.eclipse.platform:org.eclipse.equinox.registry/maven-metadata.xml in https://repo.gradle.org/gradle/libs-releases-local/ was cached in the local repository, resolution will not be reattempted until the update interval of gradle-repo has elapsed or updates are forced
[DEBUG] Failure to find org.eclipse.platform:org.eclipse.equinox.registry/maven-metadata.xml in https://oss.sonatype.org/content/repositories/snapshots was cached in the local repository, resolution will not be reattempted until the update interval of sonatype-nexus-snapshots has elapsed or updates are forced
[DEBUG] Failure to find org.eclipse.platform:org.eclipse.equinox.registry/maven-metadata.xml in http://maven.inria.fr/artifactory/spoon-public-snapshot was cached in the local repository, resolution will not be reattempted until the update interval of maven.inria.fr-snapshot has elapsed or updates are forced
[DEBUG] Failure to find org.eclipse.platform:org.eclipse.equinox.registry/maven-metadata.xml in http://maven.inria.fr/artifactory/spoon-public-snapshot/ was cached in the local repository, resolution will not be reattempted until the update interval of gforge.inria.fr-release has elapsed or updates are forced
[DEBUG] Could not find metadata org.eclipse.platform:org.eclipse.equinox.app/maven-metadata.xml in local (/home/bedanglot/.m2/repository)
[DEBUG] Skipped remote request for org.eclipse.platform:org.eclipse.equinox.app/maven-metadata.xml, locally cached metadata up-to-date.
[DEBUG] Failure to find org.eclipse.platform:org.eclipse.equinox.app/maven-metadata.xml in https://repo.gradle.org/gradle/libs-releases-local/ was cached in the local repository, resolution will not be reattempted until the update interval of gradle-repo has elapsed or updates are forced
[DEBUG] Failure to find org.eclipse.platform:org.eclipse.equinox.app/maven-metadata.xml in https://oss.sonatype.org/content/repositories/snapshots was cached in the local repository, resolution will not be reattempted until the update interval of sonatype-nexus-snapshots has elapsed or updates are forced
[DEBUG] Failure to find org.eclipse.platform:org.eclipse.equinox.app/maven-metadata.xml in http://maven.inria.fr/artifactory/spoon-public-snapshot was cached in the local repository, resolution will not be reattempted until the update interval of maven.inria.fr-snapshot has elapsed or updates are forced
[DEBUG] Failure to find org.eclipse.platform:org.eclipse.equinox.app/maven-metadata.xml in http://maven.inria.fr/artifactory/spoon-public-snapshot/ was cached in the local repository, resolution will not be reattempted until the update interval of gforge.inria.fr-release has elapsed or updates are forced
[DEBUG] Could not find metadata org.eclipse.platform:org.eclipse.equinox.registry/maven-metadata.xml in local (/home/bedanglot/.m2/repository)
[DEBUG] Skipped remote request for org.eclipse.platform:org.eclipse.equinox.registry/maven-metadata.xml, locally cached metadata up-to-date.
[DEBUG] Failure to find org.eclipse.platform:org.eclipse.equinox.registry/maven-metadata.xml in https://repo.gradle.org/gradle/libs-releases-local/ was cached in the local repository, resolution will not be reattempted until the update interval of gradle-repo has elapsed or updates are forced
[DEBUG] Failure to find org.eclipse.platform:org.eclipse.equinox.registry/maven-metadata.xml in https://oss.sonatype.org/content/repositories/snapshots was cached in the local repository, resolution will not be reattempted until the update interval of sonatype-nexus-snapshots has elapsed or updates are forced
[DEBUG] Failure to find org.eclipse.platform:org.eclipse.equinox.registry/maven-metadata.xml in http://maven.inria.fr/artifactory/spoon-public-snapshot was cached in the local repository, resolution will not be reattempted until the update interval of maven.inria.fr-snapshot has elapsed or updates are forced
[DEBUG] Failure to find org.eclipse.platform:org.eclipse.equinox.registry/maven-metadata.xml in http://maven.inria.fr/artifactory/spoon-public-snapshot/ was cached in the local repository, resolution will not be reattempted until the update interval of gforge.inria.fr-release has elapsed or updates are forced
[DEBUG] Could not find metadata org.eclipse.platform:org.eclipse.osgi/maven-metadata.xml in local (/home/bedanglot/.m2/repository)
[DEBUG] Skipped remote request for org.eclipse.platform:org.eclipse.osgi/maven-metadata.xml, locally cached metadata up-to-date.
[DEBUG] Failure to find org.eclipse.platform:org.eclipse.osgi/maven-metadata.xml in https://repo.gradle.org/gradle/libs-releases-local/ was cached in the local repository, resolution will not be reattempted until the update interval of gradle-repo has elapsed or updates are forced
[DEBUG] Failure to find org.eclipse.platform:org.eclipse.osgi/maven-metadata.xml in https://oss.sonatype.org/content/repositories/snapshots was cached in the local repository, resolution will not be reattempted until the update interval of sonatype-nexus-snapshots has elapsed or updates are forced
[DEBUG] Failure to find org.eclipse.platform:org.eclipse.osgi/maven-metadata.xml in http://maven.inria.fr/artifactory/spoon-public-snapshot was cached in the local repository, resolution will not be reattempted until the update interval of maven.inria.fr-snapshot has elapsed or updates are forced
[DEBUG] Failure to find org.eclipse.platform:org.eclipse.osgi/maven-metadata.xml in http://maven.inria.fr/artifactory/spoon-public-snapshot/ was cached in the local repository, resolution will not be reattempted until the update interval of gforge.inria.fr-release has elapsed or updates are forced
[DEBUG] Could not find metadata org.eclipse.platform:org.eclipse.equinox.common/maven-metadata.xml in local (/home/bedanglot/.m2/repository)
[DEBUG] Skipped remote request for org.eclipse.platform:org.eclipse.equinox.common/maven-metadata.xml, locally cached metadata up-to-date.
[DEBUG] Failure to find org.eclipse.platform:org.eclipse.equinox.common/maven-metadata.xml in https://repo.gradle.org/gradle/libs-releases-local/ was cached in the local repository, resolution will not be reattempted until the update interval of gradle-repo has elapsed or updates are forced
[DEBUG] Failure to find org.eclipse.platform:org.eclipse.equinox.common/maven-metadata.xml in https://oss.sonatype.org/content/repositories/snapshots was cached in the local repository, resolution will not be reattempted until the update interval of sonatype-nexus-snapshots has elapsed or updates are forced
[DEBUG] Failure to find org.eclipse.platform:org.eclipse.equinox.common/maven-metadata.xml in http://maven.inria.fr/artifactory/spoon-public-snapshot was cached in the local repository, resolution will not be reattempted until the update interval of maven.inria.fr-snapshot has elapsed or updates are forced
[DEBUG] Failure to find org.eclipse.platform:org.eclipse.equinox.common/maven-metadata.xml in http://maven.inria.fr/artifactory/spoon-public-snapshot/ was cached in the local repository, resolution will not be reattempted until the update interval of gforge.inria.fr-release has elapsed or updates are forced
[DEBUG] Could not find metadata org.eclipse.platform:org.eclipse.core.jobs/maven-metadata.xml in local (/home/bedanglot/.m2/repository)
[DEBUG] Skipped remote request for org.eclipse.platform:org.eclipse.core.jobs/maven-metadata.xml, locally cached metadata up-to-date.
[DEBUG] Failure to find org.eclipse.platform:org.eclipse.core.jobs/maven-metadata.xml in https://repo.gradle.org/gradle/libs-releases-local/ was cached in the local repository, resolution will not be reattempted until the update interval of gradle-repo has elapsed or updates are forced
[DEBUG] Failure to find org.eclipse.platform:org.eclipse.core.jobs/maven-metadata.xml in https://oss.sonatype.org/content/repositories/snapshots was cached in the local repository, resolution will not be reattempted until the update interval of sonatype-nexus-snapshots has elapsed or updates are forced
[DEBUG] Failure to find org.eclipse.platform:org.eclipse.core.jobs/maven-metadata.xml in http://maven.inria.fr/artifactory/spoon-public-snapshot was cached in the local repository, resolution will not be reattempted until the update interval of maven.inria.fr-snapshot has elapsed or updates are forced
[DEBUG] Failure to find org.eclipse.platform:org.eclipse.core.jobs/maven-metadata.xml in http://maven.inria.fr/artifactory/spoon-public-snapshot/ was cached in the local repository, resolution will not be reattempted until the update interval of gforge.inria.fr-release has elapsed or updates are forced
[DEBUG] Could not find metadata org.eclipse.platform:org.eclipse.equinox.preferences/maven-metadata.xml in local (/home/bedanglot/.m2/repository)
[DEBUG] Skipped remote request for org.eclipse.platform:org.eclipse.equinox.preferences/maven-metadata.xml, locally cached metadata up-to-date.
[DEBUG] Failure to find org.eclipse.platform:org.eclipse.equinox.preferences/maven-metadata.xml in https://repo.gradle.org/gradle/libs-releases-local/ was cached in the local repository, resolution will not be reattempted until the update interval of gradle-repo has elapsed or updates are forced
[DEBUG] Failure to find org.eclipse.platform:org.eclipse.equinox.preferences/maven-metadata.xml in https://oss.sonatype.org/content/repositories/snapshots was cached in the local repository, resolution will not be reattempted until the update interval of sonatype-nexus-snapshots has elapsed or updates are forced
[DEBUG] Failure to find org.eclipse.platform:org.eclipse.equinox.preferences/maven-metadata.xml in http://maven.inria.fr/artifactory/spoon-public-snapshot was cached in the local repository, resolution will not be reattempted until the update interval of maven.inria.fr-snapshot has elapsed or updates are forced
[DEBUG] Failure to find org.eclipse.platform:org.eclipse.equinox.preferences/maven-metadata.xml in http://maven.inria.fr/artifactory/spoon-public-snapshot/ was cached in the local repository, resolution will not be reattempted until the update interval of gforge.inria.fr-release has elapsed or updates are forced
[DEBUG] Could not find metadata org.eclipse.platform:org.eclipse.core.contenttype/maven-metadata.xml in local (/home/bedanglot/.m2/repository)
[DEBUG] Skipped remote request for org.eclipse.platform:org.eclipse.core.contenttype/maven-metadata.xml, locally cached metadata up-to-date.
[DEBUG] Failure to find org.eclipse.platform:org.eclipse.core.contenttype/maven-metadata.xml in https://repo.gradle.org/gradle/libs-releases-local/ was cached in the local repository, resolution will not be reattempted until the update interval of gradle-repo has elapsed or updates are forced
[DEBUG] Failure to find org.eclipse.platform:org.eclipse.core.contenttype/maven-metadata.xml in https://oss.sonatype.org/content/repositories/snapshots was cached in the local repository, resolution will not be reattempted until the update interval of sonatype-nexus-snapshots has elapsed or updates are forced
[DEBUG] Failure to find org.eclipse.platform:org.eclipse.core.contenttype/maven-metadata.xml in http://maven.inria.fr/artifactory/spoon-public-snapshot was cached in the local repository, resolution will not be reattempted until the update interval of maven.inria.fr-snapshot has elapsed or updates are forced
[DEBUG] Failure to find org.eclipse.platform:org.eclipse.core.contenttype/maven-metadata.xml in http://maven.inria.fr/artifactory/spoon-public-snapshot/ was cached in the local repository, resolution will not be reattempted until the update interval of gforge.inria.fr-release has elapsed or updates are forced
[DEBUG] Could not find metadata org.eclipse.platform:org.eclipse.equinox.app/maven-metadata.xml in local (/home/bedanglot/.m2/repository)
[DEBUG] Skipped remote request for org.eclipse.platform:org.eclipse.equinox.app/maven-metadata.xml, locally cached metadata up-to-date.
[DEBUG] Failure to find org.eclipse.platform:org.eclipse.equinox.app/maven-metadata.xml in https://repo.gradle.org/gradle/libs-releases-local/ was cached in the local repository, resolution will not be reattempted until the update interval of gradle-repo has elapsed or updates are forced
[DEBUG] Failure to find org.eclipse.platform:org.eclipse.equinox.app/maven-metadata.xml in https://oss.sonatype.org/content/repositories/snapshots was cached in the local repository, resolution will not be reattempted until the update interval of sonatype-nexus-snapshots has elapsed or updates are forced
[DEBUG] Failure to find org.eclipse.platform:org.eclipse.equinox.app/maven-metadata.xml in http://maven.inria.fr/artifactory/spoon-public-snapshot was cached in the local repository, resolution will not be reattempted until the update interval of maven.inria.fr-snapshot has elapsed or updates are forced
[DEBUG] Failure to find org.eclipse.platform:org.eclipse.equinox.app/maven-metadata.xml in http://maven.inria.fr/artifactory/spoon-public-snapshot/ was cached in the local repository, resolution will not be reattempted until the update interval of gforge.inria.fr-release has elapsed or updates are forced
[DEBUG] Could not find metadata org.eclipse.platform:org.eclipse.core.filesystem/maven-metadata.xml in local (/home/bedanglot/.m2/repository)
[DEBUG] Skipped remote request for org.eclipse.platform:org.eclipse.core.filesystem/maven-metadata.xml, locally cached metadata up-to-date.
[DEBUG] Failure to find org.eclipse.platform:org.eclipse.core.filesystem/maven-metadata.xml in https://repo.gradle.org/gradle/libs-releases-local/ was cached in the local repository, resolution will not be reattempted until the update interval of gradle-repo has elapsed or updates are forced
[DEBUG] Failure to find org.eclipse.platform:org.eclipse.core.filesystem/maven-metadata.xml in https://oss.sonatype.org/content/repositories/snapshots was cached in the local repository, resolution will not be reattempted until the update interval of sonatype-nexus-snapshots has elapsed or updates are forced
[DEBUG] Failure to find org.eclipse.platform:org.eclipse.core.filesystem/maven-metadata.xml in http://maven.inria.fr/artifactory/spoon-public-snapshot was cached in the local repository, resolution will not be reattempted until the update interval of maven.inria.fr-snapshot has elapsed or updates are forced
[DEBUG] Failure to find org.eclipse.platform:org.eclipse.core.filesystem/maven-metadata.xml in http://maven.inria.fr/artifactory/spoon-public-snapshot/ was cached in the local repository, resolution will not be reattempted until the update interval of gforge.inria.fr-release has elapsed or updates are forced
[DEBUG] Could not find metadata org.eclipse.platform:org.eclipse.osgi/maven-metadata.xml in local (/home/bedanglot/.m2/repository)
[DEBUG] Skipped remote request for org.eclipse.platform:org.eclipse.osgi/maven-metadata.xml, locally cached metadata up-to-date.
[DEBUG] Failure to find org.eclipse.platform:org.eclipse.osgi/maven-metadata.xml in https://repo.gradle.org/gradle/libs-releases-local/ was cached in the local repository, resolution will not be reattempted until the update interval of gradle-repo has elapsed or updates are forced
[DEBUG] Failure to find org.eclipse.platform:org.eclipse.osgi/maven-metadata.xml in https://oss.sonatype.org/content/repositories/snapshots was cached in the local repository, resolution will not be reattempted until the update interval of sonatype-nexus-snapshots has elapsed or updates are forced
[DEBUG] Failure to find org.eclipse.platform:org.eclipse.osgi/maven-metadata.xml in http://maven.inria.fr/artifactory/spoon-public-snapshot was cached in the local repository, resolution will not be reattempted until the update interval of maven.inria.fr-snapshot has elapsed or updates are forced
[DEBUG] Failure to find org.eclipse.platform:org.eclipse.osgi/maven-metadata.xml in http://maven.inria.fr/artifactory/spoon-public-snapshot/ was cached in the local repository, resolution will not be reattempted until the update interval of gforge.inria.fr-release has elapsed or updates are forced
[DEBUG] Could not find metadata org.eclipse.platform:org.eclipse.core.runtime/maven-metadata.xml in local (/home/bedanglot/.m2/repository)
[DEBUG] Skipped remote request for org.eclipse.platform:org.eclipse.core.runtime/maven-metadata.xml, locally cached metadata up-to-date.
[DEBUG] Failure to find org.eclipse.platform:org.eclipse.core.runtime/maven-metadata.xml in https://repo.gradle.org/gradle/libs-releases-local/ was cached in the local repository, resolution will not be reattempted until the update interval of gradle-repo has elapsed or updates are forced
[DEBUG] Failure to find org.eclipse.platform:org.eclipse.core.runtime/maven-metadata.xml in https://oss.sonatype.org/content/repositories/snapshots was cached in the local repository, resolution will not be reattempted until the update interval of sonatype-nexus-snapshots has elapsed or updates are forced
[DEBUG] Failure to find org.eclipse.platform:org.eclipse.core.runtime/maven-metadata.xml in http://maven.inria.fr/artifactory/spoon-public-snapshot was cached in the local repository, resolution will not be reattempted until the update interval of maven.inria.fr-snapshot has elapsed or updates are forced
[DEBUG] Failure to find org.eclipse.platform:org.eclipse.core.runtime/maven-metadata.xml in http://maven.inria.fr/artifactory/spoon-public-snapshot/ was cached in the local repository, resolution will not be reattempted until the update interval of gforge.inria.fr-release has elapsed or updates are forced
[DEBUG] Could not find metadata org.eclipse.platform:org.eclipse.core.runtime/maven-metadata.xml in local (/home/bedanglot/.m2/repository)
[DEBUG] Skipped remote request for org.eclipse.platform:org.eclipse.core.runtime/maven-metadata.xml, locally cached metadata up-to-date.
[DEBUG] Failure to find org.eclipse.platform:org.eclipse.core.runtime/maven-metadata.xml in https://repo.gradle.org/gradle/libs-releases-local/ was cached in the local repository, resolution will not be reattempted until the update interval of gradle-repo has elapsed or updates are forced
[DEBUG] Failure to find org.eclipse.platform:org.eclipse.core.runtime/maven-metadata.xml in https://oss.sonatype.org/content/repositories/snapshots was cached in the local repository, resolution will not be reattempted until the update interval of sonatype-nexus-snapshots has elapsed or updates are forced
[DEBUG] Failure to find org.eclipse.platform:org.eclipse.core.runtime/maven-metadata.xml in http://maven.inria.fr/artifactory/spoon-public-snapshot was cached in the local repository, resolution will not be reattempted until the update interval of maven.inria.fr-snapshot has elapsed or updates are forced
[DEBUG] Failure to find org.eclipse.platform:org.eclipse.core.runtime/maven-metadata.xml in http://maven.inria.fr/artifactory/spoon-public-snapshot/ was cached in the local repository, resolution will not be reattempted until the update interval of gforge.inria.fr-release has elapsed or updates are forced
[DEBUG] Could not find metadata org.eclipse.platform:org.eclipse.core.filesystem/maven-metadata.xml in local (/home/bedanglot/.m2/repository)
[DEBUG] Skipped remote request for org.eclipse.platform:org.eclipse.core.filesystem/maven-metadata.xml, locally cached metadata up-to-date.
[DEBUG] Failure to find org.eclipse.platform:org.eclipse.core.filesystem/maven-metadata.xml in https://repo.gradle.org/gradle/libs-releases-local/ was cached in the local repository, resolution will not be reattempted until the update interval of gradle-repo has elapsed or updates are forced
[DEBUG] Failure to find org.eclipse.platform:org.eclipse.core.filesystem/maven-metadata.xml in https://oss.sonatype.org/content/repositories/snapshots was cached in the local repository, resolution will not be reattempted until the update interval of sonatype-nexus-snapshots has elapsed or updates are forced
[DEBUG] Failure to find org.eclipse.platform:org.eclipse.core.filesystem/maven-metadata.xml in http://maven.inria.fr/artifactory/spoon-public-snapshot was cached in the local repository, resolution will not be reattempted until the update interval of maven.inria.fr-snapshot has elapsed or updates are forced
[DEBUG] Failure to find org.eclipse.platform:org.eclipse.core.filesystem/maven-metadata.xml in http://maven.inria.fr/artifactory/spoon-public-snapshot/ was cached in the local repository, resolution will not be reattempted until the update interval of gforge.inria.fr-release has elapsed or updates are forced
[DEBUG] Could not find metadata org.eclipse.platform:org.eclipse.text/maven-metadata.xml in local (/home/bedanglot/.m2/repository)
[DEBUG] Skipped remote request for org.eclipse.platform:org.eclipse.text/maven-metadata.xml, locally cached metadata up-to-date.
[DEBUG] Failure to find org.eclipse.platform:org.eclipse.text/maven-metadata.xml in https://repo.gradle.org/gradle/libs-releases-local/ was cached in the local repository, resolution will not be reattempted until the update interval of gradle-repo has elapsed or updates are forced
[DEBUG] Failure to find org.eclipse.platform:org.eclipse.text/maven-metadata.xml in https://oss.sonatype.org/content/repositories/snapshots was cached in the local repository, resolution will not be reattempted until the update interval of sonatype-nexus-snapshots has elapsed or updates are forced
[DEBUG] Failure to find org.eclipse.platform:org.eclipse.text/maven-metadata.xml in http://maven.inria.fr/artifactory/spoon-public-snapshot was cached in the local repository, resolution will not be reattempted until the update interval of maven.inria.fr-snapshot has elapsed or updates are forced
[DEBUG] Failure to find org.eclipse.platform:org.eclipse.text/maven-metadata.xml in http://maven.inria.fr/artifactory/spoon-public-snapshot/ was cached in the local repository, resolution will not be reattempted until the update interval of gforge.inria.fr-release has elapsed or updates are forced
[DEBUG] Could not find metadata org.eclipse.platform:org.eclipse.core.commands/maven-metadata.xml in local (/home/bedanglot/.m2/repository)
[DEBUG] Skipped remote request for org.eclipse.platform:org.eclipse.core.commands/maven-metadata.xml, locally cached metadata up-to-date.
[DEBUG] Failure to find org.eclipse.platform:org.eclipse.core.commands/maven-metadata.xml in https://repo.gradle.org/gradle/libs-releases-local/ was cached in the local repository, resolution will not be reattempted until the update interval of gradle-repo has elapsed or updates are forced
[DEBUG] Failure to find org.eclipse.platform:org.eclipse.core.commands/maven-metadata.xml in https://oss.sonatype.org/content/repositories/snapshots was cached in the local repository, resolution will not be reattempted until the update interval of sonatype-nexus-snapshots has elapsed or updates are forced
[DEBUG] Failure to find org.eclipse.platform:org.eclipse.core.commands/maven-metadata.xml in http://maven.inria.fr/artifactory/spoon-public-snapshot was cached in the local repository, resolution will not be reattempted until the update interval of maven.inria.fr-snapshot has elapsed or updates are forced
[DEBUG] Failure to find org.eclipse.platform:org.eclipse.core.commands/maven-metadata.xml in http://maven.inria.fr/artifactory/spoon-public-snapshot/ was cached in the local repository, resolution will not be reattempted until the update interval of gforge.inria.fr-release has elapsed or updates are forced
[DEBUG] Could not find metadata org.eclipse.platform:org.eclipse.equinox.common/maven-metadata.xml in local (/home/bedanglot/.m2/repository)
[DEBUG] Skipped remote request for org.eclipse.platform:org.eclipse.equinox.common/maven-metadata.xml, locally cached metadata up-to-date.
[DEBUG] Failure to find org.eclipse.platform:org.eclipse.equinox.common/maven-metadata.xml in https://repo.gradle.org/gradle/libs-releases-local/ was cached in the local repository, resolution will not be reattempted until the update interval of gradle-repo has elapsed or updates are forced
[DEBUG] Failure to find org.eclipse.platform:org.eclipse.equinox.common/maven-metadata.xml in https://oss.sonatype.org/content/repositories/snapshots was cached in the local repository, resolution will not be reattempted until the update interval of sonatype-nexus-snapshots has elapsed or updates are forced
[DEBUG] Failure to find org.eclipse.platform:org.eclipse.equinox.common/maven-metadata.xml in http://maven.inria.fr/artifactory/spoon-public-snapshot was cached in the local repository, resolution will not be reattempted until the update interval of maven.inria.fr-snapshot has elapsed or updates are forced
[DEBUG] Failure to find org.eclipse.platform:org.eclipse.equinox.common/maven-metadata.xml in http://maven.inria.fr/artifactory/spoon-public-snapshot/ was cached in the local repository, resolution will not be reattempted until the update interval of gforge.inria.fr-release has elapsed or updates are forced
[DEBUG] Could not find metadata org.eclipse.platform:org.eclipse.core.runtime/maven-metadata.xml in local (/home/bedanglot/.m2/repository)
[DEBUG] Skipped remote request for org.eclipse.platform:org.eclipse.core.runtime/maven-metadata.xml, locally cached metadata up-to-date.
[DEBUG] Failure to find org.eclipse.platform:org.eclipse.core.runtime/maven-metadata.xml in https://repo.gradle.org/gradle/libs-releases-local/ was cached in the local repository, resolution will not be reattempted until the update interval of gradle-repo has elapsed or updates are forced
[DEBUG] Failure to find org.eclipse.platform:org.eclipse.core.runtime/maven-metadata.xml in https://oss.sonatype.org/content/repositories/snapshots was cached in the local repository, resolution will not be reattempted until the update interval of sonatype-nexus-snapshots has elapsed or updates are forced
[DEBUG] Failure to find org.eclipse.platform:org.eclipse.core.runtime/maven-metadata.xml in http://maven.inria.fr/artifactory/spoon-public-snapshot was cached in the local repository, resolution will not be reattempted until the update interval of maven.inria.fr-snapshot has elapsed or updates are forced
[DEBUG] Failure to find org.eclipse.platform:org.eclipse.core.runtime/maven-metadata.xml in http://maven.inria.fr/artifactory/spoon-public-snapshot/ was cached in the local repository, resolution will not be reattempted until the update interval of gforge.inria.fr-release has elapsed or updates are forced
[DEBUG] Dependency collection stats: {ConflictMarker.analyzeTime=5, ConflictMarker.markTime=1, ConflictMarker.nodeCount=2021, ConflictIdSorter.graphTime=4, ConflictIdSorter.topsortTime=0, ConflictIdSorter.conflictIdCount=117, ConflictIdSorter.conflictIdCycleCount=0, ConflictResolver.totalTime=9, ConflictResolver.conflictItemCount=393, DefaultDependencyCollector.collectTime=867, DefaultDependencyCollector.transformTime=19}
[DEBUG] eu.stamp-project:dspot-maven:jar:2.1.1-SNAPSHOT:
[DEBUG]    eu.stamp-project:dspot:jar:2.1.1-SNAPSHOT:compile
[DEBUG]       fr.inria.gforge.spoon:spoon-core:jar:7.3.0:compile
[DEBUG]          org.eclipse.jdt:org.eclipse.jdt.core:jar:3.15.0:compile
[DEBUG]             org.eclipse.platform:org.eclipse.core.resources:jar:3.13.300:compile
[DEBUG]                org.eclipse.platform:org.eclipse.core.expressions:jar:3.6.300:compile
[DEBUG]             org.eclipse.platform:org.eclipse.core.runtime:jar:3.15.200:compile
[DEBUG]                org.eclipse.platform:org.eclipse.osgi:jar:3.13.300:compile
[DEBUG]                org.eclipse.platform:org.eclipse.equinox.common:jar:3.10.300:compile
[DEBUG]                org.eclipse.platform:org.eclipse.core.jobs:jar:3.10.300:compile
[DEBUG]                org.eclipse.platform:org.eclipse.equinox.registry:jar:3.8.300:compile
[DEBUG]                org.eclipse.platform:org.eclipse.equinox.preferences:jar:3.7.300:compile
[DEBUG]                org.eclipse.platform:org.eclipse.core.contenttype:jar:3.7.300:compile
[DEBUG]                org.eclipse.platform:org.eclipse.equinox.app:jar:1.4.100:compile
[DEBUG]             org.eclipse.platform:org.eclipse.core.filesystem:jar:1.7.300:compile
[DEBUG]             org.eclipse.platform:org.eclipse.text:jar:3.8.100:compile
[DEBUG]                org.eclipse.platform:org.eclipse.core.commands:jar:3.9.300:compile
[DEBUG]          com.martiansoftware:jsap:jar:2.1:compile
[DEBUG]          log4j:log4j:jar:1.2.17:compile
[DEBUG]          org.tukaani:xz:jar:1.8:compile
[DEBUG]          com.fasterxml.jackson.core:jackson-databind:jar:2.9.8:compile
[DEBUG]             com.fasterxml.jackson.core:jackson-annotations:jar:2.9.0:compile
[DEBUG]             com.fasterxml.jackson.core:jackson-core:jar:2.9.8:compile
[DEBUG]          org.apache.commons:commons-compress:jar:1.18:compile
[DEBUG]       junit:junit:jar:4.12:compile
[DEBUG]          org.hamcrest:hamcrest-core:jar:1.3:compile
[DEBUG]       com.google.code.gson:gson:jar:2.8.0:compile
[DEBUG]       org.apache.maven.shared:maven-invoker:jar:3.0.0:compile
[DEBUG]       org.slf4j:slf4j-api:jar:1.7.25:compile
[DEBUG]       org.slf4j:slf4j-log4j12:jar:1.7.25:compile
[DEBUG]       org.jacoco:org.jacoco.core:jar:0.7.9:compile
[DEBUG]          org.ow2.asm:asm-debug-all:jar:5.2:compile
[DEBUG]       eu.stamp-project:descartes:jar:1.1:compile
[DEBUG]          org.pitest:pitest:jar:1.2.0:compile
[DEBUG]          org.pitest:pitest-entry:jar:1.2.0:compile
[DEBUG]             com.thoughtworks.xstream:xstream:jar:1.4.8:compile
[DEBUG]                xmlpull:xmlpull:jar:1.1.3.1:compile
[DEBUG]                xpp3:xpp3_min:jar:1.1.4c:compile
[DEBUG]       org.gradle:gradle-tooling-api:jar:4.0.1:compile
[DEBUG]       org.mockito:mockito-core:jar:2.10.0:compile
[DEBUG]          net.bytebuddy:byte-buddy:jar:1.7.4:runtime
[DEBUG]          net.bytebuddy:byte-buddy-agent:jar:1.7.4:runtime
[DEBUG]          org.objenesis:objenesis:jar:2.6:runtime
[DEBUG]       eu.stamp-project:test-runner:jar:jar-with-dependencies:2.0.7:compile
[DEBUG]          org.junit.jupiter:junit-jupiter-api:jar:5.3.2:compile
[DEBUG]             org.apiguardian:apiguardian-api:jar:1.0.0:compile
[DEBUG]             org.opentest4j:opentest4j:jar:1.1.1:compile
[DEBUG]             org.junit.platform:junit-platform-commons:jar:1.3.2:compile
[DEBUG]          org.junit.jupiter:junit-jupiter-engine:jar:5.3.2:compile
[DEBUG]             org.junit.platform:junit-platform-engine:jar:1.3.2:compile
[DEBUG]          org.junit.platform:junit-platform-launcher:jar:1.3.2:compile
[DEBUG]          org.junit.jupiter:junit-jupiter-params:jar:5.3.2:compile
[DEBUG]       org.openclover:clover:jar:4.2.1:compile
[DEBUG]       fr.inria.gforge.spoon.labs:gumtree-spoon-ast-diff:jar:1.5:compile
[DEBUG]          com.github.gumtreediff:core:jar:2.1.0:compile
[DEBUG]             com.github.mpkorstanje:simmetrics-core:jar:3.2.3:compile
[DEBUG]                commons-codec:commons-codec:jar:1.10:compile
[DEBUG]             net.sf.trove4j:trove4j:jar:3.0.3:compile
[DEBUG]             org.jgrapht:jgrapht-core:jar:1.0.1:compile
[DEBUG]       org.ehcache:ehcache:jar:3.6.1:compile
[DEBUG]       org.apache.cxf:cxf-common-utilities:jar:2.4.1:compile
[DEBUG]          org.apache.ws.xmlschema:xmlschema-core:jar:2.0:compile
[DEBUG]          org.codehaus.woodstox:woodstox-core-asl:jar:4.1.1:runtime
[DEBUG]             org.codehaus.woodstox:stax2-api:jar:3.1.1:runtime
[DEBUG]    org.apache.maven:maven-plugin-api:jar:3.5.4:compile
[DEBUG]       org.apache.maven:maven-artifact:jar:3.5.4:compile
[DEBUG]       org.eclipse.sisu:org.eclipse.sisu.plexus:jar:0.3.3:compile
[DEBUG]          javax.enterprise:cdi-api:jar:1.0:compile
[DEBUG]             javax.annotation:jsr250-api:jar:1.0:compile
[DEBUG]       org.codehaus.plexus:plexus-utils:jar:3.1.0:compile
[DEBUG]       org.codehaus.plexus:plexus-classworlds:jar:2.5.2:compile
[DEBUG]    org.apache.maven.plugin-testing:maven-plugin-testing-harness:jar:3.3.0:compile
[DEBUG]       commons-io:commons-io:jar:2.2:compile
[DEBUG]       org.codehaus.plexus:plexus-archiver:jar:2.2:compile
[DEBUG]          org.codehaus.plexus:plexus-io:jar:2.0.4:compile
[DEBUG]    org.apache.maven:maven-compat:jar:3.5.4:compile
[DEBUG]       org.apache.maven:maven-model-builder:jar:3.5.4:compile
[DEBUG]       org.apache.maven:maven-settings:jar:3.5.4:compile
[DEBUG]       org.apache.maven:maven-settings-builder:jar:3.5.4:compile
[DEBUG]          org.sonatype.plexus:plexus-sec-dispatcher:jar:1.4:compile
[DEBUG]             org.sonatype.plexus:plexus-cipher:jar:1.4:compile
[DEBUG]       org.apache.maven:maven-resolver-provider:jar:3.5.4:compile
[DEBUG]       org.apache.maven:maven-repository-metadata:jar:3.5.4:compile
[DEBUG]       org.apache.maven.resolver:maven-resolver-api:jar:1.1.1:compile
[DEBUG]       org.apache.maven.resolver:maven-resolver-util:jar:1.1.1:compile
[DEBUG]       org.apache.maven.resolver:maven-resolver-impl:jar:1.1.1:compile
[DEBUG]       org.codehaus.plexus:plexus-interpolation:jar:1.24:compile
[DEBUG]       org.codehaus.plexus:plexus-component-annotations:jar:1.7.1:compile
[DEBUG]       org.apache.maven.wagon:wagon-provider-api:jar:3.1.0:compile
[DEBUG]    org.apache.maven:maven-core:jar:3.5.4:compile
[DEBUG]       org.apache.maven:maven-builder-support:jar:3.5.4:compile
[DEBUG]       org.apache.maven.resolver:maven-resolver-spi:jar:1.1.1:compile
[DEBUG]       org.apache.maven.shared:maven-shared-utils:jar:3.2.1:compile
[DEBUG]       org.eclipse.sisu:org.eclipse.sisu.inject:jar:0.3.3:compile
[DEBUG]       com.google.inject:guice:jar:no_aop:4.2.0:compile
[DEBUG]          aopalliance:aopalliance:jar:1.0:compile
[DEBUG]       com.google.guava:guava:jar:20.0:compile
[DEBUG]       javax.inject:javax.inject:jar:1:compile
[DEBUG]       org.apache.commons:commons-lang3:jar:3.5:compile
[DEBUG]    org.apache.maven:maven-model:jar:3.5.4:compile
[DEBUG]    org.apache.maven:maven-aether-provider:jar:3.3.9:compile
[DEBUG]       org.eclipse.aether:aether-api:jar:1.0.2.v20150114:compile
[DEBUG]       org.eclipse.aether:aether-spi:jar:1.0.2.v20150114:compile
[DEBUG]       org.eclipse.aether:aether-util:jar:1.0.2.v20150114:compile
[DEBUG]       org.eclipse.aether:aether-impl:jar:1.0.2.v20150114:compile
[DEBUG]    org.apache.maven:maven-project:jar:2.2.1:compile
[DEBUG]       org.apache.maven:maven-profile:jar:2.2.1:compile
[DEBUG]       org.apache.maven:maven-artifact-manager:jar:2.2.1:compile
[DEBUG]          backport-util-concurrent:backport-util-concurrent:jar:3.1:compile
[DEBUG]       org.apache.maven:maven-plugin-registry:jar:2.2.1:compile
[DEBUG]       org.codehaus.plexus:plexus-container-default:jar:1.0-alpha-9-stable-1:compile
[DEBUG]          classworlds:classworlds:jar:1.1-alpha-2:compile
[DEBUG] Created new class realm plugin>eu.stamp-project:dspot-maven:2.1.1-SNAPSHOT
[DEBUG] Importing foreign packages into class realm plugin>eu.stamp-project:dspot-maven:2.1.1-SNAPSHOT
[DEBUG]   Imported:  < maven.api
[DEBUG] Populating class realm plugin>eu.stamp-project:dspot-maven:2.1.1-SNAPSHOT
[DEBUG]   Included: eu.stamp-project:dspot-maven:jar:2.1.1-SNAPSHOT
[DEBUG]   Included: eu.stamp-project:dspot:jar:2.1.1-SNAPSHOT
[DEBUG]   Included: fr.inria.gforge.spoon:spoon-core:jar:7.3.0
[DEBUG]   Included: org.eclipse.jdt:org.eclipse.jdt.core:jar:3.15.0
[DEBUG]   Included: org.eclipse.platform:org.eclipse.core.resources:jar:3.13.300
[DEBUG]   Included: org.eclipse.platform:org.eclipse.core.expressions:jar:3.6.300
[DEBUG]   Included: org.eclipse.platform:org.eclipse.core.runtime:jar:3.15.200
[DEBUG]   Included: org.eclipse.platform:org.eclipse.osgi:jar:3.13.300
[DEBUG]   Included: org.eclipse.platform:org.eclipse.equinox.common:jar:3.10.300
[DEBUG]   Included: org.eclipse.platform:org.eclipse.core.jobs:jar:3.10.300
[DEBUG]   Included: org.eclipse.platform:org.eclipse.equinox.registry:jar:3.8.300
[DEBUG]   Included: org.eclipse.platform:org.eclipse.equinox.preferences:jar:3.7.300
[DEBUG]   Included: org.eclipse.platform:org.eclipse.core.contenttype:jar:3.7.300
[DEBUG]   Included: org.eclipse.platform:org.eclipse.equinox.app:jar:1.4.100
[DEBUG]   Included: org.eclipse.platform:org.eclipse.core.filesystem:jar:1.7.300
[DEBUG]   Included: org.eclipse.platform:org.eclipse.text:jar:3.8.100
[DEBUG]   Included: org.eclipse.platform:org.eclipse.core.commands:jar:3.9.300
[DEBUG]   Included: com.martiansoftware:jsap:jar:2.1
[DEBUG]   Included: log4j:log4j:jar:1.2.17
[DEBUG]   Included: org.tukaani:xz:jar:1.8
[DEBUG]   Included: com.fasterxml.jackson.core:jackson-databind:jar:2.9.8
[DEBUG]   Included: com.fasterxml.jackson.core:jackson-annotations:jar:2.9.0
[DEBUG]   Included: com.fasterxml.jackson.core:jackson-core:jar:2.9.8
[DEBUG]   Included: org.apache.commons:commons-compress:jar:1.18
[DEBUG]   Included: junit:junit:jar:4.12
[DEBUG]   Included: org.hamcrest:hamcrest-core:jar:1.3
[DEBUG]   Included: com.google.code.gson:gson:jar:2.8.0
[DEBUG]   Included: org.apache.maven.shared:maven-invoker:jar:3.0.0
[DEBUG]   Included: org.slf4j:slf4j-log4j12:jar:1.7.25
[DEBUG]   Included: org.jacoco:org.jacoco.core:jar:0.7.9
[DEBUG]   Included: org.ow2.asm:asm-debug-all:jar:5.2
[DEBUG]   Included: eu.stamp-project:descartes:jar:1.1
[DEBUG]   Included: org.pitest:pitest:jar:1.2.0
[DEBUG]   Included: org.pitest:pitest-entry:jar:1.2.0
[DEBUG]   Included: com.thoughtworks.xstream:xstream:jar:1.4.8
[DEBUG]   Included: xmlpull:xmlpull:jar:1.1.3.1
[DEBUG]   Included: xpp3:xpp3_min:jar:1.1.4c
[DEBUG]   Included: org.gradle:gradle-tooling-api:jar:4.0.1
[DEBUG]   Included: org.mockito:mockito-core:jar:2.10.0
[DEBUG]   Included: net.bytebuddy:byte-buddy:jar:1.7.4
[DEBUG]   Included: net.bytebuddy:byte-buddy-agent:jar:1.7.4
[DEBUG]   Included: org.objenesis:objenesis:jar:2.6
[DEBUG]   Included: eu.stamp-project:test-runner:jar:jar-with-dependencies:2.0.7
[DEBUG]   Included: org.junit.jupiter:junit-jupiter-api:jar:5.3.2
[DEBUG]   Included: org.apiguardian:apiguardian-api:jar:1.0.0
[DEBUG]   Included: org.opentest4j:opentest4j:jar:1.1.1
[DEBUG]   Included: org.junit.platform:junit-platform-commons:jar:1.3.2
[DEBUG]   Included: org.junit.jupiter:junit-jupiter-engine:jar:5.3.2
[DEBUG]   Included: org.junit.platform:junit-platform-engine:jar:1.3.2
[DEBUG]   Included: org.junit.platform:junit-platform-launcher:jar:1.3.2
[DEBUG]   Included: org.junit.jupiter:junit-jupiter-params:jar:5.3.2
[DEBUG]   Included: org.openclover:clover:jar:4.2.1
[DEBUG]   Included: fr.inria.gforge.spoon.labs:gumtree-spoon-ast-diff:jar:1.5
[DEBUG]   Included: com.github.gumtreediff:core:jar:2.1.0
[DEBUG]   Included: com.github.mpkorstanje:simmetrics-core:jar:3.2.3
[DEBUG]   Included: commons-codec:commons-codec:jar:1.10
[DEBUG]   Included: net.sf.trove4j:trove4j:jar:3.0.3
[DEBUG]   Included: org.jgrapht:jgrapht-core:jar:1.0.1
[DEBUG]   Included: org.ehcache:ehcache:jar:3.6.1
[DEBUG]   Included: org.apache.cxf:cxf-common-utilities:jar:2.4.1
[DEBUG]   Included: org.apache.ws.xmlschema:xmlschema-core:jar:2.0
[DEBUG]   Included: org.codehaus.woodstox:woodstox-core-asl:jar:4.1.1
[DEBUG]   Included: org.codehaus.woodstox:stax2-api:jar:3.1.1
[DEBUG]   Included: javax.enterprise:cdi-api:jar:1.0
[DEBUG]   Included: javax.annotation:jsr250-api:jar:1.0
[DEBUG]   Included: org.codehaus.plexus:plexus-utils:jar:3.1.0
[DEBUG]   Included: org.apache.maven.plugin-testing:maven-plugin-testing-harness:jar:3.3.0
[DEBUG]   Included: commons-io:commons-io:jar:2.2
[DEBUG]   Included: org.codehaus.plexus:plexus-archiver:jar:2.2
[DEBUG]   Included: org.codehaus.plexus:plexus-io:jar:2.0.4
[DEBUG]   Included: org.sonatype.plexus:plexus-sec-dispatcher:jar:1.4
[DEBUG]   Included: org.sonatype.plexus:plexus-cipher:jar:1.4
[DEBUG]   Included: org.apache.maven:maven-resolver-provider:jar:3.5.4
[DEBUG]   Included: org.apache.maven.resolver:maven-resolver-api:jar:1.1.1
[DEBUG]   Included: org.apache.maven.resolver:maven-resolver-util:jar:1.1.1
[DEBUG]   Included: org.apache.maven.resolver:maven-resolver-impl:jar:1.1.1
[DEBUG]   Included: org.codehaus.plexus:plexus-interpolation:jar:1.24
[DEBUG]   Included: org.codehaus.plexus:plexus-component-annotations:jar:1.7.1
[DEBUG]   Included: org.apache.maven:maven-builder-support:jar:3.5.4
[DEBUG]   Included: org.apache.maven.resolver:maven-resolver-spi:jar:1.1.1
[DEBUG]   Included: org.apache.maven.shared:maven-shared-utils:jar:3.2.1
[DEBUG]   Included: org.eclipse.sisu:org.eclipse.sisu.inject:jar:0.3.3
[DEBUG]   Included: com.google.inject:guice:jar:no_aop:4.2.0
[DEBUG]   Included: aopalliance:aopalliance:jar:1.0
[DEBUG]   Included: com.google.guava:guava:jar:20.0
[DEBUG]   Included: org.apache.commons:commons-lang3:jar:3.5
[DEBUG]   Included: org.eclipse.aether:aether-util:jar:1.0.2.v20150114
[DEBUG]   Included: backport-util-concurrent:backport-util-concurrent:jar:3.1
[DEBUG] Configuring mojo eu.stamp-project:dspot-maven:2.1.1-SNAPSHOT:amplify-unit-tests from plugin realm ClassRealm[plugin>eu.stamp-project:dspot-maven:2.1.1-SNAPSHOT, parent: sun.misc.Launcher$AppClassLoader@1b6d3586]
[DEBUG] Configuring mojo 'eu.stamp-project:dspot-maven:2.1.1-SNAPSHOT:amplify-unit-tests' with basic configurator -->
[DEBUG]   (f) allowPathInAssertions = true
[DEBUG]   (f) amplifiers = [TestDataMutator, MethodAdd, MethodRemove, NullifierAmplifier]
[DEBUG]   (f) automaticBuilder = MavenBuilder
[DEBUG]   (f) budgetizer = SimpleBudgetizer
[DEBUG]   (f) cases = []
[DEBUG]   (f) clean = true
[DEBUG]   (f) descartes = true
[DEBUG]   (f) example = false
[DEBUG]   (f) generateNewTestClass = true
[DEBUG]   (f) help = false
[DEBUG]   (f) iteration = 1
[DEBUG]   (f) keepOriginalTestMethods = false
[DEBUG]   (f) maxTestAmplified = 100
[DEBUG]   (f) noMinimize = false
[DEBUG]   (f) outputPath = /tmp/dspot-experiments/results/april-2019/mustache.java/commit_4_339161f/seeds//39722659_10_15/
[DEBUG]   (f) pathToSecondVersion = /tmp/dspot-experiments/dataset/april-2019/mustache.java/compiler
[DEBUG]   (f) pathToTestListCsv = /tmp/dspot-experiments/results/april-2019/mustache_subset.csv
[DEBUG]   (f) project = MavenProject: com.github.spullara.mustache.java:compiler:0.9.4-SNAPSHOT @ /tmp/dspot-experiments/dataset/april-2019/mustache.java_parent/compiler/pom.xml
[DEBUG]   (f) randomSeed = 39722659
[DEBUG]   (f) targetOneTestClass = false
[DEBUG]   (f) test = [all]
[DEBUG]   (f) testCriterion = ChangeDetectorSelector
[DEBUG]   (f) timeOut = 10000
[DEBUG]   (f) useMavenToExeTest = false
[DEBUG]   (f) verbose = true
[DEBUG]   (f) withComment = false
[DEBUG]   (f) workingDirectory = true
[DEBUG] -- end configuration --
[INFO] Path to runner Classes: /home/bedanglot/.m2/repository/eu/stamp-project/test-runner/2.0.7/test-runner-2.0.7-jar-with-dependencies.jar
[INFO] /home/bedanglot/.m2/repository/org/jacoco/org.jacoco.core/0.7.9/org.jacoco.core-0.7.9.jar
[INFO] /home/bedanglot/.m2/repository/org/ow2/asm/asm-debug-all/5.2/asm-debug-all-5.2.jar
[INFO] /home/bedanglot/.m2/repository/eu/stamp-project/test-runner/2.0.7/test-runner-2.0.7-jar-with-dependencies.jar
[WARNING] : unknown automatic builder specified in configuration, going to default.
[INFO] Default: provided Maven automatic builder.
[INFO] Using /tmp/dspot-experiments/dataset/april-2019/mustache.java_parent/compiler/pom.xml to run maven.
[INFO] Using /usr/share/maven/ for maven home
[INFO] run maven: /usr/share/maven//bin/mvn clean test -DskipTests dependency:build-classpath -Dmdep.outputFile=target/dspot/classpath
[WARN] Maven will be executed in interactive mode, but no input stream has been configured for this MavenInvoker instance.
[INFO] Scanning for projects...
[INFO]                                                                         
[INFO] ------------------------------------------------------------------------
[INFO] Building compiler 0.9.4-SNAPSHOT
[INFO] ------------------------------------------------------------------------
[INFO] 
[INFO] --- maven-clean-plugin:2.5:clean (default-clean) @ compiler ---
[INFO] Deleting /tmp/dspot-experiments/dataset/april-2019/mustache.java_parent/compiler/target
[INFO] 
[INFO] --- maven-resources-plugin:2.6:resources (default-resources) @ compiler ---
[INFO] Using 'UTF-8' encoding to copy filtered resources.
[INFO] skip non existing resourceDirectory /tmp/dspot-experiments/dataset/april-2019/mustache.java_parent/compiler/src/main/resources
[INFO] 
[INFO] --- maven-compiler-plugin:3.2:compile (default-compile) @ compiler ---
[INFO] Changes detected - recompiling the module!
[INFO] Compiling 60 source files to /tmp/dspot-experiments/dataset/april-2019/mustache.java_parent/compiler/target/classes
[INFO] 
[INFO] --- maven-compiler-plugin:3.2:compile (default) @ compiler ---
[INFO] Changes detected - recompiling the module!
[INFO] Compiling 60 source files to /tmp/dspot-experiments/dataset/april-2019/mustache.java_parent/compiler/target/classes
[INFO] 
[INFO] --- maven-resources-plugin:2.6:testResources (default-testResources) @ compiler ---
[INFO] Using 'UTF-8' encoding to copy filtered resources.
[INFO] Copying 112 resources
[INFO] 
[INFO] --- maven-compiler-plugin:3.2:testCompile (default-testCompile) @ compiler ---
[INFO] Changes detected - recompiling the module!
[INFO] Compiling 42 source files to /tmp/dspot-experiments/dataset/april-2019/mustache.java_parent/compiler/target/test-classes
[INFO] /tmp/dspot-experiments/dataset/april-2019/mustache.java_parent/compiler/src/test/java/com/github/mustachejava/FallbackTest.java: Some input files use or override a deprecated API.
[INFO] /tmp/dspot-experiments/dataset/april-2019/mustache.java_parent/compiler/src/test/java/com/github/mustachejava/FallbackTest.java: Recompile with -Xlint:deprecation for details.
[INFO] /tmp/dspot-experiments/dataset/april-2019/mustache.java_parent/compiler/src/test/java/com/github/mustachejava/FallbackTest.java: Some input files use unchecked or unsafe operations.
[INFO] /tmp/dspot-experiments/dataset/april-2019/mustache.java_parent/compiler/src/test/java/com/github/mustachejava/FallbackTest.java: Recompile with -Xlint:unchecked for details.
[INFO] 
[INFO] --- maven-surefire-plugin:2.19.1:test (default-test) @ compiler ---
[INFO] Tests are skipped.
[INFO] 
[INFO] --- maven-dependency-plugin:2.8:build-classpath (default-cli) @ compiler ---
[INFO] Wrote classpath file '/tmp/dspot-experiments/dataset/april-2019/mustache.java_parent/compiler/target/dspot/classpath'.
[INFO] ------------------------------------------------------------------------
[INFO] BUILD SUCCESS
[INFO] ------------------------------------------------------------------------
[INFO] Total time: 3.384 s
[INFO] Finished at: 2019-05-24T14:10:47+02:00
[INFO] Final Memory: 28M/1963M
[INFO] ------------------------------------------------------------------------
[WARNING] Could not find any test class that match the given regular expression.
Your input:
	com.github.mustachejavabenchmarks.simple.SimpleJsonInterpreterTest
[INFO] Amplification of com.github.mustachejava.ExtensionTest (6 test(s))
[INFO] Assertion amplification of com.github.mustachejava.ExtensionTest (6 test(s))
[DEBUG] Starting 15 Services...
[DEBUG] All Services successfully started, 15 Services in 7ms
[DEBUG] Creating Cache 'frameworkCache' in EhcacheManager.
[DEBUG] Serializer for <java.lang.String> : org.ehcache.impl.serialization.StringSerializer@29bbc391
[DEBUG] Could not create serializers for frameworkCache
org.ehcache.spi.serialization.UnsupportedTypeException: No serializer found for type 'eu.stamp_project.test_framework.TestFrameworkSupport'
	at org.ehcache.impl.internal.spi.serialization.DefaultSerializationProvider.getSerializerClassFor(DefaultSerializationProvider.java:136)
	at org.ehcache.impl.internal.spi.serialization.DefaultSerializationProvider.createSerializer(DefaultSerializationProvider.java:98)
	at org.ehcache.impl.internal.spi.serialization.DefaultSerializationProvider.createValueSerializer(DefaultSerializationProvider.java:90)
	at org.ehcache.core.EhcacheManager.getStore(EhcacheManager.java:478)
	at org.ehcache.core.EhcacheManager.createNewEhcache(EhcacheManager.java:317)
	at org.ehcache.core.EhcacheManager.createCache(EhcacheManager.java:266)
	at org.ehcache.core.EhcacheManager.init(EhcacheManager.java:582)
	at org.ehcache.config.builders.CacheManagerBuilder.build(CacheManagerBuilder.java:72)
	at eu.stamp_project.utils.DSpotCache.<clinit>(DSpotCache.java:21)
	at eu.stamp_project.test_framework.TestFramework.getTestFramework(TestFramework.java:128)
	at eu.stamp_project.test_framework.TestFramework.isJUnit5(TestFramework.java:67)
	at eu.stamp_project.dspot.Amplification.amplification(Amplification.java:84)
	at eu.stamp_project.dspot.DSpot._amplify(DSpot.java:274)
	at eu.stamp_project.dspot.DSpot.lambda$amplifyTestClassesTestMethods$5(DSpot.java:255)
	at java.util.stream.ReferencePipeline$3$1.accept(ReferencePipeline.java:193)
	at java.util.ArrayList$ArrayListSpliterator.forEachRemaining(ArrayList.java:1382)
	at java.util.stream.AbstractPipeline.copyInto(AbstractPipeline.java:482)
	at java.util.stream.AbstractPipeline.wrapAndCopyInto(AbstractPipeline.java:472)
	at java.util.stream.ReduceOps$ReduceOp.evaluateSequential(ReduceOps.java:708)
	at java.util.stream.AbstractPipeline.evaluate(AbstractPipeline.java:234)
	at java.util.stream.ReferencePipeline.collect(ReferencePipeline.java:499)
	at eu.stamp_project.dspot.DSpot.amplifyTestClassesTestMethods(DSpot.java:256)
	at eu.stamp_project.Main.run(Main.java:65)
	at eu.stamp_project.DSpotMojo.execute(DSpotMojo.java:311)
	at org.apache.maven.plugin.DefaultBuildPluginManager.executeMojo(DefaultBuildPluginManager.java:134)
	at org.apache.maven.lifecycle.internal.MojoExecutor.execute(MojoExecutor.java:207)
	at org.apache.maven.lifecycle.internal.MojoExecutor.execute(MojoExecutor.java:153)
	at org.apache.maven.lifecycle.internal.MojoExecutor.execute(MojoExecutor.java:145)
	at org.apache.maven.lifecycle.internal.LifecycleModuleBuilder.buildProject(LifecycleModuleBuilder.java:116)
	at org.apache.maven.lifecycle.internal.LifecycleModuleBuilder.buildProject(LifecycleModuleBuilder.java:80)
	at org.apache.maven.lifecycle.internal.builder.singlethreaded.SingleThreadedBuilder.build(SingleThreadedBuilder.java:51)
	at org.apache.maven.lifecycle.internal.LifecycleStarter.execute(LifecycleStarter.java:128)
	at org.apache.maven.DefaultMaven.doExecute(DefaultMaven.java:307)
	at org.apache.maven.DefaultMaven.doExecute(DefaultMaven.java:193)
	at org.apache.maven.DefaultMaven.execute(DefaultMaven.java:106)
	at org.apache.maven.cli.MavenCli.execute(MavenCli.java:863)
	at org.apache.maven.cli.MavenCli.doMain(MavenCli.java:288)
	at org.apache.maven.cli.MavenCli.main(MavenCli.java:199)
	at sun.reflect.NativeMethodAccessorImpl.invoke0(Native Method)
	at sun.reflect.NativeMethodAccessorImpl.invoke(NativeMethodAccessorImpl.java:62)
	at sun.reflect.DelegatingMethodAccessorImpl.invoke(DelegatingMethodAccessorImpl.java:43)
	at java.lang.reflect.Method.invoke(Method.java:498)
	at org.codehaus.plexus.classworlds.launcher.Launcher.launchEnhanced(Launcher.java:289)
	at org.codehaus.plexus.classworlds.launcher.Launcher.launch(Launcher.java:229)
	at org.codehaus.plexus.classworlds.launcher.Launcher.mainWithExitCode(Launcher.java:415)
	at org.codehaus.plexus.classworlds.launcher.Launcher.main(Launcher.java:356)
[DEBUG] Copier for <java.lang.String> : org.ehcache.impl.copy.IdentityCopier@5939e24
[DEBUG] Copier for <eu.stamp_project.test_framework.TestFrameworkSupport> : org.ehcache.impl.copy.IdentityCopier@595f9916
[DEBUG] Initialize successful.
[INFO] Cache 'frameworkCache' created in EhcacheManager.
[DEBUG] Initialize successful.
[WARNING] You gave an empty filter. To use PIT, it is recommend to specify a filter, at least, the top package of your program, otherwise, PIT may take a long time or could not be run.
[INFO] A new filter has been computed on the fly: com.github.mustachejava.*
[INFO] Using /tmp/dspot-experiments/dataset/april-2019/mustache.java/compiler/pom.xml to run maven.
[INFO] Using /usr/share/maven/ for maven home
[INFO] run maven: /usr/share/maven//bin/mvn clean test -DskipTests
[WARN] Maven will be executed in interactive mode, but no input stream has been configured for this MavenInvoker instance.
[INFO] Scanning for projects...
[INFO]                                                                         
[INFO] ------------------------------------------------------------------------
[INFO] Building compiler 0.9.4-SNAPSHOT
[INFO] ------------------------------------------------------------------------
[INFO] 
[INFO] --- maven-clean-plugin:2.5:clean (default-clean) @ compiler ---
[INFO] Deleting /tmp/dspot-experiments/dataset/april-2019/mustache.java/compiler/target
[INFO] 
[INFO] --- maven-resources-plugin:2.6:resources (default-resources) @ compiler ---
[INFO] Using 'UTF-8' encoding to copy filtered resources.
[INFO] skip non existing resourceDirectory /tmp/dspot-experiments/dataset/april-2019/mustache.java/compiler/src/main/resources
[INFO] 
[INFO] --- maven-compiler-plugin:3.2:compile (default-compile) @ compiler ---
[INFO] Changes detected - recompiling the module!
[INFO] Compiling 60 source files to /tmp/dspot-experiments/dataset/april-2019/mustache.java/compiler/target/classes
[INFO] 
[INFO] --- maven-compiler-plugin:3.2:compile (default) @ compiler ---
[INFO] Changes detected - recompiling the module!
[INFO] Compiling 60 source files to /tmp/dspot-experiments/dataset/april-2019/mustache.java/compiler/target/classes
[INFO] 
[INFO] --- maven-resources-plugin:2.6:testResources (default-testResources) @ compiler ---
[INFO] Using 'UTF-8' encoding to copy filtered resources.
[INFO] Copying 112 resources
[INFO] 
[INFO] --- maven-compiler-plugin:3.2:testCompile (default-testCompile) @ compiler ---
[INFO] Changes detected - recompiling the module!
[INFO] Compiling 42 source files to /tmp/dspot-experiments/dataset/april-2019/mustache.java/compiler/target/test-classes
[INFO] /tmp/dspot-experiments/dataset/april-2019/mustache.java/compiler/src/test/java/com/github/mustachejava/ConcurrencyTest.java: Some input files use or override a deprecated API.
[INFO] /tmp/dspot-experiments/dataset/april-2019/mustache.java/compiler/src/test/java/com/github/mustachejava/ConcurrencyTest.java: Recompile with -Xlint:deprecation for details.
[INFO] /tmp/dspot-experiments/dataset/april-2019/mustache.java/compiler/src/test/java/com/github/mustachejava/functions/CommentTest.java: Some input files use unchecked or unsafe operations.
[INFO] /tmp/dspot-experiments/dataset/april-2019/mustache.java/compiler/src/test/java/com/github/mustachejava/functions/CommentTest.java: Recompile with -Xlint:unchecked for details.
[INFO] 
[INFO] --- maven-surefire-plugin:2.19.1:test (default-test) @ compiler ---
[INFO] Tests are skipped.
[INFO] ------------------------------------------------------------------------
[INFO] BUILD SUCCESS
[INFO] ------------------------------------------------------------------------
[INFO] Total time: 2.881 s
[INFO] Finished at: 2019-05-24T14:10:54+02:00
[INFO] Final Memory: 27M/2083M
[INFO] ------------------------------------------------------------------------
[INFO] Compiling with -proceedOnError -encoding UTF-8 -cp /tmp/dspot-experiments/dataset/april-2019/mustache.java_parent/compiler/target/dspot/tmp_test_sources:/home/bedanglot/.m2/repository/junit/junit/4.11/junit-4.11.jar:/home/bedanglot/.m2/repository/org/hamcrest/hamcrest-core/1.3/hamcrest-core-1.3.jar:/home/bedanglot/.m2/repository/com/fasterxml/jackson/core/jackson-databind/2.7.4/jackson-databind-2.7.4.jar:/home/bedanglot/.m2/repository/com/fasterxml/jackson/core/jackson-annotations/2.7.0/jackson-annotations-2.7.0.jar:/home/bedanglot/.m2/repository/com/fasterxml/jackson/core/jackson-core/2.7.4/jackson-core-2.7.4.jar:/home/bedanglot/.m2/repository/com/fasterxml/jackson/dataformat/jackson-dataformat-yaml/2.7.4/jackson-dataformat-yaml-2.7.4.jar:/home/bedanglot/.m2/repository/org/yaml/snakeyaml/1.15/snakeyaml-1.15.jar:/tmp/dspot-experiments/dataset/april-2019/mustache.java_parent/compiler/target/classes/:/tmp/dspot-experiments/dataset/april-2019/mustache.java_parent/compiler/target/test-classes/:/tmp/dspot-experiments/dataset/april-2019/mustache.java_parent/compiler/target/dspot/dependencies/: -d /tmp/dspot-experiments/dataset/april-2019/mustache.java_parent/compiler/target/test-classes -1.8 -preserveAllLocals -noExit -enableJavadoc -proc:none /tmp/dspot-experiments/dataset/april-2019/mustache.java_parent/compiler/target/dspot/tmp_test_sources/com/github/mustachejava/ExtensionTest.java
[INFO] Run: java -classpath /tmp/dspot-experiments/dataset/april-2019/mustache.java_parent/compiler/target/classes/:/tmp/dspot-experiments/dataset/april-2019/mustache.java_parent/compiler/target/test-classes:/home/bedanglot/.m2/repository/junit/junit/4.11/junit-4.11.jar:/home/bedanglot/.m2/repository/org/hamcrest/hamcrest-core/1.3/hamcrest-core-1.3.jar:/home/bedanglot/.m2/repository/com/fasterxml/jackson/core/jackson-databind/2.7.4/jackson-databind-2.7.4.jar:/home/bedanglot/.m2/repository/com/fasterxml/jackson/core/jackson-annotations/2.7.0/jackson-annotations-2.7.0.jar:/home/bedanglot/.m2/repository/com/fasterxml/jackson/core/jackson-core/2.7.4/jackson-core-2.7.4.jar:/home/bedanglot/.m2/repository/com/fasterxml/jackson/dataformat/jackson-dataformat-yaml/2.7.4/jackson-dataformat-yaml-2.7.4.jar:/home/bedanglot/.m2/repository/org/yaml/snakeyaml/1.15/snakeyaml-1.15.jar:/tmp/dspot-experiments/dataset/april-2019/mustache.java_parent/compiler/target/dspot/dependencies/:/home/bedanglot/.m2/repository/eu/stamp-project/test-runner/2.0.7/test-runner-2.0.7-jar-with-dependencies.jar eu.stamp_project.testrunner.runner.JUnit4Runner --class com.github.mustachejava.ExtensionTest --tests testSubInPartial:testSubSub:testMultipleExtensions:testSub:testPartialInSub:testClientMethod 
Parsing --class com.github.mustachejava.ExtensionTest --tests testSubInPartial:testSubSub:testMultipleExtensions:testSub:testPartialInSub:testClientMethod
File saved to the following path: /tmp/dspot-experiments/dataset/april-2019/mustache.java_parent/compiler/target/dspot/TestResult.ser
Loading /tmp/dspot-experiments/dataset/april-2019/mustache.java_parent/compiler/target/dspot/TestResult.ser
[INFO] Test has been run: testSub,testClientMethod,testMultipleExtensions,testPartialInSub,testSubInPartial,testSubSub
[INFO] Run tests. (6)
[INFO] Compiling with -proceedOnError -encoding UTF-8 -cp /tmp/dspot-experiments/dataset/april-2019/mustache.java_parent/compiler/target/dspot/tmp_test_sources:/home/bedanglot/.m2/repository/junit/junit/4.11/junit-4.11.jar:/home/bedanglot/.m2/repository/org/hamcrest/hamcrest-core/1.3/hamcrest-core-1.3.jar:/home/bedanglot/.m2/repository/com/fasterxml/jackson/core/jackson-databind/2.7.4/jackson-databind-2.7.4.jar:/home/bedanglot/.m2/repository/com/fasterxml/jackson/core/jackson-annotations/2.7.0/jackson-annotations-2.7.0.jar:/home/bedanglot/.m2/repository/com/fasterxml/jackson/core/jackson-core/2.7.4/jackson-core-2.7.4.jar:/home/bedanglot/.m2/repository/com/fasterxml/jackson/dataformat/jackson-dataformat-yaml/2.7.4/jackson-dataformat-yaml-2.7.4.jar:/home/bedanglot/.m2/repository/org/yaml/snakeyaml/1.15/snakeyaml-1.15.jar:/tmp/dspot-experiments/dataset/april-2019/mustache.java_parent/compiler/target/classes/:/tmp/dspot-experiments/dataset/april-2019/mustache.java_parent/compiler/target/test-classes/:/tmp/dspot-experiments/dataset/april-2019/mustache.java_parent/compiler/target/dspot/dependencies/: -d /tmp/dspot-experiments/dataset/april-2019/mustache.java_parent/compiler/target/test-classes -1.8 -preserveAllLocals -noExit -enableJavadoc -proc:none /tmp/dspot-experiments/dataset/april-2019/mustache.java_parent/compiler/target/dspot/tmp_test_sources/com/github/mustachejava/ExtensionTest.java
[INFO] Run: java -classpath /tmp/dspot-experiments/dataset/april-2019/mustache.java_parent/compiler/target/classes/:/tmp/dspot-experiments/dataset/april-2019/mustache.java_parent/compiler/target/test-classes:/home/bedanglot/.m2/repository/junit/junit/4.11/junit-4.11.jar:/home/bedanglot/.m2/repository/org/hamcrest/hamcrest-core/1.3/hamcrest-core-1.3.jar:/home/bedanglot/.m2/repository/com/fasterxml/jackson/core/jackson-databind/2.7.4/jackson-databind-2.7.4.jar:/home/bedanglot/.m2/repository/com/fasterxml/jackson/core/jackson-annotations/2.7.0/jackson-annotations-2.7.0.jar:/home/bedanglot/.m2/repository/com/fasterxml/jackson/core/jackson-core/2.7.4/jackson-core-2.7.4.jar:/home/bedanglot/.m2/repository/com/fasterxml/jackson/dataformat/jackson-dataformat-yaml/2.7.4/jackson-dataformat-yaml-2.7.4.jar:/home/bedanglot/.m2/repository/org/yaml/snakeyaml/1.15/snakeyaml-1.15.jar:/tmp/dspot-experiments/dataset/april-2019/mustache.java_parent/compiler/target/dspot/dependencies/:/home/bedanglot/.m2/repository/eu/stamp-project/test-runner/2.0.7/test-runner-2.0.7-jar-with-dependencies.jar eu.stamp_project.testrunner.runner.JUnit4Runner --class com.github.mustachejava.ExtensionTest --tests testSubInPartial:testSubSub:testMultipleExtensions:testSub:testPartialInSub:testClientMethod 
Parsing --class com.github.mustachejava.ExtensionTest --tests testSubInPartial:testSubSub:testMultipleExtensions:testSub:testPartialInSub:testClientMethod
File saved to the following path: /tmp/dspot-experiments/dataset/april-2019/mustache.java_parent/compiler/target/dspot/TestResult.ser
Loading /tmp/dspot-experiments/dataset/april-2019/mustache.java_parent/compiler/target/dspot/TestResult.ser
[INFO] Test has been run: testSub,testClientMethod,testMultipleExtensions,testPartialInSub,testSubInPartial,testSubSub
[INFO] 6 test pass, generating assertion...
[INFO] Add observations points in passing tests.
[INFO] Instrumentation...
 16% |======== ]/ 33% |================ ]- 50% |========================= ]\ 66% |================================= ]| 83% |========================================= ]/100% |================================================== ]-
[INFO] Run instrumented tests. (18)
[INFO] Compiling with -proceedOnError -encoding UTF-8 -cp /tmp/dspot-experiments/dataset/april-2019/mustache.java_parent/compiler/target/dspot/tmp_test_sources:/home/bedanglot/.m2/repository/junit/junit/4.11/junit-4.11.jar:/home/bedanglot/.m2/repository/org/hamcrest/hamcrest-core/1.3/hamcrest-core-1.3.jar:/home/bedanglot/.m2/repository/com/fasterxml/jackson/core/jackson-databind/2.7.4/jackson-databind-2.7.4.jar:/home/bedanglot/.m2/repository/com/fasterxml/jackson/core/jackson-annotations/2.7.0/jackson-annotations-2.7.0.jar:/home/bedanglot/.m2/repository/com/fasterxml/jackson/core/jackson-core/2.7.4/jackson-core-2.7.4.jar:/home/bedanglot/.m2/repository/com/fasterxml/jackson/dataformat/jackson-dataformat-yaml/2.7.4/jackson-dataformat-yaml-2.7.4.jar:/home/bedanglot/.m2/repository/org/yaml/snakeyaml/1.15/snakeyaml-1.15.jar:/tmp/dspot-experiments/dataset/april-2019/mustache.java_parent/compiler/target/classes/:/tmp/dspot-experiments/dataset/april-2019/mustache.java_parent/compiler/target/test-classes/:/tmp/dspot-experiments/dataset/april-2019/mustache.java_parent/compiler/target/dspot/dependencies/: -d /tmp/dspot-experiments/dataset/april-2019/mustache.java_parent/compiler/target/test-classes -1.8 -preserveAllLocals -noExit -enableJavadoc -proc:none /tmp/dspot-experiments/dataset/april-2019/mustache.java_parent/compiler/target/dspot/tmp_test_sources/com/github/mustachejava/ExtensionTest.java
[INFO] Run: java -classpath /tmp/dspot-experiments/dataset/april-2019/mustache.java_parent/compiler/target/classes/:/tmp/dspot-experiments/dataset/april-2019/mustache.java_parent/compiler/target/test-classes:/home/bedanglot/.m2/repository/junit/junit/4.11/junit-4.11.jar:/home/bedanglot/.m2/repository/org/hamcrest/hamcrest-core/1.3/hamcrest-core-1.3.jar:/home/bedanglot/.m2/repository/com/fasterxml/jackson/core/jackson-databind/2.7.4/jackson-databind-2.7.4.jar:/home/bedanglot/.m2/repository/com/fasterxml/jackson/core/jackson-annotations/2.7.0/jackson-annotations-2.7.0.jar:/home/bedanglot/.m2/repository/com/fasterxml/jackson/core/jackson-core/2.7.4/jackson-core-2.7.4.jar:/home/bedanglot/.m2/repository/com/fasterxml/jackson/dataformat/jackson-dataformat-yaml/2.7.4/jackson-dataformat-yaml-2.7.4.jar:/home/bedanglot/.m2/repository/org/yaml/snakeyaml/1.15/snakeyaml-1.15.jar:/tmp/dspot-experiments/dataset/april-2019/mustache.java_parent/compiler/target/dspot/dependencies/:/home/bedanglot/.m2/repository/eu/stamp-project/test-runner/2.0.7/test-runner-2.0.7-jar-with-dependencies.jar eu.stamp_project.testrunner.runner.JUnit4Runner --class com.github.mustachejava.ExtensionTest --tests testSubInPartial_withlog0:testSubSub_withlog0:testMultipleExtensions_withlog0:testSub_withlog0:testPartialInSub_withlog0:testClientMethod_withlog0:testSubInPartial_withlog1:testSubSub_withlog1:testMultipleExtensions_withlog1:testSub_withlog1:testPartialInSub_withlog1:testClientMethod_withlog1:testSubInPartial_withlog2:testSubSub_withlog2:testMultipleExtensions_withlog2:testSub_withlog2:testPartialInSub_withlog2:testClientMethod_withlog2 
Parsing --class com.github.mustachejava.ExtensionTest --tests testSubInPartial_withlog0:testSubSub_withlog0:testMultipleExtensions_withlog0:testSub_withlog0:testPartialInSub_withlog0:testClientMethod_withlog0:testSubInPartial_withlog1:testSubSub_withlog1:testMultipleExtensions_withlog1:testSub_withlog1:testPartialInSub_withlog1:testClientMethod_withlog1:testSubInPartial_withlog2:testSubSub_withlog2:testMultipleExtensions_withlog2:testSub_withlog2:testPartialInSub_withlog2:testClientMethod_withlog2
File saved to the following path: /tmp/dspot-experiments/dataset/april-2019/mustache.java_parent/compiler/target/dspot/observations.ser
File saved to the following path: /tmp/dspot-experiments/dataset/april-2019/mustache.java_parent/compiler/target/dspot/TestResult.ser
Loading /tmp/dspot-experiments/dataset/april-2019/mustache.java_parent/compiler/target/dspot/TestResult.ser
[INFO] Test has been run: testClientMethod_withlog0,testClientMethod_withlog1,testClientMethod_withlog2,testSubInPartial_withlog0,testSubInPartial_withlog1,testSubInPartial_withlog2,testSubSub_withlog0,testSubSub_withlog1,testSubSub_withlog2,testSub_withlog0,testSub_withlog1,testSub_withlog2,testPartialInSub_withlog0,testPartialInSub_withlog1,testPartialInSub_withlog2,testMultipleExtensions_withlog0,testMultipleExtensions_withlog1,testMultipleExtensions_withlog2
[INFO] Generating assertions...
[INFO] 6 new tests with assertions generated
[INFO] Compiling with -proceedOnError -encoding UTF-8 -cp /tmp/dspot-experiments/dataset/april-2019/mustache.java_parent/compiler/target/dspot/tmp_test_sources:/home/bedanglot/.m2/repository/junit/junit/4.11/junit-4.11.jar:/home/bedanglot/.m2/repository/org/hamcrest/hamcrest-core/1.3/hamcrest-core-1.3.jar:/home/bedanglot/.m2/repository/com/fasterxml/jackson/core/jackson-databind/2.7.4/jackson-databind-2.7.4.jar:/home/bedanglot/.m2/repository/com/fasterxml/jackson/core/jackson-annotations/2.7.0/jackson-annotations-2.7.0.jar:/home/bedanglot/.m2/repository/com/fasterxml/jackson/core/jackson-core/2.7.4/jackson-core-2.7.4.jar:/home/bedanglot/.m2/repository/com/fasterxml/jackson/dataformat/jackson-dataformat-yaml/2.7.4/jackson-dataformat-yaml-2.7.4.jar:/home/bedanglot/.m2/repository/org/yaml/snakeyaml/1.15/snakeyaml-1.15.jar:/tmp/dspot-experiments/dataset/april-2019/mustache.java_parent/compiler/target/classes/:/tmp/dspot-experiments/dataset/april-2019/mustache.java_parent/compiler/target/test-classes/:/tmp/dspot-experiments/dataset/april-2019/mustache.java_parent/compiler/target/dspot/dependencies/: -d /tmp/dspot-experiments/dataset/april-2019/mustache.java_parent/compiler/target/test-classes -1.8 -preserveAllLocals -noExit -enableJavadoc -proc:none /tmp/dspot-experiments/dataset/april-2019/mustache.java_parent/compiler/target/dspot/tmp_test_sources/com/github/mustachejava/ExtensionTest.java
[INFO] Run: java -classpath /tmp/dspot-experiments/dataset/april-2019/mustache.java_parent/compiler/target/classes/:/tmp/dspot-experiments/dataset/april-2019/mustache.java_parent/compiler/target/test-classes:/home/bedanglot/.m2/repository/junit/junit/4.11/junit-4.11.jar:/home/bedanglot/.m2/repository/org/hamcrest/hamcrest-core/1.3/hamcrest-core-1.3.jar:/home/bedanglot/.m2/repository/com/fasterxml/jackson/core/jackson-databind/2.7.4/jackson-databind-2.7.4.jar:/home/bedanglot/.m2/repository/com/fasterxml/jackson/core/jackson-annotations/2.7.0/jackson-annotations-2.7.0.jar:/home/bedanglot/.m2/repository/com/fasterxml/jackson/core/jackson-core/2.7.4/jackson-core-2.7.4.jar:/home/bedanglot/.m2/repository/com/fasterxml/jackson/dataformat/jackson-dataformat-yaml/2.7.4/jackson-dataformat-yaml-2.7.4.jar:/home/bedanglot/.m2/repository/org/yaml/snakeyaml/1.15/snakeyaml-1.15.jar:/tmp/dspot-experiments/dataset/april-2019/mustache.java_parent/compiler/target/dspot/dependencies/:/home/bedanglot/.m2/repository/eu/stamp-project/test-runner/2.0.7/test-runner-2.0.7-jar-with-dependencies.jar eu.stamp_project.testrunner.runner.JUnit4Runner --class com.github.mustachejava.ExtensionTest --tests testSubInPartial:testSubSub:testMultipleExtensions:testSub:testPartialInSub:testClientMethod 
Parsing --class com.github.mustachejava.ExtensionTest --tests testSubInPartial:testSubSub:testMultipleExtensions:testSub:testPartialInSub:testClientMethod
File saved to the following path: /tmp/dspot-experiments/dataset/april-2019/mustache.java_parent/compiler/target/dspot/TestResult.ser
Loading /tmp/dspot-experiments/dataset/april-2019/mustache.java_parent/compiler/target/dspot/TestResult.ser
[INFO] Test has been run: testSub,testClientMethod,testMultipleExtensions,testPartialInSub,testSubInPartial,testSubSub
[INFO] Assertion amplification: 6 test method(s) has been successfully amplified.
[WARN] 2019-05-24 14:10:56 Launcher - You specified the directory /tmp/dspot-experiments/dataset/april-2019/mustache.java/compiler/target/classes in source classpath, please note that only class files will be considered. Jars and subdirectories will be ignored.
[WARN] 2019-05-24 14:10:56 Launcher - You specified the directory /tmp/dspot-experiments/dataset/april-2019/mustache.java/compiler/target/test-classes in source classpath, please note that only class files will be considered. Jars and subdirectories will be ignored.
[WARN] 2019-05-24 14:10:56 Launcher - You specified the directory /tmp/dspot-experiments/dataset/april-2019/mustache.java/compiler/target/dspot/dependencies in source classpath, please note that only class files will be considered. Jars and subdirectories will be ignored.
[INFO] Run: java -classpath /tmp/dspot-experiments/dataset/april-2019/mustache.java/compiler/target/classes/:/tmp/dspot-experiments/dataset/april-2019/mustache.java/compiler/target/test-classes/:/home/bedanglot/.m2/repository/junit/junit/4.11/junit-4.11.jar:/home/bedanglot/.m2/repository/org/hamcrest/hamcrest-core/1.3/hamcrest-core-1.3.jar:/home/bedanglot/.m2/repository/com/fasterxml/jackson/core/jackson-databind/2.7.4/jackson-databind-2.7.4.jar:/home/bedanglot/.m2/repository/com/fasterxml/jackson/core/jackson-annotations/2.7.0/jackson-annotations-2.7.0.jar:/home/bedanglot/.m2/repository/com/fasterxml/jackson/core/jackson-core/2.7.4/jackson-core-2.7.4.jar:/home/bedanglot/.m2/repository/com/fasterxml/jackson/dataformat/jackson-dataformat-yaml/2.7.4/jackson-dataformat-yaml-2.7.4.jar:/home/bedanglot/.m2/repository/org/yaml/snakeyaml/1.15/snakeyaml-1.15.jar:/tmp/dspot-experiments/dataset/april-2019/mustache.java/compiler/target/dspot/dependencies/:/home/bedanglot/.m2/repository/eu/stamp-project/test-runner/2.0.7/test-runner-2.0.7-jar-with-dependencies.jar eu.stamp_project.testrunner.runner.JUnit4Runner --class com.github.mustachejava.ExtensionTest --tests testSubInPartial:testSubSub:testMultipleExtensions:testSub:testPartialInSub:testClientMethod 
Parsing --class com.github.mustachejava.ExtensionTest --tests testSubInPartial:testSubSub:testMultipleExtensions:testSub:testPartialInSub:testClientMethod
File saved to the following path: /tmp/dspot-experiments/dataset/april-2019/mustache.java_parent/compiler/target/dspot/TestResult.ser
Loading /tmp/dspot-experiments/dataset/april-2019/mustache.java_parent/compiler/target/dspot/TestResult.ser
[INFO] Test has been run: testSub,testClientMethod,testMultipleExtensions,testPartialInSub,testSubInPartial,testSubSub
[INFO] 0 amplified test methods has been selected to be kept. (global: 0)
[INFO] Applying Input-amplification and Assertion-amplification test by test.
[INFO] Amplification of testSubInPartial, (1/6)
[INFO] iteration 0 / 1
[INFO] 1 tests selected to be amplified over 1 available tests
[INFO] Amplification of inputs...
[INFO] Time to amplify: 51ms
  1% | ]/ 43% |===================== ]\[INFO] 53 new tests generated
[INFO] Run tests. (53)
[INFO] Compiling with -proceedOnError -encoding UTF-8 -cp /tmp/dspot-experiments/dataset/april-2019/mustache.java_parent/compiler/target/dspot/tmp_test_sources:/home/bedanglot/.m2/repository/junit/junit/4.11/junit-4.11.jar:/home/bedanglot/.m2/repository/org/hamcrest/hamcrest-core/1.3/hamcrest-core-1.3.jar:/home/bedanglot/.m2/repository/com/fasterxml/jackson/core/jackson-databind/2.7.4/jackson-databind-2.7.4.jar:/home/bedanglot/.m2/repository/com/fasterxml/jackson/core/jackson-annotations/2.7.0/jackson-annotations-2.7.0.jar:/home/bedanglot/.m2/repository/com/fasterxml/jackson/core/jackson-core/2.7.4/jackson-core-2.7.4.jar:/home/bedanglot/.m2/repository/com/fasterxml/jackson/dataformat/jackson-dataformat-yaml/2.7.4/jackson-dataformat-yaml-2.7.4.jar:/home/bedanglot/.m2/repository/org/yaml/snakeyaml/1.15/snakeyaml-1.15.jar:/tmp/dspot-experiments/dataset/april-2019/mustache.java_parent/compiler/target/classes/:/tmp/dspot-experiments/dataset/april-2019/mustache.java_parent/compiler/target/test-classes/:/tmp/dspot-experiments/dataset/april-2019/mustache.java_parent/compiler/target/dspot/dependencies/: -d /tmp/dspot-experiments/dataset/april-2019/mustache.java_parent/compiler/target/test-classes -1.8 -preserveAllLocals -noExit -enableJavadoc -proc:none /tmp/dspot-experiments/dataset/april-2019/mustache.java_parent/compiler/target/dspot/tmp_test_sources/com/github/mustachejava/ExtensionTest.java
[ERROR] Error(s) during compilation:
[ERROR] Pb(102) The method execute(Writer, Object) is ambiguous for the type Mustache
[INFO] Compiling with -proceedOnError -encoding UTF-8 -cp /tmp/dspot-experiments/dataset/april-2019/mustache.java_parent/compiler/target/dspot/tmp_test_sources:/home/bedanglot/.m2/repository/junit/junit/4.11/junit-4.11.jar:/home/bedanglot/.m2/repository/org/hamcrest/hamcrest-core/1.3/hamcrest-core-1.3.jar:/home/bedanglot/.m2/repository/com/fasterxml/jackson/core/jackson-databind/2.7.4/jackson-databind-2.7.4.jar:/home/bedanglot/.m2/repository/com/fasterxml/jackson/core/jackson-annotations/2.7.0/jackson-annotations-2.7.0.jar:/home/bedanglot/.m2/repository/com/fasterxml/jackson/core/jackson-core/2.7.4/jackson-core-2.7.4.jar:/home/bedanglot/.m2/repository/com/fasterxml/jackson/dataformat/jackson-dataformat-yaml/2.7.4/jackson-dataformat-yaml-2.7.4.jar:/home/bedanglot/.m2/repository/org/yaml/snakeyaml/1.15/snakeyaml-1.15.jar:/tmp/dspot-experiments/dataset/april-2019/mustache.java_parent/compiler/target/classes/:/tmp/dspot-experiments/dataset/april-2019/mustache.java_parent/compiler/target/test-classes/:/tmp/dspot-experiments/dataset/april-2019/mustache.java_parent/compiler/target/dspot/dependencies/: -d /tmp/dspot-experiments/dataset/april-2019/mustache.java_parent/compiler/target/test-classes -1.8 -preserveAllLocals -noExit -enableJavadoc -proc:none /tmp/dspot-experiments/dataset/april-2019/mustache.java_parent/compiler/target/dspot/tmp_test_sources/com/github/mustachejava/ExtensionTest.java
[INFO] Run: java -classpath /tmp/dspot-experiments/dataset/april-2019/mustache.java_parent/compiler/target/classes/:/tmp/dspot-experiments/dataset/april-2019/mustache.java_parent/compiler/target/test-classes:/home/bedanglot/.m2/repository/junit/junit/4.11/junit-4.11.jar:/home/bedanglot/.m2/repository/org/hamcrest/hamcrest-core/1.3/hamcrest-core-1.3.jar:/home/bedanglot/.m2/repository/com/fasterxml/jackson/core/jackson-databind/2.7.4/jackson-databind-2.7.4.jar:/home/bedanglot/.m2/repository/com/fasterxml/jackson/core/jackson-annotations/2.7.0/jackson-annotations-2.7.0.jar:/home/bedanglot/.m2/repository/com/fasterxml/jackson/core/jackson-core/2.7.4/jackson-core-2.7.4.jar:/home/bedanglot/.m2/repository/com/fasterxml/jackson/dataformat/jackson-dataformat-yaml/2.7.4/jackson-dataformat-yaml-2.7.4.jar:/home/bedanglot/.m2/repository/org/yaml/snakeyaml/1.15/snakeyaml-1.15.jar:/tmp/dspot-experiments/dataset/april-2019/mustache.java_parent/compiler/target/dspot/dependencies/:/home/bedanglot/.m2/repository/eu/stamp-project/test-runner/2.0.7/test-runner-2.0.7-jar-with-dependencies.jar eu.stamp_project.testrunner.runner.JUnit4Runner --class com.github.mustachejava.ExtensionTest --tests testSubInPartial_literalMutationString25:testSubInPartial_literalMutationString4:testSubInPartial_literalMutationString22:testSubInPartial_literalMutationString28:testSubInPartial_literalMutationString30:testSubInPartial_literalMutationString34:testSubInPartial_literalMutationString12:testSubInPartial_literalMutationString33:testSubInPartial_literalMutationString8:testSubInPartial_literalMutationString10:testSubInPartial_literalMutationString11:testSubInPartial_literalMutationString9:testSubInPartial_literalMutationString35:testSubInPartial_literalMutationString16:testSubInPartial_literalMutationString7:testSubInPartial_literalMutationString5:testSubInPartial_literalMutationString13:testSubInPartial_literalMutationString14:testSubInPartial_literalMutationString15:testSubInPartial_literalMutationString23:testSubInPartial_literalMutationString27:testSubInPartial_literalMutationString1:testSubInPartial_literalMutationString18:testSubInPartial_literalMutationString32:testSubInPartial_literalMutationString6:testSubInPartial_remove45:testSubInPartial_remove44:testSubInPartial_remove43:testSubInPartial_add39:testSubInPartial_add40:testSubInPartial_add42:testSubInPartial_add37:testSubInPartial_add41:testSubInPartial_add38:testSubInPartialnull51:testSubInPartialnull49:testSubInPartialnull50:testSubInPartialnull48:testSubInPartialnull47:testSubInPartialnull53:testSubInPartialnull46:testSubInPartial_literalMutationString21:testSubInPartial_literalMutationString20:testSubInPartial_literalMutationString36:testSubInPartial_literalMutationString31:testSubInPartial_literalMutationString26:testSubInPartial_literalMutationString19:testSubInPartial_literalMutationString3:testSubInPartial_literalMutationString24:testSubInPartial_literalMutationString17:testSubInPartial_literalMutationString29:testSubInPartial_literalMutationString2 
Parsing --class com.github.mustachejava.ExtensionTest --tests testSubInPartial_literalMutationString25:testSubInPartial_literalMutationString4:testSubInPartial_literalMutationString22:testSubInPartial_literalMutationString28:testSubInPartial_literalMutationString30:testSubInPartial_literalMutationString34:testSubInPartial_literalMutationString12:testSubInPartial_literalMutationString33:testSubInPartial_literalMutationString8:testSubInPartial_literalMutationString10:testSubInPartial_literalMutationString11:testSubInPartial_literalMutationString9:testSubInPartial_literalMutationString35:testSubInPartial_literalMutationString16:testSubInPartial_literalMutationString7:testSubInPartial_literalMutationString5:testSubInPartial_literalMutationString13:testSubInPartial_literalMutationString14:testSubInPartial_literalMutationString15:testSubInPartial_literalMutationString23:testSubInPartial_literalMutationString27:testSubInPartial_literalMutationString1:testSubInPartial_literalMutationString18:testSubInPartial_literalMutationString32:testSubInPartial_literalMutationString6:testSubInPartial_remove45:testSubInPartial_remove44:testSubInPartial_remove43:testSubInPartial_add39:testSubInPartial_add40:testSubInPartial_add42:testSubInPartial_add37:testSubInPartial_add41:testSubInPartial_add38:testSubInPartialnull51:testSubInPartialnull49:testSubInPartialnull50:testSubInPartialnull48:testSubInPartialnull47:testSubInPartialnull53:testSubInPartialnull46:testSubInPartial_literalMutationString21:testSubInPartial_literalMutationString20:testSubInPartial_literalMutationString36:testSubInPartial_literalMutationString31:testSubInPartial_literalMutationString26:testSubInPartial_literalMutationString19:testSubInPartial_literalMutationString3:testSubInPartial_literalMutationString24:testSubInPartial_literalMutationString17:testSubInPartial_literalMutationString29:testSubInPartial_literalMutationString2
File saved to the following path: /tmp/dspot-experiments/dataset/april-2019/mustache.java_parent/compiler/target/dspot/TestResult.ser
Loading /tmp/dspot-experiments/dataset/april-2019/mustache.java_parent/compiler/target/dspot/TestResult.ser
[INFO] Test has been run: testSubInPartial_literalMutationString10,testSubInPartial_literalMutationString11,testSubInPartial_literalMutationString12,testSubInPartial_literalMutationString13,testSubInPartial_literalMutationString14,testSubInPartial_literalMutationString15,testSubInPartial_literalMutationString16,testSubInPartial_literalMutationString17,testSubInPartial_literalMutationString18,testSubInPartial_literalMutationString19,testSubInPartial_literalMutationString20,testSubInPartial_literalMutationString21,testSubInPartial_literalMutationString22,testSubInPartial_literalMutationString23,testSubInPartial_literalMutationString24,testSubInPartial_literalMutationString25,testSubInPartial_literalMutationString26,testSubInPartial_literalMutationString27,testSubInPartial_literalMutationString28,testSubInPartial_literalMutationString29,testSubInPartial_literalMutationString30,testSubInPartial_remove43,testSubInPartial_remove44,testSubInPartial_remove45,testSubInPartial_literalMutationString2,testSubInPartial_literalMutationString7,testSubInPartial_literalMutationString8,testSubInPartial_literalMutationString9,testSubInPartial_add37,testSubInPartial_add38,testSubInPartial_add39,testSubInPartial_add40,testSubInPartial_add41,testSubInPartial_add42,testSubInPartialnull47,testSubInPartialnull48,testSubInPartialnull49,testSubInPartialnull50,testSubInPartial_literalMutationString31(com.github.mustachejava.ExtensionTest): src/test/resources/su.txt (No such file or directory),testSubInPartial_literalMutationString32(com.github.mustachejava.ExtensionTest): src/test/resources/.1t1$wx (No such file or directory),testSubInPartial_literalMutationString33(com.github.mustachejava.ExtensionTest): src/test/resources (Is a directory),testSubInPartial_literalMutationString34(com.github.mustachejava.ExtensionTest): src/test/resources/page1.txt (No such file or directory),testSubInPartial_literalMutationString35(com.github.mustachejava.ExtensionTest): src/test/resources/supb.txt (No such file or directory),testSubInPartial_literalMutationString36(com.github.mustachejava.ExtensionTest): src/test/resources/aub.txt (No such file or directory),testSubInPartial_literalMutationString1(com.github.mustachejava.ExtensionTest): Template partials{ub.html not found,testSubInPartial_literalMutationString3(com.github.mustachejava.ExtensionTest): Template partialsub.tml not found,testSubInPartial_literalMutationString4(com.github.mustachejava.ExtensionTest): Template page1.txt not found,testSubInPartial_literalMutationString5(com.github.mustachejava.ExtensionTest): Template 2jM=Dc%.UfHAP%S not found,testSubInPartial_literalMutationString6(com.github.mustachejava.ExtensionTest): Template pXrtialsub.html not found,testSubInPartialnull46(com.github.mustachejava.ExtensionTest): null,testSubInPartialnull51(com.github.mustachejava.ExtensionTest): null,testSubInPartialnull53(com.github.mustachejava.ExtensionTest): null
[INFO] 38 test pass, generating assertion...
[INFO] Add observations points in passing tests.
[INFO] Instrumentation...
  2% |===================== ]/  5% |===================== ]-  7% |===================== ]\ 10% |===================== ]| 13% |===================== ]/ 15% |===================== ]- 18% |===================== ]\ 21% |===================== ]| 23% |===================== ]/ 26% |===================== ]- 28% |===================== ]\ 31% |===================== ]| 34% |===================== ]/ 36% |===================== ]- 39% |===================== ]\ 42% |===================== ]| 44% |====================== ]/ 47% |======================= ]- 50% |========================= ]\ 52% |========================== ]| 55% |=========================== ]/ 57% |============================ ]- 60% |============================== ]\ 63% |=============================== ]| 65% |================================ ]/ 68% |================================== ]- 71% |=================================== ]\ 73% |==================================== ]| 76% |====================================== ]/ 78% |======================================= ]- 81% |======================================== ]\ 84% |========================================== ]| 86% |=========================================== ]/ 89% |============================================ ]- 92% |============================================== ]\ 94% |=============================================== ]| 97% |================================================ ]/100% |================================================== ]-
[INFO] Run instrumented tests. (114)
[INFO] Compiling with -proceedOnError -encoding UTF-8 -cp /tmp/dspot-experiments/dataset/april-2019/mustache.java_parent/compiler/target/dspot/tmp_test_sources:/home/bedanglot/.m2/repository/junit/junit/4.11/junit-4.11.jar:/home/bedanglot/.m2/repository/org/hamcrest/hamcrest-core/1.3/hamcrest-core-1.3.jar:/home/bedanglot/.m2/repository/com/fasterxml/jackson/core/jackson-databind/2.7.4/jackson-databind-2.7.4.jar:/home/bedanglot/.m2/repository/com/fasterxml/jackson/core/jackson-annotations/2.7.0/jackson-annotations-2.7.0.jar:/home/bedanglot/.m2/repository/com/fasterxml/jackson/core/jackson-core/2.7.4/jackson-core-2.7.4.jar:/home/bedanglot/.m2/repository/com/fasterxml/jackson/dataformat/jackson-dataformat-yaml/2.7.4/jackson-dataformat-yaml-2.7.4.jar:/home/bedanglot/.m2/repository/org/yaml/snakeyaml/1.15/snakeyaml-1.15.jar:/tmp/dspot-experiments/dataset/april-2019/mustache.java_parent/compiler/target/classes/:/tmp/dspot-experiments/dataset/april-2019/mustache.java_parent/compiler/target/test-classes/:/tmp/dspot-experiments/dataset/april-2019/mustache.java_parent/compiler/target/dspot/dependencies/: -d /tmp/dspot-experiments/dataset/april-2019/mustache.java_parent/compiler/target/test-classes -1.8 -preserveAllLocals -noExit -enableJavadoc -proc:none /tmp/dspot-experiments/dataset/april-2019/mustache.java_parent/compiler/target/dspot/tmp_test_sources/com/github/mustachejava/ExtensionTest.java
[INFO] Run: java -classpath /tmp/dspot-experiments/dataset/april-2019/mustache.java_parent/compiler/target/classes/:/tmp/dspot-experiments/dataset/april-2019/mustache.java_parent/compiler/target/test-classes:/home/bedanglot/.m2/repository/junit/junit/4.11/junit-4.11.jar:/home/bedanglot/.m2/repository/org/hamcrest/hamcrest-core/1.3/hamcrest-core-1.3.jar:/home/bedanglot/.m2/repository/com/fasterxml/jackson/core/jackson-databind/2.7.4/jackson-databind-2.7.4.jar:/home/bedanglot/.m2/repository/com/fasterxml/jackson/core/jackson-annotations/2.7.0/jackson-annotations-2.7.0.jar:/home/bedanglot/.m2/repository/com/fasterxml/jackson/core/jackson-core/2.7.4/jackson-core-2.7.4.jar:/home/bedanglot/.m2/repository/com/fasterxml/jackson/dataformat/jackson-dataformat-yaml/2.7.4/jackson-dataformat-yaml-2.7.4.jar:/home/bedanglot/.m2/repository/org/yaml/snakeyaml/1.15/snakeyaml-1.15.jar:/tmp/dspot-experiments/dataset/april-2019/mustache.java_parent/compiler/target/dspot/dependencies/:/home/bedanglot/.m2/repository/eu/stamp-project/test-runner/2.0.7/test-runner-2.0.7-jar-with-dependencies.jar eu.stamp_project.testrunner.runner.JUnit4Runner --class com.github.mustachejava.ExtensionTest --tests testSubInPartial_literalMutationString25_withlog0:testSubInPartial_literalMutationString22_withlog0:testSubInPartial_literalMutationString28_withlog0:testSubInPartial_literalMutationString30_withlog0:testSubInPartial_literalMutationString12_withlog0:testSubInPartial_literalMutationString8_withlog0:testSubInPartial_literalMutationString10_withlog0:testSubInPartial_literalMutationString11_withlog0:testSubInPartial_literalMutationString9_withlog0:testSubInPartial_literalMutationString16_withlog0:testSubInPartial_literalMutationString7_withlog0:testSubInPartial_literalMutationString13_withlog0:testSubInPartial_literalMutationString14_withlog0:testSubInPartial_literalMutationString15_withlog0:testSubInPartial_literalMutationString23_withlog0:testSubInPartial_literalMutationString27_withlog0:testSubInPartial_literalMutationString18_withlog0:testSubInPartial_remove45_withlog0:testSubInPartial_remove44_withlog0:testSubInPartial_remove43_withlog0:testSubInPartial_add39_withlog0:testSubInPartial_add40_withlog0:testSubInPartial_add42_withlog0:testSubInPartial_add37_withlog0:testSubInPartial_add41_withlog0:testSubInPartial_add38_withlog0:testSubInPartialnull49_withlog0:testSubInPartialnull50_withlog0:testSubInPartialnull48_withlog0:testSubInPartialnull47_withlog0:testSubInPartial_literalMutationString21_withlog0:testSubInPartial_literalMutationString20_withlog0:testSubInPartial_literalMutationString26_withlog0:testSubInPartial_literalMutationString19_withlog0:testSubInPartial_literalMutationString24_withlog0:testSubInPartial_literalMutationString17_withlog0:testSubInPartial_literalMutationString29_withlog0:testSubInPartial_literalMutationString2_withlog0:testSubInPartial_literalMutationString25_withlog1:testSubInPartial_literalMutationString22_withlog1:testSubInPartial_literalMutationString28_withlog1:testSubInPartial_literalMutationString30_withlog1:testSubInPartial_literalMutationString12_withlog1:testSubInPartial_literalMutationString8_withlog1:testSubInPartial_literalMutationString10_withlog1:testSubInPartial_literalMutationString11_withlog1:testSubInPartial_literalMutationString9_withlog1:testSubInPartial_literalMutationString16_withlog1:testSubInPartial_literalMutationString7_withlog1:testSubInPartial_literalMutationString13_withlog1:testSubInPartial_literalMutationString14_withlog1:testSubInPartial_literalMutationString15_withlog1:testSubInPartial_literalMutationString23_withlog1:testSubInPartial_literalMutationString27_withlog1:testSubInPartial_literalMutationString18_withlog1:testSubInPartial_remove45_withlog1:testSubInPartial_remove44_withlog1:testSubInPartial_remove43_withlog1:testSubInPartial_add39_withlog1:testSubInPartial_add40_withlog1:testSubInPartial_add42_withlog1:testSubInPartial_add37_withlog1:testSubInPartial_add41_withlog1:testSubInPartial_add38_withlog1:testSubInPartialnull49_withlog1:testSubInPartialnull50_withlog1:testSubInPartialnull48_withlog1:testSubInPartialnull47_withlog1:testSubInPartial_literalMutationString21_withlog1:testSubInPartial_literalMutationString20_withlog1:testSubInPartial_literalMutationString26_withlog1:testSubInPartial_literalMutationString19_withlog1:testSubInPartial_literalMutationString24_withlog1:testSubInPartial_literalMutationString17_withlog1:testSubInPartial_literalMutationString29_withlog1:testSubInPartial_literalMutationString2_withlog1:testSubInPartial_literalMutationString25_withlog2:testSubInPartial_literalMutationString22_withlog2:testSubInPartial_literalMutationString28_withlog2:testSubInPartial_literalMutationString30_withlog2:testSubInPartial_literalMutationString12_withlog2:testSubInPartial_literalMutationString8_withlog2:testSubInPartial_literalMutationString10_withlog2:testSubInPartial_literalMutationString11_withlog2:testSubInPartial_literalMutationString9_withlog2:testSubInPartial_literalMutationString16_withlog2:testSubInPartial_literalMutationString7_withlog2:testSubInPartial_literalMutationString13_withlog2:testSubInPartial_literalMutationString14_withlog2:testSubInPartial_literalMutationString15_withlog2:testSubInPartial_literalMutationString23_withlog2:testSubInPartial_literalMutationString27_withlog2:testSubInPartial_literalMutationString18_withlog2:testSubInPartial_remove45_withlog2:testSubInPartial_remove44_withlog2:testSubInPartial_remove43_withlog2:testSubInPartial_add39_withlog2:testSubInPartial_add40_withlog2:testSubInPartial_add42_withlog2:testSubInPartial_add37_withlog2:testSubInPartial_add41_withlog2:testSubInPartial_add38_withlog2:testSubInPartialnull49_withlog2:testSubInPartialnull50_withlog2:testSubInPartialnull48_withlog2:testSubInPartialnull47_withlog2:testSubInPartial_literalMutationString21_withlog2:testSubInPartial_literalMutationString20_withlog2:testSubInPartial_literalMutationString26_withlog2:testSubInPartial_literalMutationString19_withlog2:testSubInPartial_literalMutationString24_withlog2:testSubInPartial_literalMutationString17_withlog2:testSubInPartial_literalMutationString29_withlog2:testSubInPartial_literalMutationString2_withlog2 
Parsing --class com.github.mustachejava.ExtensionTest --tests testSubInPartial_literalMutationString25_withlog0:testSubInPartial_literalMutationString22_withlog0:testSubInPartial_literalMutationString28_withlog0:testSubInPartial_literalMutationString30_withlog0:testSubInPartial_literalMutationString12_withlog0:testSubInPartial_literalMutationString8_withlog0:testSubInPartial_literalMutationString10_withlog0:testSubInPartial_literalMutationString11_withlog0:testSubInPartial_literalMutationString9_withlog0:testSubInPartial_literalMutationString16_withlog0:testSubInPartial_literalMutationString7_withlog0:testSubInPartial_literalMutationString13_withlog0:testSubInPartial_literalMutationString14_withlog0:testSubInPartial_literalMutationString15_withlog0:testSubInPartial_literalMutationString23_withlog0:testSubInPartial_literalMutationString27_withlog0:testSubInPartial_literalMutationString18_withlog0:testSubInPartial_remove45_withlog0:testSubInPartial_remove44_withlog0:testSubInPartial_remove43_withlog0:testSubInPartial_add39_withlog0:testSubInPartial_add40_withlog0:testSubInPartial_add42_withlog0:testSubInPartial_add37_withlog0:testSubInPartial_add41_withlog0:testSubInPartial_add38_withlog0:testSubInPartialnull49_withlog0:testSubInPartialnull50_withlog0:testSubInPartialnull48_withlog0:testSubInPartialnull47_withlog0:testSubInPartial_literalMutationString21_withlog0:testSubInPartial_literalMutationString20_withlog0:testSubInPartial_literalMutationString26_withlog0:testSubInPartial_literalMutationString19_withlog0:testSubInPartial_literalMutationString24_withlog0:testSubInPartial_literalMutationString17_withlog0:testSubInPartial_literalMutationString29_withlog0:testSubInPartial_literalMutationString2_withlog0:testSubInPartial_literalMutationString25_withlog1:testSubInPartial_literalMutationString22_withlog1:testSubInPartial_literalMutationString28_withlog1:testSubInPartial_literalMutationString30_withlog1:testSubInPartial_literalMutationString12_withlog1:testSubInPartial_literalMutationString8_withlog1:testSubInPartial_literalMutationString10_withlog1:testSubInPartial_literalMutationString11_withlog1:testSubInPartial_literalMutationString9_withlog1:testSubInPartial_literalMutationString16_withlog1:testSubInPartial_literalMutationString7_withlog1:testSubInPartial_literalMutationString13_withlog1:testSubInPartial_literalMutationString14_withlog1:testSubInPartial_literalMutationString15_withlog1:testSubInPartial_literalMutationString23_withlog1:testSubInPartial_literalMutationString27_withlog1:testSubInPartial_literalMutationString18_withlog1:testSubInPartial_remove45_withlog1:testSubInPartial_remove44_withlog1:testSubInPartial_remove43_withlog1:testSubInPartial_add39_withlog1:testSubInPartial_add40_withlog1:testSubInPartial_add42_withlog1:testSubInPartial_add37_withlog1:testSubInPartial_add41_withlog1:testSubInPartial_add38_withlog1:testSubInPartialnull49_withlog1:testSubInPartialnull50_withlog1:testSubInPartialnull48_withlog1:testSubInPartialnull47_withlog1:testSubInPartial_literalMutationString21_withlog1:testSubInPartial_literalMutationString20_withlog1:testSubInPartial_literalMutationString26_withlog1:testSubInPartial_literalMutationString19_withlog1:testSubInPartial_literalMutationString24_withlog1:testSubInPartial_literalMutationString17_withlog1:testSubInPartial_literalMutationString29_withlog1:testSubInPartial_literalMutationString2_withlog1:testSubInPartial_literalMutationString25_withlog2:testSubInPartial_literalMutationString22_withlog2:testSubInPartial_literalMutationString28_withlog2:testSubInPartial_literalMutationString30_withlog2:testSubInPartial_literalMutationString12_withlog2:testSubInPartial_literalMutationString8_withlog2:testSubInPartial_literalMutationString10_withlog2:testSubInPartial_literalMutationString11_withlog2:testSubInPartial_literalMutationString9_withlog2:testSubInPartial_literalMutationString16_withlog2:testSubInPartial_literalMutationString7_withlog2:testSubInPartial_literalMutationString13_withlog2:testSubInPartial_literalMutationString14_withlog2:testSubInPartial_literalMutationString15_withlog2:testSubInPartial_literalMutationString23_withlog2:testSubInPartial_literalMutationString27_withlog2:testSubInPartial_literalMutationString18_withlog2:testSubInPartial_remove45_withlog2:testSubInPartial_remove44_withlog2:testSubInPartial_remove43_withlog2:testSubInPartial_add39_withlog2:testSubInPartial_add40_withlog2:testSubInPartial_add42_withlog2:testSubInPartial_add37_withlog2:testSubInPartial_add41_withlog2:testSubInPartial_add38_withlog2:testSubInPartialnull49_withlog2:testSubInPartialnull50_withlog2:testSubInPartialnull48_withlog2:testSubInPartialnull47_withlog2:testSubInPartial_literalMutationString21_withlog2:testSubInPartial_literalMutationString20_withlog2:testSubInPartial_literalMutationString26_withlog2:testSubInPartial_literalMutationString19_withlog2:testSubInPartial_literalMutationString24_withlog2:testSubInPartial_literalMutationString17_withlog2:testSubInPartial_literalMutationString29_withlog2:testSubInPartial_literalMutationString2_withlog2
File saved to the following path: /tmp/dspot-experiments/dataset/april-2019/mustache.java_parent/compiler/target/dspot/observations.ser
File saved to the following path: /tmp/dspot-experiments/dataset/april-2019/mustache.java_parent/compiler/target/dspot/TestResult.ser
Loading /tmp/dspot-experiments/dataset/april-2019/mustache.java_parent/compiler/target/dspot/TestResult.ser
[INFO] Test has been run: testSubInPartial_literalMutationString13_withlog0,testSubInPartial_literalMutationString13_withlog1,testSubInPartial_literalMutationString13_withlog2,testSubInPartial_literalMutationString8_withlog0,testSubInPartial_literalMutationString8_withlog1,testSubInPartial_literalMutationString8_withlog2,testSubInPartial_literalMutationString12_withlog0,testSubInPartial_literalMutationString12_withlog1,testSubInPartial_literalMutationString12_withlog2,testSubInPartial_add42_withlog0,testSubInPartial_add42_withlog1,testSubInPartial_add42_withlog2,testSubInPartial_literalMutationString7_withlog0,testSubInPartial_literalMutationString7_withlog1,testSubInPartial_literalMutationString7_withlog2,testSubInPartial_remove45_withlog0,testSubInPartial_remove45_withlog1,testSubInPartial_remove45_withlog2,testSubInPartial_literalMutationString11_withlog0,testSubInPartial_literalMutationString11_withlog1,testSubInPartial_literalMutationString11_withlog2,testSubInPartial_add41_withlog0,testSubInPartial_add41_withlog1,testSubInPartial_add41_withlog2,testSubInPartial_remove44_withlog0,testSubInPartial_remove44_withlog1,testSubInPartial_remove44_withlog2,testSubInPartial_literalMutationString10_withlog0,testSubInPartial_literalMutationString10_withlog1,testSubInPartial_literalMutationString10_withlog2,testSubInPartial_add40_withlog0,testSubInPartial_add40_withlog1,testSubInPartial_add40_withlog2,testSubInPartial_add39_withlog0,testSubInPartial_add39_withlog1,testSubInPartial_add39_withlog2,testSubInPartial_remove43_withlog0,testSubInPartial_remove43_withlog1,testSubInPartial_remove43_withlog2,testSubInPartial_add38_withlog0,testSubInPartial_add38_withlog1,testSubInPartial_add38_withlog2,testSubInPartial_add37_withlog0,testSubInPartial_add37_withlog1,testSubInPartial_add37_withlog2,testSubInPartial_literalMutationString2_withlog0,testSubInPartial_literalMutationString2_withlog1,testSubInPartial_literalMutationString2_withlog2,testSubInPartial_literalMutationString30_withlog0,testSubInPartial_literalMutationString30_withlog1,testSubInPartial_literalMutationString30_withlog2,testSubInPartial_literalMutationString29_withlog0,testSubInPartial_literalMutationString29_withlog1,testSubInPartial_literalMutationString29_withlog2,testSubInPartialnull50_withlog0,testSubInPartialnull50_withlog1,testSubInPartialnull50_withlog2,testSubInPartialnull49_withlog0,testSubInPartialnull49_withlog1,testSubInPartialnull49_withlog2,testSubInPartial_literalMutationString28_withlog0,testSubInPartial_literalMutationString28_withlog1,testSubInPartial_literalMutationString28_withlog2,testSubInPartialnull48_withlog0,testSubInPartialnull48_withlog1,testSubInPartialnull48_withlog2,testSubInPartial_literalMutationString27_withlog0,testSubInPartial_literalMutationString27_withlog1,testSubInPartial_literalMutationString27_withlog2,testSubInPartialnull47_withlog0,testSubInPartialnull47_withlog1,testSubInPartialnull47_withlog2,testSubInPartial_literalMutationString26_withlog0,testSubInPartial_literalMutationString26_withlog1,testSubInPartial_literalMutationString26_withlog2,testSubInPartial_literalMutationString25_withlog0,testSubInPartial_literalMutationString25_withlog1,testSubInPartial_literalMutationString25_withlog2,testSubInPartial_literalMutationString24_withlog0,testSubInPartial_literalMutationString24_withlog1,testSubInPartial_literalMutationString24_withlog2,testSubInPartial_literalMutationString23_withlog0,testSubInPartial_literalMutationString23_withlog1,testSubInPartial_literalMutationString23_withlog2,testSubInPartial_literalMutationString22_withlog0,testSubInPartial_literalMutationString22_withlog1,testSubInPartial_literalMutationString22_withlog2,testSubInPartial_literalMutationString21_withlog0,testSubInPartial_literalMutationString21_withlog1,testSubInPartial_literalMutationString21_withlog2,testSubInPartial_literalMutationString20_withlog0,testSubInPartial_literalMutationString20_withlog1,testSubInPartial_literalMutationString20_withlog2,testSubInPartial_literalMutationString19_withlog0,testSubInPartial_literalMutationString19_withlog1,testSubInPartial_literalMutationString19_withlog2,testSubInPartial_literalMutationString18_withlog0,testSubInPartial_literalMutationString18_withlog1,testSubInPartial_literalMutationString18_withlog2,testSubInPartial_literalMutationString17_withlog0,testSubInPartial_literalMutationString17_withlog1,testSubInPartial_literalMutationString17_withlog2,testSubInPartial_literalMutationString16_withlog0,testSubInPartial_literalMutationString16_withlog1,testSubInPartial_literalMutationString16_withlog2,testSubInPartial_literalMutationString15_withlog0,testSubInPartial_literalMutationString15_withlog1,testSubInPartial_literalMutationString15_withlog2,testSubInPartial_literalMutationString14_withlog0,testSubInPartial_literalMutationString14_withlog1,testSubInPartial_literalMutationString14_withlog2,testSubInPartial_literalMutationString9_withlog0,testSubInPartial_literalMutationString9_withlog1,testSubInPartial_literalMutationString9_withlog2
[INFO] Generating assertions...
[INFO] 14 test fail, generating try/catch/fail blocks...
[INFO] 52 new tests with assertions generated
[INFO] Compiling with -proceedOnError -encoding UTF-8 -cp /tmp/dspot-experiments/dataset/april-2019/mustache.java_parent/compiler/target/dspot/tmp_test_sources:/home/bedanglot/.m2/repository/junit/junit/4.11/junit-4.11.jar:/home/bedanglot/.m2/repository/org/hamcrest/hamcrest-core/1.3/hamcrest-core-1.3.jar:/home/bedanglot/.m2/repository/com/fasterxml/jackson/core/jackson-databind/2.7.4/jackson-databind-2.7.4.jar:/home/bedanglot/.m2/repository/com/fasterxml/jackson/core/jackson-annotations/2.7.0/jackson-annotations-2.7.0.jar:/home/bedanglot/.m2/repository/com/fasterxml/jackson/core/jackson-core/2.7.4/jackson-core-2.7.4.jar:/home/bedanglot/.m2/repository/com/fasterxml/jackson/dataformat/jackson-dataformat-yaml/2.7.4/jackson-dataformat-yaml-2.7.4.jar:/home/bedanglot/.m2/repository/org/yaml/snakeyaml/1.15/snakeyaml-1.15.jar:/tmp/dspot-experiments/dataset/april-2019/mustache.java_parent/compiler/target/classes/:/tmp/dspot-experiments/dataset/april-2019/mustache.java_parent/compiler/target/test-classes/:/tmp/dspot-experiments/dataset/april-2019/mustache.java_parent/compiler/target/dspot/dependencies/: -d /tmp/dspot-experiments/dataset/april-2019/mustache.java_parent/compiler/target/test-classes -1.8 -preserveAllLocals -noExit -enableJavadoc -proc:none /tmp/dspot-experiments/dataset/april-2019/mustache.java_parent/compiler/target/dspot/tmp_test_sources/com/github/mustachejava/ExtensionTest.java
[INFO] Run: java -classpath /tmp/dspot-experiments/dataset/april-2019/mustache.java_parent/compiler/target/classes/:/tmp/dspot-experiments/dataset/april-2019/mustache.java_parent/compiler/target/test-classes:/home/bedanglot/.m2/repository/junit/junit/4.11/junit-4.11.jar:/home/bedanglot/.m2/repository/org/hamcrest/hamcrest-core/1.3/hamcrest-core-1.3.jar:/home/bedanglot/.m2/repository/com/fasterxml/jackson/core/jackson-databind/2.7.4/jackson-databind-2.7.4.jar:/home/bedanglot/.m2/repository/com/fasterxml/jackson/core/jackson-annotations/2.7.0/jackson-annotations-2.7.0.jar:/home/bedanglot/.m2/repository/com/fasterxml/jackson/core/jackson-core/2.7.4/jackson-core-2.7.4.jar:/home/bedanglot/.m2/repository/com/fasterxml/jackson/dataformat/jackson-dataformat-yaml/2.7.4/jackson-dataformat-yaml-2.7.4.jar:/home/bedanglot/.m2/repository/org/yaml/snakeyaml/1.15/snakeyaml-1.15.jar:/tmp/dspot-experiments/dataset/april-2019/mustache.java_parent/compiler/target/dspot/dependencies/:/home/bedanglot/.m2/repository/eu/stamp-project/test-runner/2.0.7/test-runner-2.0.7-jar-with-dependencies.jar eu.stamp_project.testrunner.runner.JUnit4Runner --class com.github.mustachejava.ExtensionTest --tests testSubInPartial_literalMutationString25:testSubInPartial_literalMutationString22:testSubInPartial_literalMutationString28:testSubInPartial_literalMutationString30:testSubInPartial_literalMutationString12:testSubInPartial_literalMutationString8:testSubInPartial_literalMutationString10:testSubInPartial_literalMutationString11:testSubInPartial_literalMutationString9:testSubInPartial_literalMutationString16:testSubInPartial_literalMutationString7:testSubInPartial_literalMutationString13:testSubInPartial_literalMutationString14:testSubInPartial_literalMutationString15:testSubInPartial_literalMutationString23:testSubInPartial_literalMutationString27:testSubInPartial_literalMutationString18:testSubInPartial_remove45:testSubInPartial_remove44:testSubInPartial_remove43:testSubInPartial_add39:testSubInPartial_add40:testSubInPartial_add42:testSubInPartial_add37:testSubInPartial_add41:testSubInPartial_add38:testSubInPartialnull49:testSubInPartialnull50:testSubInPartialnull48:testSubInPartialnull47:testSubInPartial_literalMutationString21:testSubInPartial_literalMutationString20:testSubInPartial_literalMutationString26:testSubInPartial_literalMutationString19:testSubInPartial_literalMutationString24:testSubInPartial_literalMutationString17:testSubInPartial_literalMutationString29:testSubInPartial_literalMutationString2:testSubInPartial_literalMutationString4_failAssert0:testSubInPartial_literalMutationString34_failAssert0:testSubInPartial_literalMutationString33_failAssert0:testSubInPartial_literalMutationString35_failAssert0:testSubInPartial_literalMutationString5_failAssert0:testSubInPartial_literalMutationString1_failAssert0:testSubInPartial_literalMutationString32_failAssert0:testSubInPartial_literalMutationString6_failAssert0:testSubInPartialnull51_failAssert0:testSubInPartialnull53_failAssert0:testSubInPartialnull46_failAssert0:testSubInPartial_literalMutationString36_failAssert0:testSubInPartial_literalMutationString31_failAssert0:testSubInPartial_literalMutationString3_failAssert0 
Parsing --class com.github.mustachejava.ExtensionTest --tests testSubInPartial_literalMutationString25:testSubInPartial_literalMutationString22:testSubInPartial_literalMutationString28:testSubInPartial_literalMutationString30:testSubInPartial_literalMutationString12:testSubInPartial_literalMutationString8:testSubInPartial_literalMutationString10:testSubInPartial_literalMutationString11:testSubInPartial_literalMutationString9:testSubInPartial_literalMutationString16:testSubInPartial_literalMutationString7:testSubInPartial_literalMutationString13:testSubInPartial_literalMutationString14:testSubInPartial_literalMutationString15:testSubInPartial_literalMutationString23:testSubInPartial_literalMutationString27:testSubInPartial_literalMutationString18:testSubInPartial_remove45:testSubInPartial_remove44:testSubInPartial_remove43:testSubInPartial_add39:testSubInPartial_add40:testSubInPartial_add42:testSubInPartial_add37:testSubInPartial_add41:testSubInPartial_add38:testSubInPartialnull49:testSubInPartialnull50:testSubInPartialnull48:testSubInPartialnull47:testSubInPartial_literalMutationString21:testSubInPartial_literalMutationString20:testSubInPartial_literalMutationString26:testSubInPartial_literalMutationString19:testSubInPartial_literalMutationString24:testSubInPartial_literalMutationString17:testSubInPartial_literalMutationString29:testSubInPartial_literalMutationString2:testSubInPartial_literalMutationString4_failAssert0:testSubInPartial_literalMutationString34_failAssert0:testSubInPartial_literalMutationString33_failAssert0:testSubInPartial_literalMutationString35_failAssert0:testSubInPartial_literalMutationString5_failAssert0:testSubInPartial_literalMutationString1_failAssert0:testSubInPartial_literalMutationString32_failAssert0:testSubInPartial_literalMutationString6_failAssert0:testSubInPartialnull51_failAssert0:testSubInPartialnull53_failAssert0:testSubInPartialnull46_failAssert0:testSubInPartial_literalMutationString36_failAssert0:testSubInPartial_literalMutationString31_failAssert0:testSubInPartial_literalMutationString3_failAssert0
File saved to the following path: /tmp/dspot-experiments/dataset/april-2019/mustache.java_parent/compiler/target/dspot/TestResult.ser
Loading /tmp/dspot-experiments/dataset/april-2019/mustache.java_parent/compiler/target/dspot/TestResult.ser
[INFO] Test has been run: testSubInPartial_literalMutationString33_failAssert0,testSubInPartial_literalMutationString10,testSubInPartial_literalMutationString11,testSubInPartial_literalMutationString12,testSubInPartial_literalMutationString13,testSubInPartial_literalMutationString14,testSubInPartial_literalMutationString15,testSubInPartial_literalMutationString16,testSubInPartial_literalMutationString17,testSubInPartial_literalMutationString18,testSubInPartial_literalMutationString19,testSubInPartial_literalMutationString20,testSubInPartial_literalMutationString21,testSubInPartial_literalMutationString22,testSubInPartial_literalMutationString23,testSubInPartial_literalMutationString24,testSubInPartial_literalMutationString25,testSubInPartial_literalMutationString26,testSubInPartial_literalMutationString27,testSubInPartial_literalMutationString28,testSubInPartial_literalMutationString29,testSubInPartial_literalMutationString30,testSubInPartial_literalMutationString32_failAssert0,testSubInPartial_literalMutationString31_failAssert0,testSubInPartial_remove43,testSubInPartial_remove44,testSubInPartial_remove45,testSubInPartial_literalMutationString6_failAssert0,testSubInPartial_literalMutationString5_failAssert0,testSubInPartial_literalMutationString4_failAssert0,testSubInPartial_literalMutationString3_failAssert0,testSubInPartial_literalMutationString2,testSubInPartial_literalMutationString7,testSubInPartial_literalMutationString8,testSubInPartial_literalMutationString9,testSubInPartialnull46_failAssert0,testSubInPartialnull53_failAssert0,testSubInPartial_literalMutationString1_failAssert0,testSubInPartialnull51_failAssert0,testSubInPartial_literalMutationString36_failAssert0,testSubInPartial_add37,testSubInPartial_add38,testSubInPartial_add39,testSubInPartial_add40,testSubInPartial_add41,testSubInPartial_add42,testSubInPartial_literalMutationString35_failAssert0,testSubInPartialnull47,testSubInPartialnull48,testSubInPartialnull49,testSubInPartialnull50,testSubInPartial_literalMutationString34_failAssert0
[INFO] Assertion amplification: 52 test method(s) has been successfully amplified.
[WARN] 2019-05-24 14:11:01 Launcher - You specified the directory /tmp/dspot-experiments/dataset/april-2019/mustache.java/compiler/target/classes in source classpath, please note that only class files will be considered. Jars and subdirectories will be ignored.
[WARN] 2019-05-24 14:11:01 Launcher - You specified the directory /tmp/dspot-experiments/dataset/april-2019/mustache.java/compiler/target/test-classes in source classpath, please note that only class files will be considered. Jars and subdirectories will be ignored.
[WARN] 2019-05-24 14:11:01 Launcher - You specified the directory /tmp/dspot-experiments/dataset/april-2019/mustache.java/compiler/target/dspot/dependencies in source classpath, please note that only class files will be considered. Jars and subdirectories will be ignored.
[INFO] Run: java -classpath /tmp/dspot-experiments/dataset/april-2019/mustache.java/compiler/target/classes/:/tmp/dspot-experiments/dataset/april-2019/mustache.java/compiler/target/test-classes/:/home/bedanglot/.m2/repository/junit/junit/4.11/junit-4.11.jar:/home/bedanglot/.m2/repository/org/hamcrest/hamcrest-core/1.3/hamcrest-core-1.3.jar:/home/bedanglot/.m2/repository/com/fasterxml/jackson/core/jackson-databind/2.7.4/jackson-databind-2.7.4.jar:/home/bedanglot/.m2/repository/com/fasterxml/jackson/core/jackson-annotations/2.7.0/jackson-annotations-2.7.0.jar:/home/bedanglot/.m2/repository/com/fasterxml/jackson/core/jackson-core/2.7.4/jackson-core-2.7.4.jar:/home/bedanglot/.m2/repository/com/fasterxml/jackson/dataformat/jackson-dataformat-yaml/2.7.4/jackson-dataformat-yaml-2.7.4.jar:/home/bedanglot/.m2/repository/org/yaml/snakeyaml/1.15/snakeyaml-1.15.jar:/tmp/dspot-experiments/dataset/april-2019/mustache.java/compiler/target/dspot/dependencies/:/home/bedanglot/.m2/repository/eu/stamp-project/test-runner/2.0.7/test-runner-2.0.7-jar-with-dependencies.jar eu.stamp_project.testrunner.runner.JUnit4Runner --class com.github.mustachejava.ExtensionTest --tests testSubInPartial_literalMutationString25:testSubInPartial_literalMutationString22:testSubInPartial_literalMutationString28:testSubInPartial_literalMutationString30:testSubInPartial_literalMutationString12:testSubInPartial_literalMutationString8:testSubInPartial_literalMutationString10:testSubInPartial_literalMutationString11:testSubInPartial_literalMutationString9:testSubInPartial_literalMutationString16:testSubInPartial_literalMutationString7:testSubInPartial_literalMutationString13:testSubInPartial_literalMutationString14:testSubInPartial_literalMutationString15:testSubInPartial_literalMutationString23:testSubInPartial_literalMutationString27:testSubInPartial_literalMutationString18:testSubInPartial_remove45:testSubInPartial_remove44:testSubInPartial_remove43:testSubInPartial_add39:testSubInPartial_add40:testSubInPartial_add42:testSubInPartial_add37:testSubInPartial_add41:testSubInPartial_add38:testSubInPartialnull49:testSubInPartialnull50:testSubInPartialnull48:testSubInPartialnull47:testSubInPartial_literalMutationString21:testSubInPartial_literalMutationString20:testSubInPartial_literalMutationString26:testSubInPartial_literalMutationString19:testSubInPartial_literalMutationString24:testSubInPartial_literalMutationString17:testSubInPartial_literalMutationString29:testSubInPartial_literalMutationString2:testSubInPartial_literalMutationString4_failAssert0:testSubInPartial_literalMutationString34_failAssert0:testSubInPartial_literalMutationString33_failAssert0:testSubInPartial_literalMutationString35_failAssert0:testSubInPartial_literalMutationString5_failAssert0:testSubInPartial_literalMutationString1_failAssert0:testSubInPartial_literalMutationString32_failAssert0:testSubInPartial_literalMutationString6_failAssert0:testSubInPartialnull51_failAssert0:testSubInPartialnull53_failAssert0:testSubInPartialnull46_failAssert0:testSubInPartial_literalMutationString36_failAssert0:testSubInPartial_literalMutationString31_failAssert0:testSubInPartial_literalMutationString3_failAssert0 
Parsing --class com.github.mustachejava.ExtensionTest --tests testSubInPartial_literalMutationString25:testSubInPartial_literalMutationString22:testSubInPartial_literalMutationString28:testSubInPartial_literalMutationString30:testSubInPartial_literalMutationString12:testSubInPartial_literalMutationString8:testSubInPartial_literalMutationString10:testSubInPartial_literalMutationString11:testSubInPartial_literalMutationString9:testSubInPartial_literalMutationString16:testSubInPartial_literalMutationString7:testSubInPartial_literalMutationString13:testSubInPartial_literalMutationString14:testSubInPartial_literalMutationString15:testSubInPartial_literalMutationString23:testSubInPartial_literalMutationString27:testSubInPartial_literalMutationString18:testSubInPartial_remove45:testSubInPartial_remove44:testSubInPartial_remove43:testSubInPartial_add39:testSubInPartial_add40:testSubInPartial_add42:testSubInPartial_add37:testSubInPartial_add41:testSubInPartial_add38:testSubInPartialnull49:testSubInPartialnull50:testSubInPartialnull48:testSubInPartialnull47:testSubInPartial_literalMutationString21:testSubInPartial_literalMutationString20:testSubInPartial_literalMutationString26:testSubInPartial_literalMutationString19:testSubInPartial_literalMutationString24:testSubInPartial_literalMutationString17:testSubInPartial_literalMutationString29:testSubInPartial_literalMutationString2:testSubInPartial_literalMutationString4_failAssert0:testSubInPartial_literalMutationString34_failAssert0:testSubInPartial_literalMutationString33_failAssert0:testSubInPartial_literalMutationString35_failAssert0:testSubInPartial_literalMutationString5_failAssert0:testSubInPartial_literalMutationString1_failAssert0:testSubInPartial_literalMutationString32_failAssert0:testSubInPartial_literalMutationString6_failAssert0:testSubInPartialnull51_failAssert0:testSubInPartialnull53_failAssert0:testSubInPartialnull46_failAssert0:testSubInPartial_literalMutationString36_failAssert0:testSubInPartial_literalMutationString31_failAssert0:testSubInPartial_literalMutationString3_failAssert0
File saved to the following path: /tmp/dspot-experiments/dataset/april-2019/mustache.java_parent/compiler/target/dspot/TestResult.ser
Loading /tmp/dspot-experiments/dataset/april-2019/mustache.java_parent/compiler/target/dspot/TestResult.ser
[INFO] Test has been run: testSubInPartial_literalMutationString33_failAssert0,testSubInPartial_literalMutationString10,testSubInPartial_literalMutationString11,testSubInPartial_literalMutationString12,testSubInPartial_literalMutationString13,testSubInPartial_literalMutationString14,testSubInPartial_literalMutationString15,testSubInPartial_literalMutationString16,testSubInPartial_literalMutationString17,testSubInPartial_literalMutationString18,testSubInPartial_literalMutationString19,testSubInPartial_literalMutationString20,testSubInPartial_literalMutationString21,testSubInPartial_literalMutationString22,testSubInPartial_literalMutationString23,testSubInPartial_literalMutationString24,testSubInPartial_literalMutationString25,testSubInPartial_literalMutationString26,testSubInPartial_literalMutationString27,testSubInPartial_literalMutationString28,testSubInPartial_literalMutationString29,testSubInPartial_literalMutationString30,testSubInPartial_literalMutationString32_failAssert0,testSubInPartial_literalMutationString31_failAssert0,testSubInPartial_remove43,testSubInPartial_remove44,testSubInPartial_remove45,testSubInPartial_literalMutationString6_failAssert0,testSubInPartial_literalMutationString4_failAssert0,testSubInPartial_literalMutationString3_failAssert0,testSubInPartial_literalMutationString2,testSubInPartial_literalMutationString7,testSubInPartial_literalMutationString8,testSubInPartial_literalMutationString9,testSubInPartialnull46_failAssert0,testSubInPartialnull53_failAssert0,testSubInPartialnull51_failAssert0,testSubInPartial_literalMutationString36_failAssert0,testSubInPartial_add37,testSubInPartial_add38,testSubInPartial_add39,testSubInPartial_add40,testSubInPartial_add41,testSubInPartial_add42,testSubInPartial_literalMutationString35_failAssert0,testSubInPartialnull47,testSubInPartialnull48,testSubInPartialnull49,testSubInPartialnull50,testSubInPartial_literalMutationString34_failAssert0,testSubInPartial_literalMutationString5_failAssert0(com.github.mustachejava.ExtensionTest): Malformed escape pair at index 6: 2jM=Dc%.UfHAP%S,testSubInPartial_literalMutationString1_failAssert0(com.github.mustachejava.ExtensionTest): Illegal character in path at index 8: partials{ub.html
[INFO] 2 amplified test methods has been selected to be kept.
[INFO] 0 amplified test methods has been selected to be kept. (global: 2)
[INFO] Amplification of testSubSub, (2/6)
[INFO] iteration 0 / 1
[INFO] 1 tests selected to be amplified over 1 available tests
[INFO] Amplification of inputs...
[INFO] Time to amplify: 26ms
  1% | ]/ 43% |===================== ]\[INFO] 53 new tests generated
[INFO] Run tests. (53)
[INFO] Compiling with -proceedOnError -encoding UTF-8 -cp /tmp/dspot-experiments/dataset/april-2019/mustache.java_parent/compiler/target/dspot/tmp_test_sources:/home/bedanglot/.m2/repository/junit/junit/4.11/junit-4.11.jar:/home/bedanglot/.m2/repository/org/hamcrest/hamcrest-core/1.3/hamcrest-core-1.3.jar:/home/bedanglot/.m2/repository/com/fasterxml/jackson/core/jackson-databind/2.7.4/jackson-databind-2.7.4.jar:/home/bedanglot/.m2/repository/com/fasterxml/jackson/core/jackson-annotations/2.7.0/jackson-annotations-2.7.0.jar:/home/bedanglot/.m2/repository/com/fasterxml/jackson/core/jackson-core/2.7.4/jackson-core-2.7.4.jar:/home/bedanglot/.m2/repository/com/fasterxml/jackson/dataformat/jackson-dataformat-yaml/2.7.4/jackson-dataformat-yaml-2.7.4.jar:/home/bedanglot/.m2/repository/org/yaml/snakeyaml/1.15/snakeyaml-1.15.jar:/tmp/dspot-experiments/dataset/april-2019/mustache.java_parent/compiler/target/classes/:/tmp/dspot-experiments/dataset/april-2019/mustache.java_parent/compiler/target/test-classes/:/tmp/dspot-experiments/dataset/april-2019/mustache.java_parent/compiler/target/dspot/dependencies/: -d /tmp/dspot-experiments/dataset/april-2019/mustache.java_parent/compiler/target/test-classes -1.8 -preserveAllLocals -noExit -enableJavadoc -proc:none /tmp/dspot-experiments/dataset/april-2019/mustache.java_parent/compiler/target/dspot/tmp_test_sources/com/github/mustachejava/ExtensionTest.java
[ERROR] Error(s) during compilation:
[ERROR] Pb(102) The method execute(Writer, Object) is ambiguous for the type Mustache
[INFO] Compiling with -proceedOnError -encoding UTF-8 -cp /tmp/dspot-experiments/dataset/april-2019/mustache.java_parent/compiler/target/dspot/tmp_test_sources:/home/bedanglot/.m2/repository/junit/junit/4.11/junit-4.11.jar:/home/bedanglot/.m2/repository/org/hamcrest/hamcrest-core/1.3/hamcrest-core-1.3.jar:/home/bedanglot/.m2/repository/com/fasterxml/jackson/core/jackson-databind/2.7.4/jackson-databind-2.7.4.jar:/home/bedanglot/.m2/repository/com/fasterxml/jackson/core/jackson-annotations/2.7.0/jackson-annotations-2.7.0.jar:/home/bedanglot/.m2/repository/com/fasterxml/jackson/core/jackson-core/2.7.4/jackson-core-2.7.4.jar:/home/bedanglot/.m2/repository/com/fasterxml/jackson/dataformat/jackson-dataformat-yaml/2.7.4/jackson-dataformat-yaml-2.7.4.jar:/home/bedanglot/.m2/repository/org/yaml/snakeyaml/1.15/snakeyaml-1.15.jar:/tmp/dspot-experiments/dataset/april-2019/mustache.java_parent/compiler/target/classes/:/tmp/dspot-experiments/dataset/april-2019/mustache.java_parent/compiler/target/test-classes/:/tmp/dspot-experiments/dataset/april-2019/mustache.java_parent/compiler/target/dspot/dependencies/: -d /tmp/dspot-experiments/dataset/april-2019/mustache.java_parent/compiler/target/test-classes -1.8 -preserveAllLocals -noExit -enableJavadoc -proc:none /tmp/dspot-experiments/dataset/april-2019/mustache.java_parent/compiler/target/dspot/tmp_test_sources/com/github/mustachejava/ExtensionTest.java
[INFO] Run: java -classpath /tmp/dspot-experiments/dataset/april-2019/mustache.java_parent/compiler/target/classes/:/tmp/dspot-experiments/dataset/april-2019/mustache.java_parent/compiler/target/test-classes:/home/bedanglot/.m2/repository/junit/junit/4.11/junit-4.11.jar:/home/bedanglot/.m2/repository/org/hamcrest/hamcrest-core/1.3/hamcrest-core-1.3.jar:/home/bedanglot/.m2/repository/com/fasterxml/jackson/core/jackson-databind/2.7.4/jackson-databind-2.7.4.jar:/home/bedanglot/.m2/repository/com/fasterxml/jackson/core/jackson-annotations/2.7.0/jackson-annotations-2.7.0.jar:/home/bedanglot/.m2/repository/com/fasterxml/jackson/core/jackson-core/2.7.4/jackson-core-2.7.4.jar:/home/bedanglot/.m2/repository/com/fasterxml/jackson/dataformat/jackson-dataformat-yaml/2.7.4/jackson-dataformat-yaml-2.7.4.jar:/home/bedanglot/.m2/repository/org/yaml/snakeyaml/1.15/snakeyaml-1.15.jar:/tmp/dspot-experiments/dataset/april-2019/mustache.java_parent/compiler/target/dspot/dependencies/:/home/bedanglot/.m2/repository/eu/stamp-project/test-runner/2.0.7/test-runner-2.0.7-jar-with-dependencies.jar eu.stamp_project.testrunner.runner.JUnit4Runner --class com.github.mustachejava.ExtensionTest --tests testSubSub_literalMutationString210:testSubSub_literalMutationString218:testSubSub_literalMutationString217:testSubSub_literalMutationString228:testSubSub_literalMutationString206:testSubSub_literalMutationString216:testSubSub_literalMutationString231:testSubSub_literalMutationString222:testSubSub_literalMutationString223:testSubSub_literalMutationString230:testSubSub_literalMutationString214:testSubSub_literalMutationString209:testSubSub_literalMutationString202:testSubSub_literalMutationString205:testSubSub_literalMutationString204:testSubSub_literalMutationString197:testSubSub_literalMutationString213:testSubSub_literalMutationString203:testSubSub_literalMutationString212:testSubSub_literalMutationString201:testSubSub_literalMutationString225:testSubSub_literalMutationString220:testSubSub_literalMutationString229:testSubSub_literalMutationString219:testSubSub_literalMutationString232:testSubSub_remove239:testSubSub_remove240:testSubSub_remove241:testSubSub_add236:testSubSub_add238:testSubSub_add237:testSubSub_add233:testSubSub_add235:testSubSub_add234:testSubSubnull245:testSubSubnull246:testSubSubnull249:testSubSubnull243:testSubSubnull242:testSubSubnull244:testSubSubnull247:testSubSub_literalMutationString211:testSubSub_literalMutationString224:testSubSub_literalMutationString215:testSubSub_literalMutationString207:testSubSub_literalMutationString198:testSubSub_literalMutationString221:testSubSub_literalMutationString226:testSubSub_literalMutationString199:testSubSub_literalMutationString200:testSubSub_literalMutationString208:testSubSub_literalMutationString227 
Parsing --class com.github.mustachejava.ExtensionTest --tests testSubSub_literalMutationString210:testSubSub_literalMutationString218:testSubSub_literalMutationString217:testSubSub_literalMutationString228:testSubSub_literalMutationString206:testSubSub_literalMutationString216:testSubSub_literalMutationString231:testSubSub_literalMutationString222:testSubSub_literalMutationString223:testSubSub_literalMutationString230:testSubSub_literalMutationString214:testSubSub_literalMutationString209:testSubSub_literalMutationString202:testSubSub_literalMutationString205:testSubSub_literalMutationString204:testSubSub_literalMutationString197:testSubSub_literalMutationString213:testSubSub_literalMutationString203:testSubSub_literalMutationString212:testSubSub_literalMutationString201:testSubSub_literalMutationString225:testSubSub_literalMutationString220:testSubSub_literalMutationString229:testSubSub_literalMutationString219:testSubSub_literalMutationString232:testSubSub_remove239:testSubSub_remove240:testSubSub_remove241:testSubSub_add236:testSubSub_add238:testSubSub_add237:testSubSub_add233:testSubSub_add235:testSubSub_add234:testSubSubnull245:testSubSubnull246:testSubSubnull249:testSubSubnull243:testSubSubnull242:testSubSubnull244:testSubSubnull247:testSubSub_literalMutationString211:testSubSub_literalMutationString224:testSubSub_literalMutationString215:testSubSub_literalMutationString207:testSubSub_literalMutationString198:testSubSub_literalMutationString221:testSubSub_literalMutationString226:testSubSub_literalMutationString199:testSubSub_literalMutationString200:testSubSub_literalMutationString208:testSubSub_literalMutationString227
File saved to the following path: /tmp/dspot-experiments/dataset/april-2019/mustache.java_parent/compiler/target/dspot/TestResult.ser
Loading /tmp/dspot-experiments/dataset/april-2019/mustache.java_parent/compiler/target/dspot/TestResult.ser
[INFO] Test has been run: testSubSub_add233,testSubSub_add234,testSubSub_add235,testSubSub_add236,testSubSub_add237,testSubSub_add238,testSubSubnull243,testSubSubnull244,testSubSubnull245,testSubSubnull246,testSubSub_literalMutationString197,testSubSub_literalMutationString203,testSubSub_literalMutationString204,testSubSub_literalMutationString205,testSubSub_literalMutationString206,testSubSub_literalMutationString207,testSubSub_literalMutationString208,testSubSub_literalMutationString209,testSubSub_literalMutationString210,testSubSub_literalMutationString211,testSubSub_literalMutationString212,testSubSub_literalMutationString213,testSubSub_literalMutationString214,testSubSub_literalMutationString215,testSubSub_literalMutationString216,testSubSub_literalMutationString217,testSubSub_literalMutationString218,testSubSub_literalMutationString219,testSubSub_literalMutationString220,testSubSub_literalMutationString221,testSubSub_literalMutationString222,testSubSub_literalMutationString223,testSubSub_literalMutationString224,testSubSub_literalMutationString225,testSubSub_literalMutationString226,testSubSub_remove239,testSubSub_remove240,testSubSub_remove241,testSubSubnull242(com.github.mustachejava.ExtensionTest): null,testSubSubnull247(com.github.mustachejava.ExtensionTest): null,testSubSubnull249(com.github.mustachejava.ExtensionTest): null,testSubSub_literalMutationString198(com.github.mustachejava.ExtensionTest): Template page1.txt not found,testSubSub_literalMutationString199(com.github.mustachejava.ExtensionTest): Template 7g|N>bb,SY& not found,testSubSub_literalMutationString200(com.github.mustachejava.ExtensionTest): Template subs8b.html not found,testSubSub_literalMutationString201(com.github.mustachejava.ExtensionTest): Template sbsub.html not found,testSubSub_literalMutationString202(com.github.mustachejava.ExtensionTest): Template subsubX.html not found,testSubSub_literalMutationString227(com.github.mustachejava.ExtensionTest): src/test/resources (Is a directory),testSubSub_literalMutationString228(com.github.mustachejava.ExtensionTest): src/test/resources/sub6sub.txt (No such file or directory),testSubSub_literalMutationString229(com.github.mustachejava.ExtensionTest): src/test/resources/page1.txt (No such file or directory),testSubSub_literalMutationString230(com.github.mustachejava.ExtensionTest): src/test/resources/susub.txt (No such file or directory),testSubSub_literalMutationString231(com.github.mustachejava.ExtensionTest): src/test/resources/subsubgtxt (No such file or directory),testSubSub_literalMutationString232(com.github.mustachejava.ExtensionTest): src/test/resources/aUy&nFC*_9 (No such file or directory)
[INFO] 38 test pass, generating assertion...
[INFO] Add observations points in passing tests.
[INFO] Instrumentation...
  2% |===================== ]/  5% |===================== ]-  7% |===================== ]\ 10% |===================== ]| 13% |===================== ]/ 15% |===================== ]- 18% |===================== ]\ 21% |===================== ]| 23% |===================== ]/ 26% |===================== ]- 28% |===================== ]\ 31% |===================== ]| 34% |===================== ]/ 36% |===================== ]- 39% |===================== ]\ 42% |===================== ]| 44% |====================== ]/ 47% |======================= ]- 50% |========================= ]\ 52% |========================== ]| 55% |=========================== ]/ 57% |============================ ]- 60% |============================== ]\ 63% |=============================== ]| 65% |================================ ]/ 68% |================================== ]- 71% |=================================== ]\ 73% |==================================== ]| 76% |====================================== ]/ 78% |======================================= ]- 81% |======================================== ]\ 84% |========================================== ]| 86% |=========================================== ]/ 89% |============================================ ]- 92% |============================================== ]\ 94% |=============================================== ]| 97% |================================================ ]/100% |================================================== ]-
[INFO] Run instrumented tests. (114)
[INFO] Compiling with -proceedOnError -encoding UTF-8 -cp /tmp/dspot-experiments/dataset/april-2019/mustache.java_parent/compiler/target/dspot/tmp_test_sources:/home/bedanglot/.m2/repository/junit/junit/4.11/junit-4.11.jar:/home/bedanglot/.m2/repository/org/hamcrest/hamcrest-core/1.3/hamcrest-core-1.3.jar:/home/bedanglot/.m2/repository/com/fasterxml/jackson/core/jackson-databind/2.7.4/jackson-databind-2.7.4.jar:/home/bedanglot/.m2/repository/com/fasterxml/jackson/core/jackson-annotations/2.7.0/jackson-annotations-2.7.0.jar:/home/bedanglot/.m2/repository/com/fasterxml/jackson/core/jackson-core/2.7.4/jackson-core-2.7.4.jar:/home/bedanglot/.m2/repository/com/fasterxml/jackson/dataformat/jackson-dataformat-yaml/2.7.4/jackson-dataformat-yaml-2.7.4.jar:/home/bedanglot/.m2/repository/org/yaml/snakeyaml/1.15/snakeyaml-1.15.jar:/tmp/dspot-experiments/dataset/april-2019/mustache.java_parent/compiler/target/classes/:/tmp/dspot-experiments/dataset/april-2019/mustache.java_parent/compiler/target/test-classes/:/tmp/dspot-experiments/dataset/april-2019/mustache.java_parent/compiler/target/dspot/dependencies/: -d /tmp/dspot-experiments/dataset/april-2019/mustache.java_parent/compiler/target/test-classes -1.8 -preserveAllLocals -noExit -enableJavadoc -proc:none /tmp/dspot-experiments/dataset/april-2019/mustache.java_parent/compiler/target/dspot/tmp_test_sources/com/github/mustachejava/ExtensionTest.java
[INFO] Run: java -classpath /tmp/dspot-experiments/dataset/april-2019/mustache.java_parent/compiler/target/classes/:/tmp/dspot-experiments/dataset/april-2019/mustache.java_parent/compiler/target/test-classes:/home/bedanglot/.m2/repository/junit/junit/4.11/junit-4.11.jar:/home/bedanglot/.m2/repository/org/hamcrest/hamcrest-core/1.3/hamcrest-core-1.3.jar:/home/bedanglot/.m2/repository/com/fasterxml/jackson/core/jackson-databind/2.7.4/jackson-databind-2.7.4.jar:/home/bedanglot/.m2/repository/com/fasterxml/jackson/core/jackson-annotations/2.7.0/jackson-annotations-2.7.0.jar:/home/bedanglot/.m2/repository/com/fasterxml/jackson/core/jackson-core/2.7.4/jackson-core-2.7.4.jar:/home/bedanglot/.m2/repository/com/fasterxml/jackson/dataformat/jackson-dataformat-yaml/2.7.4/jackson-dataformat-yaml-2.7.4.jar:/home/bedanglot/.m2/repository/org/yaml/snakeyaml/1.15/snakeyaml-1.15.jar:/tmp/dspot-experiments/dataset/april-2019/mustache.java_parent/compiler/target/dspot/dependencies/:/home/bedanglot/.m2/repository/eu/stamp-project/test-runner/2.0.7/test-runner-2.0.7-jar-with-dependencies.jar eu.stamp_project.testrunner.runner.JUnit4Runner --class com.github.mustachejava.ExtensionTest --tests testSubSub_literalMutationString210_withlog0:testSubSub_literalMutationString218_withlog0:testSubSub_literalMutationString217_withlog0:testSubSub_literalMutationString206_withlog0:testSubSub_literalMutationString216_withlog0:testSubSub_literalMutationString222_withlog0:testSubSub_literalMutationString223_withlog0:testSubSub_literalMutationString214_withlog0:testSubSub_literalMutationString209_withlog0:testSubSub_literalMutationString205_withlog0:testSubSub_literalMutationString204_withlog0:testSubSub_literalMutationString197_withlog0:testSubSub_literalMutationString213_withlog0:testSubSub_literalMutationString203_withlog0:testSubSub_literalMutationString212_withlog0:testSubSub_literalMutationString225_withlog0:testSubSub_literalMutationString220_withlog0:testSubSub_literalMutationString219_withlog0:testSubSub_remove239_withlog0:testSubSub_remove240_withlog0:testSubSub_remove241_withlog0:testSubSub_add236_withlog0:testSubSub_add238_withlog0:testSubSub_add237_withlog0:testSubSub_add233_withlog0:testSubSub_add235_withlog0:testSubSub_add234_withlog0:testSubSubnull245_withlog0:testSubSubnull246_withlog0:testSubSubnull243_withlog0:testSubSubnull244_withlog0:testSubSub_literalMutationString211_withlog0:testSubSub_literalMutationString224_withlog0:testSubSub_literalMutationString215_withlog0:testSubSub_literalMutationString207_withlog0:testSubSub_literalMutationString221_withlog0:testSubSub_literalMutationString226_withlog0:testSubSub_literalMutationString208_withlog0:testSubSub_literalMutationString210_withlog1:testSubSub_literalMutationString218_withlog1:testSubSub_literalMutationString217_withlog1:testSubSub_literalMutationString206_withlog1:testSubSub_literalMutationString216_withlog1:testSubSub_literalMutationString222_withlog1:testSubSub_literalMutationString223_withlog1:testSubSub_literalMutationString214_withlog1:testSubSub_literalMutationString209_withlog1:testSubSub_literalMutationString205_withlog1:testSubSub_literalMutationString204_withlog1:testSubSub_literalMutationString197_withlog1:testSubSub_literalMutationString213_withlog1:testSubSub_literalMutationString203_withlog1:testSubSub_literalMutationString212_withlog1:testSubSub_literalMutationString225_withlog1:testSubSub_literalMutationString220_withlog1:testSubSub_literalMutationString219_withlog1:testSubSub_remove239_withlog1:testSubSub_remove240_withlog1:testSubSub_remove241_withlog1:testSubSub_add236_withlog1:testSubSub_add238_withlog1:testSubSub_add237_withlog1:testSubSub_add233_withlog1:testSubSub_add235_withlog1:testSubSub_add234_withlog1:testSubSubnull245_withlog1:testSubSubnull246_withlog1:testSubSubnull243_withlog1:testSubSubnull244_withlog1:testSubSub_literalMutationString211_withlog1:testSubSub_literalMutationString224_withlog1:testSubSub_literalMutationString215_withlog1:testSubSub_literalMutationString207_withlog1:testSubSub_literalMutationString221_withlog1:testSubSub_literalMutationString226_withlog1:testSubSub_literalMutationString208_withlog1:testSubSub_literalMutationString210_withlog2:testSubSub_literalMutationString218_withlog2:testSubSub_literalMutationString217_withlog2:testSubSub_literalMutationString206_withlog2:testSubSub_literalMutationString216_withlog2:testSubSub_literalMutationString222_withlog2:testSubSub_literalMutationString223_withlog2:testSubSub_literalMutationString214_withlog2:testSubSub_literalMutationString209_withlog2:testSubSub_literalMutationString205_withlog2:testSubSub_literalMutationString204_withlog2:testSubSub_literalMutationString197_withlog2:testSubSub_literalMutationString213_withlog2:testSubSub_literalMutationString203_withlog2:testSubSub_literalMutationString212_withlog2:testSubSub_literalMutationString225_withlog2:testSubSub_literalMutationString220_withlog2:testSubSub_literalMutationString219_withlog2:testSubSub_remove239_withlog2:testSubSub_remove240_withlog2:testSubSub_remove241_withlog2:testSubSub_add236_withlog2:testSubSub_add238_withlog2:testSubSub_add237_withlog2:testSubSub_add233_withlog2:testSubSub_add235_withlog2:testSubSub_add234_withlog2:testSubSubnull245_withlog2:testSubSubnull246_withlog2:testSubSubnull243_withlog2:testSubSubnull244_withlog2:testSubSub_literalMutationString211_withlog2:testSubSub_literalMutationString224_withlog2:testSubSub_literalMutationString215_withlog2:testSubSub_literalMutationString207_withlog2:testSubSub_literalMutationString221_withlog2:testSubSub_literalMutationString226_withlog2:testSubSub_literalMutationString208_withlog2 
Parsing --class com.github.mustachejava.ExtensionTest --tests testSubSub_literalMutationString210_withlog0:testSubSub_literalMutationString218_withlog0:testSubSub_literalMutationString217_withlog0:testSubSub_literalMutationString206_withlog0:testSubSub_literalMutationString216_withlog0:testSubSub_literalMutationString222_withlog0:testSubSub_literalMutationString223_withlog0:testSubSub_literalMutationString214_withlog0:testSubSub_literalMutationString209_withlog0:testSubSub_literalMutationString205_withlog0:testSubSub_literalMutationString204_withlog0:testSubSub_literalMutationString197_withlog0:testSubSub_literalMutationString213_withlog0:testSubSub_literalMutationString203_withlog0:testSubSub_literalMutationString212_withlog0:testSubSub_literalMutationString225_withlog0:testSubSub_literalMutationString220_withlog0:testSubSub_literalMutationString219_withlog0:testSubSub_remove239_withlog0:testSubSub_remove240_withlog0:testSubSub_remove241_withlog0:testSubSub_add236_withlog0:testSubSub_add238_withlog0:testSubSub_add237_withlog0:testSubSub_add233_withlog0:testSubSub_add235_withlog0:testSubSub_add234_withlog0:testSubSubnull245_withlog0:testSubSubnull246_withlog0:testSubSubnull243_withlog0:testSubSubnull244_withlog0:testSubSub_literalMutationString211_withlog0:testSubSub_literalMutationString224_withlog0:testSubSub_literalMutationString215_withlog0:testSubSub_literalMutationString207_withlog0:testSubSub_literalMutationString221_withlog0:testSubSub_literalMutationString226_withlog0:testSubSub_literalMutationString208_withlog0:testSubSub_literalMutationString210_withlog1:testSubSub_literalMutationString218_withlog1:testSubSub_literalMutationString217_withlog1:testSubSub_literalMutationString206_withlog1:testSubSub_literalMutationString216_withlog1:testSubSub_literalMutationString222_withlog1:testSubSub_literalMutationString223_withlog1:testSubSub_literalMutationString214_withlog1:testSubSub_literalMutationString209_withlog1:testSubSub_literalMutationString205_withlog1:testSubSub_literalMutationString204_withlog1:testSubSub_literalMutationString197_withlog1:testSubSub_literalMutationString213_withlog1:testSubSub_literalMutationString203_withlog1:testSubSub_literalMutationString212_withlog1:testSubSub_literalMutationString225_withlog1:testSubSub_literalMutationString220_withlog1:testSubSub_literalMutationString219_withlog1:testSubSub_remove239_withlog1:testSubSub_remove240_withlog1:testSubSub_remove241_withlog1:testSubSub_add236_withlog1:testSubSub_add238_withlog1:testSubSub_add237_withlog1:testSubSub_add233_withlog1:testSubSub_add235_withlog1:testSubSub_add234_withlog1:testSubSubnull245_withlog1:testSubSubnull246_withlog1:testSubSubnull243_withlog1:testSubSubnull244_withlog1:testSubSub_literalMutationString211_withlog1:testSubSub_literalMutationString224_withlog1:testSubSub_literalMutationString215_withlog1:testSubSub_literalMutationString207_withlog1:testSubSub_literalMutationString221_withlog1:testSubSub_literalMutationString226_withlog1:testSubSub_literalMutationString208_withlog1:testSubSub_literalMutationString210_withlog2:testSubSub_literalMutationString218_withlog2:testSubSub_literalMutationString217_withlog2:testSubSub_literalMutationString206_withlog2:testSubSub_literalMutationString216_withlog2:testSubSub_literalMutationString222_withlog2:testSubSub_literalMutationString223_withlog2:testSubSub_literalMutationString214_withlog2:testSubSub_literalMutationString209_withlog2:testSubSub_literalMutationString205_withlog2:testSubSub_literalMutationString204_withlog2:testSubSub_literalMutationString197_withlog2:testSubSub_literalMutationString213_withlog2:testSubSub_literalMutationString203_withlog2:testSubSub_literalMutationString212_withlog2:testSubSub_literalMutationString225_withlog2:testSubSub_literalMutationString220_withlog2:testSubSub_literalMutationString219_withlog2:testSubSub_remove239_withlog2:testSubSub_remove240_withlog2:testSubSub_remove241_withlog2:testSubSub_add236_withlog2:testSubSub_add238_withlog2:testSubSub_add237_withlog2:testSubSub_add233_withlog2:testSubSub_add235_withlog2:testSubSub_add234_withlog2:testSubSubnull245_withlog2:testSubSubnull246_withlog2:testSubSubnull243_withlog2:testSubSubnull244_withlog2:testSubSub_literalMutationString211_withlog2:testSubSub_literalMutationString224_withlog2:testSubSub_literalMutationString215_withlog2:testSubSub_literalMutationString207_withlog2:testSubSub_literalMutationString221_withlog2:testSubSub_literalMutationString226_withlog2:testSubSub_literalMutationString208_withlog2
File saved to the following path: /tmp/dspot-experiments/dataset/april-2019/mustache.java_parent/compiler/target/dspot/observations.ser
File saved to the following path: /tmp/dspot-experiments/dataset/april-2019/mustache.java_parent/compiler/target/dspot/TestResult.ser
Loading /tmp/dspot-experiments/dataset/april-2019/mustache.java_parent/compiler/target/dspot/TestResult.ser
[INFO] Test has been run: testSubSub_literalMutationString213_withlog0,testSubSub_literalMutationString213_withlog1,testSubSub_literalMutationString213_withlog2,testSubSub_literalMutationString212_withlog0,testSubSub_literalMutationString212_withlog1,testSubSub_literalMutationString212_withlog2,testSubSub_literalMutationString211_withlog0,testSubSub_literalMutationString211_withlog1,testSubSub_literalMutationString211_withlog2,testSubSub_literalMutationString210_withlog0,testSubSub_literalMutationString210_withlog1,testSubSub_literalMutationString210_withlog2,testSubSub_literalMutationString209_withlog0,testSubSub_literalMutationString209_withlog1,testSubSub_literalMutationString209_withlog2,testSubSub_literalMutationString208_withlog0,testSubSub_literalMutationString208_withlog1,testSubSub_literalMutationString208_withlog2,testSubSub_literalMutationString207_withlog0,testSubSub_literalMutationString207_withlog1,testSubSub_literalMutationString207_withlog2,testSubSub_literalMutationString206_withlog0,testSubSub_literalMutationString206_withlog1,testSubSub_literalMutationString206_withlog2,testSubSub_add238_withlog0,testSubSub_add238_withlog1,testSubSub_add238_withlog2,testSubSub_literalMutationString205_withlog0,testSubSub_literalMutationString205_withlog1,testSubSub_literalMutationString205_withlog2,testSubSub_add237_withlog0,testSubSub_add237_withlog1,testSubSub_add237_withlog2,testSubSub_literalMutationString204_withlog0,testSubSub_literalMutationString204_withlog1,testSubSub_literalMutationString204_withlog2,testSubSub_add236_withlog0,testSubSub_add236_withlog1,testSubSub_add236_withlog2,testSubSub_literalMutationString203_withlog0,testSubSub_literalMutationString203_withlog1,testSubSub_literalMutationString203_withlog2,testSubSub_add235_withlog0,testSubSub_add235_withlog1,testSubSub_add235_withlog2,testSubSub_literalMutationString197_withlog0,testSubSub_literalMutationString197_withlog1,testSubSub_literalMutationString197_withlog2,testSubSub_literalMutationString226_withlog0,testSubSub_literalMutationString226_withlog1,testSubSub_literalMutationString226_withlog2,testSubSub_remove241_withlog0,testSubSub_remove241_withlog1,testSubSub_remove241_withlog2,testSubSub_add234_withlog0,testSubSub_add234_withlog1,testSubSub_add234_withlog2,testSubSub_literalMutationString225_withlog0,testSubSub_literalMutationString225_withlog1,testSubSub_literalMutationString225_withlog2,testSubSub_remove240_withlog0,testSubSub_remove240_withlog1,testSubSub_remove240_withlog2,testSubSub_add233_withlog0,testSubSub_add233_withlog1,testSubSub_add233_withlog2,testSubSub_remove239_withlog0,testSubSub_remove239_withlog1,testSubSub_remove239_withlog2,testSubSub_literalMutationString224_withlog0,testSubSub_literalMutationString224_withlog1,testSubSub_literalMutationString224_withlog2,testSubSub_literalMutationString223_withlog0,testSubSub_literalMutationString223_withlog1,testSubSub_literalMutationString223_withlog2,testSubSub_literalMutationString222_withlog0,testSubSub_literalMutationString222_withlog1,testSubSub_literalMutationString222_withlog2,testSubSub_literalMutationString221_withlog0,testSubSub_literalMutationString221_withlog1,testSubSub_literalMutationString221_withlog2,testSubSubnull246_withlog0,testSubSubnull246_withlog1,testSubSubnull246_withlog2,testSubSub_literalMutationString220_withlog0,testSubSub_literalMutationString220_withlog1,testSubSub_literalMutationString220_withlog2,testSubSub_literalMutationString219_withlog0,testSubSub_literalMutationString219_withlog1,testSubSub_literalMutationString219_withlog2,testSubSubnull245_withlog0,testSubSubnull245_withlog1,testSubSubnull245_withlog2,testSubSub_literalMutationString218_withlog0,testSubSub_literalMutationString218_withlog1,testSubSub_literalMutationString218_withlog2,testSubSubnull244_withlog0,testSubSubnull244_withlog1,testSubSubnull244_withlog2,testSubSub_literalMutationString217_withlog0,testSubSub_literalMutationString217_withlog1,testSubSub_literalMutationString217_withlog2,testSubSubnull243_withlog0,testSubSubnull243_withlog1,testSubSubnull243_withlog2,testSubSub_literalMutationString216_withlog0,testSubSub_literalMutationString216_withlog1,testSubSub_literalMutationString216_withlog2,testSubSub_literalMutationString215_withlog0,testSubSub_literalMutationString215_withlog1,testSubSub_literalMutationString215_withlog2,testSubSub_literalMutationString214_withlog0,testSubSub_literalMutationString214_withlog1,testSubSub_literalMutationString214_withlog2
[INFO] Generating assertions...
[INFO] 14 test fail, generating try/catch/fail blocks...
[INFO] 52 new tests with assertions generated
[INFO] Compiling with -proceedOnError -encoding UTF-8 -cp /tmp/dspot-experiments/dataset/april-2019/mustache.java_parent/compiler/target/dspot/tmp_test_sources:/home/bedanglot/.m2/repository/junit/junit/4.11/junit-4.11.jar:/home/bedanglot/.m2/repository/org/hamcrest/hamcrest-core/1.3/hamcrest-core-1.3.jar:/home/bedanglot/.m2/repository/com/fasterxml/jackson/core/jackson-databind/2.7.4/jackson-databind-2.7.4.jar:/home/bedanglot/.m2/repository/com/fasterxml/jackson/core/jackson-annotations/2.7.0/jackson-annotations-2.7.0.jar:/home/bedanglot/.m2/repository/com/fasterxml/jackson/core/jackson-core/2.7.4/jackson-core-2.7.4.jar:/home/bedanglot/.m2/repository/com/fasterxml/jackson/dataformat/jackson-dataformat-yaml/2.7.4/jackson-dataformat-yaml-2.7.4.jar:/home/bedanglot/.m2/repository/org/yaml/snakeyaml/1.15/snakeyaml-1.15.jar:/tmp/dspot-experiments/dataset/april-2019/mustache.java_parent/compiler/target/classes/:/tmp/dspot-experiments/dataset/april-2019/mustache.java_parent/compiler/target/test-classes/:/tmp/dspot-experiments/dataset/april-2019/mustache.java_parent/compiler/target/dspot/dependencies/: -d /tmp/dspot-experiments/dataset/april-2019/mustache.java_parent/compiler/target/test-classes -1.8 -preserveAllLocals -noExit -enableJavadoc -proc:none /tmp/dspot-experiments/dataset/april-2019/mustache.java_parent/compiler/target/dspot/tmp_test_sources/com/github/mustachejava/ExtensionTest.java
[INFO] Run: java -classpath /tmp/dspot-experiments/dataset/april-2019/mustache.java_parent/compiler/target/classes/:/tmp/dspot-experiments/dataset/april-2019/mustache.java_parent/compiler/target/test-classes:/home/bedanglot/.m2/repository/junit/junit/4.11/junit-4.11.jar:/home/bedanglot/.m2/repository/org/hamcrest/hamcrest-core/1.3/hamcrest-core-1.3.jar:/home/bedanglot/.m2/repository/com/fasterxml/jackson/core/jackson-databind/2.7.4/jackson-databind-2.7.4.jar:/home/bedanglot/.m2/repository/com/fasterxml/jackson/core/jackson-annotations/2.7.0/jackson-annotations-2.7.0.jar:/home/bedanglot/.m2/repository/com/fasterxml/jackson/core/jackson-core/2.7.4/jackson-core-2.7.4.jar:/home/bedanglot/.m2/repository/com/fasterxml/jackson/dataformat/jackson-dataformat-yaml/2.7.4/jackson-dataformat-yaml-2.7.4.jar:/home/bedanglot/.m2/repository/org/yaml/snakeyaml/1.15/snakeyaml-1.15.jar:/tmp/dspot-experiments/dataset/april-2019/mustache.java_parent/compiler/target/dspot/dependencies/:/home/bedanglot/.m2/repository/eu/stamp-project/test-runner/2.0.7/test-runner-2.0.7-jar-with-dependencies.jar eu.stamp_project.testrunner.runner.JUnit4Runner --class com.github.mustachejava.ExtensionTest --tests testSubSub_literalMutationString210:testSubSub_literalMutationString218:testSubSub_literalMutationString217:testSubSub_literalMutationString206:testSubSub_literalMutationString216:testSubSub_literalMutationString222:testSubSub_literalMutationString223:testSubSub_literalMutationString214:testSubSub_literalMutationString209:testSubSub_literalMutationString205:testSubSub_literalMutationString204:testSubSub_literalMutationString197:testSubSub_literalMutationString213:testSubSub_literalMutationString203:testSubSub_literalMutationString212:testSubSub_literalMutationString225:testSubSub_literalMutationString220:testSubSub_literalMutationString219:testSubSub_remove239:testSubSub_remove240:testSubSub_remove241:testSubSub_add236:testSubSub_add238:testSubSub_add237:testSubSub_add233:testSubSub_add235:testSubSub_add234:testSubSubnull245:testSubSubnull246:testSubSubnull243:testSubSubnull244:testSubSub_literalMutationString211:testSubSub_literalMutationString224:testSubSub_literalMutationString215:testSubSub_literalMutationString207:testSubSub_literalMutationString221:testSubSub_literalMutationString226:testSubSub_literalMutationString208:testSubSub_literalMutationString228_failAssert0:testSubSub_literalMutationString231_failAssert0:testSubSub_literalMutationString230_failAssert0:testSubSub_literalMutationString202_failAssert0:testSubSub_literalMutationString201_failAssert0:testSubSub_literalMutationString229_failAssert0:testSubSub_literalMutationString232_failAssert0:testSubSubnull249_failAssert0:testSubSubnull242_failAssert0:testSubSubnull247_failAssert0:testSubSub_literalMutationString198_failAssert0:testSubSub_literalMutationString199_failAssert0:testSubSub_literalMutationString200_failAssert0:testSubSub_literalMutationString227_failAssert0 
Parsing --class com.github.mustachejava.ExtensionTest --tests testSubSub_literalMutationString210:testSubSub_literalMutationString218:testSubSub_literalMutationString217:testSubSub_literalMutationString206:testSubSub_literalMutationString216:testSubSub_literalMutationString222:testSubSub_literalMutationString223:testSubSub_literalMutationString214:testSubSub_literalMutationString209:testSubSub_literalMutationString205:testSubSub_literalMutationString204:testSubSub_literalMutationString197:testSubSub_literalMutationString213:testSubSub_literalMutationString203:testSubSub_literalMutationString212:testSubSub_literalMutationString225:testSubSub_literalMutationString220:testSubSub_literalMutationString219:testSubSub_remove239:testSubSub_remove240:testSubSub_remove241:testSubSub_add236:testSubSub_add238:testSubSub_add237:testSubSub_add233:testSubSub_add235:testSubSub_add234:testSubSubnull245:testSubSubnull246:testSubSubnull243:testSubSubnull244:testSubSub_literalMutationString211:testSubSub_literalMutationString224:testSubSub_literalMutationString215:testSubSub_literalMutationString207:testSubSub_literalMutationString221:testSubSub_literalMutationString226:testSubSub_literalMutationString208:testSubSub_literalMutationString228_failAssert0:testSubSub_literalMutationString231_failAssert0:testSubSub_literalMutationString230_failAssert0:testSubSub_literalMutationString202_failAssert0:testSubSub_literalMutationString201_failAssert0:testSubSub_literalMutationString229_failAssert0:testSubSub_literalMutationString232_failAssert0:testSubSubnull249_failAssert0:testSubSubnull242_failAssert0:testSubSubnull247_failAssert0:testSubSub_literalMutationString198_failAssert0:testSubSub_literalMutationString199_failAssert0:testSubSub_literalMutationString200_failAssert0:testSubSub_literalMutationString227_failAssert0
File saved to the following path: /tmp/dspot-experiments/dataset/april-2019/mustache.java_parent/compiler/target/dspot/TestResult.ser
Loading /tmp/dspot-experiments/dataset/april-2019/mustache.java_parent/compiler/target/dspot/TestResult.ser
[INFO] Test has been run: testSubSub_literalMutationString232_failAssert0,testSubSub_literalMutationString231_failAssert0,testSubSub_literalMutationString230_failAssert0,testSubSubnull242_failAssert0,testSubSub_literalMutationString202_failAssert0,testSubSub_literalMutationString201_failAssert0,testSubSub_literalMutationString199_failAssert0,testSubSub_literalMutationString200_failAssert0,testSubSub_add233,testSubSub_add234,testSubSub_add235,testSubSub_add236,testSubSub_add237,testSubSub_add238,testSubSub_literalMutationString198_failAssert0,testSubSub_literalMutationString229_failAssert0,testSubSub_literalMutationString228_failAssert0,testSubSubnull249_failAssert0,testSubSubnull243,testSubSubnull244,testSubSubnull245,testSubSubnull246,testSubSub_literalMutationString227_failAssert0,testSubSub_literalMutationString197,testSubSub_literalMutationString203,testSubSub_literalMutationString204,testSubSub_literalMutationString205,testSubSub_literalMutationString206,testSubSub_literalMutationString207,testSubSub_literalMutationString208,testSubSub_literalMutationString209,testSubSub_literalMutationString210,testSubSub_literalMutationString211,testSubSub_literalMutationString212,testSubSub_literalMutationString213,testSubSub_literalMutationString214,testSubSub_literalMutationString215,testSubSub_literalMutationString216,testSubSub_literalMutationString217,testSubSub_literalMutationString218,testSubSub_literalMutationString219,testSubSub_literalMutationString220,testSubSub_literalMutationString221,testSubSub_literalMutationString222,testSubSub_literalMutationString223,testSubSub_literalMutationString224,testSubSub_literalMutationString225,testSubSub_literalMutationString226,testSubSub_remove239,testSubSub_remove240,testSubSub_remove241,testSubSubnull247_failAssert0
[INFO] Assertion amplification: 52 test method(s) has been successfully amplified.
[WARN] 2019-05-24 14:11:05 Launcher - You specified the directory /tmp/dspot-experiments/dataset/april-2019/mustache.java/compiler/target/classes in source classpath, please note that only class files will be considered. Jars and subdirectories will be ignored.
[WARN] 2019-05-24 14:11:05 Launcher - You specified the directory /tmp/dspot-experiments/dataset/april-2019/mustache.java/compiler/target/test-classes in source classpath, please note that only class files will be considered. Jars and subdirectories will be ignored.
[WARN] 2019-05-24 14:11:05 Launcher - You specified the directory /tmp/dspot-experiments/dataset/april-2019/mustache.java/compiler/target/dspot/dependencies in source classpath, please note that only class files will be considered. Jars and subdirectories will be ignored.
[INFO] Run: java -classpath /tmp/dspot-experiments/dataset/april-2019/mustache.java/compiler/target/classes/:/tmp/dspot-experiments/dataset/april-2019/mustache.java/compiler/target/test-classes/:/home/bedanglot/.m2/repository/junit/junit/4.11/junit-4.11.jar:/home/bedanglot/.m2/repository/org/hamcrest/hamcrest-core/1.3/hamcrest-core-1.3.jar:/home/bedanglot/.m2/repository/com/fasterxml/jackson/core/jackson-databind/2.7.4/jackson-databind-2.7.4.jar:/home/bedanglot/.m2/repository/com/fasterxml/jackson/core/jackson-annotations/2.7.0/jackson-annotations-2.7.0.jar:/home/bedanglot/.m2/repository/com/fasterxml/jackson/core/jackson-core/2.7.4/jackson-core-2.7.4.jar:/home/bedanglot/.m2/repository/com/fasterxml/jackson/dataformat/jackson-dataformat-yaml/2.7.4/jackson-dataformat-yaml-2.7.4.jar:/home/bedanglot/.m2/repository/org/yaml/snakeyaml/1.15/snakeyaml-1.15.jar:/tmp/dspot-experiments/dataset/april-2019/mustache.java/compiler/target/dspot/dependencies/:/home/bedanglot/.m2/repository/eu/stamp-project/test-runner/2.0.7/test-runner-2.0.7-jar-with-dependencies.jar eu.stamp_project.testrunner.runner.JUnit4Runner --class com.github.mustachejava.ExtensionTest --tests testSubSub_literalMutationString210:testSubSub_literalMutationString218:testSubSub_literalMutationString217:testSubSub_literalMutationString206:testSubSub_literalMutationString216:testSubSub_literalMutationString222:testSubSub_literalMutationString223:testSubSub_literalMutationString214:testSubSub_literalMutationString209:testSubSub_literalMutationString205:testSubSub_literalMutationString204:testSubSub_literalMutationString197:testSubSub_literalMutationString213:testSubSub_literalMutationString203:testSubSub_literalMutationString212:testSubSub_literalMutationString225:testSubSub_literalMutationString220:testSubSub_literalMutationString219:testSubSub_remove239:testSubSub_remove240:testSubSub_remove241:testSubSub_add236:testSubSub_add238:testSubSub_add237:testSubSub_add233:testSubSub_add235:testSubSub_add234:testSubSubnull245:testSubSubnull246:testSubSubnull243:testSubSubnull244:testSubSub_literalMutationString211:testSubSub_literalMutationString224:testSubSub_literalMutationString215:testSubSub_literalMutationString207:testSubSub_literalMutationString221:testSubSub_literalMutationString226:testSubSub_literalMutationString208:testSubSub_literalMutationString228_failAssert0:testSubSub_literalMutationString231_failAssert0:testSubSub_literalMutationString230_failAssert0:testSubSub_literalMutationString202_failAssert0:testSubSub_literalMutationString201_failAssert0:testSubSub_literalMutationString229_failAssert0:testSubSub_literalMutationString232_failAssert0:testSubSubnull249_failAssert0:testSubSubnull242_failAssert0:testSubSubnull247_failAssert0:testSubSub_literalMutationString198_failAssert0:testSubSub_literalMutationString199_failAssert0:testSubSub_literalMutationString200_failAssert0:testSubSub_literalMutationString227_failAssert0 
Parsing --class com.github.mustachejava.ExtensionTest --tests testSubSub_literalMutationString210:testSubSub_literalMutationString218:testSubSub_literalMutationString217:testSubSub_literalMutationString206:testSubSub_literalMutationString216:testSubSub_literalMutationString222:testSubSub_literalMutationString223:testSubSub_literalMutationString214:testSubSub_literalMutationString209:testSubSub_literalMutationString205:testSubSub_literalMutationString204:testSubSub_literalMutationString197:testSubSub_literalMutationString213:testSubSub_literalMutationString203:testSubSub_literalMutationString212:testSubSub_literalMutationString225:testSubSub_literalMutationString220:testSubSub_literalMutationString219:testSubSub_remove239:testSubSub_remove240:testSubSub_remove241:testSubSub_add236:testSubSub_add238:testSubSub_add237:testSubSub_add233:testSubSub_add235:testSubSub_add234:testSubSubnull245:testSubSubnull246:testSubSubnull243:testSubSubnull244:testSubSub_literalMutationString211:testSubSub_literalMutationString224:testSubSub_literalMutationString215:testSubSub_literalMutationString207:testSubSub_literalMutationString221:testSubSub_literalMutationString226:testSubSub_literalMutationString208:testSubSub_literalMutationString228_failAssert0:testSubSub_literalMutationString231_failAssert0:testSubSub_literalMutationString230_failAssert0:testSubSub_literalMutationString202_failAssert0:testSubSub_literalMutationString201_failAssert0:testSubSub_literalMutationString229_failAssert0:testSubSub_literalMutationString232_failAssert0:testSubSubnull249_failAssert0:testSubSubnull242_failAssert0:testSubSubnull247_failAssert0:testSubSub_literalMutationString198_failAssert0:testSubSub_literalMutationString199_failAssert0:testSubSub_literalMutationString200_failAssert0:testSubSub_literalMutationString227_failAssert0
File saved to the following path: /tmp/dspot-experiments/dataset/april-2019/mustache.java_parent/compiler/target/dspot/TestResult.ser
Loading /tmp/dspot-experiments/dataset/april-2019/mustache.java_parent/compiler/target/dspot/TestResult.ser
[INFO] Test has been run: testSubSub_literalMutationString232_failAssert0,testSubSub_literalMutationString231_failAssert0,testSubSub_literalMutationString230_failAssert0,testSubSubnull242_failAssert0,testSubSub_literalMutationString202_failAssert0,testSubSub_literalMutationString201_failAssert0,testSubSub_literalMutationString200_failAssert0,testSubSub_add233,testSubSub_add234,testSubSub_add235,testSubSub_add236,testSubSub_add237,testSubSub_add238,testSubSub_literalMutationString198_failAssert0,testSubSub_literalMutationString229_failAssert0,testSubSub_literalMutationString228_failAssert0,testSubSubnull249_failAssert0,testSubSubnull243,testSubSubnull244,testSubSubnull245,testSubSubnull246,testSubSub_literalMutationString227_failAssert0,testSubSub_literalMutationString197,testSubSub_literalMutationString203,testSubSub_literalMutationString204,testSubSub_literalMutationString205,testSubSub_literalMutationString206,testSubSub_literalMutationString207,testSubSub_literalMutationString208,testSubSub_literalMutationString209,testSubSub_literalMutationString210,testSubSub_literalMutationString211,testSubSub_literalMutationString212,testSubSub_literalMutationString213,testSubSub_literalMutationString214,testSubSub_literalMutationString215,testSubSub_literalMutationString216,testSubSub_literalMutationString217,testSubSub_literalMutationString218,testSubSub_literalMutationString219,testSubSub_literalMutationString220,testSubSub_literalMutationString221,testSubSub_literalMutationString222,testSubSub_literalMutationString223,testSubSub_literalMutationString224,testSubSub_literalMutationString225,testSubSub_literalMutationString226,testSubSub_remove239,testSubSub_remove240,testSubSub_remove241,testSubSubnull247_failAssert0,testSubSub_literalMutationString199_failAssert0(com.github.mustachejava.ExtensionTest): Illegal character in path at index 2: 7g|N>bb,SY&
[INFO] 1 amplified test methods has been selected to be kept.
[INFO] 0 amplified test methods has been selected to be kept. (global: 3)
[INFO] Amplification of testMultipleExtensions, (3/6)
[INFO] iteration 0 / 1
[INFO] 1 tests selected to be amplified over 1 available tests
[INFO] Amplification of inputs...
[INFO] Time to amplify: 12ms
  1% | ]/[INFO] 20 new tests generated
[INFO] Run tests. (20)
[INFO] Compiling with -proceedOnError -encoding UTF-8 -cp /tmp/dspot-experiments/dataset/april-2019/mustache.java_parent/compiler/target/dspot/tmp_test_sources:/home/bedanglot/.m2/repository/junit/junit/4.11/junit-4.11.jar:/home/bedanglot/.m2/repository/org/hamcrest/hamcrest-core/1.3/hamcrest-core-1.3.jar:/home/bedanglot/.m2/repository/com/fasterxml/jackson/core/jackson-databind/2.7.4/jackson-databind-2.7.4.jar:/home/bedanglot/.m2/repository/com/fasterxml/jackson/core/jackson-annotations/2.7.0/jackson-annotations-2.7.0.jar:/home/bedanglot/.m2/repository/com/fasterxml/jackson/core/jackson-core/2.7.4/jackson-core-2.7.4.jar:/home/bedanglot/.m2/repository/com/fasterxml/jackson/dataformat/jackson-dataformat-yaml/2.7.4/jackson-dataformat-yaml-2.7.4.jar:/home/bedanglot/.m2/repository/org/yaml/snakeyaml/1.15/snakeyaml-1.15.jar:/tmp/dspot-experiments/dataset/april-2019/mustache.java_parent/compiler/target/classes/:/tmp/dspot-experiments/dataset/april-2019/mustache.java_parent/compiler/target/test-classes/:/tmp/dspot-experiments/dataset/april-2019/mustache.java_parent/compiler/target/dspot/dependencies/: -d /tmp/dspot-experiments/dataset/april-2019/mustache.java_parent/compiler/target/test-classes -1.8 -preserveAllLocals -noExit -enableJavadoc -proc:none /tmp/dspot-experiments/dataset/april-2019/mustache.java_parent/compiler/target/dspot/tmp_test_sources/com/github/mustachejava/ExtensionTest.java
[INFO] Run: java -classpath /tmp/dspot-experiments/dataset/april-2019/mustache.java_parent/compiler/target/classes/:/tmp/dspot-experiments/dataset/april-2019/mustache.java_parent/compiler/target/test-classes:/home/bedanglot/.m2/repository/junit/junit/4.11/junit-4.11.jar:/home/bedanglot/.m2/repository/org/hamcrest/hamcrest-core/1.3/hamcrest-core-1.3.jar:/home/bedanglot/.m2/repository/com/fasterxml/jackson/core/jackson-databind/2.7.4/jackson-databind-2.7.4.jar:/home/bedanglot/.m2/repository/com/fasterxml/jackson/core/jackson-annotations/2.7.0/jackson-annotations-2.7.0.jar:/home/bedanglot/.m2/repository/com/fasterxml/jackson/core/jackson-core/2.7.4/jackson-core-2.7.4.jar:/home/bedanglot/.m2/repository/com/fasterxml/jackson/dataformat/jackson-dataformat-yaml/2.7.4/jackson-dataformat-yaml-2.7.4.jar:/home/bedanglot/.m2/repository/org/yaml/snakeyaml/1.15/snakeyaml-1.15.jar:/tmp/dspot-experiments/dataset/april-2019/mustache.java_parent/compiler/target/dspot/dependencies/:/home/bedanglot/.m2/repository/eu/stamp-project/test-runner/2.0.7/test-runner-2.0.7-jar-with-dependencies.jar eu.stamp_project.testrunner.runner.JUnit4Runner --class com.github.mustachejava.ExtensionTest --tests testMultipleExtensions_literalMutationString404:testMultipleExtensions_literalMutationString400:testMultipleExtensions_literalMutationString399:testMultipleExtensions_literalMutationString395:testMultipleExtensions_literalMutationString403:testMultipleExtensions_literalMutationString401:testMultipleExtensions_literalMutationString393:testMultipleExtensions_literalMutationString397:testMultipleExtensions_literalMutationString394:testMultipleExtensions_literalMutationString398:testMultipleExtensions_literalMutationString396:testMultipleExtensions_literalMutationString402:testMultipleExtensions_remove409:testMultipleExtensions_add408:testMultipleExtensions_add406:testMultipleExtensions_add407:testMultipleExtensions_add405:testMultipleExtensionsnull411:testMultipleExtensionsnull410:testMultipleExtensionsnull412 
Parsing --class com.github.mustachejava.ExtensionTest --tests testMultipleExtensions_literalMutationString404:testMultipleExtensions_literalMutationString400:testMultipleExtensions_literalMutationString399:testMultipleExtensions_literalMutationString395:testMultipleExtensions_literalMutationString403:testMultipleExtensions_literalMutationString401:testMultipleExtensions_literalMutationString393:testMultipleExtensions_literalMutationString397:testMultipleExtensions_literalMutationString394:testMultipleExtensions_literalMutationString398:testMultipleExtensions_literalMutationString396:testMultipleExtensions_literalMutationString402:testMultipleExtensions_remove409:testMultipleExtensions_add408:testMultipleExtensions_add406:testMultipleExtensions_add407:testMultipleExtensions_add405:testMultipleExtensionsnull411:testMultipleExtensionsnull410:testMultipleExtensionsnull412
File saved to the following path: /tmp/dspot-experiments/dataset/april-2019/mustache.java_parent/compiler/target/dspot/TestResult.ser
Loading /tmp/dspot-experiments/dataset/april-2019/mustache.java_parent/compiler/target/dspot/TestResult.ser
[INFO] Test has been run: testMultipleExtensions_remove409,testMultipleExtensions_add405,testMultipleExtensions_add406,testMultipleExtensions_add407,testMultipleExtensions_add408,testMultipleExtensions_literalMutationString393,testMultipleExtensions_literalMutationString394(com.github.mustachejava.ExtensionTest): Template page1.txt not found,testMultipleExtensions_literalMutationString395(com.github.mustachejava.ExtensionTest): Template Ou9<J[+NAav5IF7,#$26458 not found,testMultipleExtensions_literalMutationString396(com.github.mustachejava.ExtensionTest): Template multipleextenvions.html not found,testMultipleExtensions_literalMutationString397(com.github.mustachejava.ExtensionTest): Template multipleext}ensions.html not found,testMultipleExtensions_literalMutationString398(com.github.mustachejava.ExtensionTest): Template multiplextensions.html not found,testMultipleExtensions_literalMutationString399(com.github.mustachejava.ExtensionTest): src/test/resources (Is a directory),testMultipleExtensions_literalMutationString400(com.github.mustachejava.ExtensionTest): src/test/resources/page1.txt (No such file or directory),testMultipleExtensions_literalMutationString401(com.github.mustachejava.ExtensionTest): src/test/resources/S c#9^r[QC&S,gLA[;ffKq (No such file or directory),testMultipleExtensions_literalMutationString402(com.github.mustachejava.ExtensionTest): src/test/resources/multiple xtensions.txt (No such file or directory),testMultipleExtensions_literalMutationString403(com.github.mustachejava.ExtensionTest): src/test/resources/multipleextensi7ons.txt (No such file or directory),testMultipleExtensions_literalMutationString404(com.github.mustachejava.ExtensionTest): src/test/resources/mutipleextensions.txt (No such file or directory),testMultipleExtensionsnull410(com.github.mustachejava.ExtensionTest): null,testMultipleExtensionsnull411(com.github.mustachejava.ExtensionTest): null,testMultipleExtensionsnull412(com.github.mustachejava.ExtensionTest): null
[INFO] 6 test pass, generating assertion...
[INFO] Add observations points in passing tests.
[INFO] Instrumentation...
 16% |======== ]/ 33% |================ ]- 50% |========================= ]\ 66% |================================= ]| 83% |========================================= ]/100% |================================================== ]-
[INFO] Run instrumented tests. (18)
[INFO] Compiling with -proceedOnError -encoding UTF-8 -cp /tmp/dspot-experiments/dataset/april-2019/mustache.java_parent/compiler/target/dspot/tmp_test_sources:/home/bedanglot/.m2/repository/junit/junit/4.11/junit-4.11.jar:/home/bedanglot/.m2/repository/org/hamcrest/hamcrest-core/1.3/hamcrest-core-1.3.jar:/home/bedanglot/.m2/repository/com/fasterxml/jackson/core/jackson-databind/2.7.4/jackson-databind-2.7.4.jar:/home/bedanglot/.m2/repository/com/fasterxml/jackson/core/jackson-annotations/2.7.0/jackson-annotations-2.7.0.jar:/home/bedanglot/.m2/repository/com/fasterxml/jackson/core/jackson-core/2.7.4/jackson-core-2.7.4.jar:/home/bedanglot/.m2/repository/com/fasterxml/jackson/dataformat/jackson-dataformat-yaml/2.7.4/jackson-dataformat-yaml-2.7.4.jar:/home/bedanglot/.m2/repository/org/yaml/snakeyaml/1.15/snakeyaml-1.15.jar:/tmp/dspot-experiments/dataset/april-2019/mustache.java_parent/compiler/target/classes/:/tmp/dspot-experiments/dataset/april-2019/mustache.java_parent/compiler/target/test-classes/:/tmp/dspot-experiments/dataset/april-2019/mustache.java_parent/compiler/target/dspot/dependencies/: -d /tmp/dspot-experiments/dataset/april-2019/mustache.java_parent/compiler/target/test-classes -1.8 -preserveAllLocals -noExit -enableJavadoc -proc:none /tmp/dspot-experiments/dataset/april-2019/mustache.java_parent/compiler/target/dspot/tmp_test_sources/com/github/mustachejava/ExtensionTest.java
[INFO] Run: java -classpath /tmp/dspot-experiments/dataset/april-2019/mustache.java_parent/compiler/target/classes/:/tmp/dspot-experiments/dataset/april-2019/mustache.java_parent/compiler/target/test-classes:/home/bedanglot/.m2/repository/junit/junit/4.11/junit-4.11.jar:/home/bedanglot/.m2/repository/org/hamcrest/hamcrest-core/1.3/hamcrest-core-1.3.jar:/home/bedanglot/.m2/repository/com/fasterxml/jackson/core/jackson-databind/2.7.4/jackson-databind-2.7.4.jar:/home/bedanglot/.m2/repository/com/fasterxml/jackson/core/jackson-annotations/2.7.0/jackson-annotations-2.7.0.jar:/home/bedanglot/.m2/repository/com/fasterxml/jackson/core/jackson-core/2.7.4/jackson-core-2.7.4.jar:/home/bedanglot/.m2/repository/com/fasterxml/jackson/dataformat/jackson-dataformat-yaml/2.7.4/jackson-dataformat-yaml-2.7.4.jar:/home/bedanglot/.m2/repository/org/yaml/snakeyaml/1.15/snakeyaml-1.15.jar:/tmp/dspot-experiments/dataset/april-2019/mustache.java_parent/compiler/target/dspot/dependencies/:/home/bedanglot/.m2/repository/eu/stamp-project/test-runner/2.0.7/test-runner-2.0.7-jar-with-dependencies.jar eu.stamp_project.testrunner.runner.JUnit4Runner --class com.github.mustachejava.ExtensionTest --tests testMultipleExtensions_literalMutationString393_withlog0:testMultipleExtensions_remove409_withlog0:testMultipleExtensions_add408_withlog0:testMultipleExtensions_add406_withlog0:testMultipleExtensions_add407_withlog0:testMultipleExtensions_add405_withlog0:testMultipleExtensions_literalMutationString393_withlog1:testMultipleExtensions_remove409_withlog1:testMultipleExtensions_add408_withlog1:testMultipleExtensions_add406_withlog1:testMultipleExtensions_add407_withlog1:testMultipleExtensions_add405_withlog1:testMultipleExtensions_literalMutationString393_withlog2:testMultipleExtensions_remove409_withlog2:testMultipleExtensions_add408_withlog2:testMultipleExtensions_add406_withlog2:testMultipleExtensions_add407_withlog2:testMultipleExtensions_add405_withlog2 
Parsing --class com.github.mustachejava.ExtensionTest --tests testMultipleExtensions_literalMutationString393_withlog0:testMultipleExtensions_remove409_withlog0:testMultipleExtensions_add408_withlog0:testMultipleExtensions_add406_withlog0:testMultipleExtensions_add407_withlog0:testMultipleExtensions_add405_withlog0:testMultipleExtensions_literalMutationString393_withlog1:testMultipleExtensions_remove409_withlog1:testMultipleExtensions_add408_withlog1:testMultipleExtensions_add406_withlog1:testMultipleExtensions_add407_withlog1:testMultipleExtensions_add405_withlog1:testMultipleExtensions_literalMutationString393_withlog2:testMultipleExtensions_remove409_withlog2:testMultipleExtensions_add408_withlog2:testMultipleExtensions_add406_withlog2:testMultipleExtensions_add407_withlog2:testMultipleExtensions_add405_withlog2
File saved to the following path: /tmp/dspot-experiments/dataset/april-2019/mustache.java_parent/compiler/target/dspot/observations.ser
File saved to the following path: /tmp/dspot-experiments/dataset/april-2019/mustache.java_parent/compiler/target/dspot/TestResult.ser
Loading /tmp/dspot-experiments/dataset/april-2019/mustache.java_parent/compiler/target/dspot/TestResult.ser
[INFO] Test has been run: testMultipleExtensions_literalMutationString393_withlog0,testMultipleExtensions_literalMutationString393_withlog1,testMultipleExtensions_literalMutationString393_withlog2,testMultipleExtensions_add408_withlog0,testMultipleExtensions_add408_withlog1,testMultipleExtensions_add408_withlog2,testMultipleExtensions_add407_withlog0,testMultipleExtensions_add407_withlog1,testMultipleExtensions_add407_withlog2,testMultipleExtensions_add406_withlog0,testMultipleExtensions_add406_withlog1,testMultipleExtensions_add406_withlog2,testMultipleExtensions_add405_withlog0,testMultipleExtensions_add405_withlog1,testMultipleExtensions_add405_withlog2,testMultipleExtensions_remove409_withlog0,testMultipleExtensions_remove409_withlog1,testMultipleExtensions_remove409_withlog2
[INFO] Generating assertions...
[INFO] 14 test fail, generating try/catch/fail blocks...
[INFO] 20 new tests with assertions generated
[INFO] ------------------------------------------------------------------------
[INFO] BUILD FAILURE
[INFO] ------------------------------------------------------------------------
[INFO] Total time: 25.319 s
[INFO] Finished at: 2019-05-24T14:11:07+02:00
[INFO] Final Memory: 49M/2276M
[INFO] ------------------------------------------------------------------------
[ERROR] Failed to execute goal eu.stamp-project:dspot-maven:2.1.1-SNAPSHOT:amplify-unit-tests (default-cli) on project compiler: Execution default-cli of goal eu.stamp-project:dspot-maven:2.1.1-SNAPSHOT:amplify-unit-tests failed: java.lang.RuntimeException: java.util.zip.ZipException: invalid LOC header (bad signature) -> [Help 1]
org.apache.maven.lifecycle.LifecycleExecutionException: Failed to execute goal eu.stamp-project:dspot-maven:2.1.1-SNAPSHOT:amplify-unit-tests (default-cli) on project compiler: Execution default-cli of goal eu.stamp-project:dspot-maven:2.1.1-SNAPSHOT:amplify-unit-tests failed: java.lang.RuntimeException: java.util.zip.ZipException: invalid LOC header (bad signature)
	at org.apache.maven.lifecycle.internal.MojoExecutor.execute(MojoExecutor.java:212)
	at org.apache.maven.lifecycle.internal.MojoExecutor.execute(MojoExecutor.java:153)
	at org.apache.maven.lifecycle.internal.MojoExecutor.execute(MojoExecutor.java:145)
	at org.apache.maven.lifecycle.internal.LifecycleModuleBuilder.buildProject(LifecycleModuleBuilder.java:116)
	at org.apache.maven.lifecycle.internal.LifecycleModuleBuilder.buildProject(LifecycleModuleBuilder.java:80)
	at org.apache.maven.lifecycle.internal.builder.singlethreaded.SingleThreadedBuilder.build(SingleThreadedBuilder.java:51)
	at org.apache.maven.lifecycle.internal.LifecycleStarter.execute(LifecycleStarter.java:128)
	at org.apache.maven.DefaultMaven.doExecute(DefaultMaven.java:307)
	at org.apache.maven.DefaultMaven.doExecute(DefaultMaven.java:193)
	at org.apache.maven.DefaultMaven.execute(DefaultMaven.java:106)
	at org.apache.maven.cli.MavenCli.execute(MavenCli.java:863)
	at org.apache.maven.cli.MavenCli.doMain(MavenCli.java:288)
	at org.apache.maven.cli.MavenCli.main(MavenCli.java:199)
	at sun.reflect.NativeMethodAccessorImpl.invoke0(Native Method)
	at sun.reflect.NativeMethodAccessorImpl.invoke(NativeMethodAccessorImpl.java:62)
	at sun.reflect.DelegatingMethodAccessorImpl.invoke(DelegatingMethodAccessorImpl.java:43)
	at java.lang.reflect.Method.invoke(Method.java:498)
	at org.codehaus.plexus.classworlds.launcher.Launcher.launchEnhanced(Launcher.java:289)
	at org.codehaus.plexus.classworlds.launcher.Launcher.launch(Launcher.java:229)
	at org.codehaus.plexus.classworlds.launcher.Launcher.mainWithExitCode(Launcher.java:415)
	at org.codehaus.plexus.classworlds.launcher.Launcher.main(Launcher.java:356)
Caused by: org.apache.maven.plugin.PluginExecutionException: Execution default-cli of goal eu.stamp-project:dspot-maven:2.1.1-SNAPSHOT:amplify-unit-tests failed: java.lang.RuntimeException: java.util.zip.ZipException: invalid LOC header (bad signature)
	at org.apache.maven.plugin.DefaultBuildPluginManager.executeMojo(DefaultBuildPluginManager.java:145)
	at org.apache.maven.lifecycle.internal.MojoExecutor.execute(MojoExecutor.java:207)
	... 20 more
Caused by: java.lang.RuntimeException: java.lang.RuntimeException: java.util.zip.ZipException: invalid LOC header (bad signature)
	at eu.stamp_project.DSpotMojo.execute(DSpotMojo.java:313)
	at org.apache.maven.plugin.DefaultBuildPluginManager.executeMojo(DefaultBuildPluginManager.java:134)
	... 21 more
Caused by: java.lang.RuntimeException: java.util.zip.ZipException: invalid LOC header (bad signature)
	at eu.stamp_project.utils.DSpotUtils.lambda$copyPackageFromResources$1(DSpotUtils.java:199)
	at java.util.Spliterators$ArraySpliterator.forEachRemaining(Spliterators.java:948)
	at java.util.stream.ReferencePipeline$Head.forEach(ReferencePipeline.java:580)
	at eu.stamp_project.utils.DSpotUtils.copyPackageFromResources(DSpotUtils.java:181)
	at eu.stamp_project.utils.compilation.TestCompiler.compileAndRun(TestCompiler.java:92)
	at eu.stamp_project.utils.compilation.TestCompiler.compileRunAndDiscardUncompilableAndFailingTestMethods(TestCompiler.java:55)
	at eu.stamp_project.dspot.Amplification.assertionsAmplification(Amplification.java:225)
	at eu.stamp_project.dspot.Amplification.amplification(Amplification.java:186)
	at eu.stamp_project.dspot.Amplification.amplification(Amplification.java:131)
	at eu.stamp_project.dspot.DSpot._amplify(DSpot.java:274)
	at eu.stamp_project.dspot.DSpot.lambda$amplifyTestClassesTestMethods$5(DSpot.java:255)
	at java.util.stream.ReferencePipeline$3$1.accept(ReferencePipeline.java:193)
	at java.util.ArrayList$ArrayListSpliterator.forEachRemaining(ArrayList.java:1382)
	at java.util.stream.AbstractPipeline.copyInto(AbstractPipeline.java:482)
	at java.util.stream.AbstractPipeline.wrapAndCopyInto(AbstractPipeline.java:472)
	at java.util.stream.ReduceOps$ReduceOp.evaluateSequential(ReduceOps.java:708)
	at java.util.stream.AbstractPipeline.evaluate(AbstractPipeline.java:234)
	at java.util.stream.ReferencePipeline.collect(ReferencePipeline.java:499)
	at eu.stamp_project.dspot.DSpot.amplifyTestClassesTestMethods(DSpot.java:256)
	at eu.stamp_project.Main.run(Main.java:65)
	at eu.stamp_project.DSpotMojo.execute(DSpotMojo.java:311)
	... 22 more
Caused by: java.util.zip.ZipException: invalid LOC header (bad signature)
	at java.util.zip.ZipFile.read(Native Method)
	at java.util.zip.ZipFile.access$1400(ZipFile.java:60)
	at java.util.zip.ZipFile$ZipFileInputStream.read(ZipFile.java:734)
	at java.util.zip.ZipFile$ZipFileInflaterInputStream.fill(ZipFile.java:434)
	at java.util.zip.InflaterInputStream.read(InflaterInputStream.java:158)
	at java.io.FilterInputStream.read(FilterInputStream.java:133)
	at java.io.FilterInputStream.read(FilterInputStream.java:107)
	at eu.stamp_project.utils.DSpotUtils.lambda$copyPackageFromResources$1(DSpotUtils.java:194)
	... 42 more
[ERROR] 
[ERROR] 
[ERROR] For more information about the errors and possible solutions, please read the following articles:
[ERROR] [Help 1] http://cwiki.apache.org/confluence/display/MAVEN/PluginExecutionException
