[1mApache Maven 3.6.0[m
Maven home: /usr/share/maven
Java version: 1.8.0_181, vendor: Oracle Corporation, runtime: /home/bdanglot/Documents/jdk1.8.0_181/jre
Default locale: en_GB, platform encoding: UTF-8
OS name: "linux", version: "4.19.0-4-amd64", arch: "amd64", family: "unix"
[[1;36mDEBUG[m] Created new class realm maven.api
[[1;36mDEBUG[m] Importing foreign packages into class realm maven.api
[[1;36mDEBUG[m]   Imported: javax.annotation.* < plexus.core
[[1;36mDEBUG[m]   Imported: javax.annotation.security.* < plexus.core
[[1;36mDEBUG[m]   Imported: javax.enterprise.inject.* < plexus.core
[[1;36mDEBUG[m]   Imported: javax.enterprise.util.* < plexus.core
[[1;36mDEBUG[m]   Imported: javax.inject.* < plexus.core
[[1;36mDEBUG[m]   Imported: org.apache.maven.* < plexus.core
[[1;36mDEBUG[m]   Imported: org.apache.maven.artifact < plexus.core
[[1;36mDEBUG[m]   Imported: org.apache.maven.classrealm < plexus.core
[[1;36mDEBUG[m]   Imported: org.apache.maven.cli < plexus.core
[[1;36mDEBUG[m]   Imported: org.apache.maven.configuration < plexus.core
[[1;36mDEBUG[m]   Imported: org.apache.maven.exception < plexus.core
[[1;36mDEBUG[m]   Imported: org.apache.maven.execution < plexus.core
[[1;36mDEBUG[m]   Imported: org.apache.maven.execution.scope < plexus.core
[[1;36mDEBUG[m]   Imported: org.apache.maven.lifecycle < plexus.core
[[1;36mDEBUG[m]   Imported: org.apache.maven.model < plexus.core
[[1;36mDEBUG[m]   Imported: org.apache.maven.monitor < plexus.core
[[1;36mDEBUG[m]   Imported: org.apache.maven.plugin < plexus.core
[[1;36mDEBUG[m]   Imported: org.apache.maven.profiles < plexus.core
[[1;36mDEBUG[m]   Imported: org.apache.maven.project < plexus.core
[[1;36mDEBUG[m]   Imported: org.apache.maven.reporting < plexus.core
[[1;36mDEBUG[m]   Imported: org.apache.maven.repository < plexus.core
[[1;36mDEBUG[m]   Imported: org.apache.maven.rtinfo < plexus.core
[[1;36mDEBUG[m]   Imported: org.apache.maven.settings < plexus.core
[[1;36mDEBUG[m]   Imported: org.apache.maven.toolchain < plexus.core
[[1;36mDEBUG[m]   Imported: org.apache.maven.usability < plexus.core
[[1;36mDEBUG[m]   Imported: org.apache.maven.wagon.* < plexus.core
[[1;36mDEBUG[m]   Imported: org.apache.maven.wagon.authentication < plexus.core
[[1;36mDEBUG[m]   Imported: org.apache.maven.wagon.authorization < plexus.core
[[1;36mDEBUG[m]   Imported: org.apache.maven.wagon.events < plexus.core
[[1;36mDEBUG[m]   Imported: org.apache.maven.wagon.observers < plexus.core
[[1;36mDEBUG[m]   Imported: org.apache.maven.wagon.proxy < plexus.core
[[1;36mDEBUG[m]   Imported: org.apache.maven.wagon.repository < plexus.core
[[1;36mDEBUG[m]   Imported: org.apache.maven.wagon.resource < plexus.core
[[1;36mDEBUG[m]   Imported: org.codehaus.classworlds < plexus.core
[[1;36mDEBUG[m]   Imported: org.codehaus.plexus.* < plexus.core
[[1;36mDEBUG[m]   Imported: org.codehaus.plexus.classworlds < plexus.core
[[1;36mDEBUG[m]   Imported: org.codehaus.plexus.component < plexus.core
[[1;36mDEBUG[m]   Imported: org.codehaus.plexus.configuration < plexus.core
[[1;36mDEBUG[m]   Imported: org.codehaus.plexus.container < plexus.core
[[1;36mDEBUG[m]   Imported: org.codehaus.plexus.context < plexus.core
[[1;36mDEBUG[m]   Imported: org.codehaus.plexus.lifecycle < plexus.core
[[1;36mDEBUG[m]   Imported: org.codehaus.plexus.logging < plexus.core
[[1;36mDEBUG[m]   Imported: org.codehaus.plexus.personality < plexus.core
[[1;36mDEBUG[m]   Imported: org.codehaus.plexus.util.xml.Xpp3Dom < plexus.core
[[1;36mDEBUG[m]   Imported: org.codehaus.plexus.util.xml.pull.XmlPullParser < plexus.core
[[1;36mDEBUG[m]   Imported: org.codehaus.plexus.util.xml.pull.XmlPullParserException < plexus.core
[[1;36mDEBUG[m]   Imported: org.codehaus.plexus.util.xml.pull.XmlSerializer < plexus.core
[[1;36mDEBUG[m]   Imported: org.eclipse.aether.* < plexus.core
[[1;36mDEBUG[m]   Imported: org.eclipse.aether.artifact < plexus.core
[[1;36mDEBUG[m]   Imported: org.eclipse.aether.collection < plexus.core
[[1;36mDEBUG[m]   Imported: org.eclipse.aether.deployment < plexus.core
[[1;36mDEBUG[m]   Imported: org.eclipse.aether.graph < plexus.core
[[1;36mDEBUG[m]   Imported: org.eclipse.aether.impl < plexus.core
[[1;36mDEBUG[m]   Imported: org.eclipse.aether.installation < plexus.core
[[1;36mDEBUG[m]   Imported: org.eclipse.aether.internal.impl < plexus.core
[[1;36mDEBUG[m]   Imported: org.eclipse.aether.metadata < plexus.core
[[1;36mDEBUG[m]   Imported: org.eclipse.aether.repository < plexus.core
[[1;36mDEBUG[m]   Imported: org.eclipse.aether.resolution < plexus.core
[[1;36mDEBUG[m]   Imported: org.eclipse.aether.spi < plexus.core
[[1;36mDEBUG[m]   Imported: org.eclipse.aether.transfer < plexus.core
[[1;36mDEBUG[m]   Imported: org.eclipse.aether.version < plexus.core
[[1;36mDEBUG[m]   Imported: org.fusesource.jansi.* < plexus.core
[[1;36mDEBUG[m]   Imported: org.slf4j.* < plexus.core
[[1;36mDEBUG[m]   Imported: org.slf4j.helpers.* < plexus.core
[[1;36mDEBUG[m]   Imported: org.slf4j.spi.* < plexus.core
[[1;36mDEBUG[m] Populating class realm maven.api
[[1;34mINFO[m] Error stacktraces are turned on.
[[1;36mDEBUG[m] Message scheme: color
[[1;36mDEBUG[m] Message styles: [1;36mdebug[m [1;34minfo[m [1;33mwarning[m [1;31merror[m [1;32msuccess[m [1;31mfailure[m [1mstrong[m [32mmojo[m [36mproject[m
[[1;36mDEBUG[m] Reading global settings from /usr/share/maven/conf/settings.xml
[[1;36mDEBUG[m] Reading user settings from /home/bdanglot/.m2/settings.xml
[[1;36mDEBUG[m] Reading global toolchains from /usr/share/maven/conf/toolchains.xml
[[1;36mDEBUG[m] Reading user toolchains from /home/bdanglot/.m2/toolchains.xml
[[1;36mDEBUG[m] Using local repository at /home/bdanglot/.m2/repository
[[1;36mDEBUG[m] Using manager EnhancedLocalRepositoryManager with priority 10.0 for /home/bdanglot/.m2/repository
[[1;34mINFO[m] Scanning for projects...
[[1;36mDEBUG[m] Extension realms for project commons-io:commons-io:jar:2.6-SNAPSHOT: (none)
[[1;36mDEBUG[m] Looking up lifecycle mappings for packaging jar from ClassRealm[plexus.core, parent: null]
[[1;36mDEBUG[m] Extension realms for project org.apache.commons:commons-parent:pom:41: (none)
[[1;36mDEBUG[m] Looking up lifecycle mappings for packaging pom from ClassRealm[plexus.core, parent: null]
[[1;36mDEBUG[m] Extension realms for project org.apache:apache:pom:18: (none)
[[1;36mDEBUG[m] Looking up lifecycle mappings for packaging pom from ClassRealm[plexus.core, parent: null]
[[1;36mDEBUG[m] === REACTOR BUILD PLAN ================================================
[[1;36mDEBUG[m] Project: commons-io:commons-io:jar:2.6-SNAPSHOT
[[1;36mDEBUG[m] Tasks:   [eu.stamp-project:dspot-maven:2.0.1-SNAPSHOT:amplify-unit-tests]
[[1;36mDEBUG[m] Style:   Regular
[[1;36mDEBUG[m] =======================================================================
[[1;34mINFO[m] 
[[1;34mINFO[m] [1m-----------------------< [0;36mcommons-io:commons-io[0;1m >------------------------[m
[[1;34mINFO[m] [1mBuilding Apache Commons IO 2.6-SNAPSHOT[m
[[1;34mINFO[m] [1m--------------------------------[ jar ]---------------------------------[m
[[1;36mDEBUG[m] Lifecycle default -> [validate, initialize, generate-sources, process-sources, generate-resources, process-resources, compile, process-classes, generate-test-sources, process-test-sources, generate-test-resources, process-test-resources, test-compile, process-test-classes, test, prepare-package, package, pre-integration-test, integration-test, post-integration-test, verify, install, deploy]
[[1;36mDEBUG[m] Lifecycle clean -> [pre-clean, clean, post-clean]
[[1;36mDEBUG[m] Lifecycle site -> [pre-site, site, post-site, site-deploy]
[[1;36mDEBUG[m] === PROJECT BUILD PLAN ================================================
[[1;36mDEBUG[m] Project:       commons-io:commons-io:2.6-SNAPSHOT
[[1;36mDEBUG[m] Dependencies (collect): []
[[1;36mDEBUG[m] Dependencies (resolve): [test]
[[1;36mDEBUG[m] Repositories (dependencies): [apache.snapshots (https://repository.apache.org/snapshots, default, snapshots), central (https://repo.maven.apache.org/maven2, default, releases)]
[[1;36mDEBUG[m] Repositories (plugins)     : [central (https://repo.maven.apache.org/maven2, default, releases)]
[[1;36mDEBUG[m] -----------------------------------------------------------------------
[[1;36mDEBUG[m] Goal:          eu.stamp-project:dspot-maven:2.0.1-SNAPSHOT:amplify-unit-tests (default-cli)
[[1;36mDEBUG[m] Style:         Regular
[[1;36mDEBUG[m] Configuration: <?xml version="1.0" encoding="UTF-8"?>
<configuration>
  <amplifiers default-value="None">${amplifiers}</amplifiers>
  <automaticBuilder default-value="MavenBuilder">${automatic-builder}</automaticBuilder>
  <budgetizer default-value="NoBudgetizer">${budgetizer}</budgetizer>
  <cases>${cases}</cases>
  <clean default-value="false">${clean}</clean>
  <descartes default-value="true">${descartes}</descartes>
  <example default-value="false">${example}</example>
  <generateNewTestClass default-value="false">${generate-new-test-class}</generateNewTestClass>
  <help default-value="false">${help}</help>
  <iteration default-value="3">${iteration}</iteration>
  <keepOriginalTestMethods default-value="false">${keep-original-test-methods}</keepOriginalTestMethods>
  <mavenHome>${maven-home}</mavenHome>
  <maxTestAmplified default-value="200">${max-test-amplified}</maxTestAmplified>
  <noMinimize default-value="false">${no-minimize}</noMinimize>
  <outputPath default-value="target/dspot/output">${output-path}</outputPath>
  <pathPitResult>${path-pit-result}</pathPitResult>
  <pathToProperties default-value="">${path-to-properties}</pathToProperties>
  <pathToSecondVersion default-value="">${path-to-second-version}</pathToSecondVersion>
  <pathToTestListCsv default-value="">${path-to-test-list-csv}</pathToTestListCsv>
  <project default-value="${project}"/>
  <randomSeed default-value="23">${randomSeed}</randomSeed>
  <targetOneTestClass default-value="false">${targetOneTestClass}</targetOneTestClass>
  <test default-value="all">${test}</test>
  <testCriterion default-value="PitMutantScoreSelector">${test-criterion}</testCriterion>
  <timeOut default-value="10000">${timeOut}</timeOut>
  <useMavenToExeTest default-value="false">${use-maven-to-exe-test}</useMavenToExeTest>
  <verbose default-value="false">${verbose}</verbose>
  <withComment default-value="false">${with-comment}</withComment>
  <workingDirectory default-value="false">${working-directory}</workingDirectory>
</configuration>
[[1;36mDEBUG[m] =======================================================================
[[1;36mDEBUG[m] Dependency collection stats: {ConflictMarker.analyzeTime=1510043, ConflictMarker.markTime=2634291, ConflictMarker.nodeCount=3, ConflictIdSorter.graphTime=755412, ConflictIdSorter.topsortTime=659351, ConflictIdSorter.conflictIdCount=2, ConflictIdSorter.conflictIdCycleCount=0, ConflictResolver.totalTime=4865059, ConflictResolver.conflictItemCount=2, DefaultDependencyCollector.collectTime=23085047, DefaultDependencyCollector.transformTime=14346798}
[[1;36mDEBUG[m] commons-io:commons-io:jar:2.6-SNAPSHOT
[[1;36mDEBUG[m]    junit:junit:jar:4.12:test
[[1;36mDEBUG[m]       org.hamcrest:hamcrest-core:jar:1.3:test
[[1;34mINFO[m] 
[[1;34mINFO[m] [1m--- [0;32mdspot-maven:2.0.1-SNAPSHOT:amplify-unit-tests[m [1m(default-cli)[m @ [36mcommons-io[0;1m ---[m
[[1;36mDEBUG[m] Skipped remote request for eu.stamp-project:dspot:2.0.1-SNAPSHOT/maven-metadata.xml locally installed metadata up-to-date.
[[1;36mDEBUG[m] Skipped remote request for eu.stamp-project:dspot:2.0.1-SNAPSHOT/maven-metadata.xml locally installed metadata up-to-date.
[[1;36mDEBUG[m] Skipped remote request for eu.stamp-project:dspot:2.0.1-SNAPSHOT/maven-metadata.xml locally installed metadata up-to-date.
[[1;36mDEBUG[m] Skipped remote request for eu.stamp-project:dspot:2.0.1-SNAPSHOT/maven-metadata.xml locally installed metadata up-to-date.
[[1;36mDEBUG[m] Could not find metadata org.eclipse.platform:org.eclipse.core.resources/maven-metadata.xml in local (/home/bdanglot/.m2/repository)
[[1;36mDEBUG[m] Skipped remote request for org.eclipse.platform:org.eclipse.core.resources/maven-metadata.xml, locally cached metadata up-to-date.
[[1;36mDEBUG[m] Failure to find org.eclipse.platform:org.eclipse.core.resources/maven-metadata.xml in https://repo.gradle.org/gradle/libs-releases-local/ was cached in the local repository, resolution will not be reattempted until the update interval of gradle-repo has elapsed or updates are forced
[[1;36mDEBUG[m] Failure to find org.eclipse.platform:org.eclipse.core.resources/maven-metadata.xml in https://oss.sonatype.org/content/repositories/snapshots was cached in the local repository, resolution will not be reattempted until the update interval of sonatype-nexus-snapshots has elapsed or updates are forced
[[1;36mDEBUG[m] Failure to find org.eclipse.platform:org.eclipse.core.resources/maven-metadata.xml in http://maven.inria.fr/artifactory/spoon-public-snapshot was cached in the local repository, resolution will not be reattempted until the update interval of maven.inria.fr-snapshot has elapsed or updates are forced
[[1;36mDEBUG[m] Could not find metadata org.eclipse.platform:org.eclipse.core.expressions/maven-metadata.xml in local (/home/bdanglot/.m2/repository)
[[1;36mDEBUG[m] Skipped remote request for org.eclipse.platform:org.eclipse.core.expressions/maven-metadata.xml, locally cached metadata up-to-date.
[[1;36mDEBUG[m] Failure to find org.eclipse.platform:org.eclipse.core.expressions/maven-metadata.xml in https://repo.gradle.org/gradle/libs-releases-local/ was cached in the local repository, resolution will not be reattempted until the update interval of gradle-repo has elapsed or updates are forced
[[1;36mDEBUG[m] Failure to find org.eclipse.platform:org.eclipse.core.expressions/maven-metadata.xml in https://oss.sonatype.org/content/repositories/snapshots was cached in the local repository, resolution will not be reattempted until the update interval of sonatype-nexus-snapshots has elapsed or updates are forced
[[1;36mDEBUG[m] Failure to find org.eclipse.platform:org.eclipse.core.expressions/maven-metadata.xml in http://maven.inria.fr/artifactory/spoon-public-snapshot was cached in the local repository, resolution will not be reattempted until the update interval of maven.inria.fr-snapshot has elapsed or updates are forced
[[1;36mDEBUG[m] Could not find metadata org.eclipse.platform:org.eclipse.core.runtime/maven-metadata.xml in local (/home/bdanglot/.m2/repository)
[[1;36mDEBUG[m] Skipped remote request for org.eclipse.platform:org.eclipse.core.runtime/maven-metadata.xml, locally cached metadata up-to-date.
[[1;36mDEBUG[m] Failure to find org.eclipse.platform:org.eclipse.core.runtime/maven-metadata.xml in https://repo.gradle.org/gradle/libs-releases-local/ was cached in the local repository, resolution will not be reattempted until the update interval of gradle-repo has elapsed or updates are forced
[[1;36mDEBUG[m] Failure to find org.eclipse.platform:org.eclipse.core.runtime/maven-metadata.xml in https://oss.sonatype.org/content/repositories/snapshots was cached in the local repository, resolution will not be reattempted until the update interval of sonatype-nexus-snapshots has elapsed or updates are forced
[[1;36mDEBUG[m] Failure to find org.eclipse.platform:org.eclipse.core.runtime/maven-metadata.xml in http://maven.inria.fr/artifactory/spoon-public-snapshot was cached in the local repository, resolution will not be reattempted until the update interval of maven.inria.fr-snapshot has elapsed or updates are forced
[[1;36mDEBUG[m] Could not find metadata org.eclipse.platform:org.eclipse.osgi/maven-metadata.xml in local (/home/bdanglot/.m2/repository)
[[1;36mDEBUG[m] Skipped remote request for org.eclipse.platform:org.eclipse.osgi/maven-metadata.xml, locally cached metadata up-to-date.
[[1;36mDEBUG[m] Failure to find org.eclipse.platform:org.eclipse.osgi/maven-metadata.xml in https://repo.gradle.org/gradle/libs-releases-local/ was cached in the local repository, resolution will not be reattempted until the update interval of gradle-repo has elapsed or updates are forced
[[1;36mDEBUG[m] Failure to find org.eclipse.platform:org.eclipse.osgi/maven-metadata.xml in https://oss.sonatype.org/content/repositories/snapshots was cached in the local repository, resolution will not be reattempted until the update interval of sonatype-nexus-snapshots has elapsed or updates are forced
[[1;36mDEBUG[m] Failure to find org.eclipse.platform:org.eclipse.osgi/maven-metadata.xml in http://maven.inria.fr/artifactory/spoon-public-snapshot was cached in the local repository, resolution will not be reattempted until the update interval of maven.inria.fr-snapshot has elapsed or updates are forced
[[1;36mDEBUG[m] Could not find metadata org.eclipse.platform:org.eclipse.equinox.common/maven-metadata.xml in local (/home/bdanglot/.m2/repository)
[[1;36mDEBUG[m] Skipped remote request for org.eclipse.platform:org.eclipse.equinox.common/maven-metadata.xml, locally cached metadata up-to-date.
[[1;36mDEBUG[m] Failure to find org.eclipse.platform:org.eclipse.equinox.common/maven-metadata.xml in https://repo.gradle.org/gradle/libs-releases-local/ was cached in the local repository, resolution will not be reattempted until the update interval of gradle-repo has elapsed or updates are forced
[[1;36mDEBUG[m] Failure to find org.eclipse.platform:org.eclipse.equinox.common/maven-metadata.xml in https://oss.sonatype.org/content/repositories/snapshots was cached in the local repository, resolution will not be reattempted until the update interval of sonatype-nexus-snapshots has elapsed or updates are forced
[[1;36mDEBUG[m] Failure to find org.eclipse.platform:org.eclipse.equinox.common/maven-metadata.xml in http://maven.inria.fr/artifactory/spoon-public-snapshot was cached in the local repository, resolution will not be reattempted until the update interval of maven.inria.fr-snapshot has elapsed or updates are forced
[[1;36mDEBUG[m] Could not find metadata org.eclipse.platform:org.eclipse.core.jobs/maven-metadata.xml in local (/home/bdanglot/.m2/repository)
[[1;36mDEBUG[m] Skipped remote request for org.eclipse.platform:org.eclipse.core.jobs/maven-metadata.xml, locally cached metadata up-to-date.
[[1;36mDEBUG[m] Failure to find org.eclipse.platform:org.eclipse.core.jobs/maven-metadata.xml in https://repo.gradle.org/gradle/libs-releases-local/ was cached in the local repository, resolution will not be reattempted until the update interval of gradle-repo has elapsed or updates are forced
[[1;36mDEBUG[m] Failure to find org.eclipse.platform:org.eclipse.core.jobs/maven-metadata.xml in https://oss.sonatype.org/content/repositories/snapshots was cached in the local repository, resolution will not be reattempted until the update interval of sonatype-nexus-snapshots has elapsed or updates are forced
[[1;36mDEBUG[m] Failure to find org.eclipse.platform:org.eclipse.core.jobs/maven-metadata.xml in http://maven.inria.fr/artifactory/spoon-public-snapshot was cached in the local repository, resolution will not be reattempted until the update interval of maven.inria.fr-snapshot has elapsed or updates are forced
[[1;36mDEBUG[m] Could not find metadata org.eclipse.platform:org.eclipse.equinox.registry/maven-metadata.xml in local (/home/bdanglot/.m2/repository)
[[1;36mDEBUG[m] Skipped remote request for org.eclipse.platform:org.eclipse.equinox.registry/maven-metadata.xml, locally cached metadata up-to-date.
[[1;36mDEBUG[m] Failure to find org.eclipse.platform:org.eclipse.equinox.registry/maven-metadata.xml in https://repo.gradle.org/gradle/libs-releases-local/ was cached in the local repository, resolution will not be reattempted until the update interval of gradle-repo has elapsed or updates are forced
[[1;36mDEBUG[m] Failure to find org.eclipse.platform:org.eclipse.equinox.registry/maven-metadata.xml in https://oss.sonatype.org/content/repositories/snapshots was cached in the local repository, resolution will not be reattempted until the update interval of sonatype-nexus-snapshots has elapsed or updates are forced
[[1;36mDEBUG[m] Failure to find org.eclipse.platform:org.eclipse.equinox.registry/maven-metadata.xml in http://maven.inria.fr/artifactory/spoon-public-snapshot was cached in the local repository, resolution will not be reattempted until the update interval of maven.inria.fr-snapshot has elapsed or updates are forced
[[1;36mDEBUG[m] Could not find metadata org.eclipse.platform:org.eclipse.equinox.common/maven-metadata.xml in local (/home/bdanglot/.m2/repository)
[[1;36mDEBUG[m] Skipped remote request for org.eclipse.platform:org.eclipse.equinox.common/maven-metadata.xml, locally cached metadata up-to-date.
[[1;36mDEBUG[m] Failure to find org.eclipse.platform:org.eclipse.equinox.common/maven-metadata.xml in https://repo.gradle.org/gradle/libs-releases-local/ was cached in the local repository, resolution will not be reattempted until the update interval of gradle-repo has elapsed or updates are forced
[[1;36mDEBUG[m] Failure to find org.eclipse.platform:org.eclipse.equinox.common/maven-metadata.xml in https://oss.sonatype.org/content/repositories/snapshots was cached in the local repository, resolution will not be reattempted until the update interval of sonatype-nexus-snapshots has elapsed or updates are forced
[[1;36mDEBUG[m] Failure to find org.eclipse.platform:org.eclipse.equinox.common/maven-metadata.xml in http://maven.inria.fr/artifactory/spoon-public-snapshot was cached in the local repository, resolution will not be reattempted until the update interval of maven.inria.fr-snapshot has elapsed or updates are forced
[[1;36mDEBUG[m] Could not find metadata org.eclipse.platform:org.eclipse.equinox.preferences/maven-metadata.xml in local (/home/bdanglot/.m2/repository)
[[1;36mDEBUG[m] Skipped remote request for org.eclipse.platform:org.eclipse.equinox.preferences/maven-metadata.xml, locally cached metadata up-to-date.
[[1;36mDEBUG[m] Failure to find org.eclipse.platform:org.eclipse.equinox.preferences/maven-metadata.xml in https://repo.gradle.org/gradle/libs-releases-local/ was cached in the local repository, resolution will not be reattempted until the update interval of gradle-repo has elapsed or updates are forced
[[1;36mDEBUG[m] Failure to find org.eclipse.platform:org.eclipse.equinox.preferences/maven-metadata.xml in https://oss.sonatype.org/content/repositories/snapshots was cached in the local repository, resolution will not be reattempted until the update interval of sonatype-nexus-snapshots has elapsed or updates are forced
[[1;36mDEBUG[m] Failure to find org.eclipse.platform:org.eclipse.equinox.preferences/maven-metadata.xml in http://maven.inria.fr/artifactory/spoon-public-snapshot was cached in the local repository, resolution will not be reattempted until the update interval of maven.inria.fr-snapshot has elapsed or updates are forced
[[1;36mDEBUG[m] Could not find metadata org.eclipse.platform:org.eclipse.equinox.common/maven-metadata.xml in local (/home/bdanglot/.m2/repository)
[[1;36mDEBUG[m] Skipped remote request for org.eclipse.platform:org.eclipse.equinox.common/maven-metadata.xml, locally cached metadata up-to-date.
[[1;36mDEBUG[m] Failure to find org.eclipse.platform:org.eclipse.equinox.common/maven-metadata.xml in https://repo.gradle.org/gradle/libs-releases-local/ was cached in the local repository, resolution will not be reattempted until the update interval of gradle-repo has elapsed or updates are forced
[[1;36mDEBUG[m] Failure to find org.eclipse.platform:org.eclipse.equinox.common/maven-metadata.xml in https://oss.sonatype.org/content/repositories/snapshots was cached in the local repository, resolution will not be reattempted until the update interval of sonatype-nexus-snapshots has elapsed or updates are forced
[[1;36mDEBUG[m] Failure to find org.eclipse.platform:org.eclipse.equinox.common/maven-metadata.xml in http://maven.inria.fr/artifactory/spoon-public-snapshot was cached in the local repository, resolution will not be reattempted until the update interval of maven.inria.fr-snapshot has elapsed or updates are forced
[[1;36mDEBUG[m] Could not find metadata org.eclipse.platform:org.eclipse.core.contenttype/maven-metadata.xml in local (/home/bdanglot/.m2/repository)
[[1;36mDEBUG[m] Skipped remote request for org.eclipse.platform:org.eclipse.core.contenttype/maven-metadata.xml, locally cached metadata up-to-date.
[[1;36mDEBUG[m] Failure to find org.eclipse.platform:org.eclipse.core.contenttype/maven-metadata.xml in https://repo.gradle.org/gradle/libs-releases-local/ was cached in the local repository, resolution will not be reattempted until the update interval of gradle-repo has elapsed or updates are forced
[[1;36mDEBUG[m] Failure to find org.eclipse.platform:org.eclipse.core.contenttype/maven-metadata.xml in https://oss.sonatype.org/content/repositories/snapshots was cached in the local repository, resolution will not be reattempted until the update interval of sonatype-nexus-snapshots has elapsed or updates are forced
[[1;36mDEBUG[m] Failure to find org.eclipse.platform:org.eclipse.core.contenttype/maven-metadata.xml in http://maven.inria.fr/artifactory/spoon-public-snapshot was cached in the local repository, resolution will not be reattempted until the update interval of maven.inria.fr-snapshot has elapsed or updates are forced
[[1;36mDEBUG[m] Could not find metadata org.eclipse.platform:org.eclipse.equinox.preferences/maven-metadata.xml in local (/home/bdanglot/.m2/repository)
[[1;36mDEBUG[m] Skipped remote request for org.eclipse.platform:org.eclipse.equinox.preferences/maven-metadata.xml, locally cached metadata up-to-date.
[[1;36mDEBUG[m] Failure to find org.eclipse.platform:org.eclipse.equinox.preferences/maven-metadata.xml in https://repo.gradle.org/gradle/libs-releases-local/ was cached in the local repository, resolution will not be reattempted until the update interval of gradle-repo has elapsed or updates are forced
[[1;36mDEBUG[m] Failure to find org.eclipse.platform:org.eclipse.equinox.preferences/maven-metadata.xml in https://oss.sonatype.org/content/repositories/snapshots was cached in the local repository, resolution will not be reattempted until the update interval of sonatype-nexus-snapshots has elapsed or updates are forced
[[1;36mDEBUG[m] Failure to find org.eclipse.platform:org.eclipse.equinox.preferences/maven-metadata.xml in http://maven.inria.fr/artifactory/spoon-public-snapshot was cached in the local repository, resolution will not be reattempted until the update interval of maven.inria.fr-snapshot has elapsed or updates are forced
[[1;36mDEBUG[m] Could not find metadata org.eclipse.platform:org.eclipse.equinox.registry/maven-metadata.xml in local (/home/bdanglot/.m2/repository)
[[1;36mDEBUG[m] Skipped remote request for org.eclipse.platform:org.eclipse.equinox.registry/maven-metadata.xml, locally cached metadata up-to-date.
[[1;36mDEBUG[m] Failure to find org.eclipse.platform:org.eclipse.equinox.registry/maven-metadata.xml in https://repo.gradle.org/gradle/libs-releases-local/ was cached in the local repository, resolution will not be reattempted until the update interval of gradle-repo has elapsed or updates are forced
[[1;36mDEBUG[m] Failure to find org.eclipse.platform:org.eclipse.equinox.registry/maven-metadata.xml in https://oss.sonatype.org/content/repositories/snapshots was cached in the local repository, resolution will not be reattempted until the update interval of sonatype-nexus-snapshots has elapsed or updates are forced
[[1;36mDEBUG[m] Failure to find org.eclipse.platform:org.eclipse.equinox.registry/maven-metadata.xml in http://maven.inria.fr/artifactory/spoon-public-snapshot was cached in the local repository, resolution will not be reattempted until the update interval of maven.inria.fr-snapshot has elapsed or updates are forced
[[1;36mDEBUG[m] Could not find metadata org.eclipse.platform:org.eclipse.equinox.app/maven-metadata.xml in local (/home/bdanglot/.m2/repository)
[[1;36mDEBUG[m] Skipped remote request for org.eclipse.platform:org.eclipse.equinox.app/maven-metadata.xml, locally cached metadata up-to-date.
[[1;36mDEBUG[m] Failure to find org.eclipse.platform:org.eclipse.equinox.app/maven-metadata.xml in https://repo.gradle.org/gradle/libs-releases-local/ was cached in the local repository, resolution will not be reattempted until the update interval of gradle-repo has elapsed or updates are forced
[[1;36mDEBUG[m] Failure to find org.eclipse.platform:org.eclipse.equinox.app/maven-metadata.xml in https://oss.sonatype.org/content/repositories/snapshots was cached in the local repository, resolution will not be reattempted until the update interval of sonatype-nexus-snapshots has elapsed or updates are forced
[[1;36mDEBUG[m] Failure to find org.eclipse.platform:org.eclipse.equinox.app/maven-metadata.xml in http://maven.inria.fr/artifactory/spoon-public-snapshot was cached in the local repository, resolution will not be reattempted until the update interval of maven.inria.fr-snapshot has elapsed or updates are forced
[[1;36mDEBUG[m] Could not find metadata org.eclipse.platform:org.eclipse.equinox.registry/maven-metadata.xml in local (/home/bdanglot/.m2/repository)
[[1;36mDEBUG[m] Skipped remote request for org.eclipse.platform:org.eclipse.equinox.registry/maven-metadata.xml, locally cached metadata up-to-date.
[[1;36mDEBUG[m] Failure to find org.eclipse.platform:org.eclipse.equinox.registry/maven-metadata.xml in https://repo.gradle.org/gradle/libs-releases-local/ was cached in the local repository, resolution will not be reattempted until the update interval of gradle-repo has elapsed or updates are forced
[[1;36mDEBUG[m] Failure to find org.eclipse.platform:org.eclipse.equinox.registry/maven-metadata.xml in https://oss.sonatype.org/content/repositories/snapshots was cached in the local repository, resolution will not be reattempted until the update interval of sonatype-nexus-snapshots has elapsed or updates are forced
[[1;36mDEBUG[m] Failure to find org.eclipse.platform:org.eclipse.equinox.registry/maven-metadata.xml in http://maven.inria.fr/artifactory/spoon-public-snapshot was cached in the local repository, resolution will not be reattempted until the update interval of maven.inria.fr-snapshot has elapsed or updates are forced
[[1;36mDEBUG[m] Could not find metadata org.eclipse.platform:org.eclipse.osgi/maven-metadata.xml in local (/home/bdanglot/.m2/repository)
[[1;36mDEBUG[m] Skipped remote request for org.eclipse.platform:org.eclipse.osgi/maven-metadata.xml, locally cached metadata up-to-date.
[[1;36mDEBUG[m] Failure to find org.eclipse.platform:org.eclipse.osgi/maven-metadata.xml in https://repo.gradle.org/gradle/libs-releases-local/ was cached in the local repository, resolution will not be reattempted until the update interval of gradle-repo has elapsed or updates are forced
[[1;36mDEBUG[m] Failure to find org.eclipse.platform:org.eclipse.osgi/maven-metadata.xml in https://oss.sonatype.org/content/repositories/snapshots was cached in the local repository, resolution will not be reattempted until the update interval of sonatype-nexus-snapshots has elapsed or updates are forced
[[1;36mDEBUG[m] Failure to find org.eclipse.platform:org.eclipse.osgi/maven-metadata.xml in http://maven.inria.fr/artifactory/spoon-public-snapshot was cached in the local repository, resolution will not be reattempted until the update interval of maven.inria.fr-snapshot has elapsed or updates are forced
[[1;36mDEBUG[m] Could not find metadata org.eclipse.platform:org.eclipse.equinox.common/maven-metadata.xml in local (/home/bdanglot/.m2/repository)
[[1;36mDEBUG[m] Skipped remote request for org.eclipse.platform:org.eclipse.equinox.common/maven-metadata.xml, locally cached metadata up-to-date.
[[1;36mDEBUG[m] Failure to find org.eclipse.platform:org.eclipse.equinox.common/maven-metadata.xml in https://repo.gradle.org/gradle/libs-releases-local/ was cached in the local repository, resolution will not be reattempted until the update interval of gradle-repo has elapsed or updates are forced
[[1;36mDEBUG[m] Failure to find org.eclipse.platform:org.eclipse.equinox.common/maven-metadata.xml in https://oss.sonatype.org/content/repositories/snapshots was cached in the local repository, resolution will not be reattempted until the update interval of sonatype-nexus-snapshots has elapsed or updates are forced
[[1;36mDEBUG[m] Failure to find org.eclipse.platform:org.eclipse.equinox.common/maven-metadata.xml in http://maven.inria.fr/artifactory/spoon-public-snapshot was cached in the local repository, resolution will not be reattempted until the update interval of maven.inria.fr-snapshot has elapsed or updates are forced
[[1;36mDEBUG[m] Could not find metadata org.eclipse.platform:org.eclipse.core.jobs/maven-metadata.xml in local (/home/bdanglot/.m2/repository)
[[1;36mDEBUG[m] Skipped remote request for org.eclipse.platform:org.eclipse.core.jobs/maven-metadata.xml, locally cached metadata up-to-date.
[[1;36mDEBUG[m] Failure to find org.eclipse.platform:org.eclipse.core.jobs/maven-metadata.xml in https://repo.gradle.org/gradle/libs-releases-local/ was cached in the local repository, resolution will not be reattempted until the update interval of gradle-repo has elapsed or updates are forced
[[1;36mDEBUG[m] Failure to find org.eclipse.platform:org.eclipse.core.jobs/maven-metadata.xml in https://oss.sonatype.org/content/repositories/snapshots was cached in the local repository, resolution will not be reattempted until the update interval of sonatype-nexus-snapshots has elapsed or updates are forced
[[1;36mDEBUG[m] Failure to find org.eclipse.platform:org.eclipse.core.jobs/maven-metadata.xml in http://maven.inria.fr/artifactory/spoon-public-snapshot was cached in the local repository, resolution will not be reattempted until the update interval of maven.inria.fr-snapshot has elapsed or updates are forced
[[1;36mDEBUG[m] Could not find metadata org.eclipse.platform:org.eclipse.equinox.preferences/maven-metadata.xml in local (/home/bdanglot/.m2/repository)
[[1;36mDEBUG[m] Skipped remote request for org.eclipse.platform:org.eclipse.equinox.preferences/maven-metadata.xml, locally cached metadata up-to-date.
[[1;36mDEBUG[m] Failure to find org.eclipse.platform:org.eclipse.equinox.preferences/maven-metadata.xml in https://repo.gradle.org/gradle/libs-releases-local/ was cached in the local repository, resolution will not be reattempted until the update interval of gradle-repo has elapsed or updates are forced
[[1;36mDEBUG[m] Failure to find org.eclipse.platform:org.eclipse.equinox.preferences/maven-metadata.xml in https://oss.sonatype.org/content/repositories/snapshots was cached in the local repository, resolution will not be reattempted until the update interval of sonatype-nexus-snapshots has elapsed or updates are forced
[[1;36mDEBUG[m] Failure to find org.eclipse.platform:org.eclipse.equinox.preferences/maven-metadata.xml in http://maven.inria.fr/artifactory/spoon-public-snapshot was cached in the local repository, resolution will not be reattempted until the update interval of maven.inria.fr-snapshot has elapsed or updates are forced
[[1;36mDEBUG[m] Could not find metadata org.eclipse.platform:org.eclipse.core.contenttype/maven-metadata.xml in local (/home/bdanglot/.m2/repository)
[[1;36mDEBUG[m] Skipped remote request for org.eclipse.platform:org.eclipse.core.contenttype/maven-metadata.xml, locally cached metadata up-to-date.
[[1;36mDEBUG[m] Failure to find org.eclipse.platform:org.eclipse.core.contenttype/maven-metadata.xml in https://repo.gradle.org/gradle/libs-releases-local/ was cached in the local repository, resolution will not be reattempted until the update interval of gradle-repo has elapsed or updates are forced
[[1;36mDEBUG[m] Failure to find org.eclipse.platform:org.eclipse.core.contenttype/maven-metadata.xml in https://oss.sonatype.org/content/repositories/snapshots was cached in the local repository, resolution will not be reattempted until the update interval of sonatype-nexus-snapshots has elapsed or updates are forced
[[1;36mDEBUG[m] Failure to find org.eclipse.platform:org.eclipse.core.contenttype/maven-metadata.xml in http://maven.inria.fr/artifactory/spoon-public-snapshot was cached in the local repository, resolution will not be reattempted until the update interval of maven.inria.fr-snapshot has elapsed or updates are forced
[[1;36mDEBUG[m] Could not find metadata org.eclipse.platform:org.eclipse.equinox.app/maven-metadata.xml in local (/home/bdanglot/.m2/repository)
[[1;36mDEBUG[m] Skipped remote request for org.eclipse.platform:org.eclipse.equinox.app/maven-metadata.xml, locally cached metadata up-to-date.
[[1;36mDEBUG[m] Failure to find org.eclipse.platform:org.eclipse.equinox.app/maven-metadata.xml in https://repo.gradle.org/gradle/libs-releases-local/ was cached in the local repository, resolution will not be reattempted until the update interval of gradle-repo has elapsed or updates are forced
[[1;36mDEBUG[m] Failure to find org.eclipse.platform:org.eclipse.equinox.app/maven-metadata.xml in https://oss.sonatype.org/content/repositories/snapshots was cached in the local repository, resolution will not be reattempted until the update interval of sonatype-nexus-snapshots has elapsed or updates are forced
[[1;36mDEBUG[m] Failure to find org.eclipse.platform:org.eclipse.equinox.app/maven-metadata.xml in http://maven.inria.fr/artifactory/spoon-public-snapshot was cached in the local repository, resolution will not be reattempted until the update interval of maven.inria.fr-snapshot has elapsed or updates are forced
[[1;36mDEBUG[m] Could not find metadata org.eclipse.platform:org.eclipse.core.filesystem/maven-metadata.xml in local (/home/bdanglot/.m2/repository)
[[1;36mDEBUG[m] Skipped remote request for org.eclipse.platform:org.eclipse.core.filesystem/maven-metadata.xml, locally cached metadata up-to-date.
[[1;36mDEBUG[m] Failure to find org.eclipse.platform:org.eclipse.core.filesystem/maven-metadata.xml in https://repo.gradle.org/gradle/libs-releases-local/ was cached in the local repository, resolution will not be reattempted until the update interval of gradle-repo has elapsed or updates are forced
[[1;36mDEBUG[m] Failure to find org.eclipse.platform:org.eclipse.core.filesystem/maven-metadata.xml in https://oss.sonatype.org/content/repositories/snapshots was cached in the local repository, resolution will not be reattempted until the update interval of sonatype-nexus-snapshots has elapsed or updates are forced
[[1;36mDEBUG[m] Failure to find org.eclipse.platform:org.eclipse.core.filesystem/maven-metadata.xml in http://maven.inria.fr/artifactory/spoon-public-snapshot was cached in the local repository, resolution will not be reattempted until the update interval of maven.inria.fr-snapshot has elapsed or updates are forced
[[1;36mDEBUG[m] Could not find metadata org.eclipse.platform:org.eclipse.osgi/maven-metadata.xml in local (/home/bdanglot/.m2/repository)
[[1;36mDEBUG[m] Skipped remote request for org.eclipse.platform:org.eclipse.osgi/maven-metadata.xml, locally cached metadata up-to-date.
[[1;36mDEBUG[m] Failure to find org.eclipse.platform:org.eclipse.osgi/maven-metadata.xml in https://repo.gradle.org/gradle/libs-releases-local/ was cached in the local repository, resolution will not be reattempted until the update interval of gradle-repo has elapsed or updates are forced
[[1;36mDEBUG[m] Failure to find org.eclipse.platform:org.eclipse.osgi/maven-metadata.xml in https://oss.sonatype.org/content/repositories/snapshots was cached in the local repository, resolution will not be reattempted until the update interval of sonatype-nexus-snapshots has elapsed or updates are forced
[[1;36mDEBUG[m] Failure to find org.eclipse.platform:org.eclipse.osgi/maven-metadata.xml in http://maven.inria.fr/artifactory/spoon-public-snapshot was cached in the local repository, resolution will not be reattempted until the update interval of maven.inria.fr-snapshot has elapsed or updates are forced
[[1;36mDEBUG[m] Could not find metadata org.eclipse.platform:org.eclipse.core.runtime/maven-metadata.xml in local (/home/bdanglot/.m2/repository)
[[1;36mDEBUG[m] Skipped remote request for org.eclipse.platform:org.eclipse.core.runtime/maven-metadata.xml, locally cached metadata up-to-date.
[[1;36mDEBUG[m] Failure to find org.eclipse.platform:org.eclipse.core.runtime/maven-metadata.xml in https://repo.gradle.org/gradle/libs-releases-local/ was cached in the local repository, resolution will not be reattempted until the update interval of gradle-repo has elapsed or updates are forced
[[1;36mDEBUG[m] Failure to find org.eclipse.platform:org.eclipse.core.runtime/maven-metadata.xml in https://oss.sonatype.org/content/repositories/snapshots was cached in the local repository, resolution will not be reattempted until the update interval of sonatype-nexus-snapshots has elapsed or updates are forced
[[1;36mDEBUG[m] Failure to find org.eclipse.platform:org.eclipse.core.runtime/maven-metadata.xml in http://maven.inria.fr/artifactory/spoon-public-snapshot was cached in the local repository, resolution will not be reattempted until the update interval of maven.inria.fr-snapshot has elapsed or updates are forced
[[1;36mDEBUG[m] Could not find metadata org.eclipse.platform:org.eclipse.core.runtime/maven-metadata.xml in local (/home/bdanglot/.m2/repository)
[[1;36mDEBUG[m] Skipped remote request for org.eclipse.platform:org.eclipse.core.runtime/maven-metadata.xml, locally cached metadata up-to-date.
[[1;36mDEBUG[m] Failure to find org.eclipse.platform:org.eclipse.core.runtime/maven-metadata.xml in https://repo.gradle.org/gradle/libs-releases-local/ was cached in the local repository, resolution will not be reattempted until the update interval of gradle-repo has elapsed or updates are forced
[[1;36mDEBUG[m] Failure to find org.eclipse.platform:org.eclipse.core.runtime/maven-metadata.xml in https://oss.sonatype.org/content/repositories/snapshots was cached in the local repository, resolution will not be reattempted until the update interval of sonatype-nexus-snapshots has elapsed or updates are forced
[[1;36mDEBUG[m] Failure to find org.eclipse.platform:org.eclipse.core.runtime/maven-metadata.xml in http://maven.inria.fr/artifactory/spoon-public-snapshot was cached in the local repository, resolution will not be reattempted until the update interval of maven.inria.fr-snapshot has elapsed or updates are forced
[[1;36mDEBUG[m] Could not find metadata org.eclipse.platform:org.eclipse.core.filesystem/maven-metadata.xml in local (/home/bdanglot/.m2/repository)
[[1;36mDEBUG[m] Skipped remote request for org.eclipse.platform:org.eclipse.core.filesystem/maven-metadata.xml, locally cached metadata up-to-date.
[[1;36mDEBUG[m] Failure to find org.eclipse.platform:org.eclipse.core.filesystem/maven-metadata.xml in https://repo.gradle.org/gradle/libs-releases-local/ was cached in the local repository, resolution will not be reattempted until the update interval of gradle-repo has elapsed or updates are forced
[[1;36mDEBUG[m] Failure to find org.eclipse.platform:org.eclipse.core.filesystem/maven-metadata.xml in https://oss.sonatype.org/content/repositories/snapshots was cached in the local repository, resolution will not be reattempted until the update interval of sonatype-nexus-snapshots has elapsed or updates are forced
[[1;36mDEBUG[m] Failure to find org.eclipse.platform:org.eclipse.core.filesystem/maven-metadata.xml in http://maven.inria.fr/artifactory/spoon-public-snapshot was cached in the local repository, resolution will not be reattempted until the update interval of maven.inria.fr-snapshot has elapsed or updates are forced
[[1;36mDEBUG[m] Could not find metadata org.eclipse.platform:org.eclipse.text/maven-metadata.xml in local (/home/bdanglot/.m2/repository)
[[1;36mDEBUG[m] Skipped remote request for org.eclipse.platform:org.eclipse.text/maven-metadata.xml, locally cached metadata up-to-date.
[[1;36mDEBUG[m] Failure to find org.eclipse.platform:org.eclipse.text/maven-metadata.xml in https://repo.gradle.org/gradle/libs-releases-local/ was cached in the local repository, resolution will not be reattempted until the update interval of gradle-repo has elapsed or updates are forced
[[1;36mDEBUG[m] Failure to find org.eclipse.platform:org.eclipse.text/maven-metadata.xml in https://oss.sonatype.org/content/repositories/snapshots was cached in the local repository, resolution will not be reattempted until the update interval of sonatype-nexus-snapshots has elapsed or updates are forced
[[1;36mDEBUG[m] Failure to find org.eclipse.platform:org.eclipse.text/maven-metadata.xml in http://maven.inria.fr/artifactory/spoon-public-snapshot was cached in the local repository, resolution will not be reattempted until the update interval of maven.inria.fr-snapshot has elapsed or updates are forced
[[1;36mDEBUG[m] Could not find metadata org.eclipse.platform:org.eclipse.core.commands/maven-metadata.xml in local (/home/bdanglot/.m2/repository)
[[1;36mDEBUG[m] Skipped remote request for org.eclipse.platform:org.eclipse.core.commands/maven-metadata.xml, locally cached metadata up-to-date.
[[1;36mDEBUG[m] Failure to find org.eclipse.platform:org.eclipse.core.commands/maven-metadata.xml in https://repo.gradle.org/gradle/libs-releases-local/ was cached in the local repository, resolution will not be reattempted until the update interval of gradle-repo has elapsed or updates are forced
[[1;36mDEBUG[m] Failure to find org.eclipse.platform:org.eclipse.core.commands/maven-metadata.xml in https://oss.sonatype.org/content/repositories/snapshots was cached in the local repository, resolution will not be reattempted until the update interval of sonatype-nexus-snapshots has elapsed or updates are forced
[[1;36mDEBUG[m] Failure to find org.eclipse.platform:org.eclipse.core.commands/maven-metadata.xml in http://maven.inria.fr/artifactory/spoon-public-snapshot was cached in the local repository, resolution will not be reattempted until the update interval of maven.inria.fr-snapshot has elapsed or updates are forced
[[1;36mDEBUG[m] Could not find metadata org.eclipse.platform:org.eclipse.equinox.common/maven-metadata.xml in local (/home/bdanglot/.m2/repository)
[[1;36mDEBUG[m] Skipped remote request for org.eclipse.platform:org.eclipse.equinox.common/maven-metadata.xml, locally cached metadata up-to-date.
[[1;36mDEBUG[m] Failure to find org.eclipse.platform:org.eclipse.equinox.common/maven-metadata.xml in https://repo.gradle.org/gradle/libs-releases-local/ was cached in the local repository, resolution will not be reattempted until the update interval of gradle-repo has elapsed or updates are forced
[[1;36mDEBUG[m] Failure to find org.eclipse.platform:org.eclipse.equinox.common/maven-metadata.xml in https://oss.sonatype.org/content/repositories/snapshots was cached in the local repository, resolution will not be reattempted until the update interval of sonatype-nexus-snapshots has elapsed or updates are forced
[[1;36mDEBUG[m] Failure to find org.eclipse.platform:org.eclipse.equinox.common/maven-metadata.xml in http://maven.inria.fr/artifactory/spoon-public-snapshot was cached in the local repository, resolution will not be reattempted until the update interval of maven.inria.fr-snapshot has elapsed or updates are forced
[[1;36mDEBUG[m] Could not find metadata org.eclipse.platform:org.eclipse.core.runtime/maven-metadata.xml in local (/home/bdanglot/.m2/repository)
[[1;36mDEBUG[m] Skipped remote request for org.eclipse.platform:org.eclipse.core.runtime/maven-metadata.xml, locally cached metadata up-to-date.
[[1;36mDEBUG[m] Failure to find org.eclipse.platform:org.eclipse.core.runtime/maven-metadata.xml in https://repo.gradle.org/gradle/libs-releases-local/ was cached in the local repository, resolution will not be reattempted until the update interval of gradle-repo has elapsed or updates are forced
[[1;36mDEBUG[m] Failure to find org.eclipse.platform:org.eclipse.core.runtime/maven-metadata.xml in https://oss.sonatype.org/content/repositories/snapshots was cached in the local repository, resolution will not be reattempted until the update interval of sonatype-nexus-snapshots has elapsed or updates are forced
[[1;36mDEBUG[m] Failure to find org.eclipse.platform:org.eclipse.core.runtime/maven-metadata.xml in http://maven.inria.fr/artifactory/spoon-public-snapshot was cached in the local repository, resolution will not be reattempted until the update interval of maven.inria.fr-snapshot has elapsed or updates are forced
[[1;36mDEBUG[m] Could not find metadata org.eclipse.platform:org.eclipse.core.resources/maven-metadata.xml in local (/home/bdanglot/.m2/repository)
[[1;36mDEBUG[m] Skipped remote request for org.eclipse.platform:org.eclipse.core.resources/maven-metadata.xml, locally cached metadata up-to-date.
[[1;36mDEBUG[m] Failure to find org.eclipse.platform:org.eclipse.core.resources/maven-metadata.xml in https://repo.gradle.org/gradle/libs-releases-local/ was cached in the local repository, resolution will not be reattempted until the update interval of gradle-repo has elapsed or updates are forced
[[1;36mDEBUG[m] Failure to find org.eclipse.platform:org.eclipse.core.resources/maven-metadata.xml in https://oss.sonatype.org/content/repositories/snapshots was cached in the local repository, resolution will not be reattempted until the update interval of sonatype-nexus-snapshots has elapsed or updates are forced
[[1;36mDEBUG[m] Failure to find org.eclipse.platform:org.eclipse.core.resources/maven-metadata.xml in http://maven.inria.fr/artifactory/spoon-public-snapshot was cached in the local repository, resolution will not be reattempted until the update interval of maven.inria.fr-snapshot has elapsed or updates are forced
[[1;36mDEBUG[m] Failure to find org.eclipse.platform:org.eclipse.core.resources/maven-metadata.xml in http://maven.inria.fr/artifactory/spoon-public-snapshot/ was cached in the local repository, resolution will not be reattempted until the update interval of gforge.inria.fr-release has elapsed or updates are forced
[[1;36mDEBUG[m] Could not find metadata org.eclipse.platform:org.eclipse.core.expressions/maven-metadata.xml in local (/home/bdanglot/.m2/repository)
[[1;36mDEBUG[m] Skipped remote request for org.eclipse.platform:org.eclipse.core.expressions/maven-metadata.xml, locally cached metadata up-to-date.
[[1;36mDEBUG[m] Failure to find org.eclipse.platform:org.eclipse.core.expressions/maven-metadata.xml in https://repo.gradle.org/gradle/libs-releases-local/ was cached in the local repository, resolution will not be reattempted until the update interval of gradle-repo has elapsed or updates are forced
[[1;36mDEBUG[m] Failure to find org.eclipse.platform:org.eclipse.core.expressions/maven-metadata.xml in https://oss.sonatype.org/content/repositories/snapshots was cached in the local repository, resolution will not be reattempted until the update interval of sonatype-nexus-snapshots has elapsed or updates are forced
[[1;36mDEBUG[m] Failure to find org.eclipse.platform:org.eclipse.core.expressions/maven-metadata.xml in http://maven.inria.fr/artifactory/spoon-public-snapshot was cached in the local repository, resolution will not be reattempted until the update interval of maven.inria.fr-snapshot has elapsed or updates are forced
[[1;36mDEBUG[m] Failure to find org.eclipse.platform:org.eclipse.core.expressions/maven-metadata.xml in http://maven.inria.fr/artifactory/spoon-public-snapshot/ was cached in the local repository, resolution will not be reattempted until the update interval of gforge.inria.fr-release has elapsed or updates are forced
[[1;36mDEBUG[m] Could not find metadata org.eclipse.platform:org.eclipse.core.runtime/maven-metadata.xml in local (/home/bdanglot/.m2/repository)
[[1;36mDEBUG[m] Skipped remote request for org.eclipse.platform:org.eclipse.core.runtime/maven-metadata.xml, locally cached metadata up-to-date.
[[1;36mDEBUG[m] Failure to find org.eclipse.platform:org.eclipse.core.runtime/maven-metadata.xml in https://repo.gradle.org/gradle/libs-releases-local/ was cached in the local repository, resolution will not be reattempted until the update interval of gradle-repo has elapsed or updates are forced
[[1;36mDEBUG[m] Failure to find org.eclipse.platform:org.eclipse.core.runtime/maven-metadata.xml in https://oss.sonatype.org/content/repositories/snapshots was cached in the local repository, resolution will not be reattempted until the update interval of sonatype-nexus-snapshots has elapsed or updates are forced
[[1;36mDEBUG[m] Failure to find org.eclipse.platform:org.eclipse.core.runtime/maven-metadata.xml in http://maven.inria.fr/artifactory/spoon-public-snapshot was cached in the local repository, resolution will not be reattempted until the update interval of maven.inria.fr-snapshot has elapsed or updates are forced
[[1;36mDEBUG[m] Failure to find org.eclipse.platform:org.eclipse.core.runtime/maven-metadata.xml in http://maven.inria.fr/artifactory/spoon-public-snapshot/ was cached in the local repository, resolution will not be reattempted until the update interval of gforge.inria.fr-release has elapsed or updates are forced
[[1;36mDEBUG[m] Could not find metadata org.eclipse.platform:org.eclipse.osgi/maven-metadata.xml in local (/home/bdanglot/.m2/repository)
[[1;36mDEBUG[m] Skipped remote request for org.eclipse.platform:org.eclipse.osgi/maven-metadata.xml, locally cached metadata up-to-date.
[[1;36mDEBUG[m] Failure to find org.eclipse.platform:org.eclipse.osgi/maven-metadata.xml in https://repo.gradle.org/gradle/libs-releases-local/ was cached in the local repository, resolution will not be reattempted until the update interval of gradle-repo has elapsed or updates are forced
[[1;36mDEBUG[m] Failure to find org.eclipse.platform:org.eclipse.osgi/maven-metadata.xml in https://oss.sonatype.org/content/repositories/snapshots was cached in the local repository, resolution will not be reattempted until the update interval of sonatype-nexus-snapshots has elapsed or updates are forced
[[1;36mDEBUG[m] Failure to find org.eclipse.platform:org.eclipse.osgi/maven-metadata.xml in http://maven.inria.fr/artifactory/spoon-public-snapshot was cached in the local repository, resolution will not be reattempted until the update interval of maven.inria.fr-snapshot has elapsed or updates are forced
[[1;36mDEBUG[m] Failure to find org.eclipse.platform:org.eclipse.osgi/maven-metadata.xml in http://maven.inria.fr/artifactory/spoon-public-snapshot/ was cached in the local repository, resolution will not be reattempted until the update interval of gforge.inria.fr-release has elapsed or updates are forced
[[1;36mDEBUG[m] Could not find metadata org.eclipse.platform:org.eclipse.equinox.common/maven-metadata.xml in local (/home/bdanglot/.m2/repository)
[[1;36mDEBUG[m] Skipped remote request for org.eclipse.platform:org.eclipse.equinox.common/maven-metadata.xml, locally cached metadata up-to-date.
[[1;36mDEBUG[m] Failure to find org.eclipse.platform:org.eclipse.equinox.common/maven-metadata.xml in https://repo.gradle.org/gradle/libs-releases-local/ was cached in the local repository, resolution will not be reattempted until the update interval of gradle-repo has elapsed or updates are forced
[[1;36mDEBUG[m] Failure to find org.eclipse.platform:org.eclipse.equinox.common/maven-metadata.xml in https://oss.sonatype.org/content/repositories/snapshots was cached in the local repository, resolution will not be reattempted until the update interval of sonatype-nexus-snapshots has elapsed or updates are forced
[[1;36mDEBUG[m] Failure to find org.eclipse.platform:org.eclipse.equinox.common/maven-metadata.xml in http://maven.inria.fr/artifactory/spoon-public-snapshot was cached in the local repository, resolution will not be reattempted until the update interval of maven.inria.fr-snapshot has elapsed or updates are forced
[[1;36mDEBUG[m] Failure to find org.eclipse.platform:org.eclipse.equinox.common/maven-metadata.xml in http://maven.inria.fr/artifactory/spoon-public-snapshot/ was cached in the local repository, resolution will not be reattempted until the update interval of gforge.inria.fr-release has elapsed or updates are forced
[[1;36mDEBUG[m] Could not find metadata org.eclipse.platform:org.eclipse.core.jobs/maven-metadata.xml in local (/home/bdanglot/.m2/repository)
[[1;36mDEBUG[m] Skipped remote request for org.eclipse.platform:org.eclipse.core.jobs/maven-metadata.xml, locally cached metadata up-to-date.
[[1;36mDEBUG[m] Failure to find org.eclipse.platform:org.eclipse.core.jobs/maven-metadata.xml in https://repo.gradle.org/gradle/libs-releases-local/ was cached in the local repository, resolution will not be reattempted until the update interval of gradle-repo has elapsed or updates are forced
[[1;36mDEBUG[m] Failure to find org.eclipse.platform:org.eclipse.core.jobs/maven-metadata.xml in https://oss.sonatype.org/content/repositories/snapshots was cached in the local repository, resolution will not be reattempted until the update interval of sonatype-nexus-snapshots has elapsed or updates are forced
[[1;36mDEBUG[m] Failure to find org.eclipse.platform:org.eclipse.core.jobs/maven-metadata.xml in http://maven.inria.fr/artifactory/spoon-public-snapshot was cached in the local repository, resolution will not be reattempted until the update interval of maven.inria.fr-snapshot has elapsed or updates are forced
[[1;36mDEBUG[m] Failure to find org.eclipse.platform:org.eclipse.core.jobs/maven-metadata.xml in http://maven.inria.fr/artifactory/spoon-public-snapshot/ was cached in the local repository, resolution will not be reattempted until the update interval of gforge.inria.fr-release has elapsed or updates are forced
[[1;36mDEBUG[m] Could not find metadata org.eclipse.platform:org.eclipse.equinox.registry/maven-metadata.xml in local (/home/bdanglot/.m2/repository)
[[1;36mDEBUG[m] Skipped remote request for org.eclipse.platform:org.eclipse.equinox.registry/maven-metadata.xml, locally cached metadata up-to-date.
[[1;36mDEBUG[m] Failure to find org.eclipse.platform:org.eclipse.equinox.registry/maven-metadata.xml in https://repo.gradle.org/gradle/libs-releases-local/ was cached in the local repository, resolution will not be reattempted until the update interval of gradle-repo has elapsed or updates are forced
[[1;36mDEBUG[m] Failure to find org.eclipse.platform:org.eclipse.equinox.registry/maven-metadata.xml in https://oss.sonatype.org/content/repositories/snapshots was cached in the local repository, resolution will not be reattempted until the update interval of sonatype-nexus-snapshots has elapsed or updates are forced
[[1;36mDEBUG[m] Failure to find org.eclipse.platform:org.eclipse.equinox.registry/maven-metadata.xml in http://maven.inria.fr/artifactory/spoon-public-snapshot was cached in the local repository, resolution will not be reattempted until the update interval of maven.inria.fr-snapshot has elapsed or updates are forced
[[1;36mDEBUG[m] Failure to find org.eclipse.platform:org.eclipse.equinox.registry/maven-metadata.xml in http://maven.inria.fr/artifactory/spoon-public-snapshot/ was cached in the local repository, resolution will not be reattempted until the update interval of gforge.inria.fr-release has elapsed or updates are forced
[[1;36mDEBUG[m] Could not find metadata org.eclipse.platform:org.eclipse.equinox.common/maven-metadata.xml in local (/home/bdanglot/.m2/repository)
[[1;36mDEBUG[m] Skipped remote request for org.eclipse.platform:org.eclipse.equinox.common/maven-metadata.xml, locally cached metadata up-to-date.
[[1;36mDEBUG[m] Failure to find org.eclipse.platform:org.eclipse.equinox.common/maven-metadata.xml in https://repo.gradle.org/gradle/libs-releases-local/ was cached in the local repository, resolution will not be reattempted until the update interval of gradle-repo has elapsed or updates are forced
[[1;36mDEBUG[m] Failure to find org.eclipse.platform:org.eclipse.equinox.common/maven-metadata.xml in https://oss.sonatype.org/content/repositories/snapshots was cached in the local repository, resolution will not be reattempted until the update interval of sonatype-nexus-snapshots has elapsed or updates are forced
[[1;36mDEBUG[m] Failure to find org.eclipse.platform:org.eclipse.equinox.common/maven-metadata.xml in http://maven.inria.fr/artifactory/spoon-public-snapshot was cached in the local repository, resolution will not be reattempted until the update interval of maven.inria.fr-snapshot has elapsed or updates are forced
[[1;36mDEBUG[m] Failure to find org.eclipse.platform:org.eclipse.equinox.common/maven-metadata.xml in http://maven.inria.fr/artifactory/spoon-public-snapshot/ was cached in the local repository, resolution will not be reattempted until the update interval of gforge.inria.fr-release has elapsed or updates are forced
[[1;36mDEBUG[m] Could not find metadata org.eclipse.platform:org.eclipse.equinox.preferences/maven-metadata.xml in local (/home/bdanglot/.m2/repository)
[[1;36mDEBUG[m] Skipped remote request for org.eclipse.platform:org.eclipse.equinox.preferences/maven-metadata.xml, locally cached metadata up-to-date.
[[1;36mDEBUG[m] Failure to find org.eclipse.platform:org.eclipse.equinox.preferences/maven-metadata.xml in https://repo.gradle.org/gradle/libs-releases-local/ was cached in the local repository, resolution will not be reattempted until the update interval of gradle-repo has elapsed or updates are forced
[[1;36mDEBUG[m] Failure to find org.eclipse.platform:org.eclipse.equinox.preferences/maven-metadata.xml in https://oss.sonatype.org/content/repositories/snapshots was cached in the local repository, resolution will not be reattempted until the update interval of sonatype-nexus-snapshots has elapsed or updates are forced
[[1;36mDEBUG[m] Failure to find org.eclipse.platform:org.eclipse.equinox.preferences/maven-metadata.xml in http://maven.inria.fr/artifactory/spoon-public-snapshot was cached in the local repository, resolution will not be reattempted until the update interval of maven.inria.fr-snapshot has elapsed or updates are forced
[[1;36mDEBUG[m] Failure to find org.eclipse.platform:org.eclipse.equinox.preferences/maven-metadata.xml in http://maven.inria.fr/artifactory/spoon-public-snapshot/ was cached in the local repository, resolution will not be reattempted until the update interval of gforge.inria.fr-release has elapsed or updates are forced
[[1;36mDEBUG[m] Could not find metadata org.eclipse.platform:org.eclipse.equinox.common/maven-metadata.xml in local (/home/bdanglot/.m2/repository)
[[1;36mDEBUG[m] Skipped remote request for org.eclipse.platform:org.eclipse.equinox.common/maven-metadata.xml, locally cached metadata up-to-date.
[[1;36mDEBUG[m] Failure to find org.eclipse.platform:org.eclipse.equinox.common/maven-metadata.xml in https://repo.gradle.org/gradle/libs-releases-local/ was cached in the local repository, resolution will not be reattempted until the update interval of gradle-repo has elapsed or updates are forced
[[1;36mDEBUG[m] Failure to find org.eclipse.platform:org.eclipse.equinox.common/maven-metadata.xml in https://oss.sonatype.org/content/repositories/snapshots was cached in the local repository, resolution will not be reattempted until the update interval of sonatype-nexus-snapshots has elapsed or updates are forced
[[1;36mDEBUG[m] Failure to find org.eclipse.platform:org.eclipse.equinox.common/maven-metadata.xml in http://maven.inria.fr/artifactory/spoon-public-snapshot was cached in the local repository, resolution will not be reattempted until the update interval of maven.inria.fr-snapshot has elapsed or updates are forced
[[1;36mDEBUG[m] Failure to find org.eclipse.platform:org.eclipse.equinox.common/maven-metadata.xml in http://maven.inria.fr/artifactory/spoon-public-snapshot/ was cached in the local repository, resolution will not be reattempted until the update interval of gforge.inria.fr-release has elapsed or updates are forced
[[1;36mDEBUG[m] Could not find metadata org.eclipse.platform:org.eclipse.core.contenttype/maven-metadata.xml in local (/home/bdanglot/.m2/repository)
[[1;36mDEBUG[m] Skipped remote request for org.eclipse.platform:org.eclipse.core.contenttype/maven-metadata.xml, locally cached metadata up-to-date.
[[1;36mDEBUG[m] Failure to find org.eclipse.platform:org.eclipse.core.contenttype/maven-metadata.xml in https://repo.gradle.org/gradle/libs-releases-local/ was cached in the local repository, resolution will not be reattempted until the update interval of gradle-repo has elapsed or updates are forced
[[1;36mDEBUG[m] Failure to find org.eclipse.platform:org.eclipse.core.contenttype/maven-metadata.xml in https://oss.sonatype.org/content/repositories/snapshots was cached in the local repository, resolution will not be reattempted until the update interval of sonatype-nexus-snapshots has elapsed or updates are forced
[[1;36mDEBUG[m] Failure to find org.eclipse.platform:org.eclipse.core.contenttype/maven-metadata.xml in http://maven.inria.fr/artifactory/spoon-public-snapshot was cached in the local repository, resolution will not be reattempted until the update interval of maven.inria.fr-snapshot has elapsed or updates are forced
[[1;36mDEBUG[m] Failure to find org.eclipse.platform:org.eclipse.core.contenttype/maven-metadata.xml in http://maven.inria.fr/artifactory/spoon-public-snapshot/ was cached in the local repository, resolution will not be reattempted until the update interval of gforge.inria.fr-release has elapsed or updates are forced
[[1;36mDEBUG[m] Could not find metadata org.eclipse.platform:org.eclipse.equinox.preferences/maven-metadata.xml in local (/home/bdanglot/.m2/repository)
[[1;36mDEBUG[m] Skipped remote request for org.eclipse.platform:org.eclipse.equinox.preferences/maven-metadata.xml, locally cached metadata up-to-date.
[[1;36mDEBUG[m] Failure to find org.eclipse.platform:org.eclipse.equinox.preferences/maven-metadata.xml in https://repo.gradle.org/gradle/libs-releases-local/ was cached in the local repository, resolution will not be reattempted until the update interval of gradle-repo has elapsed or updates are forced
[[1;36mDEBUG[m] Failure to find org.eclipse.platform:org.eclipse.equinox.preferences/maven-metadata.xml in https://oss.sonatype.org/content/repositories/snapshots was cached in the local repository, resolution will not be reattempted until the update interval of sonatype-nexus-snapshots has elapsed or updates are forced
[[1;36mDEBUG[m] Failure to find org.eclipse.platform:org.eclipse.equinox.preferences/maven-metadata.xml in http://maven.inria.fr/artifactory/spoon-public-snapshot was cached in the local repository, resolution will not be reattempted until the update interval of maven.inria.fr-snapshot has elapsed or updates are forced
[[1;36mDEBUG[m] Failure to find org.eclipse.platform:org.eclipse.equinox.preferences/maven-metadata.xml in http://maven.inria.fr/artifactory/spoon-public-snapshot/ was cached in the local repository, resolution will not be reattempted until the update interval of gforge.inria.fr-release has elapsed or updates are forced
[[1;36mDEBUG[m] Could not find metadata org.eclipse.platform:org.eclipse.equinox.registry/maven-metadata.xml in local (/home/bdanglot/.m2/repository)
[[1;36mDEBUG[m] Skipped remote request for org.eclipse.platform:org.eclipse.equinox.registry/maven-metadata.xml, locally cached metadata up-to-date.
[[1;36mDEBUG[m] Failure to find org.eclipse.platform:org.eclipse.equinox.registry/maven-metadata.xml in https://repo.gradle.org/gradle/libs-releases-local/ was cached in the local repository, resolution will not be reattempted until the update interval of gradle-repo has elapsed or updates are forced
[[1;36mDEBUG[m] Failure to find org.eclipse.platform:org.eclipse.equinox.registry/maven-metadata.xml in https://oss.sonatype.org/content/repositories/snapshots was cached in the local repository, resolution will not be reattempted until the update interval of sonatype-nexus-snapshots has elapsed or updates are forced
[[1;36mDEBUG[m] Failure to find org.eclipse.platform:org.eclipse.equinox.registry/maven-metadata.xml in http://maven.inria.fr/artifactory/spoon-public-snapshot was cached in the local repository, resolution will not be reattempted until the update interval of maven.inria.fr-snapshot has elapsed or updates are forced
[[1;36mDEBUG[m] Failure to find org.eclipse.platform:org.eclipse.equinox.registry/maven-metadata.xml in http://maven.inria.fr/artifactory/spoon-public-snapshot/ was cached in the local repository, resolution will not be reattempted until the update interval of gforge.inria.fr-release has elapsed or updates are forced
[[1;36mDEBUG[m] Could not find metadata org.eclipse.platform:org.eclipse.equinox.app/maven-metadata.xml in local (/home/bdanglot/.m2/repository)
[[1;36mDEBUG[m] Skipped remote request for org.eclipse.platform:org.eclipse.equinox.app/maven-metadata.xml, locally cached metadata up-to-date.
[[1;36mDEBUG[m] Failure to find org.eclipse.platform:org.eclipse.equinox.app/maven-metadata.xml in https://repo.gradle.org/gradle/libs-releases-local/ was cached in the local repository, resolution will not be reattempted until the update interval of gradle-repo has elapsed or updates are forced
[[1;36mDEBUG[m] Failure to find org.eclipse.platform:org.eclipse.equinox.app/maven-metadata.xml in https://oss.sonatype.org/content/repositories/snapshots was cached in the local repository, resolution will not be reattempted until the update interval of sonatype-nexus-snapshots has elapsed or updates are forced
[[1;36mDEBUG[m] Failure to find org.eclipse.platform:org.eclipse.equinox.app/maven-metadata.xml in http://maven.inria.fr/artifactory/spoon-public-snapshot was cached in the local repository, resolution will not be reattempted until the update interval of maven.inria.fr-snapshot has elapsed or updates are forced
[[1;36mDEBUG[m] Failure to find org.eclipse.platform:org.eclipse.equinox.app/maven-metadata.xml in http://maven.inria.fr/artifactory/spoon-public-snapshot/ was cached in the local repository, resolution will not be reattempted until the update interval of gforge.inria.fr-release has elapsed or updates are forced
[[1;36mDEBUG[m] Could not find metadata org.eclipse.platform:org.eclipse.equinox.registry/maven-metadata.xml in local (/home/bdanglot/.m2/repository)
[[1;36mDEBUG[m] Skipped remote request for org.eclipse.platform:org.eclipse.equinox.registry/maven-metadata.xml, locally cached metadata up-to-date.
[[1;36mDEBUG[m] Failure to find org.eclipse.platform:org.eclipse.equinox.registry/maven-metadata.xml in https://repo.gradle.org/gradle/libs-releases-local/ was cached in the local repository, resolution will not be reattempted until the update interval of gradle-repo has elapsed or updates are forced
[[1;36mDEBUG[m] Failure to find org.eclipse.platform:org.eclipse.equinox.registry/maven-metadata.xml in https://oss.sonatype.org/content/repositories/snapshots was cached in the local repository, resolution will not be reattempted until the update interval of sonatype-nexus-snapshots has elapsed or updates are forced
[[1;36mDEBUG[m] Failure to find org.eclipse.platform:org.eclipse.equinox.registry/maven-metadata.xml in http://maven.inria.fr/artifactory/spoon-public-snapshot was cached in the local repository, resolution will not be reattempted until the update interval of maven.inria.fr-snapshot has elapsed or updates are forced
[[1;36mDEBUG[m] Failure to find org.eclipse.platform:org.eclipse.equinox.registry/maven-metadata.xml in http://maven.inria.fr/artifactory/spoon-public-snapshot/ was cached in the local repository, resolution will not be reattempted until the update interval of gforge.inria.fr-release has elapsed or updates are forced
[[1;36mDEBUG[m] Could not find metadata org.eclipse.platform:org.eclipse.osgi/maven-metadata.xml in local (/home/bdanglot/.m2/repository)
[[1;36mDEBUG[m] Skipped remote request for org.eclipse.platform:org.eclipse.osgi/maven-metadata.xml, locally cached metadata up-to-date.
[[1;36mDEBUG[m] Failure to find org.eclipse.platform:org.eclipse.osgi/maven-metadata.xml in https://repo.gradle.org/gradle/libs-releases-local/ was cached in the local repository, resolution will not be reattempted until the update interval of gradle-repo has elapsed or updates are forced
[[1;36mDEBUG[m] Failure to find org.eclipse.platform:org.eclipse.osgi/maven-metadata.xml in https://oss.sonatype.org/content/repositories/snapshots was cached in the local repository, resolution will not be reattempted until the update interval of sonatype-nexus-snapshots has elapsed or updates are forced
[[1;36mDEBUG[m] Failure to find org.eclipse.platform:org.eclipse.osgi/maven-metadata.xml in http://maven.inria.fr/artifactory/spoon-public-snapshot was cached in the local repository, resolution will not be reattempted until the update interval of maven.inria.fr-snapshot has elapsed or updates are forced
[[1;36mDEBUG[m] Failure to find org.eclipse.platform:org.eclipse.osgi/maven-metadata.xml in http://maven.inria.fr/artifactory/spoon-public-snapshot/ was cached in the local repository, resolution will not be reattempted until the update interval of gforge.inria.fr-release has elapsed or updates are forced
[[1;36mDEBUG[m] Could not find metadata org.eclipse.platform:org.eclipse.equinox.common/maven-metadata.xml in local (/home/bdanglot/.m2/repository)
[[1;36mDEBUG[m] Skipped remote request for org.eclipse.platform:org.eclipse.equinox.common/maven-metadata.xml, locally cached metadata up-to-date.
[[1;36mDEBUG[m] Failure to find org.eclipse.platform:org.eclipse.equinox.common/maven-metadata.xml in https://repo.gradle.org/gradle/libs-releases-local/ was cached in the local repository, resolution will not be reattempted until the update interval of gradle-repo has elapsed or updates are forced
[[1;36mDEBUG[m] Failure to find org.eclipse.platform:org.eclipse.equinox.common/maven-metadata.xml in https://oss.sonatype.org/content/repositories/snapshots was cached in the local repository, resolution will not be reattempted until the update interval of sonatype-nexus-snapshots has elapsed or updates are forced
[[1;36mDEBUG[m] Failure to find org.eclipse.platform:org.eclipse.equinox.common/maven-metadata.xml in http://maven.inria.fr/artifactory/spoon-public-snapshot was cached in the local repository, resolution will not be reattempted until the update interval of maven.inria.fr-snapshot has elapsed or updates are forced
[[1;36mDEBUG[m] Failure to find org.eclipse.platform:org.eclipse.equinox.common/maven-metadata.xml in http://maven.inria.fr/artifactory/spoon-public-snapshot/ was cached in the local repository, resolution will not be reattempted until the update interval of gforge.inria.fr-release has elapsed or updates are forced
[[1;36mDEBUG[m] Could not find metadata org.eclipse.platform:org.eclipse.core.jobs/maven-metadata.xml in local (/home/bdanglot/.m2/repository)
[[1;36mDEBUG[m] Skipped remote request for org.eclipse.platform:org.eclipse.core.jobs/maven-metadata.xml, locally cached metadata up-to-date.
[[1;36mDEBUG[m] Failure to find org.eclipse.platform:org.eclipse.core.jobs/maven-metadata.xml in https://repo.gradle.org/gradle/libs-releases-local/ was cached in the local repository, resolution will not be reattempted until the update interval of gradle-repo has elapsed or updates are forced
[[1;36mDEBUG[m] Failure to find org.eclipse.platform:org.eclipse.core.jobs/maven-metadata.xml in https://oss.sonatype.org/content/repositories/snapshots was cached in the local repository, resolution will not be reattempted until the update interval of sonatype-nexus-snapshots has elapsed or updates are forced
[[1;36mDEBUG[m] Failure to find org.eclipse.platform:org.eclipse.core.jobs/maven-metadata.xml in http://maven.inria.fr/artifactory/spoon-public-snapshot was cached in the local repository, resolution will not be reattempted until the update interval of maven.inria.fr-snapshot has elapsed or updates are forced
[[1;36mDEBUG[m] Failure to find org.eclipse.platform:org.eclipse.core.jobs/maven-metadata.xml in http://maven.inria.fr/artifactory/spoon-public-snapshot/ was cached in the local repository, resolution will not be reattempted until the update interval of gforge.inria.fr-release has elapsed or updates are forced
[[1;36mDEBUG[m] Could not find metadata org.eclipse.platform:org.eclipse.equinox.preferences/maven-metadata.xml in local (/home/bdanglot/.m2/repository)
[[1;36mDEBUG[m] Skipped remote request for org.eclipse.platform:org.eclipse.equinox.preferences/maven-metadata.xml, locally cached metadata up-to-date.
[[1;36mDEBUG[m] Failure to find org.eclipse.platform:org.eclipse.equinox.preferences/maven-metadata.xml in https://repo.gradle.org/gradle/libs-releases-local/ was cached in the local repository, resolution will not be reattempted until the update interval of gradle-repo has elapsed or updates are forced
[[1;36mDEBUG[m] Failure to find org.eclipse.platform:org.eclipse.equinox.preferences/maven-metadata.xml in https://oss.sonatype.org/content/repositories/snapshots was cached in the local repository, resolution will not be reattempted until the update interval of sonatype-nexus-snapshots has elapsed or updates are forced
[[1;36mDEBUG[m] Failure to find org.eclipse.platform:org.eclipse.equinox.preferences/maven-metadata.xml in http://maven.inria.fr/artifactory/spoon-public-snapshot was cached in the local repository, resolution will not be reattempted until the update interval of maven.inria.fr-snapshot has elapsed or updates are forced
[[1;36mDEBUG[m] Failure to find org.eclipse.platform:org.eclipse.equinox.preferences/maven-metadata.xml in http://maven.inria.fr/artifactory/spoon-public-snapshot/ was cached in the local repository, resolution will not be reattempted until the update interval of gforge.inria.fr-release has elapsed or updates are forced
[[1;36mDEBUG[m] Could not find metadata org.eclipse.platform:org.eclipse.core.contenttype/maven-metadata.xml in local (/home/bdanglot/.m2/repository)
[[1;36mDEBUG[m] Skipped remote request for org.eclipse.platform:org.eclipse.core.contenttype/maven-metadata.xml, locally cached metadata up-to-date.
[[1;36mDEBUG[m] Failure to find org.eclipse.platform:org.eclipse.core.contenttype/maven-metadata.xml in https://repo.gradle.org/gradle/libs-releases-local/ was cached in the local repository, resolution will not be reattempted until the update interval of gradle-repo has elapsed or updates are forced
[[1;36mDEBUG[m] Failure to find org.eclipse.platform:org.eclipse.core.contenttype/maven-metadata.xml in https://oss.sonatype.org/content/repositories/snapshots was cached in the local repository, resolution will not be reattempted until the update interval of sonatype-nexus-snapshots has elapsed or updates are forced
[[1;36mDEBUG[m] Failure to find org.eclipse.platform:org.eclipse.core.contenttype/maven-metadata.xml in http://maven.inria.fr/artifactory/spoon-public-snapshot was cached in the local repository, resolution will not be reattempted until the update interval of maven.inria.fr-snapshot has elapsed or updates are forced
[[1;36mDEBUG[m] Failure to find org.eclipse.platform:org.eclipse.core.contenttype/maven-metadata.xml in http://maven.inria.fr/artifactory/spoon-public-snapshot/ was cached in the local repository, resolution will not be reattempted until the update interval of gforge.inria.fr-release has elapsed or updates are forced
[[1;36mDEBUG[m] Could not find metadata org.eclipse.platform:org.eclipse.equinox.app/maven-metadata.xml in local (/home/bdanglot/.m2/repository)
[[1;36mDEBUG[m] Skipped remote request for org.eclipse.platform:org.eclipse.equinox.app/maven-metadata.xml, locally cached metadata up-to-date.
[[1;36mDEBUG[m] Failure to find org.eclipse.platform:org.eclipse.equinox.app/maven-metadata.xml in https://repo.gradle.org/gradle/libs-releases-local/ was cached in the local repository, resolution will not be reattempted until the update interval of gradle-repo has elapsed or updates are forced
[[1;36mDEBUG[m] Failure to find org.eclipse.platform:org.eclipse.equinox.app/maven-metadata.xml in https://oss.sonatype.org/content/repositories/snapshots was cached in the local repository, resolution will not be reattempted until the update interval of sonatype-nexus-snapshots has elapsed or updates are forced
[[1;36mDEBUG[m] Failure to find org.eclipse.platform:org.eclipse.equinox.app/maven-metadata.xml in http://maven.inria.fr/artifactory/spoon-public-snapshot was cached in the local repository, resolution will not be reattempted until the update interval of maven.inria.fr-snapshot has elapsed or updates are forced
[[1;36mDEBUG[m] Failure to find org.eclipse.platform:org.eclipse.equinox.app/maven-metadata.xml in http://maven.inria.fr/artifactory/spoon-public-snapshot/ was cached in the local repository, resolution will not be reattempted until the update interval of gforge.inria.fr-release has elapsed or updates are forced
[[1;36mDEBUG[m] Could not find metadata org.eclipse.platform:org.eclipse.core.filesystem/maven-metadata.xml in local (/home/bdanglot/.m2/repository)
[[1;36mDEBUG[m] Skipped remote request for org.eclipse.platform:org.eclipse.core.filesystem/maven-metadata.xml, locally cached metadata up-to-date.
[[1;36mDEBUG[m] Failure to find org.eclipse.platform:org.eclipse.core.filesystem/maven-metadata.xml in https://repo.gradle.org/gradle/libs-releases-local/ was cached in the local repository, resolution will not be reattempted until the update interval of gradle-repo has elapsed or updates are forced
[[1;36mDEBUG[m] Failure to find org.eclipse.platform:org.eclipse.core.filesystem/maven-metadata.xml in https://oss.sonatype.org/content/repositories/snapshots was cached in the local repository, resolution will not be reattempted until the update interval of sonatype-nexus-snapshots has elapsed or updates are forced
[[1;36mDEBUG[m] Failure to find org.eclipse.platform:org.eclipse.core.filesystem/maven-metadata.xml in http://maven.inria.fr/artifactory/spoon-public-snapshot was cached in the local repository, resolution will not be reattempted until the update interval of maven.inria.fr-snapshot has elapsed or updates are forced
[[1;36mDEBUG[m] Failure to find org.eclipse.platform:org.eclipse.core.filesystem/maven-metadata.xml in http://maven.inria.fr/artifactory/spoon-public-snapshot/ was cached in the local repository, resolution will not be reattempted until the update interval of gforge.inria.fr-release has elapsed or updates are forced
[[1;36mDEBUG[m] Could not find metadata org.eclipse.platform:org.eclipse.osgi/maven-metadata.xml in local (/home/bdanglot/.m2/repository)
[[1;36mDEBUG[m] Skipped remote request for org.eclipse.platform:org.eclipse.osgi/maven-metadata.xml, locally cached metadata up-to-date.
[[1;36mDEBUG[m] Failure to find org.eclipse.platform:org.eclipse.osgi/maven-metadata.xml in https://repo.gradle.org/gradle/libs-releases-local/ was cached in the local repository, resolution will not be reattempted until the update interval of gradle-repo has elapsed or updates are forced
[[1;36mDEBUG[m] Failure to find org.eclipse.platform:org.eclipse.osgi/maven-metadata.xml in https://oss.sonatype.org/content/repositories/snapshots was cached in the local repository, resolution will not be reattempted until the update interval of sonatype-nexus-snapshots has elapsed or updates are forced
[[1;36mDEBUG[m] Failure to find org.eclipse.platform:org.eclipse.osgi/maven-metadata.xml in http://maven.inria.fr/artifactory/spoon-public-snapshot was cached in the local repository, resolution will not be reattempted until the update interval of maven.inria.fr-snapshot has elapsed or updates are forced
[[1;36mDEBUG[m] Failure to find org.eclipse.platform:org.eclipse.osgi/maven-metadata.xml in http://maven.inria.fr/artifactory/spoon-public-snapshot/ was cached in the local repository, resolution will not be reattempted until the update interval of gforge.inria.fr-release has elapsed or updates are forced
[[1;36mDEBUG[m] Could not find metadata org.eclipse.platform:org.eclipse.core.runtime/maven-metadata.xml in local (/home/bdanglot/.m2/repository)
[[1;36mDEBUG[m] Skipped remote request for org.eclipse.platform:org.eclipse.core.runtime/maven-metadata.xml, locally cached metadata up-to-date.
[[1;36mDEBUG[m] Failure to find org.eclipse.platform:org.eclipse.core.runtime/maven-metadata.xml in https://repo.gradle.org/gradle/libs-releases-local/ was cached in the local repository, resolution will not be reattempted until the update interval of gradle-repo has elapsed or updates are forced
[[1;36mDEBUG[m] Failure to find org.eclipse.platform:org.eclipse.core.runtime/maven-metadata.xml in https://oss.sonatype.org/content/repositories/snapshots was cached in the local repository, resolution will not be reattempted until the update interval of sonatype-nexus-snapshots has elapsed or updates are forced
[[1;36mDEBUG[m] Failure to find org.eclipse.platform:org.eclipse.core.runtime/maven-metadata.xml in http://maven.inria.fr/artifactory/spoon-public-snapshot was cached in the local repository, resolution will not be reattempted until the update interval of maven.inria.fr-snapshot has elapsed or updates are forced
[[1;36mDEBUG[m] Failure to find org.eclipse.platform:org.eclipse.core.runtime/maven-metadata.xml in http://maven.inria.fr/artifactory/spoon-public-snapshot/ was cached in the local repository, resolution will not be reattempted until the update interval of gforge.inria.fr-release has elapsed or updates are forced
[[1;36mDEBUG[m] Could not find metadata org.eclipse.platform:org.eclipse.core.runtime/maven-metadata.xml in local (/home/bdanglot/.m2/repository)
[[1;36mDEBUG[m] Skipped remote request for org.eclipse.platform:org.eclipse.core.runtime/maven-metadata.xml, locally cached metadata up-to-date.
[[1;36mDEBUG[m] Failure to find org.eclipse.platform:org.eclipse.core.runtime/maven-metadata.xml in https://repo.gradle.org/gradle/libs-releases-local/ was cached in the local repository, resolution will not be reattempted until the update interval of gradle-repo has elapsed or updates are forced
[[1;36mDEBUG[m] Failure to find org.eclipse.platform:org.eclipse.core.runtime/maven-metadata.xml in https://oss.sonatype.org/content/repositories/snapshots was cached in the local repository, resolution will not be reattempted until the update interval of sonatype-nexus-snapshots has elapsed or updates are forced
[[1;36mDEBUG[m] Failure to find org.eclipse.platform:org.eclipse.core.runtime/maven-metadata.xml in http://maven.inria.fr/artifactory/spoon-public-snapshot was cached in the local repository, resolution will not be reattempted until the update interval of maven.inria.fr-snapshot has elapsed or updates are forced
[[1;36mDEBUG[m] Failure to find org.eclipse.platform:org.eclipse.core.runtime/maven-metadata.xml in http://maven.inria.fr/artifactory/spoon-public-snapshot/ was cached in the local repository, resolution will not be reattempted until the update interval of gforge.inria.fr-release has elapsed or updates are forced
[[1;36mDEBUG[m] Could not find metadata org.eclipse.platform:org.eclipse.core.filesystem/maven-metadata.xml in local (/home/bdanglot/.m2/repository)
[[1;36mDEBUG[m] Skipped remote request for org.eclipse.platform:org.eclipse.core.filesystem/maven-metadata.xml, locally cached metadata up-to-date.
[[1;36mDEBUG[m] Failure to find org.eclipse.platform:org.eclipse.core.filesystem/maven-metadata.xml in https://repo.gradle.org/gradle/libs-releases-local/ was cached in the local repository, resolution will not be reattempted until the update interval of gradle-repo has elapsed or updates are forced
[[1;36mDEBUG[m] Failure to find org.eclipse.platform:org.eclipse.core.filesystem/maven-metadata.xml in https://oss.sonatype.org/content/repositories/snapshots was cached in the local repository, resolution will not be reattempted until the update interval of sonatype-nexus-snapshots has elapsed or updates are forced
[[1;36mDEBUG[m] Failure to find org.eclipse.platform:org.eclipse.core.filesystem/maven-metadata.xml in http://maven.inria.fr/artifactory/spoon-public-snapshot was cached in the local repository, resolution will not be reattempted until the update interval of maven.inria.fr-snapshot has elapsed or updates are forced
[[1;36mDEBUG[m] Failure to find org.eclipse.platform:org.eclipse.core.filesystem/maven-metadata.xml in http://maven.inria.fr/artifactory/spoon-public-snapshot/ was cached in the local repository, resolution will not be reattempted until the update interval of gforge.inria.fr-release has elapsed or updates are forced
[[1;36mDEBUG[m] Could not find metadata org.eclipse.platform:org.eclipse.text/maven-metadata.xml in local (/home/bdanglot/.m2/repository)
[[1;36mDEBUG[m] Skipped remote request for org.eclipse.platform:org.eclipse.text/maven-metadata.xml, locally cached metadata up-to-date.
[[1;36mDEBUG[m] Failure to find org.eclipse.platform:org.eclipse.text/maven-metadata.xml in https://repo.gradle.org/gradle/libs-releases-local/ was cached in the local repository, resolution will not be reattempted until the update interval of gradle-repo has elapsed or updates are forced
[[1;36mDEBUG[m] Failure to find org.eclipse.platform:org.eclipse.text/maven-metadata.xml in https://oss.sonatype.org/content/repositories/snapshots was cached in the local repository, resolution will not be reattempted until the update interval of sonatype-nexus-snapshots has elapsed or updates are forced
[[1;36mDEBUG[m] Failure to find org.eclipse.platform:org.eclipse.text/maven-metadata.xml in http://maven.inria.fr/artifactory/spoon-public-snapshot was cached in the local repository, resolution will not be reattempted until the update interval of maven.inria.fr-snapshot has elapsed or updates are forced
[[1;36mDEBUG[m] Failure to find org.eclipse.platform:org.eclipse.text/maven-metadata.xml in http://maven.inria.fr/artifactory/spoon-public-snapshot/ was cached in the local repository, resolution will not be reattempted until the update interval of gforge.inria.fr-release has elapsed or updates are forced
[[1;36mDEBUG[m] Could not find metadata org.eclipse.platform:org.eclipse.core.commands/maven-metadata.xml in local (/home/bdanglot/.m2/repository)
[[1;36mDEBUG[m] Skipped remote request for org.eclipse.platform:org.eclipse.core.commands/maven-metadata.xml, locally cached metadata up-to-date.
[[1;36mDEBUG[m] Failure to find org.eclipse.platform:org.eclipse.core.commands/maven-metadata.xml in https://repo.gradle.org/gradle/libs-releases-local/ was cached in the local repository, resolution will not be reattempted until the update interval of gradle-repo has elapsed or updates are forced
[[1;36mDEBUG[m] Failure to find org.eclipse.platform:org.eclipse.core.commands/maven-metadata.xml in https://oss.sonatype.org/content/repositories/snapshots was cached in the local repository, resolution will not be reattempted until the update interval of sonatype-nexus-snapshots has elapsed or updates are forced
[[1;36mDEBUG[m] Failure to find org.eclipse.platform:org.eclipse.core.commands/maven-metadata.xml in http://maven.inria.fr/artifactory/spoon-public-snapshot was cached in the local repository, resolution will not be reattempted until the update interval of maven.inria.fr-snapshot has elapsed or updates are forced
[[1;36mDEBUG[m] Failure to find org.eclipse.platform:org.eclipse.core.commands/maven-metadata.xml in http://maven.inria.fr/artifactory/spoon-public-snapshot/ was cached in the local repository, resolution will not be reattempted until the update interval of gforge.inria.fr-release has elapsed or updates are forced
[[1;36mDEBUG[m] Could not find metadata org.eclipse.platform:org.eclipse.equinox.common/maven-metadata.xml in local (/home/bdanglot/.m2/repository)
[[1;36mDEBUG[m] Skipped remote request for org.eclipse.platform:org.eclipse.equinox.common/maven-metadata.xml, locally cached metadata up-to-date.
[[1;36mDEBUG[m] Failure to find org.eclipse.platform:org.eclipse.equinox.common/maven-metadata.xml in https://repo.gradle.org/gradle/libs-releases-local/ was cached in the local repository, resolution will not be reattempted until the update interval of gradle-repo has elapsed or updates are forced
[[1;36mDEBUG[m] Failure to find org.eclipse.platform:org.eclipse.equinox.common/maven-metadata.xml in https://oss.sonatype.org/content/repositories/snapshots was cached in the local repository, resolution will not be reattempted until the update interval of sonatype-nexus-snapshots has elapsed or updates are forced
[[1;36mDEBUG[m] Failure to find org.eclipse.platform:org.eclipse.equinox.common/maven-metadata.xml in http://maven.inria.fr/artifactory/spoon-public-snapshot was cached in the local repository, resolution will not be reattempted until the update interval of maven.inria.fr-snapshot has elapsed or updates are forced
[[1;36mDEBUG[m] Failure to find org.eclipse.platform:org.eclipse.equinox.common/maven-metadata.xml in http://maven.inria.fr/artifactory/spoon-public-snapshot/ was cached in the local repository, resolution will not be reattempted until the update interval of gforge.inria.fr-release has elapsed or updates are forced
[[1;36mDEBUG[m] Could not find metadata org.eclipse.platform:org.eclipse.core.runtime/maven-metadata.xml in local (/home/bdanglot/.m2/repository)
[[1;36mDEBUG[m] Skipped remote request for org.eclipse.platform:org.eclipse.core.runtime/maven-metadata.xml, locally cached metadata up-to-date.
[[1;36mDEBUG[m] Failure to find org.eclipse.platform:org.eclipse.core.runtime/maven-metadata.xml in https://repo.gradle.org/gradle/libs-releases-local/ was cached in the local repository, resolution will not be reattempted until the update interval of gradle-repo has elapsed or updates are forced
[[1;36mDEBUG[m] Failure to find org.eclipse.platform:org.eclipse.core.runtime/maven-metadata.xml in https://oss.sonatype.org/content/repositories/snapshots was cached in the local repository, resolution will not be reattempted until the update interval of sonatype-nexus-snapshots has elapsed or updates are forced
[[1;36mDEBUG[m] Failure to find org.eclipse.platform:org.eclipse.core.runtime/maven-metadata.xml in http://maven.inria.fr/artifactory/spoon-public-snapshot was cached in the local repository, resolution will not be reattempted until the update interval of maven.inria.fr-snapshot has elapsed or updates are forced
[[1;36mDEBUG[m] Failure to find org.eclipse.platform:org.eclipse.core.runtime/maven-metadata.xml in http://maven.inria.fr/artifactory/spoon-public-snapshot/ was cached in the local repository, resolution will not be reattempted until the update interval of gforge.inria.fr-release has elapsed or updates are forced
[[1;36mDEBUG[m] Dependency collection stats: {ConflictMarker.analyzeTime=6966019, ConflictMarker.markTime=1199683, ConflictMarker.nodeCount=2021, ConflictIdSorter.graphTime=3553468, ConflictIdSorter.topsortTime=111103, ConflictIdSorter.conflictIdCount=117, ConflictIdSorter.conflictIdCycleCount=0, ConflictResolver.totalTime=14491969, ConflictResolver.conflictItemCount=393, DefaultDependencyCollector.collectTime=1258171128, DefaultDependencyCollector.transformTime=26495464}
[[1;36mDEBUG[m] eu.stamp-project:dspot-maven:jar:2.0.1-SNAPSHOT:
[[1;36mDEBUG[m]    eu.stamp-project:dspot:jar:2.0.1-SNAPSHOT:compile
[[1;36mDEBUG[m]       fr.inria.gforge.spoon:spoon-core:jar:7.3.0:compile
[[1;36mDEBUG[m]          org.eclipse.jdt:org.eclipse.jdt.core:jar:3.15.0:compile
[[1;36mDEBUG[m]             org.eclipse.platform:org.eclipse.core.resources:jar:3.13.300:compile
[[1;36mDEBUG[m]                org.eclipse.platform:org.eclipse.core.expressions:jar:3.6.300:compile
[[1;36mDEBUG[m]             org.eclipse.platform:org.eclipse.core.runtime:jar:3.15.200:compile
[[1;36mDEBUG[m]                org.eclipse.platform:org.eclipse.osgi:jar:3.13.300:compile
[[1;36mDEBUG[m]                org.eclipse.platform:org.eclipse.equinox.common:jar:3.10.300:compile
[[1;36mDEBUG[m]                org.eclipse.platform:org.eclipse.core.jobs:jar:3.10.300:compile
[[1;36mDEBUG[m]                org.eclipse.platform:org.eclipse.equinox.registry:jar:3.8.300:compile
[[1;36mDEBUG[m]                org.eclipse.platform:org.eclipse.equinox.preferences:jar:3.7.300:compile
[[1;36mDEBUG[m]                org.eclipse.platform:org.eclipse.core.contenttype:jar:3.7.300:compile
[[1;36mDEBUG[m]                org.eclipse.platform:org.eclipse.equinox.app:jar:1.4.100:compile
[[1;36mDEBUG[m]             org.eclipse.platform:org.eclipse.core.filesystem:jar:1.7.300:compile
[[1;36mDEBUG[m]             org.eclipse.platform:org.eclipse.text:jar:3.8.100:compile
[[1;36mDEBUG[m]                org.eclipse.platform:org.eclipse.core.commands:jar:3.9.300:compile
[[1;36mDEBUG[m]          com.martiansoftware:jsap:jar:2.1:compile
[[1;36mDEBUG[m]          log4j:log4j:jar:1.2.17:compile
[[1;36mDEBUG[m]          org.tukaani:xz:jar:1.8:compile
[[1;36mDEBUG[m]          com.fasterxml.jackson.core:jackson-databind:jar:2.9.8:compile
[[1;36mDEBUG[m]             com.fasterxml.jackson.core:jackson-annotations:jar:2.9.0:compile
[[1;36mDEBUG[m]             com.fasterxml.jackson.core:jackson-core:jar:2.9.8:compile
[[1;36mDEBUG[m]          org.apache.commons:commons-compress:jar:1.18:compile
[[1;36mDEBUG[m]       junit:junit:jar:4.12:compile
[[1;36mDEBUG[m]          org.hamcrest:hamcrest-core:jar:1.3:compile
[[1;36mDEBUG[m]       com.google.code.gson:gson:jar:2.8.0:compile
[[1;36mDEBUG[m]       org.apache.maven.shared:maven-invoker:jar:3.0.0:compile
[[1;36mDEBUG[m]       org.slf4j:slf4j-api:jar:1.7.25:compile
[[1;36mDEBUG[m]       org.slf4j:slf4j-log4j12:jar:1.7.25:compile
[[1;36mDEBUG[m]       org.jacoco:org.jacoco.core:jar:0.7.9:compile
[[1;36mDEBUG[m]          org.ow2.asm:asm-debug-all:jar:5.2:compile
[[1;36mDEBUG[m]       eu.stamp-project:descartes:jar:1.1:compile
[[1;36mDEBUG[m]          org.pitest:pitest:jar:1.2.0:compile
[[1;36mDEBUG[m]          org.pitest:pitest-entry:jar:1.2.0:compile
[[1;36mDEBUG[m]             com.thoughtworks.xstream:xstream:jar:1.4.8:compile
[[1;36mDEBUG[m]                xmlpull:xmlpull:jar:1.1.3.1:compile
[[1;36mDEBUG[m]                xpp3:xpp3_min:jar:1.1.4c:compile
[[1;36mDEBUG[m]       org.gradle:gradle-tooling-api:jar:4.0.1:compile
[[1;36mDEBUG[m]       org.mockito:mockito-core:jar:2.10.0:compile
[[1;36mDEBUG[m]          net.bytebuddy:byte-buddy:jar:1.7.4:runtime
[[1;36mDEBUG[m]          net.bytebuddy:byte-buddy-agent:jar:1.7.4:runtime
[[1;36mDEBUG[m]          org.objenesis:objenesis:jar:2.6:runtime
[[1;36mDEBUG[m]       eu.stamp-project:test-runner:jar:jar-with-dependencies:2.0.7:compile
[[1;36mDEBUG[m]          org.junit.jupiter:junit-jupiter-api:jar:5.3.2:compile
[[1;36mDEBUG[m]             org.apiguardian:apiguardian-api:jar:1.0.0:compile
[[1;36mDEBUG[m]             org.opentest4j:opentest4j:jar:1.1.1:compile
[[1;36mDEBUG[m]             org.junit.platform:junit-platform-commons:jar:1.3.2:compile
[[1;36mDEBUG[m]          org.junit.jupiter:junit-jupiter-engine:jar:5.3.2:compile
[[1;36mDEBUG[m]             org.junit.platform:junit-platform-engine:jar:1.3.2:compile
[[1;36mDEBUG[m]          org.junit.platform:junit-platform-launcher:jar:1.3.2:compile
[[1;36mDEBUG[m]          org.junit.jupiter:junit-jupiter-params:jar:5.3.2:compile
[[1;36mDEBUG[m]       org.openclover:clover:jar:4.2.1:compile
[[1;36mDEBUG[m]       fr.inria.gforge.spoon.labs:gumtree-spoon-ast-diff:jar:1.5:compile
[[1;36mDEBUG[m]          com.github.gumtreediff:core:jar:2.1.0:compile
[[1;36mDEBUG[m]             com.github.mpkorstanje:simmetrics-core:jar:3.2.3:compile
[[1;36mDEBUG[m]                commons-codec:commons-codec:jar:1.10:compile
[[1;36mDEBUG[m]             net.sf.trove4j:trove4j:jar:3.0.3:compile
[[1;36mDEBUG[m]             org.jgrapht:jgrapht-core:jar:1.0.1:compile
[[1;36mDEBUG[m]       org.ehcache:ehcache:jar:3.6.1:compile
[[1;36mDEBUG[m]       org.apache.cxf:cxf-common-utilities:jar:2.4.1:compile
[[1;36mDEBUG[m]          org.apache.ws.xmlschema:xmlschema-core:jar:2.0:compile
[[1;36mDEBUG[m]          org.codehaus.woodstox:woodstox-core-asl:jar:4.1.1:runtime
[[1;36mDEBUG[m]             org.codehaus.woodstox:stax2-api:jar:3.1.1:runtime
[[1;36mDEBUG[m]    org.apache.maven:maven-plugin-api:jar:3.5.4:compile
[[1;36mDEBUG[m]       org.apache.maven:maven-artifact:jar:3.5.4:compile
[[1;36mDEBUG[m]       org.eclipse.sisu:org.eclipse.sisu.plexus:jar:0.3.3:compile
[[1;36mDEBUG[m]          javax.enterprise:cdi-api:jar:1.0:compile
[[1;36mDEBUG[m]             javax.annotation:jsr250-api:jar:1.0:compile
[[1;36mDEBUG[m]       org.codehaus.plexus:plexus-utils:jar:3.1.0:compile
[[1;36mDEBUG[m]       org.codehaus.plexus:plexus-classworlds:jar:2.5.2:compile
[[1;36mDEBUG[m]    org.apache.maven.plugin-testing:maven-plugin-testing-harness:jar:3.3.0:compile
[[1;36mDEBUG[m]       commons-io:commons-io:jar:2.2:compile
[[1;36mDEBUG[m]       org.codehaus.plexus:plexus-archiver:jar:2.2:compile
[[1;36mDEBUG[m]          org.codehaus.plexus:plexus-io:jar:2.0.4:compile
[[1;36mDEBUG[m]    org.apache.maven:maven-compat:jar:3.5.4:compile
[[1;36mDEBUG[m]       org.apache.maven:maven-model-builder:jar:3.5.4:compile
[[1;36mDEBUG[m]       org.apache.maven:maven-settings:jar:3.5.4:compile
[[1;36mDEBUG[m]       org.apache.maven:maven-settings-builder:jar:3.5.4:compile
[[1;36mDEBUG[m]          org.sonatype.plexus:plexus-sec-dispatcher:jar:1.4:compile
[[1;36mDEBUG[m]             org.sonatype.plexus:plexus-cipher:jar:1.4:compile
[[1;36mDEBUG[m]       org.apache.maven:maven-resolver-provider:jar:3.5.4:compile
[[1;36mDEBUG[m]       org.apache.maven:maven-repository-metadata:jar:3.5.4:compile
[[1;36mDEBUG[m]       org.apache.maven.resolver:maven-resolver-api:jar:1.1.1:compile
[[1;36mDEBUG[m]       org.apache.maven.resolver:maven-resolver-util:jar:1.1.1:compile
[[1;36mDEBUG[m]       org.apache.maven.resolver:maven-resolver-impl:jar:1.1.1:compile
[[1;36mDEBUG[m]       org.codehaus.plexus:plexus-interpolation:jar:1.24:compile
[[1;36mDEBUG[m]       org.codehaus.plexus:plexus-component-annotations:jar:1.7.1:compile
[[1;36mDEBUG[m]       org.apache.maven.wagon:wagon-provider-api:jar:3.1.0:compile
[[1;36mDEBUG[m]    org.apache.maven:maven-core:jar:3.5.4:compile
[[1;36mDEBUG[m]       org.apache.maven:maven-builder-support:jar:3.5.4:compile
[[1;36mDEBUG[m]       org.apache.maven.resolver:maven-resolver-spi:jar:1.1.1:compile
[[1;36mDEBUG[m]       org.apache.maven.shared:maven-shared-utils:jar:3.2.1:compile
[[1;36mDEBUG[m]       org.eclipse.sisu:org.eclipse.sisu.inject:jar:0.3.3:compile
[[1;36mDEBUG[m]       com.google.inject:guice:jar:no_aop:4.2.0:compile
[[1;36mDEBUG[m]          aopalliance:aopalliance:jar:1.0:compile
[[1;36mDEBUG[m]       com.google.guava:guava:jar:20.0:compile
[[1;36mDEBUG[m]       javax.inject:javax.inject:jar:1:compile
[[1;36mDEBUG[m]       org.apache.commons:commons-lang3:jar:3.5:compile
[[1;36mDEBUG[m]    org.apache.maven:maven-model:jar:3.5.4:compile
[[1;36mDEBUG[m]    org.apache.maven:maven-aether-provider:jar:3.3.9:compile
[[1;36mDEBUG[m]       org.eclipse.aether:aether-api:jar:1.0.2.v20150114:compile
[[1;36mDEBUG[m]       org.eclipse.aether:aether-spi:jar:1.0.2.v20150114:compile
[[1;36mDEBUG[m]       org.eclipse.aether:aether-util:jar:1.0.2.v20150114:compile
[[1;36mDEBUG[m]       org.eclipse.aether:aether-impl:jar:1.0.2.v20150114:compile
[[1;36mDEBUG[m]    org.apache.maven:maven-project:jar:2.2.1:compile
[[1;36mDEBUG[m]       org.apache.maven:maven-profile:jar:2.2.1:compile
[[1;36mDEBUG[m]       org.apache.maven:maven-artifact-manager:jar:2.2.1:compile
[[1;36mDEBUG[m]          backport-util-concurrent:backport-util-concurrent:jar:3.1:compile
[[1;36mDEBUG[m]       org.apache.maven:maven-plugin-registry:jar:2.2.1:compile
[[1;36mDEBUG[m]       org.codehaus.plexus:plexus-container-default:jar:1.0-alpha-9-stable-1:compile
[[1;36mDEBUG[m]          classworlds:classworlds:jar:1.1-alpha-2:compile
[[1;36mDEBUG[m] Created new class realm plugin>eu.stamp-project:dspot-maven:2.0.1-SNAPSHOT
[[1;36mDEBUG[m] Importing foreign packages into class realm plugin>eu.stamp-project:dspot-maven:2.0.1-SNAPSHOT
[[1;36mDEBUG[m]   Imported:  < maven.api
[[1;36mDEBUG[m] Populating class realm plugin>eu.stamp-project:dspot-maven:2.0.1-SNAPSHOT
[[1;36mDEBUG[m]   Included: eu.stamp-project:dspot-maven:jar:2.0.1-SNAPSHOT
[[1;36mDEBUG[m]   Included: eu.stamp-project:dspot:jar:2.0.1-SNAPSHOT
[[1;36mDEBUG[m]   Included: fr.inria.gforge.spoon:spoon-core:jar:7.3.0
[[1;36mDEBUG[m]   Included: org.eclipse.jdt:org.eclipse.jdt.core:jar:3.15.0
[[1;36mDEBUG[m]   Included: org.eclipse.platform:org.eclipse.core.resources:jar:3.13.300
[[1;36mDEBUG[m]   Included: org.eclipse.platform:org.eclipse.core.expressions:jar:3.6.300
[[1;36mDEBUG[m]   Included: org.eclipse.platform:org.eclipse.core.runtime:jar:3.15.200
[[1;36mDEBUG[m]   Included: org.eclipse.platform:org.eclipse.osgi:jar:3.13.300
[[1;36mDEBUG[m]   Included: org.eclipse.platform:org.eclipse.equinox.common:jar:3.10.300
[[1;36mDEBUG[m]   Included: org.eclipse.platform:org.eclipse.core.jobs:jar:3.10.300
[[1;36mDEBUG[m]   Included: org.eclipse.platform:org.eclipse.equinox.registry:jar:3.8.300
[[1;36mDEBUG[m]   Included: org.eclipse.platform:org.eclipse.equinox.preferences:jar:3.7.300
[[1;36mDEBUG[m]   Included: org.eclipse.platform:org.eclipse.core.contenttype:jar:3.7.300
[[1;36mDEBUG[m]   Included: org.eclipse.platform:org.eclipse.equinox.app:jar:1.4.100
[[1;36mDEBUG[m]   Included: org.eclipse.platform:org.eclipse.core.filesystem:jar:1.7.300
[[1;36mDEBUG[m]   Included: org.eclipse.platform:org.eclipse.text:jar:3.8.100
[[1;36mDEBUG[m]   Included: org.eclipse.platform:org.eclipse.core.commands:jar:3.9.300
[[1;36mDEBUG[m]   Included: com.martiansoftware:jsap:jar:2.1
[[1;36mDEBUG[m]   Included: log4j:log4j:jar:1.2.17
[[1;36mDEBUG[m]   Included: org.tukaani:xz:jar:1.8
[[1;36mDEBUG[m]   Included: com.fasterxml.jackson.core:jackson-databind:jar:2.9.8
[[1;36mDEBUG[m]   Included: com.fasterxml.jackson.core:jackson-annotations:jar:2.9.0
[[1;36mDEBUG[m]   Included: com.fasterxml.jackson.core:jackson-core:jar:2.9.8
[[1;36mDEBUG[m]   Included: org.apache.commons:commons-compress:jar:1.18
[[1;36mDEBUG[m]   Included: junit:junit:jar:4.12
[[1;36mDEBUG[m]   Included: org.hamcrest:hamcrest-core:jar:1.3
[[1;36mDEBUG[m]   Included: com.google.code.gson:gson:jar:2.8.0
[[1;36mDEBUG[m]   Included: org.apache.maven.shared:maven-invoker:jar:3.0.0
[[1;36mDEBUG[m]   Included: org.slf4j:slf4j-log4j12:jar:1.7.25
[[1;36mDEBUG[m]   Included: org.jacoco:org.jacoco.core:jar:0.7.9
[[1;36mDEBUG[m]   Included: org.ow2.asm:asm-debug-all:jar:5.2
[[1;36mDEBUG[m]   Included: eu.stamp-project:descartes:jar:1.1
[[1;36mDEBUG[m]   Included: org.pitest:pitest:jar:1.2.0
[[1;36mDEBUG[m]   Included: org.pitest:pitest-entry:jar:1.2.0
[[1;36mDEBUG[m]   Included: com.thoughtworks.xstream:xstream:jar:1.4.8
[[1;36mDEBUG[m]   Included: xmlpull:xmlpull:jar:1.1.3.1
[[1;36mDEBUG[m]   Included: xpp3:xpp3_min:jar:1.1.4c
[[1;36mDEBUG[m]   Included: org.gradle:gradle-tooling-api:jar:4.0.1
[[1;36mDEBUG[m]   Included: org.mockito:mockito-core:jar:2.10.0
[[1;36mDEBUG[m]   Included: net.bytebuddy:byte-buddy:jar:1.7.4
[[1;36mDEBUG[m]   Included: net.bytebuddy:byte-buddy-agent:jar:1.7.4
[[1;36mDEBUG[m]   Included: org.objenesis:objenesis:jar:2.6
[[1;36mDEBUG[m]   Included: eu.stamp-project:test-runner:jar:jar-with-dependencies:2.0.7
[[1;36mDEBUG[m]   Included: org.junit.jupiter:junit-jupiter-api:jar:5.3.2
[[1;36mDEBUG[m]   Included: org.apiguardian:apiguardian-api:jar:1.0.0
[[1;36mDEBUG[m]   Included: org.opentest4j:opentest4j:jar:1.1.1
[[1;36mDEBUG[m]   Included: org.junit.platform:junit-platform-commons:jar:1.3.2
[[1;36mDEBUG[m]   Included: org.junit.jupiter:junit-jupiter-engine:jar:5.3.2
[[1;36mDEBUG[m]   Included: org.junit.platform:junit-platform-engine:jar:1.3.2
[[1;36mDEBUG[m]   Included: org.junit.platform:junit-platform-launcher:jar:1.3.2
[[1;36mDEBUG[m]   Included: org.junit.jupiter:junit-jupiter-params:jar:5.3.2
[[1;36mDEBUG[m]   Included: org.openclover:clover:jar:4.2.1
[[1;36mDEBUG[m]   Included: fr.inria.gforge.spoon.labs:gumtree-spoon-ast-diff:jar:1.5
[[1;36mDEBUG[m]   Included: com.github.gumtreediff:core:jar:2.1.0
[[1;36mDEBUG[m]   Included: com.github.mpkorstanje:simmetrics-core:jar:3.2.3
[[1;36mDEBUG[m]   Included: commons-codec:commons-codec:jar:1.10
[[1;36mDEBUG[m]   Included: net.sf.trove4j:trove4j:jar:3.0.3
[[1;36mDEBUG[m]   Included: org.jgrapht:jgrapht-core:jar:1.0.1
[[1;36mDEBUG[m]   Included: org.ehcache:ehcache:jar:3.6.1
[[1;36mDEBUG[m]   Included: org.apache.cxf:cxf-common-utilities:jar:2.4.1
[[1;36mDEBUG[m]   Included: org.apache.ws.xmlschema:xmlschema-core:jar:2.0
[[1;36mDEBUG[m]   Included: org.codehaus.woodstox:woodstox-core-asl:jar:4.1.1
[[1;36mDEBUG[m]   Included: org.codehaus.woodstox:stax2-api:jar:3.1.1
[[1;36mDEBUG[m]   Included: javax.enterprise:cdi-api:jar:1.0
[[1;36mDEBUG[m]   Included: org.codehaus.plexus:plexus-utils:jar:3.1.0
[[1;36mDEBUG[m]   Included: org.apache.maven.plugin-testing:maven-plugin-testing-harness:jar:3.3.0
[[1;36mDEBUG[m]   Included: commons-io:commons-io:jar:2.2
[[1;36mDEBUG[m]   Included: org.codehaus.plexus:plexus-archiver:jar:2.2
[[1;36mDEBUG[m]   Included: org.codehaus.plexus:plexus-io:jar:2.0.4
[[1;36mDEBUG[m]   Included: org.sonatype.plexus:plexus-sec-dispatcher:jar:1.4
[[1;36mDEBUG[m]   Included: org.sonatype.plexus:plexus-cipher:jar:1.4
[[1;36mDEBUG[m]   Included: org.apache.maven.resolver:maven-resolver-util:jar:1.1.1
[[1;36mDEBUG[m]   Included: org.codehaus.plexus:plexus-interpolation:jar:1.24
[[1;36mDEBUG[m]   Included: org.codehaus.plexus:plexus-component-annotations:jar:1.7.1
[[1;36mDEBUG[m]   Included: org.apache.maven:maven-builder-support:jar:3.5.4
[[1;36mDEBUG[m]   Included: org.apache.maven.shared:maven-shared-utils:jar:3.2.1
[[1;36mDEBUG[m]   Included: org.eclipse.sisu:org.eclipse.sisu.inject:jar:0.3.3
[[1;36mDEBUG[m]   Included: com.google.inject:guice:jar:no_aop:4.2.0
[[1;36mDEBUG[m]   Included: aopalliance:aopalliance:jar:1.0
[[1;36mDEBUG[m]   Included: com.google.guava:guava:jar:20.0
[[1;36mDEBUG[m]   Included: org.apache.commons:commons-lang3:jar:3.5
[[1;36mDEBUG[m]   Included: org.eclipse.aether:aether-util:jar:1.0.2.v20150114
[[1;36mDEBUG[m]   Included: backport-util-concurrent:backport-util-concurrent:jar:3.1
[[1;36mDEBUG[m] Configuring mojo eu.stamp-project:dspot-maven:2.0.1-SNAPSHOT:amplify-unit-tests from plugin realm ClassRealm[plugin>eu.stamp-project:dspot-maven:2.0.1-SNAPSHOT, parent: sun.misc.Launcher$AppClassLoader@5c647e05]
[[1;36mDEBUG[m] Configuring mojo 'eu.stamp-project:dspot-maven:2.0.1-SNAPSHOT:amplify-unit-tests' with basic configurator -->
[[1;36mDEBUG[m]   (f) amplifiers = [TestDataMutator, MethodAdd, MethodRemove, NullifierAmplifier]
[[1;36mDEBUG[m]   (f) automaticBuilder = MavenBuilder
[[1;36mDEBUG[m]   (f) budgetizer = SimpleBudgetizer
[[1;36mDEBUG[m]   (f) cases = []
[[1;36mDEBUG[m]   (f) clean = true
[[1;36mDEBUG[m]   (f) descartes = true
[[1;36mDEBUG[m]   (f) example = false
[[1;36mDEBUG[m]   (f) generateNewTestClass = true
[[1;36mDEBUG[m]   (f) help = false
[[1;36mDEBUG[m]   (f) iteration = 1
[[1;36mDEBUG[m]   (f) keepOriginalTestMethods = false
[[1;36mDEBUG[m]   (f) maxTestAmplified = 200
[[1;36mDEBUG[m]   (f) noMinimize = false
[[1;36mDEBUG[m]   (f) outputPath = /home/bdanglot/workspace/dspot-experiments/results/april-2019/commons-io/commit_3_f00d97a/input_amplification/1
[[1;36mDEBUG[m]   (f) pathToSecondVersion = /home/bdanglot/workspace/dspot-experiments/dataset/april-2019/commons-io
[[1;36mDEBUG[m]   (f) pathToTestListCsv = /home/bdanglot/workspace/dspot-experiments/results/april-2019/commons-io/commit_3_f00d97a/parent_coverage_testsThatExecuteTheChanges.csv
[[1;36mDEBUG[m]   (f) project = MavenProject: commons-io:commons-io:2.6-SNAPSHOT @ /home/bdanglot/workspace/dspot-experiments/dataset/april-2019/commons-io_parent/pom.xml
[[1;36mDEBUG[m]   (f) randomSeed = 23
[[1;36mDEBUG[m]   (f) targetOneTestClass = false
[[1;36mDEBUG[m]   (f) test = [all]
[[1;36mDEBUG[m]   (f) testCriterion = ChangeDetectorSelector
[[1;36mDEBUG[m]   (f) timeOut = 10000
[[1;36mDEBUG[m]   (f) useMavenToExeTest = false
[[1;36mDEBUG[m]   (f) verbose = true
[[1;36mDEBUG[m]   (f) withComment = false
[[1;36mDEBUG[m]   (f) workingDirectory = false
[[1;36mDEBUG[m] -- end configuration --
[[1;34mINFO[m] Path to runner Classes: /home/bdanglot/.m2/repository/eu/stamp-project/test-runner/2.0.7/test-runner-2.0.7-jar-with-dependencies.jar
[[1;34mINFO[m] /home/bdanglot/.m2/repository/org/jacoco/org.jacoco.core/0.7.9/org.jacoco.core-0.7.9.jar
[[1;34mINFO[m] /home/bdanglot/.m2/repository/org/ow2/asm/asm-debug-all/5.2/asm-debug-all-5.2.jar
[[1;34mINFO[m] /home/bdanglot/.m2/repository/eu/stamp-project/test-runner/2.0.7/test-runner-2.0.7-jar-with-dependencies.jar
[[1;33mWARNING[m] : unknown automatic builder specified in configuration, going to default.
[[1;34mINFO[m] Default: provided Maven automatic builder.
[[1;34mINFO[m] Using /home/bdanglot/workspace/dspot-experiments/dataset/april-2019/commons-io_parent/pom.xml to run maven.
[[1;34mINFO[m] Using /usr/share/maven/ for maven home
[[1;34mINFO[m] run maven: /usr/share/maven//bin/mvn clean test -DskipTests dependency:build-classpath -Dmdep.outputFile=target/dspot/classpath
[WARN] Maven will be executed in interactive mode, but no input stream has been configured for this MavenInvoker instance.
[[1;34mINFO[m] Scanning for projects...
[[1;34mINFO[m] 
[[1;34mINFO[m] [1m-----------------------< [0;36mcommons-io:commons-io[0;1m >------------------------[m
[[1;34mINFO[m] [1mBuilding Apache Commons IO 2.6-SNAPSHOT[m
[[1;34mINFO[m] [1m--------------------------------[ jar ]---------------------------------[m
[[1;34mINFO[m] 
[[1;34mINFO[m] [1m--- [0;32mmaven-clean-plugin:3.0.0:clean[m [1m(default-clean)[m @ [36mcommons-io[0;1m ---[m
[[1;34mINFO[m] Deleting /home/bdanglot/workspace/dspot-experiments/dataset/april-2019/commons-io_parent/target
[[1;34mINFO[m] 
[[1;34mINFO[m] [1m--- [0;32mmaven-enforcer-plugin:1.4.1:enforce[m [1m(enforce-maven-3)[m @ [36mcommons-io[0;1m ---[m
[[1;34mINFO[m] Skipping Rule Enforcement.
[[1;34mINFO[m] 
[[1;34mINFO[m] [1m--- [0;32mbuild-helper-maven-plugin:1.10:parse-version[m [1m(parse-version)[m @ [36mcommons-io[0;1m ---[m
[[1;34mINFO[m] 
[[1;34mINFO[m] [1m--- [0;32mmaven-antrun-plugin:1.8:run[m [1m(javadoc.resources)[m @ [36mcommons-io[0;1m ---[m
[[1;34mINFO[m] Executing tasks

main:
     [copy] Copying 2 files to /home/bdanglot/workspace/dspot-experiments/dataset/april-2019/commons-io_parent/target/apidocs/META-INF
[[1;34mINFO[m] Executed tasks
[[1;34mINFO[m] 
[[1;34mINFO[m] [1m--- [0;32mmaven-remote-resources-plugin:1.5:process[m [1m(process-resource-bundles)[m @ [36mcommons-io[0;1m ---[m
[[1;34mINFO[m] 
[[1;34mINFO[m] [1m--- [0;32mbuildnumber-maven-plugin:1.4:create[m [1m(default)[m @ [36mcommons-io[0;1m ---[m
[[1;34mINFO[m] Executing: /bin/sh -c cd '/home/bdanglot/workspace/dspot-experiments/dataset/april-2019/commons-io_parent' && 'git' 'rev-parse' '--verify' 'HEAD'
[[1;34mINFO[m] Working directory: /home/bdanglot/workspace/dspot-experiments/dataset/april-2019/commons-io_parent
[[1;34mINFO[m] Storing buildNumber: c295a589777a35730c90b26f28f7cc938d4053e3 at timestamp: 1555514028699
[[1;34mINFO[m] Storing buildScmBranch: master
[[1;34mINFO[m] 
[[1;34mINFO[m] [1m--- [0;32mmaven-resources-plugin:2.7:resources[m [1m(default-resources)[m @ [36mcommons-io[0;1m ---[m
[[1;34mINFO[m] Using 'iso-8859-1' encoding to copy filtered resources.
[[1;34mINFO[m] skip non existing resourceDirectory /home/bdanglot/workspace/dspot-experiments/dataset/april-2019/commons-io_parent/src/main/resources
[[1;34mINFO[m] Copying 2 resources to META-INF
[[1;34mINFO[m] 
[[1;34mINFO[m] [1m--- [0;32mmaven-compiler-plugin:3.5.1:compile[m [1m(default-compile)[m @ [36mcommons-io[0;1m ---[m
[[1;34mINFO[m] Changes detected - recompiling the module!
[[1;34mINFO[m] Compiling 118 source files to /home/bdanglot/workspace/dspot-experiments/dataset/april-2019/commons-io_parent/target/classes
[[1;34mINFO[m] /home/bdanglot/workspace/dspot-experiments/dataset/april-2019/commons-io_parent/src/main/java/org/apache/commons/io/FileSystemUtils.java: /home/bdanglot/workspace/dspot-experiments/dataset/april-2019/commons-io_parent/src/main/java/org/apache/commons/io/FileSystemUtils.java uses or overrides a deprecated API.
[[1;34mINFO[m] /home/bdanglot/workspace/dspot-experiments/dataset/april-2019/commons-io_parent/src/main/java/org/apache/commons/io/FileSystemUtils.java: Recompile with -Xlint:deprecation for details.
[[1;34mINFO[m] 
[[1;34mINFO[m] [1m--- [0;32mmaven-bundle-plugin:3.0.1:manifest[m [1m(bundle-manifest)[m @ [36mcommons-io[0;1m ---[m
[[1;34mINFO[m] 
[[1;34mINFO[m] [1m--- [0;32manimal-sniffer-maven-plugin:1.15:check[m [1m(checkAPIcompatibility)[m @ [36mcommons-io[0;1m ---[m
[[1;34mINFO[m] Checking unresolved references to org.codehaus.mojo.signature:java17:1.0
[[1;34mINFO[m] 
[[1;34mINFO[m] [1m--- [0;32mmaven-resources-plugin:2.7:testResources[m [1m(default-testResources)[m @ [36mcommons-io[0;1m ---[m
[[1;34mINFO[m] Using 'iso-8859-1' encoding to copy filtered resources.
[[1;34mINFO[m] Copying 20 resources
[[1;34mINFO[m] Copying 2 resources to META-INF
[[1;34mINFO[m] 
[[1;34mINFO[m] [1m--- [0;32mmaven-compiler-plugin:3.5.1:testCompile[m [1m(default-testCompile)[m @ [36mcommons-io[0;1m ---[m
[[1;34mINFO[m] Changes detected - recompiling the module!
[[1;34mINFO[m] Compiling 115 source files to /home/bdanglot/workspace/dspot-experiments/dataset/april-2019/commons-io_parent/target/test-classes
[[1;34mINFO[m] /home/bdanglot/workspace/dspot-experiments/dataset/april-2019/commons-io_parent/src/test/java/org/apache/commons/io/LineIteratorTestCase.java: Some input files use or override a deprecated API.
[[1;34mINFO[m] /home/bdanglot/workspace/dspot-experiments/dataset/april-2019/commons-io_parent/src/test/java/org/apache/commons/io/LineIteratorTestCase.java: Recompile with -Xlint:deprecation for details.
[[1;34mINFO[m] 
[[1;34mINFO[m] [1m--- [0;32mmaven-surefire-plugin:2.19.1:test[m [1m(default-test)[m @ [36mcommons-io[0;1m ---[m
[[1;34mINFO[m] Tests are skipped.
[[1;34mINFO[m] 
[[1;34mINFO[m] [1m--- [0;32mmaven-dependency-plugin:2.10:build-classpath[m [1m(default-cli)[m @ [36mcommons-io[0;1m ---[m
[[1;34mINFO[m] Wrote classpath file '/home/bdanglot/workspace/dspot-experiments/dataset/april-2019/commons-io_parent/target/dspot/classpath'.
[[1;34mINFO[m] [1m------------------------------------------------------------------------[m
[[1;34mINFO[m] [1;32mBUILD SUCCESS[m
[[1;34mINFO[m] [1m------------------------------------------------------------------------[m
[[1;34mINFO[m] Total time:  8.600 s
[[1;34mINFO[m] Finished at: 2019-04-17T17:13:55+02:00
[[1;34mINFO[m] [1m------------------------------------------------------------------------[m
[[1;34mINFO[m] Amplification of org.apache.commons.io.IOUtilsTestCase (2 test(s))
[[1;34mINFO[m] Assertion amplification of org.apache.commons.io.IOUtilsTestCase (2 test(s))
[[1;36mDEBUG[m] Starting 15 Services...
[[1;36mDEBUG[m] All Services successfully started, 15 Services in 7ms
[[1;36mDEBUG[m] Creating Cache 'frameworkCache' in EhcacheManager.
[[1;36mDEBUG[m] Serializer for <java.lang.String> : org.ehcache.impl.serialization.StringSerializer@60816371
[[1;36mDEBUG[m] Could not create serializers for frameworkCache
[1;31morg.ehcache.spi.serialization.UnsupportedTypeException[m: [1;31mNo serializer found for type 'eu.stamp_project.test_framework.TestFrameworkSupport'[m
    [1mat[m org.ehcache.impl.internal.spi.serialization.DefaultSerializationProvider.getSerializerClassFor ([1mDefaultSerializationProvider.java:136[m)
    [1mat[m org.ehcache.impl.internal.spi.serialization.DefaultSerializationProvider.createSerializer ([1mDefaultSerializationProvider.java:98[m)
    [1mat[m org.ehcache.impl.internal.spi.serialization.DefaultSerializationProvider.createValueSerializer ([1mDefaultSerializationProvider.java:90[m)
    [1mat[m org.ehcache.core.EhcacheManager.getStore ([1mEhcacheManager.java:478[m)
    [1mat[m org.ehcache.core.EhcacheManager.createNewEhcache ([1mEhcacheManager.java:317[m)
    [1mat[m org.ehcache.core.EhcacheManager.createCache ([1mEhcacheManager.java:266[m)
    [1mat[m org.ehcache.core.EhcacheManager.init ([1mEhcacheManager.java:582[m)
    [1mat[m org.ehcache.config.builders.CacheManagerBuilder.build ([1mCacheManagerBuilder.java:72[m)
    [1mat[m eu.stamp_project.utils.DSpotCache.<clinit> ([1mDSpotCache.java:21[m)
    [1mat[m eu.stamp_project.test_framework.TestFramework.getTestFramework ([1mTestFramework.java:128[m)
    [1mat[m eu.stamp_project.test_framework.TestFramework.isJUnit5 ([1mTestFramework.java:67[m)
    [1mat[m eu.stamp_project.dspot.Amplification.amplification ([1mAmplification.java:84[m)
    [1mat[m eu.stamp_project.dspot.DSpot._amplify ([1mDSpot.java:273[m)
    [1mat[m eu.stamp_project.dspot.DSpot.lambda$amplifyTestClassesTestMethods$5 ([1mDSpot.java:254[m)
    [1mat[m java.util.stream.ReferencePipeline$3$1.accept ([1mReferencePipeline.java:193[m)
    [1mat[m java.util.ArrayList$ArrayListSpliterator.forEachRemaining ([1mArrayList.java:1382[m)
    [1mat[m java.util.stream.AbstractPipeline.copyInto ([1mAbstractPipeline.java:481[m)
    [1mat[m java.util.stream.AbstractPipeline.wrapAndCopyInto ([1mAbstractPipeline.java:471[m)
    [1mat[m java.util.stream.ReduceOps$ReduceOp.evaluateSequential ([1mReduceOps.java:708[m)
    [1mat[m java.util.stream.AbstractPipeline.evaluate ([1mAbstractPipeline.java:234[m)
    [1mat[m java.util.stream.ReferencePipeline.collect ([1mReferencePipeline.java:499[m)
    [1mat[m eu.stamp_project.dspot.DSpot.amplifyTestClassesTestMethods ([1mDSpot.java:255[m)
    [1mat[m eu.stamp_project.Main.run ([1mMain.java:65[m)
    [1mat[m eu.stamp_project.DSpotMojo.execute ([1mDSpotMojo.java:306[m)
    [1mat[m org.apache.maven.plugin.DefaultBuildPluginManager.executeMojo ([1mDefaultBuildPluginManager.java:137[m)
    [1mat[m org.apache.maven.lifecycle.internal.MojoExecutor.execute ([1mMojoExecutor.java:210[m)
    [1mat[m org.apache.maven.lifecycle.internal.MojoExecutor.execute ([1mMojoExecutor.java:156[m)
    [1mat[m org.apache.maven.lifecycle.internal.MojoExecutor.execute ([1mMojoExecutor.java:148[m)
    [1mat[m org.apache.maven.lifecycle.internal.LifecycleModuleBuilder.buildProject ([1mLifecycleModuleBuilder.java:117[m)
    [1mat[m org.apache.maven.lifecycle.internal.LifecycleModuleBuilder.buildProject ([1mLifecycleModuleBuilder.java:81[m)
    [1mat[m org.apache.maven.lifecycle.internal.builder.singlethreaded.SingleThreadedBuilder.build ([1mSingleThreadedBuilder.java:56[m)
    [1mat[m org.apache.maven.lifecycle.internal.LifecycleStarter.execute ([1mLifecycleStarter.java:128[m)
    [1mat[m org.apache.maven.DefaultMaven.doExecute ([1mDefaultMaven.java:305[m)
    [1mat[m org.apache.maven.DefaultMaven.doExecute ([1mDefaultMaven.java:192[m)
    [1mat[m org.apache.maven.DefaultMaven.execute ([1mDefaultMaven.java:105[m)
    [1mat[m org.apache.maven.cli.MavenCli.execute ([1mMavenCli.java:956[m)
    [1mat[m org.apache.maven.cli.MavenCli.doMain ([1mMavenCli.java:288[m)
    [1mat[m org.apache.maven.cli.MavenCli.main ([1mMavenCli.java:192[m)
    [1mat[m sun.reflect.NativeMethodAccessorImpl.invoke0 ([1mNative Method[m)
    [1mat[m sun.reflect.NativeMethodAccessorImpl.invoke ([1mNativeMethodAccessorImpl.java:62[m)
    [1mat[m sun.reflect.DelegatingMethodAccessorImpl.invoke ([1mDelegatingMethodAccessorImpl.java:43[m)
    [1mat[m java.lang.reflect.Method.invoke ([1mMethod.java:498[m)
    [1mat[m org.codehaus.plexus.classworlds.launcher.Launcher.launchEnhanced ([1mLauncher.java:282[m)
    [1mat[m org.codehaus.plexus.classworlds.launcher.Launcher.launch ([1mLauncher.java:225[m)
    [1mat[m org.codehaus.plexus.classworlds.launcher.Launcher.mainWithExitCode ([1mLauncher.java:406[m)
    [1mat[m org.codehaus.plexus.classworlds.launcher.Launcher.main ([1mLauncher.java:347[m)
[[1;36mDEBUG[m] Copier for <java.lang.String> : org.ehcache.impl.copy.IdentityCopier@5fde1d64
[[1;36mDEBUG[m] Copier for <eu.stamp_project.test_framework.TestFrameworkSupport> : org.ehcache.impl.copy.IdentityCopier@5350ab17
[[1;36mDEBUG[m] Initialize successful.
[[1;34mINFO[m] Cache 'frameworkCache' created in EhcacheManager.
[[1;36mDEBUG[m] Initialize successful.
[[1;33mWARNING[m] You gave an empty filter. To use PIT, it is recommend to specify a filter, at least, the top package of your program, otherwise, PIT may take a long time or could not be run.
[[1;34mINFO[m] A new filter has been computed on the fly: org.apache.commons.io.*
[[1;34mINFO[m] Using /home/bdanglot/workspace/dspot-experiments/dataset/april-2019/commons-io/pom.xml to run maven.
[[1;34mINFO[m] Using /usr/share/maven/ for maven home
[[1;34mINFO[m] run maven: /usr/share/maven//bin/mvn clean test -DskipTests
[WARN] Maven will be executed in interactive mode, but no input stream has been configured for this MavenInvoker instance.
[[1;34mINFO[m] Scanning for projects...
[[1;34mINFO[m] 
[[1;34mINFO[m] [1m-----------------------< [0;36mcommons-io:commons-io[0;1m >------------------------[m
[[1;34mINFO[m] [1mBuilding Apache Commons IO 2.6-SNAPSHOT[m
[[1;34mINFO[m] [1m--------------------------------[ jar ]---------------------------------[m
[[1;34mINFO[m] 
[[1;34mINFO[m] [1m--- [0;32mmaven-clean-plugin:3.0.0:clean[m [1m(default-clean)[m @ [36mcommons-io[0;1m ---[m
[[1;34mINFO[m] Deleting /home/bdanglot/workspace/dspot-experiments/dataset/april-2019/commons-io/target
[[1;34mINFO[m] 
[[1;34mINFO[m] [1m--- [0;32mmaven-enforcer-plugin:1.4.1:enforce[m [1m(enforce-maven-3)[m @ [36mcommons-io[0;1m ---[m
[[1;34mINFO[m] Skipping Rule Enforcement.
[[1;34mINFO[m] 
[[1;34mINFO[m] [1m--- [0;32mbuild-helper-maven-plugin:1.10:parse-version[m [1m(parse-version)[m @ [36mcommons-io[0;1m ---[m
[[1;34mINFO[m] 
[[1;34mINFO[m] [1m--- [0;32mmaven-antrun-plugin:1.8:run[m [1m(javadoc.resources)[m @ [36mcommons-io[0;1m ---[m
[[1;34mINFO[m] Executing tasks

main:
     [copy] Copying 2 files to /home/bdanglot/workspace/dspot-experiments/dataset/april-2019/commons-io/target/apidocs/META-INF
[[1;34mINFO[m] Executed tasks
[[1;34mINFO[m] 
[[1;34mINFO[m] [1m--- [0;32mmaven-remote-resources-plugin:1.5:process[m [1m(process-resource-bundles)[m @ [36mcommons-io[0;1m ---[m
[[1;34mINFO[m] 
[[1;34mINFO[m] [1m--- [0;32mbuildnumber-maven-plugin:1.4:create[m [1m(default)[m @ [36mcommons-io[0;1m ---[m
[[1;34mINFO[m] Executing: /bin/sh -c cd '/home/bdanglot/workspace/dspot-experiments/dataset/april-2019/commons-io' && 'git' 'rev-parse' '--verify' 'HEAD'
[[1;34mINFO[m] Working directory: /home/bdanglot/workspace/dspot-experiments/dataset/april-2019/commons-io
[[1;34mINFO[m] Storing buildNumber: f00d97a6cea0a08c8112ffb8bd0b6847373899ae at timestamp: 1555514045024
[[1;34mINFO[m] Storing buildScmBranch: master
[[1;34mINFO[m] 
[[1;34mINFO[m] [1m--- [0;32mmaven-resources-plugin:2.7:resources[m [1m(default-resources)[m @ [36mcommons-io[0;1m ---[m
[[1;34mINFO[m] Using 'iso-8859-1' encoding to copy filtered resources.
[[1;34mINFO[m] skip non existing resourceDirectory /home/bdanglot/workspace/dspot-experiments/dataset/april-2019/commons-io/src/main/resources
[[1;34mINFO[m] Copying 2 resources to META-INF
[[1;34mINFO[m] 
[[1;34mINFO[m] [1m--- [0;32mmaven-compiler-plugin:3.6.0:compile[m [1m(default-compile)[m @ [36mcommons-io[0;1m ---[m
[[1;34mINFO[m] Changes detected - recompiling the module!
[[1;34mINFO[m] Compiling 118 source files to /home/bdanglot/workspace/dspot-experiments/dataset/april-2019/commons-io/target/classes
[[1;34mINFO[m] /home/bdanglot/workspace/dspot-experiments/dataset/april-2019/commons-io/src/main/java/org/apache/commons/io/FileSystemUtils.java: /home/bdanglot/workspace/dspot-experiments/dataset/april-2019/commons-io/src/main/java/org/apache/commons/io/FileSystemUtils.java uses or overrides a deprecated API.
[[1;34mINFO[m] /home/bdanglot/workspace/dspot-experiments/dataset/april-2019/commons-io/src/main/java/org/apache/commons/io/FileSystemUtils.java: Recompile with -Xlint:deprecation for details.
[[1;34mINFO[m] 
[[1;34mINFO[m] [1m--- [0;32mmaven-bundle-plugin:3.0.1:manifest[m [1m(bundle-manifest)[m @ [36mcommons-io[0;1m ---[m
[[1;34mINFO[m] 
[[1;34mINFO[m] [1m--- [0;32manimal-sniffer-maven-plugin:1.15:check[m [1m(checkAPIcompatibility)[m @ [36mcommons-io[0;1m ---[m
[[1;34mINFO[m] Checking unresolved references to org.codehaus.mojo.signature:java17:1.0
[[1;34mINFO[m] 
[[1;34mINFO[m] [1m--- [0;32mmaven-resources-plugin:2.7:testResources[m [1m(default-testResources)[m @ [36mcommons-io[0;1m ---[m
[[1;34mINFO[m] Using 'iso-8859-1' encoding to copy filtered resources.
[[1;34mINFO[m] Copying 20 resources
[[1;34mINFO[m] Copying 2 resources to META-INF
[[1;34mINFO[m] 
[[1;34mINFO[m] [1m--- [0;32mmaven-compiler-plugin:3.6.0:testCompile[m [1m(default-testCompile)[m @ [36mcommons-io[0;1m ---[m
[[1;34mINFO[m] Changes detected - recompiling the module!
[[1;34mINFO[m] Compiling 115 source files to /home/bdanglot/workspace/dspot-experiments/dataset/april-2019/commons-io/target/test-classes
[[1;34mINFO[m] /home/bdanglot/workspace/dspot-experiments/dataset/april-2019/commons-io/src/test/java/org/apache/commons/io/LineIteratorTestCase.java: Some input files use or override a deprecated API.
[[1;34mINFO[m] /home/bdanglot/workspace/dspot-experiments/dataset/april-2019/commons-io/src/test/java/org/apache/commons/io/LineIteratorTestCase.java: Recompile with -Xlint:deprecation for details.
[[1;34mINFO[m] 
[[1;34mINFO[m] [1m--- [0;32mmaven-surefire-plugin:2.19.1:test[m [1m(default-test)[m @ [36mcommons-io[0;1m ---[m
[[1;34mINFO[m] Tests are skipped.
[[1;34mINFO[m] [1m------------------------------------------------------------------------[m
[[1;34mINFO[m] [1;32mBUILD SUCCESS[m
[[1;34mINFO[m] [1m------------------------------------------------------------------------[m
[[1;34mINFO[m] Total time:  7.914 s
[[1;34mINFO[m] Finished at: 2019-04-17T17:14:10+02:00
[[1;34mINFO[m] [1m------------------------------------------------------------------------[m
[[1;34mINFO[m] Compiling with -proceedOnError -encoding UTF-8 -cp /home/bdanglot/workspace/dspot-experiments/dataset/april-2019/commons-io_parent/target/dspot/tmp_test_sources:/home/bdanglot/.m2/repository/junit/junit/4.12/junit-4.12.jar:/home/bdanglot/.m2/repository/org/hamcrest/hamcrest-core/1.3/hamcrest-core-1.3.jar:/home/bdanglot/workspace/dspot-experiments/dataset/april-2019/commons-io_parent/target/classes/:/home/bdanglot/workspace/dspot-experiments/dataset/april-2019/commons-io_parent/target/test-classes/:/home/bdanglot/workspace/dspot-experiments/dataset/april-2019/commons-io_parent/target/dspot/dependencies/: -d /home/bdanglot/workspace/dspot-experiments/dataset/april-2019/commons-io_parent/target/test-classes -1.8 -preserveAllLocals -noExit -enableJavadoc -proc:none /home/bdanglot/workspace/dspot-experiments/dataset/april-2019/commons-io_parent/target/dspot/tmp_test_sources/org/apache/commons/io/IOUtilsTestCase.java
[[1;34mINFO[m] Run: java -classpath /home/bdanglot/workspace/dspot-experiments/dataset/april-2019/commons-io_parent/target/test-classes:/home/bdanglot/workspace/dspot-experiments/dataset/april-2019/commons-io_parent/target/classes/:/home/bdanglot/.m2/repository/junit/junit/4.12/junit-4.12.jar:/home/bdanglot/.m2/repository/org/hamcrest/hamcrest-core/1.3/hamcrest-core-1.3.jar:/home/bdanglot/workspace/dspot-experiments/dataset/april-2019/commons-io_parent/target/dspot/dependencies/:/home/bdanglot/.m2/repository/eu/stamp-project/test-runner/2.0.7/test-runner-2.0.7-jar-with-dependencies.jar eu.stamp_project.testrunner.runner.JUnit4Runner --class org.apache.commons.io.IOUtilsTestCase --tests testToByteArray_InputStream_Size:testToByteArray_InputStream_SizeIllegal 
Parsing --class org.apache.commons.io.IOUtilsTestCase --tests testToByteArray_InputStream_Size:testToByteArray_InputStream_SizeIllegal
File saved to the following path: /home/bdanglot/workspace/dspot-experiments/dataset/april-2019/commons-io_parent/target/dspot/TestResult.ser
Loading /home/bdanglot/workspace/dspot-experiments/dataset/april-2019/commons-io_parent/target/dspot/TestResult.ser
[[1;34mINFO[m] Test has been run: testToByteArray_InputStream_Size,testToByteArray_InputStream_SizeIllegal
[[1;34mINFO[m] Run tests. (2)
[[1;34mINFO[m] Compiling with -proceedOnError -encoding UTF-8 -cp /home/bdanglot/workspace/dspot-experiments/dataset/april-2019/commons-io_parent/target/dspot/tmp_test_sources:/home/bdanglot/.m2/repository/junit/junit/4.12/junit-4.12.jar:/home/bdanglot/.m2/repository/org/hamcrest/hamcrest-core/1.3/hamcrest-core-1.3.jar:/home/bdanglot/workspace/dspot-experiments/dataset/april-2019/commons-io_parent/target/classes/:/home/bdanglot/workspace/dspot-experiments/dataset/april-2019/commons-io_parent/target/test-classes/:/home/bdanglot/workspace/dspot-experiments/dataset/april-2019/commons-io_parent/target/dspot/dependencies/: -d /home/bdanglot/workspace/dspot-experiments/dataset/april-2019/commons-io_parent/target/test-classes -1.8 -preserveAllLocals -noExit -enableJavadoc -proc:none /home/bdanglot/workspace/dspot-experiments/dataset/april-2019/commons-io_parent/target/dspot/tmp_test_sources/org/apache/commons/io/IOUtilsTestCase.java
[[1;34mINFO[m] Run: java -classpath /home/bdanglot/workspace/dspot-experiments/dataset/april-2019/commons-io_parent/target/test-classes:/home/bdanglot/workspace/dspot-experiments/dataset/april-2019/commons-io_parent/target/classes/:/home/bdanglot/.m2/repository/junit/junit/4.12/junit-4.12.jar:/home/bdanglot/.m2/repository/org/hamcrest/hamcrest-core/1.3/hamcrest-core-1.3.jar:/home/bdanglot/workspace/dspot-experiments/dataset/april-2019/commons-io_parent/target/dspot/dependencies/:/home/bdanglot/.m2/repository/eu/stamp-project/test-runner/2.0.7/test-runner-2.0.7-jar-with-dependencies.jar eu.stamp_project.testrunner.runner.JUnit4Runner --class org.apache.commons.io.IOUtilsTestCase --tests testToByteArray_InputStream_Size:testToByteArray_InputStream_SizeIllegal 
Parsing --class org.apache.commons.io.IOUtilsTestCase --tests testToByteArray_InputStream_Size:testToByteArray_InputStream_SizeIllegal
File saved to the following path: /home/bdanglot/workspace/dspot-experiments/dataset/april-2019/commons-io_parent/target/dspot/TestResult.ser
Loading /home/bdanglot/workspace/dspot-experiments/dataset/april-2019/commons-io_parent/target/dspot/TestResult.ser
[[1;34mINFO[m] Test has been run: testToByteArray_InputStream_Size,testToByteArray_InputStream_SizeIllegal
[[1;34mINFO[m] 2 test pass, generating assertion...
[[1;34mINFO[m] Add observations points in passing tests.
[[1;34mINFO[m] Instrumentation...
 50% |========================= ]/100% |================================================== ]-
[[1;34mINFO[m] Run instrumented tests. (6)
[[1;34mINFO[m] Compiling with -proceedOnError -encoding UTF-8 -cp /home/bdanglot/workspace/dspot-experiments/dataset/april-2019/commons-io_parent/target/dspot/tmp_test_sources:/home/bdanglot/.m2/repository/junit/junit/4.12/junit-4.12.jar:/home/bdanglot/.m2/repository/org/hamcrest/hamcrest-core/1.3/hamcrest-core-1.3.jar:/home/bdanglot/workspace/dspot-experiments/dataset/april-2019/commons-io_parent/target/classes/:/home/bdanglot/workspace/dspot-experiments/dataset/april-2019/commons-io_parent/target/test-classes/:/home/bdanglot/workspace/dspot-experiments/dataset/april-2019/commons-io_parent/target/dspot/dependencies/: -d /home/bdanglot/workspace/dspot-experiments/dataset/april-2019/commons-io_parent/target/test-classes -1.8 -preserveAllLocals -noExit -enableJavadoc -proc:none /home/bdanglot/workspace/dspot-experiments/dataset/april-2019/commons-io_parent/target/dspot/tmp_test_sources/org/apache/commons/io/IOUtilsTestCase.java
[[1;34mINFO[m] Run: java -classpath /home/bdanglot/workspace/dspot-experiments/dataset/april-2019/commons-io_parent/target/test-classes:/home/bdanglot/workspace/dspot-experiments/dataset/april-2019/commons-io_parent/target/classes/:/home/bdanglot/.m2/repository/junit/junit/4.12/junit-4.12.jar:/home/bdanglot/.m2/repository/org/hamcrest/hamcrest-core/1.3/hamcrest-core-1.3.jar:/home/bdanglot/workspace/dspot-experiments/dataset/april-2019/commons-io_parent/target/dspot/dependencies/:/home/bdanglot/.m2/repository/eu/stamp-project/test-runner/2.0.7/test-runner-2.0.7-jar-with-dependencies.jar eu.stamp_project.testrunner.runner.JUnit4Runner --class org.apache.commons.io.IOUtilsTestCase --tests testToByteArray_InputStream_Size_withlog0:testToByteArray_InputStream_SizeIllegal_withlog0:testToByteArray_InputStream_Size_withlog1:testToByteArray_InputStream_SizeIllegal_withlog1:testToByteArray_InputStream_Size_withlog2:testToByteArray_InputStream_SizeIllegal_withlog2 
Parsing --class org.apache.commons.io.IOUtilsTestCase --tests testToByteArray_InputStream_Size_withlog0:testToByteArray_InputStream_SizeIllegal_withlog0:testToByteArray_InputStream_Size_withlog1:testToByteArray_InputStream_SizeIllegal_withlog1:testToByteArray_InputStream_Size_withlog2:testToByteArray_InputStream_SizeIllegal_withlog2
File saved to the following path: /home/bdanglot/workspace/dspot-experiments/dataset/april-2019/commons-io_parent/target/dspot/observations.ser
File saved to the following path: /home/bdanglot/workspace/dspot-experiments/dataset/april-2019/commons-io_parent/target/dspot/TestResult.ser
Loading /home/bdanglot/workspace/dspot-experiments/dataset/april-2019/commons-io_parent/target/dspot/TestResult.ser
[[1;34mINFO[m] Test has been run: testToByteArray_InputStream_Size_withlog0,testToByteArray_InputStream_Size_withlog1,testToByteArray_InputStream_Size_withlog2,testToByteArray_InputStream_SizeIllegal_withlog0,testToByteArray_InputStream_SizeIllegal_withlog1,testToByteArray_InputStream_SizeIllegal_withlog2
[[1;34mINFO[m] Generating assertions...
[[1;34mINFO[m] 2 new tests with assertions generated
[[1;34mINFO[m] Compiling with -proceedOnError -encoding UTF-8 -cp /home/bdanglot/workspace/dspot-experiments/dataset/april-2019/commons-io_parent/target/dspot/tmp_test_sources:/home/bdanglot/.m2/repository/junit/junit/4.12/junit-4.12.jar:/home/bdanglot/.m2/repository/org/hamcrest/hamcrest-core/1.3/hamcrest-core-1.3.jar:/home/bdanglot/workspace/dspot-experiments/dataset/april-2019/commons-io_parent/target/classes/:/home/bdanglot/workspace/dspot-experiments/dataset/april-2019/commons-io_parent/target/test-classes/:/home/bdanglot/workspace/dspot-experiments/dataset/april-2019/commons-io_parent/target/dspot/dependencies/: -d /home/bdanglot/workspace/dspot-experiments/dataset/april-2019/commons-io_parent/target/test-classes -1.8 -preserveAllLocals -noExit -enableJavadoc -proc:none /home/bdanglot/workspace/dspot-experiments/dataset/april-2019/commons-io_parent/target/dspot/tmp_test_sources/org/apache/commons/io/IOUtilsTestCase.java
[[1;34mINFO[m] Run: java -classpath /home/bdanglot/workspace/dspot-experiments/dataset/april-2019/commons-io_parent/target/test-classes:/home/bdanglot/workspace/dspot-experiments/dataset/april-2019/commons-io_parent/target/classes/:/home/bdanglot/.m2/repository/junit/junit/4.12/junit-4.12.jar:/home/bdanglot/.m2/repository/org/hamcrest/hamcrest-core/1.3/hamcrest-core-1.3.jar:/home/bdanglot/workspace/dspot-experiments/dataset/april-2019/commons-io_parent/target/dspot/dependencies/:/home/bdanglot/.m2/repository/eu/stamp-project/test-runner/2.0.7/test-runner-2.0.7-jar-with-dependencies.jar eu.stamp_project.testrunner.runner.JUnit4Runner --class org.apache.commons.io.IOUtilsTestCase --tests testToByteArray_InputStream_Size:testToByteArray_InputStream_SizeIllegal 
Parsing --class org.apache.commons.io.IOUtilsTestCase --tests testToByteArray_InputStream_Size:testToByteArray_InputStream_SizeIllegal
File saved to the following path: /home/bdanglot/workspace/dspot-experiments/dataset/april-2019/commons-io_parent/target/dspot/TestResult.ser
Loading /home/bdanglot/workspace/dspot-experiments/dataset/april-2019/commons-io_parent/target/dspot/TestResult.ser
[[1;34mINFO[m] Test has been run: testToByteArray_InputStream_Size,testToByteArray_InputStream_SizeIllegal
[[1;34mINFO[m] Assertion amplification: 2 test method(s) has been successfully amplified.
[WARN] 2019-04-17 17:14:14 Launcher - You specified the directory /home/bdanglot/workspace/dspot-experiments/dataset/april-2019/commons-io/target/classes in source classpath, please note that only class files will be considered. Jars and subdirectories will be ignored.
[WARN] 2019-04-17 17:14:14 Launcher - You specified the directory /home/bdanglot/workspace/dspot-experiments/dataset/april-2019/commons-io/target/test-classes in source classpath, please note that only class files will be considered. Jars and subdirectories will be ignored.
[WARN] 2019-04-17 17:14:14 Launcher - You specified the directory /home/bdanglot/workspace/dspot-experiments/dataset/april-2019/commons-io/target/dspot/dependencies in source classpath, please note that only class files will be considered. Jars and subdirectories will be ignored.
[[1;34mINFO[m] Run: java -classpath /home/bdanglot/workspace/dspot-experiments/dataset/april-2019/commons-io/target/classes/:/home/bdanglot/workspace/dspot-experiments/dataset/april-2019/commons-io/target/test-classes/:/home/bdanglot/.m2/repository/junit/junit/4.12/junit-4.12.jar:/home/bdanglot/.m2/repository/org/hamcrest/hamcrest-core/1.3/hamcrest-core-1.3.jar:/home/bdanglot/workspace/dspot-experiments/dataset/april-2019/commons-io/target/dspot/dependencies/:/home/bdanglot/.m2/repository/eu/stamp-project/test-runner/2.0.7/test-runner-2.0.7-jar-with-dependencies.jar eu.stamp_project.testrunner.runner.JUnit4Runner --class org.apache.commons.io.IOUtilsTestCase --tests testToByteArray_InputStream_Size:testToByteArray_InputStream_SizeIllegal 
Parsing --class org.apache.commons.io.IOUtilsTestCase --tests testToByteArray_InputStream_Size:testToByteArray_InputStream_SizeIllegal
File saved to the following path: /home/bdanglot/workspace/dspot-experiments/dataset/april-2019/commons-io_parent/target/dspot/TestResult.ser
Loading /home/bdanglot/workspace/dspot-experiments/dataset/april-2019/commons-io_parent/target/dspot/TestResult.ser
[[1;34mINFO[m] Test has been run: testToByteArray_InputStream_Size,testToByteArray_InputStream_SizeIllegal(org.apache.commons.io.IOUtilsTestCase): null
[[1;34mINFO[m] 1 amplified test methods has been selected to be kept. (global: 1)
[[1;34mINFO[m] Applying Input-amplification and Assertion-amplification test by test.
[[1;34mINFO[m] Amplification of testToByteArray_InputStream_Size, (1/2)
[[1;34mINFO[m] iteration 0 / 1
[[1;34mINFO[m] 1 tests selected to be amplified over 1 available tests
[[1;34mINFO[m] Amplification of inputs...
[[1;34mINFO[m] Time to amplify: 32ms
  0% | ]/[[1;34mINFO[m] 4 new tests generated
[[1;34mINFO[m] Run tests. (4)
[[1;34mINFO[m] Compiling with -proceedOnError -encoding UTF-8 -cp /home/bdanglot/workspace/dspot-experiments/dataset/april-2019/commons-io_parent/target/dspot/tmp_test_sources:/home/bdanglot/.m2/repository/junit/junit/4.12/junit-4.12.jar:/home/bdanglot/.m2/repository/org/hamcrest/hamcrest-core/1.3/hamcrest-core-1.3.jar:/home/bdanglot/workspace/dspot-experiments/dataset/april-2019/commons-io_parent/target/classes/:/home/bdanglot/workspace/dspot-experiments/dataset/april-2019/commons-io_parent/target/test-classes/:/home/bdanglot/workspace/dspot-experiments/dataset/april-2019/commons-io_parent/target/dspot/dependencies/: -d /home/bdanglot/workspace/dspot-experiments/dataset/april-2019/commons-io_parent/target/test-classes -1.8 -preserveAllLocals -noExit -enableJavadoc -proc:none /home/bdanglot/workspace/dspot-experiments/dataset/april-2019/commons-io_parent/target/dspot/tmp_test_sources/org/apache/commons/io/IOUtilsTestCase.java
[[1;34mINFO[m] Run: java -classpath /home/bdanglot/workspace/dspot-experiments/dataset/april-2019/commons-io_parent/target/test-classes:/home/bdanglot/workspace/dspot-experiments/dataset/april-2019/commons-io_parent/target/classes/:/home/bdanglot/.m2/repository/junit/junit/4.12/junit-4.12.jar:/home/bdanglot/.m2/repository/org/hamcrest/hamcrest-core/1.3/hamcrest-core-1.3.jar:/home/bdanglot/workspace/dspot-experiments/dataset/april-2019/commons-io_parent/target/dspot/dependencies/:/home/bdanglot/.m2/repository/eu/stamp-project/test-runner/2.0.7/test-runner-2.0.7-jar-with-dependencies.jar eu.stamp_project.testrunner.runner.JUnit4Runner --class org.apache.commons.io.IOUtilsTestCase --tests testToByteArray_InputStream_Sizenull4:testToByteArray_InputStream_Size_add3:testToByteArray_InputStream_Size_add1:testToByteArray_InputStream_Size_add2 
Parsing --class org.apache.commons.io.IOUtilsTestCase --tests testToByteArray_InputStream_Sizenull4:testToByteArray_InputStream_Size_add3:testToByteArray_InputStream_Size_add1:testToByteArray_InputStream_Size_add2
File saved to the following path: /home/bdanglot/workspace/dspot-experiments/dataset/april-2019/commons-io_parent/target/dspot/TestResult.ser
Loading /home/bdanglot/workspace/dspot-experiments/dataset/april-2019/commons-io_parent/target/dspot/TestResult.ser
[[1;34mINFO[m] Test has been run: testToByteArray_InputStream_Size_add2,testToByteArray_InputStream_Size_add3,testToByteArray_InputStream_Size_add1(org.apache.commons.io.IOUtilsTestCase): Unexpected readed size. current: 0, excepted: 4097,testToByteArray_InputStream_Sizenull4(org.apache.commons.io.IOUtilsTestCase): null
[[1;34mINFO[m] 2 test pass, generating assertion...
[[1;34mINFO[m] Add observations points in passing tests.
[[1;34mINFO[m] Instrumentation...
 50% |========================= ]/100% |================================================== ]-
[[1;34mINFO[m] Run instrumented tests. (6)
[[1;34mINFO[m] Compiling with -proceedOnError -encoding UTF-8 -cp /home/bdanglot/workspace/dspot-experiments/dataset/april-2019/commons-io_parent/target/dspot/tmp_test_sources:/home/bdanglot/.m2/repository/junit/junit/4.12/junit-4.12.jar:/home/bdanglot/.m2/repository/org/hamcrest/hamcrest-core/1.3/hamcrest-core-1.3.jar:/home/bdanglot/workspace/dspot-experiments/dataset/april-2019/commons-io_parent/target/classes/:/home/bdanglot/workspace/dspot-experiments/dataset/april-2019/commons-io_parent/target/test-classes/:/home/bdanglot/workspace/dspot-experiments/dataset/april-2019/commons-io_parent/target/dspot/dependencies/: -d /home/bdanglot/workspace/dspot-experiments/dataset/april-2019/commons-io_parent/target/test-classes -1.8 -preserveAllLocals -noExit -enableJavadoc -proc:none /home/bdanglot/workspace/dspot-experiments/dataset/april-2019/commons-io_parent/target/dspot/tmp_test_sources/org/apache/commons/io/IOUtilsTestCase.java
[[1;34mINFO[m] Run: java -classpath /home/bdanglot/workspace/dspot-experiments/dataset/april-2019/commons-io_parent/target/test-classes:/home/bdanglot/workspace/dspot-experiments/dataset/april-2019/commons-io_parent/target/classes/:/home/bdanglot/.m2/repository/junit/junit/4.12/junit-4.12.jar:/home/bdanglot/.m2/repository/org/hamcrest/hamcrest-core/1.3/hamcrest-core-1.3.jar:/home/bdanglot/workspace/dspot-experiments/dataset/april-2019/commons-io_parent/target/dspot/dependencies/:/home/bdanglot/.m2/repository/eu/stamp-project/test-runner/2.0.7/test-runner-2.0.7-jar-with-dependencies.jar eu.stamp_project.testrunner.runner.JUnit4Runner --class org.apache.commons.io.IOUtilsTestCase --tests testToByteArray_InputStream_Size_add3_withlog0:testToByteArray_InputStream_Size_add2_withlog0:testToByteArray_InputStream_Size_add3_withlog1:testToByteArray_InputStream_Size_add2_withlog1:testToByteArray_InputStream_Size_add3_withlog2:testToByteArray_InputStream_Size_add2_withlog2 
Parsing --class org.apache.commons.io.IOUtilsTestCase --tests testToByteArray_InputStream_Size_add3_withlog0:testToByteArray_InputStream_Size_add2_withlog0:testToByteArray_InputStream_Size_add3_withlog1:testToByteArray_InputStream_Size_add2_withlog1:testToByteArray_InputStream_Size_add3_withlog2:testToByteArray_InputStream_Size_add2_withlog2
File saved to the following path: /home/bdanglot/workspace/dspot-experiments/dataset/april-2019/commons-io_parent/target/dspot/observations.ser
File saved to the following path: /home/bdanglot/workspace/dspot-experiments/dataset/april-2019/commons-io_parent/target/dspot/TestResult.ser
Loading /home/bdanglot/workspace/dspot-experiments/dataset/april-2019/commons-io_parent/target/dspot/TestResult.ser
[[1;34mINFO[m] Test has been run: testToByteArray_InputStream_Size_add3_withlog0,testToByteArray_InputStream_Size_add3_withlog1,testToByteArray_InputStream_Size_add3_withlog2,testToByteArray_InputStream_Size_add2_withlog0,testToByteArray_InputStream_Size_add2_withlog1,testToByteArray_InputStream_Size_add2_withlog2
[[1;34mINFO[m] Generating assertions...
[[1;34mINFO[m] 2 test fail, generating try/catch/fail blocks...
[[1;34mINFO[m] 4 new tests with assertions generated
[[1;34mINFO[m] Compiling with -proceedOnError -encoding UTF-8 -cp /home/bdanglot/workspace/dspot-experiments/dataset/april-2019/commons-io_parent/target/dspot/tmp_test_sources:/home/bdanglot/.m2/repository/junit/junit/4.12/junit-4.12.jar:/home/bdanglot/.m2/repository/org/hamcrest/hamcrest-core/1.3/hamcrest-core-1.3.jar:/home/bdanglot/workspace/dspot-experiments/dataset/april-2019/commons-io_parent/target/classes/:/home/bdanglot/workspace/dspot-experiments/dataset/april-2019/commons-io_parent/target/test-classes/:/home/bdanglot/workspace/dspot-experiments/dataset/april-2019/commons-io_parent/target/dspot/dependencies/: -d /home/bdanglot/workspace/dspot-experiments/dataset/april-2019/commons-io_parent/target/test-classes -1.8 -preserveAllLocals -noExit -enableJavadoc -proc:none /home/bdanglot/workspace/dspot-experiments/dataset/april-2019/commons-io_parent/target/dspot/tmp_test_sources/org/apache/commons/io/IOUtilsTestCase.java
[[1;34mINFO[m] Run: java -classpath /home/bdanglot/workspace/dspot-experiments/dataset/april-2019/commons-io_parent/target/test-classes:/home/bdanglot/workspace/dspot-experiments/dataset/april-2019/commons-io_parent/target/classes/:/home/bdanglot/.m2/repository/junit/junit/4.12/junit-4.12.jar:/home/bdanglot/.m2/repository/org/hamcrest/hamcrest-core/1.3/hamcrest-core-1.3.jar:/home/bdanglot/workspace/dspot-experiments/dataset/april-2019/commons-io_parent/target/dspot/dependencies/:/home/bdanglot/.m2/repository/eu/stamp-project/test-runner/2.0.7/test-runner-2.0.7-jar-with-dependencies.jar eu.stamp_project.testrunner.runner.JUnit4Runner --class org.apache.commons.io.IOUtilsTestCase --tests testToByteArray_InputStream_Size_add3:testToByteArray_InputStream_Size_add2:testToByteArray_InputStream_Sizenull4_failAssert0:testToByteArray_InputStream_Size_add1_failAssert0 
Parsing --class org.apache.commons.io.IOUtilsTestCase --tests testToByteArray_InputStream_Size_add3:testToByteArray_InputStream_Size_add2:testToByteArray_InputStream_Sizenull4_failAssert0:testToByteArray_InputStream_Size_add1_failAssert0
File saved to the following path: /home/bdanglot/workspace/dspot-experiments/dataset/april-2019/commons-io_parent/target/dspot/TestResult.ser
Loading /home/bdanglot/workspace/dspot-experiments/dataset/april-2019/commons-io_parent/target/dspot/TestResult.ser
[[1;34mINFO[m] Test has been run: testToByteArray_InputStream_Size_add2,testToByteArray_InputStream_Size_add3,testToByteArray_InputStream_Size_add1_failAssert0,testToByteArray_InputStream_Sizenull4_failAssert0
[[1;34mINFO[m] Assertion amplification: 4 test method(s) has been successfully amplified.
[WARN] 2019-04-17 17:14:18 Launcher - You specified the directory /home/bdanglot/workspace/dspot-experiments/dataset/april-2019/commons-io/target/classes in source classpath, please note that only class files will be considered. Jars and subdirectories will be ignored.
[WARN] 2019-04-17 17:14:18 Launcher - You specified the directory /home/bdanglot/workspace/dspot-experiments/dataset/april-2019/commons-io/target/test-classes in source classpath, please note that only class files will be considered. Jars and subdirectories will be ignored.
[WARN] 2019-04-17 17:14:18 Launcher - You specified the directory /home/bdanglot/workspace/dspot-experiments/dataset/april-2019/commons-io/target/dspot/dependencies in source classpath, please note that only class files will be considered. Jars and subdirectories will be ignored.
[[1;34mINFO[m] Run: java -classpath /home/bdanglot/workspace/dspot-experiments/dataset/april-2019/commons-io/target/classes/:/home/bdanglot/workspace/dspot-experiments/dataset/april-2019/commons-io/target/test-classes/:/home/bdanglot/.m2/repository/junit/junit/4.12/junit-4.12.jar:/home/bdanglot/.m2/repository/org/hamcrest/hamcrest-core/1.3/hamcrest-core-1.3.jar:/home/bdanglot/workspace/dspot-experiments/dataset/april-2019/commons-io/target/dspot/dependencies/:/home/bdanglot/.m2/repository/eu/stamp-project/test-runner/2.0.7/test-runner-2.0.7-jar-with-dependencies.jar eu.stamp_project.testrunner.runner.JUnit4Runner --class org.apache.commons.io.IOUtilsTestCase --tests testToByteArray_InputStream_Size_add3:testToByteArray_InputStream_Size_add2:testToByteArray_InputStream_Sizenull4_failAssert0:testToByteArray_InputStream_Size_add1_failAssert0 
Parsing --class org.apache.commons.io.IOUtilsTestCase --tests testToByteArray_InputStream_Size_add3:testToByteArray_InputStream_Size_add2:testToByteArray_InputStream_Sizenull4_failAssert0:testToByteArray_InputStream_Size_add1_failAssert0
File saved to the following path: /home/bdanglot/workspace/dspot-experiments/dataset/april-2019/commons-io_parent/target/dspot/TestResult.ser
Loading /home/bdanglot/workspace/dspot-experiments/dataset/april-2019/commons-io_parent/target/dspot/TestResult.ser
[[1;34mINFO[m] Test has been run: testToByteArray_InputStream_Size_add2,testToByteArray_InputStream_Size_add3,testToByteArray_InputStream_Sizenull4_failAssert0,testToByteArray_InputStream_Size_add1_failAssert0(org.apache.commons.io.IOUtilsTestCase): expected:<Unexpected read[ed size. current: 0, excep]ted: 4097> but was:<Unexpected read[ size. current: 0, expec]ted: 4097>
[[1;34mINFO[m] 1 amplified test methods has been selected to be kept.
[[1;34mINFO[m] 1 amplified test methods has been selected to be kept. (global: 2)
[[1;34mINFO[m] Amplification of testToByteArray_InputStream_SizeIllegal, (2/2)
[[1;34mINFO[m] iteration 0 / 1
[[1;34mINFO[m] 1 tests selected to be amplified over 1 available tests
[[1;34mINFO[m] Amplification of inputs...
[[1;34mINFO[m] Time to amplify: 31ms
  0% | ]/[[1;34mINFO[m] 16 new tests generated
[[1;34mINFO[m] Run tests. (16)
[[1;34mINFO[m] Compiling with -proceedOnError -encoding UTF-8 -cp /home/bdanglot/workspace/dspot-experiments/dataset/april-2019/commons-io_parent/target/dspot/tmp_test_sources:/home/bdanglot/.m2/repository/junit/junit/4.12/junit-4.12.jar:/home/bdanglot/.m2/repository/org/hamcrest/hamcrest-core/1.3/hamcrest-core-1.3.jar:/home/bdanglot/workspace/dspot-experiments/dataset/april-2019/commons-io_parent/target/classes/:/home/bdanglot/workspace/dspot-experiments/dataset/april-2019/commons-io_parent/target/test-classes/:/home/bdanglot/workspace/dspot-experiments/dataset/april-2019/commons-io_parent/target/dspot/dependencies/: -d /home/bdanglot/workspace/dspot-experiments/dataset/april-2019/commons-io_parent/target/test-classes -1.8 -preserveAllLocals -noExit -enableJavadoc -proc:none /home/bdanglot/workspace/dspot-experiments/dataset/april-2019/commons-io_parent/target/dspot/tmp_test_sources/org/apache/commons/io/IOUtilsTestCase.java
[[1;34mINFO[m] Run: java -classpath /home/bdanglot/workspace/dspot-experiments/dataset/april-2019/commons-io_parent/target/test-classes:/home/bdanglot/workspace/dspot-experiments/dataset/april-2019/commons-io_parent/target/classes/:/home/bdanglot/.m2/repository/junit/junit/4.12/junit-4.12.jar:/home/bdanglot/.m2/repository/org/hamcrest/hamcrest-core/1.3/hamcrest-core-1.3.jar:/home/bdanglot/workspace/dspot-experiments/dataset/april-2019/commons-io_parent/target/dspot/dependencies/:/home/bdanglot/.m2/repository/eu/stamp-project/test-runner/2.0.7/test-runner-2.0.7-jar-with-dependencies.jar eu.stamp_project.testrunner.runner.JUnit4Runner --class org.apache.commons.io.IOUtilsTestCase --tests testToByteArray_InputStream_SizeIllegalnull30:testToByteArray_InputStream_SizeIllegalnull29:testToByteArray_InputStream_SizeIllegal_literalMutationNumber16:testToByteArray_InputStream_SizeIllegal_literalMutationNumber15:testToByteArray_InputStream_SizeIllegal_literalMutationString19:testToByteArray_InputStream_SizeIllegal_literalMutationNumber18:testToByteArray_InputStream_SizeIllegal_literalMutationString23:testToByteArray_InputStream_SizeIllegal_literalMutationString20:testToByteArray_InputStream_SizeIllegal_literalMutationString24:testToByteArray_InputStream_SizeIllegal_literalMutationString22:testToByteArray_InputStream_SizeIllegal_literalMutationString21:testToByteArray_InputStream_SizeIllegal_literalMutationNumber17:testToByteArray_InputStream_SizeIllegal_add28:testToByteArray_InputStream_SizeIllegal_add27:testToByteArray_InputStream_SizeIllegal_add26:testToByteArray_InputStream_SizeIllegal_add25 
Parsing --class org.apache.commons.io.IOUtilsTestCase --tests testToByteArray_InputStream_SizeIllegalnull30:testToByteArray_InputStream_SizeIllegalnull29:testToByteArray_InputStream_SizeIllegal_literalMutationNumber16:testToByteArray_InputStream_SizeIllegal_literalMutationNumber15:testToByteArray_InputStream_SizeIllegal_literalMutationString19:testToByteArray_InputStream_SizeIllegal_literalMutationNumber18:testToByteArray_InputStream_SizeIllegal_literalMutationString23:testToByteArray_InputStream_SizeIllegal_literalMutationString20:testToByteArray_InputStream_SizeIllegal_literalMutationString24:testToByteArray_InputStream_SizeIllegal_literalMutationString22:testToByteArray_InputStream_SizeIllegal_literalMutationString21:testToByteArray_InputStream_SizeIllegal_literalMutationNumber17:testToByteArray_InputStream_SizeIllegal_add28:testToByteArray_InputStream_SizeIllegal_add27:testToByteArray_InputStream_SizeIllegal_add26:testToByteArray_InputStream_SizeIllegal_add25
File saved to the following path: /home/bdanglot/workspace/dspot-experiments/dataset/april-2019/commons-io_parent/target/dspot/TestResult.ser
Loading /home/bdanglot/workspace/dspot-experiments/dataset/april-2019/commons-io_parent/target/dspot/TestResult.ser
[[1;34mINFO[m] Test has been run: testToByteArray_InputStream_SizeIllegal_add25,testToByteArray_InputStream_SizeIllegal_add26,testToByteArray_InputStream_SizeIllegal_add27,testToByteArray_InputStream_SizeIllegal_add28,testToByteArray_InputStream_SizeIllegal_literalMutationString19,testToByteArray_InputStream_SizeIllegal_literalMutationString20,testToByteArray_InputStream_SizeIllegal_literalMutationString21,testToByteArray_InputStream_SizeIllegal_literalMutationString22,testToByteArray_InputStream_SizeIllegal_literalMutationString23,testToByteArray_InputStream_SizeIllegal_literalMutationString24,testToByteArray_InputStream_SizeIllegal_literalMutationNumber15,testToByteArray_InputStream_SizeIllegal_literalMutationNumber16,testToByteArray_InputStream_SizeIllegal_literalMutationNumber17,testToByteArray_InputStream_SizeIllegal_literalMutationNumber18,testToByteArray_InputStream_SizeIllegalnull29(org.apache.commons.io.IOUtilsTestCase): null,testToByteArray_InputStream_SizeIllegalnull30(org.apache.commons.io.IOUtilsTestCase): null
[[1;34mINFO[m] 14 test pass, generating assertion...
[[1;34mINFO[m] Add observations points in passing tests.
[[1;34mINFO[m] Instrumentation...
  7% |=== ]/ 14% |======= ]- 21% |========== ]\ 28% |============== ]| 35% |================= ]/ 42% |===================== ]- 50% |========================= ]\ 57% |============================ ]| 64% |================================ ]/ 71% |=================================== ]- 78% |======================================= ]\ 85% |========================================== ]| 92% |============================================== ]/100% |================================================== ]-
[[1;34mINFO[m] Run instrumented tests. (42)
[[1;34mINFO[m] Compiling with -proceedOnError -encoding UTF-8 -cp /home/bdanglot/workspace/dspot-experiments/dataset/april-2019/commons-io_parent/target/dspot/tmp_test_sources:/home/bdanglot/.m2/repository/junit/junit/4.12/junit-4.12.jar:/home/bdanglot/.m2/repository/org/hamcrest/hamcrest-core/1.3/hamcrest-core-1.3.jar:/home/bdanglot/workspace/dspot-experiments/dataset/april-2019/commons-io_parent/target/classes/:/home/bdanglot/workspace/dspot-experiments/dataset/april-2019/commons-io_parent/target/test-classes/:/home/bdanglot/workspace/dspot-experiments/dataset/april-2019/commons-io_parent/target/dspot/dependencies/: -d /home/bdanglot/workspace/dspot-experiments/dataset/april-2019/commons-io_parent/target/test-classes -1.8 -preserveAllLocals -noExit -enableJavadoc -proc:none /home/bdanglot/workspace/dspot-experiments/dataset/april-2019/commons-io_parent/target/dspot/tmp_test_sources/org/apache/commons/io/IOUtilsTestCase.java
[[1;34mINFO[m] Run: java -classpath /home/bdanglot/workspace/dspot-experiments/dataset/april-2019/commons-io_parent/target/test-classes:/home/bdanglot/workspace/dspot-experiments/dataset/april-2019/commons-io_parent/target/classes/:/home/bdanglot/.m2/repository/junit/junit/4.12/junit-4.12.jar:/home/bdanglot/.m2/repository/org/hamcrest/hamcrest-core/1.3/hamcrest-core-1.3.jar:/home/bdanglot/workspace/dspot-experiments/dataset/april-2019/commons-io_parent/target/dspot/dependencies/:/home/bdanglot/.m2/repository/eu/stamp-project/test-runner/2.0.7/test-runner-2.0.7-jar-with-dependencies.jar eu.stamp_project.testrunner.runner.JUnit4Runner --class org.apache.commons.io.IOUtilsTestCase --tests testToByteArray_InputStream_SizeIllegal_literalMutationNumber16_withlog0:testToByteArray_InputStream_SizeIllegal_literalMutationNumber15_withlog0:testToByteArray_InputStream_SizeIllegal_literalMutationString19_withlog0:testToByteArray_InputStream_SizeIllegal_literalMutationNumber18_withlog0:testToByteArray_InputStream_SizeIllegal_literalMutationString23_withlog0:testToByteArray_InputStream_SizeIllegal_literalMutationString20_withlog0:testToByteArray_InputStream_SizeIllegal_literalMutationString24_withlog0:testToByteArray_InputStream_SizeIllegal_literalMutationString22_withlog0:testToByteArray_InputStream_SizeIllegal_literalMutationString21_withlog0:testToByteArray_InputStream_SizeIllegal_literalMutationNumber17_withlog0:testToByteArray_InputStream_SizeIllegal_add28_withlog0:testToByteArray_InputStream_SizeIllegal_add27_withlog0:testToByteArray_InputStream_SizeIllegal_add26_withlog0:testToByteArray_InputStream_SizeIllegal_add25_withlog0:testToByteArray_InputStream_SizeIllegal_literalMutationNumber16_withlog1:testToByteArray_InputStream_SizeIllegal_literalMutationNumber15_withlog1:testToByteArray_InputStream_SizeIllegal_literalMutationString19_withlog1:testToByteArray_InputStream_SizeIllegal_literalMutationNumber18_withlog1:testToByteArray_InputStream_SizeIllegal_literalMutationString23_withlog1:testToByteArray_InputStream_SizeIllegal_literalMutationString20_withlog1:testToByteArray_InputStream_SizeIllegal_literalMutationString24_withlog1:testToByteArray_InputStream_SizeIllegal_literalMutationString22_withlog1:testToByteArray_InputStream_SizeIllegal_literalMutationString21_withlog1:testToByteArray_InputStream_SizeIllegal_literalMutationNumber17_withlog1:testToByteArray_InputStream_SizeIllegal_add28_withlog1:testToByteArray_InputStream_SizeIllegal_add27_withlog1:testToByteArray_InputStream_SizeIllegal_add26_withlog1:testToByteArray_InputStream_SizeIllegal_add25_withlog1:testToByteArray_InputStream_SizeIllegal_literalMutationNumber16_withlog2:testToByteArray_InputStream_SizeIllegal_literalMutationNumber15_withlog2:testToByteArray_InputStream_SizeIllegal_literalMutationString19_withlog2:testToByteArray_InputStream_SizeIllegal_literalMutationNumber18_withlog2:testToByteArray_InputStream_SizeIllegal_literalMutationString23_withlog2:testToByteArray_InputStream_SizeIllegal_literalMutationString20_withlog2:testToByteArray_InputStream_SizeIllegal_literalMutationString24_withlog2:testToByteArray_InputStream_SizeIllegal_literalMutationString22_withlog2:testToByteArray_InputStream_SizeIllegal_literalMutationString21_withlog2:testToByteArray_InputStream_SizeIllegal_literalMutationNumber17_withlog2:testToByteArray_InputStream_SizeIllegal_add28_withlog2:testToByteArray_InputStream_SizeIllegal_add27_withlog2:testToByteArray_InputStream_SizeIllegal_add26_withlog2:testToByteArray_InputStream_SizeIllegal_add25_withlog2 
Parsing --class org.apache.commons.io.IOUtilsTestCase --tests testToByteArray_InputStream_SizeIllegal_literalMutationNumber16_withlog0:testToByteArray_InputStream_SizeIllegal_literalMutationNumber15_withlog0:testToByteArray_InputStream_SizeIllegal_literalMutationString19_withlog0:testToByteArray_InputStream_SizeIllegal_literalMutationNumber18_withlog0:testToByteArray_InputStream_SizeIllegal_literalMutationString23_withlog0:testToByteArray_InputStream_SizeIllegal_literalMutationString20_withlog0:testToByteArray_InputStream_SizeIllegal_literalMutationString24_withlog0:testToByteArray_InputStream_SizeIllegal_literalMutationString22_withlog0:testToByteArray_InputStream_SizeIllegal_literalMutationString21_withlog0:testToByteArray_InputStream_SizeIllegal_literalMutationNumber17_withlog0:testToByteArray_InputStream_SizeIllegal_add28_withlog0:testToByteArray_InputStream_SizeIllegal_add27_withlog0:testToByteArray_InputStream_SizeIllegal_add26_withlog0:testToByteArray_InputStream_SizeIllegal_add25_withlog0:testToByteArray_InputStream_SizeIllegal_literalMutationNumber16_withlog1:testToByteArray_InputStream_SizeIllegal_literalMutationNumber15_withlog1:testToByteArray_InputStream_SizeIllegal_literalMutationString19_withlog1:testToByteArray_InputStream_SizeIllegal_literalMutationNumber18_withlog1:testToByteArray_InputStream_SizeIllegal_literalMutationString23_withlog1:testToByteArray_InputStream_SizeIllegal_literalMutationString20_withlog1:testToByteArray_InputStream_SizeIllegal_literalMutationString24_withlog1:testToByteArray_InputStream_SizeIllegal_literalMutationString22_withlog1:testToByteArray_InputStream_SizeIllegal_literalMutationString21_withlog1:testToByteArray_InputStream_SizeIllegal_literalMutationNumber17_withlog1:testToByteArray_InputStream_SizeIllegal_add28_withlog1:testToByteArray_InputStream_SizeIllegal_add27_withlog1:testToByteArray_InputStream_SizeIllegal_add26_withlog1:testToByteArray_InputStream_SizeIllegal_add25_withlog1:testToByteArray_InputStream_SizeIllegal_literalMutationNumber16_withlog2:testToByteArray_InputStream_SizeIllegal_literalMutationNumber15_withlog2:testToByteArray_InputStream_SizeIllegal_literalMutationString19_withlog2:testToByteArray_InputStream_SizeIllegal_literalMutationNumber18_withlog2:testToByteArray_InputStream_SizeIllegal_literalMutationString23_withlog2:testToByteArray_InputStream_SizeIllegal_literalMutationString20_withlog2:testToByteArray_InputStream_SizeIllegal_literalMutationString24_withlog2:testToByteArray_InputStream_SizeIllegal_literalMutationString22_withlog2:testToByteArray_InputStream_SizeIllegal_literalMutationString21_withlog2:testToByteArray_InputStream_SizeIllegal_literalMutationNumber17_withlog2:testToByteArray_InputStream_SizeIllegal_add28_withlog2:testToByteArray_InputStream_SizeIllegal_add27_withlog2:testToByteArray_InputStream_SizeIllegal_add26_withlog2:testToByteArray_InputStream_SizeIllegal_add25_withlog2
File saved to the following path: /home/bdanglot/workspace/dspot-experiments/dataset/april-2019/commons-io_parent/target/dspot/observations.ser
File saved to the following path: /home/bdanglot/workspace/dspot-experiments/dataset/april-2019/commons-io_parent/target/dspot/TestResult.ser
Loading /home/bdanglot/workspace/dspot-experiments/dataset/april-2019/commons-io_parent/target/dspot/TestResult.ser
[[1;34mINFO[m] Test has been run: testToByteArray_InputStream_SizeIllegal_add28_withlog0,testToByteArray_InputStream_SizeIllegal_add28_withlog1,testToByteArray_InputStream_SizeIllegal_add28_withlog2,testToByteArray_InputStream_SizeIllegal_literalMutationNumber16_withlog0,testToByteArray_InputStream_SizeIllegal_literalMutationNumber16_withlog1,testToByteArray_InputStream_SizeIllegal_literalMutationNumber16_withlog2,testToByteArray_InputStream_SizeIllegal_add27_withlog0,testToByteArray_InputStream_SizeIllegal_add27_withlog1,testToByteArray_InputStream_SizeIllegal_add27_withlog2,testToByteArray_InputStream_SizeIllegal_literalMutationNumber15_withlog0,testToByteArray_InputStream_SizeIllegal_literalMutationNumber15_withlog1,testToByteArray_InputStream_SizeIllegal_literalMutationNumber15_withlog2,testToByteArray_InputStream_SizeIllegal_add26_withlog0,testToByteArray_InputStream_SizeIllegal_add26_withlog1,testToByteArray_InputStream_SizeIllegal_add26_withlog2,testToByteArray_InputStream_SizeIllegal_add25_withlog0,testToByteArray_InputStream_SizeIllegal_add25_withlog1,testToByteArray_InputStream_SizeIllegal_add25_withlog2,testToByteArray_InputStream_SizeIllegal_literalMutationString24_withlog0,testToByteArray_InputStream_SizeIllegal_literalMutationString24_withlog1,testToByteArray_InputStream_SizeIllegal_literalMutationString24_withlog2,testToByteArray_InputStream_SizeIllegal_literalMutationString23_withlog0,testToByteArray_InputStream_SizeIllegal_literalMutationString23_withlog1,testToByteArray_InputStream_SizeIllegal_literalMutationString23_withlog2,testToByteArray_InputStream_SizeIllegal_literalMutationString22_withlog0,testToByteArray_InputStream_SizeIllegal_literalMutationString22_withlog1,testToByteArray_InputStream_SizeIllegal_literalMutationString22_withlog2,testToByteArray_InputStream_SizeIllegal_literalMutationString21_withlog0,testToByteArray_InputStream_SizeIllegal_literalMutationString21_withlog1,testToByteArray_InputStream_SizeIllegal_literalMutationString21_withlog2,testToByteArray_InputStream_SizeIllegal_literalMutationString20_withlog0,testToByteArray_InputStream_SizeIllegal_literalMutationString20_withlog1,testToByteArray_InputStream_SizeIllegal_literalMutationString20_withlog2,testToByteArray_InputStream_SizeIllegal_literalMutationString19_withlog0,testToByteArray_InputStream_SizeIllegal_literalMutationString19_withlog1,testToByteArray_InputStream_SizeIllegal_literalMutationString19_withlog2,testToByteArray_InputStream_SizeIllegal_literalMutationNumber18_withlog0,testToByteArray_InputStream_SizeIllegal_literalMutationNumber18_withlog1,testToByteArray_InputStream_SizeIllegal_literalMutationNumber18_withlog2,testToByteArray_InputStream_SizeIllegal_literalMutationNumber17_withlog0,testToByteArray_InputStream_SizeIllegal_literalMutationNumber17_withlog1,testToByteArray_InputStream_SizeIllegal_literalMutationNumber17_withlog2
[[1;34mINFO[m] Generating assertions...
[[1;34mINFO[m] 2 test fail, generating try/catch/fail blocks...
[[1;34mINFO[m] 13 new tests with assertions generated
[[1;34mINFO[m] Compiling with -proceedOnError -encoding UTF-8 -cp /home/bdanglot/workspace/dspot-experiments/dataset/april-2019/commons-io_parent/target/dspot/tmp_test_sources:/home/bdanglot/.m2/repository/junit/junit/4.12/junit-4.12.jar:/home/bdanglot/.m2/repository/org/hamcrest/hamcrest-core/1.3/hamcrest-core-1.3.jar:/home/bdanglot/workspace/dspot-experiments/dataset/april-2019/commons-io_parent/target/classes/:/home/bdanglot/workspace/dspot-experiments/dataset/april-2019/commons-io_parent/target/test-classes/:/home/bdanglot/workspace/dspot-experiments/dataset/april-2019/commons-io_parent/target/dspot/dependencies/: -d /home/bdanglot/workspace/dspot-experiments/dataset/april-2019/commons-io_parent/target/test-classes -1.8 -preserveAllLocals -noExit -enableJavadoc -proc:none /home/bdanglot/workspace/dspot-experiments/dataset/april-2019/commons-io_parent/target/dspot/tmp_test_sources/org/apache/commons/io/IOUtilsTestCase.java
[[1;34mINFO[m] Run: java -classpath /home/bdanglot/workspace/dspot-experiments/dataset/april-2019/commons-io_parent/target/test-classes:/home/bdanglot/workspace/dspot-experiments/dataset/april-2019/commons-io_parent/target/classes/:/home/bdanglot/.m2/repository/junit/junit/4.12/junit-4.12.jar:/home/bdanglot/.m2/repository/org/hamcrest/hamcrest-core/1.3/hamcrest-core-1.3.jar:/home/bdanglot/workspace/dspot-experiments/dataset/april-2019/commons-io_parent/target/dspot/dependencies/:/home/bdanglot/.m2/repository/eu/stamp-project/test-runner/2.0.7/test-runner-2.0.7-jar-with-dependencies.jar eu.stamp_project.testrunner.runner.JUnit4Runner --class org.apache.commons.io.IOUtilsTestCase --tests testToByteArray_InputStream_SizeIllegal_literalMutationNumber15:testToByteArray_InputStream_SizeIllegal_literalMutationString19:testToByteArray_InputStream_SizeIllegal_literalMutationString23:testToByteArray_InputStream_SizeIllegal_literalMutationString20:testToByteArray_InputStream_SizeIllegal_literalMutationString24:testToByteArray_InputStream_SizeIllegal_literalMutationString22:testToByteArray_InputStream_SizeIllegal_literalMutationString21:testToByteArray_InputStream_SizeIllegal_add28:testToByteArray_InputStream_SizeIllegal_add27:testToByteArray_InputStream_SizeIllegal_add26:testToByteArray_InputStream_SizeIllegal_add25:testToByteArray_InputStream_SizeIllegalnull30_failAssert0:testToByteArray_InputStream_SizeIllegalnull29_failAssert0 
Parsing --class org.apache.commons.io.IOUtilsTestCase --tests testToByteArray_InputStream_SizeIllegal_literalMutationNumber15:testToByteArray_InputStream_SizeIllegal_literalMutationString19:testToByteArray_InputStream_SizeIllegal_literalMutationString23:testToByteArray_InputStream_SizeIllegal_literalMutationString20:testToByteArray_InputStream_SizeIllegal_literalMutationString24:testToByteArray_InputStream_SizeIllegal_literalMutationString22:testToByteArray_InputStream_SizeIllegal_literalMutationString21:testToByteArray_InputStream_SizeIllegal_add28:testToByteArray_InputStream_SizeIllegal_add27:testToByteArray_InputStream_SizeIllegal_add26:testToByteArray_InputStream_SizeIllegal_add25:testToByteArray_InputStream_SizeIllegalnull30_failAssert0:testToByteArray_InputStream_SizeIllegalnull29_failAssert0
File saved to the following path: /home/bdanglot/workspace/dspot-experiments/dataset/april-2019/commons-io_parent/target/dspot/TestResult.ser
Loading /home/bdanglot/workspace/dspot-experiments/dataset/april-2019/commons-io_parent/target/dspot/TestResult.ser
[[1;34mINFO[m] Test has been run: testToByteArray_InputStream_SizeIllegal_add25,testToByteArray_InputStream_SizeIllegal_add26,testToByteArray_InputStream_SizeIllegal_add27,testToByteArray_InputStream_SizeIllegal_add28,testToByteArray_InputStream_SizeIllegal_literalMutationString19,testToByteArray_InputStream_SizeIllegal_literalMutationString20,testToByteArray_InputStream_SizeIllegal_literalMutationString21,testToByteArray_InputStream_SizeIllegal_literalMutationString22,testToByteArray_InputStream_SizeIllegal_literalMutationString23,testToByteArray_InputStream_SizeIllegal_literalMutationString24,testToByteArray_InputStream_SizeIllegal_literalMutationNumber15,testToByteArray_InputStream_SizeIllegalnull29_failAssert0,testToByteArray_InputStream_SizeIllegalnull30_failAssert0
[[1;34mINFO[m] Assertion amplification: 13 test method(s) has been successfully amplified.
[WARN] 2019-04-17 17:14:21 Launcher - You specified the directory /home/bdanglot/workspace/dspot-experiments/dataset/april-2019/commons-io/target/classes in source classpath, please note that only class files will be considered. Jars and subdirectories will be ignored.
[WARN] 2019-04-17 17:14:21 Launcher - You specified the directory /home/bdanglot/workspace/dspot-experiments/dataset/april-2019/commons-io/target/test-classes in source classpath, please note that only class files will be considered. Jars and subdirectories will be ignored.
[WARN] 2019-04-17 17:14:21 Launcher - You specified the directory /home/bdanglot/workspace/dspot-experiments/dataset/april-2019/commons-io/target/dspot/dependencies in source classpath, please note that only class files will be considered. Jars and subdirectories will be ignored.
[[1;34mINFO[m] Run: java -classpath /home/bdanglot/workspace/dspot-experiments/dataset/april-2019/commons-io/target/classes/:/home/bdanglot/workspace/dspot-experiments/dataset/april-2019/commons-io/target/test-classes/:/home/bdanglot/.m2/repository/junit/junit/4.12/junit-4.12.jar:/home/bdanglot/.m2/repository/org/hamcrest/hamcrest-core/1.3/hamcrest-core-1.3.jar:/home/bdanglot/workspace/dspot-experiments/dataset/april-2019/commons-io/target/dspot/dependencies/:/home/bdanglot/.m2/repository/eu/stamp-project/test-runner/2.0.7/test-runner-2.0.7-jar-with-dependencies.jar eu.stamp_project.testrunner.runner.JUnit4Runner --class org.apache.commons.io.IOUtilsTestCase --tests testToByteArray_InputStream_SizeIllegal_literalMutationNumber15:testToByteArray_InputStream_SizeIllegal_literalMutationString19:testToByteArray_InputStream_SizeIllegal_literalMutationString23:testToByteArray_InputStream_SizeIllegal_literalMutationString20:testToByteArray_InputStream_SizeIllegal_literalMutationString24:testToByteArray_InputStream_SizeIllegal_literalMutationString22:testToByteArray_InputStream_SizeIllegal_literalMutationString21:testToByteArray_InputStream_SizeIllegal_add28:testToByteArray_InputStream_SizeIllegal_add27:testToByteArray_InputStream_SizeIllegal_add26:testToByteArray_InputStream_SizeIllegal_add25:testToByteArray_InputStream_SizeIllegalnull30_failAssert0:testToByteArray_InputStream_SizeIllegalnull29_failAssert0 
Parsing --class org.apache.commons.io.IOUtilsTestCase --tests testToByteArray_InputStream_SizeIllegal_literalMutationNumber15:testToByteArray_InputStream_SizeIllegal_literalMutationString19:testToByteArray_InputStream_SizeIllegal_literalMutationString23:testToByteArray_InputStream_SizeIllegal_literalMutationString20:testToByteArray_InputStream_SizeIllegal_literalMutationString24:testToByteArray_InputStream_SizeIllegal_literalMutationString22:testToByteArray_InputStream_SizeIllegal_literalMutationString21:testToByteArray_InputStream_SizeIllegal_add28:testToByteArray_InputStream_SizeIllegal_add27:testToByteArray_InputStream_SizeIllegal_add26:testToByteArray_InputStream_SizeIllegal_add25:testToByteArray_InputStream_SizeIllegalnull30_failAssert0:testToByteArray_InputStream_SizeIllegalnull29_failAssert0
File saved to the following path: /home/bdanglot/workspace/dspot-experiments/dataset/april-2019/commons-io_parent/target/dspot/TestResult.ser
Loading /home/bdanglot/workspace/dspot-experiments/dataset/april-2019/commons-io_parent/target/dspot/TestResult.ser
[[1;34mINFO[m] Test has been run: testToByteArray_InputStream_SizeIllegal_literalMutationString19,testToByteArray_InputStream_SizeIllegal_literalMutationString20,testToByteArray_InputStream_SizeIllegal_literalMutationString21,testToByteArray_InputStream_SizeIllegal_literalMutationString22,testToByteArray_InputStream_SizeIllegal_literalMutationString23,testToByteArray_InputStream_SizeIllegal_literalMutationString24,testToByteArray_InputStream_SizeIllegalnull29_failAssert0,testToByteArray_InputStream_SizeIllegalnull30_failAssert0,testToByteArray_InputStream_SizeIllegal_add25(org.apache.commons.io.IOUtilsTestCase): null,testToByteArray_InputStream_SizeIllegal_add26(org.apache.commons.io.IOUtilsTestCase): null,testToByteArray_InputStream_SizeIllegal_add27(org.apache.commons.io.IOUtilsTestCase): null,testToByteArray_InputStream_SizeIllegal_add28(org.apache.commons.io.IOUtilsTestCase): null,testToByteArray_InputStream_SizeIllegal_literalMutationNumber15(org.apache.commons.io.IOUtilsTestCase): null
[[1;34mINFO[m] 5 amplified test methods has been selected to be kept.
[[1;34mINFO[m] 1 amplified test methods has been selected to be kept. (global: 7)
[[1;34mINFO[m] elapsedTime 21489
[[1;36mDEBUG[m] OPTIMIZATION: GC invoked
[WARN] 2019-04-17 17:14:22 Launcher - You specified the directory /home/bdanglot/workspace/dspot-experiments/dataset/april-2019/commons-io_parent/target/classes in source classpath, please note that only class files will be considered. Jars and subdirectories will be ignored.
[WARN] 2019-04-17 17:14:22 Launcher - You specified the directory /home/bdanglot/workspace/dspot-experiments/dataset/april-2019/commons-io_parent/target/test-classes in source classpath, please note that only class files will be considered. Jars and subdirectories will be ignored.
[WARN] 2019-04-17 17:14:22 Launcher - You specified the directory /home/bdanglot/workspace/dspot-experiments/dataset/april-2019/commons-io_parent/target/dspot/dependencies in source classpath, please note that only class files will be considered. Jars and subdirectories will be ignored.
[[1;34mINFO[m] Amplification succeed.
[[1;34mINFO[m] Elapsed time 22645 ms
[[1;34mINFO[m] 
7 amplified test fails on the new versions.
testToByteArray_InputStream_SizeIllegal_literalMutationNumber15(org.apache.commons.io.IOUtilsTestCase): null
testToByteArray_InputStream_SizeIllegal(org.apache.commons.io.IOUtilsTestCase): null
testToByteArray_InputStream_SizeIllegal_add26(org.apache.commons.io.IOUtilsTestCase): null
testToByteArray_InputStream_SizeIllegal_add27(org.apache.commons.io.IOUtilsTestCase): null
testToByteArray_InputStream_SizeIllegal_add28(org.apache.commons.io.IOUtilsTestCase): null
testToByteArray_InputStream_Size_add1_failAssert0(org.apache.commons.io.IOUtilsTestCase): expected:<Unexpected read[ed size. current: 0, excep]ted: 4097> but was:<Unexpected read[ size. current: 0, expec]ted: 4097>
testToByteArray_InputStream_SizeIllegal_add25(org.apache.commons.io.IOUtilsTestCase): nulljava.lang.AssertionError
	at org.junit.Assert.fail(Assert.java:86)
	at org.junit.Assert.assertTrue(Assert.java:41)
	at org.junit.Assert.assertTrue(Assert.java:52)
	at org.apache.commons.io.IOUtilsTestCase.testToByteArray_InputStream_SizeIllegal_literalMutationNumber15(IOUtilsTestCase.java:66)
	at sun.reflect.NativeMethodAccessorImpl.invoke0(Native Method)
	at sun.reflect.NativeMethodAccessorImpl.invoke(NativeMethodAccessorImpl.java:62)
	at sun.reflect.DelegatingMethodAccessorImpl.invoke(DelegatingMethodAccessorImpl.java:43)
	at java.lang.reflect.Method.invoke(Method.java:498)
	at org.junit.runners.model.FrameworkMethod$1.runReflectiveCall(FrameworkMethod.java:50)
	at org.junit.internal.runners.model.ReflectiveCallable.run(ReflectiveCallable.java:12)
	at org.junit.runners.model.FrameworkMethod.invokeExplosively(FrameworkMethod.java:47)
	at org.junit.internal.runners.statements.InvokeMethod.evaluate(InvokeMethod.java:17)
	at org.junit.internal.runners.statements.FailOnTimeout$CallableStatement.call(FailOnTimeout.java:298)
	at org.junit.internal.runners.statements.FailOnTimeout$CallableStatement.call(FailOnTimeout.java:292)
	at java.util.concurrent.FutureTask.run(FutureTask.java:266)
	at java.lang.Thread.run(Thread.java:748)
java.lang.AssertionError
	at org.junit.Assert.fail(Assert.java:86)
	at org.junit.Assert.assertTrue(Assert.java:41)
	at org.junit.Assert.assertTrue(Assert.java:52)
	at org.apache.commons.io.IOUtilsTestCase.testToByteArray_InputStream_SizeIllegal(IOUtilsTestCase.java:78)
	at sun.reflect.NativeMethodAccessorImpl.invoke0(Native Method)
	at sun.reflect.NativeMethodAccessorImpl.invoke(NativeMethodAccessorImpl.java:62)
	at sun.reflect.DelegatingMethodAccessorImpl.invoke(DelegatingMethodAccessorImpl.java:43)
	at java.lang.reflect.Method.invoke(Method.java:498)
	at org.junit.runners.model.FrameworkMethod$1.runReflectiveCall(FrameworkMethod.java:50)
	at org.junit.internal.runners.model.ReflectiveCallable.run(ReflectiveCallable.java:12)
	at org.junit.runners.model.FrameworkMethod.invokeExplosively(FrameworkMethod.java:47)
	at org.junit.internal.runners.statements.InvokeMethod.evaluate(InvokeMethod.java:17)
	at org.junit.internal.runners.statements.FailOnTimeout$CallableStatement.call(FailOnTimeout.java:298)
	at org.junit.internal.runners.statements.FailOnTimeout$CallableStatement.call(FailOnTimeout.java:292)
	at java.util.concurrent.FutureTask.run(FutureTask.java:266)
	at java.lang.Thread.run(Thread.java:748)
java.lang.AssertionError
	at org.junit.Assert.fail(Assert.java:86)
	at org.junit.Assert.assertTrue(Assert.java:41)
	at org.junit.Assert.assertTrue(Assert.java:52)
	at org.apache.commons.io.IOUtilsTestCase.testToByteArray_InputStream_SizeIllegal_add26(IOUtilsTestCase.java:162)
	at sun.reflect.NativeMethodAccessorImpl.invoke0(Native Method)
	at sun.reflect.NativeMethodAccessorImpl.invoke(NativeMethodAccessorImpl.java:62)
	at sun.reflect.DelegatingMethodAccessorImpl.invoke(DelegatingMethodAccessorImpl.java:43)
	at java.lang.reflect.Method.invoke(Method.java:498)
	at org.junit.runners.model.FrameworkMethod$1.runReflectiveCall(FrameworkMethod.java:50)
	at org.junit.internal.runners.model.ReflectiveCallable.run(ReflectiveCallable.java:12)
	at org.junit.runners.model.FrameworkMethod.invokeExplosively(FrameworkMethod.java:47)
	at org.junit.internal.runners.statements.InvokeMethod.evaluate(InvokeMethod.java:17)
	at org.junit.internal.runners.statements.FailOnTimeout$CallableStatement.call(FailOnTimeout.java:298)
	at org.junit.internal.runners.statements.FailOnTimeout$CallableStatement.call(FailOnTimeout.java:292)
	at java.util.concurrent.FutureTask.run(FutureTask.java:266)
	at java.lang.Thread.run(Thread.java:748)
java.lang.AssertionError
	at org.junit.Assert.fail(Assert.java:86)
	at org.junit.Assert.assertTrue(Assert.java:41)
	at org.junit.Assert.assertTrue(Assert.java:52)
	at org.apache.commons.io.IOUtilsTestCase.testToByteArray_InputStream_SizeIllegal_add27(IOUtilsTestCase.java:147)
	at sun.reflect.NativeMethodAccessorImpl.invoke0(Native Method)
	at sun.reflect.NativeMethodAccessorImpl.invoke(NativeMethodAccessorImpl.java:62)
	at sun.reflect.DelegatingMethodAccessorImpl.invoke(DelegatingMethodAccessorImpl.java:43)
	at java.lang.reflect.Method.invoke(Method.java:498)
	at org.junit.runners.model.FrameworkMethod$1.runReflectiveCall(FrameworkMethod.java:50)
	at org.junit.internal.runners.model.ReflectiveCallable.run(ReflectiveCallable.java:12)
	at org.junit.runners.model.FrameworkMethod.invokeExplosively(FrameworkMethod.java:47)
	at org.junit.internal.runners.statements.InvokeMethod.evaluate(InvokeMethod.java:17)
	at org.junit.internal.runners.statements.FailOnTimeout$CallableStatement.call(FailOnTimeout.java:298)
	at org.junit.internal.runners.statements.FailOnTimeout$CallableStatement.call(FailOnTimeout.java:292)
	at java.util.concurrent.FutureTask.run(FutureTask.java:266)
	at java.lang.Thread.run(Thread.java:748)
java.lang.AssertionError
	at org.junit.Assert.fail(Assert.java:86)
	at org.junit.Assert.assertTrue(Assert.java:41)
	at org.junit.Assert.assertTrue(Assert.java:52)
	at org.apache.commons.io.IOUtilsTestCase.testToByteArray_InputStream_SizeIllegal_add28(IOUtilsTestCase.java:137)
	at sun.reflect.NativeMethodAccessorImpl.invoke0(Native Method)
	at sun.reflect.NativeMethodAccessorImpl.invoke(NativeMethodAccessorImpl.java:62)
	at sun.reflect.DelegatingMethodAccessorImpl.invoke(DelegatingMethodAccessorImpl.java:43)
	at java.lang.reflect.Method.invoke(Method.java:498)
	at org.junit.runners.model.FrameworkMethod$1.runReflectiveCall(FrameworkMethod.java:50)
	at org.junit.internal.runners.model.ReflectiveCallable.run(ReflectiveCallable.java:12)
	at org.junit.runners.model.FrameworkMethod.invokeExplosively(FrameworkMethod.java:47)
	at org.junit.internal.runners.statements.InvokeMethod.evaluate(InvokeMethod.java:17)
	at org.junit.internal.runners.statements.FailOnTimeout$CallableStatement.call(FailOnTimeout.java:298)
	at org.junit.internal.runners.statements.FailOnTimeout$CallableStatement.call(FailOnTimeout.java:292)
	at java.util.concurrent.FutureTask.run(FutureTask.java:266)
	at java.lang.Thread.run(Thread.java:748)
org.junit.ComparisonFailure: expected:<Unexpected read[ed size. current: 0, excep]ted: 4097> but was:<Unexpected read[ size. current: 0, expec]ted: 4097>
	at org.junit.Assert.assertEquals(Assert.java:115)
	at org.junit.Assert.assertEquals(Assert.java:144)
	at org.apache.commons.io.IOUtilsTestCase.testToByteArray_InputStream_Size_add1_failAssert0(IOUtilsTestCase.java:115)
	at sun.reflect.NativeMethodAccessorImpl.invoke0(Native Method)
	at sun.reflect.NativeMethodAccessorImpl.invoke(NativeMethodAccessorImpl.java:62)
	at sun.reflect.DelegatingMethodAccessorImpl.invoke(DelegatingMethodAccessorImpl.java:43)
	at java.lang.reflect.Method.invoke(Method.java:498)
	at org.junit.runners.model.FrameworkMethod$1.runReflectiveCall(FrameworkMethod.java:50)
	at org.junit.internal.runners.model.ReflectiveCallable.run(ReflectiveCallable.java:12)
	at org.junit.runners.model.FrameworkMethod.invokeExplosively(FrameworkMethod.java:47)
	at org.junit.internal.runners.statements.InvokeMethod.evaluate(InvokeMethod.java:17)
	at org.junit.internal.runners.statements.FailOnTimeout$CallableStatement.call(FailOnTimeout.java:298)
	at org.junit.internal.runners.statements.FailOnTimeout$CallableStatement.call(FailOnTimeout.java:292)
	at java.util.concurrent.FutureTask.run(FutureTask.java:266)
	at java.lang.Thread.run(Thread.java:748)
java.lang.AssertionError
	at org.junit.Assert.fail(Assert.java:86)
	at org.junit.Assert.assertTrue(Assert.java:41)
	at org.junit.Assert.assertTrue(Assert.java:52)
	at org.apache.commons.io.IOUtilsTestCase.testToByteArray_InputStream_SizeIllegal_add25(IOUtilsTestCase.java:173)
	at sun.reflect.NativeMethodAccessorImpl.invoke0(Native Method)
	at sun.reflect.NativeMethodAccessorImpl.invoke(NativeMethodAccessorImpl.java:62)
	at sun.reflect.DelegatingMethodAccessorImpl.invoke(DelegatingMethodAccessorImpl.java:43)
	at java.lang.reflect.Method.invoke(Method.java:498)
	at org.junit.runners.model.FrameworkMethod$1.runReflectiveCall(FrameworkMethod.java:50)
	at org.junit.internal.runners.model.ReflectiveCallable.run(ReflectiveCallable.java:12)
	at org.junit.runners.model.FrameworkMethod.invokeExplosively(FrameworkMethod.java:47)
	at org.junit.internal.runners.statements.InvokeMethod.evaluate(InvokeMethod.java:17)
	at org.junit.internal.runners.statements.FailOnTimeout$CallableStatement.call(FailOnTimeout.java:298)
	at org.junit.internal.runners.statements.FailOnTimeout$CallableStatement.call(FailOnTimeout.java:292)
	at java.util.concurrent.FutureTask.run(FutureTask.java:266)
	at java.lang.Thread.run(Thread.java:748)

[[1;34mINFO[m] Writing report in /home/bdanglot/workspace/dspot-experiments/results/april-2019/commons-io/commit_3_f00d97a/input_amplification/1/report.txt
[[1;34mINFO[m] DSpot amplified your test suite without errors. (no errors report will be outputted)
[[1;34mINFO[m] The amplification ends up with 7 amplified test methods over 1 test classes.
[[1;34mINFO[m] Print org.apache.commons.io.AmplIOUtilsTestCase.java with 7 amplified test cases in /home/bdanglot/workspace/dspot-experiments/results/april-2019/commons-io/commit_3_f00d97a/input_amplification/1
[[1;34mINFO[m] [1m------------------------------------------------------------------------[m
[[1;34mINFO[m] [1;32mBUILD SUCCESS[m
[[1;34mINFO[m] [1m------------------------------------------------------------------------[m
[[1;34mINFO[m] Total time:  40.677 s
[[1;34mINFO[m] Finished at: 2019-04-17T17:14:23+02:00
[[1;34mINFO[m] [1m------------------------------------------------------------------------[m
