2 amplified test fails on the new versions.
testPretranslate_literalMutationString14_failAssert0(com.github.mustachejava.PreTranslateTest): Illegal character in path at index 3: dV5 yIw7)4*&&33N9
testPretranslate_literalMutationString16_failAssert0(com.github.mustachejava.PreTranslateTest): Illegal character in path at index 1: p^retranslate.htmljava.lang.IllegalArgumentException: Illegal character in path at index 3: dV5 yIw7)4*&&33N9
	at java.net.URI.create(URI.java:852)
	at com.github.mustachejava.resolver.ClasspathResolver.getReader(ClasspathResolver.java:37)
	at com.github.mustachejava.resolver.DefaultResolver.getReader(DefaultResolver.java:44)
	at com.github.mustachejava.DefaultMustacheFactory.getReader(DefaultMustacheFactory.java:115)
	at com.github.mustachejava.MustacheParser.compile(MustacheParser.java:26)
	at com.github.mustachejava.PreTranslateTest$46.lambda$0(PreTranslateTest.java:715)
	at java.util.concurrent.ConcurrentHashMap.computeIfAbsent(ConcurrentHashMap.java:1660)
	at com.github.mustachejava.DefaultMustacheFactory.compile(DefaultMustacheFactory.java:176)
	at com.github.mustachejava.PreTranslateTest.testPretranslate_literalMutationString14_failAssert0(PreTranslateTest.java:721)
	at sun.reflect.NativeMethodAccessorImpl.invoke0(Native Method)
	at sun.reflect.NativeMethodAccessorImpl.invoke(NativeMethodAccessorImpl.java:62)
	at sun.reflect.DelegatingMethodAccessorImpl.invoke(DelegatingMethodAccessorImpl.java:43)
	at java.lang.reflect.Method.invoke(Method.java:498)
	at org.junit.runners.model.FrameworkMethod$1.runReflectiveCall(FrameworkMethod.java:47)
	at org.junit.internal.runners.model.ReflectiveCallable.run(ReflectiveCallable.java:12)
	at org.junit.runners.model.FrameworkMethod.invokeExplosively(FrameworkMethod.java:44)
	at org.junit.internal.runners.statements.InvokeMethod.evaluate(InvokeMethod.java:17)
	at org.junit.internal.runners.statements.FailOnTimeout$StatementThread.run(FailOnTimeout.java:74)
Caused by: java.net.URISyntaxException: Illegal character in path at index 3: dV5 yIw7)4*&&33N9
	at java.net.URI$Parser.fail(URI.java:2848)
	at java.net.URI$Parser.checkChars(URI.java:3021)
	at java.net.URI$Parser.parseHierarchical(URI.java:3105)
	at java.net.URI$Parser.parse(URI.java:3063)
	at java.net.URI.<init>(URI.java:588)
	at java.net.URI.create(URI.java:850)
	... 17 more
java.lang.IllegalArgumentException: Illegal character in path at index 1: p^retranslate.html
	at java.net.URI.create(URI.java:852)
	at com.github.mustachejava.resolver.ClasspathResolver.getReader(ClasspathResolver.java:37)
	at com.github.mustachejava.resolver.DefaultResolver.getReader(DefaultResolver.java:44)
	at com.github.mustachejava.DefaultMustacheFactory.getReader(DefaultMustacheFactory.java:115)
	at com.github.mustachejava.MustacheParser.compile(MustacheParser.java:26)
	at com.github.mustachejava.PreTranslateTest$49.lambda$0(PreTranslateTest.java:761)
	at java.util.concurrent.ConcurrentHashMap.computeIfAbsent(ConcurrentHashMap.java:1660)
	at com.github.mustachejava.DefaultMustacheFactory.compile(DefaultMustacheFactory.java:176)
	at com.github.mustachejava.PreTranslateTest.testPretranslate_literalMutationString16_failAssert0(PreTranslateTest.java:767)
	at sun.reflect.NativeMethodAccessorImpl.invoke0(Native Method)
	at sun.reflect.NativeMethodAccessorImpl.invoke(NativeMethodAccessorImpl.java:62)
	at sun.reflect.DelegatingMethodAccessorImpl.invoke(DelegatingMethodAccessorImpl.java:43)
	at java.lang.reflect.Method.invoke(Method.java:498)
	at org.junit.runners.model.FrameworkMethod$1.runReflectiveCall(FrameworkMethod.java:47)
	at org.junit.internal.runners.model.ReflectiveCallable.run(ReflectiveCallable.java:12)
	at org.junit.runners.model.FrameworkMethod.invokeExplosively(FrameworkMethod.java:44)
	at org.junit.internal.runners.statements.InvokeMethod.evaluate(InvokeMethod.java:17)
	at org.junit.internal.runners.statements.FailOnTimeout$StatementThread.run(FailOnTimeout.java:74)
Caused by: java.net.URISyntaxException: Illegal character in path at index 1: p^retranslate.html
	at java.net.URI$Parser.fail(URI.java:2848)
	at java.net.URI$Parser.checkChars(URI.java:3021)
	at java.net.URI$Parser.parseHierarchical(URI.java:3105)
	at java.net.URI$Parser.parse(URI.java:3063)
	at java.net.URI.<init>(URI.java:588)
	at java.net.URI.create(URI.java:850)
	... 17 more

0 amplified test fails on the new versions.
0 amplified test fails on the new versions.
2 amplified test fails on the new versions.
testToJson3_literalMutationString3_failAssert0(com.github.mustachejava.inverter.InvertToJsonTest): Malformed escape pair at index 3: M$v%Qi,yW}#yRnyXD
testToJson3_literalMutationString4_failAssert0(com.github.mustachejava.inverter.InvertToJsonTest): Illegal character in path at index 4: This is a good dayjava.lang.IllegalArgumentException: Malformed escape pair at index 3: M$v%Qi,yW}#yRnyXD
	at java.net.URI.create(URI.java:852)
	at com.github.mustachejava.resolver.ClasspathResolver.getReader(ClasspathResolver.java:37)
	at com.github.mustachejava.resolver.DefaultResolver.getReader(DefaultResolver.java:44)
	at com.github.mustachejava.DefaultMustacheFactory.getReader(DefaultMustacheFactory.java:115)
	at com.github.mustachejava.MustacheParser.compile(MustacheParser.java:26)
	at java.util.concurrent.ConcurrentHashMap.computeIfAbsent(ConcurrentHashMap.java:1660)
	at com.github.mustachejava.DefaultMustacheFactory.compile(DefaultMustacheFactory.java:176)
	at com.github.mustachejava.inverter.InvertToJsonTest.testToJson3_literalMutationString3_failAssert0(InvertToJsonTest.java:286)
	at sun.reflect.NativeMethodAccessorImpl.invoke0(Native Method)
	at sun.reflect.NativeMethodAccessorImpl.invoke(NativeMethodAccessorImpl.java:62)
	at sun.reflect.DelegatingMethodAccessorImpl.invoke(DelegatingMethodAccessorImpl.java:43)
	at java.lang.reflect.Method.invoke(Method.java:498)
	at org.junit.runners.model.FrameworkMethod$1.runReflectiveCall(FrameworkMethod.java:47)
	at org.junit.internal.runners.model.ReflectiveCallable.run(ReflectiveCallable.java:12)
	at org.junit.runners.model.FrameworkMethod.invokeExplosively(FrameworkMethod.java:44)
	at org.junit.internal.runners.statements.InvokeMethod.evaluate(InvokeMethod.java:17)
	at org.junit.internal.runners.statements.FailOnTimeout$StatementThread.run(FailOnTimeout.java:74)
Caused by: java.net.URISyntaxException: Malformed escape pair at index 3: M$v%Qi,yW}#yRnyXD
	at java.net.URI$Parser.fail(URI.java:2848)
	at java.net.URI$Parser.scanEscape(URI.java:2978)
	at java.net.URI$Parser.scan(URI.java:3001)
	at java.net.URI$Parser.checkChars(URI.java:3019)
	at java.net.URI$Parser.parseHierarchical(URI.java:3105)
	at java.net.URI$Parser.parse(URI.java:3063)
	at java.net.URI.<init>(URI.java:588)
	at java.net.URI.create(URI.java:850)
	... 16 more
java.lang.IllegalArgumentException: Illegal character in path at index 4: This is a good day
	at java.net.URI.create(URI.java:852)
	at com.github.mustachejava.resolver.ClasspathResolver.getReader(ClasspathResolver.java:37)
	at com.github.mustachejava.resolver.DefaultResolver.getReader(DefaultResolver.java:44)
	at com.github.mustachejava.DefaultMustacheFactory.getReader(DefaultMustacheFactory.java:115)
	at com.github.mustachejava.MustacheParser.compile(MustacheParser.java:26)
	at java.util.concurrent.ConcurrentHashMap.computeIfAbsent(ConcurrentHashMap.java:1660)
	at com.github.mustachejava.DefaultMustacheFactory.compile(DefaultMustacheFactory.java:176)
	at com.github.mustachejava.inverter.InvertToJsonTest.testToJson3_literalMutationString4_failAssert0(InvertToJsonTest.java:346)
	at sun.reflect.NativeMethodAccessorImpl.invoke0(Native Method)
	at sun.reflect.NativeMethodAccessorImpl.invoke(NativeMethodAccessorImpl.java:62)
	at sun.reflect.DelegatingMethodAccessorImpl.invoke(DelegatingMethodAccessorImpl.java:43)
	at java.lang.reflect.Method.invoke(Method.java:498)
	at org.junit.runners.model.FrameworkMethod$1.runReflectiveCall(FrameworkMethod.java:47)
	at org.junit.internal.runners.model.ReflectiveCallable.run(ReflectiveCallable.java:12)
	at org.junit.runners.model.FrameworkMethod.invokeExplosively(FrameworkMethod.java:44)
	at org.junit.internal.runners.statements.InvokeMethod.evaluate(InvokeMethod.java:17)
	at org.junit.internal.runners.statements.FailOnTimeout$StatementThread.run(FailOnTimeout.java:74)
Caused by: java.net.URISyntaxException: Illegal character in path at index 4: This is a good day
	at java.net.URI$Parser.fail(URI.java:2848)
	at java.net.URI$Parser.checkChars(URI.java:3021)
	at java.net.URI$Parser.parseHierarchical(URI.java:3105)
	at java.net.URI$Parser.parse(URI.java:3063)
	at java.net.URI.<init>(URI.java:588)
	at java.net.URI.create(URI.java:850)
	... 16 more

0 amplified test fails on the new versions.