[INFO] Scanning for projects...
[INFO] 
[INFO] ----------< org.ow2.authzforce:authzforce-ce-core-pdp-engine >----------
[INFO] Building org.ow2.authzforce:authzforce-ce-core-pdp-engine 11.0.1-SNAPSHOT
[INFO] --------------------------------[ jar ]---------------------------------
[INFO] 
[INFO] --- maven-clean-plugin:2.5:clean (default-clean) @ authzforce-ce-core-pdp-engine ---
[INFO] Deleting /tmp/icst-2019/september-2018/dataset/core_parent/pdp-engine/target
[INFO] 
[INFO] --- diff-test-selection:0.5-SNAPSHOT:list (default-cli) @ authzforce-ce-core-pdp-engine ---
[INFO] Computing coverage for /tmp/icst-2019/september-2018/dataset/core_parent/pdp-engine
[WARN] Maven will be executed in interactive mode, but no input stream has been configured for this MavenInvoker instance.
[INFO] Scanning for projects...
[INFO] 
[INFO] ----------< org.ow2.authzforce:authzforce-ce-core-pdp-engine >----------
[INFO] Building org.ow2.authzforce:authzforce-ce-core-pdp-engine 11.0.1-SNAPSHOT
[INFO] --------------------------------[ jar ]---------------------------------
[INFO] 
[INFO] --- maven-clean-plugin:2.5:clean (default-clean) @ authzforce-ce-core-pdp-engine ---
[INFO] 
[INFO] --- clover-maven-plugin:4.2.0:setup (default-cli) @ authzforce-ce-core-pdp-engine ---
[INFO] No 'maven.clover.licenseLocation' configured. Using default license.
[INFO] OpenClover Version 4.2.0, built on April 30 2017 (build-1000)
[INFO] Loaded from: /home/spirals/danglot/.m2/repository/org/openclover/clover/4.2.0/clover-4.2.0.jar
[INFO] Clover free edition.
[INFO] Creating new database at '/tmp/icst-2019/september-2018/dataset/core_parent/pdp-engine/target/clover/clover.db'.
[INFO] Processing files at 1.8 source level.
[INFO] Clover all over. Instrumented 73 files (8 packages).
[INFO] Elapsed time = 2.727 secs. (26.769 files/sec, 7,880.821 srclines/sec)
[INFO] OpenClover Version 4.2.0, built on April 30 2017 (build-1000)
[INFO] Loaded from: /home/spirals/danglot/.m2/repository/org/openclover/clover/4.2.0/clover-4.2.0.jar
[INFO] Clover free edition.
[INFO] Updating existing database at '/tmp/icst-2019/september-2018/dataset/core_parent/pdp-engine/target/clover/clover.db'.
[INFO] Processing files at 1.8 source level.
[INFO] Clover all over. Instrumented 20 files (3 packages).
[INFO] 3 test methods detected.
[INFO] Elapsed time = 1.393 secs. (14.358 files/sec, 2,595.836 srclines/sec)
[INFO] 
[INFO] --- maven-jaxb2-plugin:0.13.0:generate (jaxb-generate-compile-sources) @ authzforce-ce-core-pdp-engine ---
[INFO] Started execution.
[INFO] JAXB API is loaded from the [jar:file:/home/spirals/danglot/jdk1.8.0_121/jre/lib/rt.jar!].
[INFO] Detected JAXB API version [2.2].
[INFO] pluginArtifacts:[org.jvnet.jaxb2.maven2:maven-jaxb2-plugin:maven-plugin:0.13.0:, org.jvnet.jaxb2.maven2:maven-jaxb2-plugin-core:jar:0.13.0:compile, org.slf4j:slf4j-api:jar:1.7.7:compile, org.apache.commons:commons-lang3:jar:3.2.1:compile, com.sun.org.apache.xml.internal:resolver:jar:20050927:compile, org.apache.maven:maven-plugin-api:jar:2.0.9:compile, org.sonatype.plexus:plexus-build-api:jar:0.0.7:compile, org.apache.maven:maven-project:jar:2.0.9:compile, org.apache.maven:maven-settings:jar:2.0.9:compile, org.apache.maven:maven-profile:jar:2.0.9:compile, org.apache.maven:maven-model:jar:2.0.9:compile, org.apache.maven:maven-artifact-manager:jar:2.0.9:compile, org.apache.maven:maven-repository-metadata:jar:2.0.9:compile, org.apache.maven:maven-plugin-registry:jar:2.0.9:compile, org.codehaus.plexus:plexus-container-default:jar:1.0-alpha-9-stable-1:compile, junit:junit:jar:4.8.1:compile, classworlds:classworlds:jar:1.1-alpha-2:compile, org.codehaus.plexus:plexus-utils:jar:1.5.15:compile, org.jvnet.jaxb2.maven2:maven-jaxb22-plugin:jar:0.13.0:compile, org.glassfish.jaxb:jaxb-runtime:jar:2.2.11:compile, org.glassfish.jaxb:jaxb-core:jar:2.2.11:compile, javax.xml.bind:jaxb-api:jar:2.2.12-b140109.1041:compile, org.glassfish.jaxb:txw2:jar:2.2.11:compile, com.sun.istack:istack-commons-runtime:jar:2.21:compile, org.jvnet.staxex:stax-ex:jar:1.7.7:compile, com.sun.xml.fastinfoset:FastInfoset:jar:1.2.13:compile, org.glassfish.jaxb:jaxb-xjc:jar:2.2.11:compile, com.sun.xsom:xsom:jar:20140925:compile, relaxngDatatype:relaxngDatatype:jar:20020414:compile, org.glassfish.jaxb:codemodel:jar:2.2.11:compile, com.sun.xml.bind.external:rngom:jar:2.2.11:compile, com.sun.xml.dtd-parser:dtd-parser:jar:1.1:compile, com.sun.istack:istack-commons-tools:jar:2.21:compile, org.apache.ant:ant:jar:1.7.0:compile, org.apache.ant:ant-launcher:jar:1.7.0:compile, com.sun:tools:jar:1.6:system, org.apache.maven.plugin-tools:maven-plugin-annotations:jar:3.4:compile, org.apache.maven:maven-artifact:jar:2.0.9:compile]
[INFO] specVersion:2.2
[INFO] encoding:UTF-8
[INFO] locale:null
[INFO] schemaLanguage:null
[INFO] schemaDirectory:/tmp/icst-2019/september-2018/dataset/core_parent/pdp-engine/src/main/resources
[INFO] schemaIncludes:[pdp.xsd]
[INFO] schemaExcludes:null
[INFO] schemas:[]
[INFO] bindingDirectory:/tmp/icst-2019/september-2018/dataset/core_parent/pdp-engine/src/main/jaxb
[INFO] bindingIncludes:[bindings.xjb]
[INFO] bindingExcludes:null
[INFO] bindings:[]
[INFO] disableDefaultExcludes:false
[INFO] catalog:/tmp/icst-2019/september-2018/dataset/core_parent/pdp-engine/src/main/jaxb/catalog.xml
[INFO] catalogResolver:null
[INFO] generatePackage:org.ow2.authzforce.core.xmlns.pdp
[INFO] generateDirectory:/tmp/icst-2019/september-2018/dataset/core_parent/pdp-engine/target/generated-sources/xjc
[INFO] readOnly:false
[INFO] extension:true
[INFO] strict:false
[INFO] writeCode:true
[INFO] verbose:true
[INFO] debug:false
[INFO] args:[-Xvalue-constructor]
[INFO] forceRegenerate:false
[INFO] removeOldOutput:true
[INFO] produces:[**/*.*, **/*.java, **/bgm.ser, **/jaxb.properties]
[INFO] otherDepends:null
[INFO] episodeFile:/tmp/icst-2019/september-2018/dataset/core_parent/pdp-engine/target/generated-sources/xjc/META-INF/sun-jaxb.episode
[INFO] episode:true
[INFO] plugins:[Dependency {groupId=org.jvnet.jaxb2_commons, artifactId=jaxb2-value-constructor, version=3.0, type=jar}]
[INFO] episodes:[Dependency {groupId=org.ow2.authzforce, artifactId=authzforce-ce-xmlns-model, version=7.2.0, type=jar}, Dependency {groupId=org.ow2.authzforce, artifactId=authzforce-ce-xacml-model, version=7.2.0, type=jar}, Dependency {groupId=org.ow2.authzforce, artifactId=authzforce-ce-pdp-ext-model, version=7.2.0, type=jar}]
[INFO] useDependenciesAsEpisodes:false
[INFO] scanDependenciesForBindings:false
[INFO] xjcPlugins:[Dependency {groupId=org.jvnet.jaxb2_commons, artifactId=jaxb2-value-constructor, version=3.0, type=jar}]
[INFO] episodes:[Dependency {groupId=org.ow2.authzforce, artifactId=authzforce-ce-xmlns-model, version=7.2.0, type=jar}, Dependency {groupId=org.ow2.authzforce, artifactId=authzforce-ce-xacml-model, version=7.2.0, type=jar}, Dependency {groupId=org.ow2.authzforce, artifactId=authzforce-ce-pdp-ext-model, version=7.2.0, type=jar}]
[INFO] catalogURIs (calculated):[file:/tmp/icst-2019/september-2018/dataset/core_parent/pdp-engine/src/main/jaxb/catalog.xml]
[INFO] resolvedCatalogURIs (calculated):[file:/tmp/icst-2019/september-2018/dataset/core_parent/pdp-engine/src/main/jaxb/catalog.xml]
[INFO] schemaFiles (calculated):[/tmp/icst-2019/september-2018/dataset/core_parent/pdp-engine/src/main/resources/pdp.xsd]
[INFO] schemaURIs (calculated):[file:/tmp/icst-2019/september-2018/dataset/core_parent/pdp-engine/src/main/resources/pdp.xsd]
[INFO] resolvedSchemaURIs (calculated):[file:/tmp/icst-2019/september-2018/dataset/core_parent/pdp-engine/src/main/resources/pdp.xsd]
[INFO] bindingFiles (calculated):[/tmp/icst-2019/september-2018/dataset/core_parent/pdp-engine/src/main/jaxb/bindings.xjb]
[INFO] bindingURIs (calculated):[file:/tmp/icst-2019/september-2018/dataset/core_parent/pdp-engine/src/main/jaxb/bindings.xjb]
[INFO] resolvedBindingURIs (calculated):[file:/tmp/icst-2019/september-2018/dataset/core_parent/pdp-engine/src/main/jaxb/bindings.xjb]
[INFO] xjcPluginArtifacts (resolved):[org.jvnet.jaxb2_commons:jaxb2-value-constructor:jar:3.0:runtime]
[INFO] xjcPluginFiles (resolved):[/home/spirals/danglot/.m2/repository/org/jvnet/jaxb2_commons/jaxb2-value-constructor/3.0/jaxb2-value-constructor-3.0.jar]
[INFO] xjcPluginURLs (resolved):[file:/home/spirals/danglot/.m2/repository/org/jvnet/jaxb2_commons/jaxb2-value-constructor/3.0/jaxb2-value-constructor-3.0.jar]
[INFO] episodeArtifacts (resolved):[org.ow2.authzforce:authzforce-ce-xmlns-model:jar:7.2.0:runtime, org.ow2.authzforce:authzforce-ce-xacml-model:jar:7.2.0:runtime, org.ow2.authzforce:authzforce-ce-pdp-ext-model:jar:7.2.0:runtime]
[INFO] episodeFiles (resolved):[/home/spirals/danglot/.m2/repository/org/ow2/authzforce/authzforce-ce-xmlns-model/7.2.0/authzforce-ce-xmlns-model-7.2.0.jar, /home/spirals/danglot/.m2/repository/org/ow2/authzforce/authzforce-ce-xacml-model/7.2.0/authzforce-ce-xacml-model-7.2.0.jar, /home/spirals/danglot/.m2/repository/org/ow2/authzforce/authzforce-ce-pdp-ext-model/7.2.0/authzforce-ce-pdp-ext-model-7.2.0.jar]
[INFO] optionsConfiguration:OptionsConfiguration [specVersion=2.2
 generateDirectory=/tmp/icst-2019/september-2018/dataset/core_parent/pdp-engine/target/generated-sources/xjc
 generatePackage=org.ow2.authzforce.core.xmlns.pdp
 schemaLanguage=null
 grammars.systemIds=[file:/tmp/icst-2019/september-2018/dataset/core_parent/pdp-engine/src/main/resources/pdp.xsd]
 bindFiles.systemIds=[file:/tmp/icst-2019/september-2018/dataset/core_parent/pdp-engine/src/main/jaxb/bindings.xjb]
 plugins=[file:/home/spirals/danglot/.m2/repository/org/jvnet/jaxb2_commons/jaxb2-value-constructor/3.0/jaxb2-value-constructor-3.0.jar]
 readOnly=false
 packageLevelAnnotations=true
 noFileHeader=false
 enableIntrospection=false
 disableXmlSecurity=true
 accessExternalSchema=all
 accessExternalDTD=all
 contentForWildcard=false
 extension=true
 strict=false
 verbose=true
 debugMode=false
 arguments=[-Xvalue-constructor, -episode, /tmp/icst-2019/september-2018/dataset/core_parent/pdp-engine/target/generated-sources/xjc/META-INF/sun-jaxb.episode, /home/spirals/danglot/.m2/repository/org/ow2/authzforce/authzforce-ce-xmlns-model/7.2.0/authzforce-ce-xmlns-model-7.2.0.jar, /home/spirals/danglot/.m2/repository/org/ow2/authzforce/authzforce-ce-xacml-model/7.2.0/authzforce-ce-xacml-model-7.2.0.jar, /home/spirals/danglot/.m2/repository/org/ow2/authzforce/authzforce-ce-pdp-ext-model/7.2.0/authzforce-ce-pdp-ext-model-7.2.0.jar]]
Using java.util.ServiceLoader
[INFO] Up-to-date check for source resources [[file:/tmp/icst-2019/september-2018/dataset/core_parent/pdp-engine/src/main/jaxb/catalog.xml, file:/tmp/icst-2019/september-2018/dataset/core_parent/pdp-engine/src/main/resources/pdp.xsd, file:/tmp/icst-2019/september-2018/dataset/core_parent/pdp-engine/src/main/jaxb/bindings.xjb, file:/tmp/icst-2019/september-2018/dataset/core_parent/pdp-engine/pom.xml]] and target resources [[]].
[INFO] Sources are not up-to-date, XJC will be executed.
[INFO] Parsing input schema(s)...
[INFO] Compiling input schema(s)...
[INFO] Writing output to [/tmp/icst-2019/september-2018/dataset/core_parent/pdp-engine/target/generated-sources/xjc].
[INFO] Cleaning package directories.
[INFO] XJC writing: org/ow2/authzforce/core/xmlns/pdp/InOutProcChain.java
[INFO] XJC writing: org/ow2/authzforce/core/xmlns/pdp/ObjectFactory.java
[INFO] XJC writing: org/ow2/authzforce/core/xmlns/pdp/Pdp.java
[INFO] XJC writing: org/ow2/authzforce/core/xmlns/pdp/StandardEnvironmentAttributeSource.java
[INFO] XJC writing: org/ow2/authzforce/core/xmlns/pdp/StaticRefBasedRootPolicyProvider.java
[INFO] XJC writing: org/ow2/authzforce/core/xmlns/pdp/StaticRefPolicyProvider.java
[INFO] XJC writing: org/ow2/authzforce/core/xmlns/pdp/StaticRootPolicyProvider.java
[INFO] XJC writing: org/ow2/authzforce/core/xmlns/pdp/package-info.java
[INFO] Episode file [/tmp/icst-2019/september-2018/dataset/core_parent/pdp-engine/target/generated-sources/xjc/META-INF/sun-jaxb.episode] was augmented with if-exists="true" attributes.
[INFO] Finished execution.
[INFO] 
[INFO] --- license-maven-plugin:3.0:format (format-sources-license) @ authzforce-ce-core-pdp-engine ---
[INFO] 
[INFO] --- maven-resources-plugin:3.0.1:resources (default-resources) @ authzforce-ce-core-pdp-engine ---
[INFO] Using 'UTF-8' encoding to copy filtered resources.
[INFO] Copying 4 resources
[INFO] Copying 1 resource
[INFO] Copying 1 resource
[INFO] 
[INFO] --- maven-compiler-plugin:2.3.2:compile (default-compile) @ authzforce-ce-core-pdp-engine ---
[INFO] Compiling 81 source files to /tmp/icst-2019/september-2018/dataset/core_parent/pdp-engine/target/classes
[INFO] 
[INFO] --- license-maven-plugin:3.0:format (format-test-sources-license) @ authzforce-ce-core-pdp-engine ---
[INFO] 
[INFO] --- maven-resources-plugin:3.0.1:testResources (default-testResources) @ authzforce-ce-core-pdp-engine ---
[INFO] Using 'UTF-8' encoding to copy filtered resources.
[INFO] Copying 1 resource
[INFO] 
[INFO] --- maven-compiler-plugin:2.3.2:testCompile (default-testCompile) @ authzforce-ce-core-pdp-engine ---
[INFO] Compiling 20 source files to /tmp/icst-2019/september-2018/dataset/core_parent/pdp-engine/target/test-classes
[INFO] 
[INFO] --- maven-surefire-plugin:2.19.1:test (default-test) @ authzforce-ce-core-pdp-engine ---

-------------------------------------------------------
 T E S T S
-------------------------------------------------------
Running org.ow2.authzforce.core.pdp.impl.test.MainTest
Tests run: 658, Failures: 46, Errors: 1, Skipped: 0, Time elapsed: 2.061 sec <<< FAILURE! - in org.ow2.authzforce.core.pdp.impl.test.MainTest
testEvaluate[19: urn:oasis:names:tc:xacml:1.0:function:integer-divide](org.ow2.authzforce.core.pdp.impl.test.func.NumericArithmeticFunctionsTest)  Time elapsed: 0.01 sec  <<< FAILURE!
java.lang.AssertionError: expectedResult = null, but no syntax error (invalid inputs) raised as expected

testEvaluate[23: urn:oasis:names:tc:xacml:1.0:function:double-divide](org.ow2.authzforce.core.pdp.impl.test.func.NumericArithmeticFunctionsTest)  Time elapsed: 0.002 sec  <<< FAILURE!
java.lang.AssertionError: expectedResult = null, but no syntax error (invalid inputs) raised as expected

testEvaluate[6: urn:oasis:names:tc:xacml:1.0:function:or](org.ow2.authzforce.core.pdp.impl.test.func.LogicalFunctionsTest)  Time elapsed: 0.001 sec  <<< FAILURE!
java.lang.AssertionError: expectedResult = null, but no syntax error (invalid inputs) raised as expected

testEvaluate[13: urn:oasis:names:tc:xacml:1.0:function:and](org.ow2.authzforce.core.pdp.impl.test.func.LogicalFunctionsTest)  Time elapsed: 0.002 sec  <<< FAILURE!
java.lang.AssertionError: expectedResult = null, but no syntax error (invalid inputs) raised as expected

testEvaluate[25: urn:oasis:names:tc:xacml:1.0:function:n-of](org.ow2.authzforce.core.pdp.impl.test.func.LogicalFunctionsTest)  Time elapsed: 0.002 sec  <<< FAILURE!
java.lang.AssertionError: expectedResult = null, but no syntax error (invalid inputs) raised as expected

testEvaluate[4: urn:oasis:names:tc:xacml:3.0:function:boolean-from-string](org.ow2.authzforce.core.pdp.impl.test.func.StringFunctionsTest)  Time elapsed: 0.002 sec  <<< FAILURE!
java.lang.AssertionError: expectedResult = null, but no syntax error (invalid inputs) raised as expected

testEvaluate[35: urn:oasis:names:tc:xacml:3.0:function:dnsName-from-string](org.ow2.authzforce.core.pdp.impl.test.func.StringFunctionsTest)  Time elapsed: 0.002 sec  <<< FAILURE!
java.lang.AssertionError: expectedResult = null, but no syntax error (invalid inputs) raised as expected

testEvaluate[36: urn:oasis:names:tc:xacml:3.0:function:dnsName-from-string](org.ow2.authzforce.core.pdp.impl.test.func.StringFunctionsTest)  Time elapsed: 0.002 sec  <<< FAILURE!
java.lang.AssertionError: expectedResult = null, but no syntax error (invalid inputs) raised as expected

testEvaluate[37: urn:oasis:names:tc:xacml:3.0:function:dnsName-from-string](org.ow2.authzforce.core.pdp.impl.test.func.StringFunctionsTest)  Time elapsed: 0.002 sec  <<< FAILURE!
java.lang.AssertionError: expectedResult = null, but no syntax error (invalid inputs) raised as expected

testEvaluate[42: urn:oasis:names:tc:xacml:3.0:function:dnsName-from-string](org.ow2.authzforce.core.pdp.impl.test.func.StringFunctionsTest)  Time elapsed: 0.002 sec  <<< FAILURE!
java.lang.AssertionError: expectedResult = null, but no syntax error (invalid inputs) raised as expected

testEvaluate[43: urn:oasis:names:tc:xacml:3.0:function:dnsName-from-string](org.ow2.authzforce.core.pdp.impl.test.func.StringFunctionsTest)  Time elapsed: 0.002 sec  <<< FAILURE!
java.lang.AssertionError: expectedResult = null, but no syntax error (invalid inputs) raised as expected

testEvaluate[59: urn:oasis:names:tc:xacml:3.0:function:string-substring](org.ow2.authzforce.core.pdp.impl.test.func.StringFunctionsTest)  Time elapsed: 0.002 sec  <<< FAILURE!
java.lang.AssertionError: expectedResult = null, but no syntax error (invalid inputs) raised as expected

testEvaluate[60: urn:oasis:names:tc:xacml:3.0:function:string-substring](org.ow2.authzforce.core.pdp.impl.test.func.StringFunctionsTest)  Time elapsed: 0.002 sec  <<< FAILURE!
java.lang.AssertionError: expectedResult = null, but no syntax error (invalid inputs) raised as expected

testEvaluate[64: urn:oasis:names:tc:xacml:3.0:function:anyURI-substring](org.ow2.authzforce.core.pdp.impl.test.func.StringFunctionsTest)  Time elapsed: 0.002 sec  <<< FAILURE!
java.lang.AssertionError: expectedResult = null, but no syntax error (invalid inputs) raised as expected

testEvaluate[0: urn:oasis:names:tc:xacml:1.0:function:string-one-and-only](org.ow2.authzforce.core.pdp.impl.test.func.BagFunctionsTest)  Time elapsed: 0.002 sec  <<< FAILURE!
java.lang.AssertionError: expectedResult = null, but no syntax error (invalid inputs) raised as expected

testEvaluate[2: urn:oasis:names:tc:xacml:1.0:function:string-one-and-only](org.ow2.authzforce.core.pdp.impl.test.func.BagFunctionsTest)  Time elapsed: 0.001 sec  <<< FAILURE!
java.lang.AssertionError: expectedResult = null, but no syntax error (invalid inputs) raised as expected

testEvaluate[3: urn:oasis:names:tc:xacml:1.0:function:boolean-one-and-only](org.ow2.authzforce.core.pdp.impl.test.func.BagFunctionsTest)  Time elapsed: 0.001 sec  <<< FAILURE!
java.lang.AssertionError: expectedResult = null, but no syntax error (invalid inputs) raised as expected

testEvaluate[5: urn:oasis:names:tc:xacml:1.0:function:boolean-one-and-only](org.ow2.authzforce.core.pdp.impl.test.func.BagFunctionsTest)  Time elapsed: 0.001 sec  <<< FAILURE!
java.lang.AssertionError: expectedResult = null, but no syntax error (invalid inputs) raised as expected

testEvaluate[6: urn:oasis:names:tc:xacml:1.0:function:integer-one-and-only](org.ow2.authzforce.core.pdp.impl.test.func.BagFunctionsTest)  Time elapsed: 0.001 sec  <<< FAILURE!
java.lang.AssertionError: expectedResult = null, but no syntax error (invalid inputs) raised as expected

testEvaluate[8: urn:oasis:names:tc:xacml:1.0:function:integer-one-and-only](org.ow2.authzforce.core.pdp.impl.test.func.BagFunctionsTest)  Time elapsed: 0.002 sec  <<< FAILURE!
java.lang.AssertionError: expectedResult = null, but no syntax error (invalid inputs) raised as expected

testEvaluate[9: urn:oasis:names:tc:xacml:1.0:function:double-one-and-only](org.ow2.authzforce.core.pdp.impl.test.func.BagFunctionsTest)  Time elapsed: 0.001 sec  <<< FAILURE!
java.lang.AssertionError: expectedResult = null, but no syntax error (invalid inputs) raised as expected

testEvaluate[11: urn:oasis:names:tc:xacml:1.0:function:double-one-and-only](org.ow2.authzforce.core.pdp.impl.test.func.BagFunctionsTest)  Time elapsed: 0.001 sec  <<< FAILURE!
java.lang.AssertionError: expectedResult = null, but no syntax error (invalid inputs) raised as expected

testEvaluate[12: urn:oasis:names:tc:xacml:1.0:function:anyURI-one-and-only](org.ow2.authzforce.core.pdp.impl.test.func.BagFunctionsTest)  Time elapsed: 0.001 sec  <<< FAILURE!
java.lang.AssertionError: expectedResult = null, but no syntax error (invalid inputs) raised as expected

testEvaluate[14: urn:oasis:names:tc:xacml:1.0:function:anyURI-one-and-only](org.ow2.authzforce.core.pdp.impl.test.func.BagFunctionsTest)  Time elapsed: 0.001 sec  <<< FAILURE!
java.lang.AssertionError: expectedResult = null, but no syntax error (invalid inputs) raised as expected

testEvaluate[15: urn:oasis:names:tc:xacml:1.0:function:hexBinary-one-and-only](org.ow2.authzforce.core.pdp.impl.test.func.BagFunctionsTest)  Time elapsed: 0.001 sec  <<< FAILURE!
java.lang.AssertionError: expectedResult = null, but no syntax error (invalid inputs) raised as expected

testEvaluate[17: urn:oasis:names:tc:xacml:1.0:function:hexBinary-one-and-only](org.ow2.authzforce.core.pdp.impl.test.func.BagFunctionsTest)  Time elapsed: 0.001 sec  <<< FAILURE!
java.lang.AssertionError: expectedResult = null, but no syntax error (invalid inputs) raised as expected

testEvaluate[18: urn:oasis:names:tc:xacml:1.0:function:base64Binary-one-and-only](org.ow2.authzforce.core.pdp.impl.test.func.BagFunctionsTest)  Time elapsed: 0.001 sec  <<< FAILURE!
java.lang.AssertionError: expectedResult = null, but no syntax error (invalid inputs) raised as expected

testEvaluate[20: urn:oasis:names:tc:xacml:1.0:function:base64Binary-one-and-only](org.ow2.authzforce.core.pdp.impl.test.func.BagFunctionsTest)  Time elapsed: 0.001 sec  <<< FAILURE!
java.lang.AssertionError: expectedResult = null, but no syntax error (invalid inputs) raised as expected

testEvaluate[21: urn:oasis:names:tc:xacml:1.0:function:time-one-and-only](org.ow2.authzforce.core.pdp.impl.test.func.BagFunctionsTest)  Time elapsed: 0.001 sec  <<< FAILURE!
java.lang.AssertionError: expectedResult = null, but no syntax error (invalid inputs) raised as expected

testEvaluate[23: urn:oasis:names:tc:xacml:1.0:function:time-one-and-only](org.ow2.authzforce.core.pdp.impl.test.func.BagFunctionsTest)  Time elapsed: 0.001 sec  <<< FAILURE!
java.lang.AssertionError: expectedResult = null, but no syntax error (invalid inputs) raised as expected

testEvaluate[24: urn:oasis:names:tc:xacml:1.0:function:date-one-and-only](org.ow2.authzforce.core.pdp.impl.test.func.BagFunctionsTest)  Time elapsed: 0.001 sec  <<< FAILURE!
java.lang.AssertionError: expectedResult = null, but no syntax error (invalid inputs) raised as expected

testEvaluate[26: urn:oasis:names:tc:xacml:1.0:function:date-one-and-only](org.ow2.authzforce.core.pdp.impl.test.func.BagFunctionsTest)  Time elapsed: 0.001 sec  <<< FAILURE!
java.lang.AssertionError: expectedResult = null, but no syntax error (invalid inputs) raised as expected

testEvaluate[27: urn:oasis:names:tc:xacml:1.0:function:dateTime-one-and-only](org.ow2.authzforce.core.pdp.impl.test.func.BagFunctionsTest)  Time elapsed: 0.001 sec  <<< FAILURE!
java.lang.AssertionError: expectedResult = null, but no syntax error (invalid inputs) raised as expected

testEvaluate[29: urn:oasis:names:tc:xacml:1.0:function:dateTime-one-and-only](org.ow2.authzforce.core.pdp.impl.test.func.BagFunctionsTest)  Time elapsed: 0.001 sec  <<< FAILURE!
java.lang.AssertionError: expectedResult = null, but no syntax error (invalid inputs) raised as expected

testEvaluate[30: urn:oasis:names:tc:xacml:3.0:function:dayTimeDuration-one-and-only](org.ow2.authzforce.core.pdp.impl.test.func.BagFunctionsTest)  Time elapsed: 0.001 sec  <<< FAILURE!
java.lang.AssertionError: expectedResult = null, but no syntax error (invalid inputs) raised as expected

testEvaluate[32: urn:oasis:names:tc:xacml:3.0:function:dayTimeDuration-one-and-only](org.ow2.authzforce.core.pdp.impl.test.func.BagFunctionsTest)  Time elapsed: 0.001 sec  <<< FAILURE!
java.lang.AssertionError: expectedResult = null, but no syntax error (invalid inputs) raised as expected

testEvaluate[33: urn:oasis:names:tc:xacml:3.0:function:yearMonthDuration-one-and-only](org.ow2.authzforce.core.pdp.impl.test.func.BagFunctionsTest)  Time elapsed: 0.001 sec  <<< FAILURE!
java.lang.AssertionError: expectedResult = null, but no syntax error (invalid inputs) raised as expected

testEvaluate[35: urn:oasis:names:tc:xacml:3.0:function:yearMonthDuration-one-and-only](org.ow2.authzforce.core.pdp.impl.test.func.BagFunctionsTest)  Time elapsed: 0.001 sec  <<< FAILURE!
java.lang.AssertionError: expectedResult = null, but no syntax error (invalid inputs) raised as expected

testEvaluate[36: urn:oasis:names:tc:xacml:1.0:function:x500Name-one-and-only](org.ow2.authzforce.core.pdp.impl.test.func.BagFunctionsTest)  Time elapsed: 0.001 sec  <<< FAILURE!
java.lang.AssertionError: expectedResult = null, but no syntax error (invalid inputs) raised as expected

testEvaluate[38: urn:oasis:names:tc:xacml:1.0:function:x500Name-one-and-only](org.ow2.authzforce.core.pdp.impl.test.func.BagFunctionsTest)  Time elapsed: 0.001 sec  <<< FAILURE!
java.lang.AssertionError: expectedResult = null, but no syntax error (invalid inputs) raised as expected

testEvaluate[39: urn:oasis:names:tc:xacml:1.0:function:rfc822Name-one-and-only](org.ow2.authzforce.core.pdp.impl.test.func.BagFunctionsTest)  Time elapsed: 0.001 sec  <<< FAILURE!
java.lang.AssertionError: expectedResult = null, but no syntax error (invalid inputs) raised as expected

testEvaluate[41: urn:oasis:names:tc:xacml:1.0:function:rfc822Name-one-and-only](org.ow2.authzforce.core.pdp.impl.test.func.BagFunctionsTest)  Time elapsed: 0.001 sec  <<< FAILURE!
java.lang.AssertionError: expectedResult = null, but no syntax error (invalid inputs) raised as expected

testEvaluate[42: urn:oasis:names:tc:xacml:2.0:function:ipAddress-one-and-only](org.ow2.authzforce.core.pdp.impl.test.func.BagFunctionsTest)  Time elapsed: 0.001 sec  <<< FAILURE!
java.lang.AssertionError: expectedResult = null, but no syntax error (invalid inputs) raised as expected

testEvaluate[44: urn:oasis:names:tc:xacml:2.0:function:ipAddress-one-and-only](org.ow2.authzforce.core.pdp.impl.test.func.BagFunctionsTest)  Time elapsed: 0.001 sec  <<< FAILURE!
java.lang.AssertionError: expectedResult = null, but no syntax error (invalid inputs) raised as expected

testEvaluate[45: urn:oasis:names:tc:xacml:2.0:function:dnsName-one-and-only](org.ow2.authzforce.core.pdp.impl.test.func.BagFunctionsTest)  Time elapsed: 0.001 sec  <<< FAILURE!
java.lang.AssertionError: expectedResult = null, but no syntax error (invalid inputs) raised as expected

testEvaluate[47: urn:oasis:names:tc:xacml:2.0:function:dnsName-one-and-only](org.ow2.authzforce.core.pdp.impl.test.func.BagFunctionsTest)  Time elapsed: 0.002 sec  <<< FAILURE!
java.lang.AssertionError: expectedResult = null, but no syntax error (invalid inputs) raised as expected

testEvaluate[14: urn:oasis:names:tc:xacml:3.0:function:map](org.ow2.authzforce.core.pdp.impl.test.func.HigherOrderFunctionsTest)  Time elapsed: 0 sec  <<< ERROR!
java.lang.RuntimeException: expectedResult != null but invalid args in test definition prevented the function call
	at org.ow2.authzforce.core.pdp.impl.test.func.HigherOrderFunctionsTest.<init>(HigherOrderFunctionsTest.java:42)
Caused by: java.lang.IllegalArgumentException:  Function urn:oasis:names:tc:xacml:3.0:function:map: Invalid type (expected: primitive, actual: bag) of argument #1
	at org.ow2.authzforce.core.pdp.impl.test.func.HigherOrderFunctionsTest.<init>(HigherOrderFunctionsTest.java:42)


Results :

Failed tests: 
  BagFunctionsTest>StandardFunctionTest.testEvaluate:310->StandardFunctionTest.__CLR4_2_0czkatq4x1:316 expectedResult = null, but no syntax error (invalid inputs) raised as expected
  BagFunctionsTest>StandardFunctionTest.testEvaluate:310->StandardFunctionTest.__CLR4_2_0czkatq4x1:316 expectedResult = null, but no syntax error (invalid inputs) raised as expected
  BagFunctionsTest>StandardFunctionTest.testEvaluate:310->StandardFunctionTest.__CLR4_2_0czkatq4x1:316 expectedResult = null, but no syntax error (invalid inputs) raised as expected
  BagFunctionsTest>StandardFunctionTest.testEvaluate:310->StandardFunctionTest.__CLR4_2_0czkatq4x1:316 expectedResult = null, but no syntax error (invalid inputs) raised as expected
  BagFunctionsTest>StandardFunctionTest.testEvaluate:310->StandardFunctionTest.__CLR4_2_0czkatq4x1:316 expectedResult = null, but no syntax error (invalid inputs) raised as expected
  BagFunctionsTest>StandardFunctionTest.testEvaluate:310->StandardFunctionTest.__CLR4_2_0czkatq4x1:316 expectedResult = null, but no syntax error (invalid inputs) raised as expected
  BagFunctionsTest>StandardFunctionTest.testEvaluate:310->StandardFunctionTest.__CLR4_2_0czkatq4x1:316 expectedResult = null, but no syntax error (invalid inputs) raised as expected
  BagFunctionsTest>StandardFunctionTest.testEvaluate:310->StandardFunctionTest.__CLR4_2_0czkatq4x1:316 expectedResult = null, but no syntax error (invalid inputs) raised as expected
  BagFunctionsTest>StandardFunctionTest.testEvaluate:310->StandardFunctionTest.__CLR4_2_0czkatq4x1:316 expectedResult = null, but no syntax error (invalid inputs) raised as expected
  BagFunctionsTest>StandardFunctionTest.testEvaluate:310->StandardFunctionTest.__CLR4_2_0czkatq4x1:316 expectedResult = null, but no syntax error (invalid inputs) raised as expected
  BagFunctionsTest>StandardFunctionTest.testEvaluate:310->StandardFunctionTest.__CLR4_2_0czkatq4x1:316 expectedResult = null, but no syntax error (invalid inputs) raised as expected
  BagFunctionsTest>StandardFunctionTest.testEvaluate:310->StandardFunctionTest.__CLR4_2_0czkatq4x1:316 expectedResult = null, but no syntax error (invalid inputs) raised as expected
  BagFunctionsTest>StandardFunctionTest.testEvaluate:310->StandardFunctionTest.__CLR4_2_0czkatq4x1:316 expectedResult = null, but no syntax error (invalid inputs) raised as expected
  BagFunctionsTest>StandardFunctionTest.testEvaluate:310->StandardFunctionTest.__CLR4_2_0czkatq4x1:316 expectedResult = null, but no syntax error (invalid inputs) raised as expected
  BagFunctionsTest>StandardFunctionTest.testEvaluate:310->StandardFunctionTest.__CLR4_2_0czkatq4x1:316 expectedResult = null, but no syntax error (invalid inputs) raised as expected
  BagFunctionsTest>StandardFunctionTest.testEvaluate:310->StandardFunctionTest.__CLR4_2_0czkatq4x1:316 expectedResult = null, but no syntax error (invalid inputs) raised as expected
  BagFunctionsTest>StandardFunctionTest.testEvaluate:310->StandardFunctionTest.__CLR4_2_0czkatq4x1:316 expectedResult = null, but no syntax error (invalid inputs) raised as expected
  BagFunctionsTest>StandardFunctionTest.testEvaluate:310->StandardFunctionTest.__CLR4_2_0czkatq4x1:316 expectedResult = null, but no syntax error (invalid inputs) raised as expected
  BagFunctionsTest>StandardFunctionTest.testEvaluate:310->StandardFunctionTest.__CLR4_2_0czkatq4x1:316 expectedResult = null, but no syntax error (invalid inputs) raised as expected
  BagFunctionsTest>StandardFunctionTest.testEvaluate:310->StandardFunctionTest.__CLR4_2_0czkatq4x1:316 expectedResult = null, but no syntax error (invalid inputs) raised as expected
  BagFunctionsTest>StandardFunctionTest.testEvaluate:310->StandardFunctionTest.__CLR4_2_0czkatq4x1:316 expectedResult = null, but no syntax error (invalid inputs) raised as expected
  BagFunctionsTest>StandardFunctionTest.testEvaluate:310->StandardFunctionTest.__CLR4_2_0czkatq4x1:316 expectedResult = null, but no syntax error (invalid inputs) raised as expected
  BagFunctionsTest>StandardFunctionTest.testEvaluate:310->StandardFunctionTest.__CLR4_2_0czkatq4x1:316 expectedResult = null, but no syntax error (invalid inputs) raised as expected
  BagFunctionsTest>StandardFunctionTest.testEvaluate:310->StandardFunctionTest.__CLR4_2_0czkatq4x1:316 expectedResult = null, but no syntax error (invalid inputs) raised as expected
  BagFunctionsTest>StandardFunctionTest.testEvaluate:310->StandardFunctionTest.__CLR4_2_0czkatq4x1:316 expectedResult = null, but no syntax error (invalid inputs) raised as expected
  BagFunctionsTest>StandardFunctionTest.testEvaluate:310->StandardFunctionTest.__CLR4_2_0czkatq4x1:316 expectedResult = null, but no syntax error (invalid inputs) raised as expected
  BagFunctionsTest>StandardFunctionTest.testEvaluate:310->StandardFunctionTest.__CLR4_2_0czkatq4x1:316 expectedResult = null, but no syntax error (invalid inputs) raised as expected
  BagFunctionsTest>StandardFunctionTest.testEvaluate:310->StandardFunctionTest.__CLR4_2_0czkatq4x1:316 expectedResult = null, but no syntax error (invalid inputs) raised as expected
  BagFunctionsTest>StandardFunctionTest.testEvaluate:310->StandardFunctionTest.__CLR4_2_0czkatq4x1:316 expectedResult = null, but no syntax error (invalid inputs) raised as expected
  BagFunctionsTest>StandardFunctionTest.testEvaluate:310->StandardFunctionTest.__CLR4_2_0czkatq4x1:316 expectedResult = null, but no syntax error (invalid inputs) raised as expected
  BagFunctionsTest>StandardFunctionTest.testEvaluate:310->StandardFunctionTest.__CLR4_2_0czkatq4x1:316 expectedResult = null, but no syntax error (invalid inputs) raised as expected
  BagFunctionsTest>StandardFunctionTest.testEvaluate:310->StandardFunctionTest.__CLR4_2_0czkatq4x1:316 expectedResult = null, but no syntax error (invalid inputs) raised as expected
  LogicalFunctionsTest>StandardFunctionTest.testEvaluate:310->StandardFunctionTest.__CLR4_2_0czkatq4x1:316 expectedResult = null, but no syntax error (invalid inputs) raised as expected
  LogicalFunctionsTest>StandardFunctionTest.testEvaluate:310->StandardFunctionTest.__CLR4_2_0czkatq4x1:316 expectedResult = null, but no syntax error (invalid inputs) raised as expected
  LogicalFunctionsTest>StandardFunctionTest.testEvaluate:310->StandardFunctionTest.__CLR4_2_0czkatq4x1:316 expectedResult = null, but no syntax error (invalid inputs) raised as expected
  NumericArithmeticFunctionsTest>StandardFunctionTest.testEvaluate:310->StandardFunctionTest.__CLR4_2_0czkatq4x1:316 expectedResult = null, but no syntax error (invalid inputs) raised as expected
  NumericArithmeticFunctionsTest>StandardFunctionTest.testEvaluate:310->StandardFunctionTest.__CLR4_2_0czkatq4x1:316 expectedResult = null, but no syntax error (invalid inputs) raised as expected
  StringFunctionsTest>StandardFunctionTest.testEvaluate:310->StandardFunctionTest.__CLR4_2_0czkatq4x1:316 expectedResult = null, but no syntax error (invalid inputs) raised as expected
  StringFunctionsTest>StandardFunctionTest.testEvaluate:310->StandardFunctionTest.__CLR4_2_0czkatq4x1:316 expectedResult = null, but no syntax error (invalid inputs) raised as expected
  StringFunctionsTest>StandardFunctionTest.testEvaluate:310->StandardFunctionTest.__CLR4_2_0czkatq4x1:316 expectedResult = null, but no syntax error (invalid inputs) raised as expected
  StringFunctionsTest>StandardFunctionTest.testEvaluate:310->StandardFunctionTest.__CLR4_2_0czkatq4x1:316 expectedResult = null, but no syntax error (invalid inputs) raised as expected
  StringFunctionsTest>StandardFunctionTest.testEvaluate:310->StandardFunctionTest.__CLR4_2_0czkatq4x1:316 expectedResult = null, but no syntax error (invalid inputs) raised as expected
  StringFunctionsTest>StandardFunctionTest.testEvaluate:310->StandardFunctionTest.__CLR4_2_0czkatq4x1:316 expectedResult = null, but no syntax error (invalid inputs) raised as expected
  StringFunctionsTest>StandardFunctionTest.testEvaluate:310->StandardFunctionTest.__CLR4_2_0czkatq4x1:316 expectedResult = null, but no syntax error (invalid inputs) raised as expected
  StringFunctionsTest>StandardFunctionTest.testEvaluate:310->StandardFunctionTest.__CLR4_2_0czkatq4x1:316 expectedResult = null, but no syntax error (invalid inputs) raised as expected
  StringFunctionsTest>StandardFunctionTest.testEvaluate:310->StandardFunctionTest.__CLR4_2_0czkatq4x1:316 expectedResult = null, but no syntax error (invalid inputs) raised as expected
Tests in error: 
  HigherOrderFunctionsTest.<init>:42->StandardFunctionTest.<init>:294->StandardFunctionTest.<init>:277->StandardFunctionTest.<init>:140 ? Runtime

Tests run: 658, Failures: 46, Errors: 1, Skipped: 0

[INFO] ------------------------------------------------------------------------
[INFO] BUILD FAILURE
[INFO] ------------------------------------------------------------------------
[INFO] Total time: 19.081 s
[INFO] Finished at: 2018-09-29T13:29:08+02:00
[INFO] ------------------------------------------------------------------------
[ERROR] Failed to execute goal org.apache.maven.plugins:maven-surefire-plugin:2.19.1:test (default-test) on project authzforce-ce-core-pdp-engine: There are test failures.
[ERROR] 
[ERROR] Please refer to /tmp/icst-2019/september-2018/dataset/core_parent/pdp-engine/target/surefire-reports for the individual test results.
[ERROR] -> [Help 1]
[ERROR] 
[ERROR] To see the full stack trace of the errors, re-run Maven with the -e switch.
[ERROR] Re-run Maven using the -X switch to enable full debug logging.
[ERROR] 
[ERROR] For more information about the errors and possible solutions, please read the following articles:
[ERROR] [Help 1] http://cwiki.apache.org/confluence/display/MAVEN/MojoFailureException
Writing HTML report to '/tmp/icst-2019/september-2018/dataset/core_parent/pdp-engine/target/clover/report'
Done. Processed 11 packages in 3372ms (306ms per package).
[INFO] /tmp/icst-2019/september-2018/dataset/core_parent/pdp-engine/src/main/java/org/ow2/authzforce/core/pdp/impl/combining/ImmutableCombiningAlgRegistry.java
[INFO] /tmp/icst-2019/september-2018/dataset/core/pdp-engine/src/main/java/org/ow2/authzforce/core/pdp/impl/combining/ImmutableCombiningAlgRegistry.java
[info] org.ow2.authzforce.core.pdp.impl.combining.ImmutableCombiningAlgRegistry:52 is modified.
[info] org.ow2.authzforce.core.pdp.impl.combining.ImmutableCombiningAlgRegistry:70 is modified.
[info] org.ow2.authzforce.core.pdp.impl.combining.ImmutableCombiningAlgRegistry:52 is modified.
[info] org.ow2.authzforce.core.pdp.impl.combining.ImmutableCombiningAlgRegistry:72 is modified.
[info] org.ow2.authzforce.core.pdp.impl.combining.ImmutableCombiningAlgRegistry:69 is modified.
[info] org.ow2.authzforce.core.pdp.impl.combining.ImmutableCombiningAlgRegistry:72 is modified.
[INFO] /tmp/icst-2019/september-2018/dataset/core_parent/pdp-engine/src/main/java/org/ow2/authzforce/core/pdp/impl/func/LogicalNOfFunction.java
[INFO] /tmp/icst-2019/september-2018/dataset/core/pdp-engine/src/main/java/org/ow2/authzforce/core/pdp/impl/func/LogicalNOfFunction.java
[info] org.ow2.authzforce.core.pdp.impl.func.LogicalNOfFunction:338 is modified.
[info] org.ow2.authzforce.core.pdp.impl.func.LogicalNOfFunction:338 is modified.
[info] org.ow2.authzforce.core.pdp.impl.func.LogicalNOfFunction:338 is modified.
[info] org.ow2.authzforce.core.pdp.impl.func.LogicalNOfFunction:340 is modified.
[info] org.ow2.authzforce.core.pdp.impl.func.LogicalNOfFunction:340 is modified.
[INFO] /tmp/icst-2019/september-2018/dataset/core_parent/pdp-engine/src/main/java/org/ow2/authzforce/core/pdp/impl/func/MapFunctionFactory.java
[INFO] /tmp/icst-2019/september-2018/dataset/core/pdp-engine/src/main/java/org/ow2/authzforce/core/pdp/impl/func/MapFunctionFactory.java
[info] org.ow2.authzforce.core.pdp.impl.func.MapFunctionFactory:79 is modified.
[info] org.ow2.authzforce.core.pdp.impl.func.MapFunctionFactory:83 is modified.
[info] org.ow2.authzforce.core.pdp.impl.func.MapFunctionFactory:87 is modified.
[info] org.ow2.authzforce.core.pdp.impl.func.MapFunctionFactory:76 is modified.
[info] org.ow2.authzforce.core.pdp.impl.func.MapFunctionFactory:77 is modified.
[info] org.ow2.authzforce.core.pdp.impl.func.MapFunctionFactory:83 is modified.
[info] org.ow2.authzforce.core.pdp.impl.func.MapFunctionFactory:87 is modified.
[info] org.ow2.authzforce.core.pdp.impl.func.MapFunctionFactory:93 is modified.
[info] org.ow2.authzforce.core.pdp.impl.func.MapFunctionFactory:94 is modified.
[info] org.ow2.authzforce.core.pdp.impl.func.MapFunctionFactory:102 is modified.
[info] org.ow2.authzforce.core.pdp.impl.func.MapFunctionFactory:103 is modified.
[info] org.ow2.authzforce.core.pdp.impl.func.MapFunctionFactory:77 is modified.
[info] org.ow2.authzforce.core.pdp.impl.func.MapFunctionFactory:109 is modified.
[info] org.ow2.authzforce.core.pdp.impl.func.MapFunctionFactory:93 is modified.
[info] org.ow2.authzforce.core.pdp.impl.func.MapFunctionFactory:96 is modified.
[info] org.ow2.authzforce.core.pdp.impl.func.MapFunctionFactory:93 is modified.
[info] org.ow2.authzforce.core.pdp.impl.func.MapFunctionFactory:96 is modified.
[info] org.ow2.authzforce.core.pdp.impl.func.MapFunctionFactory:99 is modified.
[info] org.ow2.authzforce.core.pdp.impl.func.MapFunctionFactory:82 is modified.
[info] org.ow2.authzforce.core.pdp.impl.func.MapFunctionFactory:99 is modified.
[info] org.ow2.authzforce.core.pdp.impl.func.MapFunctionFactory:99 is modified.
[info] org.ow2.authzforce.core.pdp.impl.func.MapFunctionFactory:79 covered.
[info] org.ow2.authzforce.core.pdp.impl.func.MapFunctionFactory:76 covered.
[info] org.ow2.authzforce.core.pdp.impl.func.MapFunctionFactory:77 covered.
[info] org.ow2.authzforce.core.pdp.impl.func.MapFunctionFactory:82 covered.
[INFO] /tmp/icst-2019/september-2018/dataset/core_parent/pdp-engine/src/main/java/org/ow2/authzforce/core/pdp/impl/func/NumericArithmeticFunction.java
[INFO] /tmp/icst-2019/september-2018/dataset/core/pdp-engine/src/main/java/org/ow2/authzforce/core/pdp/impl/func/NumericArithmeticFunction.java
[INFO] /tmp/icst-2019/september-2018/dataset/core_parent/pdp-engine/src/main/java/org/ow2/authzforce/core/pdp/impl/func/StandardHigherOrderBagFunctions.java
[INFO] /tmp/icst-2019/september-2018/dataset/core/pdp-engine/src/main/java/org/ow2/authzforce/core/pdp/impl/func/StandardHigherOrderBagFunctions.java
[info] org.ow2.authzforce.core.pdp.impl.func.StandardHigherOrderBagFunctions:191 is modified.
[info] org.ow2.authzforce.core.pdp.impl.func.StandardHigherOrderBagFunctions:305 is modified.
[info] org.ow2.authzforce.core.pdp.impl.func.StandardHigherOrderBagFunctions:306 is modified.
[info] org.ow2.authzforce.core.pdp.impl.func.StandardHigherOrderBagFunctions:307 is modified.
[info] org.ow2.authzforce.core.pdp.impl.func.StandardHigherOrderBagFunctions:308 is modified.
[info] org.ow2.authzforce.core.pdp.impl.func.StandardHigherOrderBagFunctions:320 is modified.
[info] org.ow2.authzforce.core.pdp.impl.func.StandardHigherOrderBagFunctions:365 is modified.
[info] org.ow2.authzforce.core.pdp.impl.func.StandardHigherOrderBagFunctions:212 is modified.
[info] org.ow2.authzforce.core.pdp.impl.func.StandardHigherOrderBagFunctions:216 is modified.
[info] org.ow2.authzforce.core.pdp.impl.func.StandardHigherOrderBagFunctions:217 is modified.
[info] org.ow2.authzforce.core.pdp.impl.func.StandardHigherOrderBagFunctions:221 is modified.
[info] org.ow2.authzforce.core.pdp.impl.func.StandardHigherOrderBagFunctions:227 is modified.
[info] org.ow2.authzforce.core.pdp.impl.func.StandardHigherOrderBagFunctions:229 is modified.
[info] org.ow2.authzforce.core.pdp.impl.func.StandardHigherOrderBagFunctions:230 is modified.
[info] org.ow2.authzforce.core.pdp.impl.func.StandardHigherOrderBagFunctions:236 is modified.
[info] org.ow2.authzforce.core.pdp.impl.func.StandardHigherOrderBagFunctions:249 is modified.
[info] org.ow2.authzforce.core.pdp.impl.func.StandardHigherOrderBagFunctions:311 is modified.
[info] org.ow2.authzforce.core.pdp.impl.func.StandardHigherOrderBagFunctions:315 is modified.
[info] org.ow2.authzforce.core.pdp.impl.func.StandardHigherOrderBagFunctions:320 is modified.
[info] org.ow2.authzforce.core.pdp.impl.func.StandardHigherOrderBagFunctions:314 is modified.
[info] org.ow2.authzforce.core.pdp.impl.func.StandardHigherOrderBagFunctions:315 is modified.
[info] org.ow2.authzforce.core.pdp.impl.func.StandardHigherOrderBagFunctions:324 is modified.
[info] org.ow2.authzforce.core.pdp.impl.func.StandardHigherOrderBagFunctions:312 is modified.
[info] org.ow2.authzforce.core.pdp.impl.func.StandardHigherOrderBagFunctions:343 is modified.
[info] org.ow2.authzforce.core.pdp.impl.func.StandardHigherOrderBagFunctions:212 is modified.
[info] org.ow2.authzforce.core.pdp.impl.func.StandardHigherOrderBagFunctions:208 is modified.
[info] org.ow2.authzforce.core.pdp.impl.func.StandardHigherOrderBagFunctions:249 is modified.
[info] org.ow2.authzforce.core.pdp.impl.func.StandardHigherOrderBagFunctions:228 is modified.
[info] org.ow2.authzforce.core.pdp.impl.func.StandardHigherOrderBagFunctions:229 is modified.
[info] org.ow2.authzforce.core.pdp.impl.func.StandardHigherOrderBagFunctions:230 is modified.
[info] org.ow2.authzforce.core.pdp.impl.func.StandardHigherOrderBagFunctions:232 is modified.
[info] org.ow2.authzforce.core.pdp.impl.func.StandardHigherOrderBagFunctions:233 is modified.
[info] org.ow2.authzforce.core.pdp.impl.func.StandardHigherOrderBagFunctions:236 is modified.
[info] org.ow2.authzforce.core.pdp.impl.func.StandardHigherOrderBagFunctions:302 is modified.
[info] org.ow2.authzforce.core.pdp.impl.func.StandardHigherOrderBagFunctions:315 is modified.
[info] org.ow2.authzforce.core.pdp.impl.func.StandardHigherOrderBagFunctions:320 is modified.
[info] org.ow2.authzforce.core.pdp.impl.func.StandardHigherOrderBagFunctions:381 is modified.
[info] org.ow2.authzforce.core.pdp.impl.func.StandardHigherOrderBagFunctions:208 is modified.
[info] org.ow2.authzforce.core.pdp.impl.func.StandardHigherOrderBagFunctions:216 is modified.
[info] org.ow2.authzforce.core.pdp.impl.func.StandardHigherOrderBagFunctions:221 is modified.
[info] org.ow2.authzforce.core.pdp.impl.func.StandardHigherOrderBagFunctions:230 is modified.
[info] org.ow2.authzforce.core.pdp.impl.func.StandardHigherOrderBagFunctions:232 is modified.
[info] org.ow2.authzforce.core.pdp.impl.func.StandardHigherOrderBagFunctions:320 is modified.
[info] org.ow2.authzforce.core.pdp.impl.func.StandardHigherOrderBagFunctions:329 is modified.
[info] org.ow2.authzforce.core.pdp.impl.func.StandardHigherOrderBagFunctions:347 is modified.
[info] org.ow2.authzforce.core.pdp.impl.func.StandardHigherOrderBagFunctions:358 is modified.
[info] org.ow2.authzforce.core.pdp.impl.func.StandardHigherOrderBagFunctions:407 is modified.
[info] org.ow2.authzforce.core.pdp.impl.func.StandardHigherOrderBagFunctions:230 is modified.
[info] org.ow2.authzforce.core.pdp.impl.func.StandardHigherOrderBagFunctions:330 is modified.
[info] org.ow2.authzforce.core.pdp.impl.func.StandardHigherOrderBagFunctions:319 is modified.
[info] org.ow2.authzforce.core.pdp.impl.func.StandardHigherOrderBagFunctions:334 is modified.
[info] org.ow2.authzforce.core.pdp.impl.func.StandardHigherOrderBagFunctions:340 is modified.
[info] org.ow2.authzforce.core.pdp.impl.func.StandardHigherOrderBagFunctions:199 is modified.
[info] org.ow2.authzforce.core.pdp.impl.func.StandardHigherOrderBagFunctions:226 is modified.
[info] org.ow2.authzforce.core.pdp.impl.func.StandardHigherOrderBagFunctions:226 is modified.
[info] org.ow2.authzforce.core.pdp.impl.func.StandardHigherOrderBagFunctions:302 is modified.
[info] org.ow2.authzforce.core.pdp.impl.func.StandardHigherOrderBagFunctions:302 is modified.
[info] org.ow2.authzforce.core.pdp.impl.func.StandardHigherOrderBagFunctions:311 is modified.
[info] org.ow2.authzforce.core.pdp.impl.func.StandardHigherOrderBagFunctions:311 is modified.
[info] org.ow2.authzforce.core.pdp.impl.func.StandardHigherOrderBagFunctions:313 is modified.
[info] org.ow2.authzforce.core.pdp.impl.func.StandardHigherOrderBagFunctions:313 is modified.
[info] org.ow2.authzforce.core.pdp.impl.func.StandardHigherOrderBagFunctions:319 is modified.
[info] org.ow2.authzforce.core.pdp.impl.func.StandardHigherOrderBagFunctions:325 is modified.
[info] org.ow2.authzforce.core.pdp.impl.func.StandardHigherOrderBagFunctions:330 is modified.
[info] org.ow2.authzforce.core.pdp.impl.func.StandardHigherOrderBagFunctions:330 is modified.
[info] org.ow2.authzforce.core.pdp.impl.func.StandardHigherOrderBagFunctions:339 is modified.
[info] org.ow2.authzforce.core.pdp.impl.func.StandardHigherOrderBagFunctions:316 is modified.
[info] org.ow2.authzforce.core.pdp.impl.func.StandardHigherOrderBagFunctions:309 is modified.
[info] org.ow2.authzforce.core.pdp.impl.func.StandardHigherOrderBagFunctions:447 covered.
[info] org.ow2.authzforce.core.pdp.impl.func.StandardHigherOrderBagFunctions:249 covered.
[info] org.ow2.authzforce.core.pdp.impl.func.StandardHigherOrderBagFunctions:252 covered.
[info] org.ow2.authzforce.core.pdp.impl.func.StandardHigherOrderBagFunctions:259 covered.
[INFO] /tmp/icst-2019/september-2018/dataset/core_parent/pdp-engine/src/main/java/org/ow2/authzforce/core/pdp/impl/func/SubstringFunction.java
[INFO] /tmp/icst-2019/september-2018/dataset/core/pdp-engine/src/main/java/org/ow2/authzforce/core/pdp/impl/func/SubstringFunction.java
[info] org.ow2.authzforce.core.pdp.impl.func.SubstringFunction:152 is modified.
[info] org.ow2.authzforce.core.pdp.impl.func.SubstringFunction:163 is modified.
[info] org.ow2.authzforce.core.pdp.impl.func.SubstringFunction:172 is modified.
[info] org.ow2.authzforce.core.pdp.impl.func.SubstringFunction:199 is modified.
[info] org.ow2.authzforce.core.pdp.impl.func.SubstringFunction:152 is modified.
[info] org.ow2.authzforce.core.pdp.impl.func.SubstringFunction:163 is modified.
[info] org.ow2.authzforce.core.pdp.impl.func.SubstringFunction:172 is modified.
[info] org.ow2.authzforce.core.pdp.impl.func.SubstringFunction:199 is modified.
[info] org.ow2.authzforce.core.pdp.impl.func.SubstringFunction:152 is modified.
[info] org.ow2.authzforce.core.pdp.impl.func.SubstringFunction:158 is modified.
[info] org.ow2.authzforce.core.pdp.impl.func.SubstringFunction:163 is modified.
[info] org.ow2.authzforce.core.pdp.impl.func.SubstringFunction:165 is modified.
[info] org.ow2.authzforce.core.pdp.impl.func.SubstringFunction:172 is modified.
[info] org.ow2.authzforce.core.pdp.impl.func.SubstringFunction:174 is modified.
[info] org.ow2.authzforce.core.pdp.impl.func.SubstringFunction:199 is modified.
[info] org.ow2.authzforce.core.pdp.impl.func.SubstringFunction:201 is modified.
[info] org.ow2.authzforce.core.pdp.impl.func.SubstringFunction:165 is modified.
[info] org.ow2.authzforce.core.pdp.impl.func.SubstringFunction:174 is modified.
[info] org.ow2.authzforce.core.pdp.impl.func.SubstringFunction:201 is modified.
[info] org.ow2.authzforce.core.pdp.impl.func.SubstringFunction:160 is modified.
[INFO] /tmp/icst-2019/september-2018/dataset/core_parent/pdp-engine/src/test/java/org/ow2/authzforce/core/pdp/impl/test/func/HigherOrderFunctionsTest.java
[INFO] /tmp/icst-2019/september-2018/dataset/core/pdp-engine/src/test/java/org/ow2/authzforce/core/pdp/impl/test/func/HigherOrderFunctionsTest.java
[info] org.ow2.authzforce.core.pdp.impl.test.func.HigherOrderFunctionsTest:155 is modified.
[info] org.ow2.authzforce.core.pdp.impl.test.func.HigherOrderFunctionsTest:160 is modified.
[info] org.ow2.authzforce.core.pdp.impl.test.func.HigherOrderFunctionsTest:155 is modified.
[info] org.ow2.authzforce.core.pdp.impl.test.func.HigherOrderFunctionsTest:155 is modified.
[info] org.ow2.authzforce.core.pdp.impl.test.func.HigherOrderFunctionsTest:155 is modified.
[info] org.ow2.authzforce.core.pdp.impl.test.func.HigherOrderFunctionsTest:160 is modified.
[info] org.ow2.authzforce.core.pdp.impl.test.func.HigherOrderFunctionsTest:161 is modified.
[info] org.ow2.authzforce.core.pdp.impl.test.func.HigherOrderFunctionsTest:161 is modified.
[info] org.ow2.authzforce.core.pdp.impl.test.func.HigherOrderFunctionsTest:155 is modified.
[info] org.ow2.authzforce.core.pdp.impl.test.func.HigherOrderFunctionsTest:160 is modified.
[info] org.ow2.authzforce.core.pdp.impl.test.func.HigherOrderFunctionsTest:161 is modified.
[info] org.ow2.authzforce.core.pdp.impl.test.func.HigherOrderFunctionsTest:155 is modified.
[info] org.ow2.authzforce.core.pdp.impl.test.func.HigherOrderFunctionsTest:155 is modified.
[info] org.ow2.authzforce.core.pdp.impl.test.func.HigherOrderFunctionsTest:160 is modified.
[info] org.ow2.authzforce.core.pdp.impl.test.func.HigherOrderFunctionsTest:160 is modified.
[info] org.ow2.authzforce.core.pdp.impl.test.func.HigherOrderFunctionsTest:161 is modified.
[info] org.ow2.authzforce.core.pdp.impl.test.func.HigherOrderFunctionsTest:161 is modified.
[INFO] /tmp/icst-2019/september-2018/dataset/core_parent/pdp-engine/src/test/java/org/ow2/authzforce/core/pdp/impl/test/func/StandardFunctionTest.java
[INFO] /tmp/icst-2019/september-2018/dataset/core/pdp-engine/src/test/java/org/ow2/authzforce/core/pdp/impl/test/func/StandardFunctionTest.java
[info] org.ow2.authzforce.core.pdp.impl.test.func.StandardFunctionTest:148 is modified.
[info] org.ow2.authzforce.core.pdp.impl.test.func.StandardFunctionTest:148 is modified.
[info] org.ow2.authzforce.core.pdp.impl.test.func.StandardFunctionTest:150 is modified.
[info] org.ow2.authzforce.core.pdp.impl.test.func.StandardFunctionTest:150 is modified.
[info] org.ow2.authzforce.core.pdp.impl.test.func.StandardFunctionTest:316 is modified.
[info] org.ow2.authzforce.core.pdp.impl.test.func.StandardFunctionTest:325 is modified.
[info] org.ow2.authzforce.core.pdp.impl.test.func.StandardFunctionTest:324 is modified.
[info] org.ow2.authzforce.core.pdp.impl.test.func.StandardFunctionTest:324 covered.
[info] org.ow2.authzforce.core.pdp.impl.test.func.StandardFunctionTest:314 covered.
[info] org.ow2.authzforce.core.pdp.impl.test.func.StandardFunctionTest:316 covered.
[INFO] Saving result in /tmp/icst-2019/september-2018/result/core/commit_2_caff5b7/parent_coverage_testsThatExecuteTheChanges.csv ...
[INFO] org.ow2.authzforce.core.pdp.impl.test.func.HigherOrderFunctionsTest;testEvaluate
org.ow2.authzforce.core.pdp.impl.test.func.LogicalFunctionsTest;testEvaluate
org.ow2.authzforce.core.pdp.impl.test.func.NumericArithmeticFunctionsTest;testEvaluate
org.ow2.authzforce.core.pdp.impl.test.func.StringFunctionsTest;testEvaluate
org.ow2.authzforce.core.pdp.impl.test.func.NumericConversionFunctionsTest;testEvaluate
org.ow2.authzforce.core.pdp.impl.test.func.SpecialMatchFunctionsTest;testEvaluate
org.ow2.authzforce.core.pdp.impl.test.func.StringConversionFunctionsTest;testEvaluate
org.ow2.authzforce.core.pdp.impl.test.func.DateTimeArithmeticFunctionsTest;testEvaluate
org.ow2.authzforce.core.pdp.impl.test.func.NonNumericComparisonFunctionsTest;testEvaluate
org.ow2.authzforce.core.pdp.impl.test.func.BagFunctionsTest;testEvaluate
org.ow2.authzforce.core.pdp.impl.test.func.SetFunctionsTest;testEvaluate
org.ow2.authzforce.core.pdp.impl.test.func.EqualityFunctionsTest;testEvaluate
org.ow2.authzforce.core.pdp.impl.test.func.RegExpBasedFunctionsTest;testEvaluate
org.ow2.authzforce.core.pdp.impl.test.func.NumericComparisonFunctionsTest;testEvaluate
[INFO] Writing Coverage in /tmp/icst-2019/september-2018/result/core/commit_2_caff5b7/parent_coverage_testsThatExecuteTheChanges_coverage.csv
[INFO] org.ow2.authzforce.core.pdp.impl.func.MapFunctionFactory;4;13

[INFO] org.ow2.authzforce.core.pdp.impl.func.StandardHigherOrderBagFunctions;4;43

[INFO] org.ow2.authzforce.core.pdp.impl.test.func.StandardFunctionTest;3;5

[INFO] total;11;61

[INFO] ------------------------------------------------------------------------
[INFO] BUILD SUCCESS
[INFO] ------------------------------------------------------------------------
[INFO] Total time: 30.508 s
[INFO] Finished at: 2018-09-29T13:29:16+02:00
[INFO] ------------------------------------------------------------------------
