DSpot encountered 18 error(s) during amplification.
Could not find any test class that match the given regular expression.
Your input:
	com.github.mustachejavabenchmarks.simple.SimpleJsonInterpreterTest
Something bad happened during assertion amplification
java.lang.NullPointerException
	at spoon.support.reflect.reference.CtTypeReferenceImpl.isInSamePackage(CtTypeReferenceImpl.java:661)
	at spoon.support.reflect.reference.CtTypeReferenceImpl.canAccess(CtTypeReferenceImpl.java:609)
	at spoon.support.reflect.reference.CtTypeReferenceImpl.getAccessType(CtTypeReferenceImpl.java:687)
	at spoon.reflect.visitor.ImportScannerImpl.visitCtTypeReference(ImportScannerImpl.java:126)
	at spoon.support.reflect.reference.CtTypeReferenceImpl.accept(CtTypeReferenceImpl.java:82)
	at spoon.reflect.visitor.ImportScannerImpl.scan(ImportScannerImpl.java:148)
	at spoon.reflect.visitor.ImportScannerImpl.visitCtExecutableReference(ImportScannerImpl.java:113)
	at spoon.support.reflect.reference.CtExecutableReferenceImpl.accept(CtExecutableReferenceImpl.java:86)
	at spoon.reflect.visitor.ImportScannerImpl.scan(ImportScannerImpl.java:148)
	at spoon.reflect.visitor.CtScanner.scan(CtScanner.java:176)
	at spoon.reflect.visitor.CtScanner.visitCtNewClass(CtScanner.java:604)
	at spoon.support.reflect.code.CtNewClassImpl.accept(CtNewClassImpl.java:34)
	at spoon.reflect.visitor.ImportScannerImpl.scan(ImportScannerImpl.java:148)
	at spoon.reflect.visitor.CtScanner.scan(CtScanner.java:176)
	at spoon.reflect.visitor.CtScanner.visitCtField(CtScanner.java:419)
	at spoon.support.reflect.declaration.CtFieldImpl.accept(CtFieldImpl.java:61)
	at spoon.reflect.visitor.ImportScannerImpl.scan(ImportScannerImpl.java:148)
	at spoon.reflect.visitor.CtScanner.scan(CtScanner.java:176)
	at spoon.reflect.visitor.CtScanner.scan(CtScanner.java:150)
	at spoon.reflect.visitor.CtScanner.visitCtClass(CtScanner.java:341)
	at spoon.reflect.visitor.ImportScannerImpl.visitCtClass(ImportScannerImpl.java:258)
	at spoon.support.reflect.declaration.CtClassImpl.accept(CtClassImpl.java:67)
	at spoon.reflect.visitor.ImportScannerImpl.scan(ImportScannerImpl.java:148)
	at spoon.reflect.visitor.CtScanner.scan(CtScanner.java:176)
	at spoon.reflect.visitor.CtScanner.visitCtNewClass(CtScanner.java:607)
	at spoon.support.reflect.code.CtNewClassImpl.accept(CtNewClassImpl.java:34)
	at spoon.reflect.visitor.ImportScannerImpl.scan(ImportScannerImpl.java:148)
	at spoon.reflect.visitor.CtScanner.scan(CtScanner.java:176)
	at spoon.reflect.visitor.CtScanner.scan(CtScanner.java:150)
	at spoon.reflect.visitor.CtScanner.scan(CtScanner.java:169)
	at spoon.reflect.visitor.ImportScannerImpl.visitCtInvocation(ImportScannerImpl.java:277)
	at spoon.support.reflect.code.CtInvocationImpl.accept(CtInvocationImpl.java:55)
	at spoon.reflect.visitor.ImportScannerImpl.scan(ImportScannerImpl.java:148)
	at spoon.reflect.visitor.ImportScannerImpl.visitCtInvocation(ImportScannerImpl.java:274)
	at spoon.support.reflect.code.CtInvocationImpl.accept(CtInvocationImpl.java:55)
	at spoon.reflect.visitor.ImportScannerImpl.scan(ImportScannerImpl.java:148)
	at spoon.reflect.visitor.CtScanner.scan(CtScanner.java:176)
	at spoon.reflect.visitor.CtScanner.scan(CtScanner.java:150)
	at spoon.reflect.visitor.CtScanner.visitCtBlock(CtScanner.java:305)
	at spoon.support.reflect.code.CtBlockImpl.accept(CtBlockImpl.java:67)
	at spoon.reflect.visitor.ImportScannerImpl.scan(ImportScannerImpl.java:148)
	at spoon.reflect.visitor.ImportScannerImpl.computeImports(ImportScannerImpl.java:315)
	at spoon.support.reflect.declaration.CtElementImpl.toString(CtElementImpl.java:294)
	at eu.stamp_project.dspot.assertgenerator.MethodsAssertGenerator.buildTestWithAssert(MethodsAssertGenerator.java:166)
	at eu.stamp_project.dspot.assertgenerator.MethodsAssertGenerator.lambda$addAssertions$4(MethodsAssertGenerator.java:136)
	at java.util.stream.ReferencePipeline$3$1.accept(ReferencePipeline.java:193)
	at java.util.ArrayList$ArrayListSpliterator.forEachRemaining(ArrayList.java:1382)
	at java.util.stream.AbstractPipeline.copyInto(AbstractPipeline.java:482)
	at java.util.stream.AbstractPipeline.wrapAndCopyInto(AbstractPipeline.java:472)
	at java.util.stream.ReduceOps$ReduceOp.evaluateSequential(ReduceOps.java:708)
	at java.util.stream.AbstractPipeline.evaluate(AbstractPipeline.java:234)
	at java.util.stream.ReferencePipeline.collect(ReferencePipeline.java:499)
	at eu.stamp_project.dspot.assertgenerator.MethodsAssertGenerator.addAssertions(MethodsAssertGenerator.java:137)
	at eu.stamp_project.dspot.assertgenerator.AssertGenerator.innerAssertionAmplification(AssertGenerator.java:136)
	at eu.stamp_project.dspot.assertgenerator.AssertGenerator.assertionAmplification(AssertGenerator.java:76)
	at eu.stamp_project.dspot.Amplification.assertionsAmplification(Amplification.java:214)
	at eu.stamp_project.dspot.Amplification.amplification(Amplification.java:108)
	at eu.stamp_project.dspot.DSpot._amplify(DSpot.java:274)
	at eu.stamp_project.dspot.DSpot.lambda$amplifyTestClassesTestMethods$5(DSpot.java:255)
	at java.util.stream.ReferencePipeline$3$1.accept(ReferencePipeline.java:193)
	at java.util.ArrayList$ArrayListSpliterator.forEachRemaining(ArrayList.java:1382)
	at java.util.stream.AbstractPipeline.copyInto(AbstractPipeline.java:482)
	at java.util.stream.AbstractPipeline.wrapAndCopyInto(AbstractPipeline.java:472)
	at java.util.stream.ReduceOps$ReduceOp.evaluateSequential(ReduceOps.java:708)
	at java.util.stream.AbstractPipeline.evaluate(AbstractPipeline.java:234)
	at java.util.stream.ReferencePipeline.collect(ReferencePipeline.java:499)
	at eu.stamp_project.dspot.DSpot.amplifyTestClassesTestMethods(DSpot.java:256)
	at eu.stamp_project.Main.run(Main.java:65)
	at eu.stamp_project.DSpotMojo.execute(DSpotMojo.java:311)
	at org.apache.maven.plugin.DefaultBuildPluginManager.executeMojo(DefaultBuildPluginManager.java:134)
	at org.apache.maven.lifecycle.internal.MojoExecutor.execute(MojoExecutor.java:207)
	at org.apache.maven.lifecycle.internal.MojoExecutor.execute(MojoExecutor.java:153)
	at org.apache.maven.lifecycle.internal.MojoExecutor.execute(MojoExecutor.java:145)
	at org.apache.maven.lifecycle.internal.LifecycleModuleBuilder.buildProject(LifecycleModuleBuilder.java:116)
	at org.apache.maven.lifecycle.internal.LifecycleModuleBuilder.buildProject(LifecycleModuleBuilder.java:80)
	at org.apache.maven.lifecycle.internal.builder.singlethreaded.SingleThreadedBuilder.build(SingleThreadedBuilder.java:51)
	at org.apache.maven.lifecycle.internal.LifecycleStarter.execute(LifecycleStarter.java:128)
	at org.apache.maven.DefaultMaven.doExecute(DefaultMaven.java:307)
	at org.apache.maven.DefaultMaven.doExecute(DefaultMaven.java:193)
	at org.apache.maven.DefaultMaven.execute(DefaultMaven.java:106)
	at org.apache.maven.cli.MavenCli.execute(MavenCli.java:863)
	at org.apache.maven.cli.MavenCli.doMain(MavenCli.java:288)
	at org.apache.maven.cli.MavenCli.main(MavenCli.java:199)
	at sun.reflect.NativeMethodAccessorImpl.invoke0(Native Method)
	at sun.reflect.NativeMethodAccessorImpl.invoke(NativeMethodAccessorImpl.java:62)
	at sun.reflect.DelegatingMethodAccessorImpl.invoke(DelegatingMethodAccessorImpl.java:43)
	at java.lang.reflect.Method.invoke(Method.java:498)
	at org.codehaus.plexus.classworlds.launcher.Launcher.launchEnhanced(Launcher.java:289)
	at org.codehaus.plexus.classworlds.launcher.Launcher.launch(Launcher.java:229)
	at org.codehaus.plexus.classworlds.launcher.Launcher.mainWithExitCode(Launcher.java:415)
	at org.codehaus.plexus.classworlds.launcher.Launcher.main(Launcher.java:356)

Something bad happened during assertion amplification
java.lang.NullPointerException
	at spoon.support.reflect.reference.CtTypeReferenceImpl.isInSamePackage(CtTypeReferenceImpl.java:661)
	at spoon.support.reflect.reference.CtTypeReferenceImpl.canAccess(CtTypeReferenceImpl.java:609)
	at spoon.support.reflect.reference.CtTypeReferenceImpl.getAccessType(CtTypeReferenceImpl.java:687)
	at spoon.reflect.visitor.ImportScannerImpl.visitCtTypeReference(ImportScannerImpl.java:126)
	at spoon.support.reflect.reference.CtTypeReferenceImpl.accept(CtTypeReferenceImpl.java:82)
	at spoon.reflect.visitor.ImportScannerImpl.scan(ImportScannerImpl.java:148)
	at spoon.reflect.visitor.ImportScannerImpl.visitCtExecutableReference(ImportScannerImpl.java:113)
	at spoon.support.reflect.reference.CtExecutableReferenceImpl.accept(CtExecutableReferenceImpl.java:86)
	at spoon.reflect.visitor.ImportScannerImpl.scan(ImportScannerImpl.java:148)
	at spoon.reflect.visitor.CtScanner.scan(CtScanner.java:176)
	at spoon.reflect.visitor.CtScanner.visitCtNewClass(CtScanner.java:604)
	at spoon.support.reflect.code.CtNewClassImpl.accept(CtNewClassImpl.java:34)
	at spoon.reflect.visitor.ImportScannerImpl.scan(ImportScannerImpl.java:148)
	at spoon.reflect.visitor.CtScanner.scan(CtScanner.java:176)
	at spoon.reflect.visitor.CtScanner.visitCtField(CtScanner.java:419)
	at spoon.support.reflect.declaration.CtFieldImpl.accept(CtFieldImpl.java:61)
	at spoon.reflect.visitor.ImportScannerImpl.scan(ImportScannerImpl.java:148)
	at spoon.reflect.visitor.CtScanner.scan(CtScanner.java:176)
	at spoon.reflect.visitor.CtScanner.scan(CtScanner.java:150)
	at spoon.reflect.visitor.CtScanner.visitCtClass(CtScanner.java:341)
	at spoon.reflect.visitor.ImportScannerImpl.visitCtClass(ImportScannerImpl.java:258)
	at spoon.support.reflect.declaration.CtClassImpl.accept(CtClassImpl.java:67)
	at spoon.reflect.visitor.ImportScannerImpl.scan(ImportScannerImpl.java:148)
	at spoon.reflect.visitor.CtScanner.scan(CtScanner.java:176)
	at spoon.reflect.visitor.CtScanner.visitCtNewClass(CtScanner.java:607)
	at spoon.support.reflect.code.CtNewClassImpl.accept(CtNewClassImpl.java:34)
	at spoon.reflect.visitor.ImportScannerImpl.scan(ImportScannerImpl.java:148)
	at spoon.reflect.visitor.CtScanner.scan(CtScanner.java:176)
	at spoon.reflect.visitor.CtScanner.scan(CtScanner.java:150)
	at spoon.reflect.visitor.CtScanner.scan(CtScanner.java:169)
	at spoon.reflect.visitor.ImportScannerImpl.visitCtInvocation(ImportScannerImpl.java:277)
	at spoon.support.reflect.code.CtInvocationImpl.accept(CtInvocationImpl.java:55)
	at spoon.reflect.visitor.ImportScannerImpl.scan(ImportScannerImpl.java:148)
	at spoon.reflect.visitor.ImportScannerImpl.visitCtInvocation(ImportScannerImpl.java:274)
	at spoon.support.reflect.code.CtInvocationImpl.accept(CtInvocationImpl.java:55)
	at spoon.reflect.visitor.ImportScannerImpl.scan(ImportScannerImpl.java:148)
	at spoon.reflect.visitor.CtScanner.scan(CtScanner.java:176)
	at spoon.reflect.visitor.CtScanner.scan(CtScanner.java:150)
	at spoon.reflect.visitor.CtScanner.visitCtBlock(CtScanner.java:305)
	at spoon.support.reflect.code.CtBlockImpl.accept(CtBlockImpl.java:67)
	at spoon.reflect.visitor.ImportScannerImpl.scan(ImportScannerImpl.java:148)
	at spoon.reflect.visitor.ImportScannerImpl.computeImports(ImportScannerImpl.java:315)
	at spoon.support.reflect.declaration.CtElementImpl.toString(CtElementImpl.java:294)
	at eu.stamp_project.dspot.assertgenerator.MethodsAssertGenerator.buildTestWithAssert(MethodsAssertGenerator.java:166)
	at eu.stamp_project.dspot.assertgenerator.MethodsAssertGenerator.lambda$addAssertions$4(MethodsAssertGenerator.java:136)
	at java.util.stream.ReferencePipeline$3$1.accept(ReferencePipeline.java:193)
	at java.util.ArrayList$ArrayListSpliterator.forEachRemaining(ArrayList.java:1382)
	at java.util.stream.AbstractPipeline.copyInto(AbstractPipeline.java:482)
	at java.util.stream.AbstractPipeline.wrapAndCopyInto(AbstractPipeline.java:472)
	at java.util.stream.ReduceOps$ReduceOp.evaluateSequential(ReduceOps.java:708)
	at java.util.stream.AbstractPipeline.evaluate(AbstractPipeline.java:234)
	at java.util.stream.ReferencePipeline.collect(ReferencePipeline.java:499)
	at eu.stamp_project.dspot.assertgenerator.MethodsAssertGenerator.addAssertions(MethodsAssertGenerator.java:137)
	at eu.stamp_project.dspot.assertgenerator.AssertGenerator.innerAssertionAmplification(AssertGenerator.java:136)
	at eu.stamp_project.dspot.assertgenerator.AssertGenerator.assertionAmplification(AssertGenerator.java:76)
	at eu.stamp_project.dspot.Amplification.assertionsAmplification(Amplification.java:214)
	at eu.stamp_project.dspot.Amplification.amplification(Amplification.java:186)
	at eu.stamp_project.dspot.Amplification.amplification(Amplification.java:131)
	at eu.stamp_project.dspot.DSpot._amplify(DSpot.java:274)
	at eu.stamp_project.dspot.DSpot.lambda$amplifyTestClassesTestMethods$5(DSpot.java:255)
	at java.util.stream.ReferencePipeline$3$1.accept(ReferencePipeline.java:193)
	at java.util.ArrayList$ArrayListSpliterator.forEachRemaining(ArrayList.java:1382)
	at java.util.stream.AbstractPipeline.copyInto(AbstractPipeline.java:482)
	at java.util.stream.AbstractPipeline.wrapAndCopyInto(AbstractPipeline.java:472)
	at java.util.stream.ReduceOps$ReduceOp.evaluateSequential(ReduceOps.java:708)
	at java.util.stream.AbstractPipeline.evaluate(AbstractPipeline.java:234)
	at java.util.stream.ReferencePipeline.collect(ReferencePipeline.java:499)
	at eu.stamp_project.dspot.DSpot.amplifyTestClassesTestMethods(DSpot.java:256)
	at eu.stamp_project.Main.run(Main.java:65)
	at eu.stamp_project.DSpotMojo.execute(DSpotMojo.java:311)
	at org.apache.maven.plugin.DefaultBuildPluginManager.executeMojo(DefaultBuildPluginManager.java:134)
	at org.apache.maven.lifecycle.internal.MojoExecutor.execute(MojoExecutor.java:207)
	at org.apache.maven.lifecycle.internal.MojoExecutor.execute(MojoExecutor.java:153)
	at org.apache.maven.lifecycle.internal.MojoExecutor.execute(MojoExecutor.java:145)
	at org.apache.maven.lifecycle.internal.LifecycleModuleBuilder.buildProject(LifecycleModuleBuilder.java:116)
	at org.apache.maven.lifecycle.internal.LifecycleModuleBuilder.buildProject(LifecycleModuleBuilder.java:80)
	at org.apache.maven.lifecycle.internal.builder.singlethreaded.SingleThreadedBuilder.build(SingleThreadedBuilder.java:51)
	at org.apache.maven.lifecycle.internal.LifecycleStarter.execute(LifecycleStarter.java:128)
	at org.apache.maven.DefaultMaven.doExecute(DefaultMaven.java:307)
	at org.apache.maven.DefaultMaven.doExecute(DefaultMaven.java:193)
	at org.apache.maven.DefaultMaven.execute(DefaultMaven.java:106)
	at org.apache.maven.cli.MavenCli.execute(MavenCli.java:863)
	at org.apache.maven.cli.MavenCli.doMain(MavenCli.java:288)
	at org.apache.maven.cli.MavenCli.main(MavenCli.java:199)
	at sun.reflect.NativeMethodAccessorImpl.invoke0(Native Method)
	at sun.reflect.NativeMethodAccessorImpl.invoke(NativeMethodAccessorImpl.java:62)
	at sun.reflect.DelegatingMethodAccessorImpl.invoke(DelegatingMethodAccessorImpl.java:43)
	at java.lang.reflect.Method.invoke(Method.java:498)
	at org.codehaus.plexus.classworlds.launcher.Launcher.launchEnhanced(Launcher.java:289)
	at org.codehaus.plexus.classworlds.launcher.Launcher.launch(Launcher.java:229)
	at org.codehaus.plexus.classworlds.launcher.Launcher.mainWithExitCode(Launcher.java:415)
	at org.codehaus.plexus.classworlds.launcher.Launcher.main(Launcher.java:356)

Something bad happened during assertion amplification
java.lang.NullPointerException
	at spoon.support.reflect.reference.CtTypeReferenceImpl.isInSamePackage(CtTypeReferenceImpl.java:661)
	at spoon.support.reflect.reference.CtTypeReferenceImpl.canAccess(CtTypeReferenceImpl.java:609)
	at spoon.support.reflect.reference.CtTypeReferenceImpl.getAccessType(CtTypeReferenceImpl.java:687)
	at spoon.reflect.visitor.ImportScannerImpl.visitCtTypeReference(ImportScannerImpl.java:126)
	at spoon.support.reflect.reference.CtTypeReferenceImpl.accept(CtTypeReferenceImpl.java:82)
	at spoon.reflect.visitor.ImportScannerImpl.scan(ImportScannerImpl.java:148)
	at spoon.reflect.visitor.ImportScannerImpl.visitCtExecutableReference(ImportScannerImpl.java:113)
	at spoon.support.reflect.reference.CtExecutableReferenceImpl.accept(CtExecutableReferenceImpl.java:86)
	at spoon.reflect.visitor.ImportScannerImpl.scan(ImportScannerImpl.java:148)
	at spoon.reflect.visitor.CtScanner.scan(CtScanner.java:176)
	at spoon.reflect.visitor.CtScanner.visitCtNewClass(CtScanner.java:604)
	at spoon.support.reflect.code.CtNewClassImpl.accept(CtNewClassImpl.java:34)
	at spoon.reflect.visitor.ImportScannerImpl.scan(ImportScannerImpl.java:148)
	at spoon.reflect.visitor.CtScanner.scan(CtScanner.java:176)
	at spoon.reflect.visitor.CtScanner.visitCtField(CtScanner.java:419)
	at spoon.support.reflect.declaration.CtFieldImpl.accept(CtFieldImpl.java:61)
	at spoon.reflect.visitor.ImportScannerImpl.scan(ImportScannerImpl.java:148)
	at spoon.reflect.visitor.CtScanner.scan(CtScanner.java:176)
	at spoon.reflect.visitor.CtScanner.scan(CtScanner.java:150)
	at spoon.reflect.visitor.CtScanner.visitCtClass(CtScanner.java:341)
	at spoon.reflect.visitor.ImportScannerImpl.visitCtClass(ImportScannerImpl.java:258)
	at spoon.support.reflect.declaration.CtClassImpl.accept(CtClassImpl.java:67)
	at spoon.reflect.visitor.ImportScannerImpl.scan(ImportScannerImpl.java:148)
	at spoon.reflect.visitor.CtScanner.scan(CtScanner.java:176)
	at spoon.reflect.visitor.CtScanner.visitCtNewClass(CtScanner.java:607)
	at spoon.support.reflect.code.CtNewClassImpl.accept(CtNewClassImpl.java:34)
	at spoon.reflect.visitor.ImportScannerImpl.scan(ImportScannerImpl.java:148)
	at spoon.reflect.visitor.CtScanner.scan(CtScanner.java:176)
	at spoon.reflect.visitor.CtScanner.scan(CtScanner.java:150)
	at spoon.reflect.visitor.CtScanner.scan(CtScanner.java:169)
	at spoon.reflect.visitor.ImportScannerImpl.visitCtInvocation(ImportScannerImpl.java:277)
	at spoon.support.reflect.code.CtInvocationImpl.accept(CtInvocationImpl.java:55)
	at spoon.reflect.visitor.ImportScannerImpl.scan(ImportScannerImpl.java:148)
	at spoon.reflect.visitor.ImportScannerImpl.visitCtInvocation(ImportScannerImpl.java:274)
	at spoon.support.reflect.code.CtInvocationImpl.accept(CtInvocationImpl.java:55)
	at spoon.reflect.visitor.ImportScannerImpl.scan(ImportScannerImpl.java:148)
	at spoon.reflect.visitor.CtScanner.scan(CtScanner.java:176)
	at spoon.reflect.visitor.CtScanner.scan(CtScanner.java:150)
	at spoon.reflect.visitor.CtScanner.visitCtBlock(CtScanner.java:305)
	at spoon.support.reflect.code.CtBlockImpl.accept(CtBlockImpl.java:67)
	at spoon.reflect.visitor.ImportScannerImpl.scan(ImportScannerImpl.java:148)
	at spoon.reflect.visitor.ImportScannerImpl.computeImports(ImportScannerImpl.java:315)
	at spoon.support.reflect.declaration.CtElementImpl.toString(CtElementImpl.java:294)
	at eu.stamp_project.dspot.assertgenerator.MethodsAssertGenerator.buildTestWithAssert(MethodsAssertGenerator.java:166)
	at eu.stamp_project.dspot.assertgenerator.MethodsAssertGenerator.lambda$addAssertions$4(MethodsAssertGenerator.java:136)
	at java.util.stream.ReferencePipeline$3$1.accept(ReferencePipeline.java:193)
	at java.util.ArrayList$ArrayListSpliterator.forEachRemaining(ArrayList.java:1382)
	at java.util.stream.AbstractPipeline.copyInto(AbstractPipeline.java:482)
	at java.util.stream.AbstractPipeline.wrapAndCopyInto(AbstractPipeline.java:472)
	at java.util.stream.ReduceOps$ReduceOp.evaluateSequential(ReduceOps.java:708)
	at java.util.stream.AbstractPipeline.evaluate(AbstractPipeline.java:234)
	at java.util.stream.ReferencePipeline.collect(ReferencePipeline.java:499)
	at eu.stamp_project.dspot.assertgenerator.MethodsAssertGenerator.addAssertions(MethodsAssertGenerator.java:137)
	at eu.stamp_project.dspot.assertgenerator.AssertGenerator.innerAssertionAmplification(AssertGenerator.java:136)
	at eu.stamp_project.dspot.assertgenerator.AssertGenerator.assertionAmplification(AssertGenerator.java:76)
	at eu.stamp_project.dspot.Amplification.assertionsAmplification(Amplification.java:214)
	at eu.stamp_project.dspot.Amplification.amplification(Amplification.java:186)
	at eu.stamp_project.dspot.Amplification.amplification(Amplification.java:131)
	at eu.stamp_project.dspot.DSpot._amplify(DSpot.java:274)
	at eu.stamp_project.dspot.DSpot.lambda$amplifyTestClassesTestMethods$5(DSpot.java:255)
	at java.util.stream.ReferencePipeline$3$1.accept(ReferencePipeline.java:193)
	at java.util.ArrayList$ArrayListSpliterator.forEachRemaining(ArrayList.java:1382)
	at java.util.stream.AbstractPipeline.copyInto(AbstractPipeline.java:482)
	at java.util.stream.AbstractPipeline.wrapAndCopyInto(AbstractPipeline.java:472)
	at java.util.stream.ReduceOps$ReduceOp.evaluateSequential(ReduceOps.java:708)
	at java.util.stream.AbstractPipeline.evaluate(AbstractPipeline.java:234)
	at java.util.stream.ReferencePipeline.collect(ReferencePipeline.java:499)
	at eu.stamp_project.dspot.DSpot.amplifyTestClassesTestMethods(DSpot.java:256)
	at eu.stamp_project.Main.run(Main.java:65)
	at eu.stamp_project.DSpotMojo.execute(DSpotMojo.java:311)
	at org.apache.maven.plugin.DefaultBuildPluginManager.executeMojo(DefaultBuildPluginManager.java:134)
	at org.apache.maven.lifecycle.internal.MojoExecutor.execute(MojoExecutor.java:207)
	at org.apache.maven.lifecycle.internal.MojoExecutor.execute(MojoExecutor.java:153)
	at org.apache.maven.lifecycle.internal.MojoExecutor.execute(MojoExecutor.java:145)
	at org.apache.maven.lifecycle.internal.LifecycleModuleBuilder.buildProject(LifecycleModuleBuilder.java:116)
	at org.apache.maven.lifecycle.internal.LifecycleModuleBuilder.buildProject(LifecycleModuleBuilder.java:80)
	at org.apache.maven.lifecycle.internal.builder.singlethreaded.SingleThreadedBuilder.build(SingleThreadedBuilder.java:51)
	at org.apache.maven.lifecycle.internal.LifecycleStarter.execute(LifecycleStarter.java:128)
	at org.apache.maven.DefaultMaven.doExecute(DefaultMaven.java:307)
	at org.apache.maven.DefaultMaven.doExecute(DefaultMaven.java:193)
	at org.apache.maven.DefaultMaven.execute(DefaultMaven.java:106)
	at org.apache.maven.cli.MavenCli.execute(MavenCli.java:863)
	at org.apache.maven.cli.MavenCli.doMain(MavenCli.java:288)
	at org.apache.maven.cli.MavenCli.main(MavenCli.java:199)
	at sun.reflect.NativeMethodAccessorImpl.invoke0(Native Method)
	at sun.reflect.NativeMethodAccessorImpl.invoke(NativeMethodAccessorImpl.java:62)
	at sun.reflect.DelegatingMethodAccessorImpl.invoke(DelegatingMethodAccessorImpl.java:43)
	at java.lang.reflect.Method.invoke(Method.java:498)
	at org.codehaus.plexus.classworlds.launcher.Launcher.launchEnhanced(Launcher.java:289)
	at org.codehaus.plexus.classworlds.launcher.Launcher.launch(Launcher.java:229)
	at org.codehaus.plexus.classworlds.launcher.Launcher.mainWithExitCode(Launcher.java:415)
	at org.codehaus.plexus.classworlds.launcher.Launcher.main(Launcher.java:356)

Something bad happened during assertion amplification
java.lang.RuntimeException: Forked process did not finished correctly
	at eu.stamp_project.testrunner.EntryPoint.runGivenCommandLine(EntryPoint.java:417)
	at eu.stamp_project.testrunner.EntryPoint.runTests(EntryPoint.java:198)
	at eu.stamp_project.testrunner.EntryPoint.runTests(EntryPoint.java:193)
	at eu.stamp_project.testrunner.EntryPoint.runTests(EntryPoint.java:154)
	at eu.stamp_project.utils.execution.TestRunner.run(TestRunner.java:98)
	at eu.stamp_project.utils.execution.TestRunner.runGivenTestMethods(TestRunner.java:66)
	at eu.stamp_project.utils.compilation.TestCompiler.compileAndRun(TestCompiler.java:99)
	at eu.stamp_project.dspot.assertgenerator.MethodsAssertGenerator.addAssertions(MethodsAssertGenerator.java:118)
	at eu.stamp_project.dspot.assertgenerator.AssertGenerator.innerAssertionAmplification(AssertGenerator.java:136)
	at eu.stamp_project.dspot.assertgenerator.AssertGenerator.assertionAmplification(AssertGenerator.java:76)
	at eu.stamp_project.dspot.Amplification.assertionsAmplification(Amplification.java:214)
	at eu.stamp_project.dspot.Amplification.amplification(Amplification.java:186)
	at eu.stamp_project.dspot.Amplification.amplification(Amplification.java:131)
	at eu.stamp_project.dspot.DSpot._amplify(DSpot.java:274)
	at eu.stamp_project.dspot.DSpot.lambda$amplifyTestClassesTestMethods$5(DSpot.java:255)
	at java.util.stream.ReferencePipeline$3$1.accept(ReferencePipeline.java:193)
	at java.util.ArrayList$ArrayListSpliterator.forEachRemaining(ArrayList.java:1382)
	at java.util.stream.AbstractPipeline.copyInto(AbstractPipeline.java:482)
	at java.util.stream.AbstractPipeline.wrapAndCopyInto(AbstractPipeline.java:472)
	at java.util.stream.ReduceOps$ReduceOp.evaluateSequential(ReduceOps.java:708)
	at java.util.stream.AbstractPipeline.evaluate(AbstractPipeline.java:234)
	at java.util.stream.ReferencePipeline.collect(ReferencePipeline.java:499)
	at eu.stamp_project.dspot.DSpot.amplifyTestClassesTestMethods(DSpot.java:256)
	at eu.stamp_project.Main.run(Main.java:65)
	at eu.stamp_project.DSpotMojo.execute(DSpotMojo.java:311)
	at org.apache.maven.plugin.DefaultBuildPluginManager.executeMojo(DefaultBuildPluginManager.java:134)
	at org.apache.maven.lifecycle.internal.MojoExecutor.execute(MojoExecutor.java:207)
	at org.apache.maven.lifecycle.internal.MojoExecutor.execute(MojoExecutor.java:153)
	at org.apache.maven.lifecycle.internal.MojoExecutor.execute(MojoExecutor.java:145)
	at org.apache.maven.lifecycle.internal.LifecycleModuleBuilder.buildProject(LifecycleModuleBuilder.java:116)
	at org.apache.maven.lifecycle.internal.LifecycleModuleBuilder.buildProject(LifecycleModuleBuilder.java:80)
	at org.apache.maven.lifecycle.internal.builder.singlethreaded.SingleThreadedBuilder.build(SingleThreadedBuilder.java:51)
	at org.apache.maven.lifecycle.internal.LifecycleStarter.execute(LifecycleStarter.java:128)
	at org.apache.maven.DefaultMaven.doExecute(DefaultMaven.java:307)
	at org.apache.maven.DefaultMaven.doExecute(DefaultMaven.java:193)
	at org.apache.maven.DefaultMaven.execute(DefaultMaven.java:106)
	at org.apache.maven.cli.MavenCli.execute(MavenCli.java:863)
	at org.apache.maven.cli.MavenCli.doMain(MavenCli.java:288)
	at org.apache.maven.cli.MavenCli.main(MavenCli.java:199)
	at sun.reflect.NativeMethodAccessorImpl.invoke0(Native Method)
	at sun.reflect.NativeMethodAccessorImpl.invoke(NativeMethodAccessorImpl.java:62)
	at sun.reflect.DelegatingMethodAccessorImpl.invoke(DelegatingMethodAccessorImpl.java:43)
	at java.lang.reflect.Method.invoke(Method.java:498)
	at org.codehaus.plexus.classworlds.launcher.Launcher.launchEnhanced(Launcher.java:289)
	at org.codehaus.plexus.classworlds.launcher.Launcher.launch(Launcher.java:229)
	at org.codehaus.plexus.classworlds.launcher.Launcher.mainWithExitCode(Launcher.java:415)
	at org.codehaus.plexus.classworlds.launcher.Launcher.main(Launcher.java:356)

Something bad happened during input amplification.
java.lang.NullPointerException
	at spoon.support.reflect.reference.CtTypeReferenceImpl.isInSamePackage(CtTypeReferenceImpl.java:661)
	at spoon.support.reflect.reference.CtTypeReferenceImpl.canAccess(CtTypeReferenceImpl.java:609)
	at spoon.support.reflect.reference.CtTypeReferenceImpl.getAccessType(CtTypeReferenceImpl.java:687)
	at spoon.reflect.visitor.ImportScannerImpl.visitCtTypeReference(ImportScannerImpl.java:126)
	at spoon.support.reflect.reference.CtTypeReferenceImpl.accept(CtTypeReferenceImpl.java:82)
	at spoon.reflect.visitor.ImportScannerImpl.scan(ImportScannerImpl.java:148)
	at spoon.reflect.visitor.CtScanner.scan(CtScanner.java:176)
	at spoon.reflect.visitor.CtScanner.visitCtTypeAccess(CtScanner.java:787)
	at spoon.support.reflect.code.CtTypeAccessImpl.accept(CtTypeAccessImpl.java:37)
	at spoon.reflect.visitor.ImportScannerImpl.scan(ImportScannerImpl.java:148)
	at spoon.reflect.visitor.ImportScannerImpl.computeImports(ImportScannerImpl.java:315)
	at spoon.support.reflect.declaration.CtElementImpl.toString(CtElementImpl.java:294)
	at eu.stamp_project.dspot.amplifier.NullifierAmplifier$1.matches(NullifierAmplifier.java:43)
	at eu.stamp_project.dspot.amplifier.NullifierAmplifier$1.matches(NullifierAmplifier.java:39)
	at spoon.reflect.visitor.chain.CtQueryImpl$3.apply(CtQueryImpl.java:184)
	at spoon.reflect.visitor.chain.CtQueryImpl$3.apply(CtQueryImpl.java:181)
	at spoon.reflect.visitor.chain.CtQueryImpl$FunctionWrapper._accept(CtQueryImpl.java:523)
	at spoon.reflect.visitor.chain.CtQueryImpl$AbstractStep.accept(CtQueryImpl.java:318)
	at spoon.reflect.visitor.filter.CtScannerFunction$Scanner.onElement(CtScannerFunction.java:87)
	at spoon.reflect.visitor.EarlyTerminatingScanner.doScan(EarlyTerminatingScanner.java:150)
	at spoon.reflect.visitor.EarlyTerminatingScanner.scan(EarlyTerminatingScanner.java:130)
	at spoon.reflect.visitor.CtScanner.scan(CtScanner.java:176)
	at spoon.reflect.visitor.EarlyTerminatingScanner.scan(EarlyTerminatingScanner.java:115)
	at spoon.reflect.visitor.CtScanner.visitCtThisAccess(CtScanner.java:441)
	at spoon.support.reflect.code.CtThisAccessImpl.accept(CtThisAccessImpl.java:29)
	at spoon.reflect.visitor.EarlyTerminatingScanner.doScan(EarlyTerminatingScanner.java:154)
	at spoon.reflect.visitor.EarlyTerminatingScanner.scan(EarlyTerminatingScanner.java:130)
	at spoon.reflect.visitor.CtScanner.scan(CtScanner.java:176)
	at spoon.reflect.visitor.EarlyTerminatingScanner.scan(EarlyTerminatingScanner.java:115)
	at spoon.reflect.visitor.CtScanner.visitCtFieldRead(CtScanner.java:858)
	at spoon.support.reflect.code.CtFieldReadImpl.accept(CtFieldReadImpl.java:27)
	at spoon.reflect.visitor.EarlyTerminatingScanner.doScan(EarlyTerminatingScanner.java:154)
	at spoon.reflect.visitor.EarlyTerminatingScanner.scan(EarlyTerminatingScanner.java:130)
	at spoon.reflect.visitor.CtScanner.scan(CtScanner.java:176)
	at spoon.reflect.visitor.EarlyTerminatingScanner.scan(EarlyTerminatingScanner.java:115)
	at spoon.reflect.visitor.CtScanner.visitCtInvocation(CtScanner.java:508)
	at spoon.support.reflect.code.CtInvocationImpl.accept(CtInvocationImpl.java:55)
	at spoon.reflect.visitor.EarlyTerminatingScanner.doScan(EarlyTerminatingScanner.java:154)
	at spoon.reflect.visitor.EarlyTerminatingScanner.scan(EarlyTerminatingScanner.java:130)
	at spoon.reflect.visitor.CtScanner.scan(CtScanner.java:176)
	at spoon.reflect.visitor.EarlyTerminatingScanner.scan(EarlyTerminatingScanner.java:115)
	at spoon.reflect.visitor.EarlyTerminatingScanner.scan(EarlyTerminatingScanner.java:92)
	at spoon.reflect.visitor.CtScanner.visitCtBlock(CtScanner.java:305)
	at spoon.support.reflect.code.CtBlockImpl.accept(CtBlockImpl.java:67)
	at spoon.reflect.visitor.EarlyTerminatingScanner.doScan(EarlyTerminatingScanner.java:154)
	at spoon.reflect.visitor.EarlyTerminatingScanner.scan(EarlyTerminatingScanner.java:130)
	at spoon.reflect.visitor.CtScanner.scan(CtScanner.java:176)
	at spoon.reflect.visitor.EarlyTerminatingScanner.scan(EarlyTerminatingScanner.java:115)
	at spoon.reflect.visitor.CtScanner.visitCtMethod(CtScanner.java:562)
	at spoon.support.reflect.declaration.CtMethodImpl.accept(CtMethodImpl.java:67)
	at spoon.reflect.visitor.EarlyTerminatingScanner.doScan(EarlyTerminatingScanner.java:154)
	at spoon.reflect.visitor.EarlyTerminatingScanner.scan(EarlyTerminatingScanner.java:130)
	at spoon.reflect.visitor.CtScanner.scan(CtScanner.java:176)
	at spoon.reflect.visitor.EarlyTerminatingScanner.scan(EarlyTerminatingScanner.java:115)
	at spoon.reflect.visitor.EarlyTerminatingScanner.scan(EarlyTerminatingScanner.java:92)
	at spoon.reflect.visitor.CtScanner.visitCtClass(CtScanner.java:341)
	at spoon.support.reflect.declaration.CtClassImpl.accept(CtClassImpl.java:67)
	at spoon.reflect.visitor.EarlyTerminatingScanner.doScan(EarlyTerminatingScanner.java:154)
	at spoon.reflect.visitor.EarlyTerminatingScanner.scan(EarlyTerminatingScanner.java:130)
	at spoon.reflect.visitor.CtScanner.scan(CtScanner.java:176)
	at spoon.reflect.visitor.EarlyTerminatingScanner.scan(EarlyTerminatingScanner.java:115)
	at spoon.reflect.visitor.CtScanner.visitCtNewClass(CtScanner.java:607)
	at spoon.support.reflect.code.CtNewClassImpl.accept(CtNewClassImpl.java:34)
	at spoon.reflect.visitor.EarlyTerminatingScanner.doScan(EarlyTerminatingScanner.java:154)
	at spoon.reflect.visitor.EarlyTerminatingScanner.scan(EarlyTerminatingScanner.java:130)
	at spoon.reflect.visitor.CtScanner.scan(CtScanner.java:176)
	at spoon.reflect.visitor.EarlyTerminatingScanner.scan(EarlyTerminatingScanner.java:115)
	at spoon.reflect.visitor.CtScanner.visitCtReturn(CtScanner.java:681)
	at spoon.support.reflect.code.CtReturnImpl.accept(CtReturnImpl.java:36)
	at spoon.reflect.visitor.EarlyTerminatingScanner.doScan(EarlyTerminatingScanner.java:154)
	at spoon.reflect.visitor.EarlyTerminatingScanner.scan(EarlyTerminatingScanner.java:130)
	at spoon.reflect.visitor.CtScanner.scan(CtScanner.java:176)
	at spoon.reflect.visitor.EarlyTerminatingScanner.scan(EarlyTerminatingScanner.java:115)
	at spoon.reflect.visitor.EarlyTerminatingScanner.scan(EarlyTerminatingScanner.java:92)
	at spoon.reflect.visitor.CtScanner.visitCtBlock(CtScanner.java:305)
	at spoon.support.reflect.code.CtBlockImpl.accept(CtBlockImpl.java:67)
	at spoon.reflect.visitor.EarlyTerminatingScanner.doScan(EarlyTerminatingScanner.java:154)
	at spoon.reflect.visitor.EarlyTerminatingScanner.scan(EarlyTerminatingScanner.java:130)
	at spoon.reflect.visitor.CtScanner.scan(CtScanner.java:176)
	at spoon.reflect.visitor.EarlyTerminatingScanner.scan(EarlyTerminatingScanner.java:115)
	at spoon.reflect.visitor.CtScanner.visitCtMethod(CtScanner.java:562)
	at spoon.support.reflect.declaration.CtMethodImpl.accept(CtMethodImpl.java:67)
	at spoon.reflect.visitor.EarlyTerminatingScanner.doScan(EarlyTerminatingScanner.java:154)
	at spoon.reflect.visitor.EarlyTerminatingScanner.scan(EarlyTerminatingScanner.java:130)
	at spoon.reflect.visitor.CtScanner.scan(CtScanner.java:176)
	at spoon.reflect.visitor.EarlyTerminatingScanner.scan(EarlyTerminatingScanner.java:115)
	at spoon.reflect.visitor.EarlyTerminatingScanner.scan(EarlyTerminatingScanner.java:92)
	at spoon.reflect.visitor.CtScanner.visitCtClass(CtScanner.java:341)
	at spoon.support.reflect.declaration.CtClassImpl.accept(CtClassImpl.java:67)
	at spoon.reflect.visitor.EarlyTerminatingScanner.doScan(EarlyTerminatingScanner.java:154)
	at spoon.reflect.visitor.EarlyTerminatingScanner.scan(EarlyTerminatingScanner.java:130)
	at spoon.reflect.visitor.CtScanner.scan(CtScanner.java:176)
	at spoon.reflect.visitor.EarlyTerminatingScanner.scan(EarlyTerminatingScanner.java:115)
	at spoon.reflect.visitor.CtScanner.visitCtNewClass(CtScanner.java:607)
	at spoon.support.reflect.code.CtNewClassImpl.accept(CtNewClassImpl.java:34)
	at spoon.reflect.visitor.EarlyTerminatingScanner.doScan(EarlyTerminatingScanner.java:154)
	at spoon.reflect.visitor.EarlyTerminatingScanner.scan(EarlyTerminatingScanner.java:130)
	at spoon.reflect.visitor.CtScanner.scan(CtScanner.java:176)
	at spoon.reflect.visitor.EarlyTerminatingScanner.scan(EarlyTerminatingScanner.java:115)
	at spoon.reflect.visitor.CtScanner.visitCtLocalVariable(CtScanner.java:528)
	at spoon.support.reflect.code.CtLocalVariableImpl.accept(CtLocalVariableImpl.java:59)
	at spoon.reflect.visitor.EarlyTerminatingScanner.doScan(EarlyTerminatingScanner.java:154)
	at spoon.reflect.visitor.EarlyTerminatingScanner.scan(EarlyTerminatingScanner.java:130)
	at spoon.reflect.visitor.CtScanner.scan(CtScanner.java:176)
	at spoon.reflect.visitor.EarlyTerminatingScanner.scan(EarlyTerminatingScanner.java:115)
	at spoon.reflect.visitor.EarlyTerminatingScanner.scan(EarlyTerminatingScanner.java:92)
	at spoon.reflect.visitor.CtScanner.visitCtBlock(CtScanner.java:305)
	at spoon.support.reflect.code.CtBlockImpl.accept(CtBlockImpl.java:67)
	at spoon.reflect.visitor.EarlyTerminatingScanner.doScan(EarlyTerminatingScanner.java:154)
	at spoon.reflect.visitor.EarlyTerminatingScanner.scan(EarlyTerminatingScanner.java:130)
	at spoon.reflect.visitor.CtScanner.scan(CtScanner.java:176)
	at spoon.reflect.visitor.EarlyTerminatingScanner.scan(EarlyTerminatingScanner.java:115)
	at spoon.reflect.visitor.CtScanner.visitCtMethod(CtScanner.java:562)
	at spoon.support.reflect.declaration.CtMethodImpl.accept(CtMethodImpl.java:67)
	at spoon.reflect.visitor.EarlyTerminatingScanner.doScan(EarlyTerminatingScanner.java:154)
	at spoon.reflect.visitor.EarlyTerminatingScanner.scan(EarlyTerminatingScanner.java:130)
	at spoon.reflect.visitor.filter.CtScannerFunction.apply(CtScannerFunction.java:66)
	at spoon.reflect.visitor.filter.CtScannerFunction.apply(CtScannerFunction.java:36)
	at spoon.reflect.visitor.chain.CtQueryImpl$LazyFunctionWrapper._accept(CtQueryImpl.java:503)
	at spoon.reflect.visitor.chain.CtQueryImpl$AbstractStep.accept(CtQueryImpl.java:318)
	at spoon.reflect.visitor.chain.CtQueryImpl.forEach(CtQueryImpl.java:104)
	at spoon.reflect.visitor.chain.CtQueryImpl.list(CtQueryImpl.java:117)
	at spoon.reflect.visitor.chain.CtQueryImpl.list(CtQueryImpl.java:111)
	at spoon.support.reflect.declaration.CtElementImpl.getElements(CtElementImpl.java:338)
	at eu.stamp_project.dspot.amplifier.NullifierAmplifier.getOriginals(NullifierAmplifier.java:39)
	at eu.stamp_project.dspot.amplifier.AbstractAmplifier.amplify(AbstractAmplifier.java:91)
	at eu.stamp_project.dspot.budget.SimpleBudgetizer.amplify(SimpleBudgetizer.java:85)
	at eu.stamp_project.dspot.budget.SimpleBudgetizer.inputAmplify(SimpleBudgetizer.java:52)
	at eu.stamp_project.dspot.Amplification.amplification(Amplification.java:179)
	at eu.stamp_project.dspot.Amplification.amplification(Amplification.java:131)
	at eu.stamp_project.dspot.DSpot._amplify(DSpot.java:274)
	at eu.stamp_project.dspot.DSpot.lambda$amplifyTestClassesTestMethods$5(DSpot.java:255)
	at java.util.stream.ReferencePipeline$3$1.accept(ReferencePipeline.java:193)
	at java.util.ArrayList$ArrayListSpliterator.forEachRemaining(ArrayList.java:1382)
	at java.util.stream.AbstractPipeline.copyInto(AbstractPipeline.java:482)
	at java.util.stream.AbstractPipeline.wrapAndCopyInto(AbstractPipeline.java:472)
	at java.util.stream.ReduceOps$ReduceOp.evaluateSequential(ReduceOps.java:708)
	at java.util.stream.AbstractPipeline.evaluate(AbstractPipeline.java:234)
	at java.util.stream.ReferencePipeline.collect(ReferencePipeline.java:499)
	at eu.stamp_project.dspot.DSpot.amplifyTestClassesTestMethods(DSpot.java:256)
	at eu.stamp_project.Main.run(Main.java:65)
	at eu.stamp_project.DSpotMojo.execute(DSpotMojo.java:311)
	at org.apache.maven.plugin.DefaultBuildPluginManager.executeMojo(DefaultBuildPluginManager.java:134)
	at org.apache.maven.lifecycle.internal.MojoExecutor.execute(MojoExecutor.java:207)
	at org.apache.maven.lifecycle.internal.MojoExecutor.execute(MojoExecutor.java:153)
	at org.apache.maven.lifecycle.internal.MojoExecutor.execute(MojoExecutor.java:145)
	at org.apache.maven.lifecycle.internal.LifecycleModuleBuilder.buildProject(LifecycleModuleBuilder.java:116)
	at org.apache.maven.lifecycle.internal.LifecycleModuleBuilder.buildProject(LifecycleModuleBuilder.java:80)
	at org.apache.maven.lifecycle.internal.builder.singlethreaded.SingleThreadedBuilder.build(SingleThreadedBuilder.java:51)
	at org.apache.maven.lifecycle.internal.LifecycleStarter.execute(LifecycleStarter.java:128)
	at org.apache.maven.DefaultMaven.doExecute(DefaultMaven.java:307)
	at org.apache.maven.DefaultMaven.doExecute(DefaultMaven.java:193)
	at org.apache.maven.DefaultMaven.execute(DefaultMaven.java:106)
	at org.apache.maven.cli.MavenCli.execute(MavenCli.java:863)
	at org.apache.maven.cli.MavenCli.doMain(MavenCli.java:288)
	at org.apache.maven.cli.MavenCli.main(MavenCli.java:199)
	at sun.reflect.NativeMethodAccessorImpl.invoke0(Native Method)
	at sun.reflect.NativeMethodAccessorImpl.invoke(NativeMethodAccessorImpl.java:62)
	at sun.reflect.DelegatingMethodAccessorImpl.invoke(DelegatingMethodAccessorImpl.java:43)
	at java.lang.reflect.Method.invoke(Method.java:498)
	at org.codehaus.plexus.classworlds.launcher.Launcher.launchEnhanced(Launcher.java:289)
	at org.codehaus.plexus.classworlds.launcher.Launcher.launch(Launcher.java:229)
	at org.codehaus.plexus.classworlds.launcher.Launcher.mainWithExitCode(Launcher.java:415)
	at org.codehaus.plexus.classworlds.launcher.Launcher.main(Launcher.java:356)

Something bad happened during assertion amplification
java.lang.RuntimeException: Forked process did not finished correctly
	at eu.stamp_project.testrunner.EntryPoint.runGivenCommandLine(EntryPoint.java:417)
	at eu.stamp_project.testrunner.EntryPoint.runTests(EntryPoint.java:198)
	at eu.stamp_project.testrunner.EntryPoint.runTests(EntryPoint.java:193)
	at eu.stamp_project.testrunner.EntryPoint.runTests(EntryPoint.java:154)
	at eu.stamp_project.utils.execution.TestRunner.run(TestRunner.java:98)
	at eu.stamp_project.utils.execution.TestRunner.runGivenTestMethods(TestRunner.java:66)
	at eu.stamp_project.utils.compilation.TestCompiler.compileAndRun(TestCompiler.java:99)
	at eu.stamp_project.dspot.assertgenerator.MethodsAssertGenerator.addAssertions(MethodsAssertGenerator.java:118)
	at eu.stamp_project.dspot.assertgenerator.AssertGenerator.innerAssertionAmplification(AssertGenerator.java:136)
	at eu.stamp_project.dspot.assertgenerator.AssertGenerator.assertionAmplification(AssertGenerator.java:76)
	at eu.stamp_project.dspot.Amplification.assertionsAmplification(Amplification.java:214)
	at eu.stamp_project.dspot.Amplification.amplification(Amplification.java:186)
	at eu.stamp_project.dspot.Amplification.amplification(Amplification.java:131)
	at eu.stamp_project.dspot.DSpot._amplify(DSpot.java:274)
	at eu.stamp_project.dspot.DSpot.lambda$amplifyTestClassesTestMethods$5(DSpot.java:255)
	at java.util.stream.ReferencePipeline$3$1.accept(ReferencePipeline.java:193)
	at java.util.ArrayList$ArrayListSpliterator.forEachRemaining(ArrayList.java:1382)
	at java.util.stream.AbstractPipeline.copyInto(AbstractPipeline.java:482)
	at java.util.stream.AbstractPipeline.wrapAndCopyInto(AbstractPipeline.java:472)
	at java.util.stream.ReduceOps$ReduceOp.evaluateSequential(ReduceOps.java:708)
	at java.util.stream.AbstractPipeline.evaluate(AbstractPipeline.java:234)
	at java.util.stream.ReferencePipeline.collect(ReferencePipeline.java:499)
	at eu.stamp_project.dspot.DSpot.amplifyTestClassesTestMethods(DSpot.java:256)
	at eu.stamp_project.Main.run(Main.java:65)
	at eu.stamp_project.DSpotMojo.execute(DSpotMojo.java:311)
	at org.apache.maven.plugin.DefaultBuildPluginManager.executeMojo(DefaultBuildPluginManager.java:134)
	at org.apache.maven.lifecycle.internal.MojoExecutor.execute(MojoExecutor.java:207)
	at org.apache.maven.lifecycle.internal.MojoExecutor.execute(MojoExecutor.java:153)
	at org.apache.maven.lifecycle.internal.MojoExecutor.execute(MojoExecutor.java:145)
	at org.apache.maven.lifecycle.internal.LifecycleModuleBuilder.buildProject(LifecycleModuleBuilder.java:116)
	at org.apache.maven.lifecycle.internal.LifecycleModuleBuilder.buildProject(LifecycleModuleBuilder.java:80)
	at org.apache.maven.lifecycle.internal.builder.singlethreaded.SingleThreadedBuilder.build(SingleThreadedBuilder.java:51)
	at org.apache.maven.lifecycle.internal.LifecycleStarter.execute(LifecycleStarter.java:128)
	at org.apache.maven.DefaultMaven.doExecute(DefaultMaven.java:307)
	at org.apache.maven.DefaultMaven.doExecute(DefaultMaven.java:193)
	at org.apache.maven.DefaultMaven.execute(DefaultMaven.java:106)
	at org.apache.maven.cli.MavenCli.execute(MavenCli.java:863)
	at org.apache.maven.cli.MavenCli.doMain(MavenCli.java:288)
	at org.apache.maven.cli.MavenCli.main(MavenCli.java:199)
	at sun.reflect.NativeMethodAccessorImpl.invoke0(Native Method)
	at sun.reflect.NativeMethodAccessorImpl.invoke(NativeMethodAccessorImpl.java:62)
	at sun.reflect.DelegatingMethodAccessorImpl.invoke(DelegatingMethodAccessorImpl.java:43)
	at java.lang.reflect.Method.invoke(Method.java:498)
	at org.codehaus.plexus.classworlds.launcher.Launcher.launchEnhanced(Launcher.java:289)
	at org.codehaus.plexus.classworlds.launcher.Launcher.launch(Launcher.java:229)
	at org.codehaus.plexus.classworlds.launcher.Launcher.mainWithExitCode(Launcher.java:415)
	at org.codehaus.plexus.classworlds.launcher.Launcher.main(Launcher.java:356)

Something bad happened during assertion amplification
java.lang.RuntimeException: java.lang.RuntimeException: java.lang.ClassNotFoundException: com.github.mustachejava.InterpreterTest$AccessTrackingMap
	at eu.stamp_project.compare.ObjectLog.load(ObjectLog.java:250)
	at eu.stamp_project.compare.ObjectLog.getObservations(ObjectLog.java:212)
	at eu.stamp_project.dspot.assertgenerator.MethodsAssertGenerator.addAssertions(MethodsAssertGenerator.java:133)
	at eu.stamp_project.dspot.assertgenerator.AssertGenerator.innerAssertionAmplification(AssertGenerator.java:136)
	at eu.stamp_project.dspot.assertgenerator.AssertGenerator.assertionAmplification(AssertGenerator.java:76)
	at eu.stamp_project.dspot.Amplification.assertionsAmplification(Amplification.java:214)
	at eu.stamp_project.dspot.Amplification.amplification(Amplification.java:186)
	at eu.stamp_project.dspot.Amplification.amplification(Amplification.java:131)
	at eu.stamp_project.dspot.DSpot._amplify(DSpot.java:274)
	at eu.stamp_project.dspot.DSpot.lambda$amplifyTestClassesTestMethods$5(DSpot.java:255)
	at java.util.stream.ReferencePipeline$3$1.accept(ReferencePipeline.java:193)
	at java.util.ArrayList$ArrayListSpliterator.forEachRemaining(ArrayList.java:1382)
	at java.util.stream.AbstractPipeline.copyInto(AbstractPipeline.java:482)
	at java.util.stream.AbstractPipeline.wrapAndCopyInto(AbstractPipeline.java:472)
	at java.util.stream.ReduceOps$ReduceOp.evaluateSequential(ReduceOps.java:708)
	at java.util.stream.AbstractPipeline.evaluate(AbstractPipeline.java:234)
	at java.util.stream.ReferencePipeline.collect(ReferencePipeline.java:499)
	at eu.stamp_project.dspot.DSpot.amplifyTestClassesTestMethods(DSpot.java:256)
	at eu.stamp_project.Main.run(Main.java:65)
	at eu.stamp_project.DSpotMojo.execute(DSpotMojo.java:311)
	at org.apache.maven.plugin.DefaultBuildPluginManager.executeMojo(DefaultBuildPluginManager.java:134)
	at org.apache.maven.lifecycle.internal.MojoExecutor.execute(MojoExecutor.java:207)
	at org.apache.maven.lifecycle.internal.MojoExecutor.execute(MojoExecutor.java:153)
	at org.apache.maven.lifecycle.internal.MojoExecutor.execute(MojoExecutor.java:145)
	at org.apache.maven.lifecycle.internal.LifecycleModuleBuilder.buildProject(LifecycleModuleBuilder.java:116)
	at org.apache.maven.lifecycle.internal.LifecycleModuleBuilder.buildProject(LifecycleModuleBuilder.java:80)
	at org.apache.maven.lifecycle.internal.builder.singlethreaded.SingleThreadedBuilder.build(SingleThreadedBuilder.java:51)
	at org.apache.maven.lifecycle.internal.LifecycleStarter.execute(LifecycleStarter.java:128)
	at org.apache.maven.DefaultMaven.doExecute(DefaultMaven.java:307)
	at org.apache.maven.DefaultMaven.doExecute(DefaultMaven.java:193)
	at org.apache.maven.DefaultMaven.execute(DefaultMaven.java:106)
	at org.apache.maven.cli.MavenCli.execute(MavenCli.java:863)
	at org.apache.maven.cli.MavenCli.doMain(MavenCli.java:288)
	at org.apache.maven.cli.MavenCli.main(MavenCli.java:199)
	at sun.reflect.NativeMethodAccessorImpl.invoke0(Native Method)
	at sun.reflect.NativeMethodAccessorImpl.invoke(NativeMethodAccessorImpl.java:62)
	at sun.reflect.DelegatingMethodAccessorImpl.invoke(DelegatingMethodAccessorImpl.java:43)
	at java.lang.reflect.Method.invoke(Method.java:498)
	at org.codehaus.plexus.classworlds.launcher.Launcher.launchEnhanced(Launcher.java:289)
	at org.codehaus.plexus.classworlds.launcher.Launcher.launch(Launcher.java:229)
	at org.codehaus.plexus.classworlds.launcher.Launcher.mainWithExitCode(Launcher.java:415)
	at org.codehaus.plexus.classworlds.launcher.Launcher.main(Launcher.java:356)
Caused by: java.lang.RuntimeException: java.lang.ClassNotFoundException: com.github.mustachejava.InterpreterTest$AccessTrackingMap
	at eu.stamp_project.compare.ObjectLog.load(ObjectLog.java:247)
	... 41 more
Caused by: java.lang.ClassNotFoundException: com.github.mustachejava.InterpreterTest$AccessTrackingMap
	at org.codehaus.plexus.classworlds.strategy.SelfFirstStrategy.loadClass(SelfFirstStrategy.java:50)
	at org.codehaus.plexus.classworlds.realm.ClassRealm.unsynchronizedLoadClass(ClassRealm.java:271)
	at org.codehaus.plexus.classworlds.realm.ClassRealm.loadClass(ClassRealm.java:247)
	at org.codehaus.plexus.classworlds.realm.ClassRealm.loadClass(ClassRealm.java:239)
	at java.lang.Class.forName0(Native Method)
	at java.lang.Class.forName(Class.java:348)
	at java.io.ObjectInputStream.resolveClass(ObjectInputStream.java:686)
	at java.io.ObjectInputStream.readNonProxyDesc(ObjectInputStream.java:1868)
	at java.io.ObjectInputStream.readClassDesc(ObjectInputStream.java:1751)
	at java.io.ObjectInputStream.readOrdinaryObject(ObjectInputStream.java:2042)
	at java.io.ObjectInputStream.readObject0(ObjectInputStream.java:1573)
	at java.io.ObjectInputStream.readObject(ObjectInputStream.java:431)
	at java.util.HashMap.readObject(HashMap.java:1412)
	at sun.reflect.GeneratedMethodAccessor17.invoke(Unknown Source)
	at sun.reflect.DelegatingMethodAccessorImpl.invoke(DelegatingMethodAccessorImpl.java:43)
	at java.lang.reflect.Method.invoke(Method.java:498)
	at java.io.ObjectStreamClass.invokeReadObject(ObjectStreamClass.java:1170)
	at java.io.ObjectInputStream.readSerialData(ObjectInputStream.java:2178)
	at java.io.ObjectInputStream.readOrdinaryObject(ObjectInputStream.java:2069)
	at java.io.ObjectInputStream.readObject0(ObjectInputStream.java:1573)
	at java.io.ObjectInputStream.defaultReadFields(ObjectInputStream.java:2287)
	at java.io.ObjectInputStream.readSerialData(ObjectInputStream.java:2211)
	at java.io.ObjectInputStream.readOrdinaryObject(ObjectInputStream.java:2069)
	at java.io.ObjectInputStream.readObject0(ObjectInputStream.java:1573)
	at java.io.ObjectInputStream.readObject(ObjectInputStream.java:431)
	at java.util.HashMap.readObject(HashMap.java:1412)
	at sun.reflect.GeneratedMethodAccessor17.invoke(Unknown Source)
	at sun.reflect.DelegatingMethodAccessorImpl.invoke(DelegatingMethodAccessorImpl.java:43)
	at java.lang.reflect.Method.invoke(Method.java:498)
	at java.io.ObjectStreamClass.invokeReadObject(ObjectStreamClass.java:1170)
	at java.io.ObjectInputStream.readSerialData(ObjectInputStream.java:2178)
	at java.io.ObjectInputStream.readOrdinaryObject(ObjectInputStream.java:2069)
	at java.io.ObjectInputStream.readObject0(ObjectInputStream.java:1573)
	at java.io.ObjectInputStream.readObject(ObjectInputStream.java:431)
	at eu.stamp_project.compare.ObjectLog.load(ObjectLog.java:245)
	... 41 more

Something bad happened during assertion amplification
java.lang.RuntimeException: Forked process did not finished correctly
	at eu.stamp_project.testrunner.EntryPoint.runGivenCommandLine(EntryPoint.java:417)
	at eu.stamp_project.testrunner.EntryPoint.runTests(EntryPoint.java:198)
	at eu.stamp_project.testrunner.EntryPoint.runTests(EntryPoint.java:193)
	at eu.stamp_project.testrunner.EntryPoint.runTests(EntryPoint.java:154)
	at eu.stamp_project.utils.execution.TestRunner.run(TestRunner.java:98)
	at eu.stamp_project.utils.execution.TestRunner.runGivenTestMethods(TestRunner.java:66)
	at eu.stamp_project.utils.compilation.TestCompiler.compileAndRun(TestCompiler.java:99)
	at eu.stamp_project.dspot.assertgenerator.MethodsAssertGenerator.addAssertions(MethodsAssertGenerator.java:118)
	at eu.stamp_project.dspot.assertgenerator.AssertGenerator.innerAssertionAmplification(AssertGenerator.java:136)
	at eu.stamp_project.dspot.assertgenerator.AssertGenerator.assertionAmplification(AssertGenerator.java:76)
	at eu.stamp_project.dspot.Amplification.assertionsAmplification(Amplification.java:214)
	at eu.stamp_project.dspot.Amplification.amplification(Amplification.java:186)
	at eu.stamp_project.dspot.Amplification.amplification(Amplification.java:131)
	at eu.stamp_project.dspot.DSpot._amplify(DSpot.java:274)
	at eu.stamp_project.dspot.DSpot.lambda$amplifyTestClassesTestMethods$5(DSpot.java:255)
	at java.util.stream.ReferencePipeline$3$1.accept(ReferencePipeline.java:193)
	at java.util.ArrayList$ArrayListSpliterator.forEachRemaining(ArrayList.java:1382)
	at java.util.stream.AbstractPipeline.copyInto(AbstractPipeline.java:482)
	at java.util.stream.AbstractPipeline.wrapAndCopyInto(AbstractPipeline.java:472)
	at java.util.stream.ReduceOps$ReduceOp.evaluateSequential(ReduceOps.java:708)
	at java.util.stream.AbstractPipeline.evaluate(AbstractPipeline.java:234)
	at java.util.stream.ReferencePipeline.collect(ReferencePipeline.java:499)
	at eu.stamp_project.dspot.DSpot.amplifyTestClassesTestMethods(DSpot.java:256)
	at eu.stamp_project.Main.run(Main.java:65)
	at eu.stamp_project.DSpotMojo.execute(DSpotMojo.java:311)
	at org.apache.maven.plugin.DefaultBuildPluginManager.executeMojo(DefaultBuildPluginManager.java:134)
	at org.apache.maven.lifecycle.internal.MojoExecutor.execute(MojoExecutor.java:207)
	at org.apache.maven.lifecycle.internal.MojoExecutor.execute(MojoExecutor.java:153)
	at org.apache.maven.lifecycle.internal.MojoExecutor.execute(MojoExecutor.java:145)
	at org.apache.maven.lifecycle.internal.LifecycleModuleBuilder.buildProject(LifecycleModuleBuilder.java:116)
	at org.apache.maven.lifecycle.internal.LifecycleModuleBuilder.buildProject(LifecycleModuleBuilder.java:80)
	at org.apache.maven.lifecycle.internal.builder.singlethreaded.SingleThreadedBuilder.build(SingleThreadedBuilder.java:51)
	at org.apache.maven.lifecycle.internal.LifecycleStarter.execute(LifecycleStarter.java:128)
	at org.apache.maven.DefaultMaven.doExecute(DefaultMaven.java:307)
	at org.apache.maven.DefaultMaven.doExecute(DefaultMaven.java:193)
	at org.apache.maven.DefaultMaven.execute(DefaultMaven.java:106)
	at org.apache.maven.cli.MavenCli.execute(MavenCli.java:863)
	at org.apache.maven.cli.MavenCli.doMain(MavenCli.java:288)
	at org.apache.maven.cli.MavenCli.main(MavenCli.java:199)
	at sun.reflect.NativeMethodAccessorImpl.invoke0(Native Method)
	at sun.reflect.NativeMethodAccessorImpl.invoke(NativeMethodAccessorImpl.java:62)
	at sun.reflect.DelegatingMethodAccessorImpl.invoke(DelegatingMethodAccessorImpl.java:43)
	at java.lang.reflect.Method.invoke(Method.java:498)
	at org.codehaus.plexus.classworlds.launcher.Launcher.launchEnhanced(Launcher.java:289)
	at org.codehaus.plexus.classworlds.launcher.Launcher.launch(Launcher.java:229)
	at org.codehaus.plexus.classworlds.launcher.Launcher.mainWithExitCode(Launcher.java:415)
	at org.codehaus.plexus.classworlds.launcher.Launcher.main(Launcher.java:356)

Something bad happened during input amplification.
java.lang.NullPointerException

Something bad happened during assertion amplification
java.lang.RuntimeException: Forked process did not finished correctly
	at eu.stamp_project.testrunner.EntryPoint.runGivenCommandLine(EntryPoint.java:417)
	at eu.stamp_project.testrunner.EntryPoint.runTests(EntryPoint.java:198)
	at eu.stamp_project.testrunner.EntryPoint.runTests(EntryPoint.java:193)
	at eu.stamp_project.testrunner.EntryPoint.runTests(EntryPoint.java:154)
	at eu.stamp_project.utils.execution.TestRunner.run(TestRunner.java:98)
	at eu.stamp_project.utils.execution.TestRunner.runGivenTestMethods(TestRunner.java:66)
	at eu.stamp_project.utils.compilation.TestCompiler.compileAndRun(TestCompiler.java:99)
	at eu.stamp_project.dspot.assertgenerator.AssertGenerator.innerAssertionAmplification(AssertGenerator.java:111)
	at eu.stamp_project.dspot.assertgenerator.AssertGenerator.assertionAmplification(AssertGenerator.java:76)
	at eu.stamp_project.dspot.Amplification.assertionsAmplification(Amplification.java:214)
	at eu.stamp_project.dspot.Amplification.amplification(Amplification.java:186)
	at eu.stamp_project.dspot.Amplification.amplification(Amplification.java:131)
	at eu.stamp_project.dspot.DSpot._amplify(DSpot.java:274)
	at eu.stamp_project.dspot.DSpot.lambda$amplifyTestClassesTestMethods$5(DSpot.java:255)
	at java.util.stream.ReferencePipeline$3$1.accept(ReferencePipeline.java:193)
	at java.util.ArrayList$ArrayListSpliterator.forEachRemaining(ArrayList.java:1382)
	at java.util.stream.AbstractPipeline.copyInto(AbstractPipeline.java:482)
	at java.util.stream.AbstractPipeline.wrapAndCopyInto(AbstractPipeline.java:472)
	at java.util.stream.ReduceOps$ReduceOp.evaluateSequential(ReduceOps.java:708)
	at java.util.stream.AbstractPipeline.evaluate(AbstractPipeline.java:234)
	at java.util.stream.ReferencePipeline.collect(ReferencePipeline.java:499)
	at eu.stamp_project.dspot.DSpot.amplifyTestClassesTestMethods(DSpot.java:256)
	at eu.stamp_project.Main.run(Main.java:65)
	at eu.stamp_project.DSpotMojo.execute(DSpotMojo.java:311)
	at org.apache.maven.plugin.DefaultBuildPluginManager.executeMojo(DefaultBuildPluginManager.java:134)
	at org.apache.maven.lifecycle.internal.MojoExecutor.execute(MojoExecutor.java:207)
	at org.apache.maven.lifecycle.internal.MojoExecutor.execute(MojoExecutor.java:153)
	at org.apache.maven.lifecycle.internal.MojoExecutor.execute(MojoExecutor.java:145)
	at org.apache.maven.lifecycle.internal.LifecycleModuleBuilder.buildProject(LifecycleModuleBuilder.java:116)
	at org.apache.maven.lifecycle.internal.LifecycleModuleBuilder.buildProject(LifecycleModuleBuilder.java:80)
	at org.apache.maven.lifecycle.internal.builder.singlethreaded.SingleThreadedBuilder.build(SingleThreadedBuilder.java:51)
	at org.apache.maven.lifecycle.internal.LifecycleStarter.execute(LifecycleStarter.java:128)
	at org.apache.maven.DefaultMaven.doExecute(DefaultMaven.java:307)
	at org.apache.maven.DefaultMaven.doExecute(DefaultMaven.java:193)
	at org.apache.maven.DefaultMaven.execute(DefaultMaven.java:106)
	at org.apache.maven.cli.MavenCli.execute(MavenCli.java:863)
	at org.apache.maven.cli.MavenCli.doMain(MavenCli.java:288)
	at org.apache.maven.cli.MavenCli.main(MavenCli.java:199)
	at sun.reflect.NativeMethodAccessorImpl.invoke0(Native Method)
	at sun.reflect.NativeMethodAccessorImpl.invoke(NativeMethodAccessorImpl.java:62)
	at sun.reflect.DelegatingMethodAccessorImpl.invoke(DelegatingMethodAccessorImpl.java:43)
	at java.lang.reflect.Method.invoke(Method.java:498)
	at org.codehaus.plexus.classworlds.launcher.Launcher.launchEnhanced(Launcher.java:289)
	at org.codehaus.plexus.classworlds.launcher.Launcher.launch(Launcher.java:229)
	at org.codehaus.plexus.classworlds.launcher.Launcher.mainWithExitCode(Launcher.java:415)
	at org.codehaus.plexus.classworlds.launcher.Launcher.main(Launcher.java:356)

Something bad happened during assertion amplification
java.lang.RuntimeException: Forked process did not finished correctly
	at eu.stamp_project.testrunner.EntryPoint.runGivenCommandLine(EntryPoint.java:417)
	at eu.stamp_project.testrunner.EntryPoint.runTests(EntryPoint.java:198)
	at eu.stamp_project.testrunner.EntryPoint.runTests(EntryPoint.java:193)
	at eu.stamp_project.testrunner.EntryPoint.runTests(EntryPoint.java:154)
	at eu.stamp_project.utils.execution.TestRunner.run(TestRunner.java:98)
	at eu.stamp_project.utils.execution.TestRunner.runGivenTestMethods(TestRunner.java:66)
	at eu.stamp_project.utils.compilation.TestCompiler.compileAndRun(TestCompiler.java:99)
	at eu.stamp_project.dspot.assertgenerator.AssertGenerator.innerAssertionAmplification(AssertGenerator.java:111)
	at eu.stamp_project.dspot.assertgenerator.AssertGenerator.assertionAmplification(AssertGenerator.java:76)
	at eu.stamp_project.dspot.Amplification.assertionsAmplification(Amplification.java:214)
	at eu.stamp_project.dspot.Amplification.amplification(Amplification.java:186)
	at eu.stamp_project.dspot.Amplification.amplification(Amplification.java:131)
	at eu.stamp_project.dspot.DSpot._amplify(DSpot.java:274)
	at eu.stamp_project.dspot.DSpot.lambda$amplifyTestClassesTestMethods$5(DSpot.java:255)
	at java.util.stream.ReferencePipeline$3$1.accept(ReferencePipeline.java:193)
	at java.util.ArrayList$ArrayListSpliterator.forEachRemaining(ArrayList.java:1382)
	at java.util.stream.AbstractPipeline.copyInto(AbstractPipeline.java:482)
	at java.util.stream.AbstractPipeline.wrapAndCopyInto(AbstractPipeline.java:472)
	at java.util.stream.ReduceOps$ReduceOp.evaluateSequential(ReduceOps.java:708)
	at java.util.stream.AbstractPipeline.evaluate(AbstractPipeline.java:234)
	at java.util.stream.ReferencePipeline.collect(ReferencePipeline.java:499)
	at eu.stamp_project.dspot.DSpot.amplifyTestClassesTestMethods(DSpot.java:256)
	at eu.stamp_project.Main.run(Main.java:65)
	at eu.stamp_project.DSpotMojo.execute(DSpotMojo.java:311)
	at org.apache.maven.plugin.DefaultBuildPluginManager.executeMojo(DefaultBuildPluginManager.java:134)
	at org.apache.maven.lifecycle.internal.MojoExecutor.execute(MojoExecutor.java:207)
	at org.apache.maven.lifecycle.internal.MojoExecutor.execute(MojoExecutor.java:153)
	at org.apache.maven.lifecycle.internal.MojoExecutor.execute(MojoExecutor.java:145)
	at org.apache.maven.lifecycle.internal.LifecycleModuleBuilder.buildProject(LifecycleModuleBuilder.java:116)
	at org.apache.maven.lifecycle.internal.LifecycleModuleBuilder.buildProject(LifecycleModuleBuilder.java:80)
	at org.apache.maven.lifecycle.internal.builder.singlethreaded.SingleThreadedBuilder.build(SingleThreadedBuilder.java:51)
	at org.apache.maven.lifecycle.internal.LifecycleStarter.execute(LifecycleStarter.java:128)
	at org.apache.maven.DefaultMaven.doExecute(DefaultMaven.java:307)
	at org.apache.maven.DefaultMaven.doExecute(DefaultMaven.java:193)
	at org.apache.maven.DefaultMaven.execute(DefaultMaven.java:106)
	at org.apache.maven.cli.MavenCli.execute(MavenCli.java:863)
	at org.apache.maven.cli.MavenCli.doMain(MavenCli.java:288)
	at org.apache.maven.cli.MavenCli.main(MavenCli.java:199)
	at sun.reflect.NativeMethodAccessorImpl.invoke0(Native Method)
	at sun.reflect.NativeMethodAccessorImpl.invoke(NativeMethodAccessorImpl.java:62)
	at sun.reflect.DelegatingMethodAccessorImpl.invoke(DelegatingMethodAccessorImpl.java:43)
	at java.lang.reflect.Method.invoke(Method.java:498)
	at org.codehaus.plexus.classworlds.launcher.Launcher.launchEnhanced(Launcher.java:289)
	at org.codehaus.plexus.classworlds.launcher.Launcher.launch(Launcher.java:229)
	at org.codehaus.plexus.classworlds.launcher.Launcher.mainWithExitCode(Launcher.java:415)
	at org.codehaus.plexus.classworlds.launcher.Launcher.main(Launcher.java:356)

Something bad happened during assertion amplification
java.lang.RuntimeException: Forked process did not finished correctly
	at eu.stamp_project.testrunner.EntryPoint.runGivenCommandLine(EntryPoint.java:417)
	at eu.stamp_project.testrunner.EntryPoint.runTests(EntryPoint.java:198)
	at eu.stamp_project.testrunner.EntryPoint.runTests(EntryPoint.java:193)
	at eu.stamp_project.testrunner.EntryPoint.runTests(EntryPoint.java:154)
	at eu.stamp_project.utils.execution.TestRunner.run(TestRunner.java:98)
	at eu.stamp_project.utils.execution.TestRunner.runGivenTestMethods(TestRunner.java:66)
	at eu.stamp_project.utils.compilation.TestCompiler.compileAndRun(TestCompiler.java:99)
	at eu.stamp_project.dspot.assertgenerator.MethodsAssertGenerator.addAssertions(MethodsAssertGenerator.java:118)
	at eu.stamp_project.dspot.assertgenerator.AssertGenerator.innerAssertionAmplification(AssertGenerator.java:136)
	at eu.stamp_project.dspot.assertgenerator.AssertGenerator.assertionAmplification(AssertGenerator.java:76)
	at eu.stamp_project.dspot.Amplification.assertionsAmplification(Amplification.java:214)
	at eu.stamp_project.dspot.Amplification.amplification(Amplification.java:186)
	at eu.stamp_project.dspot.Amplification.amplification(Amplification.java:131)
	at eu.stamp_project.dspot.DSpot._amplify(DSpot.java:274)
	at eu.stamp_project.dspot.DSpot.lambda$amplifyTestClassesTestMethods$5(DSpot.java:255)
	at java.util.stream.ReferencePipeline$3$1.accept(ReferencePipeline.java:193)
	at java.util.ArrayList$ArrayListSpliterator.forEachRemaining(ArrayList.java:1382)
	at java.util.stream.AbstractPipeline.copyInto(AbstractPipeline.java:482)
	at java.util.stream.AbstractPipeline.wrapAndCopyInto(AbstractPipeline.java:472)
	at java.util.stream.ReduceOps$ReduceOp.evaluateSequential(ReduceOps.java:708)
	at java.util.stream.AbstractPipeline.evaluate(AbstractPipeline.java:234)
	at java.util.stream.ReferencePipeline.collect(ReferencePipeline.java:499)
	at eu.stamp_project.dspot.DSpot.amplifyTestClassesTestMethods(DSpot.java:256)
	at eu.stamp_project.Main.run(Main.java:65)
	at eu.stamp_project.DSpotMojo.execute(DSpotMojo.java:311)
	at org.apache.maven.plugin.DefaultBuildPluginManager.executeMojo(DefaultBuildPluginManager.java:134)
	at org.apache.maven.lifecycle.internal.MojoExecutor.execute(MojoExecutor.java:207)
	at org.apache.maven.lifecycle.internal.MojoExecutor.execute(MojoExecutor.java:153)
	at org.apache.maven.lifecycle.internal.MojoExecutor.execute(MojoExecutor.java:145)
	at org.apache.maven.lifecycle.internal.LifecycleModuleBuilder.buildProject(LifecycleModuleBuilder.java:116)
	at org.apache.maven.lifecycle.internal.LifecycleModuleBuilder.buildProject(LifecycleModuleBuilder.java:80)
	at org.apache.maven.lifecycle.internal.builder.singlethreaded.SingleThreadedBuilder.build(SingleThreadedBuilder.java:51)
	at org.apache.maven.lifecycle.internal.LifecycleStarter.execute(LifecycleStarter.java:128)
	at org.apache.maven.DefaultMaven.doExecute(DefaultMaven.java:307)
	at org.apache.maven.DefaultMaven.doExecute(DefaultMaven.java:193)
	at org.apache.maven.DefaultMaven.execute(DefaultMaven.java:106)
	at org.apache.maven.cli.MavenCli.execute(MavenCli.java:863)
	at org.apache.maven.cli.MavenCli.doMain(MavenCli.java:288)
	at org.apache.maven.cli.MavenCli.main(MavenCli.java:199)
	at sun.reflect.NativeMethodAccessorImpl.invoke0(Native Method)
	at sun.reflect.NativeMethodAccessorImpl.invoke(NativeMethodAccessorImpl.java:62)
	at sun.reflect.DelegatingMethodAccessorImpl.invoke(DelegatingMethodAccessorImpl.java:43)
	at java.lang.reflect.Method.invoke(Method.java:498)
	at org.codehaus.plexus.classworlds.launcher.Launcher.launchEnhanced(Launcher.java:289)
	at org.codehaus.plexus.classworlds.launcher.Launcher.launch(Launcher.java:229)
	at org.codehaus.plexus.classworlds.launcher.Launcher.mainWithExitCode(Launcher.java:415)
	at org.codehaus.plexus.classworlds.launcher.Launcher.main(Launcher.java:356)

Something bad happened during input amplification.
java.lang.NullPointerException

Something bad happened when DSpot tried to execute the tests before starting the amplification.
java.lang.RuntimeException: Forked process did not finished correctly
	at eu.stamp_project.testrunner.EntryPoint.runGivenCommandLine(EntryPoint.java:417)
	at eu.stamp_project.testrunner.EntryPoint.runTests(EntryPoint.java:198)
	at eu.stamp_project.testrunner.EntryPoint.runTests(EntryPoint.java:193)
	at eu.stamp_project.testrunner.EntryPoint.runTests(EntryPoint.java:154)
	at eu.stamp_project.utils.execution.TestRunner.run(TestRunner.java:98)
	at eu.stamp_project.utils.execution.TestRunner.runGivenTestMethods(TestRunner.java:66)
	at eu.stamp_project.utils.compilation.TestCompiler.compileAndRun(TestCompiler.java:99)
	at eu.stamp_project.utils.compilation.TestCompiler.compileRunAndDiscardUncompilableAndFailingTestMethods(TestCompiler.java:55)
	at eu.stamp_project.dspot.Amplification.amplification(Amplification.java:92)
	at eu.stamp_project.dspot.DSpot._amplify(DSpot.java:274)
	at eu.stamp_project.dspot.DSpot.lambda$amplifyTestClassesTestMethods$5(DSpot.java:255)
	at java.util.stream.ReferencePipeline$3$1.accept(ReferencePipeline.java:193)
	at java.util.ArrayList$ArrayListSpliterator.forEachRemaining(ArrayList.java:1382)
	at java.util.stream.AbstractPipeline.copyInto(AbstractPipeline.java:482)
	at java.util.stream.AbstractPipeline.wrapAndCopyInto(AbstractPipeline.java:472)
	at java.util.stream.ReduceOps$ReduceOp.evaluateSequential(ReduceOps.java:708)
	at java.util.stream.AbstractPipeline.evaluate(AbstractPipeline.java:234)
	at java.util.stream.ReferencePipeline.collect(ReferencePipeline.java:499)
	at eu.stamp_project.dspot.DSpot.amplifyTestClassesTestMethods(DSpot.java:256)
	at eu.stamp_project.Main.run(Main.java:65)
	at eu.stamp_project.DSpotMojo.execute(DSpotMojo.java:311)
	at org.apache.maven.plugin.DefaultBuildPluginManager.executeMojo(DefaultBuildPluginManager.java:134)
	at org.apache.maven.lifecycle.internal.MojoExecutor.execute(MojoExecutor.java:207)
	at org.apache.maven.lifecycle.internal.MojoExecutor.execute(MojoExecutor.java:153)
	at org.apache.maven.lifecycle.internal.MojoExecutor.execute(MojoExecutor.java:145)
	at org.apache.maven.lifecycle.internal.LifecycleModuleBuilder.buildProject(LifecycleModuleBuilder.java:116)
	at org.apache.maven.lifecycle.internal.LifecycleModuleBuilder.buildProject(LifecycleModuleBuilder.java:80)
	at org.apache.maven.lifecycle.internal.builder.singlethreaded.SingleThreadedBuilder.build(SingleThreadedBuilder.java:51)
	at org.apache.maven.lifecycle.internal.LifecycleStarter.execute(LifecycleStarter.java:128)
	at org.apache.maven.DefaultMaven.doExecute(DefaultMaven.java:307)
	at org.apache.maven.DefaultMaven.doExecute(DefaultMaven.java:193)
	at org.apache.maven.DefaultMaven.execute(DefaultMaven.java:106)
	at org.apache.maven.cli.MavenCli.execute(MavenCli.java:863)
	at org.apache.maven.cli.MavenCli.doMain(MavenCli.java:288)
	at org.apache.maven.cli.MavenCli.main(MavenCli.java:199)
	at sun.reflect.NativeMethodAccessorImpl.invoke0(Native Method)
	at sun.reflect.NativeMethodAccessorImpl.invoke(NativeMethodAccessorImpl.java:62)
	at sun.reflect.DelegatingMethodAccessorImpl.invoke(DelegatingMethodAccessorImpl.java:43)
	at java.lang.reflect.Method.invoke(Method.java:498)
	at org.codehaus.plexus.classworlds.launcher.Launcher.launchEnhanced(Launcher.java:289)
	at org.codehaus.plexus.classworlds.launcher.Launcher.launch(Launcher.java:229)
	at org.codehaus.plexus.classworlds.launcher.Launcher.mainWithExitCode(Launcher.java:415)
	at org.codehaus.plexus.classworlds.launcher.Launcher.main(Launcher.java:356)

Something bad happened when DSpot tried to execute the tests before starting the amplification.
java.lang.RuntimeException: Forked process did not finished correctly
	at eu.stamp_project.testrunner.EntryPoint.runGivenCommandLine(EntryPoint.java:417)
	at eu.stamp_project.testrunner.EntryPoint.runTests(EntryPoint.java:198)
	at eu.stamp_project.testrunner.EntryPoint.runTests(EntryPoint.java:193)
	at eu.stamp_project.testrunner.EntryPoint.runTests(EntryPoint.java:154)
	at eu.stamp_project.utils.execution.TestRunner.run(TestRunner.java:98)
	at eu.stamp_project.utils.execution.TestRunner.runGivenTestMethods(TestRunner.java:66)
	at eu.stamp_project.utils.compilation.TestCompiler.compileAndRun(TestCompiler.java:99)
	at eu.stamp_project.utils.compilation.TestCompiler.compileRunAndDiscardUncompilableAndFailingTestMethods(TestCompiler.java:55)
	at eu.stamp_project.dspot.Amplification.amplification(Amplification.java:92)
	at eu.stamp_project.dspot.DSpot._amplify(DSpot.java:274)
	at eu.stamp_project.dspot.DSpot.lambda$amplifyTestClassesTestMethods$5(DSpot.java:255)
	at java.util.stream.ReferencePipeline$3$1.accept(ReferencePipeline.java:193)
	at java.util.ArrayList$ArrayListSpliterator.forEachRemaining(ArrayList.java:1382)
	at java.util.stream.AbstractPipeline.copyInto(AbstractPipeline.java:482)
	at java.util.stream.AbstractPipeline.wrapAndCopyInto(AbstractPipeline.java:472)
	at java.util.stream.ReduceOps$ReduceOp.evaluateSequential(ReduceOps.java:708)
	at java.util.stream.AbstractPipeline.evaluate(AbstractPipeline.java:234)
	at java.util.stream.ReferencePipeline.collect(ReferencePipeline.java:499)
	at eu.stamp_project.dspot.DSpot.amplifyTestClassesTestMethods(DSpot.java:256)
	at eu.stamp_project.Main.run(Main.java:65)
	at eu.stamp_project.DSpotMojo.execute(DSpotMojo.java:311)
	at org.apache.maven.plugin.DefaultBuildPluginManager.executeMojo(DefaultBuildPluginManager.java:134)
	at org.apache.maven.lifecycle.internal.MojoExecutor.execute(MojoExecutor.java:207)
	at org.apache.maven.lifecycle.internal.MojoExecutor.execute(MojoExecutor.java:153)
	at org.apache.maven.lifecycle.internal.MojoExecutor.execute(MojoExecutor.java:145)
	at org.apache.maven.lifecycle.internal.LifecycleModuleBuilder.buildProject(LifecycleModuleBuilder.java:116)
	at org.apache.maven.lifecycle.internal.LifecycleModuleBuilder.buildProject(LifecycleModuleBuilder.java:80)
	at org.apache.maven.lifecycle.internal.builder.singlethreaded.SingleThreadedBuilder.build(SingleThreadedBuilder.java:51)
	at org.apache.maven.lifecycle.internal.LifecycleStarter.execute(LifecycleStarter.java:128)
	at org.apache.maven.DefaultMaven.doExecute(DefaultMaven.java:307)
	at org.apache.maven.DefaultMaven.doExecute(DefaultMaven.java:193)
	at org.apache.maven.DefaultMaven.execute(DefaultMaven.java:106)
	at org.apache.maven.cli.MavenCli.execute(MavenCli.java:863)
	at org.apache.maven.cli.MavenCli.doMain(MavenCli.java:288)
	at org.apache.maven.cli.MavenCli.main(MavenCli.java:199)
	at sun.reflect.NativeMethodAccessorImpl.invoke0(Native Method)
	at sun.reflect.NativeMethodAccessorImpl.invoke(NativeMethodAccessorImpl.java:62)
	at sun.reflect.DelegatingMethodAccessorImpl.invoke(DelegatingMethodAccessorImpl.java:43)
	at java.lang.reflect.Method.invoke(Method.java:498)
	at org.codehaus.plexus.classworlds.launcher.Launcher.launchEnhanced(Launcher.java:289)
	at org.codehaus.plexus.classworlds.launcher.Launcher.launch(Launcher.java:229)
	at org.codehaus.plexus.classworlds.launcher.Launcher.mainWithExitCode(Launcher.java:415)
	at org.codehaus.plexus.classworlds.launcher.Launcher.main(Launcher.java:356)

Something bad happened when DSpot tried to print a test class using the toString()
spoon.SpoonException: Cannot compute access path to type: com.github.mustachejava.AmplInterpreterTest$7$1 in context of type: com.github.mustachejavabenchmarks.AmplJsonInterpreterTest$7
	at spoon.support.reflect.reference.CtTypeReferenceImpl.getAccessType(CtTypeReferenceImpl.java:705)
	at spoon.reflect.visitor.ImportScannerImpl.visitCtTypeReference(ImportScannerImpl.java:126)
	at spoon.support.reflect.reference.CtTypeReferenceImpl.accept(CtTypeReferenceImpl.java:82)
	at spoon.reflect.visitor.ImportScannerImpl.scan(ImportScannerImpl.java:148)
	at spoon.reflect.visitor.ImportScannerImpl.visitCtExecutableReference(ImportScannerImpl.java:113)
	at spoon.support.reflect.reference.CtExecutableReferenceImpl.accept(CtExecutableReferenceImpl.java:86)
	at spoon.reflect.visitor.ImportScannerImpl.scan(ImportScannerImpl.java:148)
	at spoon.reflect.visitor.CtScanner.scan(CtScanner.java:176)
	at spoon.reflect.visitor.CtScanner.visitCtNewClass(CtScanner.java:604)
	at spoon.support.reflect.code.CtNewClassImpl.accept(CtNewClassImpl.java:34)
	at spoon.reflect.visitor.ImportScannerImpl.scan(ImportScannerImpl.java:148)
	at spoon.reflect.visitor.CtScanner.scan(CtScanner.java:176)
	at spoon.reflect.visitor.CtScanner.visitCtField(CtScanner.java:419)
	at spoon.support.reflect.declaration.CtFieldImpl.accept(CtFieldImpl.java:61)
	at spoon.reflect.visitor.ImportScannerImpl.scan(ImportScannerImpl.java:148)
	at spoon.reflect.visitor.CtScanner.scan(CtScanner.java:176)
	at spoon.reflect.visitor.CtScanner.scan(CtScanner.java:150)
	at spoon.reflect.visitor.CtScanner.visitCtClass(CtScanner.java:341)
	at spoon.reflect.visitor.ImportScannerImpl.visitCtClass(ImportScannerImpl.java:258)
	at spoon.support.reflect.declaration.CtClassImpl.accept(CtClassImpl.java:67)
	at spoon.reflect.visitor.ImportScannerImpl.scan(ImportScannerImpl.java:148)
	at spoon.reflect.visitor.CtScanner.scan(CtScanner.java:176)
	at spoon.reflect.visitor.CtScanner.visitCtNewClass(CtScanner.java:607)
	at spoon.support.reflect.code.CtNewClassImpl.accept(CtNewClassImpl.java:34)
	at spoon.reflect.visitor.ImportScannerImpl.scan(ImportScannerImpl.java:148)
	at spoon.reflect.visitor.CtScanner.scan(CtScanner.java:176)
	at spoon.reflect.visitor.CtScanner.scan(CtScanner.java:150)
	at spoon.reflect.visitor.CtScanner.scan(CtScanner.java:169)
	at spoon.reflect.visitor.ImportScannerImpl.visitCtInvocation(ImportScannerImpl.java:277)
	at spoon.support.reflect.code.CtInvocationImpl.accept(CtInvocationImpl.java:55)
	at spoon.reflect.visitor.ImportScannerImpl.scan(ImportScannerImpl.java:148)
	at spoon.reflect.visitor.CtScanner.scan(CtScanner.java:176)
	at spoon.reflect.visitor.CtScanner.visitCtLocalVariable(CtScanner.java:528)
	at spoon.support.reflect.code.CtLocalVariableImpl.accept(CtLocalVariableImpl.java:59)
	at spoon.reflect.visitor.ImportScannerImpl.scan(ImportScannerImpl.java:148)
	at spoon.reflect.visitor.CtScanner.scan(CtScanner.java:176)
	at spoon.reflect.visitor.CtScanner.scan(CtScanner.java:150)
	at spoon.reflect.visitor.CtScanner.visitCtBlock(CtScanner.java:305)
	at spoon.support.reflect.code.CtBlockImpl.accept(CtBlockImpl.java:67)
	at spoon.reflect.visitor.ImportScannerImpl.scan(ImportScannerImpl.java:148)
	at spoon.reflect.visitor.CtScanner.scan(CtScanner.java:176)
	at spoon.reflect.visitor.CtScanner.scan(CtScanner.java:150)
	at spoon.reflect.visitor.CtScanner.visitCtBlock(CtScanner.java:305)
	at spoon.support.reflect.code.CtBlockImpl.accept(CtBlockImpl.java:67)
	at spoon.reflect.visitor.ImportScannerImpl.scan(ImportScannerImpl.java:148)
	at spoon.reflect.visitor.CtScanner.scan(CtScanner.java:176)
	at spoon.reflect.visitor.CtScanner.visitCtTry(CtScanner.java:723)
	at spoon.support.reflect.code.CtTryImpl.accept(CtTryImpl.java:52)
	at spoon.reflect.visitor.ImportScannerImpl.scan(ImportScannerImpl.java:148)
	at spoon.reflect.visitor.CtScanner.scan(CtScanner.java:176)
	at spoon.reflect.visitor.CtScanner.scan(CtScanner.java:150)
	at spoon.reflect.visitor.CtScanner.visitCtBlock(CtScanner.java:305)
	at spoon.support.reflect.code.CtBlockImpl.accept(CtBlockImpl.java:67)
	at spoon.reflect.visitor.ImportScannerImpl.scan(ImportScannerImpl.java:148)
	at spoon.reflect.visitor.CtScanner.scan(CtScanner.java:176)
	at spoon.reflect.visitor.CtScanner.visitCtMethod(CtScanner.java:562)
	at spoon.support.reflect.declaration.CtMethodImpl.accept(CtMethodImpl.java:67)
	at spoon.reflect.visitor.ImportScannerImpl.scan(ImportScannerImpl.java:148)
	at spoon.reflect.visitor.CtScanner.scan(CtScanner.java:176)
	at spoon.reflect.visitor.CtScanner.scan(CtScanner.java:150)
	at spoon.reflect.visitor.CtScanner.visitCtClass(CtScanner.java:341)
	at spoon.reflect.visitor.ImportScannerImpl.visitCtClass(ImportScannerImpl.java:258)
	at spoon.support.reflect.declaration.CtClassImpl.accept(CtClassImpl.java:67)
	at spoon.reflect.visitor.ImportScannerImpl.scan(ImportScannerImpl.java:148)
	at spoon.reflect.visitor.ImportScannerImpl.computeImports(ImportScannerImpl.java:311)
	at spoon.support.reflect.declaration.CtElementImpl.toString(CtElementImpl.java:294)
	at eu.stamp_project.utils.DSpotUtils.printCtTypUsingToStringToGivenDirectory(DSpotUtils.java:92)
	at eu.stamp_project.utils.DSpotUtils.printCtTypeToGivenDirectory(DSpotUtils.java:74)
	at eu.stamp_project.utils.DSpotUtils.printAndCompileToCheck(DSpotUtils.java:119)
	at eu.stamp_project.dspot.DSpot._amplify(DSpot.java:300)
	at eu.stamp_project.dspot.DSpot.lambda$amplifyTestClassesTestMethods$5(DSpot.java:255)
	at java.util.stream.ReferencePipeline$3$1.accept(ReferencePipeline.java:193)
	at java.util.ArrayList$ArrayListSpliterator.forEachRemaining(ArrayList.java:1382)
	at java.util.stream.AbstractPipeline.copyInto(AbstractPipeline.java:482)
	at java.util.stream.AbstractPipeline.wrapAndCopyInto(AbstractPipeline.java:472)
	at java.util.stream.ReduceOps$ReduceOp.evaluateSequential(ReduceOps.java:708)
	at java.util.stream.AbstractPipeline.evaluate(AbstractPipeline.java:234)
	at java.util.stream.ReferencePipeline.collect(ReferencePipeline.java:499)
	at eu.stamp_project.dspot.DSpot.amplifyTestClassesTestMethods(DSpot.java:256)
	at eu.stamp_project.Main.run(Main.java:65)
	at eu.stamp_project.DSpotMojo.execute(DSpotMojo.java:311)
	at org.apache.maven.plugin.DefaultBuildPluginManager.executeMojo(DefaultBuildPluginManager.java:134)
	at org.apache.maven.lifecycle.internal.MojoExecutor.execute(MojoExecutor.java:207)
	at org.apache.maven.lifecycle.internal.MojoExecutor.execute(MojoExecutor.java:153)
	at org.apache.maven.lifecycle.internal.MojoExecutor.execute(MojoExecutor.java:145)
	at org.apache.maven.lifecycle.internal.LifecycleModuleBuilder.buildProject(LifecycleModuleBuilder.java:116)
	at org.apache.maven.lifecycle.internal.LifecycleModuleBuilder.buildProject(LifecycleModuleBuilder.java:80)
	at org.apache.maven.lifecycle.internal.builder.singlethreaded.SingleThreadedBuilder.build(SingleThreadedBuilder.java:51)
	at org.apache.maven.lifecycle.internal.LifecycleStarter.execute(LifecycleStarter.java:128)
	at org.apache.maven.DefaultMaven.doExecute(DefaultMaven.java:307)
	at org.apache.maven.DefaultMaven.doExecute(DefaultMaven.java:193)
	at org.apache.maven.DefaultMaven.execute(DefaultMaven.java:106)
	at org.apache.maven.cli.MavenCli.execute(MavenCli.java:863)
	at org.apache.maven.cli.MavenCli.doMain(MavenCli.java:288)
	at org.apache.maven.cli.MavenCli.main(MavenCli.java:199)
	at sun.reflect.NativeMethodAccessorImpl.invoke0(Native Method)
	at sun.reflect.NativeMethodAccessorImpl.invoke(NativeMethodAccessorImpl.java:62)
	at sun.reflect.DelegatingMethodAccessorImpl.invoke(DelegatingMethodAccessorImpl.java:43)
	at java.lang.reflect.Method.invoke(Method.java:498)
	at org.codehaus.plexus.classworlds.launcher.Launcher.launchEnhanced(Launcher.java:289)
	at org.codehaus.plexus.classworlds.launcher.Launcher.launch(Launcher.java:229)
	at org.codehaus.plexus.classworlds.launcher.Launcher.mainWithExitCode(Launcher.java:415)
	at org.codehaus.plexus.classworlds.launcher.Launcher.main(Launcher.java:356)

Something bad happened when DSpot tried to execute the tests before starting the amplification.
java.lang.RuntimeException: Forked process did not finished correctly
	at eu.stamp_project.testrunner.EntryPoint.runGivenCommandLine(EntryPoint.java:417)
	at eu.stamp_project.testrunner.EntryPoint.runTests(EntryPoint.java:198)
	at eu.stamp_project.testrunner.EntryPoint.runTests(EntryPoint.java:193)
	at eu.stamp_project.testrunner.EntryPoint.runTests(EntryPoint.java:154)
	at eu.stamp_project.utils.execution.TestRunner.run(TestRunner.java:98)
	at eu.stamp_project.utils.execution.TestRunner.runGivenTestMethods(TestRunner.java:66)
	at eu.stamp_project.utils.compilation.TestCompiler.compileAndRun(TestCompiler.java:99)
	at eu.stamp_project.utils.compilation.TestCompiler.compileRunAndDiscardUncompilableAndFailingTestMethods(TestCompiler.java:55)
	at eu.stamp_project.dspot.Amplification.amplification(Amplification.java:92)
	at eu.stamp_project.dspot.DSpot._amplify(DSpot.java:274)
	at eu.stamp_project.dspot.DSpot.lambda$amplifyTestClassesTestMethods$5(DSpot.java:255)
	at java.util.stream.ReferencePipeline$3$1.accept(ReferencePipeline.java:193)
	at java.util.ArrayList$ArrayListSpliterator.forEachRemaining(ArrayList.java:1382)
	at java.util.stream.AbstractPipeline.copyInto(AbstractPipeline.java:482)
	at java.util.stream.AbstractPipeline.wrapAndCopyInto(AbstractPipeline.java:472)
	at java.util.stream.ReduceOps$ReduceOp.evaluateSequential(ReduceOps.java:708)
	at java.util.stream.AbstractPipeline.evaluate(AbstractPipeline.java:234)
	at java.util.stream.ReferencePipeline.collect(ReferencePipeline.java:499)
	at eu.stamp_project.dspot.DSpot.amplifyTestClassesTestMethods(DSpot.java:256)
	at eu.stamp_project.Main.run(Main.java:65)
	at eu.stamp_project.DSpotMojo.execute(DSpotMojo.java:311)
	at org.apache.maven.plugin.DefaultBuildPluginManager.executeMojo(DefaultBuildPluginManager.java:134)
	at org.apache.maven.lifecycle.internal.MojoExecutor.execute(MojoExecutor.java:207)
	at org.apache.maven.lifecycle.internal.MojoExecutor.execute(MojoExecutor.java:153)
	at org.apache.maven.lifecycle.internal.MojoExecutor.execute(MojoExecutor.java:145)
	at org.apache.maven.lifecycle.internal.LifecycleModuleBuilder.buildProject(LifecycleModuleBuilder.java:116)
	at org.apache.maven.lifecycle.internal.LifecycleModuleBuilder.buildProject(LifecycleModuleBuilder.java:80)
	at org.apache.maven.lifecycle.internal.builder.singlethreaded.SingleThreadedBuilder.build(SingleThreadedBuilder.java:51)
	at org.apache.maven.lifecycle.internal.LifecycleStarter.execute(LifecycleStarter.java:128)
	at org.apache.maven.DefaultMaven.doExecute(DefaultMaven.java:307)
	at org.apache.maven.DefaultMaven.doExecute(DefaultMaven.java:193)
	at org.apache.maven.DefaultMaven.execute(DefaultMaven.java:106)
	at org.apache.maven.cli.MavenCli.execute(MavenCli.java:863)
	at org.apache.maven.cli.MavenCli.doMain(MavenCli.java:288)
	at org.apache.maven.cli.MavenCli.main(MavenCli.java:199)
	at sun.reflect.NativeMethodAccessorImpl.invoke0(Native Method)
	at sun.reflect.NativeMethodAccessorImpl.invoke(NativeMethodAccessorImpl.java:62)
	at sun.reflect.DelegatingMethodAccessorImpl.invoke(DelegatingMethodAccessorImpl.java:43)
	at java.lang.reflect.Method.invoke(Method.java:498)
	at org.codehaus.plexus.classworlds.launcher.Launcher.launchEnhanced(Launcher.java:289)
	at org.codehaus.plexus.classworlds.launcher.Launcher.launch(Launcher.java:229)
	at org.codehaus.plexus.classworlds.launcher.Launcher.mainWithExitCode(Launcher.java:415)
	at org.codehaus.plexus.classworlds.launcher.Launcher.main(Launcher.java:356)
