Apache Maven 3.5.4 (1edded0938998edf8bf061f1ceb3cfdeccf443fe; 2018-06-17T20:33:14+02:00)
Maven home: /home/spirals/danglot/apache-maven-3.5.4
Java version: 1.8.0_121, vendor: Oracle Corporation, runtime: /home/spirals/danglot/jdk1.8.0_121/jre
Default locale: en_US, platform encoding: ANSI_X3.4-1968
OS name: "linux", version: "3.16.0-6-amd64", arch: "amd64", family: "unix"
[DEBUG] Created new class realm maven.api
[DEBUG] Importing foreign packages into class realm maven.api
[DEBUG]   Imported: javax.annotation.* < plexus.core
[DEBUG]   Imported: javax.annotation.security.* < plexus.core
[DEBUG]   Imported: javax.enterprise.inject.* < plexus.core
[DEBUG]   Imported: javax.enterprise.util.* < plexus.core
[DEBUG]   Imported: javax.inject.* < plexus.core
[DEBUG]   Imported: org.apache.maven.* < plexus.core
[DEBUG]   Imported: org.apache.maven.artifact < plexus.core
[DEBUG]   Imported: org.apache.maven.classrealm < plexus.core
[DEBUG]   Imported: org.apache.maven.cli < plexus.core
[DEBUG]   Imported: org.apache.maven.configuration < plexus.core
[DEBUG]   Imported: org.apache.maven.exception < plexus.core
[DEBUG]   Imported: org.apache.maven.execution < plexus.core
[DEBUG]   Imported: org.apache.maven.execution.scope < plexus.core
[DEBUG]   Imported: org.apache.maven.lifecycle < plexus.core
[DEBUG]   Imported: org.apache.maven.model < plexus.core
[DEBUG]   Imported: org.apache.maven.monitor < plexus.core
[DEBUG]   Imported: org.apache.maven.plugin < plexus.core
[DEBUG]   Imported: org.apache.maven.profiles < plexus.core
[DEBUG]   Imported: org.apache.maven.project < plexus.core
[DEBUG]   Imported: org.apache.maven.reporting < plexus.core
[DEBUG]   Imported: org.apache.maven.repository < plexus.core
[DEBUG]   Imported: org.apache.maven.rtinfo < plexus.core
[DEBUG]   Imported: org.apache.maven.settings < plexus.core
[DEBUG]   Imported: org.apache.maven.toolchain < plexus.core
[DEBUG]   Imported: org.apache.maven.usability < plexus.core
[DEBUG]   Imported: org.apache.maven.wagon.* < plexus.core
[DEBUG]   Imported: org.apache.maven.wagon.authentication < plexus.core
[DEBUG]   Imported: org.apache.maven.wagon.authorization < plexus.core
[DEBUG]   Imported: org.apache.maven.wagon.events < plexus.core
[DEBUG]   Imported: org.apache.maven.wagon.observers < plexus.core
[DEBUG]   Imported: org.apache.maven.wagon.proxy < plexus.core
[DEBUG]   Imported: org.apache.maven.wagon.repository < plexus.core
[DEBUG]   Imported: org.apache.maven.wagon.resource < plexus.core
[DEBUG]   Imported: org.codehaus.classworlds < plexus.core
[DEBUG]   Imported: org.codehaus.plexus.* < plexus.core
[DEBUG]   Imported: org.codehaus.plexus.classworlds < plexus.core
[DEBUG]   Imported: org.codehaus.plexus.component < plexus.core
[DEBUG]   Imported: org.codehaus.plexus.configuration < plexus.core
[DEBUG]   Imported: org.codehaus.plexus.container < plexus.core
[DEBUG]   Imported: org.codehaus.plexus.context < plexus.core
[DEBUG]   Imported: org.codehaus.plexus.lifecycle < plexus.core
[DEBUG]   Imported: org.codehaus.plexus.logging < plexus.core
[DEBUG]   Imported: org.codehaus.plexus.personality < plexus.core
[DEBUG]   Imported: org.codehaus.plexus.util.xml.Xpp3Dom < plexus.core
[DEBUG]   Imported: org.codehaus.plexus.util.xml.pull.XmlPullParser < plexus.core
[DEBUG]   Imported: org.codehaus.plexus.util.xml.pull.XmlPullParserException < plexus.core
[DEBUG]   Imported: org.codehaus.plexus.util.xml.pull.XmlSerializer < plexus.core
[DEBUG]   Imported: org.eclipse.aether.* < plexus.core
[DEBUG]   Imported: org.eclipse.aether.artifact < plexus.core
[DEBUG]   Imported: org.eclipse.aether.collection < plexus.core
[DEBUG]   Imported: org.eclipse.aether.deployment < plexus.core
[DEBUG]   Imported: org.eclipse.aether.graph < plexus.core
[DEBUG]   Imported: org.eclipse.aether.impl < plexus.core
[DEBUG]   Imported: org.eclipse.aether.installation < plexus.core
[DEBUG]   Imported: org.eclipse.aether.internal.impl < plexus.core
[DEBUG]   Imported: org.eclipse.aether.metadata < plexus.core
[DEBUG]   Imported: org.eclipse.aether.repository < plexus.core
[DEBUG]   Imported: org.eclipse.aether.resolution < plexus.core
[DEBUG]   Imported: org.eclipse.aether.spi < plexus.core
[DEBUG]   Imported: org.eclipse.aether.transfer < plexus.core
[DEBUG]   Imported: org.eclipse.aether.version < plexus.core
[DEBUG]   Imported: org.fusesource.jansi.* < plexus.core
[DEBUG]   Imported: org.slf4j.* < plexus.core
[DEBUG]   Imported: org.slf4j.helpers.* < plexus.core
[DEBUG]   Imported: org.slf4j.spi.* < plexus.core
[DEBUG] Populating class realm maven.api
[INFO] Error stacktraces are turned on.
[DEBUG] Message scheme: color
[DEBUG] Message styles: debug info warning error success failure strong mojo project
[DEBUG] Reading global settings from /home/spirals/danglot/apache-maven-3.5.4/conf/settings.xml
[DEBUG] Reading user settings from /home/spirals/danglot/.m2/settings.xml
[DEBUG] Reading global toolchains from /home/spirals/danglot/apache-maven-3.5.4/conf/toolchains.xml
[DEBUG] Reading user toolchains from /home/spirals/danglot/.m2/toolchains.xml
[DEBUG] Using local repository at /home/spirals/danglot/.m2/repository
[DEBUG] Using manager EnhancedLocalRepositoryManager with priority 10.0 for /home/spirals/danglot/.m2/repository
[INFO] Scanning for projects...
[DEBUG] Extension realms for project com.urbanairship:java-client:jar:1.3.1-SNAPSHOT: (none)
[DEBUG] Looking up lifecycle mappings for packaging jar from ClassRealm[plexus.core, parent: null]
[DEBUG] Extension realms for project org.sonatype.oss:oss-parent:pom:7: (none)
[DEBUG] Looking up lifecycle mappings for packaging pom from ClassRealm[plexus.core, parent: null]
[DEBUG] === REACTOR BUILD PLAN ================================================
[DEBUG] Project: com.urbanairship:java-client:jar:1.3.1-SNAPSHOT
[DEBUG] Tasks:   [eu.stamp-project:dspot-maven:1.1.1-SNAPSHOT:amplify-unit-tests]
[DEBUG] Style:   Regular
[DEBUG] =======================================================================
[INFO] 
[INFO] --------------------< com.urbanairship:java-client >--------------------
[INFO] Building Java Client 1.3.1-SNAPSHOT
[INFO] --------------------------------[ jar ]---------------------------------
[DEBUG] Lifecycle default -> [validate, initialize, generate-sources, process-sources, generate-resources, process-resources, compile, process-classes, generate-test-sources, process-test-sources, generate-test-resources, process-test-resources, test-compile, process-test-classes, test, prepare-package, package, pre-integration-test, integration-test, post-integration-test, verify, install, deploy]
[DEBUG] Lifecycle clean -> [pre-clean, clean, post-clean]
[DEBUG] Lifecycle site -> [pre-site, site, post-site, site-deploy]
[DEBUG] === PROJECT BUILD PLAN ================================================
[DEBUG] Project:       com.urbanairship:java-client:1.3.1-SNAPSHOT
[DEBUG] Dependencies (collect): []
[DEBUG] Dependencies (resolve): [test]
[DEBUG] Repositories (dependencies): [sonatype-nexus-snapshots (https://oss.sonatype.org/content/repositories/snapshots, default, snapshots), central (https://repo.maven.apache.org/maven2, default, releases)]
[DEBUG] Repositories (plugins)     : [central (https://repo.maven.apache.org/maven2, default, releases)]
[DEBUG] -----------------------------------------------------------------------
[DEBUG] Goal:          eu.stamp-project:dspot-maven:1.1.1-SNAPSHOT:amplify-unit-tests (default-cli)
[DEBUG] Style:         Regular
[DEBUG] Configuration: <?xml version="1.0" encoding="UTF-8"?>
<configuration>
  <amplifiers default-value="None">${amplifiers}</amplifiers>
  <automaticBuilder default-value="MavenBuilder">${automatic-builder}</automaticBuilder>
  <budgetizer default-value="NoBudgetizer">${budgetizer}</budgetizer>
  <cases>${cases}</cases>
  <clean default-value="false">${clean}</clean>
  <descartes default-value="false">${descartes}</descartes>
  <example default-value="false">${example}</example>
  <generateNewTestClass default-value="false">${generate-new-test-class}</generateNewTestClass>
  <help default-value="false">${help}</help>
  <iteration default-value="3">${iteration}</iteration>
  <mavenHome>${maven-home}</mavenHome>
  <maxTestAmplified default-value="200">${max-test-amplified}</maxTestAmplified>
  <noMinimize default-value="false">${no-minimize}</noMinimize>
  <outputPath default-value="target/dspot/output">${output-path}</outputPath>
  <pathPitResult>${path-pit-result}</pathPitResult>
  <pathToProperties default-value="">${path-to-properties}</pathToProperties>
  <pathToSecondVersion default-value="">${path-to-second-version}</pathToSecondVersion>
  <pathToTestListCsv default-value="">${path-to-test-list-csv}</pathToTestListCsv>
  <project default-value="${project}"/>
  <randomSeed default-value="23">${randomSeed}</randomSeed>
  <test default-value="all">${test}</test>
  <testCriterion default-value="PitMutantScoreSelector">${test-criterion}</testCriterion>
  <timeOut default-value="10000">${timeOut}</timeOut>
  <useMavenToExeTest default-value="false">${use-maven-to-exe-test}</useMavenToExeTest>
  <verbose default-value="false">${verbose}</verbose>
  <withComment default-value="false">${with-comment}</withComment>
  <workingDirectory default-value="false">${working-directory}</workingDirectory>
</configuration>
[DEBUG] =======================================================================
[DEBUG] Dependency collection stats: {ConflictMarker.analyzeTime=2991436, ConflictMarker.markTime=1525635, ConflictMarker.nodeCount=110, ConflictIdSorter.graphTime=1798653, ConflictIdSorter.topsortTime=975329, ConflictIdSorter.conflictIdCount=54, ConflictIdSorter.conflictIdCycleCount=0, ConflictResolver.totalTime=24726692, ConflictResolver.conflictItemCount=93, DefaultDependencyCollector.collectTime=1473483223, DefaultDependencyCollector.transformTime=36706175}
[DEBUG] com.urbanairship:java-client:jar:1.3.1-SNAPSHOT
[DEBUG]    commons-lang:commons-lang:jar:2.6:compile
[DEBUG]    com.fasterxml.jackson.core:jackson-databind:jar:2.8.8:compile
[DEBUG]       com.fasterxml.jackson.core:jackson-annotations:jar:2.8.0:compile
[DEBUG]    com.google.code.findbugs:jsr305:jar:3.0.2:compile
[DEBUG]    com.fasterxml.jackson.core:jackson-core:jar:2.8.8:compile
[DEBUG]    com.fasterxml.jackson.datatype:jackson-datatype-joda:jar:2.8.8:compile
[DEBUG]    com.google.guava:guava:jar:19.0:compile
[DEBUG]    joda-time:joda-time:jar:2.9.3:compile
[DEBUG]    org.joda:joda-convert:jar:1.8.1:compile
[DEBUG]    org.apache.httpcomponents:fluent-hc:jar:4.5.2:compile
[DEBUG]       org.apache.httpcomponents:httpclient:jar:4.5.2:compile
[DEBUG]          org.apache.httpcomponents:httpcore:jar:4.4.4:compile
[DEBUG]          commons-codec:commons-codec:jar:1.9:compile
[DEBUG]       commons-logging:commons-logging:jar:1.2:compile
[DEBUG]    org.slf4j:slf4j-api:jar:1.7.21:compile
[DEBUG]    org.asynchttpclient:async-http-client:jar:2.4.8:compile
[DEBUG]       org.asynchttpclient:async-http-client-netty-utils:jar:2.4.8:compile
[DEBUG]          io.netty:netty-buffer:jar:4.1.25.Final:compile
[DEBUG]       io.netty:netty-codec-http:jar:4.1.25.Final:compile
[DEBUG]          io.netty:netty-codec:jar:4.1.25.Final:compile
[DEBUG]       io.netty:netty-handler:jar:4.1.25.Final:compile
[DEBUG]          io.netty:netty-transport:jar:4.1.25.Final:compile
[DEBUG]       io.netty:netty-codec-socks:jar:4.1.25.Final:compile
[DEBUG]       io.netty:netty-handler-proxy:jar:4.1.25.Final:compile
[DEBUG]       io.netty:netty-transport-native-epoll:jar:linux-x86_64:4.1.25.Final:compile
[DEBUG]          io.netty:netty-common:jar:4.1.25.Final:compile
[DEBUG]          io.netty:netty-transport-native-unix-common:jar:4.1.25.Final:compile
[DEBUG]       io.netty:netty-resolver-dns:jar:4.1.25.Final:compile
[DEBUG]          io.netty:netty-resolver:jar:4.1.25.Final:compile
[DEBUG]          io.netty:netty-codec-dns:jar:4.1.25.Final:compile
[DEBUG]       org.reactivestreams:reactive-streams:jar:1.0.2:compile
[DEBUG]       com.typesafe.netty:netty-reactive-streams:jar:2.0.0:compile
[DEBUG]       com.sun.activation:javax.activation:jar:1.2.0:compile
[DEBUG]       org.hamcrest:java-hamcrest:jar:2.0.0.0:compile
[DEBUG]    com.opencsv:opencsv:jar:3.7:compile
[DEBUG]       org.apache.commons:commons-lang3:jar:3.3.2:compile
[DEBUG]    junit:junit:jar:4.10:test
[DEBUG]       org.hamcrest:hamcrest-core:jar:1.1:test
[DEBUG]    org.mockito:mockito-core:jar:1.9.5:test
[DEBUG]       org.objenesis:objenesis:jar:1.0:test
[DEBUG]    com.github.tomakehurst:wiremock:jar:standalone:1.56:test
[DEBUG]       xmlunit:xmlunit:jar:1.5:test
[DEBUG]       org.mortbay.jetty:jetty:jar:6.1.26:test
[DEBUG]          org.mortbay.jetty:jetty-util:jar:6.1.26:test
[DEBUG]          org.mortbay.jetty:servlet-api:jar:2.5-20081211:test
[DEBUG]       org.skyscreamer:jsonassert:jar:1.2.3:test
[DEBUG]          org.json:json:jar:20090211:test
[DEBUG]       com.jayway.jsonpath:json-path:jar:0.8.1:test
[DEBUG]          net.minidev:json-smart:jar:1.1.1:test
[DEBUG]       net.sf.jopt-simple:jopt-simple:jar:4.7:test
[DEBUG]    log4j:log4j:jar:1.2.17:test
[DEBUG]    org.slf4j:slf4j-log4j12:jar:1.7.21:test
[INFO] 
[INFO] --- dspot-maven:1.1.1-SNAPSHOT:amplify-unit-tests (default-cli) @ java-client ---
[DEBUG] Failure to find eu.stamp-project:dspot:1.1.1-SNAPSHOT/maven-metadata.xml in https://repo.gradle.org/gradle/libs-releases-local/ was cached in the local repository, resolution will not be reattempted until the update interval of gradle-repo has elapsed or updates are forced
[DEBUG] Skipped remote request for eu.stamp-project:dspot:1.1.1-SNAPSHOT/maven-metadata.xml, locally cached metadata up-to-date.
[DEBUG] Using transporter WagonTransporter with priority -1.0 for https://stamp-project.github.io/stamp-maven-repository/
[DEBUG] Using connector BasicRepositoryConnector with priority 0.0 for https://stamp-project.github.io/stamp-maven-repository/
Downloading from stamp-maven-repository-mvn-repo: https://stamp-project.github.io/stamp-maven-repository/eu/stamp-project/dspot/1.1.1-SNAPSHOT/maven-metadata.xml
[DEBUG] Writing tracking file /home/spirals/danglot/.m2/repository/eu/stamp-project/dspot/1.1.1-SNAPSHOT/resolver-status.properties
[DEBUG] Could not find metadata eu.stamp-project:dspot:1.1.1-SNAPSHOT/maven-metadata.xml in stamp-maven-repository-mvn-repo (https://stamp-project.github.io/stamp-maven-repository/)
[DEBUG] Skipped remote request for eu.stamp-project:dspot:1.1.1-SNAPSHOT/maven-metadata.xml, already updated during this session.
[DEBUG] Failure to find eu.stamp-project:dspot:1.1.1-SNAPSHOT/maven-metadata.xml in https://stamp-project.github.io/stamp-maven-repository/ was cached in the local repository, resolution will not be reattempted until the update interval of stamp-maven-repository-mvn-repo has elapsed or updates are forced
[DEBUG] Failure to find eu.stamp-project:dspot:1.1.1-SNAPSHOT/maven-metadata.xml in https://repo.gradle.org/gradle/libs-releases-local/ was cached in the local repository, resolution will not be reattempted until the update interval of gradle-repo has elapsed or updates are forced
[DEBUG] Skipped remote request for eu.stamp-project:dspot:1.1.1-SNAPSHOT/maven-metadata.xml, locally cached metadata up-to-date.
[DEBUG] Could not find metadata fr.inria.gforge.spoon:spoon-core:7.1.0-SNAPSHOT/maven-metadata.xml in local (/home/spirals/danglot/.m2/repository)
[DEBUG] Failure to find fr.inria.gforge.spoon:spoon-core:7.1.0-SNAPSHOT/maven-metadata.xml in https://repo.gradle.org/gradle/libs-releases-local/ was cached in the local repository, resolution will not be reattempted until the update interval of gradle-repo has elapsed or updates are forced
[DEBUG] Failure to find fr.inria.gforge.spoon:spoon-core:7.1.0-SNAPSHOT/maven-metadata.xml in https://oss.sonatype.org/content/repositories/snapshots was cached in the local repository, resolution will not be reattempted until the update interval of sonatype-nexus-snapshots has elapsed or updates are forced
[DEBUG] Skipped remote request for fr.inria.gforge.spoon:spoon-core:7.1.0-SNAPSHOT/maven-metadata.xml, locally cached metadata up-to-date.
[DEBUG] Using transporter WagonTransporter with priority -1.0 for https://stamp-project.github.io/stamp-maven-repository/
[DEBUG] Using connector BasicRepositoryConnector with priority 0.0 for https://stamp-project.github.io/stamp-maven-repository/
Downloading from stamp-maven-repository-mvn-repo: https://stamp-project.github.io/stamp-maven-repository/fr/inria/gforge/spoon/spoon-core/7.1.0-SNAPSHOT/maven-metadata.xml
[DEBUG] Writing tracking file /home/spirals/danglot/.m2/repository/fr/inria/gforge/spoon/spoon-core/7.1.0-SNAPSHOT/resolver-status.properties
[DEBUG] Could not find metadata fr.inria.gforge.spoon:spoon-core:7.1.0-SNAPSHOT/maven-metadata.xml in stamp-maven-repository-mvn-repo (https://stamp-project.github.io/stamp-maven-repository/)
[DEBUG] Could not find metadata fr.inria.gforge.spoon:spoon-core:7.1.0-SNAPSHOT/maven-metadata.xml in local (/home/spirals/danglot/.m2/repository)
[DEBUG] Skipped remote request for fr.inria.gforge.spoon:spoon-core:7.1.0-SNAPSHOT/maven-metadata.xml, already updated during this session.
[DEBUG] Failure to find fr.inria.gforge.spoon:spoon-core:7.1.0-SNAPSHOT/maven-metadata.xml in https://stamp-project.github.io/stamp-maven-repository/ was cached in the local repository, resolution will not be reattempted until the update interval of stamp-maven-repository-mvn-repo has elapsed or updates are forced
[DEBUG] Failure to find fr.inria.gforge.spoon:spoon-core:7.1.0-SNAPSHOT/maven-metadata.xml in https://repo.gradle.org/gradle/libs-releases-local/ was cached in the local repository, resolution will not be reattempted until the update interval of gradle-repo has elapsed or updates are forced
[DEBUG] Failure to find fr.inria.gforge.spoon:spoon-core:7.1.0-SNAPSHOT/maven-metadata.xml in https://oss.sonatype.org/content/repositories/snapshots was cached in the local repository, resolution will not be reattempted until the update interval of sonatype-nexus-snapshots has elapsed or updates are forced
[DEBUG] Skipped remote request for fr.inria.gforge.spoon:spoon-core:7.1.0-SNAPSHOT/maven-metadata.xml, locally cached metadata up-to-date.
[DEBUG] Could not find metadata org.eclipse.platform:org.eclipse.core.resources/maven-metadata.xml in local (/home/spirals/danglot/.m2/repository)
[DEBUG] Skipped remote request for org.eclipse.platform:org.eclipse.core.resources/maven-metadata.xml, locally cached metadata up-to-date.
[DEBUG] Failure to find org.eclipse.platform:org.eclipse.core.resources/maven-metadata.xml in https://repo.gradle.org/gradle/libs-releases-local/ was cached in the local repository, resolution will not be reattempted until the update interval of gradle-repo has elapsed or updates are forced
[DEBUG] Failure to find org.eclipse.platform:org.eclipse.core.resources/maven-metadata.xml in https://oss.sonatype.org/content/repositories/snapshots was cached in the local repository, resolution will not be reattempted until the update interval of sonatype-nexus-snapshots has elapsed or updates are forced
[DEBUG] Failure to find org.eclipse.platform:org.eclipse.core.resources/maven-metadata.xml in http://maven.inria.fr/artifactory/spoon-public-snapshot was cached in the local repository, resolution will not be reattempted until the update interval of maven.inria.fr-snapshot has elapsed or updates are forced
[DEBUG] Failure to find org.eclipse.platform:org.eclipse.core.resources/maven-metadata.xml in http://maven.inria.fr/artifactory/triskell-public-release was cached in the local repository, resolution will not be reattempted until the update interval of inria has elapsed or updates are forced
[DEBUG] Using transporter WagonTransporter with priority -1.0 for https://stamp-project.github.io/stamp-maven-repository/
[DEBUG] Using connector BasicRepositoryConnector with priority 0.0 for https://stamp-project.github.io/stamp-maven-repository/
Downloading from stamp-maven-repository-mvn-repo: https://stamp-project.github.io/stamp-maven-repository/org/eclipse/platform/org.eclipse.core.resources/maven-metadata.xml
[DEBUG] Writing tracking file /home/spirals/danglot/.m2/repository/org/eclipse/platform/org.eclipse.core.resources/resolver-status.properties
[DEBUG] Could not find metadata org.eclipse.platform:org.eclipse.core.resources/maven-metadata.xml in stamp-maven-repository-mvn-repo (https://stamp-project.github.io/stamp-maven-repository/)
[DEBUG] Could not find metadata org.eclipse.platform:org.eclipse.core.expressions/maven-metadata.xml in local (/home/spirals/danglot/.m2/repository)
[DEBUG] Skipped remote request for org.eclipse.platform:org.eclipse.core.expressions/maven-metadata.xml, locally cached metadata up-to-date.
[DEBUG] Failure to find org.eclipse.platform:org.eclipse.core.expressions/maven-metadata.xml in https://repo.gradle.org/gradle/libs-releases-local/ was cached in the local repository, resolution will not be reattempted until the update interval of gradle-repo has elapsed or updates are forced
[DEBUG] Failure to find org.eclipse.platform:org.eclipse.core.expressions/maven-metadata.xml in https://oss.sonatype.org/content/repositories/snapshots was cached in the local repository, resolution will not be reattempted until the update interval of sonatype-nexus-snapshots has elapsed or updates are forced
[DEBUG] Failure to find org.eclipse.platform:org.eclipse.core.expressions/maven-metadata.xml in http://maven.inria.fr/artifactory/spoon-public-snapshot was cached in the local repository, resolution will not be reattempted until the update interval of maven.inria.fr-snapshot has elapsed or updates are forced
[DEBUG] Failure to find org.eclipse.platform:org.eclipse.core.expressions/maven-metadata.xml in http://maven.inria.fr/artifactory/triskell-public-release was cached in the local repository, resolution will not be reattempted until the update interval of inria has elapsed or updates are forced
[DEBUG] Using transporter WagonTransporter with priority -1.0 for https://stamp-project.github.io/stamp-maven-repository/
[DEBUG] Using connector BasicRepositoryConnector with priority 0.0 for https://stamp-project.github.io/stamp-maven-repository/
Downloading from stamp-maven-repository-mvn-repo: https://stamp-project.github.io/stamp-maven-repository/org/eclipse/platform/org.eclipse.core.expressions/maven-metadata.xml
[DEBUG] Writing tracking file /home/spirals/danglot/.m2/repository/org/eclipse/platform/org.eclipse.core.expressions/resolver-status.properties
[DEBUG] Could not find metadata org.eclipse.platform:org.eclipse.core.expressions/maven-metadata.xml in stamp-maven-repository-mvn-repo (https://stamp-project.github.io/stamp-maven-repository/)
[DEBUG] Could not find metadata org.eclipse.platform:org.eclipse.core.runtime/maven-metadata.xml in local (/home/spirals/danglot/.m2/repository)
[DEBUG] Skipped remote request for org.eclipse.platform:org.eclipse.core.runtime/maven-metadata.xml, locally cached metadata up-to-date.
[DEBUG] Failure to find org.eclipse.platform:org.eclipse.core.runtime/maven-metadata.xml in https://repo.gradle.org/gradle/libs-releases-local/ was cached in the local repository, resolution will not be reattempted until the update interval of gradle-repo has elapsed or updates are forced
[DEBUG] Failure to find org.eclipse.platform:org.eclipse.core.runtime/maven-metadata.xml in https://oss.sonatype.org/content/repositories/snapshots was cached in the local repository, resolution will not be reattempted until the update interval of sonatype-nexus-snapshots has elapsed or updates are forced
[DEBUG] Failure to find org.eclipse.platform:org.eclipse.core.runtime/maven-metadata.xml in http://maven.inria.fr/artifactory/spoon-public-snapshot was cached in the local repository, resolution will not be reattempted until the update interval of maven.inria.fr-snapshot has elapsed or updates are forced
[DEBUG] Failure to find org.eclipse.platform:org.eclipse.core.runtime/maven-metadata.xml in http://maven.inria.fr/artifactory/triskell-public-release was cached in the local repository, resolution will not be reattempted until the update interval of inria has elapsed or updates are forced
[DEBUG] Using transporter WagonTransporter with priority -1.0 for https://stamp-project.github.io/stamp-maven-repository/
[DEBUG] Using connector BasicRepositoryConnector with priority 0.0 for https://stamp-project.github.io/stamp-maven-repository/
Downloading from stamp-maven-repository-mvn-repo: https://stamp-project.github.io/stamp-maven-repository/org/eclipse/platform/org.eclipse.core.runtime/maven-metadata.xml
[DEBUG] Writing tracking file /home/spirals/danglot/.m2/repository/org/eclipse/platform/org.eclipse.core.runtime/resolver-status.properties
[DEBUG] Could not find metadata org.eclipse.platform:org.eclipse.core.runtime/maven-metadata.xml in stamp-maven-repository-mvn-repo (https://stamp-project.github.io/stamp-maven-repository/)
[DEBUG] Could not find metadata org.eclipse.platform:org.eclipse.osgi/maven-metadata.xml in local (/home/spirals/danglot/.m2/repository)
[DEBUG] Skipped remote request for org.eclipse.platform:org.eclipse.osgi/maven-metadata.xml, locally cached metadata up-to-date.
[DEBUG] Failure to find org.eclipse.platform:org.eclipse.osgi/maven-metadata.xml in https://repo.gradle.org/gradle/libs-releases-local/ was cached in the local repository, resolution will not be reattempted until the update interval of gradle-repo has elapsed or updates are forced
[DEBUG] Failure to find org.eclipse.platform:org.eclipse.osgi/maven-metadata.xml in https://oss.sonatype.org/content/repositories/snapshots was cached in the local repository, resolution will not be reattempted until the update interval of sonatype-nexus-snapshots has elapsed or updates are forced
[DEBUG] Failure to find org.eclipse.platform:org.eclipse.osgi/maven-metadata.xml in http://maven.inria.fr/artifactory/spoon-public-snapshot was cached in the local repository, resolution will not be reattempted until the update interval of maven.inria.fr-snapshot has elapsed or updates are forced
[DEBUG] Failure to find org.eclipse.platform:org.eclipse.osgi/maven-metadata.xml in http://maven.inria.fr/artifactory/triskell-public-release was cached in the local repository, resolution will not be reattempted until the update interval of inria has elapsed or updates are forced
[DEBUG] Using transporter WagonTransporter with priority -1.0 for https://stamp-project.github.io/stamp-maven-repository/
[DEBUG] Using connector BasicRepositoryConnector with priority 0.0 for https://stamp-project.github.io/stamp-maven-repository/
Downloading from stamp-maven-repository-mvn-repo: https://stamp-project.github.io/stamp-maven-repository/org/eclipse/platform/org.eclipse.osgi/maven-metadata.xml
[DEBUG] Writing tracking file /home/spirals/danglot/.m2/repository/org/eclipse/platform/org.eclipse.osgi/resolver-status.properties
[DEBUG] Could not find metadata org.eclipse.platform:org.eclipse.osgi/maven-metadata.xml in stamp-maven-repository-mvn-repo (https://stamp-project.github.io/stamp-maven-repository/)
[DEBUG] Could not find metadata org.eclipse.platform:org.eclipse.equinox.common/maven-metadata.xml in local (/home/spirals/danglot/.m2/repository)
[DEBUG] Skipped remote request for org.eclipse.platform:org.eclipse.equinox.common/maven-metadata.xml, locally cached metadata up-to-date.
[DEBUG] Failure to find org.eclipse.platform:org.eclipse.equinox.common/maven-metadata.xml in https://repo.gradle.org/gradle/libs-releases-local/ was cached in the local repository, resolution will not be reattempted until the update interval of gradle-repo has elapsed or updates are forced
[DEBUG] Failure to find org.eclipse.platform:org.eclipse.equinox.common/maven-metadata.xml in https://oss.sonatype.org/content/repositories/snapshots was cached in the local repository, resolution will not be reattempted until the update interval of sonatype-nexus-snapshots has elapsed or updates are forced
[DEBUG] Failure to find org.eclipse.platform:org.eclipse.equinox.common/maven-metadata.xml in http://maven.inria.fr/artifactory/spoon-public-snapshot was cached in the local repository, resolution will not be reattempted until the update interval of maven.inria.fr-snapshot has elapsed or updates are forced
[DEBUG] Failure to find org.eclipse.platform:org.eclipse.equinox.common/maven-metadata.xml in http://maven.inria.fr/artifactory/triskell-public-release was cached in the local repository, resolution will not be reattempted until the update interval of inria has elapsed or updates are forced
[DEBUG] Using transporter WagonTransporter with priority -1.0 for https://stamp-project.github.io/stamp-maven-repository/
[DEBUG] Using connector BasicRepositoryConnector with priority 0.0 for https://stamp-project.github.io/stamp-maven-repository/
Downloading from stamp-maven-repository-mvn-repo: https://stamp-project.github.io/stamp-maven-repository/org/eclipse/platform/org.eclipse.equinox.common/maven-metadata.xml
[DEBUG] Writing tracking file /home/spirals/danglot/.m2/repository/org/eclipse/platform/org.eclipse.equinox.common/resolver-status.properties
[DEBUG] Could not find metadata org.eclipse.platform:org.eclipse.equinox.common/maven-metadata.xml in stamp-maven-repository-mvn-repo (https://stamp-project.github.io/stamp-maven-repository/)
[DEBUG] Could not find metadata org.eclipse.platform:org.eclipse.core.jobs/maven-metadata.xml in local (/home/spirals/danglot/.m2/repository)
[DEBUG] Skipped remote request for org.eclipse.platform:org.eclipse.core.jobs/maven-metadata.xml, locally cached metadata up-to-date.
[DEBUG] Failure to find org.eclipse.platform:org.eclipse.core.jobs/maven-metadata.xml in https://repo.gradle.org/gradle/libs-releases-local/ was cached in the local repository, resolution will not be reattempted until the update interval of gradle-repo has elapsed or updates are forced
[DEBUG] Failure to find org.eclipse.platform:org.eclipse.core.jobs/maven-metadata.xml in https://oss.sonatype.org/content/repositories/snapshots was cached in the local repository, resolution will not be reattempted until the update interval of sonatype-nexus-snapshots has elapsed or updates are forced
[DEBUG] Failure to find org.eclipse.platform:org.eclipse.core.jobs/maven-metadata.xml in http://maven.inria.fr/artifactory/spoon-public-snapshot was cached in the local repository, resolution will not be reattempted until the update interval of maven.inria.fr-snapshot has elapsed or updates are forced
[DEBUG] Failure to find org.eclipse.platform:org.eclipse.core.jobs/maven-metadata.xml in http://maven.inria.fr/artifactory/triskell-public-release was cached in the local repository, resolution will not be reattempted until the update interval of inria has elapsed or updates are forced
[DEBUG] Using transporter WagonTransporter with priority -1.0 for https://stamp-project.github.io/stamp-maven-repository/
[DEBUG] Using connector BasicRepositoryConnector with priority 0.0 for https://stamp-project.github.io/stamp-maven-repository/
Downloading from stamp-maven-repository-mvn-repo: https://stamp-project.github.io/stamp-maven-repository/org/eclipse/platform/org.eclipse.core.jobs/maven-metadata.xml
[DEBUG] Writing tracking file /home/spirals/danglot/.m2/repository/org/eclipse/platform/org.eclipse.core.jobs/resolver-status.properties
[DEBUG] Could not find metadata org.eclipse.platform:org.eclipse.core.jobs/maven-metadata.xml in stamp-maven-repository-mvn-repo (https://stamp-project.github.io/stamp-maven-repository/)
[DEBUG] Could not find metadata org.eclipse.platform:org.eclipse.equinox.registry/maven-metadata.xml in local (/home/spirals/danglot/.m2/repository)
[DEBUG] Skipped remote request for org.eclipse.platform:org.eclipse.equinox.registry/maven-metadata.xml, locally cached metadata up-to-date.
[DEBUG] Failure to find org.eclipse.platform:org.eclipse.equinox.registry/maven-metadata.xml in https://repo.gradle.org/gradle/libs-releases-local/ was cached in the local repository, resolution will not be reattempted until the update interval of gradle-repo has elapsed or updates are forced
[DEBUG] Failure to find org.eclipse.platform:org.eclipse.equinox.registry/maven-metadata.xml in https://oss.sonatype.org/content/repositories/snapshots was cached in the local repository, resolution will not be reattempted until the update interval of sonatype-nexus-snapshots has elapsed or updates are forced
[DEBUG] Failure to find org.eclipse.platform:org.eclipse.equinox.registry/maven-metadata.xml in http://maven.inria.fr/artifactory/spoon-public-snapshot was cached in the local repository, resolution will not be reattempted until the update interval of maven.inria.fr-snapshot has elapsed or updates are forced
[DEBUG] Failure to find org.eclipse.platform:org.eclipse.equinox.registry/maven-metadata.xml in http://maven.inria.fr/artifactory/triskell-public-release was cached in the local repository, resolution will not be reattempted until the update interval of inria has elapsed or updates are forced
[DEBUG] Using transporter WagonTransporter with priority -1.0 for https://stamp-project.github.io/stamp-maven-repository/
[DEBUG] Using connector BasicRepositoryConnector with priority 0.0 for https://stamp-project.github.io/stamp-maven-repository/
Downloading from stamp-maven-repository-mvn-repo: https://stamp-project.github.io/stamp-maven-repository/org/eclipse/platform/org.eclipse.equinox.registry/maven-metadata.xml
[DEBUG] Writing tracking file /home/spirals/danglot/.m2/repository/org/eclipse/platform/org.eclipse.equinox.registry/resolver-status.properties
[DEBUG] Could not find metadata org.eclipse.platform:org.eclipse.equinox.registry/maven-metadata.xml in stamp-maven-repository-mvn-repo (https://stamp-project.github.io/stamp-maven-repository/)
[DEBUG] Could not find metadata org.eclipse.platform:org.eclipse.equinox.common/maven-metadata.xml in local (/home/spirals/danglot/.m2/repository)
[DEBUG] Skipped remote request for org.eclipse.platform:org.eclipse.equinox.common/maven-metadata.xml, locally cached metadata up-to-date.
[DEBUG] Skipped remote request for org.eclipse.platform:org.eclipse.equinox.common/maven-metadata.xml, already updated during this session.
[DEBUG] Failure to find org.eclipse.platform:org.eclipse.equinox.common/maven-metadata.xml in https://stamp-project.github.io/stamp-maven-repository/ was cached in the local repository, resolution will not be reattempted until the update interval of stamp-maven-repository-mvn-repo has elapsed or updates are forced
[DEBUG] Failure to find org.eclipse.platform:org.eclipse.equinox.common/maven-metadata.xml in https://repo.gradle.org/gradle/libs-releases-local/ was cached in the local repository, resolution will not be reattempted until the update interval of gradle-repo has elapsed or updates are forced
[DEBUG] Failure to find org.eclipse.platform:org.eclipse.equinox.common/maven-metadata.xml in https://oss.sonatype.org/content/repositories/snapshots was cached in the local repository, resolution will not be reattempted until the update interval of sonatype-nexus-snapshots has elapsed or updates are forced
[DEBUG] Failure to find org.eclipse.platform:org.eclipse.equinox.common/maven-metadata.xml in http://maven.inria.fr/artifactory/spoon-public-snapshot was cached in the local repository, resolution will not be reattempted until the update interval of maven.inria.fr-snapshot has elapsed or updates are forced
[DEBUG] Failure to find org.eclipse.platform:org.eclipse.equinox.common/maven-metadata.xml in http://maven.inria.fr/artifactory/triskell-public-release was cached in the local repository, resolution will not be reattempted until the update interval of inria has elapsed or updates are forced
[DEBUG] Could not find metadata org.eclipse.platform:org.eclipse.equinox.preferences/maven-metadata.xml in local (/home/spirals/danglot/.m2/repository)
[DEBUG] Skipped remote request for org.eclipse.platform:org.eclipse.equinox.preferences/maven-metadata.xml, locally cached metadata up-to-date.
[DEBUG] Failure to find org.eclipse.platform:org.eclipse.equinox.preferences/maven-metadata.xml in https://repo.gradle.org/gradle/libs-releases-local/ was cached in the local repository, resolution will not be reattempted until the update interval of gradle-repo has elapsed or updates are forced
[DEBUG] Failure to find org.eclipse.platform:org.eclipse.equinox.preferences/maven-metadata.xml in https://oss.sonatype.org/content/repositories/snapshots was cached in the local repository, resolution will not be reattempted until the update interval of sonatype-nexus-snapshots has elapsed or updates are forced
[DEBUG] Failure to find org.eclipse.platform:org.eclipse.equinox.preferences/maven-metadata.xml in http://maven.inria.fr/artifactory/spoon-public-snapshot was cached in the local repository, resolution will not be reattempted until the update interval of maven.inria.fr-snapshot has elapsed or updates are forced
[DEBUG] Failure to find org.eclipse.platform:org.eclipse.equinox.preferences/maven-metadata.xml in http://maven.inria.fr/artifactory/triskell-public-release was cached in the local repository, resolution will not be reattempted until the update interval of inria has elapsed or updates are forced
[DEBUG] Using transporter WagonTransporter with priority -1.0 for https://stamp-project.github.io/stamp-maven-repository/
[DEBUG] Using connector BasicRepositoryConnector with priority 0.0 for https://stamp-project.github.io/stamp-maven-repository/
Downloading from stamp-maven-repository-mvn-repo: https://stamp-project.github.io/stamp-maven-repository/org/eclipse/platform/org.eclipse.equinox.preferences/maven-metadata.xml
[DEBUG] Writing tracking file /home/spirals/danglot/.m2/repository/org/eclipse/platform/org.eclipse.equinox.preferences/resolver-status.properties
[DEBUG] Could not find metadata org.eclipse.platform:org.eclipse.equinox.preferences/maven-metadata.xml in stamp-maven-repository-mvn-repo (https://stamp-project.github.io/stamp-maven-repository/)
[DEBUG] Could not find metadata org.eclipse.platform:org.eclipse.equinox.common/maven-metadata.xml in local (/home/spirals/danglot/.m2/repository)
[DEBUG] Skipped remote request for org.eclipse.platform:org.eclipse.equinox.common/maven-metadata.xml, locally cached metadata up-to-date.
[DEBUG] Skipped remote request for org.eclipse.platform:org.eclipse.equinox.common/maven-metadata.xml, already updated during this session.
[DEBUG] Failure to find org.eclipse.platform:org.eclipse.equinox.common/maven-metadata.xml in https://stamp-project.github.io/stamp-maven-repository/ was cached in the local repository, resolution will not be reattempted until the update interval of stamp-maven-repository-mvn-repo has elapsed or updates are forced
[DEBUG] Failure to find org.eclipse.platform:org.eclipse.equinox.common/maven-metadata.xml in https://repo.gradle.org/gradle/libs-releases-local/ was cached in the local repository, resolution will not be reattempted until the update interval of gradle-repo has elapsed or updates are forced
[DEBUG] Failure to find org.eclipse.platform:org.eclipse.equinox.common/maven-metadata.xml in https://oss.sonatype.org/content/repositories/snapshots was cached in the local repository, resolution will not be reattempted until the update interval of sonatype-nexus-snapshots has elapsed or updates are forced
[DEBUG] Failure to find org.eclipse.platform:org.eclipse.equinox.common/maven-metadata.xml in http://maven.inria.fr/artifactory/spoon-public-snapshot was cached in the local repository, resolution will not be reattempted until the update interval of maven.inria.fr-snapshot has elapsed or updates are forced
[DEBUG] Failure to find org.eclipse.platform:org.eclipse.equinox.common/maven-metadata.xml in http://maven.inria.fr/artifactory/triskell-public-release was cached in the local repository, resolution will not be reattempted until the update interval of inria has elapsed or updates are forced
[DEBUG] Could not find metadata org.eclipse.platform:org.eclipse.core.contenttype/maven-metadata.xml in local (/home/spirals/danglot/.m2/repository)
[DEBUG] Skipped remote request for org.eclipse.platform:org.eclipse.core.contenttype/maven-metadata.xml, locally cached metadata up-to-date.
[DEBUG] Failure to find org.eclipse.platform:org.eclipse.core.contenttype/maven-metadata.xml in https://repo.gradle.org/gradle/libs-releases-local/ was cached in the local repository, resolution will not be reattempted until the update interval of gradle-repo has elapsed or updates are forced
[DEBUG] Failure to find org.eclipse.platform:org.eclipse.core.contenttype/maven-metadata.xml in https://oss.sonatype.org/content/repositories/snapshots was cached in the local repository, resolution will not be reattempted until the update interval of sonatype-nexus-snapshots has elapsed or updates are forced
[DEBUG] Failure to find org.eclipse.platform:org.eclipse.core.contenttype/maven-metadata.xml in http://maven.inria.fr/artifactory/spoon-public-snapshot was cached in the local repository, resolution will not be reattempted until the update interval of maven.inria.fr-snapshot has elapsed or updates are forced
[DEBUG] Failure to find org.eclipse.platform:org.eclipse.core.contenttype/maven-metadata.xml in http://maven.inria.fr/artifactory/triskell-public-release was cached in the local repository, resolution will not be reattempted until the update interval of inria has elapsed or updates are forced
[DEBUG] Using transporter WagonTransporter with priority -1.0 for https://stamp-project.github.io/stamp-maven-repository/
[DEBUG] Using connector BasicRepositoryConnector with priority 0.0 for https://stamp-project.github.io/stamp-maven-repository/
Downloading from stamp-maven-repository-mvn-repo: https://stamp-project.github.io/stamp-maven-repository/org/eclipse/platform/org.eclipse.core.contenttype/maven-metadata.xml
[DEBUG] Writing tracking file /home/spirals/danglot/.m2/repository/org/eclipse/platform/org.eclipse.core.contenttype/resolver-status.properties
[DEBUG] Could not find metadata org.eclipse.platform:org.eclipse.core.contenttype/maven-metadata.xml in stamp-maven-repository-mvn-repo (https://stamp-project.github.io/stamp-maven-repository/)
[DEBUG] Could not find metadata org.eclipse.platform:org.eclipse.equinox.preferences/maven-metadata.xml in local (/home/spirals/danglot/.m2/repository)
[DEBUG] Skipped remote request for org.eclipse.platform:org.eclipse.equinox.preferences/maven-metadata.xml, locally cached metadata up-to-date.
[DEBUG] Skipped remote request for org.eclipse.platform:org.eclipse.equinox.preferences/maven-metadata.xml, already updated during this session.
[DEBUG] Failure to find org.eclipse.platform:org.eclipse.equinox.preferences/maven-metadata.xml in https://stamp-project.github.io/stamp-maven-repository/ was cached in the local repository, resolution will not be reattempted until the update interval of stamp-maven-repository-mvn-repo has elapsed or updates are forced
[DEBUG] Failure to find org.eclipse.platform:org.eclipse.equinox.preferences/maven-metadata.xml in https://repo.gradle.org/gradle/libs-releases-local/ was cached in the local repository, resolution will not be reattempted until the update interval of gradle-repo has elapsed or updates are forced
[DEBUG] Failure to find org.eclipse.platform:org.eclipse.equinox.preferences/maven-metadata.xml in https://oss.sonatype.org/content/repositories/snapshots was cached in the local repository, resolution will not be reattempted until the update interval of sonatype-nexus-snapshots has elapsed or updates are forced
[DEBUG] Failure to find org.eclipse.platform:org.eclipse.equinox.preferences/maven-metadata.xml in http://maven.inria.fr/artifactory/spoon-public-snapshot was cached in the local repository, resolution will not be reattempted until the update interval of maven.inria.fr-snapshot has elapsed or updates are forced
[DEBUG] Failure to find org.eclipse.platform:org.eclipse.equinox.preferences/maven-metadata.xml in http://maven.inria.fr/artifactory/triskell-public-release was cached in the local repository, resolution will not be reattempted until the update interval of inria has elapsed or updates are forced
[DEBUG] Could not find metadata org.eclipse.platform:org.eclipse.equinox.registry/maven-metadata.xml in local (/home/spirals/danglot/.m2/repository)
[DEBUG] Skipped remote request for org.eclipse.platform:org.eclipse.equinox.registry/maven-metadata.xml, locally cached metadata up-to-date.
[DEBUG] Skipped remote request for org.eclipse.platform:org.eclipse.equinox.registry/maven-metadata.xml, already updated during this session.
[DEBUG] Failure to find org.eclipse.platform:org.eclipse.equinox.registry/maven-metadata.xml in https://stamp-project.github.io/stamp-maven-repository/ was cached in the local repository, resolution will not be reattempted until the update interval of stamp-maven-repository-mvn-repo has elapsed or updates are forced
[DEBUG] Failure to find org.eclipse.platform:org.eclipse.equinox.registry/maven-metadata.xml in https://repo.gradle.org/gradle/libs-releases-local/ was cached in the local repository, resolution will not be reattempted until the update interval of gradle-repo has elapsed or updates are forced
[DEBUG] Failure to find org.eclipse.platform:org.eclipse.equinox.registry/maven-metadata.xml in https://oss.sonatype.org/content/repositories/snapshots was cached in the local repository, resolution will not be reattempted until the update interval of sonatype-nexus-snapshots has elapsed or updates are forced
[DEBUG] Failure to find org.eclipse.platform:org.eclipse.equinox.registry/maven-metadata.xml in http://maven.inria.fr/artifactory/spoon-public-snapshot was cached in the local repository, resolution will not be reattempted until the update interval of maven.inria.fr-snapshot has elapsed or updates are forced
[DEBUG] Failure to find org.eclipse.platform:org.eclipse.equinox.registry/maven-metadata.xml in http://maven.inria.fr/artifactory/triskell-public-release was cached in the local repository, resolution will not be reattempted until the update interval of inria has elapsed or updates are forced
[DEBUG] Could not find metadata org.eclipse.platform:org.eclipse.equinox.app/maven-metadata.xml in local (/home/spirals/danglot/.m2/repository)
[DEBUG] Skipped remote request for org.eclipse.platform:org.eclipse.equinox.app/maven-metadata.xml, locally cached metadata up-to-date.
[DEBUG] Failure to find org.eclipse.platform:org.eclipse.equinox.app/maven-metadata.xml in https://repo.gradle.org/gradle/libs-releases-local/ was cached in the local repository, resolution will not be reattempted until the update interval of gradle-repo has elapsed or updates are forced
[DEBUG] Failure to find org.eclipse.platform:org.eclipse.equinox.app/maven-metadata.xml in https://oss.sonatype.org/content/repositories/snapshots was cached in the local repository, resolution will not be reattempted until the update interval of sonatype-nexus-snapshots has elapsed or updates are forced
[DEBUG] Failure to find org.eclipse.platform:org.eclipse.equinox.app/maven-metadata.xml in http://maven.inria.fr/artifactory/spoon-public-snapshot was cached in the local repository, resolution will not be reattempted until the update interval of maven.inria.fr-snapshot has elapsed or updates are forced
[DEBUG] Failure to find org.eclipse.platform:org.eclipse.equinox.app/maven-metadata.xml in http://maven.inria.fr/artifactory/triskell-public-release was cached in the local repository, resolution will not be reattempted until the update interval of inria has elapsed or updates are forced
[DEBUG] Using transporter WagonTransporter with priority -1.0 for https://stamp-project.github.io/stamp-maven-repository/
[DEBUG] Using connector BasicRepositoryConnector with priority 0.0 for https://stamp-project.github.io/stamp-maven-repository/
Downloading from stamp-maven-repository-mvn-repo: https://stamp-project.github.io/stamp-maven-repository/org/eclipse/platform/org.eclipse.equinox.app/maven-metadata.xml
[DEBUG] Writing tracking file /home/spirals/danglot/.m2/repository/org/eclipse/platform/org.eclipse.equinox.app/resolver-status.properties
[DEBUG] Could not find metadata org.eclipse.platform:org.eclipse.equinox.app/maven-metadata.xml in stamp-maven-repository-mvn-repo (https://stamp-project.github.io/stamp-maven-repository/)
[DEBUG] Could not find metadata org.eclipse.platform:org.eclipse.equinox.registry/maven-metadata.xml in local (/home/spirals/danglot/.m2/repository)
[DEBUG] Skipped remote request for org.eclipse.platform:org.eclipse.equinox.registry/maven-metadata.xml, locally cached metadata up-to-date.
[DEBUG] Skipped remote request for org.eclipse.platform:org.eclipse.equinox.registry/maven-metadata.xml, already updated during this session.
[DEBUG] Failure to find org.eclipse.platform:org.eclipse.equinox.registry/maven-metadata.xml in https://stamp-project.github.io/stamp-maven-repository/ was cached in the local repository, resolution will not be reattempted until the update interval of stamp-maven-repository-mvn-repo has elapsed or updates are forced
[DEBUG] Failure to find org.eclipse.platform:org.eclipse.equinox.registry/maven-metadata.xml in https://repo.gradle.org/gradle/libs-releases-local/ was cached in the local repository, resolution will not be reattempted until the update interval of gradle-repo has elapsed or updates are forced
[DEBUG] Failure to find org.eclipse.platform:org.eclipse.equinox.registry/maven-metadata.xml in https://oss.sonatype.org/content/repositories/snapshots was cached in the local repository, resolution will not be reattempted until the update interval of sonatype-nexus-snapshots has elapsed or updates are forced
[DEBUG] Failure to find org.eclipse.platform:org.eclipse.equinox.registry/maven-metadata.xml in http://maven.inria.fr/artifactory/spoon-public-snapshot was cached in the local repository, resolution will not be reattempted until the update interval of maven.inria.fr-snapshot has elapsed or updates are forced
[DEBUG] Failure to find org.eclipse.platform:org.eclipse.equinox.registry/maven-metadata.xml in http://maven.inria.fr/artifactory/triskell-public-release was cached in the local repository, resolution will not be reattempted until the update interval of inria has elapsed or updates are forced
[DEBUG] Could not find metadata org.eclipse.platform:org.eclipse.osgi/maven-metadata.xml in local (/home/spirals/danglot/.m2/repository)
[DEBUG] Skipped remote request for org.eclipse.platform:org.eclipse.osgi/maven-metadata.xml, locally cached metadata up-to-date.
[DEBUG] Skipped remote request for org.eclipse.platform:org.eclipse.osgi/maven-metadata.xml, already updated during this session.
[DEBUG] Failure to find org.eclipse.platform:org.eclipse.osgi/maven-metadata.xml in https://stamp-project.github.io/stamp-maven-repository/ was cached in the local repository, resolution will not be reattempted until the update interval of stamp-maven-repository-mvn-repo has elapsed or updates are forced
[DEBUG] Failure to find org.eclipse.platform:org.eclipse.osgi/maven-metadata.xml in https://repo.gradle.org/gradle/libs-releases-local/ was cached in the local repository, resolution will not be reattempted until the update interval of gradle-repo has elapsed or updates are forced
[DEBUG] Failure to find org.eclipse.platform:org.eclipse.osgi/maven-metadata.xml in https://oss.sonatype.org/content/repositories/snapshots was cached in the local repository, resolution will not be reattempted until the update interval of sonatype-nexus-snapshots has elapsed or updates are forced
[DEBUG] Failure to find org.eclipse.platform:org.eclipse.osgi/maven-metadata.xml in http://maven.inria.fr/artifactory/spoon-public-snapshot was cached in the local repository, resolution will not be reattempted until the update interval of maven.inria.fr-snapshot has elapsed or updates are forced
[DEBUG] Failure to find org.eclipse.platform:org.eclipse.osgi/maven-metadata.xml in http://maven.inria.fr/artifactory/triskell-public-release was cached in the local repository, resolution will not be reattempted until the update interval of inria has elapsed or updates are forced
[DEBUG] Could not find metadata org.eclipse.platform:org.eclipse.equinox.common/maven-metadata.xml in local (/home/spirals/danglot/.m2/repository)
[DEBUG] Skipped remote request for org.eclipse.platform:org.eclipse.equinox.common/maven-metadata.xml, locally cached metadata up-to-date.
[DEBUG] Skipped remote request for org.eclipse.platform:org.eclipse.equinox.common/maven-metadata.xml, already updated during this session.
[DEBUG] Failure to find org.eclipse.platform:org.eclipse.equinox.common/maven-metadata.xml in https://stamp-project.github.io/stamp-maven-repository/ was cached in the local repository, resolution will not be reattempted until the update interval of stamp-maven-repository-mvn-repo has elapsed or updates are forced
[DEBUG] Failure to find org.eclipse.platform:org.eclipse.equinox.common/maven-metadata.xml in https://repo.gradle.org/gradle/libs-releases-local/ was cached in the local repository, resolution will not be reattempted until the update interval of gradle-repo has elapsed or updates are forced
[DEBUG] Failure to find org.eclipse.platform:org.eclipse.equinox.common/maven-metadata.xml in https://oss.sonatype.org/content/repositories/snapshots was cached in the local repository, resolution will not be reattempted until the update interval of sonatype-nexus-snapshots has elapsed or updates are forced
[DEBUG] Failure to find org.eclipse.platform:org.eclipse.equinox.common/maven-metadata.xml in http://maven.inria.fr/artifactory/spoon-public-snapshot was cached in the local repository, resolution will not be reattempted until the update interval of maven.inria.fr-snapshot has elapsed or updates are forced
[DEBUG] Failure to find org.eclipse.platform:org.eclipse.equinox.common/maven-metadata.xml in http://maven.inria.fr/artifactory/triskell-public-release was cached in the local repository, resolution will not be reattempted until the update interval of inria has elapsed or updates are forced
[DEBUG] Could not find metadata org.eclipse.platform:org.eclipse.core.jobs/maven-metadata.xml in local (/home/spirals/danglot/.m2/repository)
[DEBUG] Skipped remote request for org.eclipse.platform:org.eclipse.core.jobs/maven-metadata.xml, locally cached metadata up-to-date.
[DEBUG] Skipped remote request for org.eclipse.platform:org.eclipse.core.jobs/maven-metadata.xml, already updated during this session.
[DEBUG] Failure to find org.eclipse.platform:org.eclipse.core.jobs/maven-metadata.xml in https://stamp-project.github.io/stamp-maven-repository/ was cached in the local repository, resolution will not be reattempted until the update interval of stamp-maven-repository-mvn-repo has elapsed or updates are forced
[DEBUG] Failure to find org.eclipse.platform:org.eclipse.core.jobs/maven-metadata.xml in https://repo.gradle.org/gradle/libs-releases-local/ was cached in the local repository, resolution will not be reattempted until the update interval of gradle-repo has elapsed or updates are forced
[DEBUG] Failure to find org.eclipse.platform:org.eclipse.core.jobs/maven-metadata.xml in https://oss.sonatype.org/content/repositories/snapshots was cached in the local repository, resolution will not be reattempted until the update interval of sonatype-nexus-snapshots has elapsed or updates are forced
[DEBUG] Failure to find org.eclipse.platform:org.eclipse.core.jobs/maven-metadata.xml in http://maven.inria.fr/artifactory/spoon-public-snapshot was cached in the local repository, resolution will not be reattempted until the update interval of maven.inria.fr-snapshot has elapsed or updates are forced
[DEBUG] Failure to find org.eclipse.platform:org.eclipse.core.jobs/maven-metadata.xml in http://maven.inria.fr/artifactory/triskell-public-release was cached in the local repository, resolution will not be reattempted until the update interval of inria has elapsed or updates are forced
[DEBUG] Could not find metadata org.eclipse.platform:org.eclipse.equinox.preferences/maven-metadata.xml in local (/home/spirals/danglot/.m2/repository)
[DEBUG] Skipped remote request for org.eclipse.platform:org.eclipse.equinox.preferences/maven-metadata.xml, locally cached metadata up-to-date.
[DEBUG] Skipped remote request for org.eclipse.platform:org.eclipse.equinox.preferences/maven-metadata.xml, already updated during this session.
[DEBUG] Failure to find org.eclipse.platform:org.eclipse.equinox.preferences/maven-metadata.xml in https://stamp-project.github.io/stamp-maven-repository/ was cached in the local repository, resolution will not be reattempted until the update interval of stamp-maven-repository-mvn-repo has elapsed or updates are forced
[DEBUG] Failure to find org.eclipse.platform:org.eclipse.equinox.preferences/maven-metadata.xml in https://repo.gradle.org/gradle/libs-releases-local/ was cached in the local repository, resolution will not be reattempted until the update interval of gradle-repo has elapsed or updates are forced
[DEBUG] Failure to find org.eclipse.platform:org.eclipse.equinox.preferences/maven-metadata.xml in https://oss.sonatype.org/content/repositories/snapshots was cached in the local repository, resolution will not be reattempted until the update interval of sonatype-nexus-snapshots has elapsed or updates are forced
[DEBUG] Failure to find org.eclipse.platform:org.eclipse.equinox.preferences/maven-metadata.xml in http://maven.inria.fr/artifactory/spoon-public-snapshot was cached in the local repository, resolution will not be reattempted until the update interval of maven.inria.fr-snapshot has elapsed or updates are forced
[DEBUG] Failure to find org.eclipse.platform:org.eclipse.equinox.preferences/maven-metadata.xml in http://maven.inria.fr/artifactory/triskell-public-release was cached in the local repository, resolution will not be reattempted until the update interval of inria has elapsed or updates are forced
[DEBUG] Could not find metadata org.eclipse.platform:org.eclipse.core.contenttype/maven-metadata.xml in local (/home/spirals/danglot/.m2/repository)
[DEBUG] Skipped remote request for org.eclipse.platform:org.eclipse.core.contenttype/maven-metadata.xml, locally cached metadata up-to-date.
[DEBUG] Skipped remote request for org.eclipse.platform:org.eclipse.core.contenttype/maven-metadata.xml, already updated during this session.
[DEBUG] Failure to find org.eclipse.platform:org.eclipse.core.contenttype/maven-metadata.xml in https://stamp-project.github.io/stamp-maven-repository/ was cached in the local repository, resolution will not be reattempted until the update interval of stamp-maven-repository-mvn-repo has elapsed or updates are forced
[DEBUG] Failure to find org.eclipse.platform:org.eclipse.core.contenttype/maven-metadata.xml in https://repo.gradle.org/gradle/libs-releases-local/ was cached in the local repository, resolution will not be reattempted until the update interval of gradle-repo has elapsed or updates are forced
[DEBUG] Failure to find org.eclipse.platform:org.eclipse.core.contenttype/maven-metadata.xml in https://oss.sonatype.org/content/repositories/snapshots was cached in the local repository, resolution will not be reattempted until the update interval of sonatype-nexus-snapshots has elapsed or updates are forced
[DEBUG] Failure to find org.eclipse.platform:org.eclipse.core.contenttype/maven-metadata.xml in http://maven.inria.fr/artifactory/spoon-public-snapshot was cached in the local repository, resolution will not be reattempted until the update interval of maven.inria.fr-snapshot has elapsed or updates are forced
[DEBUG] Failure to find org.eclipse.platform:org.eclipse.core.contenttype/maven-metadata.xml in http://maven.inria.fr/artifactory/triskell-public-release was cached in the local repository, resolution will not be reattempted until the update interval of inria has elapsed or updates are forced
[DEBUG] Could not find metadata org.eclipse.platform:org.eclipse.equinox.app/maven-metadata.xml in local (/home/spirals/danglot/.m2/repository)
[DEBUG] Skipped remote request for org.eclipse.platform:org.eclipse.equinox.app/maven-metadata.xml, locally cached metadata up-to-date.
[DEBUG] Skipped remote request for org.eclipse.platform:org.eclipse.equinox.app/maven-metadata.xml, already updated during this session.
[DEBUG] Failure to find org.eclipse.platform:org.eclipse.equinox.app/maven-metadata.xml in https://stamp-project.github.io/stamp-maven-repository/ was cached in the local repository, resolution will not be reattempted until the update interval of stamp-maven-repository-mvn-repo has elapsed or updates are forced
[DEBUG] Failure to find org.eclipse.platform:org.eclipse.equinox.app/maven-metadata.xml in https://repo.gradle.org/gradle/libs-releases-local/ was cached in the local repository, resolution will not be reattempted until the update interval of gradle-repo has elapsed or updates are forced
[DEBUG] Failure to find org.eclipse.platform:org.eclipse.equinox.app/maven-metadata.xml in https://oss.sonatype.org/content/repositories/snapshots was cached in the local repository, resolution will not be reattempted until the update interval of sonatype-nexus-snapshots has elapsed or updates are forced
[DEBUG] Failure to find org.eclipse.platform:org.eclipse.equinox.app/maven-metadata.xml in http://maven.inria.fr/artifactory/spoon-public-snapshot was cached in the local repository, resolution will not be reattempted until the update interval of maven.inria.fr-snapshot has elapsed or updates are forced
[DEBUG] Failure to find org.eclipse.platform:org.eclipse.equinox.app/maven-metadata.xml in http://maven.inria.fr/artifactory/triskell-public-release was cached in the local repository, resolution will not be reattempted until the update interval of inria has elapsed or updates are forced
[DEBUG] Could not find metadata org.eclipse.platform:org.eclipse.core.filesystem/maven-metadata.xml in local (/home/spirals/danglot/.m2/repository)
[DEBUG] Skipped remote request for org.eclipse.platform:org.eclipse.core.filesystem/maven-metadata.xml, locally cached metadata up-to-date.
[DEBUG] Failure to find org.eclipse.platform:org.eclipse.core.filesystem/maven-metadata.xml in https://repo.gradle.org/gradle/libs-releases-local/ was cached in the local repository, resolution will not be reattempted until the update interval of gradle-repo has elapsed or updates are forced
[DEBUG] Failure to find org.eclipse.platform:org.eclipse.core.filesystem/maven-metadata.xml in https://oss.sonatype.org/content/repositories/snapshots was cached in the local repository, resolution will not be reattempted until the update interval of sonatype-nexus-snapshots has elapsed or updates are forced
[DEBUG] Failure to find org.eclipse.platform:org.eclipse.core.filesystem/maven-metadata.xml in http://maven.inria.fr/artifactory/spoon-public-snapshot was cached in the local repository, resolution will not be reattempted until the update interval of maven.inria.fr-snapshot has elapsed or updates are forced
[DEBUG] Failure to find org.eclipse.platform:org.eclipse.core.filesystem/maven-metadata.xml in http://maven.inria.fr/artifactory/triskell-public-release was cached in the local repository, resolution will not be reattempted until the update interval of inria has elapsed or updates are forced
[DEBUG] Using transporter WagonTransporter with priority -1.0 for https://stamp-project.github.io/stamp-maven-repository/
[DEBUG] Using connector BasicRepositoryConnector with priority 0.0 for https://stamp-project.github.io/stamp-maven-repository/
Downloading from stamp-maven-repository-mvn-repo: https://stamp-project.github.io/stamp-maven-repository/org/eclipse/platform/org.eclipse.core.filesystem/maven-metadata.xml
[DEBUG] Writing tracking file /home/spirals/danglot/.m2/repository/org/eclipse/platform/org.eclipse.core.filesystem/resolver-status.properties
[DEBUG] Could not find metadata org.eclipse.platform:org.eclipse.core.filesystem/maven-metadata.xml in stamp-maven-repository-mvn-repo (https://stamp-project.github.io/stamp-maven-repository/)
[DEBUG] Could not find metadata org.eclipse.platform:org.eclipse.osgi/maven-metadata.xml in local (/home/spirals/danglot/.m2/repository)
[DEBUG] Skipped remote request for org.eclipse.platform:org.eclipse.osgi/maven-metadata.xml, locally cached metadata up-to-date.
[DEBUG] Skipped remote request for org.eclipse.platform:org.eclipse.osgi/maven-metadata.xml, already updated during this session.
[DEBUG] Failure to find org.eclipse.platform:org.eclipse.osgi/maven-metadata.xml in https://stamp-project.github.io/stamp-maven-repository/ was cached in the local repository, resolution will not be reattempted until the update interval of stamp-maven-repository-mvn-repo has elapsed or updates are forced
[DEBUG] Failure to find org.eclipse.platform:org.eclipse.osgi/maven-metadata.xml in https://repo.gradle.org/gradle/libs-releases-local/ was cached in the local repository, resolution will not be reattempted until the update interval of gradle-repo has elapsed or updates are forced
[DEBUG] Failure to find org.eclipse.platform:org.eclipse.osgi/maven-metadata.xml in https://oss.sonatype.org/content/repositories/snapshots was cached in the local repository, resolution will not be reattempted until the update interval of sonatype-nexus-snapshots has elapsed or updates are forced
[DEBUG] Failure to find org.eclipse.platform:org.eclipse.osgi/maven-metadata.xml in http://maven.inria.fr/artifactory/spoon-public-snapshot was cached in the local repository, resolution will not be reattempted until the update interval of maven.inria.fr-snapshot has elapsed or updates are forced
[DEBUG] Failure to find org.eclipse.platform:org.eclipse.osgi/maven-metadata.xml in http://maven.inria.fr/artifactory/triskell-public-release was cached in the local repository, resolution will not be reattempted until the update interval of inria has elapsed or updates are forced
[DEBUG] Could not find metadata org.eclipse.platform:org.eclipse.core.runtime/maven-metadata.xml in local (/home/spirals/danglot/.m2/repository)
[DEBUG] Skipped remote request for org.eclipse.platform:org.eclipse.core.runtime/maven-metadata.xml, locally cached metadata up-to-date.
[DEBUG] Skipped remote request for org.eclipse.platform:org.eclipse.core.runtime/maven-metadata.xml, already updated during this session.
[DEBUG] Failure to find org.eclipse.platform:org.eclipse.core.runtime/maven-metadata.xml in https://stamp-project.github.io/stamp-maven-repository/ was cached in the local repository, resolution will not be reattempted until the update interval of stamp-maven-repository-mvn-repo has elapsed or updates are forced
[DEBUG] Failure to find org.eclipse.platform:org.eclipse.core.runtime/maven-metadata.xml in https://repo.gradle.org/gradle/libs-releases-local/ was cached in the local repository, resolution will not be reattempted until the update interval of gradle-repo has elapsed or updates are forced
[DEBUG] Failure to find org.eclipse.platform:org.eclipse.core.runtime/maven-metadata.xml in https://oss.sonatype.org/content/repositories/snapshots was cached in the local repository, resolution will not be reattempted until the update interval of sonatype-nexus-snapshots has elapsed or updates are forced
[DEBUG] Failure to find org.eclipse.platform:org.eclipse.core.runtime/maven-metadata.xml in http://maven.inria.fr/artifactory/spoon-public-snapshot was cached in the local repository, resolution will not be reattempted until the update interval of maven.inria.fr-snapshot has elapsed or updates are forced
[DEBUG] Failure to find org.eclipse.platform:org.eclipse.core.runtime/maven-metadata.xml in http://maven.inria.fr/artifactory/triskell-public-release was cached in the local repository, resolution will not be reattempted until the update interval of inria has elapsed or updates are forced
[DEBUG] Could not find metadata org.eclipse.platform:org.eclipse.core.runtime/maven-metadata.xml in local (/home/spirals/danglot/.m2/repository)
[DEBUG] Skipped remote request for org.eclipse.platform:org.eclipse.core.runtime/maven-metadata.xml, locally cached metadata up-to-date.
[DEBUG] Skipped remote request for org.eclipse.platform:org.eclipse.core.runtime/maven-metadata.xml, already updated during this session.
[DEBUG] Failure to find org.eclipse.platform:org.eclipse.core.runtime/maven-metadata.xml in https://stamp-project.github.io/stamp-maven-repository/ was cached in the local repository, resolution will not be reattempted until the update interval of stamp-maven-repository-mvn-repo has elapsed or updates are forced
[DEBUG] Failure to find org.eclipse.platform:org.eclipse.core.runtime/maven-metadata.xml in https://repo.gradle.org/gradle/libs-releases-local/ was cached in the local repository, resolution will not be reattempted until the update interval of gradle-repo has elapsed or updates are forced
[DEBUG] Failure to find org.eclipse.platform:org.eclipse.core.runtime/maven-metadata.xml in https://oss.sonatype.org/content/repositories/snapshots was cached in the local repository, resolution will not be reattempted until the update interval of sonatype-nexus-snapshots has elapsed or updates are forced
[DEBUG] Failure to find org.eclipse.platform:org.eclipse.core.runtime/maven-metadata.xml in http://maven.inria.fr/artifactory/spoon-public-snapshot was cached in the local repository, resolution will not be reattempted until the update interval of maven.inria.fr-snapshot has elapsed or updates are forced
[DEBUG] Failure to find org.eclipse.platform:org.eclipse.core.runtime/maven-metadata.xml in http://maven.inria.fr/artifactory/triskell-public-release was cached in the local repository, resolution will not be reattempted until the update interval of inria has elapsed or updates are forced
[DEBUG] Could not find metadata org.eclipse.platform:org.eclipse.core.filesystem/maven-metadata.xml in local (/home/spirals/danglot/.m2/repository)
[DEBUG] Skipped remote request for org.eclipse.platform:org.eclipse.core.filesystem/maven-metadata.xml, locally cached metadata up-to-date.
[DEBUG] Skipped remote request for org.eclipse.platform:org.eclipse.core.filesystem/maven-metadata.xml, already updated during this session.
[DEBUG] Failure to find org.eclipse.platform:org.eclipse.core.filesystem/maven-metadata.xml in https://stamp-project.github.io/stamp-maven-repository/ was cached in the local repository, resolution will not be reattempted until the update interval of stamp-maven-repository-mvn-repo has elapsed or updates are forced
[DEBUG] Failure to find org.eclipse.platform:org.eclipse.core.filesystem/maven-metadata.xml in https://repo.gradle.org/gradle/libs-releases-local/ was cached in the local repository, resolution will not be reattempted until the update interval of gradle-repo has elapsed or updates are forced
[DEBUG] Failure to find org.eclipse.platform:org.eclipse.core.filesystem/maven-metadata.xml in https://oss.sonatype.org/content/repositories/snapshots was cached in the local repository, resolution will not be reattempted until the update interval of sonatype-nexus-snapshots has elapsed or updates are forced
[DEBUG] Failure to find org.eclipse.platform:org.eclipse.core.filesystem/maven-metadata.xml in http://maven.inria.fr/artifactory/spoon-public-snapshot was cached in the local repository, resolution will not be reattempted until the update interval of maven.inria.fr-snapshot has elapsed or updates are forced
[DEBUG] Failure to find org.eclipse.platform:org.eclipse.core.filesystem/maven-metadata.xml in http://maven.inria.fr/artifactory/triskell-public-release was cached in the local repository, resolution will not be reattempted until the update interval of inria has elapsed or updates are forced
[DEBUG] Could not find metadata org.eclipse.platform:org.eclipse.text/maven-metadata.xml in local (/home/spirals/danglot/.m2/repository)
[DEBUG] Skipped remote request for org.eclipse.platform:org.eclipse.text/maven-metadata.xml, locally cached metadata up-to-date.
[DEBUG] Failure to find org.eclipse.platform:org.eclipse.text/maven-metadata.xml in https://repo.gradle.org/gradle/libs-releases-local/ was cached in the local repository, resolution will not be reattempted until the update interval of gradle-repo has elapsed or updates are forced
[DEBUG] Failure to find org.eclipse.platform:org.eclipse.text/maven-metadata.xml in https://oss.sonatype.org/content/repositories/snapshots was cached in the local repository, resolution will not be reattempted until the update interval of sonatype-nexus-snapshots has elapsed or updates are forced
[DEBUG] Failure to find org.eclipse.platform:org.eclipse.text/maven-metadata.xml in http://maven.inria.fr/artifactory/spoon-public-snapshot was cached in the local repository, resolution will not be reattempted until the update interval of maven.inria.fr-snapshot has elapsed or updates are forced
[DEBUG] Failure to find org.eclipse.platform:org.eclipse.text/maven-metadata.xml in http://maven.inria.fr/artifactory/triskell-public-release was cached in the local repository, resolution will not be reattempted until the update interval of inria has elapsed or updates are forced
[DEBUG] Using transporter WagonTransporter with priority -1.0 for https://stamp-project.github.io/stamp-maven-repository/
[DEBUG] Using connector BasicRepositoryConnector with priority 0.0 for https://stamp-project.github.io/stamp-maven-repository/
Downloading from stamp-maven-repository-mvn-repo: https://stamp-project.github.io/stamp-maven-repository/org/eclipse/platform/org.eclipse.text/maven-metadata.xml
[DEBUG] Writing tracking file /home/spirals/danglot/.m2/repository/org/eclipse/platform/org.eclipse.text/resolver-status.properties
[DEBUG] Could not find metadata org.eclipse.platform:org.eclipse.text/maven-metadata.xml in stamp-maven-repository-mvn-repo (https://stamp-project.github.io/stamp-maven-repository/)
[DEBUG] Could not find metadata org.eclipse.platform:org.eclipse.core.commands/maven-metadata.xml in local (/home/spirals/danglot/.m2/repository)
[DEBUG] Skipped remote request for org.eclipse.platform:org.eclipse.core.commands/maven-metadata.xml, locally cached metadata up-to-date.
[DEBUG] Failure to find org.eclipse.platform:org.eclipse.core.commands/maven-metadata.xml in https://repo.gradle.org/gradle/libs-releases-local/ was cached in the local repository, resolution will not be reattempted until the update interval of gradle-repo has elapsed or updates are forced
[DEBUG] Failure to find org.eclipse.platform:org.eclipse.core.commands/maven-metadata.xml in https://oss.sonatype.org/content/repositories/snapshots was cached in the local repository, resolution will not be reattempted until the update interval of sonatype-nexus-snapshots has elapsed or updates are forced
[DEBUG] Failure to find org.eclipse.platform:org.eclipse.core.commands/maven-metadata.xml in http://maven.inria.fr/artifactory/spoon-public-snapshot was cached in the local repository, resolution will not be reattempted until the update interval of maven.inria.fr-snapshot has elapsed or updates are forced
[DEBUG] Failure to find org.eclipse.platform:org.eclipse.core.commands/maven-metadata.xml in http://maven.inria.fr/artifactory/triskell-public-release was cached in the local repository, resolution will not be reattempted until the update interval of inria has elapsed or updates are forced
[DEBUG] Using transporter WagonTransporter with priority -1.0 for https://stamp-project.github.io/stamp-maven-repository/
[DEBUG] Using connector BasicRepositoryConnector with priority 0.0 for https://stamp-project.github.io/stamp-maven-repository/
Downloading from stamp-maven-repository-mvn-repo: https://stamp-project.github.io/stamp-maven-repository/org/eclipse/platform/org.eclipse.core.commands/maven-metadata.xml
[DEBUG] Writing tracking file /home/spirals/danglot/.m2/repository/org/eclipse/platform/org.eclipse.core.commands/resolver-status.properties
[DEBUG] Could not find metadata org.eclipse.platform:org.eclipse.core.commands/maven-metadata.xml in stamp-maven-repository-mvn-repo (https://stamp-project.github.io/stamp-maven-repository/)
[DEBUG] Could not find metadata org.eclipse.platform:org.eclipse.equinox.common/maven-metadata.xml in local (/home/spirals/danglot/.m2/repository)
[DEBUG] Skipped remote request for org.eclipse.platform:org.eclipse.equinox.common/maven-metadata.xml, locally cached metadata up-to-date.
[DEBUG] Skipped remote request for org.eclipse.platform:org.eclipse.equinox.common/maven-metadata.xml, already updated during this session.
[DEBUG] Failure to find org.eclipse.platform:org.eclipse.equinox.common/maven-metadata.xml in https://stamp-project.github.io/stamp-maven-repository/ was cached in the local repository, resolution will not be reattempted until the update interval of stamp-maven-repository-mvn-repo has elapsed or updates are forced
[DEBUG] Failure to find org.eclipse.platform:org.eclipse.equinox.common/maven-metadata.xml in https://repo.gradle.org/gradle/libs-releases-local/ was cached in the local repository, resolution will not be reattempted until the update interval of gradle-repo has elapsed or updates are forced
[DEBUG] Failure to find org.eclipse.platform:org.eclipse.equinox.common/maven-metadata.xml in https://oss.sonatype.org/content/repositories/snapshots was cached in the local repository, resolution will not be reattempted until the update interval of sonatype-nexus-snapshots has elapsed or updates are forced
[DEBUG] Failure to find org.eclipse.platform:org.eclipse.equinox.common/maven-metadata.xml in http://maven.inria.fr/artifactory/spoon-public-snapshot was cached in the local repository, resolution will not be reattempted until the update interval of maven.inria.fr-snapshot has elapsed or updates are forced
[DEBUG] Failure to find org.eclipse.platform:org.eclipse.equinox.common/maven-metadata.xml in http://maven.inria.fr/artifactory/triskell-public-release was cached in the local repository, resolution will not be reattempted until the update interval of inria has elapsed or updates are forced
[DEBUG] Could not find metadata org.eclipse.platform:org.eclipse.core.runtime/maven-metadata.xml in local (/home/spirals/danglot/.m2/repository)
[DEBUG] Skipped remote request for org.eclipse.platform:org.eclipse.core.runtime/maven-metadata.xml, locally cached metadata up-to-date.
[DEBUG] Skipped remote request for org.eclipse.platform:org.eclipse.core.runtime/maven-metadata.xml, already updated during this session.
[DEBUG] Failure to find org.eclipse.platform:org.eclipse.core.runtime/maven-metadata.xml in https://stamp-project.github.io/stamp-maven-repository/ was cached in the local repository, resolution will not be reattempted until the update interval of stamp-maven-repository-mvn-repo has elapsed or updates are forced
[DEBUG] Failure to find org.eclipse.platform:org.eclipse.core.runtime/maven-metadata.xml in https://repo.gradle.org/gradle/libs-releases-local/ was cached in the local repository, resolution will not be reattempted until the update interval of gradle-repo has elapsed or updates are forced
[DEBUG] Failure to find org.eclipse.platform:org.eclipse.core.runtime/maven-metadata.xml in https://oss.sonatype.org/content/repositories/snapshots was cached in the local repository, resolution will not be reattempted until the update interval of sonatype-nexus-snapshots has elapsed or updates are forced
[DEBUG] Failure to find org.eclipse.platform:org.eclipse.core.runtime/maven-metadata.xml in http://maven.inria.fr/artifactory/spoon-public-snapshot was cached in the local repository, resolution will not be reattempted until the update interval of maven.inria.fr-snapshot has elapsed or updates are forced
[DEBUG] Failure to find org.eclipse.platform:org.eclipse.core.runtime/maven-metadata.xml in http://maven.inria.fr/artifactory/triskell-public-release was cached in the local repository, resolution will not be reattempted until the update interval of inria has elapsed or updates are forced
[DEBUG] Dependency collection stats: {ConflictMarker.analyzeTime=6467947, ConflictMarker.markTime=2004486, ConflictMarker.nodeCount=672, ConflictIdSorter.graphTime=4752272, ConflictIdSorter.topsortTime=297308, ConflictIdSorter.conflictIdCount=98, ConflictIdSorter.conflictIdCycleCount=0, ConflictResolver.totalTime=17117818, ConflictResolver.conflictItemCount=307, DefaultDependencyCollector.collectTime=8263219486, DefaultDependencyCollector.transformTime=30931989}
[DEBUG] eu.stamp-project:dspot-maven:jar:1.1.1-SNAPSHOT:
[DEBUG]    eu.stamp-project:dspot:jar:1.1.1-SNAPSHOT:compile
[DEBUG]       fr.inria.gforge.spoon:spoon-core:jar:7.1.0-SNAPSHOT:compile
[DEBUG]          org.eclipse.jdt:org.eclipse.jdt.core:jar:3.13.102:compile
[DEBUG]             org.eclipse.platform:org.eclipse.core.resources:jar:3.13.100:compile
[DEBUG]                org.eclipse.platform:org.eclipse.core.expressions:jar:3.6.200:compile
[DEBUG]             org.eclipse.platform:org.eclipse.core.runtime:jar:3.15.0:compile
[DEBUG]                org.eclipse.platform:org.eclipse.osgi:jar:3.13.100:compile
[DEBUG]                org.eclipse.platform:org.eclipse.equinox.common:jar:3.10.100:compile
[DEBUG]                org.eclipse.platform:org.eclipse.core.jobs:jar:3.10.100:compile
[DEBUG]                org.eclipse.platform:org.eclipse.equinox.registry:jar:3.8.100:compile
[DEBUG]                org.eclipse.platform:org.eclipse.equinox.preferences:jar:3.7.200:compile
[DEBUG]                org.eclipse.platform:org.eclipse.core.contenttype:jar:3.7.100:compile
[DEBUG]                org.eclipse.platform:org.eclipse.equinox.app:jar:1.3.600:compile
[DEBUG]             org.eclipse.platform:org.eclipse.core.filesystem:jar:1.7.200:compile
[DEBUG]             org.eclipse.platform:org.eclipse.text:jar:3.7.0:compile
[DEBUG]                org.eclipse.platform:org.eclipse.core.commands:jar:3.9.200:compile
[DEBUG]          com.martiansoftware:jsap:jar:2.1:compile
[DEBUG]          log4j:log4j:jar:1.2.17:compile
[DEBUG]          com.fasterxml.jackson.core:jackson-databind:jar:2.9.2:compile
[DEBUG]             com.fasterxml.jackson.core:jackson-annotations:jar:2.9.0:compile
[DEBUG]             com.fasterxml.jackson.core:jackson-core:jar:2.9.2:compile
[DEBUG]          org.benf:cfr:jar:0.132.0:compile
[DEBUG]       junit:junit:jar:4.12:compile
[DEBUG]          org.hamcrest:hamcrest-core:jar:1.3:compile
[DEBUG]       com.google.code.gson:gson:jar:2.8.0:compile
[DEBUG]       org.apache.maven.shared:maven-invoker:jar:3.0.0:compile
[DEBUG]       org.slf4j:slf4j-api:jar:1.7.25:compile
[DEBUG]       org.slf4j:slf4j-log4j12:jar:1.7.25:compile
[DEBUG]       org.jacoco:org.jacoco.core:jar:0.7.9:compile
[DEBUG]          org.ow2.asm:asm-debug-all:jar:5.2:compile
[DEBUG]       eu.stamp-project:descartes:jar:1.1:compile
[DEBUG]          org.pitest:pitest:jar:1.2.0:compile
[DEBUG]          org.pitest:pitest-entry:jar:1.2.0:compile
[DEBUG]             com.thoughtworks.xstream:xstream:jar:1.4.8:compile
[DEBUG]                xmlpull:xmlpull:jar:1.1.3.1:compile
[DEBUG]                xpp3:xpp3_min:jar:1.1.4c:compile
[DEBUG]       org.gradle:gradle-tooling-api:jar:4.0.1:compile
[DEBUG]       org.mockito:mockito-core:jar:2.10.0:compile
[DEBUG]          net.bytebuddy:byte-buddy:jar:1.7.4:runtime
[DEBUG]          net.bytebuddy:byte-buddy-agent:jar:1.7.4:runtime
[DEBUG]          org.objenesis:objenesis:jar:2.6:runtime
[DEBUG]       eu.stamp-project:test-runner:jar:jar-with-dependencies:1.1.0:compile
[DEBUG]       org.openclover:clover:jar:4.2.1:compile
[DEBUG]       fr.inria.gforge.spoon.labs:gumtree-spoon-ast-diff:jar:1.3:compile
[DEBUG]          com.github.gumtreediff:core:jar:2.0.0:compile
[DEBUG]             com.github.mpkorstanje:simmetrics-core:jar:3.0.3:compile
[DEBUG]                commons-codec:commons-codec:jar:1.10:compile
[DEBUG]             net.sf.trove4j:trove4j:jar:3.0.3:compile
[DEBUG]    org.apache.maven:maven-plugin-api:jar:3.5.0:compile
[DEBUG]       org.apache.maven:maven-artifact:jar:3.5.0:compile
[DEBUG]       org.eclipse.sisu:org.eclipse.sisu.plexus:jar:0.3.3:compile
[DEBUG]          javax.enterprise:cdi-api:jar:1.0:compile
[DEBUG]             javax.annotation:jsr250-api:jar:1.0:compile
[DEBUG]          org.eclipse.sisu:org.eclipse.sisu.inject:jar:0.3.3:compile
[DEBUG]    org.apache.maven.plugin-testing:maven-plugin-testing-harness:jar:3.3.0:compile
[DEBUG]       commons-io:commons-io:jar:2.2:compile
[DEBUG]       org.codehaus.plexus:plexus-archiver:jar:2.2:compile
[DEBUG]          org.codehaus.plexus:plexus-io:jar:2.0.4:compile
[DEBUG]    org.apache.maven:maven-compat:jar:3.5.0:compile
[DEBUG]       org.apache.maven:maven-model-builder:jar:3.5.0:compile
[DEBUG]          org.apache.maven:maven-builder-support:jar:3.5.0:compile
[DEBUG]          com.google.guava:guava:jar:20.0:compile
[DEBUG]       org.apache.maven:maven-settings:jar:3.5.0:compile
[DEBUG]       org.apache.maven:maven-resolver-provider:jar:3.5.0:compile
[DEBUG]       org.apache.maven.resolver:maven-resolver-api:jar:1.0.3:compile
[DEBUG]       org.apache.maven.resolver:maven-resolver-util:jar:1.0.3:compile
[DEBUG]       org.apache.maven.resolver:maven-resolver-impl:jar:1.0.3:compile
[DEBUG]       org.codehaus.plexus:plexus-utils:jar:3.0.24:compile
[DEBUG]       org.codehaus.plexus:plexus-interpolation:jar:1.24:compile
[DEBUG]       org.codehaus.plexus:plexus-component-annotations:jar:1.7.1:compile
[DEBUG]       org.apache.maven.wagon:wagon-provider-api:jar:2.12:compile
[DEBUG]    org.apache.maven:maven-core:jar:3.5.0:compile
[DEBUG]       org.apache.maven:maven-settings-builder:jar:3.5.0:compile
[DEBUG]       org.apache.maven:maven-repository-metadata:jar:3.5.0:compile
[DEBUG]       org.apache.maven.resolver:maven-resolver-spi:jar:1.0.3:compile
[DEBUG]       org.apache.maven.shared:maven-shared-utils:jar:3.1.0:compile
[DEBUG]       com.google.inject:guice:jar:no_aop:4.0:compile
[DEBUG]          javax.inject:javax.inject:jar:1:compile
[DEBUG]          aopalliance:aopalliance:jar:1.0:compile
[DEBUG]       org.codehaus.plexus:plexus-classworlds:jar:2.5.2:compile
[DEBUG]       org.sonatype.plexus:plexus-sec-dispatcher:jar:1.4:compile
[DEBUG]          org.sonatype.plexus:plexus-cipher:jar:1.4:compile
[DEBUG]       org.apache.commons:commons-lang3:jar:3.5:compile
[DEBUG]    org.apache.maven:maven-model:jar:3.5.0:compile
[DEBUG]    org.apache.maven:maven-aether-provider:jar:3.3.9:compile
[DEBUG]       org.eclipse.aether:aether-api:jar:1.0.2.v20150114:compile
[DEBUG]       org.eclipse.aether:aether-spi:jar:1.0.2.v20150114:compile
[DEBUG]       org.eclipse.aether:aether-util:jar:1.0.2.v20150114:compile
[DEBUG]       org.eclipse.aether:aether-impl:jar:1.0.2.v20150114:compile
[DEBUG]    org.apache.maven:maven-project:jar:2.2.1:compile
[DEBUG]       org.apache.maven:maven-profile:jar:2.2.1:compile
[DEBUG]       org.apache.maven:maven-artifact-manager:jar:2.2.1:compile
[DEBUG]          backport-util-concurrent:backport-util-concurrent:jar:3.1:compile
[DEBUG]       org.apache.maven:maven-plugin-registry:jar:2.2.1:compile
[DEBUG]       org.codehaus.plexus:plexus-container-default:jar:1.0-alpha-9-stable-1:compile
[DEBUG]          classworlds:classworlds:jar:1.1-alpha-2:compile
[DEBUG] Created new class realm plugin>eu.stamp-project:dspot-maven:1.1.1-SNAPSHOT
[DEBUG] Importing foreign packages into class realm plugin>eu.stamp-project:dspot-maven:1.1.1-SNAPSHOT
[DEBUG]   Imported:  < maven.api
[DEBUG] Populating class realm plugin>eu.stamp-project:dspot-maven:1.1.1-SNAPSHOT
[DEBUG]   Included: eu.stamp-project:dspot-maven:jar:1.1.1-SNAPSHOT
[DEBUG]   Included: eu.stamp-project:dspot:jar:1.1.1-SNAPSHOT
[DEBUG]   Included: fr.inria.gforge.spoon:spoon-core:jar:7.1.0-SNAPSHOT
[DEBUG]   Included: org.eclipse.jdt:org.eclipse.jdt.core:jar:3.13.102
[DEBUG]   Included: org.eclipse.platform:org.eclipse.core.resources:jar:3.13.100
[DEBUG]   Included: org.eclipse.platform:org.eclipse.core.expressions:jar:3.6.200
[DEBUG]   Included: org.eclipse.platform:org.eclipse.core.runtime:jar:3.15.0
[DEBUG]   Included: org.eclipse.platform:org.eclipse.osgi:jar:3.13.100
[DEBUG]   Included: org.eclipse.platform:org.eclipse.equinox.common:jar:3.10.100
[DEBUG]   Included: org.eclipse.platform:org.eclipse.core.jobs:jar:3.10.100
[DEBUG]   Included: org.eclipse.platform:org.eclipse.equinox.registry:jar:3.8.100
[DEBUG]   Included: org.eclipse.platform:org.eclipse.equinox.preferences:jar:3.7.200
[DEBUG]   Included: org.eclipse.platform:org.eclipse.core.contenttype:jar:3.7.100
[DEBUG]   Included: org.eclipse.platform:org.eclipse.equinox.app:jar:1.3.600
[DEBUG]   Included: org.eclipse.platform:org.eclipse.core.filesystem:jar:1.7.200
[DEBUG]   Included: org.eclipse.platform:org.eclipse.text:jar:3.7.0
[DEBUG]   Included: org.eclipse.platform:org.eclipse.core.commands:jar:3.9.200
[DEBUG]   Included: com.martiansoftware:jsap:jar:2.1
[DEBUG]   Included: log4j:log4j:jar:1.2.17
[DEBUG]   Included: com.fasterxml.jackson.core:jackson-databind:jar:2.9.2
[DEBUG]   Included: com.fasterxml.jackson.core:jackson-annotations:jar:2.9.0
[DEBUG]   Included: com.fasterxml.jackson.core:jackson-core:jar:2.9.2
[DEBUG]   Included: org.benf:cfr:jar:0.132.0
[DEBUG]   Included: junit:junit:jar:4.12
[DEBUG]   Included: org.hamcrest:hamcrest-core:jar:1.3
[DEBUG]   Included: com.google.code.gson:gson:jar:2.8.0
[DEBUG]   Included: org.apache.maven.shared:maven-invoker:jar:3.0.0
[DEBUG]   Included: org.slf4j:slf4j-log4j12:jar:1.7.25
[DEBUG]   Included: org.jacoco:org.jacoco.core:jar:0.7.9
[DEBUG]   Included: org.ow2.asm:asm-debug-all:jar:5.2
[DEBUG]   Included: eu.stamp-project:descartes:jar:1.1
[DEBUG]   Included: org.pitest:pitest:jar:1.2.0
[DEBUG]   Included: org.pitest:pitest-entry:jar:1.2.0
[DEBUG]   Included: com.thoughtworks.xstream:xstream:jar:1.4.8
[DEBUG]   Included: xmlpull:xmlpull:jar:1.1.3.1
[DEBUG]   Included: xpp3:xpp3_min:jar:1.1.4c
[DEBUG]   Included: org.gradle:gradle-tooling-api:jar:4.0.1
[DEBUG]   Included: org.mockito:mockito-core:jar:2.10.0
[DEBUG]   Included: net.bytebuddy:byte-buddy:jar:1.7.4
[DEBUG]   Included: net.bytebuddy:byte-buddy-agent:jar:1.7.4
[DEBUG]   Included: org.objenesis:objenesis:jar:2.6
[DEBUG]   Included: eu.stamp-project:test-runner:jar:jar-with-dependencies:1.1.0
[DEBUG]   Included: org.openclover:clover:jar:4.2.1
[DEBUG]   Included: fr.inria.gforge.spoon.labs:gumtree-spoon-ast-diff:jar:1.3
[DEBUG]   Included: com.github.gumtreediff:core:jar:2.0.0
[DEBUG]   Included: com.github.mpkorstanje:simmetrics-core:jar:3.0.3
[DEBUG]   Included: commons-codec:commons-codec:jar:1.10
[DEBUG]   Included: net.sf.trove4j:trove4j:jar:3.0.3
[DEBUG]   Included: javax.enterprise:cdi-api:jar:1.0
[DEBUG]   Included: org.eclipse.sisu:org.eclipse.sisu.inject:jar:0.3.3
[DEBUG]   Included: org.apache.maven.plugin-testing:maven-plugin-testing-harness:jar:3.3.0
[DEBUG]   Included: commons-io:commons-io:jar:2.2
[DEBUG]   Included: org.codehaus.plexus:plexus-archiver:jar:2.2
[DEBUG]   Included: org.codehaus.plexus:plexus-io:jar:2.0.4
[DEBUG]   Included: org.apache.maven:maven-builder-support:jar:3.5.0
[DEBUG]   Included: com.google.guava:guava:jar:20.0
[DEBUG]   Included: org.apache.maven.resolver:maven-resolver-util:jar:1.0.3
[DEBUG]   Included: org.codehaus.plexus:plexus-utils:jar:3.0.24
[DEBUG]   Included: org.codehaus.plexus:plexus-interpolation:jar:1.24
[DEBUG]   Included: org.codehaus.plexus:plexus-component-annotations:jar:1.7.1
[DEBUG]   Included: org.apache.maven.shared:maven-shared-utils:jar:3.1.0
[DEBUG]   Included: com.google.inject:guice:jar:no_aop:4.0
[DEBUG]   Included: aopalliance:aopalliance:jar:1.0
[DEBUG]   Included: org.sonatype.plexus:plexus-sec-dispatcher:jar:1.4
[DEBUG]   Included: org.sonatype.plexus:plexus-cipher:jar:1.4
[DEBUG]   Included: org.apache.commons:commons-lang3:jar:3.5
[DEBUG]   Included: org.eclipse.aether:aether-util:jar:1.0.2.v20150114
[DEBUG]   Included: backport-util-concurrent:backport-util-concurrent:jar:3.1
[DEBUG] Configuring mojo eu.stamp-project:dspot-maven:1.1.1-SNAPSHOT:amplify-unit-tests from plugin realm ClassRealm[plugin>eu.stamp-project:dspot-maven:1.1.1-SNAPSHOT, parent: sun.misc.Launcher$AppClassLoader@55f96302]
[DEBUG] Configuring mojo 'eu.stamp-project:dspot-maven:1.1.1-SNAPSHOT:amplify-unit-tests' with basic configurator -->
[DEBUG]   (f) amplifiers = [None]
[DEBUG]   (f) automaticBuilder = MavenBuilder
[DEBUG]   (f) budgetizer = NoBudgetizer
[DEBUG]   (f) cases = []
[DEBUG]   (f) clean = true
[DEBUG]   (f) descartes = false
[DEBUG]   (f) example = false
[DEBUG]   (f) generateNewTestClass = true
[DEBUG]   (f) help = false
[DEBUG]   (f) iteration = 3
[DEBUG]   (f) maxTestAmplified = 200
[DEBUG]   (f) noMinimize = false
[DEBUG]   (f) outputPath = /tmp/icst-2019/september-2018/result/java-library/commit_0_dadc2f8/assert_amplification
[DEBUG]   (f) pathToSecondVersion = /tmp/icst-2019/september-2018/dataset/java-library
[DEBUG]   (f) pathToTestListCsv = /tmp/icst-2019/september-2018/result/java-library/commit_0_dadc2f8/testsThatExecuteTheChanges.csv
[DEBUG]   (f) project = MavenProject: com.urbanairship:java-client:1.3.1-SNAPSHOT @ /tmp/icst-2019/september-2018/dataset/java-library_parent/pom.xml
[DEBUG]   (f) randomSeed = 23
[DEBUG]   (f) test = [all]
[DEBUG]   (f) testCriterion = ChangeDetectorSelector
[DEBUG]   (f) timeOut = 10000
[DEBUG]   (f) useMavenToExeTest = false
[DEBUG]   (f) verbose = true
[DEBUG]   (f) withComment = false
[DEBUG]   (f) workingDirectory = false
[DEBUG] -- end configuration --
[INFO] Path to runner Classes: /home/spirals/danglot/.m2/repository/eu/stamp-project/test-runner/1.1.0/test-runner-1.1.0-jar-with-dependencies.jar
[INFO] /home/spirals/danglot/.m2/repository/org/jacoco/org.jacoco.core/0.7.9/org.jacoco.core-0.7.9.jar
[INFO] /home/spirals/danglot/.m2/repository/org/ow2/asm/asm-debug-all/5.2/asm-debug-all-5.2.jar
[INFO] /home/spirals/danglot/.m2/repository/eu/stamp-project/test-runner/1.1.0/test-runner-1.1.0-jar-with-dependencies.jar
[WARNING] automaticBuilderName: unknown automatic builder specified in configuration, going to default.
[INFO] Default: provided Maven automatic builder.
[INFO] Using /home/spirals/danglot/apache-maven-3.5.4 for maven home
[INFO] run maven: /home/spirals/danglot/apache-maven-3.5.4/bin/mvn clean test -DskipTests dependency:build-classpath -Dmdep.outputFile=target/dspot/classpath
[WARN] Maven will be executed in interactive mode, but no input stream has been configured for this MavenInvoker instance.
[INFO] Scanning for projects...
[INFO] 
[INFO] --------------------< com.urbanairship:java-client >--------------------
[INFO] Building Java Client 1.3.1-SNAPSHOT
[INFO] --------------------------------[ jar ]---------------------------------
[INFO] 
[INFO] --- maven-clean-plugin:2.5:clean (default-clean) @ java-client ---
[INFO] Deleting /tmp/icst-2019/september-2018/dataset/java-library_parent/target
[INFO] 
[INFO] --- maven-enforcer-plugin:1.0:enforce (enforce-maven) @ java-client ---
[INFO] Skipping Rule Enforcement.
[INFO] 
[INFO] --- jacoco-maven-plugin:0.8.0:prepare-agent (prepare-agent) @ java-client ---
[INFO] argLine set to -javaagent:/home/spirals/danglot/.m2/repository/org/jacoco/org.jacoco.agent/0.8.0/org.jacoco.agent-0.8.0-runtime.jar=destfile=/tmp/icst-2019/september-2018/dataset/java-library_parent/target/jacoco.exec
[INFO] 
[INFO] --- maven-resources-plugin:2.6:resources (default-resources) @ java-client ---
[INFO] Using 'UTF-8' encoding to copy filtered resources.
[INFO] Copying 1 resource
[INFO] 
[INFO] --- maven-compiler-plugin:3.3:compile (default-compile) @ java-client ---
[INFO] Changes detected - recompiling the module!
[INFO] Compiling 452 source files to /tmp/icst-2019/september-2018/dataset/java-library_parent/target/classes
[INFO] /tmp/icst-2019/september-2018/dataset/java-library_parent/src/main/java/com/urbanairship/api/channel/parse/ChannelObjectMapper.java: Some input files use or override a deprecated API.
[INFO] /tmp/icst-2019/september-2018/dataset/java-library_parent/src/main/java/com/urbanairship/api/channel/parse/ChannelObjectMapper.java: Recompile with -Xlint:deprecation for details.
[INFO] /tmp/icst-2019/september-2018/dataset/java-library_parent/src/main/java/com/urbanairship/api/push/parse/audience/SelectorReader.java: Some input files use unchecked or unsafe operations.
[INFO] /tmp/icst-2019/september-2018/dataset/java-library_parent/src/main/java/com/urbanairship/api/push/parse/audience/SelectorReader.java: Recompile with -Xlint:unchecked for details.
[INFO] 
[INFO] --- maven-resources-plugin:2.6:testResources (default-testResources) @ java-client ---
[INFO] Using 'UTF-8' encoding to copy filtered resources.
[INFO] skip non existing resourceDirectory /tmp/icst-2019/september-2018/dataset/java-library_parent/src/test/resources
[INFO] 
[INFO] --- maven-compiler-plugin:3.3:testCompile (default-testCompile) @ java-client ---
[INFO] Changes detected - recompiling the module!
[INFO] Compiling 163 source files to /tmp/icst-2019/september-2018/dataset/java-library_parent/target/test-classes
[INFO] /tmp/icst-2019/september-2018/dataset/java-library_parent/src/test/java/com/urbanairship/api/client/UrbanAirshipClientTest.java: Some input files use unchecked or unsafe operations.
[INFO] /tmp/icst-2019/september-2018/dataset/java-library_parent/src/test/java/com/urbanairship/api/client/UrbanAirshipClientTest.java: Recompile with -Xlint:unchecked for details.
[INFO] 
[INFO] --- maven-surefire-plugin:2.12.4:test (default-test) @ java-client ---
[INFO] Tests are skipped.
[INFO] 
[INFO] --- maven-dependency-plugin:2.8:build-classpath (default-cli) @ java-client ---
[INFO] Wrote classpath file '/tmp/icst-2019/september-2018/dataset/java-library_parent/target/dspot/classpath'.
[INFO] ------------------------------------------------------------------------
[INFO] BUILD SUCCESS
[INFO] ------------------------------------------------------------------------
[INFO] Total time: 21.645 s
[INFO] Finished at: 2018-10-09T08:24:29+02:00
[INFO] ------------------------------------------------------------------------
[INFO] Using /home/spirals/danglot/apache-maven-3.5.4 for maven home
[INFO] run maven: /home/spirals/danglot/apache-maven-3.5.4/bin/mvn clean test -DskipTests dependency:build-classpath -Dmdep.outputFile=target/dspot/classpath
[WARN] Maven will be executed in interactive mode, but no input stream has been configured for this MavenInvoker instance.
[INFO] Scanning for projects...
[INFO] 
[INFO] --------------------< com.urbanairship:java-client >--------------------
[INFO] Building Java Client 1.3.1-SNAPSHOT
[INFO] --------------------------------[ jar ]---------------------------------
[INFO] 
[INFO] --- maven-clean-plugin:2.5:clean (default-clean) @ java-client ---
[INFO] Deleting /tmp/icst-2019/september-2018/dataset/java-library/target
[INFO] 
[INFO] --- maven-enforcer-plugin:1.0:enforce (enforce-maven) @ java-client ---
[INFO] Skipping Rule Enforcement.
[INFO] 
[INFO] --- jacoco-maven-plugin:0.8.0:prepare-agent (prepare-agent) @ java-client ---
[INFO] argLine set to -javaagent:/home/spirals/danglot/.m2/repository/org/jacoco/org.jacoco.agent/0.8.0/org.jacoco.agent-0.8.0-runtime.jar=destfile=/tmp/icst-2019/september-2018/dataset/java-library/target/jacoco.exec
[INFO] 
[INFO] --- maven-resources-plugin:2.6:resources (default-resources) @ java-client ---
[INFO] Using 'UTF-8' encoding to copy filtered resources.
[INFO] Copying 1 resource
[INFO] 
[INFO] --- maven-compiler-plugin:3.3:compile (default-compile) @ java-client ---
[INFO] Changes detected - recompiling the module!
[INFO] Compiling 452 source files to /tmp/icst-2019/september-2018/dataset/java-library/target/classes
[INFO] /tmp/icst-2019/september-2018/dataset/java-library/src/main/java/com/urbanairship/api/schedule/parse/ScheduleObjectMapper.java: Some input files use or override a deprecated API.
[INFO] /tmp/icst-2019/september-2018/dataset/java-library/src/main/java/com/urbanairship/api/schedule/parse/ScheduleObjectMapper.java: Recompile with -Xlint:deprecation for details.
[INFO] /tmp/icst-2019/september-2018/dataset/java-library/src/main/java/com/urbanairship/api/location/parse/LocationResponseReader.java: Some input files use unchecked or unsafe operations.
[INFO] /tmp/icst-2019/september-2018/dataset/java-library/src/main/java/com/urbanairship/api/location/parse/LocationResponseReader.java: Recompile with -Xlint:unchecked for details.
[INFO] 
[INFO] --- maven-resources-plugin:2.6:testResources (default-testResources) @ java-client ---
[INFO] Using 'UTF-8' encoding to copy filtered resources.
[INFO] skip non existing resourceDirectory /tmp/icst-2019/september-2018/dataset/java-library/src/test/resources
[INFO] 
[INFO] --- maven-compiler-plugin:3.3:testCompile (default-testCompile) @ java-client ---
[INFO] Changes detected - recompiling the module!
[INFO] Compiling 163 source files to /tmp/icst-2019/september-2018/dataset/java-library/target/test-classes
[INFO] /tmp/icst-2019/september-2018/dataset/java-library/src/test/java/com/urbanairship/api/push/parse/notification/android/PayloadDeserializerTest.java: Some input files use unchecked or unsafe operations.
[INFO] /tmp/icst-2019/september-2018/dataset/java-library/src/test/java/com/urbanairship/api/push/parse/notification/android/PayloadDeserializerTest.java: Recompile with -Xlint:unchecked for details.
[INFO] 
[INFO] --- maven-surefire-plugin:2.12.4:test (default-test) @ java-client ---
[INFO] Tests are skipped.
[INFO] 
[INFO] --- maven-dependency-plugin:2.8:build-classpath (default-cli) @ java-client ---
[INFO] Wrote classpath file '/tmp/icst-2019/september-2018/dataset/java-library/target/dspot/classpath'.
[INFO] ------------------------------------------------------------------------
[INFO] BUILD SUCCESS
[INFO] ------------------------------------------------------------------------
[INFO] Total time: 20.856 s
[INFO] Finished at: 2018-10-09T08:25:06+02:00
[INFO] ------------------------------------------------------------------------
[INFO] Amplification of com.urbanairship.api.push.parse.notification.web.PayloadSerializerTest (1 test(s))
[INFO] Assertion amplification of com.urbanairship.api.push.parse.notification.web.PayloadSerializerTest (1 test(s))
[INFO] Run: java -classpath /tmp/icst-2019/september-2018/dataset/java-library_parent/target/test-classes:/tmp/icst-2019/september-2018/dataset/java-library_parent/target/classes/:/home/spirals/danglot/.m2/repository/commons-lang/commons-lang/2.6/commons-lang-2.6.jar:/home/spirals/danglot/.m2/repository/com/fasterxml/jackson/core/jackson-databind/2.8.8/jackson-databind-2.8.8.jar:/home/spirals/danglot/.m2/repository/com/fasterxml/jackson/core/jackson-annotations/2.8.0/jackson-annotations-2.8.0.jar:/home/spirals/danglot/.m2/repository/com/google/code/findbugs/jsr305/3.0.2/jsr305-3.0.2.jar:/home/spirals/danglot/.m2/repository/com/fasterxml/jackson/core/jackson-core/2.8.8/jackson-core-2.8.8.jar:/home/spirals/danglot/.m2/repository/com/fasterxml/jackson/datatype/jackson-datatype-joda/2.8.8/jackson-datatype-joda-2.8.8.jar:/home/spirals/danglot/.m2/repository/com/google/guava/guava/19.0/guava-19.0.jar:/home/spirals/danglot/.m2/repository/joda-time/joda-time/2.9.3/joda-time-2.9.3.jar:/home/spirals/danglot/.m2/repository/org/joda/joda-convert/1.8.1/joda-convert-1.8.1.jar:/home/spirals/danglot/.m2/repository/org/apache/httpcomponents/fluent-hc/4.5.2/fluent-hc-4.5.2.jar:/home/spirals/danglot/.m2/repository/org/apache/httpcomponents/httpclient/4.5.2/httpclient-4.5.2.jar:/home/spirals/danglot/.m2/repository/org/apache/httpcomponents/httpcore/4.4.4/httpcore-4.4.4.jar:/home/spirals/danglot/.m2/repository/commons-codec/commons-codec/1.9/commons-codec-1.9.jar:/home/spirals/danglot/.m2/repository/commons-logging/commons-logging/1.2/commons-logging-1.2.jar:/home/spirals/danglot/.m2/repository/org/slf4j/slf4j-api/1.7.21/slf4j-api-1.7.21.jar:/home/spirals/danglot/.m2/repository/org/asynchttpclient/async-http-client/2.4.8/async-http-client-2.4.8.jar:/home/spirals/danglot/.m2/repository/org/asynchttpclient/async-http-client-netty-utils/2.4.8/async-http-client-netty-utils-2.4.8.jar:/home/spirals/danglot/.m2/repository/io/netty/netty-buffer/4.1.25.Final/netty-buffer-4.1.25.Final.jar:/home/spirals/danglot/.m2/repository/io/netty/netty-codec-http/4.1.25.Final/netty-codec-http-4.1.25.Final.jar:/home/spirals/danglot/.m2/repository/io/netty/netty-codec/4.1.25.Final/netty-codec-4.1.25.Final.jar:/home/spirals/danglot/.m2/repository/io/netty/netty-handler/4.1.25.Final/netty-handler-4.1.25.Final.jar:/home/spirals/danglot/.m2/repository/io/netty/netty-transport/4.1.25.Final/netty-transport-4.1.25.Final.jar:/home/spirals/danglot/.m2/repository/io/netty/netty-codec-socks/4.1.25.Final/netty-codec-socks-4.1.25.Final.jar:/home/spirals/danglot/.m2/repository/io/netty/netty-handler-proxy/4.1.25.Final/netty-handler-proxy-4.1.25.Final.jar:/home/spirals/danglot/.m2/repository/io/netty/netty-transport-native-epoll/4.1.25.Final/netty-transport-native-epoll-4.1.25.Final-linux-x86_64.jar:/home/spirals/danglot/.m2/repository/io/netty/netty-common/4.1.25.Final/netty-common-4.1.25.Final.jar:/home/spirals/danglot/.m2/repository/io/netty/netty-transport-native-unix-common/4.1.25.Final/netty-transport-native-unix-common-4.1.25.Final.jar:/home/spirals/danglot/.m2/repository/io/netty/netty-resolver-dns/4.1.25.Final/netty-resolver-dns-4.1.25.Final.jar:/home/spirals/danglot/.m2/repository/io/netty/netty-resolver/4.1.25.Final/netty-resolver-4.1.25.Final.jar:/home/spirals/danglot/.m2/repository/io/netty/netty-codec-dns/4.1.25.Final/netty-codec-dns-4.1.25.Final.jar:/home/spirals/danglot/.m2/repository/org/reactivestreams/reactive-streams/1.0.2/reactive-streams-1.0.2.jar:/home/spirals/danglot/.m2/repository/com/typesafe/netty/netty-reactive-streams/2.0.0/netty-reactive-streams-2.0.0.jar:/home/spirals/danglot/.m2/repository/com/sun/activation/javax.activation/1.2.0/javax.activation-1.2.0.jar:/home/spirals/danglot/.m2/repository/org/hamcrest/java-hamcrest/2.0.0.0/java-hamcrest-2.0.0.0.jar:/home/spirals/danglot/.m2/repository/com/opencsv/opencsv/3.7/opencsv-3.7.jar:/home/spirals/danglot/.m2/repository/org/apache/commons/commons-lang3/3.3.2/commons-lang3-3.3.2.jar:/home/spirals/danglot/.m2/repository/junit/junit/4.10/junit-4.10.jar:/home/spirals/danglot/.m2/repository/org/hamcrest/hamcrest-core/1.1/hamcrest-core-1.1.jar:/home/spirals/danglot/.m2/repository/org/mockito/mockito-core/1.9.5/mockito-core-1.9.5.jar:/home/spirals/danglot/.m2/repository/org/objenesis/objenesis/1.0/objenesis-1.0.jar:/home/spirals/danglot/.m2/repository/com/github/tomakehurst/wiremock/1.56/wiremock-1.56-standalone.jar:/home/spirals/danglot/.m2/repository/xmlunit/xmlunit/1.5/xmlunit-1.5.jar:/home/spirals/danglot/.m2/repository/org/mortbay/jetty/jetty/6.1.26/jetty-6.1.26.jar:/home/spirals/danglot/.m2/repository/org/mortbay/jetty/jetty-util/6.1.26/jetty-util-6.1.26.jar:/home/spirals/danglot/.m2/repository/org/mortbay/jetty/servlet-api/2.5-20081211/servlet-api-2.5-20081211.jar:/home/spirals/danglot/.m2/repository/org/skyscreamer/jsonassert/1.2.3/jsonassert-1.2.3.jar:/home/spirals/danglot/.m2/repository/org/json/json/20090211/json-20090211.jar:/home/spirals/danglot/.m2/repository/com/jayway/jsonpath/json-path/0.8.1/json-path-0.8.1.jar:/home/spirals/danglot/.m2/repository/net/minidev/json-smart/1.1.1/json-smart-1.1.1.jar:/home/spirals/danglot/.m2/repository/net/sf/jopt-simple/jopt-simple/4.7/jopt-simple-4.7.jar:/home/spirals/danglot/.m2/repository/log4j/log4j/1.2.17/log4j-1.2.17.jar:/home/spirals/danglot/.m2/repository/org/slf4j/slf4j-log4j12/1.7.21/slf4j-log4j12-1.7.21.jar:/tmp/icst-2019/september-2018/dataset/java-library_parent/target/dspot/dependencies/:/home/spirals/danglot/.m2/repository/eu/stamp-project/test-runner/1.1.0/test-runner-1.1.0-jar-with-dependencies.jar eu.stamp_project.testrunner.runner.test.TestRunner com.urbanairship.api.push.parse.notification.web.PayloadSerializerTest testFullWebPayload
File saved to the following path: /tmp/icst-2019/september-2018/dataset/java-library_parent/target/dspot/TestListener.ser
Loading /tmp/icst-2019/september-2018/dataset/java-library_parent/target/dspot/TestListener.ser
[INFO] Test has been run: testFullWebPayload
[INFO] Run tests. (1)
[INFO] Run: java -classpath /tmp/icst-2019/september-2018/dataset/java-library_parent/target/test-classes:/tmp/icst-2019/september-2018/dataset/java-library_parent/target/classes/:/home/spirals/danglot/.m2/repository/commons-lang/commons-lang/2.6/commons-lang-2.6.jar:/home/spirals/danglot/.m2/repository/com/fasterxml/jackson/core/jackson-databind/2.8.8/jackson-databind-2.8.8.jar:/home/spirals/danglot/.m2/repository/com/fasterxml/jackson/core/jackson-annotations/2.8.0/jackson-annotations-2.8.0.jar:/home/spirals/danglot/.m2/repository/com/google/code/findbugs/jsr305/3.0.2/jsr305-3.0.2.jar:/home/spirals/danglot/.m2/repository/com/fasterxml/jackson/core/jackson-core/2.8.8/jackson-core-2.8.8.jar:/home/spirals/danglot/.m2/repository/com/fasterxml/jackson/datatype/jackson-datatype-joda/2.8.8/jackson-datatype-joda-2.8.8.jar:/home/spirals/danglot/.m2/repository/com/google/guava/guava/19.0/guava-19.0.jar:/home/spirals/danglot/.m2/repository/joda-time/joda-time/2.9.3/joda-time-2.9.3.jar:/home/spirals/danglot/.m2/repository/org/joda/joda-convert/1.8.1/joda-convert-1.8.1.jar:/home/spirals/danglot/.m2/repository/org/apache/httpcomponents/fluent-hc/4.5.2/fluent-hc-4.5.2.jar:/home/spirals/danglot/.m2/repository/org/apache/httpcomponents/httpclient/4.5.2/httpclient-4.5.2.jar:/home/spirals/danglot/.m2/repository/org/apache/httpcomponents/httpcore/4.4.4/httpcore-4.4.4.jar:/home/spirals/danglot/.m2/repository/commons-codec/commons-codec/1.9/commons-codec-1.9.jar:/home/spirals/danglot/.m2/repository/commons-logging/commons-logging/1.2/commons-logging-1.2.jar:/home/spirals/danglot/.m2/repository/org/slf4j/slf4j-api/1.7.21/slf4j-api-1.7.21.jar:/home/spirals/danglot/.m2/repository/org/asynchttpclient/async-http-client/2.4.8/async-http-client-2.4.8.jar:/home/spirals/danglot/.m2/repository/org/asynchttpclient/async-http-client-netty-utils/2.4.8/async-http-client-netty-utils-2.4.8.jar:/home/spirals/danglot/.m2/repository/io/netty/netty-buffer/4.1.25.Final/netty-buffer-4.1.25.Final.jar:/home/spirals/danglot/.m2/repository/io/netty/netty-codec-http/4.1.25.Final/netty-codec-http-4.1.25.Final.jar:/home/spirals/danglot/.m2/repository/io/netty/netty-codec/4.1.25.Final/netty-codec-4.1.25.Final.jar:/home/spirals/danglot/.m2/repository/io/netty/netty-handler/4.1.25.Final/netty-handler-4.1.25.Final.jar:/home/spirals/danglot/.m2/repository/io/netty/netty-transport/4.1.25.Final/netty-transport-4.1.25.Final.jar:/home/spirals/danglot/.m2/repository/io/netty/netty-codec-socks/4.1.25.Final/netty-codec-socks-4.1.25.Final.jar:/home/spirals/danglot/.m2/repository/io/netty/netty-handler-proxy/4.1.25.Final/netty-handler-proxy-4.1.25.Final.jar:/home/spirals/danglot/.m2/repository/io/netty/netty-transport-native-epoll/4.1.25.Final/netty-transport-native-epoll-4.1.25.Final-linux-x86_64.jar:/home/spirals/danglot/.m2/repository/io/netty/netty-common/4.1.25.Final/netty-common-4.1.25.Final.jar:/home/spirals/danglot/.m2/repository/io/netty/netty-transport-native-unix-common/4.1.25.Final/netty-transport-native-unix-common-4.1.25.Final.jar:/home/spirals/danglot/.m2/repository/io/netty/netty-resolver-dns/4.1.25.Final/netty-resolver-dns-4.1.25.Final.jar:/home/spirals/danglot/.m2/repository/io/netty/netty-resolver/4.1.25.Final/netty-resolver-4.1.25.Final.jar:/home/spirals/danglot/.m2/repository/io/netty/netty-codec-dns/4.1.25.Final/netty-codec-dns-4.1.25.Final.jar:/home/spirals/danglot/.m2/repository/org/reactivestreams/reactive-streams/1.0.2/reactive-streams-1.0.2.jar:/home/spirals/danglot/.m2/repository/com/typesafe/netty/netty-reactive-streams/2.0.0/netty-reactive-streams-2.0.0.jar:/home/spirals/danglot/.m2/repository/com/sun/activation/javax.activation/1.2.0/javax.activation-1.2.0.jar:/home/spirals/danglot/.m2/repository/org/hamcrest/java-hamcrest/2.0.0.0/java-hamcrest-2.0.0.0.jar:/home/spirals/danglot/.m2/repository/com/opencsv/opencsv/3.7/opencsv-3.7.jar:/home/spirals/danglot/.m2/repository/org/apache/commons/commons-lang3/3.3.2/commons-lang3-3.3.2.jar:/home/spirals/danglot/.m2/repository/junit/junit/4.10/junit-4.10.jar:/home/spirals/danglot/.m2/repository/org/hamcrest/hamcrest-core/1.1/hamcrest-core-1.1.jar:/home/spirals/danglot/.m2/repository/org/mockito/mockito-core/1.9.5/mockito-core-1.9.5.jar:/home/spirals/danglot/.m2/repository/org/objenesis/objenesis/1.0/objenesis-1.0.jar:/home/spirals/danglot/.m2/repository/com/github/tomakehurst/wiremock/1.56/wiremock-1.56-standalone.jar:/home/spirals/danglot/.m2/repository/xmlunit/xmlunit/1.5/xmlunit-1.5.jar:/home/spirals/danglot/.m2/repository/org/mortbay/jetty/jetty/6.1.26/jetty-6.1.26.jar:/home/spirals/danglot/.m2/repository/org/mortbay/jetty/jetty-util/6.1.26/jetty-util-6.1.26.jar:/home/spirals/danglot/.m2/repository/org/mortbay/jetty/servlet-api/2.5-20081211/servlet-api-2.5-20081211.jar:/home/spirals/danglot/.m2/repository/org/skyscreamer/jsonassert/1.2.3/jsonassert-1.2.3.jar:/home/spirals/danglot/.m2/repository/org/json/json/20090211/json-20090211.jar:/home/spirals/danglot/.m2/repository/com/jayway/jsonpath/json-path/0.8.1/json-path-0.8.1.jar:/home/spirals/danglot/.m2/repository/net/minidev/json-smart/1.1.1/json-smart-1.1.1.jar:/home/spirals/danglot/.m2/repository/net/sf/jopt-simple/jopt-simple/4.7/jopt-simple-4.7.jar:/home/spirals/danglot/.m2/repository/log4j/log4j/1.2.17/log4j-1.2.17.jar:/home/spirals/danglot/.m2/repository/org/slf4j/slf4j-log4j12/1.7.21/slf4j-log4j12-1.7.21.jar:/tmp/icst-2019/september-2018/dataset/java-library_parent/target/dspot/dependencies/:/home/spirals/danglot/.m2/repository/eu/stamp-project/test-runner/1.1.0/test-runner-1.1.0-jar-with-dependencies.jar eu.stamp_project.testrunner.runner.test.TestRunner com.urbanairship.api.push.parse.notification.web.PayloadSerializerTest testFullWebPayload
File saved to the following path: /tmp/icst-2019/september-2018/dataset/java-library_parent/target/dspot/TestListener.ser
Loading /tmp/icst-2019/september-2018/dataset/java-library_parent/target/dspot/TestListener.ser
[INFO] Test has been run: testFullWebPayload
[INFO] 1 test pass, generating assertion...
[INFO] Add observations points in passing tests.
[INFO] Instrumentation...
100% |================================================== ]/
[INFO] Run instrumented tests. (3)
[INFO] Run: java -classpath /tmp/icst-2019/september-2018/dataset/java-library_parent/target/test-classes:/tmp/icst-2019/september-2018/dataset/java-library_parent/target/classes/:/home/spirals/danglot/.m2/repository/commons-lang/commons-lang/2.6/commons-lang-2.6.jar:/home/spirals/danglot/.m2/repository/com/fasterxml/jackson/core/jackson-databind/2.8.8/jackson-databind-2.8.8.jar:/home/spirals/danglot/.m2/repository/com/fasterxml/jackson/core/jackson-annotations/2.8.0/jackson-annotations-2.8.0.jar:/home/spirals/danglot/.m2/repository/com/google/code/findbugs/jsr305/3.0.2/jsr305-3.0.2.jar:/home/spirals/danglot/.m2/repository/com/fasterxml/jackson/core/jackson-core/2.8.8/jackson-core-2.8.8.jar:/home/spirals/danglot/.m2/repository/com/fasterxml/jackson/datatype/jackson-datatype-joda/2.8.8/jackson-datatype-joda-2.8.8.jar:/home/spirals/danglot/.m2/repository/com/google/guava/guava/19.0/guava-19.0.jar:/home/spirals/danglot/.m2/repository/joda-time/joda-time/2.9.3/joda-time-2.9.3.jar:/home/spirals/danglot/.m2/repository/org/joda/joda-convert/1.8.1/joda-convert-1.8.1.jar:/home/spirals/danglot/.m2/repository/org/apache/httpcomponents/fluent-hc/4.5.2/fluent-hc-4.5.2.jar:/home/spirals/danglot/.m2/repository/org/apache/httpcomponents/httpclient/4.5.2/httpclient-4.5.2.jar:/home/spirals/danglot/.m2/repository/org/apache/httpcomponents/httpcore/4.4.4/httpcore-4.4.4.jar:/home/spirals/danglot/.m2/repository/commons-codec/commons-codec/1.9/commons-codec-1.9.jar:/home/spirals/danglot/.m2/repository/commons-logging/commons-logging/1.2/commons-logging-1.2.jar:/home/spirals/danglot/.m2/repository/org/slf4j/slf4j-api/1.7.21/slf4j-api-1.7.21.jar:/home/spirals/danglot/.m2/repository/org/asynchttpclient/async-http-client/2.4.8/async-http-client-2.4.8.jar:/home/spirals/danglot/.m2/repository/org/asynchttpclient/async-http-client-netty-utils/2.4.8/async-http-client-netty-utils-2.4.8.jar:/home/spirals/danglot/.m2/repository/io/netty/netty-buffer/4.1.25.Final/netty-buffer-4.1.25.Final.jar:/home/spirals/danglot/.m2/repository/io/netty/netty-codec-http/4.1.25.Final/netty-codec-http-4.1.25.Final.jar:/home/spirals/danglot/.m2/repository/io/netty/netty-codec/4.1.25.Final/netty-codec-4.1.25.Final.jar:/home/spirals/danglot/.m2/repository/io/netty/netty-handler/4.1.25.Final/netty-handler-4.1.25.Final.jar:/home/spirals/danglot/.m2/repository/io/netty/netty-transport/4.1.25.Final/netty-transport-4.1.25.Final.jar:/home/spirals/danglot/.m2/repository/io/netty/netty-codec-socks/4.1.25.Final/netty-codec-socks-4.1.25.Final.jar:/home/spirals/danglot/.m2/repository/io/netty/netty-handler-proxy/4.1.25.Final/netty-handler-proxy-4.1.25.Final.jar:/home/spirals/danglot/.m2/repository/io/netty/netty-transport-native-epoll/4.1.25.Final/netty-transport-native-epoll-4.1.25.Final-linux-x86_64.jar:/home/spirals/danglot/.m2/repository/io/netty/netty-common/4.1.25.Final/netty-common-4.1.25.Final.jar:/home/spirals/danglot/.m2/repository/io/netty/netty-transport-native-unix-common/4.1.25.Final/netty-transport-native-unix-common-4.1.25.Final.jar:/home/spirals/danglot/.m2/repository/io/netty/netty-resolver-dns/4.1.25.Final/netty-resolver-dns-4.1.25.Final.jar:/home/spirals/danglot/.m2/repository/io/netty/netty-resolver/4.1.25.Final/netty-resolver-4.1.25.Final.jar:/home/spirals/danglot/.m2/repository/io/netty/netty-codec-dns/4.1.25.Final/netty-codec-dns-4.1.25.Final.jar:/home/spirals/danglot/.m2/repository/org/reactivestreams/reactive-streams/1.0.2/reactive-streams-1.0.2.jar:/home/spirals/danglot/.m2/repository/com/typesafe/netty/netty-reactive-streams/2.0.0/netty-reactive-streams-2.0.0.jar:/home/spirals/danglot/.m2/repository/com/sun/activation/javax.activation/1.2.0/javax.activation-1.2.0.jar:/home/spirals/danglot/.m2/repository/org/hamcrest/java-hamcrest/2.0.0.0/java-hamcrest-2.0.0.0.jar:/home/spirals/danglot/.m2/repository/com/opencsv/opencsv/3.7/opencsv-3.7.jar:/home/spirals/danglot/.m2/repository/org/apache/commons/commons-lang3/3.3.2/commons-lang3-3.3.2.jar:/home/spirals/danglot/.m2/repository/junit/junit/4.10/junit-4.10.jar:/home/spirals/danglot/.m2/repository/org/hamcrest/hamcrest-core/1.1/hamcrest-core-1.1.jar:/home/spirals/danglot/.m2/repository/org/mockito/mockito-core/1.9.5/mockito-core-1.9.5.jar:/home/spirals/danglot/.m2/repository/org/objenesis/objenesis/1.0/objenesis-1.0.jar:/home/spirals/danglot/.m2/repository/com/github/tomakehurst/wiremock/1.56/wiremock-1.56-standalone.jar:/home/spirals/danglot/.m2/repository/xmlunit/xmlunit/1.5/xmlunit-1.5.jar:/home/spirals/danglot/.m2/repository/org/mortbay/jetty/jetty/6.1.26/jetty-6.1.26.jar:/home/spirals/danglot/.m2/repository/org/mortbay/jetty/jetty-util/6.1.26/jetty-util-6.1.26.jar:/home/spirals/danglot/.m2/repository/org/mortbay/jetty/servlet-api/2.5-20081211/servlet-api-2.5-20081211.jar:/home/spirals/danglot/.m2/repository/org/skyscreamer/jsonassert/1.2.3/jsonassert-1.2.3.jar:/home/spirals/danglot/.m2/repository/org/json/json/20090211/json-20090211.jar:/home/spirals/danglot/.m2/repository/com/jayway/jsonpath/json-path/0.8.1/json-path-0.8.1.jar:/home/spirals/danglot/.m2/repository/net/minidev/json-smart/1.1.1/json-smart-1.1.1.jar:/home/spirals/danglot/.m2/repository/net/sf/jopt-simple/jopt-simple/4.7/jopt-simple-4.7.jar:/home/spirals/danglot/.m2/repository/log4j/log4j/1.2.17/log4j-1.2.17.jar:/home/spirals/danglot/.m2/repository/org/slf4j/slf4j-log4j12/1.7.21/slf4j-log4j12-1.7.21.jar:/tmp/icst-2019/september-2018/dataset/java-library_parent/target/dspot/dependencies/:/home/spirals/danglot/.m2/repository/eu/stamp-project/test-runner/1.1.0/test-runner-1.1.0-jar-with-dependencies.jar eu.stamp_project.testrunner.runner.test.TestRunner com.urbanairship.api.push.parse.notification.web.PayloadSerializerTest testFullWebPayload_withlog0:testFullWebPayload_withlog1:testFullWebPayload_withlog2
File saved to the following path: /tmp/icst-2019/september-2018/dataset/java-library_parent/target/dspot/observations.ser
File saved to the following path: /tmp/icst-2019/september-2018/dataset/java-library_parent/target/dspot/TestListener.ser
Loading /tmp/icst-2019/september-2018/dataset/java-library_parent/target/dspot/TestListener.ser
[INFO] Test has been run: testFullWebPayload_withlog0,testFullWebPayload_withlog1,testFullWebPayload_withlog2
[INFO] Generating assertions...
[INFO] 1 new tests with assertions generated
[ERROR] Error(s) during compilation:
[ERROR] Pb(100) The method containsKey(String) is undefined for the type Object
[ERROR] Pb(100) The method get(String) is undefined for the type Object
[ERROR] Pb(100) The method containsKey(String) is undefined for the type Object
[ERROR] Pb(100) The method get(String) is undefined for the type Object
[ERROR] Pb(100) The method containsKey(String) is undefined for the type Object
[ERROR] Pb(100) The method get(String) is undefined for the type Object
[ERROR] Pb(100) The method containsKey(String) is undefined for the type Object
[ERROR] Pb(100) The method get(String) is undefined for the type Object
eu.stamp_project.dspot.AmplificationException: Every test methods are uncompilable
	at eu.stamp_project.utils.compilation.TestCompiler.compileAndDiscardUncompilableMethods(TestCompiler.java:124)
	at eu.stamp_project.utils.compilation.TestCompiler.compileAndRun(TestCompiler.java:93)
	at eu.stamp_project.utils.compilation.TestCompiler.compileRunAndDiscardUncompilableAndFailingTestMethods(TestCompiler.java:55)
	at eu.stamp_project.dspot.Amplification.assertionsAmplification(Amplification.java:157)
	at eu.stamp_project.dspot.Amplification.amplification(Amplification.java:84)
	at eu.stamp_project.dspot.DSpot.amplifyTest(DSpot.java:181)
	at eu.stamp_project.dspot.DSpot.amplifyTest(DSpot.java:171)
	at eu.stamp_project.Main.lambda$run$1(Main.java:69)
	at java.util.stream.ReferencePipeline$3$1.accept(ReferencePipeline.java:193)
	at java.util.ArrayList$ArrayListSpliterator.forEachRemaining(ArrayList.java:1374)
	at java.util.stream.AbstractPipeline.copyInto(AbstractPipeline.java:481)
	at java.util.stream.AbstractPipeline.wrapAndCopyInto(AbstractPipeline.java:471)
	at java.util.stream.ReduceOps$ReduceOp.evaluateSequential(ReduceOps.java:708)
	at java.util.stream.AbstractPipeline.evaluate(AbstractPipeline.java:234)
	at java.util.stream.ReferencePipeline.collect(ReferencePipeline.java:499)
	at eu.stamp_project.Main.run(Main.java:71)
	at eu.stamp_project.DSpotMojo.execute(DSpotMojo.java:263)
	at org.apache.maven.plugin.DefaultBuildPluginManager.executeMojo(DefaultBuildPluginManager.java:137)
	at org.apache.maven.lifecycle.internal.MojoExecutor.execute(MojoExecutor.java:208)
	at org.apache.maven.lifecycle.internal.MojoExecutor.execute(MojoExecutor.java:154)
	at org.apache.maven.lifecycle.internal.MojoExecutor.execute(MojoExecutor.java:146)
	at org.apache.maven.lifecycle.internal.LifecycleModuleBuilder.buildProject(LifecycleModuleBuilder.java:117)
	at org.apache.maven.lifecycle.internal.LifecycleModuleBuilder.buildProject(LifecycleModuleBuilder.java:81)
	at org.apache.maven.lifecycle.internal.builder.singlethreaded.SingleThreadedBuilder.build(SingleThreadedBuilder.java:56)
	at org.apache.maven.lifecycle.internal.LifecycleStarter.execute(LifecycleStarter.java:128)
	at org.apache.maven.DefaultMaven.doExecute(DefaultMaven.java:305)
	at org.apache.maven.DefaultMaven.doExecute(DefaultMaven.java:192)
	at org.apache.maven.DefaultMaven.execute(DefaultMaven.java:105)
	at org.apache.maven.cli.MavenCli.execute(MavenCli.java:954)
	at org.apache.maven.cli.MavenCli.doMain(MavenCli.java:288)
	at org.apache.maven.cli.MavenCli.main(MavenCli.java:192)
	at sun.reflect.NativeMethodAccessorImpl.invoke0(Native Method)
	at sun.reflect.NativeMethodAccessorImpl.invoke(NativeMethodAccessorImpl.java:62)
	at sun.reflect.DelegatingMethodAccessorImpl.invoke(DelegatingMethodAccessorImpl.java:43)
	at java.lang.reflect.Method.invoke(Method.java:498)
	at org.codehaus.plexus.classworlds.launcher.Launcher.launchEnhanced(Launcher.java:289)
	at org.codehaus.plexus.classworlds.launcher.Launcher.launch(Launcher.java:229)
	at org.codehaus.plexus.classworlds.launcher.Launcher.mainWithExitCode(Launcher.java:415)
	at org.codehaus.plexus.classworlds.launcher.Launcher.main(Launcher.java:356)
[INFO] Assertion amplification: 0 test method(s) has been successfully amplified.
[INFO] 0 amplified test methods has been selected to be kept. (global: 0)
[INFO] elapsedTime 34252
======= REPORT =======
0 amplified test fails on the new versions.

[WARNING] DSpot could not obtain any amplified test method.
[WARNING] You can customize the following options: --amplifiers, --test-criterion, --iteration, --budgetizer etc, and retry with a new configuration.
[INFO] Amplification of com.urbanairship.api.push.parse.notification.web.PayloadDeserializerTest (4 test(s))
[INFO] Assertion amplification of com.urbanairship.api.push.parse.notification.web.PayloadDeserializerTest (4 test(s))
[INFO] Run: java -classpath /tmp/icst-2019/september-2018/dataset/java-library_parent/target/test-classes:/tmp/icst-2019/september-2018/dataset/java-library_parent/target/classes/:/home/spirals/danglot/.m2/repository/commons-lang/commons-lang/2.6/commons-lang-2.6.jar:/home/spirals/danglot/.m2/repository/com/fasterxml/jackson/core/jackson-databind/2.8.8/jackson-databind-2.8.8.jar:/home/spirals/danglot/.m2/repository/com/fasterxml/jackson/core/jackson-annotations/2.8.0/jackson-annotations-2.8.0.jar:/home/spirals/danglot/.m2/repository/com/google/code/findbugs/jsr305/3.0.2/jsr305-3.0.2.jar:/home/spirals/danglot/.m2/repository/com/fasterxml/jackson/core/jackson-core/2.8.8/jackson-core-2.8.8.jar:/home/spirals/danglot/.m2/repository/com/fasterxml/jackson/datatype/jackson-datatype-joda/2.8.8/jackson-datatype-joda-2.8.8.jar:/home/spirals/danglot/.m2/repository/com/google/guava/guava/19.0/guava-19.0.jar:/home/spirals/danglot/.m2/repository/joda-time/joda-time/2.9.3/joda-time-2.9.3.jar:/home/spirals/danglot/.m2/repository/org/joda/joda-convert/1.8.1/joda-convert-1.8.1.jar:/home/spirals/danglot/.m2/repository/org/apache/httpcomponents/fluent-hc/4.5.2/fluent-hc-4.5.2.jar:/home/spirals/danglot/.m2/repository/org/apache/httpcomponents/httpclient/4.5.2/httpclient-4.5.2.jar:/home/spirals/danglot/.m2/repository/org/apache/httpcomponents/httpcore/4.4.4/httpcore-4.4.4.jar:/home/spirals/danglot/.m2/repository/commons-codec/commons-codec/1.9/commons-codec-1.9.jar:/home/spirals/danglot/.m2/repository/commons-logging/commons-logging/1.2/commons-logging-1.2.jar:/home/spirals/danglot/.m2/repository/org/slf4j/slf4j-api/1.7.21/slf4j-api-1.7.21.jar:/home/spirals/danglot/.m2/repository/org/asynchttpclient/async-http-client/2.4.8/async-http-client-2.4.8.jar:/home/spirals/danglot/.m2/repository/org/asynchttpclient/async-http-client-netty-utils/2.4.8/async-http-client-netty-utils-2.4.8.jar:/home/spirals/danglot/.m2/repository/io/netty/netty-buffer/4.1.25.Final/netty-buffer-4.1.25.Final.jar:/home/spirals/danglot/.m2/repository/io/netty/netty-codec-http/4.1.25.Final/netty-codec-http-4.1.25.Final.jar:/home/spirals/danglot/.m2/repository/io/netty/netty-codec/4.1.25.Final/netty-codec-4.1.25.Final.jar:/home/spirals/danglot/.m2/repository/io/netty/netty-handler/4.1.25.Final/netty-handler-4.1.25.Final.jar:/home/spirals/danglot/.m2/repository/io/netty/netty-transport/4.1.25.Final/netty-transport-4.1.25.Final.jar:/home/spirals/danglot/.m2/repository/io/netty/netty-codec-socks/4.1.25.Final/netty-codec-socks-4.1.25.Final.jar:/home/spirals/danglot/.m2/repository/io/netty/netty-handler-proxy/4.1.25.Final/netty-handler-proxy-4.1.25.Final.jar:/home/spirals/danglot/.m2/repository/io/netty/netty-transport-native-epoll/4.1.25.Final/netty-transport-native-epoll-4.1.25.Final-linux-x86_64.jar:/home/spirals/danglot/.m2/repository/io/netty/netty-common/4.1.25.Final/netty-common-4.1.25.Final.jar:/home/spirals/danglot/.m2/repository/io/netty/netty-transport-native-unix-common/4.1.25.Final/netty-transport-native-unix-common-4.1.25.Final.jar:/home/spirals/danglot/.m2/repository/io/netty/netty-resolver-dns/4.1.25.Final/netty-resolver-dns-4.1.25.Final.jar:/home/spirals/danglot/.m2/repository/io/netty/netty-resolver/4.1.25.Final/netty-resolver-4.1.25.Final.jar:/home/spirals/danglot/.m2/repository/io/netty/netty-codec-dns/4.1.25.Final/netty-codec-dns-4.1.25.Final.jar:/home/spirals/danglot/.m2/repository/org/reactivestreams/reactive-streams/1.0.2/reactive-streams-1.0.2.jar:/home/spirals/danglot/.m2/repository/com/typesafe/netty/netty-reactive-streams/2.0.0/netty-reactive-streams-2.0.0.jar:/home/spirals/danglot/.m2/repository/com/sun/activation/javax.activation/1.2.0/javax.activation-1.2.0.jar:/home/spirals/danglot/.m2/repository/org/hamcrest/java-hamcrest/2.0.0.0/java-hamcrest-2.0.0.0.jar:/home/spirals/danglot/.m2/repository/com/opencsv/opencsv/3.7/opencsv-3.7.jar:/home/spirals/danglot/.m2/repository/org/apache/commons/commons-lang3/3.3.2/commons-lang3-3.3.2.jar:/home/spirals/danglot/.m2/repository/junit/junit/4.10/junit-4.10.jar:/home/spirals/danglot/.m2/repository/org/hamcrest/hamcrest-core/1.1/hamcrest-core-1.1.jar:/home/spirals/danglot/.m2/repository/org/mockito/mockito-core/1.9.5/mockito-core-1.9.5.jar:/home/spirals/danglot/.m2/repository/org/objenesis/objenesis/1.0/objenesis-1.0.jar:/home/spirals/danglot/.m2/repository/com/github/tomakehurst/wiremock/1.56/wiremock-1.56-standalone.jar:/home/spirals/danglot/.m2/repository/xmlunit/xmlunit/1.5/xmlunit-1.5.jar:/home/spirals/danglot/.m2/repository/org/mortbay/jetty/jetty/6.1.26/jetty-6.1.26.jar:/home/spirals/danglot/.m2/repository/org/mortbay/jetty/jetty-util/6.1.26/jetty-util-6.1.26.jar:/home/spirals/danglot/.m2/repository/org/mortbay/jetty/servlet-api/2.5-20081211/servlet-api-2.5-20081211.jar:/home/spirals/danglot/.m2/repository/org/skyscreamer/jsonassert/1.2.3/jsonassert-1.2.3.jar:/home/spirals/danglot/.m2/repository/org/json/json/20090211/json-20090211.jar:/home/spirals/danglot/.m2/repository/com/jayway/jsonpath/json-path/0.8.1/json-path-0.8.1.jar:/home/spirals/danglot/.m2/repository/net/minidev/json-smart/1.1.1/json-smart-1.1.1.jar:/home/spirals/danglot/.m2/repository/net/sf/jopt-simple/jopt-simple/4.7/jopt-simple-4.7.jar:/home/spirals/danglot/.m2/repository/log4j/log4j/1.2.17/log4j-1.2.17.jar:/home/spirals/danglot/.m2/repository/org/slf4j/slf4j-log4j12/1.7.21/slf4j-log4j12-1.7.21.jar:/tmp/icst-2019/september-2018/dataset/java-library_parent/target/dspot/dependencies/:/home/spirals/danglot/.m2/repository/eu/stamp-project/test-runner/1.1.0/test-runner-1.1.0-jar-with-dependencies.jar eu.stamp_project.testrunner.runner.test.TestRunner com.urbanairship.api.push.parse.notification.web.PayloadDeserializerTest testExtra:testAlert:testWebIcon:testTitle
File saved to the following path: /tmp/icst-2019/september-2018/dataset/java-library_parent/target/dspot/TestListener.ser
Loading /tmp/icst-2019/september-2018/dataset/java-library_parent/target/dspot/TestListener.ser
[INFO] Test has been run: testAlert,testExtra,testTitle,testWebIcon
[INFO] Run tests. (4)
[INFO] Run: java -classpath /tmp/icst-2019/september-2018/dataset/java-library_parent/target/test-classes:/tmp/icst-2019/september-2018/dataset/java-library_parent/target/classes/:/home/spirals/danglot/.m2/repository/commons-lang/commons-lang/2.6/commons-lang-2.6.jar:/home/spirals/danglot/.m2/repository/com/fasterxml/jackson/core/jackson-databind/2.8.8/jackson-databind-2.8.8.jar:/home/spirals/danglot/.m2/repository/com/fasterxml/jackson/core/jackson-annotations/2.8.0/jackson-annotations-2.8.0.jar:/home/spirals/danglot/.m2/repository/com/google/code/findbugs/jsr305/3.0.2/jsr305-3.0.2.jar:/home/spirals/danglot/.m2/repository/com/fasterxml/jackson/core/jackson-core/2.8.8/jackson-core-2.8.8.jar:/home/spirals/danglot/.m2/repository/com/fasterxml/jackson/datatype/jackson-datatype-joda/2.8.8/jackson-datatype-joda-2.8.8.jar:/home/spirals/danglot/.m2/repository/com/google/guava/guava/19.0/guava-19.0.jar:/home/spirals/danglot/.m2/repository/joda-time/joda-time/2.9.3/joda-time-2.9.3.jar:/home/spirals/danglot/.m2/repository/org/joda/joda-convert/1.8.1/joda-convert-1.8.1.jar:/home/spirals/danglot/.m2/repository/org/apache/httpcomponents/fluent-hc/4.5.2/fluent-hc-4.5.2.jar:/home/spirals/danglot/.m2/repository/org/apache/httpcomponents/httpclient/4.5.2/httpclient-4.5.2.jar:/home/spirals/danglot/.m2/repository/org/apache/httpcomponents/httpcore/4.4.4/httpcore-4.4.4.jar:/home/spirals/danglot/.m2/repository/commons-codec/commons-codec/1.9/commons-codec-1.9.jar:/home/spirals/danglot/.m2/repository/commons-logging/commons-logging/1.2/commons-logging-1.2.jar:/home/spirals/danglot/.m2/repository/org/slf4j/slf4j-api/1.7.21/slf4j-api-1.7.21.jar:/home/spirals/danglot/.m2/repository/org/asynchttpclient/async-http-client/2.4.8/async-http-client-2.4.8.jar:/home/spirals/danglot/.m2/repository/org/asynchttpclient/async-http-client-netty-utils/2.4.8/async-http-client-netty-utils-2.4.8.jar:/home/spirals/danglot/.m2/repository/io/netty/netty-buffer/4.1.25.Final/netty-buffer-4.1.25.Final.jar:/home/spirals/danglot/.m2/repository/io/netty/netty-codec-http/4.1.25.Final/netty-codec-http-4.1.25.Final.jar:/home/spirals/danglot/.m2/repository/io/netty/netty-codec/4.1.25.Final/netty-codec-4.1.25.Final.jar:/home/spirals/danglot/.m2/repository/io/netty/netty-handler/4.1.25.Final/netty-handler-4.1.25.Final.jar:/home/spirals/danglot/.m2/repository/io/netty/netty-transport/4.1.25.Final/netty-transport-4.1.25.Final.jar:/home/spirals/danglot/.m2/repository/io/netty/netty-codec-socks/4.1.25.Final/netty-codec-socks-4.1.25.Final.jar:/home/spirals/danglot/.m2/repository/io/netty/netty-handler-proxy/4.1.25.Final/netty-handler-proxy-4.1.25.Final.jar:/home/spirals/danglot/.m2/repository/io/netty/netty-transport-native-epoll/4.1.25.Final/netty-transport-native-epoll-4.1.25.Final-linux-x86_64.jar:/home/spirals/danglot/.m2/repository/io/netty/netty-common/4.1.25.Final/netty-common-4.1.25.Final.jar:/home/spirals/danglot/.m2/repository/io/netty/netty-transport-native-unix-common/4.1.25.Final/netty-transport-native-unix-common-4.1.25.Final.jar:/home/spirals/danglot/.m2/repository/io/netty/netty-resolver-dns/4.1.25.Final/netty-resolver-dns-4.1.25.Final.jar:/home/spirals/danglot/.m2/repository/io/netty/netty-resolver/4.1.25.Final/netty-resolver-4.1.25.Final.jar:/home/spirals/danglot/.m2/repository/io/netty/netty-codec-dns/4.1.25.Final/netty-codec-dns-4.1.25.Final.jar:/home/spirals/danglot/.m2/repository/org/reactivestreams/reactive-streams/1.0.2/reactive-streams-1.0.2.jar:/home/spirals/danglot/.m2/repository/com/typesafe/netty/netty-reactive-streams/2.0.0/netty-reactive-streams-2.0.0.jar:/home/spirals/danglot/.m2/repository/com/sun/activation/javax.activation/1.2.0/javax.activation-1.2.0.jar:/home/spirals/danglot/.m2/repository/org/hamcrest/java-hamcrest/2.0.0.0/java-hamcrest-2.0.0.0.jar:/home/spirals/danglot/.m2/repository/com/opencsv/opencsv/3.7/opencsv-3.7.jar:/home/spirals/danglot/.m2/repository/org/apache/commons/commons-lang3/3.3.2/commons-lang3-3.3.2.jar:/home/spirals/danglot/.m2/repository/junit/junit/4.10/junit-4.10.jar:/home/spirals/danglot/.m2/repository/org/hamcrest/hamcrest-core/1.1/hamcrest-core-1.1.jar:/home/spirals/danglot/.m2/repository/org/mockito/mockito-core/1.9.5/mockito-core-1.9.5.jar:/home/spirals/danglot/.m2/repository/org/objenesis/objenesis/1.0/objenesis-1.0.jar:/home/spirals/danglot/.m2/repository/com/github/tomakehurst/wiremock/1.56/wiremock-1.56-standalone.jar:/home/spirals/danglot/.m2/repository/xmlunit/xmlunit/1.5/xmlunit-1.5.jar:/home/spirals/danglot/.m2/repository/org/mortbay/jetty/jetty/6.1.26/jetty-6.1.26.jar:/home/spirals/danglot/.m2/repository/org/mortbay/jetty/jetty-util/6.1.26/jetty-util-6.1.26.jar:/home/spirals/danglot/.m2/repository/org/mortbay/jetty/servlet-api/2.5-20081211/servlet-api-2.5-20081211.jar:/home/spirals/danglot/.m2/repository/org/skyscreamer/jsonassert/1.2.3/jsonassert-1.2.3.jar:/home/spirals/danglot/.m2/repository/org/json/json/20090211/json-20090211.jar:/home/spirals/danglot/.m2/repository/com/jayway/jsonpath/json-path/0.8.1/json-path-0.8.1.jar:/home/spirals/danglot/.m2/repository/net/minidev/json-smart/1.1.1/json-smart-1.1.1.jar:/home/spirals/danglot/.m2/repository/net/sf/jopt-simple/jopt-simple/4.7/jopt-simple-4.7.jar:/home/spirals/danglot/.m2/repository/log4j/log4j/1.2.17/log4j-1.2.17.jar:/home/spirals/danglot/.m2/repository/org/slf4j/slf4j-log4j12/1.7.21/slf4j-log4j12-1.7.21.jar:/tmp/icst-2019/september-2018/dataset/java-library_parent/target/dspot/dependencies/:/home/spirals/danglot/.m2/repository/eu/stamp-project/test-runner/1.1.0/test-runner-1.1.0-jar-with-dependencies.jar eu.stamp_project.testrunner.runner.test.TestRunner com.urbanairship.api.push.parse.notification.web.PayloadDeserializerTest testExtra:testAlert:testWebIcon:testTitle
File saved to the following path: /tmp/icst-2019/september-2018/dataset/java-library_parent/target/dspot/TestListener.ser
Loading /tmp/icst-2019/september-2018/dataset/java-library_parent/target/dspot/TestListener.ser
[INFO] Test has been run: testAlert,testExtra,testTitle,testWebIcon
[INFO] 4 test pass, generating assertion...
[INFO] Add observations points in passing tests.
[INFO] Instrumentation...
 25% |============ ]/ 50% |========================= ]- 75% |===================================== ]\100% |================================================== ]|
[INFO] Run instrumented tests. (12)
[INFO] Run: java -classpath /tmp/icst-2019/september-2018/dataset/java-library_parent/target/test-classes:/tmp/icst-2019/september-2018/dataset/java-library_parent/target/classes/:/home/spirals/danglot/.m2/repository/commons-lang/commons-lang/2.6/commons-lang-2.6.jar:/home/spirals/danglot/.m2/repository/com/fasterxml/jackson/core/jackson-databind/2.8.8/jackson-databind-2.8.8.jar:/home/spirals/danglot/.m2/repository/com/fasterxml/jackson/core/jackson-annotations/2.8.0/jackson-annotations-2.8.0.jar:/home/spirals/danglot/.m2/repository/com/google/code/findbugs/jsr305/3.0.2/jsr305-3.0.2.jar:/home/spirals/danglot/.m2/repository/com/fasterxml/jackson/core/jackson-core/2.8.8/jackson-core-2.8.8.jar:/home/spirals/danglot/.m2/repository/com/fasterxml/jackson/datatype/jackson-datatype-joda/2.8.8/jackson-datatype-joda-2.8.8.jar:/home/spirals/danglot/.m2/repository/com/google/guava/guava/19.0/guava-19.0.jar:/home/spirals/danglot/.m2/repository/joda-time/joda-time/2.9.3/joda-time-2.9.3.jar:/home/spirals/danglot/.m2/repository/org/joda/joda-convert/1.8.1/joda-convert-1.8.1.jar:/home/spirals/danglot/.m2/repository/org/apache/httpcomponents/fluent-hc/4.5.2/fluent-hc-4.5.2.jar:/home/spirals/danglot/.m2/repository/org/apache/httpcomponents/httpclient/4.5.2/httpclient-4.5.2.jar:/home/spirals/danglot/.m2/repository/org/apache/httpcomponents/httpcore/4.4.4/httpcore-4.4.4.jar:/home/spirals/danglot/.m2/repository/commons-codec/commons-codec/1.9/commons-codec-1.9.jar:/home/spirals/danglot/.m2/repository/commons-logging/commons-logging/1.2/commons-logging-1.2.jar:/home/spirals/danglot/.m2/repository/org/slf4j/slf4j-api/1.7.21/slf4j-api-1.7.21.jar:/home/spirals/danglot/.m2/repository/org/asynchttpclient/async-http-client/2.4.8/async-http-client-2.4.8.jar:/home/spirals/danglot/.m2/repository/org/asynchttpclient/async-http-client-netty-utils/2.4.8/async-http-client-netty-utils-2.4.8.jar:/home/spirals/danglot/.m2/repository/io/netty/netty-buffer/4.1.25.Final/netty-buffer-4.1.25.Final.jar:/home/spirals/danglot/.m2/repository/io/netty/netty-codec-http/4.1.25.Final/netty-codec-http-4.1.25.Final.jar:/home/spirals/danglot/.m2/repository/io/netty/netty-codec/4.1.25.Final/netty-codec-4.1.25.Final.jar:/home/spirals/danglot/.m2/repository/io/netty/netty-handler/4.1.25.Final/netty-handler-4.1.25.Final.jar:/home/spirals/danglot/.m2/repository/io/netty/netty-transport/4.1.25.Final/netty-transport-4.1.25.Final.jar:/home/spirals/danglot/.m2/repository/io/netty/netty-codec-socks/4.1.25.Final/netty-codec-socks-4.1.25.Final.jar:/home/spirals/danglot/.m2/repository/io/netty/netty-handler-proxy/4.1.25.Final/netty-handler-proxy-4.1.25.Final.jar:/home/spirals/danglot/.m2/repository/io/netty/netty-transport-native-epoll/4.1.25.Final/netty-transport-native-epoll-4.1.25.Final-linux-x86_64.jar:/home/spirals/danglot/.m2/repository/io/netty/netty-common/4.1.25.Final/netty-common-4.1.25.Final.jar:/home/spirals/danglot/.m2/repository/io/netty/netty-transport-native-unix-common/4.1.25.Final/netty-transport-native-unix-common-4.1.25.Final.jar:/home/spirals/danglot/.m2/repository/io/netty/netty-resolver-dns/4.1.25.Final/netty-resolver-dns-4.1.25.Final.jar:/home/spirals/danglot/.m2/repository/io/netty/netty-resolver/4.1.25.Final/netty-resolver-4.1.25.Final.jar:/home/spirals/danglot/.m2/repository/io/netty/netty-codec-dns/4.1.25.Final/netty-codec-dns-4.1.25.Final.jar:/home/spirals/danglot/.m2/repository/org/reactivestreams/reactive-streams/1.0.2/reactive-streams-1.0.2.jar:/home/spirals/danglot/.m2/repository/com/typesafe/netty/netty-reactive-streams/2.0.0/netty-reactive-streams-2.0.0.jar:/home/spirals/danglot/.m2/repository/com/sun/activation/javax.activation/1.2.0/javax.activation-1.2.0.jar:/home/spirals/danglot/.m2/repository/org/hamcrest/java-hamcrest/2.0.0.0/java-hamcrest-2.0.0.0.jar:/home/spirals/danglot/.m2/repository/com/opencsv/opencsv/3.7/opencsv-3.7.jar:/home/spirals/danglot/.m2/repository/org/apache/commons/commons-lang3/3.3.2/commons-lang3-3.3.2.jar:/home/spirals/danglot/.m2/repository/junit/junit/4.10/junit-4.10.jar:/home/spirals/danglot/.m2/repository/org/hamcrest/hamcrest-core/1.1/hamcrest-core-1.1.jar:/home/spirals/danglot/.m2/repository/org/mockito/mockito-core/1.9.5/mockito-core-1.9.5.jar:/home/spirals/danglot/.m2/repository/org/objenesis/objenesis/1.0/objenesis-1.0.jar:/home/spirals/danglot/.m2/repository/com/github/tomakehurst/wiremock/1.56/wiremock-1.56-standalone.jar:/home/spirals/danglot/.m2/repository/xmlunit/xmlunit/1.5/xmlunit-1.5.jar:/home/spirals/danglot/.m2/repository/org/mortbay/jetty/jetty/6.1.26/jetty-6.1.26.jar:/home/spirals/danglot/.m2/repository/org/mortbay/jetty/jetty-util/6.1.26/jetty-util-6.1.26.jar:/home/spirals/danglot/.m2/repository/org/mortbay/jetty/servlet-api/2.5-20081211/servlet-api-2.5-20081211.jar:/home/spirals/danglot/.m2/repository/org/skyscreamer/jsonassert/1.2.3/jsonassert-1.2.3.jar:/home/spirals/danglot/.m2/repository/org/json/json/20090211/json-20090211.jar:/home/spirals/danglot/.m2/repository/com/jayway/jsonpath/json-path/0.8.1/json-path-0.8.1.jar:/home/spirals/danglot/.m2/repository/net/minidev/json-smart/1.1.1/json-smart-1.1.1.jar:/home/spirals/danglot/.m2/repository/net/sf/jopt-simple/jopt-simple/4.7/jopt-simple-4.7.jar:/home/spirals/danglot/.m2/repository/log4j/log4j/1.2.17/log4j-1.2.17.jar:/home/spirals/danglot/.m2/repository/org/slf4j/slf4j-log4j12/1.7.21/slf4j-log4j12-1.7.21.jar:/tmp/icst-2019/september-2018/dataset/java-library_parent/target/dspot/dependencies/:/home/spirals/danglot/.m2/repository/eu/stamp-project/test-runner/1.1.0/test-runner-1.1.0-jar-with-dependencies.jar eu.stamp_project.testrunner.runner.test.TestRunner com.urbanairship.api.push.parse.notification.web.PayloadDeserializerTest testExtra_withlog0:testAlert_withlog0:testWebIcon_withlog0:testTitle_withlog0:testExtra_withlog1:testAlert_withlog1:testWebIcon_withlog1:testTitle_withlog1:testExtra_withlog2:testAlert_withlog2:testWebIcon_withlog2:testTitle_withlog2
File saved to the following path: /tmp/icst-2019/september-2018/dataset/java-library_parent/target/dspot/observations.ser
File saved to the following path: /tmp/icst-2019/september-2018/dataset/java-library_parent/target/dspot/TestListener.ser
Loading /tmp/icst-2019/september-2018/dataset/java-library_parent/target/dspot/TestListener.ser
[INFO] Test has been run: testAlert_withlog0,testAlert_withlog1,testAlert_withlog2,testExtra_withlog0,testExtra_withlog1,testExtra_withlog2,testTitle_withlog0,testTitle_withlog1,testTitle_withlog2,testWebIcon_withlog0,testWebIcon_withlog1,testWebIcon_withlog2
[INFO] Generating assertions...
[INFO] 4 new tests with assertions generated
[ERROR] Error(s) during compilation:
[ERROR] Pb(100) The method containsKey(String) is undefined for the type Object
[ERROR] Pb(100) The method get(String) is undefined for the type Object
[ERROR] Pb(100) The method containsKey(String) is undefined for the type Object
[ERROR] Pb(100) The method get(String) is undefined for the type Object
[ERROR] Pb(100) The method containsKey(String) is undefined for the type Object
[ERROR] Pb(100) The method get(String) is undefined for the type Object
[ERROR] Pb(100) The method containsKey(String) is undefined for the type Object
[ERROR] Pb(100) The method get(String) is undefined for the type Object
[ERROR] Pb(100) The method containsKey(String) is undefined for the type Object
[ERROR] Pb(100) The method get(String) is undefined for the type Object
[ERROR] Pb(100) The method containsKey(String) is undefined for the type Object
[ERROR] Pb(100) The method get(String) is undefined for the type Object
[ERROR] Pb(100) The method containsKey(String) is undefined for the type Object
[ERROR] Pb(100) The method get(String) is undefined for the type Object
[ERROR] Pb(100) The method containsKey(String) is undefined for the type Object
[ERROR] Pb(100) The method get(String) is undefined for the type Object
[INFO] Run: java -classpath /tmp/icst-2019/september-2018/dataset/java-library_parent/target/test-classes:/tmp/icst-2019/september-2018/dataset/java-library_parent/target/classes/:/home/spirals/danglot/.m2/repository/commons-lang/commons-lang/2.6/commons-lang-2.6.jar:/home/spirals/danglot/.m2/repository/com/fasterxml/jackson/core/jackson-databind/2.8.8/jackson-databind-2.8.8.jar:/home/spirals/danglot/.m2/repository/com/fasterxml/jackson/core/jackson-annotations/2.8.0/jackson-annotations-2.8.0.jar:/home/spirals/danglot/.m2/repository/com/google/code/findbugs/jsr305/3.0.2/jsr305-3.0.2.jar:/home/spirals/danglot/.m2/repository/com/fasterxml/jackson/core/jackson-core/2.8.8/jackson-core-2.8.8.jar:/home/spirals/danglot/.m2/repository/com/fasterxml/jackson/datatype/jackson-datatype-joda/2.8.8/jackson-datatype-joda-2.8.8.jar:/home/spirals/danglot/.m2/repository/com/google/guava/guava/19.0/guava-19.0.jar:/home/spirals/danglot/.m2/repository/joda-time/joda-time/2.9.3/joda-time-2.9.3.jar:/home/spirals/danglot/.m2/repository/org/joda/joda-convert/1.8.1/joda-convert-1.8.1.jar:/home/spirals/danglot/.m2/repository/org/apache/httpcomponents/fluent-hc/4.5.2/fluent-hc-4.5.2.jar:/home/spirals/danglot/.m2/repository/org/apache/httpcomponents/httpclient/4.5.2/httpclient-4.5.2.jar:/home/spirals/danglot/.m2/repository/org/apache/httpcomponents/httpcore/4.4.4/httpcore-4.4.4.jar:/home/spirals/danglot/.m2/repository/commons-codec/commons-codec/1.9/commons-codec-1.9.jar:/home/spirals/danglot/.m2/repository/commons-logging/commons-logging/1.2/commons-logging-1.2.jar:/home/spirals/danglot/.m2/repository/org/slf4j/slf4j-api/1.7.21/slf4j-api-1.7.21.jar:/home/spirals/danglot/.m2/repository/org/asynchttpclient/async-http-client/2.4.8/async-http-client-2.4.8.jar:/home/spirals/danglot/.m2/repository/org/asynchttpclient/async-http-client-netty-utils/2.4.8/async-http-client-netty-utils-2.4.8.jar:/home/spirals/danglot/.m2/repository/io/netty/netty-buffer/4.1.25.Final/netty-buffer-4.1.25.Final.jar:/home/spirals/danglot/.m2/repository/io/netty/netty-codec-http/4.1.25.Final/netty-codec-http-4.1.25.Final.jar:/home/spirals/danglot/.m2/repository/io/netty/netty-codec/4.1.25.Final/netty-codec-4.1.25.Final.jar:/home/spirals/danglot/.m2/repository/io/netty/netty-handler/4.1.25.Final/netty-handler-4.1.25.Final.jar:/home/spirals/danglot/.m2/repository/io/netty/netty-transport/4.1.25.Final/netty-transport-4.1.25.Final.jar:/home/spirals/danglot/.m2/repository/io/netty/netty-codec-socks/4.1.25.Final/netty-codec-socks-4.1.25.Final.jar:/home/spirals/danglot/.m2/repository/io/netty/netty-handler-proxy/4.1.25.Final/netty-handler-proxy-4.1.25.Final.jar:/home/spirals/danglot/.m2/repository/io/netty/netty-transport-native-epoll/4.1.25.Final/netty-transport-native-epoll-4.1.25.Final-linux-x86_64.jar:/home/spirals/danglot/.m2/repository/io/netty/netty-common/4.1.25.Final/netty-common-4.1.25.Final.jar:/home/spirals/danglot/.m2/repository/io/netty/netty-transport-native-unix-common/4.1.25.Final/netty-transport-native-unix-common-4.1.25.Final.jar:/home/spirals/danglot/.m2/repository/io/netty/netty-resolver-dns/4.1.25.Final/netty-resolver-dns-4.1.25.Final.jar:/home/spirals/danglot/.m2/repository/io/netty/netty-resolver/4.1.25.Final/netty-resolver-4.1.25.Final.jar:/home/spirals/danglot/.m2/repository/io/netty/netty-codec-dns/4.1.25.Final/netty-codec-dns-4.1.25.Final.jar:/home/spirals/danglot/.m2/repository/org/reactivestreams/reactive-streams/1.0.2/reactive-streams-1.0.2.jar:/home/spirals/danglot/.m2/repository/com/typesafe/netty/netty-reactive-streams/2.0.0/netty-reactive-streams-2.0.0.jar:/home/spirals/danglot/.m2/repository/com/sun/activation/javax.activation/1.2.0/javax.activation-1.2.0.jar:/home/spirals/danglot/.m2/repository/org/hamcrest/java-hamcrest/2.0.0.0/java-hamcrest-2.0.0.0.jar:/home/spirals/danglot/.m2/repository/com/opencsv/opencsv/3.7/opencsv-3.7.jar:/home/spirals/danglot/.m2/repository/org/apache/commons/commons-lang3/3.3.2/commons-lang3-3.3.2.jar:/home/spirals/danglot/.m2/repository/junit/junit/4.10/junit-4.10.jar:/home/spirals/danglot/.m2/repository/org/hamcrest/hamcrest-core/1.1/hamcrest-core-1.1.jar:/home/spirals/danglot/.m2/repository/org/mockito/mockito-core/1.9.5/mockito-core-1.9.5.jar:/home/spirals/danglot/.m2/repository/org/objenesis/objenesis/1.0/objenesis-1.0.jar:/home/spirals/danglot/.m2/repository/com/github/tomakehurst/wiremock/1.56/wiremock-1.56-standalone.jar:/home/spirals/danglot/.m2/repository/xmlunit/xmlunit/1.5/xmlunit-1.5.jar:/home/spirals/danglot/.m2/repository/org/mortbay/jetty/jetty/6.1.26/jetty-6.1.26.jar:/home/spirals/danglot/.m2/repository/org/mortbay/jetty/jetty-util/6.1.26/jetty-util-6.1.26.jar:/home/spirals/danglot/.m2/repository/org/mortbay/jetty/servlet-api/2.5-20081211/servlet-api-2.5-20081211.jar:/home/spirals/danglot/.m2/repository/org/skyscreamer/jsonassert/1.2.3/jsonassert-1.2.3.jar:/home/spirals/danglot/.m2/repository/org/json/json/20090211/json-20090211.jar:/home/spirals/danglot/.m2/repository/com/jayway/jsonpath/json-path/0.8.1/json-path-0.8.1.jar:/home/spirals/danglot/.m2/repository/net/minidev/json-smart/1.1.1/json-smart-1.1.1.jar:/home/spirals/danglot/.m2/repository/net/sf/jopt-simple/jopt-simple/4.7/jopt-simple-4.7.jar:/home/spirals/danglot/.m2/repository/log4j/log4j/1.2.17/log4j-1.2.17.jar:/home/spirals/danglot/.m2/repository/org/slf4j/slf4j-log4j12/1.7.21/slf4j-log4j12-1.7.21.jar:/tmp/icst-2019/september-2018/dataset/java-library_parent/target/dspot/dependencies/:/home/spirals/danglot/.m2/repository/eu/stamp-project/test-runner/1.1.0/test-runner-1.1.0-jar-with-dependencies.jar eu.stamp_project.testrunner.runner.test.TestRunner com.urbanairship.api.push.parse.notification.web.PayloadDeserializerTest testAlert:testWebIcon:testTitle
File saved to the following path: /tmp/icst-2019/september-2018/dataset/java-library_parent/target/dspot/TestListener.ser
Loading /tmp/icst-2019/september-2018/dataset/java-library_parent/target/dspot/TestListener.ser
[INFO] Test has been run: testAlert(com.urbanairship.api.push.parse.notification.web.PayloadDeserializerTest): expected:<6859689> but was:<1878955067>,testTitle(com.urbanairship.api.push.parse.notification.web.PayloadDeserializerTest): expected:<6859689> but was:<1878955067>,testWebIcon(com.urbanairship.api.push.parse.notification.web.PayloadDeserializerTest): expected:<6859689> but was:<1878955067>
[INFO] Assertion amplification: 0 test method(s) has been successfully amplified.
[INFO] 0 amplified test methods has been selected to be kept. (global: 0)
[INFO] elapsedTime 11618
======= REPORT =======
0 amplified test fails on the new versions.

[WARNING] DSpot could not obtain any amplified test method.
[WARNING] You can customize the following options: --amplifiers, --test-criterion, --iteration, --budgetizer etc, and retry with a new configuration.
[INFO] Amplification succeed.
[INFO] Elapsed time 47151 ms
[INFO] ------------------------------------------------------------------------
[INFO] BUILD SUCCESS
[INFO] ------------------------------------------------------------------------
[INFO] Total time: 02:00 min
[INFO] Finished at: 2018-10-09T08:25:53+02:00
[INFO] ------------------------------------------------------------------------
