7 amplified test fails on the new versions.
getReaderWithRootThatHasTrailingForwardSlashAndResourceHasAbsolutePath_literalMutationString42(com.github.mustachejava.resolver.ClasspathResolverTest): Illegal character in path at index 7: templat<es/absolute_partials_template.html
getReaderWithRootThatHasTrailingForwardSlashAndResourceHasAbsolutePath_literalMutationString44(com.github.mustachejava.resolver.ClasspathResolverTest): Illegal character in path at index 0: [&b|livesq/absolute_partials_template.html
getReaderWithRootThatHasTrailingForwardSlashAndResourceHasAbsolutePath_literalMutationString49(com.github.mustachejava.resolver.ClasspathResolverTest): Illegal character in path at index 10: templates/ does not exist
getReaderNullRootDoesNotFindFileWithAbsolutePath_literalMutationString5(com.github.mustachejava.resolver.ClasspathResolverTest): Illegal character in path at index 5: NVn0@<4$y2F#7w:Y!(1a.6n!h`mxZ_
getReaderNullRootDoesNotFindFileWithAbsolutePath_literalMutationString2(com.github.mustachejava.resolver.ClasspathResolverTest): Illegal character in path at index 0:  does not exist
getReaderWithRootThatHasTrailingForwardSlashAndResourceHasAbsolutePath_literalMutationString51(com.github.mustachejava.resolver.ClasspathResolverTest): Illegal character in path at index 10: templates/^w[*Mg;><`BFbJ9{T>>eK:$8+S>X#5la
getReaderWithRootThatHasTrailingForwardSlashAndResourceHasAbsolutePath_literalMutationString41(com.github.mustachejava.resolver.ClasspathResolverTest): Illegal character in path at index 0:  does not exist/absolute_partials_template.htmljava.lang.IllegalArgumentException: Illegal character in path at index 7: templat<es/absolute_partials_template.html
	at java.net.URI.create(URI.java:852)
	at com.github.mustachejava.resolver.ClasspathResolver.getReader(ClasspathResolver.java:37)
	at com.github.mustachejava.resolver.ClasspathResolverTest.getReaderWithRootThatHasTrailingForwardSlashAndResourceHasAbsolutePath_literalMutationString42(ClasspathResolverTest.java:28)
	at sun.reflect.NativeMethodAccessorImpl.invoke0(Native Method)
	at sun.reflect.NativeMethodAccessorImpl.invoke(NativeMethodAccessorImpl.java:62)
	at sun.reflect.DelegatingMethodAccessorImpl.invoke(DelegatingMethodAccessorImpl.java:43)
	at java.lang.reflect.Method.invoke(Method.java:498)
	at org.junit.runners.model.FrameworkMethod$1.runReflectiveCall(FrameworkMethod.java:47)
	at org.junit.internal.runners.model.ReflectiveCallable.run(ReflectiveCallable.java:12)
	at org.junit.runners.model.FrameworkMethod.invokeExplosively(FrameworkMethod.java:44)
	at org.junit.internal.runners.statements.InvokeMethod.evaluate(InvokeMethod.java:17)
	at org.junit.internal.runners.statements.FailOnTimeout$StatementThread.run(FailOnTimeout.java:74)
Caused by: java.net.URISyntaxException: Illegal character in path at index 7: templat<es/absolute_partials_template.html
	at java.net.URI$Parser.fail(URI.java:2848)
	at java.net.URI$Parser.checkChars(URI.java:3021)
	at java.net.URI$Parser.parseHierarchical(URI.java:3105)
	at java.net.URI$Parser.parse(URI.java:3063)
	at java.net.URI.<init>(URI.java:588)
	at java.net.URI.create(URI.java:850)
	... 11 more
java.lang.IllegalArgumentException: Illegal character in path at index 0: [&b|livesq/absolute_partials_template.html
	at java.net.URI.create(URI.java:852)
	at com.github.mustachejava.resolver.ClasspathResolver.getReader(ClasspathResolver.java:37)
	at com.github.mustachejava.resolver.ClasspathResolverTest.getReaderWithRootThatHasTrailingForwardSlashAndResourceHasAbsolutePath_literalMutationString44(ClasspathResolverTest.java:18)
	at sun.reflect.NativeMethodAccessorImpl.invoke0(Native Method)
	at sun.reflect.NativeMethodAccessorImpl.invoke(NativeMethodAccessorImpl.java:62)
	at sun.reflect.DelegatingMethodAccessorImpl.invoke(DelegatingMethodAccessorImpl.java:43)
	at java.lang.reflect.Method.invoke(Method.java:498)
	at org.junit.runners.model.FrameworkMethod$1.runReflectiveCall(FrameworkMethod.java:47)
	at org.junit.internal.runners.model.ReflectiveCallable.run(ReflectiveCallable.java:12)
	at org.junit.runners.model.FrameworkMethod.invokeExplosively(FrameworkMethod.java:44)
	at org.junit.internal.runners.statements.InvokeMethod.evaluate(InvokeMethod.java:17)
	at org.junit.internal.runners.statements.FailOnTimeout$StatementThread.run(FailOnTimeout.java:74)
Caused by: java.net.URISyntaxException: Illegal character in path at index 0: [&b|livesq/absolute_partials_template.html
	at java.net.URI$Parser.fail(URI.java:2848)
	at java.net.URI$Parser.checkChars(URI.java:3021)
	at java.net.URI$Parser.parseHierarchical(URI.java:3105)
	at java.net.URI$Parser.parse(URI.java:3063)
	at java.net.URI.<init>(URI.java:588)
	at java.net.URI.create(URI.java:850)
	... 11 more
java.lang.IllegalArgumentException: Illegal character in path at index 10: templates/ does not exist
	at java.net.URI.create(URI.java:852)
	at com.github.mustachejava.resolver.ClasspathResolver.getReader(ClasspathResolver.java:37)
	at com.github.mustachejava.resolver.ClasspathResolverTest.getReaderWithRootThatHasTrailingForwardSlashAndResourceHasAbsolutePath_literalMutationString49(ClasspathResolverTest.java:118)
	at sun.reflect.NativeMethodAccessorImpl.invoke0(Native Method)
	at sun.reflect.NativeMethodAccessorImpl.invoke(NativeMethodAccessorImpl.java:62)
	at sun.reflect.DelegatingMethodAccessorImpl.invoke(DelegatingMethodAccessorImpl.java:43)
	at java.lang.reflect.Method.invoke(Method.java:498)
	at org.junit.runners.model.FrameworkMethod$1.runReflectiveCall(FrameworkMethod.java:47)
	at org.junit.internal.runners.model.ReflectiveCallable.run(ReflectiveCallable.java:12)
	at org.junit.runners.model.FrameworkMethod.invokeExplosively(FrameworkMethod.java:44)
	at org.junit.internal.runners.statements.InvokeMethod.evaluate(InvokeMethod.java:17)
	at org.junit.internal.runners.statements.FailOnTimeout$StatementThread.run(FailOnTimeout.java:74)
Caused by: java.net.URISyntaxException: Illegal character in path at index 10: templates/ does not exist
	at java.net.URI$Parser.fail(URI.java:2848)
	at java.net.URI$Parser.checkChars(URI.java:3021)
	at java.net.URI$Parser.parseHierarchical(URI.java:3105)
	at java.net.URI$Parser.parse(URI.java:3063)
	at java.net.URI.<init>(URI.java:588)
	at java.net.URI.create(URI.java:850)
	... 11 more
java.lang.IllegalArgumentException: Illegal character in path at index 5: NVn0@<4$y2F#7w:Y!(1a.6n!h`mxZ_
	at java.net.URI.create(URI.java:852)
	at com.github.mustachejava.resolver.ClasspathResolver.getReader(ClasspathResolver.java:37)
	at com.github.mustachejava.resolver.ClasspathResolverTest.getReaderNullRootDoesNotFindFileWithAbsolutePath_literalMutationString5(ClasspathResolverTest.java:36)
	at sun.reflect.NativeMethodAccessorImpl.invoke0(Native Method)
	at sun.reflect.NativeMethodAccessorImpl.invoke(NativeMethodAccessorImpl.java:62)
	at sun.reflect.DelegatingMethodAccessorImpl.invoke(DelegatingMethodAccessorImpl.java:43)
	at java.lang.reflect.Method.invoke(Method.java:498)
	at org.junit.runners.model.FrameworkMethod$1.runReflectiveCall(FrameworkMethod.java:47)
	at org.junit.internal.runners.model.ReflectiveCallable.run(ReflectiveCallable.java:12)
	at org.junit.runners.model.FrameworkMethod.invokeExplosively(FrameworkMethod.java:44)
	at org.junit.internal.runners.statements.InvokeMethod.evaluate(InvokeMethod.java:17)
	at org.junit.internal.runners.statements.FailOnTimeout$StatementThread.run(FailOnTimeout.java:74)
Caused by: java.net.URISyntaxException: Illegal character in path at index 5: NVn0@<4$y2F#7w:Y!(1a.6n!h`mxZ_
	at java.net.URI$Parser.fail(URI.java:2848)
	at java.net.URI$Parser.checkChars(URI.java:3021)
	at java.net.URI$Parser.parseHierarchical(URI.java:3105)
	at java.net.URI$Parser.parse(URI.java:3063)
	at java.net.URI.<init>(URI.java:588)
	at java.net.URI.create(URI.java:850)
	... 11 more
java.lang.IllegalArgumentException: Illegal character in path at index 0:  does not exist
	at java.net.URI.create(URI.java:852)
	at com.github.mustachejava.resolver.ClasspathResolver.getReader(ClasspathResolver.java:37)
	at com.github.mustachejava.resolver.ClasspathResolverTest.getReaderNullRootDoesNotFindFileWithAbsolutePath_literalMutationString2(ClasspathResolverTest.java:56)
	at sun.reflect.NativeMethodAccessorImpl.invoke0(Native Method)
	at sun.reflect.NativeMethodAccessorImpl.invoke(NativeMethodAccessorImpl.java:62)
	at sun.reflect.DelegatingMethodAccessorImpl.invoke(DelegatingMethodAccessorImpl.java:43)
	at java.lang.reflect.Method.invoke(Method.java:498)
	at org.junit.runners.model.FrameworkMethod$1.runReflectiveCall(FrameworkMethod.java:47)
	at org.junit.internal.runners.model.ReflectiveCallable.run(ReflectiveCallable.java:12)
	at org.junit.runners.model.FrameworkMethod.invokeExplosively(FrameworkMethod.java:44)
	at org.junit.internal.runners.statements.InvokeMethod.evaluate(InvokeMethod.java:17)
	at org.junit.internal.runners.statements.FailOnTimeout$StatementThread.run(FailOnTimeout.java:74)
Caused by: java.net.URISyntaxException: Illegal character in path at index 0:  does not exist
	at java.net.URI$Parser.fail(URI.java:2848)
	at java.net.URI$Parser.checkChars(URI.java:3021)
	at java.net.URI$Parser.parseHierarchical(URI.java:3105)
	at java.net.URI$Parser.parse(URI.java:3063)
	at java.net.URI.<init>(URI.java:588)
	at java.net.URI.create(URI.java:850)
	... 11 more
java.lang.IllegalArgumentException: Illegal character in path at index 10: templates/^w[*Mg;><`BFbJ9{T>>eK:$8+S>X#5la
	at java.net.URI.create(URI.java:852)
	at com.github.mustachejava.resolver.ClasspathResolver.getReader(ClasspathResolver.java:37)
	at com.github.mustachejava.resolver.ClasspathResolverTest.getReaderWithRootThatHasTrailingForwardSlashAndResourceHasAbsolutePath_literalMutationString51(ClasspathResolverTest.java:8)
	at sun.reflect.NativeMethodAccessorImpl.invoke0(Native Method)
	at sun.reflect.NativeMethodAccessorImpl.invoke(NativeMethodAccessorImpl.java:62)
	at sun.reflect.DelegatingMethodAccessorImpl.invoke(DelegatingMethodAccessorImpl.java:43)
	at java.lang.reflect.Method.invoke(Method.java:498)
	at org.junit.runners.model.FrameworkMethod$1.runReflectiveCall(FrameworkMethod.java:47)
	at org.junit.internal.runners.model.ReflectiveCallable.run(ReflectiveCallable.java:12)
	at org.junit.runners.model.FrameworkMethod.invokeExplosively(FrameworkMethod.java:44)
	at org.junit.internal.runners.statements.InvokeMethod.evaluate(InvokeMethod.java:17)
	at org.junit.internal.runners.statements.FailOnTimeout$StatementThread.run(FailOnTimeout.java:74)
Caused by: java.net.URISyntaxException: Illegal character in path at index 10: templates/^w[*Mg;><`BFbJ9{T>>eK:$8+S>X#5la
	at java.net.URI$Parser.fail(URI.java:2848)
	at java.net.URI$Parser.checkChars(URI.java:3021)
	at java.net.URI$Parser.parseHierarchical(URI.java:3105)
	at java.net.URI$Parser.parse(URI.java:3063)
	at java.net.URI.<init>(URI.java:588)
	at java.net.URI.create(URI.java:850)
	... 11 more
java.lang.IllegalArgumentException: Illegal character in path at index 0:  does not exist/absolute_partials_template.html
	at java.net.URI.create(URI.java:852)
	at com.github.mustachejava.resolver.ClasspathResolver.getReader(ClasspathResolver.java:37)
	at com.github.mustachejava.resolver.ClasspathResolverTest.getReaderWithRootThatHasTrailingForwardSlashAndResourceHasAbsolutePath_literalMutationString41(ClasspathResolverTest.java:88)
	at sun.reflect.NativeMethodAccessorImpl.invoke0(Native Method)
	at sun.reflect.NativeMethodAccessorImpl.invoke(NativeMethodAccessorImpl.java:62)
	at sun.reflect.DelegatingMethodAccessorImpl.invoke(DelegatingMethodAccessorImpl.java:43)
	at java.lang.reflect.Method.invoke(Method.java:498)
	at org.junit.runners.model.FrameworkMethod$1.runReflectiveCall(FrameworkMethod.java:47)
	at org.junit.internal.runners.model.ReflectiveCallable.run(ReflectiveCallable.java:12)
	at org.junit.runners.model.FrameworkMethod.invokeExplosively(FrameworkMethod.java:44)
	at org.junit.internal.runners.statements.InvokeMethod.evaluate(InvokeMethod.java:17)
	at org.junit.internal.runners.statements.FailOnTimeout$StatementThread.run(FailOnTimeout.java:74)
Caused by: java.net.URISyntaxException: Illegal character in path at index 0:  does not exist/absolute_partials_template.html
	at java.net.URI$Parser.fail(URI.java:2848)
	at java.net.URI$Parser.checkChars(URI.java:3021)
	at java.net.URI$Parser.parseHierarchical(URI.java:3105)
	at java.net.URI$Parser.parse(URI.java:3063)
	at java.net.URI.<init>(URI.java:588)
	at java.net.URI.create(URI.java:850)
	... 11 more

3 amplified test fails on the new versions.
testInlineCommentWithinExtendCodeBlock_literalMutationString11_failAssert0(com.github.mustachejava.functions.CommentTest): Illegal character in scheme name at index 1: b,SY&BztvutmoXq)0a*RspXKYTs:em90Z
testInlineCommentWithinExtendCodeBlock_literalMutationString10_failAssert0(com.github.mustachejava.functions.CommentTest): Illegal character in path at index 25: commentWithinExtendCodeBl|ck.html
testInlineCommentWithinExtendCodeBlock_literalMutationString9_failAssert0(com.github.mustachejava.functions.CommentTest): Illegal character in path at index 11: commentWith>inExtendCodeBlock.htmljava.lang.IllegalArgumentException: Illegal character in scheme name at index 1: b,SY&BztvutmoXq)0a*RspXKYTs:em90Z
	at java.net.URI.create(URI.java:852)
	at com.github.mustachejava.resolver.ClasspathResolver.getReader(ClasspathResolver.java:37)
	at com.github.mustachejava.resolver.DefaultResolver.getReader(DefaultResolver.java:44)
	at com.github.mustachejava.DefaultMustacheFactory.getReader(DefaultMustacheFactory.java:115)
	at com.github.mustachejava.MustacheParser.compile(MustacheParser.java:26)
	at java.util.concurrent.ConcurrentHashMap.computeIfAbsent(ConcurrentHashMap.java:1660)
	at com.github.mustachejava.DefaultMustacheFactory.compile(DefaultMustacheFactory.java:176)
	at com.github.mustachejava.functions.CommentTest.testInlineCommentWithinExtendCodeBlock_literalMutationString11_failAssert0(CommentTest.java:375)
	at sun.reflect.NativeMethodAccessorImpl.invoke0(Native Method)
	at sun.reflect.NativeMethodAccessorImpl.invoke(NativeMethodAccessorImpl.java:62)
	at sun.reflect.DelegatingMethodAccessorImpl.invoke(DelegatingMethodAccessorImpl.java:43)
	at java.lang.reflect.Method.invoke(Method.java:498)
	at org.junit.runners.model.FrameworkMethod$1.runReflectiveCall(FrameworkMethod.java:47)
	at org.junit.internal.runners.model.ReflectiveCallable.run(ReflectiveCallable.java:12)
	at org.junit.runners.model.FrameworkMethod.invokeExplosively(FrameworkMethod.java:44)
	at org.junit.internal.runners.statements.InvokeMethod.evaluate(InvokeMethod.java:17)
	at org.junit.internal.runners.statements.FailOnTimeout$StatementThread.run(FailOnTimeout.java:74)
Caused by: java.net.URISyntaxException: Illegal character in scheme name at index 1: b,SY&BztvutmoXq)0a*RspXKYTs:em90Z
	at java.net.URI$Parser.fail(URI.java:2848)
	at java.net.URI$Parser.checkChars(URI.java:3021)
	at java.net.URI$Parser.parse(URI.java:3048)
	at java.net.URI.<init>(URI.java:588)
	at java.net.URI.create(URI.java:850)
	... 16 more
java.lang.IllegalArgumentException: Illegal character in path at index 25: commentWithinExtendCodeBl|ck.html
	at java.net.URI.create(URI.java:852)
	at com.github.mustachejava.resolver.ClasspathResolver.getReader(ClasspathResolver.java:37)
	at com.github.mustachejava.resolver.DefaultResolver.getReader(DefaultResolver.java:44)
	at com.github.mustachejava.DefaultMustacheFactory.getReader(DefaultMustacheFactory.java:115)
	at com.github.mustachejava.MustacheParser.compile(MustacheParser.java:26)
	at java.util.concurrent.ConcurrentHashMap.computeIfAbsent(ConcurrentHashMap.java:1660)
	at com.github.mustachejava.DefaultMustacheFactory.compile(DefaultMustacheFactory.java:176)
	at com.github.mustachejava.functions.CommentTest.testInlineCommentWithinExtendCodeBlock_literalMutationString10_failAssert0(CommentTest.java:391)
	at sun.reflect.NativeMethodAccessorImpl.invoke0(Native Method)
	at sun.reflect.NativeMethodAccessorImpl.invoke(NativeMethodAccessorImpl.java:62)
	at sun.reflect.DelegatingMethodAccessorImpl.invoke(DelegatingMethodAccessorImpl.java:43)
	at java.lang.reflect.Method.invoke(Method.java:498)
	at org.junit.runners.model.FrameworkMethod$1.runReflectiveCall(FrameworkMethod.java:47)
	at org.junit.internal.runners.model.ReflectiveCallable.run(ReflectiveCallable.java:12)
	at org.junit.runners.model.FrameworkMethod.invokeExplosively(FrameworkMethod.java:44)
	at org.junit.internal.runners.statements.InvokeMethod.evaluate(InvokeMethod.java:17)
	at org.junit.internal.runners.statements.FailOnTimeout$StatementThread.run(FailOnTimeout.java:74)
Caused by: java.net.URISyntaxException: Illegal character in path at index 25: commentWithinExtendCodeBl|ck.html
	at java.net.URI$Parser.fail(URI.java:2848)
	at java.net.URI$Parser.checkChars(URI.java:3021)
	at java.net.URI$Parser.parseHierarchical(URI.java:3105)
	at java.net.URI$Parser.parse(URI.java:3063)
	at java.net.URI.<init>(URI.java:588)
	at java.net.URI.create(URI.java:850)
	... 16 more
java.lang.IllegalArgumentException: Illegal character in path at index 11: commentWith>inExtendCodeBlock.html
	at java.net.URI.create(URI.java:852)
	at com.github.mustachejava.resolver.ClasspathResolver.getReader(ClasspathResolver.java:37)
	at com.github.mustachejava.resolver.DefaultResolver.getReader(DefaultResolver.java:44)
	at com.github.mustachejava.DefaultMustacheFactory.getReader(DefaultMustacheFactory.java:115)
	at com.github.mustachejava.MustacheParser.compile(MustacheParser.java:26)
	at java.util.concurrent.ConcurrentHashMap.computeIfAbsent(ConcurrentHashMap.java:1660)
	at com.github.mustachejava.DefaultMustacheFactory.compile(DefaultMustacheFactory.java:176)
	at com.github.mustachejava.functions.CommentTest.testInlineCommentWithinExtendCodeBlock_literalMutationString9_failAssert0(CommentTest.java:311)
	at sun.reflect.NativeMethodAccessorImpl.invoke0(Native Method)
	at sun.reflect.NativeMethodAccessorImpl.invoke(NativeMethodAccessorImpl.java:62)
	at sun.reflect.DelegatingMethodAccessorImpl.invoke(DelegatingMethodAccessorImpl.java:43)
	at java.lang.reflect.Method.invoke(Method.java:498)
	at org.junit.runners.model.FrameworkMethod$1.runReflectiveCall(FrameworkMethod.java:47)
	at org.junit.internal.runners.model.ReflectiveCallable.run(ReflectiveCallable.java:12)
	at org.junit.runners.model.FrameworkMethod.invokeExplosively(FrameworkMethod.java:44)
	at org.junit.internal.runners.statements.InvokeMethod.evaluate(InvokeMethod.java:17)
	at org.junit.internal.runners.statements.FailOnTimeout$StatementThread.run(FailOnTimeout.java:74)
Caused by: java.net.URISyntaxException: Illegal character in path at index 11: commentWith>inExtendCodeBlock.html
	at java.net.URI$Parser.fail(URI.java:2848)
	at java.net.URI$Parser.checkChars(URI.java:3021)
	at java.net.URI$Parser.parseHierarchical(URI.java:3105)
	at java.net.URI$Parser.parse(URI.java:3063)
	at java.net.URI.<init>(URI.java:588)
	at java.net.URI.create(URI.java:850)
	... 16 more

2 amplified test fails on the new versions.
testIdentitySimple_literalMutationString3_failAssert0(com.github.mustachejava.InterpreterTest): Illegal character in path at index 7: simple.{html
testIdentitySimple_literalMutationString1_failAssert0(com.github.mustachejava.InterpreterTest): Malformed escape pair at index 6: 2jM=Dc%.UfHjava.lang.IllegalArgumentException: Illegal character in path at index 7: simple.{html
	at java.net.URI.create(URI.java:852)
	at com.github.mustachejava.resolver.ClasspathResolver.getReader(ClasspathResolver.java:37)
	at com.github.mustachejava.resolver.DefaultResolver.getReader(DefaultResolver.java:44)
	at com.github.mustachejava.DefaultMustacheFactory.getReader(DefaultMustacheFactory.java:115)
	at com.github.mustachejava.MustacheParser.compile(MustacheParser.java:26)
	at java.util.concurrent.ConcurrentHashMap.computeIfAbsent(ConcurrentHashMap.java:1660)
	at com.github.mustachejava.DefaultMustacheFactory.compile(DefaultMustacheFactory.java:176)
	at com.github.mustachejava.InterpreterTest.testIdentitySimple_literalMutationString3_failAssert0(InterpreterTest.java:769)
	at sun.reflect.NativeMethodAccessorImpl.invoke0(Native Method)
	at sun.reflect.NativeMethodAccessorImpl.invoke(NativeMethodAccessorImpl.java:62)
	at sun.reflect.DelegatingMethodAccessorImpl.invoke(DelegatingMethodAccessorImpl.java:43)
	at java.lang.reflect.Method.invoke(Method.java:498)
	at junit.framework.TestCase.runTest(TestCase.java:176)
	at junit.framework.TestCase.runBare(TestCase.java:141)
	at junit.framework.TestResult$1.protect(TestResult.java:122)
	at junit.framework.TestResult.runProtected(TestResult.java:142)
	at junit.framework.TestResult.run(TestResult.java:125)
	at junit.framework.TestCase.run(TestCase.java:129)
	at junit.framework.TestSuite.runTest(TestSuite.java:255)
	at junit.framework.TestSuite.run(TestSuite.java:250)
	at org.junit.internal.runners.JUnit38ClassRunner.run(JUnit38ClassRunner.java:84)
	at org.junit.runners.Suite.runChild(Suite.java:127)
	at org.junit.runners.Suite.runChild(Suite.java:26)
	at org.junit.runners.ParentRunner$3.run(ParentRunner.java:238)
	at org.junit.runners.ParentRunner$1.schedule(ParentRunner.java:63)
	at org.junit.runners.ParentRunner.runChildren(ParentRunner.java:236)
	at org.junit.runners.ParentRunner.access$000(ParentRunner.java:53)
	at org.junit.runners.ParentRunner$2.evaluate(ParentRunner.java:229)
	at org.junit.runners.ParentRunner.run(ParentRunner.java:309)
	at eu.stamp_project.testrunner.runner.JUnit4Runner.run(JUnit4Runner.java:63)
	at eu.stamp_project.testrunner.runner.JUnit4Runner.main(JUnit4Runner.java:27)
Caused by: java.net.URISyntaxException: Illegal character in path at index 7: simple.{html
	at java.net.URI$Parser.fail(URI.java:2848)
	at java.net.URI$Parser.checkChars(URI.java:3021)
	at java.net.URI$Parser.parseHierarchical(URI.java:3105)
	at java.net.URI$Parser.parse(URI.java:3063)
	at java.net.URI.<init>(URI.java:588)
	at java.net.URI.create(URI.java:850)
	... 30 more
java.lang.IllegalArgumentException: Malformed escape pair at index 6: 2jM=Dc%.UfH
	at java.net.URI.create(URI.java:852)
	at com.github.mustachejava.resolver.ClasspathResolver.getReader(ClasspathResolver.java:37)
	at com.github.mustachejava.resolver.DefaultResolver.getReader(DefaultResolver.java:44)
	at com.github.mustachejava.DefaultMustacheFactory.getReader(DefaultMustacheFactory.java:115)
	at com.github.mustachejava.MustacheParser.compile(MustacheParser.java:26)
	at java.util.concurrent.ConcurrentHashMap.computeIfAbsent(ConcurrentHashMap.java:1660)
	at com.github.mustachejava.DefaultMustacheFactory.compile(DefaultMustacheFactory.java:176)
	at com.github.mustachejava.InterpreterTest.testIdentitySimple_literalMutationString1_failAssert0(InterpreterTest.java:727)
	at sun.reflect.NativeMethodAccessorImpl.invoke0(Native Method)
	at sun.reflect.NativeMethodAccessorImpl.invoke(NativeMethodAccessorImpl.java:62)
	at sun.reflect.DelegatingMethodAccessorImpl.invoke(DelegatingMethodAccessorImpl.java:43)
	at java.lang.reflect.Method.invoke(Method.java:498)
	at junit.framework.TestCase.runTest(TestCase.java:176)
	at junit.framework.TestCase.runBare(TestCase.java:141)
	at junit.framework.TestResult$1.protect(TestResult.java:122)
	at junit.framework.TestResult.runProtected(TestResult.java:142)
	at junit.framework.TestResult.run(TestResult.java:125)
	at junit.framework.TestCase.run(TestCase.java:129)
	at junit.framework.TestSuite.runTest(TestSuite.java:255)
	at junit.framework.TestSuite.run(TestSuite.java:250)
	at org.junit.internal.runners.JUnit38ClassRunner.run(JUnit38ClassRunner.java:84)
	at org.junit.runners.Suite.runChild(Suite.java:127)
	at org.junit.runners.Suite.runChild(Suite.java:26)
	at org.junit.runners.ParentRunner$3.run(ParentRunner.java:238)
	at org.junit.runners.ParentRunner$1.schedule(ParentRunner.java:63)
	at org.junit.runners.ParentRunner.runChildren(ParentRunner.java:236)
	at org.junit.runners.ParentRunner.access$000(ParentRunner.java:53)
	at org.junit.runners.ParentRunner$2.evaluate(ParentRunner.java:229)
	at org.junit.runners.ParentRunner.run(ParentRunner.java:309)
	at eu.stamp_project.testrunner.runner.JUnit4Runner.run(JUnit4Runner.java:63)
	at eu.stamp_project.testrunner.runner.JUnit4Runner.main(JUnit4Runner.java:27)
Caused by: java.net.URISyntaxException: Malformed escape pair at index 6: 2jM=Dc%.UfH
	at java.net.URI$Parser.fail(URI.java:2848)
	at java.net.URI$Parser.scanEscape(URI.java:2978)
	at java.net.URI$Parser.scan(URI.java:3001)
	at java.net.URI$Parser.checkChars(URI.java:3019)
	at java.net.URI$Parser.parseHierarchical(URI.java:3105)
	at java.net.URI$Parser.parse(URI.java:3063)
	at java.net.URI.<init>(URI.java:588)
	at java.net.URI.create(URI.java:850)
	... 30 more

7 amplified test fails on the new versions.
testSub_literalMutationString281_failAssert0(com.github.mustachejava.ExtensionTest): Illegal character in path at index 6: w@JGQz][
testSub_literalMutationString279_failAssert0(com.github.mustachejava.ExtensionTest): Illegal character in path at index 0: [ub.html
testSubBlockCaching_literalMutationString4_failAssert0(com.github.mustachejava.ExtensionTest): Illegal character in path at index 12: qsChpVN;_WvH}eOu9<J
testSubBlockCaching_literalMutationString29_failAssert0(com.github.mustachejava.ExtensionTest): Illegal character in path at index 2: fi^wdO9N!#{Qj/aB)|5
testSubBlockCaching_literalMutationString17_failAssert0(com.github.mustachejava.ExtensionTest): Illegal character in path at index 0: ^r[QC&S,gLA[;ffKq(G
testMultipleExtensions_literalMutationString214_failAssert0(com.github.mustachejava.ExtensionTest): Illegal character in path at index 10: v*u)OZcWwp<Bhh.la{^_=^$
testSubBlockCaching_literalMutationString15_failAssert0(com.github.mustachejava.ExtensionTest): Illegal character in path at index 4: subb ockchild2.htmljava.lang.IllegalArgumentException: Illegal character in path at index 6: w@JGQz][
	at java.net.URI.create(URI.java:852)
	at com.github.mustachejava.resolver.ClasspathResolver.getReader(ClasspathResolver.java:37)
	at com.github.mustachejava.resolver.DefaultResolver.getReader(DefaultResolver.java:44)
	at com.github.mustachejava.DefaultMustacheFactory.getReader(DefaultMustacheFactory.java:115)
	at com.github.mustachejava.MustacheParser.compile(MustacheParser.java:26)
	at java.util.concurrent.ConcurrentHashMap.computeIfAbsent(ConcurrentHashMap.java:1660)
	at com.github.mustachejava.DefaultMustacheFactory.compile(DefaultMustacheFactory.java:176)
	at com.github.mustachejava.ExtensionTest.testSub_literalMutationString281_failAssert0(ExtensionTest.java:1434)
	at sun.reflect.NativeMethodAccessorImpl.invoke0(Native Method)
	at sun.reflect.NativeMethodAccessorImpl.invoke(NativeMethodAccessorImpl.java:62)
	at sun.reflect.DelegatingMethodAccessorImpl.invoke(DelegatingMethodAccessorImpl.java:43)
	at java.lang.reflect.Method.invoke(Method.java:498)
	at org.junit.runners.model.FrameworkMethod$1.runReflectiveCall(FrameworkMethod.java:47)
	at org.junit.internal.runners.model.ReflectiveCallable.run(ReflectiveCallable.java:12)
	at org.junit.runners.model.FrameworkMethod.invokeExplosively(FrameworkMethod.java:44)
	at org.junit.internal.runners.statements.InvokeMethod.evaluate(InvokeMethod.java:17)
	at org.junit.internal.runners.statements.FailOnTimeout$StatementThread.run(FailOnTimeout.java:74)
Caused by: java.net.URISyntaxException: Illegal character in path at index 6: w@JGQz][
	at java.net.URI$Parser.fail(URI.java:2848)
	at java.net.URI$Parser.checkChars(URI.java:3021)
	at java.net.URI$Parser.parseHierarchical(URI.java:3105)
	at java.net.URI$Parser.parse(URI.java:3063)
	at java.net.URI.<init>(URI.java:588)
	at java.net.URI.create(URI.java:850)
	... 16 more
java.lang.IllegalArgumentException: Illegal character in path at index 0: [ub.html
	at java.net.URI.create(URI.java:852)
	at com.github.mustachejava.resolver.ClasspathResolver.getReader(ClasspathResolver.java:37)
	at com.github.mustachejava.resolver.DefaultResolver.getReader(DefaultResolver.java:44)
	at com.github.mustachejava.DefaultMustacheFactory.getReader(DefaultMustacheFactory.java:115)
	at com.github.mustachejava.MustacheParser.compile(MustacheParser.java:26)
	at java.util.concurrent.ConcurrentHashMap.computeIfAbsent(ConcurrentHashMap.java:1660)
	at com.github.mustachejava.DefaultMustacheFactory.compile(DefaultMustacheFactory.java:176)
	at com.github.mustachejava.ExtensionTest.testSub_literalMutationString279_failAssert0(ExtensionTest.java:1254)
	at sun.reflect.NativeMethodAccessorImpl.invoke0(Native Method)
	at sun.reflect.NativeMethodAccessorImpl.invoke(NativeMethodAccessorImpl.java:62)
	at sun.reflect.DelegatingMethodAccessorImpl.invoke(DelegatingMethodAccessorImpl.java:43)
	at java.lang.reflect.Method.invoke(Method.java:498)
	at org.junit.runners.model.FrameworkMethod$1.runReflectiveCall(FrameworkMethod.java:47)
	at org.junit.internal.runners.model.ReflectiveCallable.run(ReflectiveCallable.java:12)
	at org.junit.runners.model.FrameworkMethod.invokeExplosively(FrameworkMethod.java:44)
	at org.junit.internal.runners.statements.InvokeMethod.evaluate(InvokeMethod.java:17)
	at org.junit.internal.runners.statements.FailOnTimeout$StatementThread.run(FailOnTimeout.java:74)
Caused by: java.net.URISyntaxException: Illegal character in path at index 0: [ub.html
	at java.net.URI$Parser.fail(URI.java:2848)
	at java.net.URI$Parser.checkChars(URI.java:3021)
	at java.net.URI$Parser.parseHierarchical(URI.java:3105)
	at java.net.URI$Parser.parse(URI.java:3063)
	at java.net.URI.<init>(URI.java:588)
	at java.net.URI.create(URI.java:850)
	... 16 more
java.lang.IllegalArgumentException: Illegal character in path at index 12: qsChpVN;_WvH}eOu9<J
	at java.net.URI.create(URI.java:852)
	at com.github.mustachejava.resolver.ClasspathResolver.getReader(ClasspathResolver.java:37)
	at com.github.mustachejava.resolver.DefaultResolver.getReader(DefaultResolver.java:44)
	at com.github.mustachejava.DefaultMustacheFactory.getReader(DefaultMustacheFactory.java:115)
	at com.github.mustachejava.MustacheParser.compile(MustacheParser.java:26)
	at java.util.concurrent.ConcurrentHashMap.computeIfAbsent(ConcurrentHashMap.java:1660)
	at com.github.mustachejava.DefaultMustacheFactory.compile(DefaultMustacheFactory.java:176)
	at com.github.mustachejava.ExtensionTest.testSubBlockCaching_literalMutationString4_failAssert0(ExtensionTest.java:1692)
	at sun.reflect.NativeMethodAccessorImpl.invoke0(Native Method)
	at sun.reflect.NativeMethodAccessorImpl.invoke(NativeMethodAccessorImpl.java:62)
	at sun.reflect.DelegatingMethodAccessorImpl.invoke(DelegatingMethodAccessorImpl.java:43)
	at java.lang.reflect.Method.invoke(Method.java:498)
	at org.junit.runners.model.FrameworkMethod$1.runReflectiveCall(FrameworkMethod.java:47)
	at org.junit.internal.runners.model.ReflectiveCallable.run(ReflectiveCallable.java:12)
	at org.junit.runners.model.FrameworkMethod.invokeExplosively(FrameworkMethod.java:44)
	at org.junit.internal.runners.statements.InvokeMethod.evaluate(InvokeMethod.java:17)
	at org.junit.internal.runners.statements.FailOnTimeout$StatementThread.run(FailOnTimeout.java:74)
Caused by: java.net.URISyntaxException: Illegal character in path at index 12: qsChpVN;_WvH}eOu9<J
	at java.net.URI$Parser.fail(URI.java:2848)
	at java.net.URI$Parser.checkChars(URI.java:3021)
	at java.net.URI$Parser.parseHierarchical(URI.java:3105)
	at java.net.URI$Parser.parse(URI.java:3063)
	at java.net.URI.<init>(URI.java:588)
	at java.net.URI.create(URI.java:850)
	... 16 more
java.lang.IllegalArgumentException: Illegal character in path at index 2: fi^wdO9N!#{Qj/aB)|5
	at java.net.URI.create(URI.java:852)
	at com.github.mustachejava.resolver.ClasspathResolver.getReader(ClasspathResolver.java:37)
	at com.github.mustachejava.resolver.DefaultResolver.getReader(DefaultResolver.java:44)
	at com.github.mustachejava.DefaultMustacheFactory.getReader(DefaultMustacheFactory.java:115)
	at com.github.mustachejava.MustacheParser.compile(MustacheParser.java:26)
	at java.util.concurrent.ConcurrentHashMap.computeIfAbsent(ConcurrentHashMap.java:1660)
	at com.github.mustachejava.DefaultMustacheFactory.compile(DefaultMustacheFactory.java:176)
	at com.github.mustachejava.ExtensionTest.testSubBlockCaching_literalMutationString29_failAssert0(ExtensionTest.java:1467)
	at sun.reflect.NativeMethodAccessorImpl.invoke0(Native Method)
	at sun.reflect.NativeMethodAccessorImpl.invoke(NativeMethodAccessorImpl.java:62)
	at sun.reflect.DelegatingMethodAccessorImpl.invoke(DelegatingMethodAccessorImpl.java:43)
	at java.lang.reflect.Method.invoke(Method.java:498)
	at org.junit.runners.model.FrameworkMethod$1.runReflectiveCall(FrameworkMethod.java:47)
	at org.junit.internal.runners.model.ReflectiveCallable.run(ReflectiveCallable.java:12)
	at org.junit.runners.model.FrameworkMethod.invokeExplosively(FrameworkMethod.java:44)
	at org.junit.internal.runners.statements.InvokeMethod.evaluate(InvokeMethod.java:17)
	at org.junit.internal.runners.statements.FailOnTimeout$StatementThread.run(FailOnTimeout.java:74)
Caused by: java.net.URISyntaxException: Illegal character in path at index 2: fi^wdO9N!#{Qj/aB)|5
	at java.net.URI$Parser.fail(URI.java:2848)
	at java.net.URI$Parser.checkChars(URI.java:3021)
	at java.net.URI$Parser.parseHierarchical(URI.java:3105)
	at java.net.URI$Parser.parse(URI.java:3063)
	at java.net.URI.<init>(URI.java:588)
	at java.net.URI.create(URI.java:850)
	... 16 more
java.lang.IllegalArgumentException: Illegal character in path at index 0: ^r[QC&S,gLA[;ffKq(G
	at java.net.URI.create(URI.java:852)
	at com.github.mustachejava.resolver.ClasspathResolver.getReader(ClasspathResolver.java:37)
	at com.github.mustachejava.resolver.DefaultResolver.getReader(DefaultResolver.java:44)
	at com.github.mustachejava.DefaultMustacheFactory.getReader(DefaultMustacheFactory.java:115)
	at com.github.mustachejava.MustacheParser.compile(MustacheParser.java:26)
	at java.util.concurrent.ConcurrentHashMap.computeIfAbsent(ConcurrentHashMap.java:1660)
	at com.github.mustachejava.DefaultMustacheFactory.compile(DefaultMustacheFactory.java:176)
	at com.github.mustachejava.ExtensionTest.testSubBlockCaching_literalMutationString17_failAssert0(ExtensionTest.java:1884)
	at sun.reflect.NativeMethodAccessorImpl.invoke0(Native Method)
	at sun.reflect.NativeMethodAccessorImpl.invoke(NativeMethodAccessorImpl.java:62)
	at sun.reflect.DelegatingMethodAccessorImpl.invoke(DelegatingMethodAccessorImpl.java:43)
	at java.lang.reflect.Method.invoke(Method.java:498)
	at org.junit.runners.model.FrameworkMethod$1.runReflectiveCall(FrameworkMethod.java:47)
	at org.junit.internal.runners.model.ReflectiveCallable.run(ReflectiveCallable.java:12)
	at org.junit.runners.model.FrameworkMethod.invokeExplosively(FrameworkMethod.java:44)
	at org.junit.internal.runners.statements.InvokeMethod.evaluate(InvokeMethod.java:17)
	at org.junit.internal.runners.statements.FailOnTimeout$StatementThread.run(FailOnTimeout.java:74)
Caused by: java.net.URISyntaxException: Illegal character in path at index 0: ^r[QC&S,gLA[;ffKq(G
	at java.net.URI$Parser.fail(URI.java:2848)
	at java.net.URI$Parser.checkChars(URI.java:3021)
	at java.net.URI$Parser.parseHierarchical(URI.java:3105)
	at java.net.URI$Parser.parse(URI.java:3063)
	at java.net.URI.<init>(URI.java:588)
	at java.net.URI.create(URI.java:850)
	... 16 more
java.lang.IllegalArgumentException: Illegal character in path at index 10: v*u)OZcWwp<Bhh.la{^_=^$
	at java.net.URI.create(URI.java:852)
	at com.github.mustachejava.resolver.ClasspathResolver.getReader(ClasspathResolver.java:37)
	at com.github.mustachejava.resolver.DefaultResolver.getReader(DefaultResolver.java:44)
	at com.github.mustachejava.DefaultMustacheFactory.getReader(DefaultMustacheFactory.java:115)
	at com.github.mustachejava.MustacheParser.compile(MustacheParser.java:26)
	at java.util.concurrent.ConcurrentHashMap.computeIfAbsent(ConcurrentHashMap.java:1660)
	at com.github.mustachejava.DefaultMustacheFactory.compile(DefaultMustacheFactory.java:176)
	at com.github.mustachejava.ExtensionTest.testMultipleExtensions_literalMutationString214_failAssert0(ExtensionTest.java:245)
	at sun.reflect.NativeMethodAccessorImpl.invoke0(Native Method)
	at sun.reflect.NativeMethodAccessorImpl.invoke(NativeMethodAccessorImpl.java:62)
	at sun.reflect.DelegatingMethodAccessorImpl.invoke(DelegatingMethodAccessorImpl.java:43)
	at java.lang.reflect.Method.invoke(Method.java:498)
	at org.junit.runners.model.FrameworkMethod$1.runReflectiveCall(FrameworkMethod.java:47)
	at org.junit.internal.runners.model.ReflectiveCallable.run(ReflectiveCallable.java:12)
	at org.junit.runners.model.FrameworkMethod.invokeExplosively(FrameworkMethod.java:44)
	at org.junit.internal.runners.statements.InvokeMethod.evaluate(InvokeMethod.java:17)
	at org.junit.internal.runners.statements.FailOnTimeout$StatementThread.run(FailOnTimeout.java:74)
Caused by: java.net.URISyntaxException: Illegal character in path at index 10: v*u)OZcWwp<Bhh.la{^_=^$
	at java.net.URI$Parser.fail(URI.java:2848)
	at java.net.URI$Parser.checkChars(URI.java:3021)
	at java.net.URI$Parser.parseHierarchical(URI.java:3105)
	at java.net.URI$Parser.parse(URI.java:3063)
	at java.net.URI.<init>(URI.java:588)
	at java.net.URI.create(URI.java:850)
	... 16 more
java.lang.IllegalArgumentException: Illegal character in path at index 4: subb ockchild2.html
	at java.net.URI.create(URI.java:852)
	at com.github.mustachejava.resolver.ClasspathResolver.getReader(ClasspathResolver.java:37)
	at com.github.mustachejava.resolver.DefaultResolver.getReader(DefaultResolver.java:44)
	at com.github.mustachejava.DefaultMustacheFactory.getReader(DefaultMustacheFactory.java:115)
	at com.github.mustachejava.MustacheParser.compile(MustacheParser.java:26)
	at java.util.concurrent.ConcurrentHashMap.computeIfAbsent(ConcurrentHashMap.java:1660)
	at com.github.mustachejava.DefaultMustacheFactory.compile(DefaultMustacheFactory.java:176)
	at com.github.mustachejava.ExtensionTest.testSubBlockCaching_literalMutationString15_failAssert0(ExtensionTest.java:1514)
	at sun.reflect.NativeMethodAccessorImpl.invoke0(Native Method)
	at sun.reflect.NativeMethodAccessorImpl.invoke(NativeMethodAccessorImpl.java:62)
	at sun.reflect.DelegatingMethodAccessorImpl.invoke(DelegatingMethodAccessorImpl.java:43)
	at java.lang.reflect.Method.invoke(Method.java:498)
	at org.junit.runners.model.FrameworkMethod$1.runReflectiveCall(FrameworkMethod.java:47)
	at org.junit.internal.runners.model.ReflectiveCallable.run(ReflectiveCallable.java:12)
	at org.junit.runners.model.FrameworkMethod.invokeExplosively(FrameworkMethod.java:44)
	at org.junit.internal.runners.statements.InvokeMethod.evaluate(InvokeMethod.java:17)
	at org.junit.internal.runners.statements.FailOnTimeout$StatementThread.run(FailOnTimeout.java:74)
Caused by: java.net.URISyntaxException: Illegal character in path at index 4: subb ockchild2.html
	at java.net.URI$Parser.fail(URI.java:2848)
	at java.net.URI$Parser.checkChars(URI.java:3021)
	at java.net.URI$Parser.parseHierarchical(URI.java:3105)
	at java.net.URI$Parser.parse(URI.java:3063)
	at java.net.URI.<init>(URI.java:588)
	at java.net.URI.create(URI.java:850)
	... 16 more
