DSpot encountered 9 error(s) during amplification.
Could not find any test class that match the given regular expression.
Your input:
	org.apache.commons.lang3.time.FastDateFormat_ParserTest
Could not find any test class that match the given regular expression.
Your input:
	org.apache.commons.lang3.time.FastDateFormat_PrinterTest
Something bad happened during assertion amplification
java.lang.RuntimeException: Forked process did not finished correctly
	at eu.stamp_project.testrunner.EntryPoint.runGivenCommandLine(EntryPoint.java:417)
	at eu.stamp_project.testrunner.EntryPoint.runTests(EntryPoint.java:198)
	at eu.stamp_project.testrunner.EntryPoint.runTests(EntryPoint.java:193)
	at eu.stamp_project.testrunner.EntryPoint.runTests(EntryPoint.java:154)
	at eu.stamp_project.utils.execution.TestRunner.run(TestRunner.java:98)
	at eu.stamp_project.utils.execution.TestRunner.runGivenTestMethods(TestRunner.java:66)
	at eu.stamp_project.utils.compilation.TestCompiler.compileAndRun(TestCompiler.java:99)
	at eu.stamp_project.dspot.assertgenerator.MethodsAssertGenerator.addAssertions(MethodsAssertGenerator.java:118)
	at eu.stamp_project.dspot.assertgenerator.AssertGenerator.innerAssertionAmplification(AssertGenerator.java:136)
	at eu.stamp_project.dspot.assertgenerator.AssertGenerator.assertionAmplification(AssertGenerator.java:76)
	at eu.stamp_project.dspot.Amplification.assertionsAmplification(Amplification.java:214)
	at eu.stamp_project.dspot.Amplification.amplification(Amplification.java:186)
	at eu.stamp_project.dspot.Amplification.amplification(Amplification.java:131)
	at eu.stamp_project.dspot.DSpot._amplify(DSpot.java:273)
	at eu.stamp_project.dspot.DSpot.lambda$amplifyTestClassesTestMethods$5(DSpot.java:254)
	at java.util.stream.ReferencePipeline$3$1.accept(ReferencePipeline.java:193)
	at java.util.ArrayList$ArrayListSpliterator.forEachRemaining(ArrayList.java:1382)
	at java.util.stream.AbstractPipeline.copyInto(AbstractPipeline.java:482)
	at java.util.stream.AbstractPipeline.wrapAndCopyInto(AbstractPipeline.java:472)
	at java.util.stream.ReduceOps$ReduceOp.evaluateSequential(ReduceOps.java:708)
	at java.util.stream.AbstractPipeline.evaluate(AbstractPipeline.java:234)
	at java.util.stream.ReferencePipeline.collect(ReferencePipeline.java:499)
	at eu.stamp_project.dspot.DSpot.amplifyTestClassesTestMethods(DSpot.java:255)
	at eu.stamp_project.Main.run(Main.java:65)
	at eu.stamp_project.DSpotMojo.execute(DSpotMojo.java:305)
	at org.apache.maven.plugin.DefaultBuildPluginManager.executeMojo(DefaultBuildPluginManager.java:134)
	at org.apache.maven.lifecycle.internal.MojoExecutor.execute(MojoExecutor.java:207)
	at org.apache.maven.lifecycle.internal.MojoExecutor.execute(MojoExecutor.java:153)
	at org.apache.maven.lifecycle.internal.MojoExecutor.execute(MojoExecutor.java:145)
	at org.apache.maven.lifecycle.internal.LifecycleModuleBuilder.buildProject(LifecycleModuleBuilder.java:116)
	at org.apache.maven.lifecycle.internal.LifecycleModuleBuilder.buildProject(LifecycleModuleBuilder.java:80)
	at org.apache.maven.lifecycle.internal.builder.singlethreaded.SingleThreadedBuilder.build(SingleThreadedBuilder.java:51)
	at org.apache.maven.lifecycle.internal.LifecycleStarter.execute(LifecycleStarter.java:128)
	at org.apache.maven.DefaultMaven.doExecute(DefaultMaven.java:307)
	at org.apache.maven.DefaultMaven.doExecute(DefaultMaven.java:193)
	at org.apache.maven.DefaultMaven.execute(DefaultMaven.java:106)
	at org.apache.maven.cli.MavenCli.execute(MavenCli.java:863)
	at org.apache.maven.cli.MavenCli.doMain(MavenCli.java:288)
	at org.apache.maven.cli.MavenCli.main(MavenCli.java:199)
	at sun.reflect.NativeMethodAccessorImpl.invoke0(Native Method)
	at sun.reflect.NativeMethodAccessorImpl.invoke(NativeMethodAccessorImpl.java:62)
	at sun.reflect.DelegatingMethodAccessorImpl.invoke(DelegatingMethodAccessorImpl.java:43)
	at java.lang.reflect.Method.invoke(Method.java:498)
	at org.codehaus.plexus.classworlds.launcher.Launcher.launchEnhanced(Launcher.java:289)
	at org.codehaus.plexus.classworlds.launcher.Launcher.launch(Launcher.java:229)
	at org.codehaus.plexus.classworlds.launcher.Launcher.mainWithExitCode(Launcher.java:415)
	at org.codehaus.plexus.classworlds.launcher.Launcher.main(Launcher.java:356)

Something bad happened during assertion amplification
java.lang.RuntimeException: Forked process did not finished correctly
	at eu.stamp_project.testrunner.EntryPoint.runGivenCommandLine(EntryPoint.java:417)
	at eu.stamp_project.testrunner.EntryPoint.runTests(EntryPoint.java:198)
	at eu.stamp_project.testrunner.EntryPoint.runTests(EntryPoint.java:193)
	at eu.stamp_project.testrunner.EntryPoint.runTests(EntryPoint.java:154)
	at eu.stamp_project.utils.execution.TestRunner.run(TestRunner.java:98)
	at eu.stamp_project.utils.execution.TestRunner.runGivenTestMethods(TestRunner.java:66)
	at eu.stamp_project.utils.compilation.TestCompiler.compileAndRun(TestCompiler.java:99)
	at eu.stamp_project.dspot.assertgenerator.MethodsAssertGenerator.addAssertions(MethodsAssertGenerator.java:118)
	at eu.stamp_project.dspot.assertgenerator.AssertGenerator.innerAssertionAmplification(AssertGenerator.java:136)
	at eu.stamp_project.dspot.assertgenerator.AssertGenerator.assertionAmplification(AssertGenerator.java:76)
	at eu.stamp_project.dspot.Amplification.assertionsAmplification(Amplification.java:214)
	at eu.stamp_project.dspot.Amplification.amplification(Amplification.java:186)
	at eu.stamp_project.dspot.Amplification.amplification(Amplification.java:131)
	at eu.stamp_project.dspot.DSpot._amplify(DSpot.java:273)
	at eu.stamp_project.dspot.DSpot.lambda$amplifyTestClassesTestMethods$5(DSpot.java:254)
	at java.util.stream.ReferencePipeline$3$1.accept(ReferencePipeline.java:193)
	at java.util.ArrayList$ArrayListSpliterator.forEachRemaining(ArrayList.java:1382)
	at java.util.stream.AbstractPipeline.copyInto(AbstractPipeline.java:482)
	at java.util.stream.AbstractPipeline.wrapAndCopyInto(AbstractPipeline.java:472)
	at java.util.stream.ReduceOps$ReduceOp.evaluateSequential(ReduceOps.java:708)
	at java.util.stream.AbstractPipeline.evaluate(AbstractPipeline.java:234)
	at java.util.stream.ReferencePipeline.collect(ReferencePipeline.java:499)
	at eu.stamp_project.dspot.DSpot.amplifyTestClassesTestMethods(DSpot.java:255)
	at eu.stamp_project.Main.run(Main.java:65)
	at eu.stamp_project.DSpotMojo.execute(DSpotMojo.java:305)
	at org.apache.maven.plugin.DefaultBuildPluginManager.executeMojo(DefaultBuildPluginManager.java:134)
	at org.apache.maven.lifecycle.internal.MojoExecutor.execute(MojoExecutor.java:207)
	at org.apache.maven.lifecycle.internal.MojoExecutor.execute(MojoExecutor.java:153)
	at org.apache.maven.lifecycle.internal.MojoExecutor.execute(MojoExecutor.java:145)
	at org.apache.maven.lifecycle.internal.LifecycleModuleBuilder.buildProject(LifecycleModuleBuilder.java:116)
	at org.apache.maven.lifecycle.internal.LifecycleModuleBuilder.buildProject(LifecycleModuleBuilder.java:80)
	at org.apache.maven.lifecycle.internal.builder.singlethreaded.SingleThreadedBuilder.build(SingleThreadedBuilder.java:51)
	at org.apache.maven.lifecycle.internal.LifecycleStarter.execute(LifecycleStarter.java:128)
	at org.apache.maven.DefaultMaven.doExecute(DefaultMaven.java:307)
	at org.apache.maven.DefaultMaven.doExecute(DefaultMaven.java:193)
	at org.apache.maven.DefaultMaven.execute(DefaultMaven.java:106)
	at org.apache.maven.cli.MavenCli.execute(MavenCli.java:863)
	at org.apache.maven.cli.MavenCli.doMain(MavenCli.java:288)
	at org.apache.maven.cli.MavenCli.main(MavenCli.java:199)
	at sun.reflect.NativeMethodAccessorImpl.invoke0(Native Method)
	at sun.reflect.NativeMethodAccessorImpl.invoke(NativeMethodAccessorImpl.java:62)
	at sun.reflect.DelegatingMethodAccessorImpl.invoke(DelegatingMethodAccessorImpl.java:43)
	at java.lang.reflect.Method.invoke(Method.java:498)
	at org.codehaus.plexus.classworlds.launcher.Launcher.launchEnhanced(Launcher.java:289)
	at org.codehaus.plexus.classworlds.launcher.Launcher.launch(Launcher.java:229)
	at org.codehaus.plexus.classworlds.launcher.Launcher.mainWithExitCode(Launcher.java:415)
	at org.codehaus.plexus.classworlds.launcher.Launcher.main(Launcher.java:356)

Something bad happened during input amplification.
java.lang.OutOfMemoryError: GC overhead limit exceeded
	at java.io.BufferedReader.<init>(BufferedReader.java:105)
	at java.io.BufferedReader.<init>(BufferedReader.java:116)
	at spoon.support.compiler.jdt.JDTCommentBuilder.cleanComment(JDTCommentBuilder.java:547)
	at spoon.support.compiler.jdt.JDTCommentBuilder.cleanComment(JDTCommentBuilder.java:538)
	at spoon.support.reflect.code.CtCommentImpl.setContent(CtCommentImpl.java:68)
	at spoon.support.DefaultCoreFactory.createComment(DefaultCoreFactory.java:711)
	at spoon.support.visitor.clone.CloneVisitor.visitCtComment(CloneVisitor.java:927)
	at spoon.support.reflect.code.CtCommentImpl.accept(CtCommentImpl.java:86)
	at spoon.reflect.visitor.CtScanner.scan(CtScanner.java:184)
	at spoon.support.visitor.equals.CloneHelper.clone(CloneHelper.java:49)
	at spoon.support.visitor.equals.CloneHelper.addClone(CloneHelper.java:109)
	at spoon.support.visitor.equals.CloneHelper.clone(CloneHelper.java:73)
	at spoon.support.visitor.clone.CloneVisitor.visitCtInvocation(CloneVisitor.java:432)
	at spoon.support.reflect.code.CtInvocationImpl.accept(CtInvocationImpl.java:55)
	at spoon.reflect.visitor.CtScanner.scan(CtScanner.java:184)
	at spoon.support.visitor.equals.CloneHelper.clone(CloneHelper.java:49)
	at spoon.support.visitor.equals.CloneHelper.addClone(CloneHelper.java:109)
	at spoon.support.visitor.equals.CloneHelper.clone(CloneHelper.java:73)
	at spoon.support.visitor.clone.CloneVisitor.visitCtBlock(CloneVisitor.java:163)
	at spoon.support.reflect.code.CtBlockImpl.accept(CtBlockImpl.java:67)
	at spoon.reflect.visitor.CtScanner.scan(CtScanner.java:184)
	at spoon.support.visitor.equals.CloneHelper.clone(CloneHelper.java:49)
	at spoon.support.visitor.clone.CloneVisitor.visitCtMethod(CloneVisitor.java:501)
	at spoon.support.reflect.declaration.CtMethodImpl.accept(CtMethodImpl.java:67)
	at spoon.reflect.visitor.CtScanner.scan(CtScanner.java:184)
	at spoon.support.visitor.equals.CloneHelper.clone(CloneHelper.java:49)
	at spoon.support.reflect.declaration.CtElementImpl.clone(CtElementImpl.java:570)
	at spoon.support.reflect.declaration.CtNamedElementImpl.clone(CtNamedElementImpl.java:61)
	at spoon.support.reflect.declaration.CtExecutableImpl.clone(CtExecutableImpl.java:196)
	at spoon.support.reflect.declaration.CtMethodImpl.clone(CtMethodImpl.java:214)
	at eu.stamp_project.utils.CloneHelper.cloneMethod(CloneHelper.java:55)
	at eu.stamp_project.utils.CloneHelper.cloneMethod(CloneHelper.java:69)

Something bad happened during assertion amplification
java.lang.RuntimeException: Forked process did not finished correctly
	at eu.stamp_project.testrunner.EntryPoint.runGivenCommandLine(EntryPoint.java:417)
	at eu.stamp_project.testrunner.EntryPoint.runTests(EntryPoint.java:198)
	at eu.stamp_project.testrunner.EntryPoint.runTests(EntryPoint.java:193)
	at eu.stamp_project.testrunner.EntryPoint.runTests(EntryPoint.java:154)
	at eu.stamp_project.utils.execution.TestRunner.run(TestRunner.java:98)
	at eu.stamp_project.utils.execution.TestRunner.runGivenTestMethods(TestRunner.java:66)
	at eu.stamp_project.utils.compilation.TestCompiler.compileAndRun(TestCompiler.java:99)
	at eu.stamp_project.dspot.assertgenerator.MethodsAssertGenerator.addAssertions(MethodsAssertGenerator.java:118)
	at eu.stamp_project.dspot.assertgenerator.AssertGenerator.innerAssertionAmplification(AssertGenerator.java:136)
	at eu.stamp_project.dspot.assertgenerator.AssertGenerator.assertionAmplification(AssertGenerator.java:76)
	at eu.stamp_project.dspot.Amplification.assertionsAmplification(Amplification.java:214)
	at eu.stamp_project.dspot.Amplification.amplification(Amplification.java:186)
	at eu.stamp_project.dspot.Amplification.amplification(Amplification.java:131)
	at eu.stamp_project.dspot.DSpot._amplify(DSpot.java:273)
	at eu.stamp_project.dspot.DSpot.lambda$amplifyTestClassesTestMethods$5(DSpot.java:254)
	at java.util.stream.ReferencePipeline$3$1.accept(ReferencePipeline.java:193)
	at java.util.ArrayList$ArrayListSpliterator.forEachRemaining(ArrayList.java:1382)
	at java.util.stream.AbstractPipeline.copyInto(AbstractPipeline.java:482)
	at java.util.stream.AbstractPipeline.wrapAndCopyInto(AbstractPipeline.java:472)
	at java.util.stream.ReduceOps$ReduceOp.evaluateSequential(ReduceOps.java:708)
	at java.util.stream.AbstractPipeline.evaluate(AbstractPipeline.java:234)
	at java.util.stream.ReferencePipeline.collect(ReferencePipeline.java:499)
	at eu.stamp_project.dspot.DSpot.amplifyTestClassesTestMethods(DSpot.java:255)
	at eu.stamp_project.Main.run(Main.java:65)
	at eu.stamp_project.DSpotMojo.execute(DSpotMojo.java:305)
	at org.apache.maven.plugin.DefaultBuildPluginManager.executeMojo(DefaultBuildPluginManager.java:134)
	at org.apache.maven.lifecycle.internal.MojoExecutor.execute(MojoExecutor.java:207)
	at org.apache.maven.lifecycle.internal.MojoExecutor.execute(MojoExecutor.java:153)
	at org.apache.maven.lifecycle.internal.MojoExecutor.execute(MojoExecutor.java:145)
	at org.apache.maven.lifecycle.internal.LifecycleModuleBuilder.buildProject(LifecycleModuleBuilder.java:116)
	at org.apache.maven.lifecycle.internal.LifecycleModuleBuilder.buildProject(LifecycleModuleBuilder.java:80)
	at org.apache.maven.lifecycle.internal.builder.singlethreaded.SingleThreadedBuilder.build(SingleThreadedBuilder.java:51)
	at org.apache.maven.lifecycle.internal.LifecycleStarter.execute(LifecycleStarter.java:128)
	at org.apache.maven.DefaultMaven.doExecute(DefaultMaven.java:307)
	at org.apache.maven.DefaultMaven.doExecute(DefaultMaven.java:193)
	at org.apache.maven.DefaultMaven.execute(DefaultMaven.java:106)
	at org.apache.maven.cli.MavenCli.execute(MavenCli.java:863)
	at org.apache.maven.cli.MavenCli.doMain(MavenCli.java:288)
	at org.apache.maven.cli.MavenCli.main(MavenCli.java:199)
	at sun.reflect.NativeMethodAccessorImpl.invoke0(Native Method)
	at sun.reflect.NativeMethodAccessorImpl.invoke(NativeMethodAccessorImpl.java:62)
	at sun.reflect.DelegatingMethodAccessorImpl.invoke(DelegatingMethodAccessorImpl.java:43)
	at java.lang.reflect.Method.invoke(Method.java:498)
	at org.codehaus.plexus.classworlds.launcher.Launcher.launchEnhanced(Launcher.java:289)
	at org.codehaus.plexus.classworlds.launcher.Launcher.launch(Launcher.java:229)
	at org.codehaus.plexus.classworlds.launcher.Launcher.mainWithExitCode(Launcher.java:415)
	at org.codehaus.plexus.classworlds.launcher.Launcher.main(Launcher.java:356)

Something bad happened during assertion amplification
java.lang.RuntimeException: Forked process did not finished correctly
	at eu.stamp_project.testrunner.EntryPoint.runGivenCommandLine(EntryPoint.java:417)
	at eu.stamp_project.testrunner.EntryPoint.runTests(EntryPoint.java:198)
	at eu.stamp_project.testrunner.EntryPoint.runTests(EntryPoint.java:193)
	at eu.stamp_project.testrunner.EntryPoint.runTests(EntryPoint.java:154)
	at eu.stamp_project.utils.execution.TestRunner.run(TestRunner.java:98)
	at eu.stamp_project.utils.execution.TestRunner.runGivenTestMethods(TestRunner.java:66)
	at eu.stamp_project.utils.compilation.TestCompiler.compileAndRun(TestCompiler.java:99)
	at eu.stamp_project.dspot.assertgenerator.MethodsAssertGenerator.addAssertions(MethodsAssertGenerator.java:118)
	at eu.stamp_project.dspot.assertgenerator.AssertGenerator.innerAssertionAmplification(AssertGenerator.java:136)
	at eu.stamp_project.dspot.assertgenerator.AssertGenerator.assertionAmplification(AssertGenerator.java:76)
	at eu.stamp_project.dspot.Amplification.assertionsAmplification(Amplification.java:214)
	at eu.stamp_project.dspot.Amplification.amplification(Amplification.java:186)
	at eu.stamp_project.dspot.Amplification.amplification(Amplification.java:131)
	at eu.stamp_project.dspot.DSpot._amplify(DSpot.java:273)
	at eu.stamp_project.dspot.DSpot.lambda$amplifyTestClassesTestMethods$5(DSpot.java:254)
	at java.util.stream.ReferencePipeline$3$1.accept(ReferencePipeline.java:193)
	at java.util.ArrayList$ArrayListSpliterator.forEachRemaining(ArrayList.java:1382)
	at java.util.stream.AbstractPipeline.copyInto(AbstractPipeline.java:482)
	at java.util.stream.AbstractPipeline.wrapAndCopyInto(AbstractPipeline.java:472)
	at java.util.stream.ReduceOps$ReduceOp.evaluateSequential(ReduceOps.java:708)
	at java.util.stream.AbstractPipeline.evaluate(AbstractPipeline.java:234)
	at java.util.stream.ReferencePipeline.collect(ReferencePipeline.java:499)
	at eu.stamp_project.dspot.DSpot.amplifyTestClassesTestMethods(DSpot.java:255)
	at eu.stamp_project.Main.run(Main.java:65)
	at eu.stamp_project.DSpotMojo.execute(DSpotMojo.java:305)
	at org.apache.maven.plugin.DefaultBuildPluginManager.executeMojo(DefaultBuildPluginManager.java:134)
	at org.apache.maven.lifecycle.internal.MojoExecutor.execute(MojoExecutor.java:207)
	at org.apache.maven.lifecycle.internal.MojoExecutor.execute(MojoExecutor.java:153)
	at org.apache.maven.lifecycle.internal.MojoExecutor.execute(MojoExecutor.java:145)
	at org.apache.maven.lifecycle.internal.LifecycleModuleBuilder.buildProject(LifecycleModuleBuilder.java:116)
	at org.apache.maven.lifecycle.internal.LifecycleModuleBuilder.buildProject(LifecycleModuleBuilder.java:80)
	at org.apache.maven.lifecycle.internal.builder.singlethreaded.SingleThreadedBuilder.build(SingleThreadedBuilder.java:51)
	at org.apache.maven.lifecycle.internal.LifecycleStarter.execute(LifecycleStarter.java:128)
	at org.apache.maven.DefaultMaven.doExecute(DefaultMaven.java:307)
	at org.apache.maven.DefaultMaven.doExecute(DefaultMaven.java:193)
	at org.apache.maven.DefaultMaven.execute(DefaultMaven.java:106)
	at org.apache.maven.cli.MavenCli.execute(MavenCli.java:863)
	at org.apache.maven.cli.MavenCli.doMain(MavenCli.java:288)
	at org.apache.maven.cli.MavenCli.main(MavenCli.java:199)
	at sun.reflect.NativeMethodAccessorImpl.invoke0(Native Method)
	at sun.reflect.NativeMethodAccessorImpl.invoke(NativeMethodAccessorImpl.java:62)
	at sun.reflect.DelegatingMethodAccessorImpl.invoke(DelegatingMethodAccessorImpl.java:43)
	at java.lang.reflect.Method.invoke(Method.java:498)
	at org.codehaus.plexus.classworlds.launcher.Launcher.launchEnhanced(Launcher.java:289)
	at org.codehaus.plexus.classworlds.launcher.Launcher.launch(Launcher.java:229)
	at org.codehaus.plexus.classworlds.launcher.Launcher.mainWithExitCode(Launcher.java:415)
	at org.codehaus.plexus.classworlds.launcher.Launcher.main(Launcher.java:356)

Something bad happened during input amplification.
java.lang.OutOfMemoryError: GC overhead limit exceeded
	at java.io.BufferedReader.<init>(BufferedReader.java:105)
	at java.io.BufferedReader.<init>(BufferedReader.java:116)
	at spoon.support.compiler.jdt.JDTCommentBuilder.cleanComment(JDTCommentBuilder.java:547)
	at spoon.support.compiler.jdt.JDTCommentBuilder.cleanComment(JDTCommentBuilder.java:538)
	at spoon.support.reflect.code.CtCommentImpl.setContent(CtCommentImpl.java:68)
	at spoon.support.visitor.clone.CloneBuilder.visitCtComment(CloneBuilder.java:258)
	at spoon.support.reflect.code.CtCommentImpl.accept(CtCommentImpl.java:86)
	at spoon.reflect.visitor.CtInheritanceScanner.scan(CtInheritanceScanner.java:184)
	at spoon.support.visitor.clone.CloneBuilder.copy(CloneBuilder.java:28)
	at spoon.support.visitor.clone.CloneVisitor.visitCtComment(CloneVisitor.java:928)
	at spoon.support.reflect.code.CtCommentImpl.accept(CtCommentImpl.java:86)
	at spoon.reflect.visitor.CtScanner.scan(CtScanner.java:184)
	at spoon.support.visitor.equals.CloneHelper.clone(CloneHelper.java:49)
	at spoon.support.visitor.equals.CloneHelper.addClone(CloneHelper.java:109)
	at spoon.support.visitor.equals.CloneHelper.clone(CloneHelper.java:73)
	at spoon.support.visitor.clone.CloneVisitor.visitCtInvocation(CloneVisitor.java:432)
	at spoon.support.reflect.code.CtInvocationImpl.accept(CtInvocationImpl.java:55)
	at spoon.reflect.visitor.CtScanner.scan(CtScanner.java:184)
	at spoon.support.visitor.equals.CloneHelper.clone(CloneHelper.java:49)
	at spoon.support.visitor.equals.CloneHelper.addClone(CloneHelper.java:109)
	at spoon.support.visitor.equals.CloneHelper.clone(CloneHelper.java:73)
	at spoon.support.visitor.clone.CloneVisitor.visitCtBlock(CloneVisitor.java:163)
	at spoon.support.reflect.code.CtBlockImpl.accept(CtBlockImpl.java:67)
	at spoon.reflect.visitor.CtScanner.scan(CtScanner.java:184)
	at spoon.support.visitor.equals.CloneHelper.clone(CloneHelper.java:49)
	at spoon.support.visitor.clone.CloneVisitor.visitCtMethod(CloneVisitor.java:501)
	at spoon.support.reflect.declaration.CtMethodImpl.accept(CtMethodImpl.java:67)
	at spoon.reflect.visitor.CtScanner.scan(CtScanner.java:184)
	at spoon.support.visitor.equals.CloneHelper.clone(CloneHelper.java:49)
	at spoon.support.reflect.declaration.CtElementImpl.clone(CtElementImpl.java:570)
	at spoon.support.reflect.declaration.CtNamedElementImpl.clone(CtNamedElementImpl.java:61)
	at spoon.support.reflect.declaration.CtExecutableImpl.clone(CtExecutableImpl.java:196)

Something bad happened during assertion amplification
java.lang.RuntimeException: Forked process did not finished correctly
	at eu.stamp_project.testrunner.EntryPoint.runGivenCommandLine(EntryPoint.java:417)
	at eu.stamp_project.testrunner.EntryPoint.runTests(EntryPoint.java:198)
	at eu.stamp_project.testrunner.EntryPoint.runTests(EntryPoint.java:193)
	at eu.stamp_project.testrunner.EntryPoint.runTests(EntryPoint.java:154)
	at eu.stamp_project.utils.execution.TestRunner.run(TestRunner.java:98)
	at eu.stamp_project.utils.execution.TestRunner.runGivenTestMethods(TestRunner.java:66)
	at eu.stamp_project.utils.compilation.TestCompiler.compileAndRun(TestCompiler.java:99)
	at eu.stamp_project.dspot.assertgenerator.MethodsAssertGenerator.addAssertions(MethodsAssertGenerator.java:118)
	at eu.stamp_project.dspot.assertgenerator.AssertGenerator.innerAssertionAmplification(AssertGenerator.java:136)
	at eu.stamp_project.dspot.assertgenerator.AssertGenerator.assertionAmplification(AssertGenerator.java:76)
	at eu.stamp_project.dspot.Amplification.assertionsAmplification(Amplification.java:214)
	at eu.stamp_project.dspot.Amplification.amplification(Amplification.java:186)
	at eu.stamp_project.dspot.Amplification.amplification(Amplification.java:131)
	at eu.stamp_project.dspot.DSpot._amplify(DSpot.java:273)
	at eu.stamp_project.dspot.DSpot.lambda$amplifyTestClassesTestMethods$5(DSpot.java:254)
	at java.util.stream.ReferencePipeline$3$1.accept(ReferencePipeline.java:193)
	at java.util.ArrayList$ArrayListSpliterator.forEachRemaining(ArrayList.java:1382)
	at java.util.stream.AbstractPipeline.copyInto(AbstractPipeline.java:482)
	at java.util.stream.AbstractPipeline.wrapAndCopyInto(AbstractPipeline.java:472)
	at java.util.stream.ReduceOps$ReduceOp.evaluateSequential(ReduceOps.java:708)
	at java.util.stream.AbstractPipeline.evaluate(AbstractPipeline.java:234)
	at java.util.stream.ReferencePipeline.collect(ReferencePipeline.java:499)
	at eu.stamp_project.dspot.DSpot.amplifyTestClassesTestMethods(DSpot.java:255)
	at eu.stamp_project.Main.run(Main.java:65)
	at eu.stamp_project.DSpotMojo.execute(DSpotMojo.java:305)
	at org.apache.maven.plugin.DefaultBuildPluginManager.executeMojo(DefaultBuildPluginManager.java:134)
	at org.apache.maven.lifecycle.internal.MojoExecutor.execute(MojoExecutor.java:207)
	at org.apache.maven.lifecycle.internal.MojoExecutor.execute(MojoExecutor.java:153)
	at org.apache.maven.lifecycle.internal.MojoExecutor.execute(MojoExecutor.java:145)
	at org.apache.maven.lifecycle.internal.LifecycleModuleBuilder.buildProject(LifecycleModuleBuilder.java:116)
	at org.apache.maven.lifecycle.internal.LifecycleModuleBuilder.buildProject(LifecycleModuleBuilder.java:80)
	at org.apache.maven.lifecycle.internal.builder.singlethreaded.SingleThreadedBuilder.build(SingleThreadedBuilder.java:51)
	at org.apache.maven.lifecycle.internal.LifecycleStarter.execute(LifecycleStarter.java:128)
	at org.apache.maven.DefaultMaven.doExecute(DefaultMaven.java:307)
	at org.apache.maven.DefaultMaven.doExecute(DefaultMaven.java:193)
	at org.apache.maven.DefaultMaven.execute(DefaultMaven.java:106)
	at org.apache.maven.cli.MavenCli.execute(MavenCli.java:863)
	at org.apache.maven.cli.MavenCli.doMain(MavenCli.java:288)
	at org.apache.maven.cli.MavenCli.main(MavenCli.java:199)
	at sun.reflect.NativeMethodAccessorImpl.invoke0(Native Method)
	at sun.reflect.NativeMethodAccessorImpl.invoke(NativeMethodAccessorImpl.java:62)
	at sun.reflect.DelegatingMethodAccessorImpl.invoke(DelegatingMethodAccessorImpl.java:43)
	at java.lang.reflect.Method.invoke(Method.java:498)
	at org.codehaus.plexus.classworlds.launcher.Launcher.launchEnhanced(Launcher.java:289)
	at org.codehaus.plexus.classworlds.launcher.Launcher.launch(Launcher.java:229)
	at org.codehaus.plexus.classworlds.launcher.Launcher.mainWithExitCode(Launcher.java:415)
	at org.codehaus.plexus.classworlds.launcher.Launcher.main(Launcher.java:356)
