Apache Maven 3.5.4 (1edded0938998edf8bf061f1ceb3cfdeccf443fe; 2018-06-17T20:33:14+02:00)
Maven home: /home/spirals/danglot/apache-maven-3.5.4
Java version: 1.8.0_121, vendor: Oracle Corporation, runtime: /home/spirals/danglot/jdk1.8.0_121/jre
Default locale: en_US, platform encoding: ANSI_X3.4-1968
OS name: "linux", version: "3.16.0-4-amd64", arch: "amd64", family: "unix"
[DEBUG] Created new class realm maven.api
[DEBUG] Importing foreign packages into class realm maven.api
[DEBUG]   Imported: javax.annotation.* < plexus.core
[DEBUG]   Imported: javax.annotation.security.* < plexus.core
[DEBUG]   Imported: javax.enterprise.inject.* < plexus.core
[DEBUG]   Imported: javax.enterprise.util.* < plexus.core
[DEBUG]   Imported: javax.inject.* < plexus.core
[DEBUG]   Imported: org.apache.maven.* < plexus.core
[DEBUG]   Imported: org.apache.maven.artifact < plexus.core
[DEBUG]   Imported: org.apache.maven.classrealm < plexus.core
[DEBUG]   Imported: org.apache.maven.cli < plexus.core
[DEBUG]   Imported: org.apache.maven.configuration < plexus.core
[DEBUG]   Imported: org.apache.maven.exception < plexus.core
[DEBUG]   Imported: org.apache.maven.execution < plexus.core
[DEBUG]   Imported: org.apache.maven.execution.scope < plexus.core
[DEBUG]   Imported: org.apache.maven.lifecycle < plexus.core
[DEBUG]   Imported: org.apache.maven.model < plexus.core
[DEBUG]   Imported: org.apache.maven.monitor < plexus.core
[DEBUG]   Imported: org.apache.maven.plugin < plexus.core
[DEBUG]   Imported: org.apache.maven.profiles < plexus.core
[DEBUG]   Imported: org.apache.maven.project < plexus.core
[DEBUG]   Imported: org.apache.maven.reporting < plexus.core
[DEBUG]   Imported: org.apache.maven.repository < plexus.core
[DEBUG]   Imported: org.apache.maven.rtinfo < plexus.core
[DEBUG]   Imported: org.apache.maven.settings < plexus.core
[DEBUG]   Imported: org.apache.maven.toolchain < plexus.core
[DEBUG]   Imported: org.apache.maven.usability < plexus.core
[DEBUG]   Imported: org.apache.maven.wagon.* < plexus.core
[DEBUG]   Imported: org.apache.maven.wagon.authentication < plexus.core
[DEBUG]   Imported: org.apache.maven.wagon.authorization < plexus.core
[DEBUG]   Imported: org.apache.maven.wagon.events < plexus.core
[DEBUG]   Imported: org.apache.maven.wagon.observers < plexus.core
[DEBUG]   Imported: org.apache.maven.wagon.proxy < plexus.core
[DEBUG]   Imported: org.apache.maven.wagon.repository < plexus.core
[DEBUG]   Imported: org.apache.maven.wagon.resource < plexus.core
[DEBUG]   Imported: org.codehaus.classworlds < plexus.core
[DEBUG]   Imported: org.codehaus.plexus.* < plexus.core
[DEBUG]   Imported: org.codehaus.plexus.classworlds < plexus.core
[DEBUG]   Imported: org.codehaus.plexus.component < plexus.core
[DEBUG]   Imported: org.codehaus.plexus.configuration < plexus.core
[DEBUG]   Imported: org.codehaus.plexus.container < plexus.core
[DEBUG]   Imported: org.codehaus.plexus.context < plexus.core
[DEBUG]   Imported: org.codehaus.plexus.lifecycle < plexus.core
[DEBUG]   Imported: org.codehaus.plexus.logging < plexus.core
[DEBUG]   Imported: org.codehaus.plexus.personality < plexus.core
[DEBUG]   Imported: org.codehaus.plexus.util.xml.Xpp3Dom < plexus.core
[DEBUG]   Imported: org.codehaus.plexus.util.xml.pull.XmlPullParser < plexus.core
[DEBUG]   Imported: org.codehaus.plexus.util.xml.pull.XmlPullParserException < plexus.core
[DEBUG]   Imported: org.codehaus.plexus.util.xml.pull.XmlSerializer < plexus.core
[DEBUG]   Imported: org.eclipse.aether.* < plexus.core
[DEBUG]   Imported: org.eclipse.aether.artifact < plexus.core
[DEBUG]   Imported: org.eclipse.aether.collection < plexus.core
[DEBUG]   Imported: org.eclipse.aether.deployment < plexus.core
[DEBUG]   Imported: org.eclipse.aether.graph < plexus.core
[DEBUG]   Imported: org.eclipse.aether.impl < plexus.core
[DEBUG]   Imported: org.eclipse.aether.installation < plexus.core
[DEBUG]   Imported: org.eclipse.aether.internal.impl < plexus.core
[DEBUG]   Imported: org.eclipse.aether.metadata < plexus.core
[DEBUG]   Imported: org.eclipse.aether.repository < plexus.core
[DEBUG]   Imported: org.eclipse.aether.resolution < plexus.core
[DEBUG]   Imported: org.eclipse.aether.spi < plexus.core
[DEBUG]   Imported: org.eclipse.aether.transfer < plexus.core
[DEBUG]   Imported: org.eclipse.aether.version < plexus.core
[DEBUG]   Imported: org.fusesource.jansi.* < plexus.core
[DEBUG]   Imported: org.slf4j.* < plexus.core
[DEBUG]   Imported: org.slf4j.helpers.* < plexus.core
[DEBUG]   Imported: org.slf4j.spi.* < plexus.core
[DEBUG] Populating class realm maven.api
[INFO] Error stacktraces are turned on.
[DEBUG] Message scheme: color
[DEBUG] Message styles: debug info warning error success failure strong mojo project
[DEBUG] Reading global settings from /home/spirals/danglot/apache-maven-3.5.4/conf/settings.xml
[DEBUG] Reading user settings from /home/spirals/danglot/.m2/settings.xml
[DEBUG] Reading global toolchains from /home/spirals/danglot/apache-maven-3.5.4/conf/toolchains.xml
[DEBUG] Reading user toolchains from /home/spirals/danglot/.m2/toolchains.xml
[DEBUG] Using local repository at /home/spirals/danglot/.m2/repository
[DEBUG] Using manager EnhancedLocalRepositoryManager with priority 10.0 for /home/spirals/danglot/.m2/repository
[INFO] Scanning for projects...
[DEBUG] Extension realms for project com.google.code.gson:gson:jar:2.8.1-SNAPSHOT: (none)
[DEBUG] Looking up lifecycle mappings for packaging jar from ClassRealm[plexus.core, parent: null]
[DEBUG] Extension realms for project com.google.code.gson:gson-parent:pom:2.8.1-SNAPSHOT: (none)
[DEBUG] Looking up lifecycle mappings for packaging pom from ClassRealm[plexus.core, parent: null]
[DEBUG] Extension realms for project org.sonatype.oss:oss-parent:pom:7: (none)
[DEBUG] Looking up lifecycle mappings for packaging pom from ClassRealm[plexus.core, parent: null]
[WARNING] 
[WARNING] Some problems were encountered while building the effective model for com.google.code.gson:gson:jar:2.8.1-SNAPSHOT
[WARNING] 'build.plugins.plugin.version' for org.apache.maven.plugins:maven-jar-plugin is missing. @ com.google.code.gson:gson:[unknown-version], /tmp/icst-2019/september-2018/dataset/gson_parent/gson/pom.xml, line 46, column 15
[WARNING] 
[WARNING] It is highly recommended to fix these problems because they threaten the stability of your build.
[WARNING] 
[WARNING] For this reason, future Maven versions might no longer support building such malformed projects.
[WARNING] 
[DEBUG] === REACTOR BUILD PLAN ================================================
[DEBUG] Project: com.google.code.gson:gson:jar:2.8.1-SNAPSHOT
[DEBUG] Tasks:   [eu.stamp-project:dspot-maven:1.1.1-SNAPSHOT:amplify-unit-tests]
[DEBUG] Style:   Regular
[DEBUG] =======================================================================
[INFO] 
[INFO] ---------------------< com.google.code.gson:gson >----------------------
[INFO] Building Gson 2.8.1-SNAPSHOT
[INFO] --------------------------------[ jar ]---------------------------------
[DEBUG] Lifecycle default -> [validate, initialize, generate-sources, process-sources, generate-resources, process-resources, compile, process-classes, generate-test-sources, process-test-sources, generate-test-resources, process-test-resources, test-compile, process-test-classes, test, prepare-package, package, pre-integration-test, integration-test, post-integration-test, verify, install, deploy]
[DEBUG] Lifecycle clean -> [pre-clean, clean, post-clean]
[DEBUG] Lifecycle site -> [pre-site, site, post-site, site-deploy]
[DEBUG] === PROJECT BUILD PLAN ================================================
[DEBUG] Project:       com.google.code.gson:gson:2.8.1-SNAPSHOT
[DEBUG] Dependencies (collect): []
[DEBUG] Dependencies (resolve): [test]
[DEBUG] Repositories (dependencies): [sonatype-nexus-snapshots (https://oss.sonatype.org/content/repositories/snapshots, default, snapshots), central (https://repo.maven.apache.org/maven2, default, releases)]
[DEBUG] Repositories (plugins)     : [central (https://repo.maven.apache.org/maven2, default, releases)]
[DEBUG] -----------------------------------------------------------------------
[DEBUG] Goal:          eu.stamp-project:dspot-maven:1.1.1-SNAPSHOT:amplify-unit-tests (default-cli)
[DEBUG] Style:         Regular
[DEBUG] Configuration: <?xml version="1.0" encoding="UTF-8"?>
<configuration>
  <amplifiers default-value="None">${amplifiers}</amplifiers>
  <automaticBuilder default-value="MavenBuilder">${automatic-builder}</automaticBuilder>
  <budgetizer default-value="NoBudgetizer">${budgetizer}</budgetizer>
  <cases>${cases}</cases>
  <clean default-value="false">${clean}</clean>
  <descartes default-value="false">${descartes}</descartes>
  <example default-value="false">${example}</example>
  <generateNewTestClass default-value="false">${generate-new-test-class}</generateNewTestClass>
  <help default-value="false">${help}</help>
  <iteration default-value="3">${iteration}</iteration>
  <mavenHome>${maven-home}</mavenHome>
  <maxTestAmplified default-value="200">${max-test-amplified}</maxTestAmplified>
  <noMinimize default-value="false">${no-minimize}</noMinimize>
  <outputPath default-value="target/dspot/output">${output-path}</outputPath>
  <pathPitResult>${path-pit-result}</pathPitResult>
  <pathToProperties default-value="">${path-to-properties}</pathToProperties>
  <pathToSecondVersion default-value="">${path-to-second-version}</pathToSecondVersion>
  <pathToTestListCsv default-value="">${path-to-test-list-csv}</pathToTestListCsv>
  <project default-value="${project}"/>
  <randomSeed default-value="23">${randomSeed}</randomSeed>
  <test default-value="all">${test}</test>
  <testCriterion default-value="PitMutantScoreSelector">${test-criterion}</testCriterion>
  <timeOut default-value="10000">${timeOut}</timeOut>
  <useMavenToExeTest default-value="false">${use-maven-to-exe-test}</useMavenToExeTest>
  <verbose default-value="false">${verbose}</verbose>
  <withComment default-value="false">${with-comment}</withComment>
  <workingDirectory default-value="false">${working-directory}</workingDirectory>
</configuration>
[DEBUG] =======================================================================
[DEBUG] Dependency collection stats: {ConflictMarker.analyzeTime=1634537, ConflictMarker.markTime=964592, ConflictMarker.nodeCount=3, ConflictIdSorter.graphTime=1290739, ConflictIdSorter.topsortTime=854885, ConflictIdSorter.conflictIdCount=2, ConflictIdSorter.conflictIdCycleCount=0, ConflictResolver.totalTime=7261195, ConflictResolver.conflictItemCount=2, DefaultDependencyCollector.collectTime=43238729, DefaultDependencyCollector.transformTime=16507026}
[DEBUG] com.google.code.gson:gson:jar:2.8.1-SNAPSHOT
[DEBUG]    junit:junit:jar:4.12:test
[DEBUG]       org.hamcrest:hamcrest-core:jar:1.3:test
[INFO] 
[INFO] --- dspot-maven:1.1.1-SNAPSHOT:amplify-unit-tests (default-cli) @ gson ---
[DEBUG] Failure to find eu.stamp-project:dspot:1.1.1-SNAPSHOT/maven-metadata.xml in https://repo.gradle.org/gradle/libs-releases-local/ was cached in the local repository, resolution will not be reattempted until the update interval of gradle-repo has elapsed or updates are forced
[DEBUG] Skipped remote request for eu.stamp-project:dspot:1.1.1-SNAPSHOT/maven-metadata.xml, locally cached metadata up-to-date.
[DEBUG] Using transporter WagonTransporter with priority -1.0 for https://stamp-project.github.io/stamp-maven-repository/
[DEBUG] Using connector BasicRepositoryConnector with priority 0.0 for https://stamp-project.github.io/stamp-maven-repository/
Downloading from stamp-maven-repository-mvn-repo: https://stamp-project.github.io/stamp-maven-repository/eu/stamp-project/dspot/1.1.1-SNAPSHOT/maven-metadata.xml
[DEBUG] Writing tracking file /home/spirals/danglot/.m2/repository/eu/stamp-project/dspot/1.1.1-SNAPSHOT/resolver-status.properties
[DEBUG] Could not find metadata eu.stamp-project:dspot:1.1.1-SNAPSHOT/maven-metadata.xml in stamp-maven-repository-mvn-repo (https://stamp-project.github.io/stamp-maven-repository/)
[DEBUG] Skipped remote request for eu.stamp-project:dspot:1.1.1-SNAPSHOT/maven-metadata.xml, already updated during this session.
[DEBUG] Failure to find eu.stamp-project:dspot:1.1.1-SNAPSHOT/maven-metadata.xml in https://stamp-project.github.io/stamp-maven-repository/ was cached in the local repository, resolution will not be reattempted until the update interval of stamp-maven-repository-mvn-repo has elapsed or updates are forced
[DEBUG] Failure to find eu.stamp-project:dspot:1.1.1-SNAPSHOT/maven-metadata.xml in https://repo.gradle.org/gradle/libs-releases-local/ was cached in the local repository, resolution will not be reattempted until the update interval of gradle-repo has elapsed or updates are forced
[DEBUG] Skipped remote request for eu.stamp-project:dspot:1.1.1-SNAPSHOT/maven-metadata.xml, locally cached metadata up-to-date.
[DEBUG] Could not find metadata fr.inria.gforge.spoon:spoon-core:7.1.0-SNAPSHOT/maven-metadata.xml in local (/home/spirals/danglot/.m2/repository)
[DEBUG] Failure to find fr.inria.gforge.spoon:spoon-core:7.1.0-SNAPSHOT/maven-metadata.xml in https://repo.gradle.org/gradle/libs-releases-local/ was cached in the local repository, resolution will not be reattempted until the update interval of gradle-repo has elapsed or updates are forced
[DEBUG] Failure to find fr.inria.gforge.spoon:spoon-core:7.1.0-SNAPSHOT/maven-metadata.xml in https://oss.sonatype.org/content/repositories/snapshots was cached in the local repository, resolution will not be reattempted until the update interval of sonatype-nexus-snapshots has elapsed or updates are forced
[DEBUG] Skipped remote request for fr.inria.gforge.spoon:spoon-core:7.1.0-SNAPSHOT/maven-metadata.xml, locally cached metadata up-to-date.
[DEBUG] Using transporter WagonTransporter with priority -1.0 for https://stamp-project.github.io/stamp-maven-repository/
[DEBUG] Using connector BasicRepositoryConnector with priority 0.0 for https://stamp-project.github.io/stamp-maven-repository/
Downloading from stamp-maven-repository-mvn-repo: https://stamp-project.github.io/stamp-maven-repository/fr/inria/gforge/spoon/spoon-core/7.1.0-SNAPSHOT/maven-metadata.xml
[DEBUG] Writing tracking file /home/spirals/danglot/.m2/repository/fr/inria/gforge/spoon/spoon-core/7.1.0-SNAPSHOT/resolver-status.properties
[DEBUG] Could not find metadata fr.inria.gforge.spoon:spoon-core:7.1.0-SNAPSHOT/maven-metadata.xml in stamp-maven-repository-mvn-repo (https://stamp-project.github.io/stamp-maven-repository/)
[DEBUG] Could not find metadata fr.inria.gforge.spoon:spoon-core:7.1.0-SNAPSHOT/maven-metadata.xml in local (/home/spirals/danglot/.m2/repository)
[DEBUG] Skipped remote request for fr.inria.gforge.spoon:spoon-core:7.1.0-SNAPSHOT/maven-metadata.xml, already updated during this session.
[DEBUG] Failure to find fr.inria.gforge.spoon:spoon-core:7.1.0-SNAPSHOT/maven-metadata.xml in https://stamp-project.github.io/stamp-maven-repository/ was cached in the local repository, resolution will not be reattempted until the update interval of stamp-maven-repository-mvn-repo has elapsed or updates are forced
[DEBUG] Failure to find fr.inria.gforge.spoon:spoon-core:7.1.0-SNAPSHOT/maven-metadata.xml in https://repo.gradle.org/gradle/libs-releases-local/ was cached in the local repository, resolution will not be reattempted until the update interval of gradle-repo has elapsed or updates are forced
[DEBUG] Failure to find fr.inria.gforge.spoon:spoon-core:7.1.0-SNAPSHOT/maven-metadata.xml in https://oss.sonatype.org/content/repositories/snapshots was cached in the local repository, resolution will not be reattempted until the update interval of sonatype-nexus-snapshots has elapsed or updates are forced
[DEBUG] Skipped remote request for fr.inria.gforge.spoon:spoon-core:7.1.0-SNAPSHOT/maven-metadata.xml, locally cached metadata up-to-date.
[DEBUG] Could not find metadata org.eclipse.platform:org.eclipse.core.resources/maven-metadata.xml in local (/home/spirals/danglot/.m2/repository)
[DEBUG] Skipped remote request for org.eclipse.platform:org.eclipse.core.resources/maven-metadata.xml, locally cached metadata up-to-date.
[DEBUG] Failure to find org.eclipse.platform:org.eclipse.core.resources/maven-metadata.xml in https://repo.gradle.org/gradle/libs-releases-local/ was cached in the local repository, resolution will not be reattempted until the update interval of gradle-repo has elapsed or updates are forced
[DEBUG] Failure to find org.eclipse.platform:org.eclipse.core.resources/maven-metadata.xml in https://oss.sonatype.org/content/repositories/snapshots was cached in the local repository, resolution will not be reattempted until the update interval of sonatype-nexus-snapshots has elapsed or updates are forced
[DEBUG] Failure to find org.eclipse.platform:org.eclipse.core.resources/maven-metadata.xml in http://maven.inria.fr/artifactory/spoon-public-snapshot was cached in the local repository, resolution will not be reattempted until the update interval of maven.inria.fr-snapshot has elapsed or updates are forced
[DEBUG] Failure to find org.eclipse.platform:org.eclipse.core.resources/maven-metadata.xml in http://maven.inria.fr/artifactory/triskell-public-release was cached in the local repository, resolution will not be reattempted until the update interval of inria has elapsed or updates are forced
[DEBUG] Using transporter WagonTransporter with priority -1.0 for https://stamp-project.github.io/stamp-maven-repository/
[DEBUG] Using connector BasicRepositoryConnector with priority 0.0 for https://stamp-project.github.io/stamp-maven-repository/
Downloading from stamp-maven-repository-mvn-repo: https://stamp-project.github.io/stamp-maven-repository/org/eclipse/platform/org.eclipse.core.resources/maven-metadata.xml
[DEBUG] Writing tracking file /home/spirals/danglot/.m2/repository/org/eclipse/platform/org.eclipse.core.resources/resolver-status.properties
[DEBUG] Could not find metadata org.eclipse.platform:org.eclipse.core.resources/maven-metadata.xml in stamp-maven-repository-mvn-repo (https://stamp-project.github.io/stamp-maven-repository/)
[DEBUG] Could not find metadata org.eclipse.platform:org.eclipse.core.expressions/maven-metadata.xml in local (/home/spirals/danglot/.m2/repository)
[DEBUG] Skipped remote request for org.eclipse.platform:org.eclipse.core.expressions/maven-metadata.xml, locally cached metadata up-to-date.
[DEBUG] Failure to find org.eclipse.platform:org.eclipse.core.expressions/maven-metadata.xml in https://repo.gradle.org/gradle/libs-releases-local/ was cached in the local repository, resolution will not be reattempted until the update interval of gradle-repo has elapsed or updates are forced
[DEBUG] Failure to find org.eclipse.platform:org.eclipse.core.expressions/maven-metadata.xml in https://oss.sonatype.org/content/repositories/snapshots was cached in the local repository, resolution will not be reattempted until the update interval of sonatype-nexus-snapshots has elapsed or updates are forced
[DEBUG] Failure to find org.eclipse.platform:org.eclipse.core.expressions/maven-metadata.xml in http://maven.inria.fr/artifactory/spoon-public-snapshot was cached in the local repository, resolution will not be reattempted until the update interval of maven.inria.fr-snapshot has elapsed or updates are forced
[DEBUG] Failure to find org.eclipse.platform:org.eclipse.core.expressions/maven-metadata.xml in http://maven.inria.fr/artifactory/triskell-public-release was cached in the local repository, resolution will not be reattempted until the update interval of inria has elapsed or updates are forced
[DEBUG] Using transporter WagonTransporter with priority -1.0 for https://stamp-project.github.io/stamp-maven-repository/
[DEBUG] Using connector BasicRepositoryConnector with priority 0.0 for https://stamp-project.github.io/stamp-maven-repository/
Downloading from stamp-maven-repository-mvn-repo: https://stamp-project.github.io/stamp-maven-repository/org/eclipse/platform/org.eclipse.core.expressions/maven-metadata.xml
[DEBUG] Writing tracking file /home/spirals/danglot/.m2/repository/org/eclipse/platform/org.eclipse.core.expressions/resolver-status.properties
[DEBUG] Could not find metadata org.eclipse.platform:org.eclipse.core.expressions/maven-metadata.xml in stamp-maven-repository-mvn-repo (https://stamp-project.github.io/stamp-maven-repository/)
[DEBUG] Could not find metadata org.eclipse.platform:org.eclipse.core.runtime/maven-metadata.xml in local (/home/spirals/danglot/.m2/repository)
[DEBUG] Skipped remote request for org.eclipse.platform:org.eclipse.core.runtime/maven-metadata.xml, locally cached metadata up-to-date.
[DEBUG] Failure to find org.eclipse.platform:org.eclipse.core.runtime/maven-metadata.xml in https://repo.gradle.org/gradle/libs-releases-local/ was cached in the local repository, resolution will not be reattempted until the update interval of gradle-repo has elapsed or updates are forced
[DEBUG] Failure to find org.eclipse.platform:org.eclipse.core.runtime/maven-metadata.xml in https://oss.sonatype.org/content/repositories/snapshots was cached in the local repository, resolution will not be reattempted until the update interval of sonatype-nexus-snapshots has elapsed or updates are forced
[DEBUG] Failure to find org.eclipse.platform:org.eclipse.core.runtime/maven-metadata.xml in http://maven.inria.fr/artifactory/spoon-public-snapshot was cached in the local repository, resolution will not be reattempted until the update interval of maven.inria.fr-snapshot has elapsed or updates are forced
[DEBUG] Failure to find org.eclipse.platform:org.eclipse.core.runtime/maven-metadata.xml in http://maven.inria.fr/artifactory/triskell-public-release was cached in the local repository, resolution will not be reattempted until the update interval of inria has elapsed or updates are forced
[DEBUG] Using transporter WagonTransporter with priority -1.0 for https://stamp-project.github.io/stamp-maven-repository/
[DEBUG] Using connector BasicRepositoryConnector with priority 0.0 for https://stamp-project.github.io/stamp-maven-repository/
Downloading from stamp-maven-repository-mvn-repo: https://stamp-project.github.io/stamp-maven-repository/org/eclipse/platform/org.eclipse.core.runtime/maven-metadata.xml
[DEBUG] Writing tracking file /home/spirals/danglot/.m2/repository/org/eclipse/platform/org.eclipse.core.runtime/resolver-status.properties
[DEBUG] Could not find metadata org.eclipse.platform:org.eclipse.core.runtime/maven-metadata.xml in stamp-maven-repository-mvn-repo (https://stamp-project.github.io/stamp-maven-repository/)
[DEBUG] Could not find metadata org.eclipse.platform:org.eclipse.osgi/maven-metadata.xml in local (/home/spirals/danglot/.m2/repository)
[DEBUG] Skipped remote request for org.eclipse.platform:org.eclipse.osgi/maven-metadata.xml, locally cached metadata up-to-date.
[DEBUG] Failure to find org.eclipse.platform:org.eclipse.osgi/maven-metadata.xml in https://repo.gradle.org/gradle/libs-releases-local/ was cached in the local repository, resolution will not be reattempted until the update interval of gradle-repo has elapsed or updates are forced
[DEBUG] Failure to find org.eclipse.platform:org.eclipse.osgi/maven-metadata.xml in https://oss.sonatype.org/content/repositories/snapshots was cached in the local repository, resolution will not be reattempted until the update interval of sonatype-nexus-snapshots has elapsed or updates are forced
[DEBUG] Failure to find org.eclipse.platform:org.eclipse.osgi/maven-metadata.xml in http://maven.inria.fr/artifactory/spoon-public-snapshot was cached in the local repository, resolution will not be reattempted until the update interval of maven.inria.fr-snapshot has elapsed or updates are forced
[DEBUG] Failure to find org.eclipse.platform:org.eclipse.osgi/maven-metadata.xml in http://maven.inria.fr/artifactory/triskell-public-release was cached in the local repository, resolution will not be reattempted until the update interval of inria has elapsed or updates are forced
[DEBUG] Using transporter WagonTransporter with priority -1.0 for https://stamp-project.github.io/stamp-maven-repository/
[DEBUG] Using connector BasicRepositoryConnector with priority 0.0 for https://stamp-project.github.io/stamp-maven-repository/
Downloading from stamp-maven-repository-mvn-repo: https://stamp-project.github.io/stamp-maven-repository/org/eclipse/platform/org.eclipse.osgi/maven-metadata.xml
[DEBUG] Writing tracking file /home/spirals/danglot/.m2/repository/org/eclipse/platform/org.eclipse.osgi/resolver-status.properties
[DEBUG] Could not find metadata org.eclipse.platform:org.eclipse.osgi/maven-metadata.xml in stamp-maven-repository-mvn-repo (https://stamp-project.github.io/stamp-maven-repository/)
[DEBUG] Could not find metadata org.eclipse.platform:org.eclipse.equinox.common/maven-metadata.xml in local (/home/spirals/danglot/.m2/repository)
[DEBUG] Skipped remote request for org.eclipse.platform:org.eclipse.equinox.common/maven-metadata.xml, locally cached metadata up-to-date.
[DEBUG] Failure to find org.eclipse.platform:org.eclipse.equinox.common/maven-metadata.xml in https://repo.gradle.org/gradle/libs-releases-local/ was cached in the local repository, resolution will not be reattempted until the update interval of gradle-repo has elapsed or updates are forced
[DEBUG] Failure to find org.eclipse.platform:org.eclipse.equinox.common/maven-metadata.xml in https://oss.sonatype.org/content/repositories/snapshots was cached in the local repository, resolution will not be reattempted until the update interval of sonatype-nexus-snapshots has elapsed or updates are forced
[DEBUG] Failure to find org.eclipse.platform:org.eclipse.equinox.common/maven-metadata.xml in http://maven.inria.fr/artifactory/spoon-public-snapshot was cached in the local repository, resolution will not be reattempted until the update interval of maven.inria.fr-snapshot has elapsed or updates are forced
[DEBUG] Failure to find org.eclipse.platform:org.eclipse.equinox.common/maven-metadata.xml in http://maven.inria.fr/artifactory/triskell-public-release was cached in the local repository, resolution will not be reattempted until the update interval of inria has elapsed or updates are forced
[DEBUG] Using transporter WagonTransporter with priority -1.0 for https://stamp-project.github.io/stamp-maven-repository/
[DEBUG] Using connector BasicRepositoryConnector with priority 0.0 for https://stamp-project.github.io/stamp-maven-repository/
Downloading from stamp-maven-repository-mvn-repo: https://stamp-project.github.io/stamp-maven-repository/org/eclipse/platform/org.eclipse.equinox.common/maven-metadata.xml
[DEBUG] Writing tracking file /home/spirals/danglot/.m2/repository/org/eclipse/platform/org.eclipse.equinox.common/resolver-status.properties
[DEBUG] Could not find metadata org.eclipse.platform:org.eclipse.equinox.common/maven-metadata.xml in stamp-maven-repository-mvn-repo (https://stamp-project.github.io/stamp-maven-repository/)
[DEBUG] Could not find metadata org.eclipse.platform:org.eclipse.core.jobs/maven-metadata.xml in local (/home/spirals/danglot/.m2/repository)
[DEBUG] Skipped remote request for org.eclipse.platform:org.eclipse.core.jobs/maven-metadata.xml, locally cached metadata up-to-date.
[DEBUG] Failure to find org.eclipse.platform:org.eclipse.core.jobs/maven-metadata.xml in https://repo.gradle.org/gradle/libs-releases-local/ was cached in the local repository, resolution will not be reattempted until the update interval of gradle-repo has elapsed or updates are forced
[DEBUG] Failure to find org.eclipse.platform:org.eclipse.core.jobs/maven-metadata.xml in https://oss.sonatype.org/content/repositories/snapshots was cached in the local repository, resolution will not be reattempted until the update interval of sonatype-nexus-snapshots has elapsed or updates are forced
[DEBUG] Failure to find org.eclipse.platform:org.eclipse.core.jobs/maven-metadata.xml in http://maven.inria.fr/artifactory/spoon-public-snapshot was cached in the local repository, resolution will not be reattempted until the update interval of maven.inria.fr-snapshot has elapsed or updates are forced
[DEBUG] Failure to find org.eclipse.platform:org.eclipse.core.jobs/maven-metadata.xml in http://maven.inria.fr/artifactory/triskell-public-release was cached in the local repository, resolution will not be reattempted until the update interval of inria has elapsed or updates are forced
[DEBUG] Using transporter WagonTransporter with priority -1.0 for https://stamp-project.github.io/stamp-maven-repository/
[DEBUG] Using connector BasicRepositoryConnector with priority 0.0 for https://stamp-project.github.io/stamp-maven-repository/
Downloading from stamp-maven-repository-mvn-repo: https://stamp-project.github.io/stamp-maven-repository/org/eclipse/platform/org.eclipse.core.jobs/maven-metadata.xml
[DEBUG] Writing tracking file /home/spirals/danglot/.m2/repository/org/eclipse/platform/org.eclipse.core.jobs/resolver-status.properties
[DEBUG] Could not find metadata org.eclipse.platform:org.eclipse.core.jobs/maven-metadata.xml in stamp-maven-repository-mvn-repo (https://stamp-project.github.io/stamp-maven-repository/)
[DEBUG] Could not find metadata org.eclipse.platform:org.eclipse.equinox.registry/maven-metadata.xml in local (/home/spirals/danglot/.m2/repository)
[DEBUG] Skipped remote request for org.eclipse.platform:org.eclipse.equinox.registry/maven-metadata.xml, locally cached metadata up-to-date.
[DEBUG] Failure to find org.eclipse.platform:org.eclipse.equinox.registry/maven-metadata.xml in https://repo.gradle.org/gradle/libs-releases-local/ was cached in the local repository, resolution will not be reattempted until the update interval of gradle-repo has elapsed or updates are forced
[DEBUG] Failure to find org.eclipse.platform:org.eclipse.equinox.registry/maven-metadata.xml in https://oss.sonatype.org/content/repositories/snapshots was cached in the local repository, resolution will not be reattempted until the update interval of sonatype-nexus-snapshots has elapsed or updates are forced
[DEBUG] Failure to find org.eclipse.platform:org.eclipse.equinox.registry/maven-metadata.xml in http://maven.inria.fr/artifactory/spoon-public-snapshot was cached in the local repository, resolution will not be reattempted until the update interval of maven.inria.fr-snapshot has elapsed or updates are forced
[DEBUG] Failure to find org.eclipse.platform:org.eclipse.equinox.registry/maven-metadata.xml in http://maven.inria.fr/artifactory/triskell-public-release was cached in the local repository, resolution will not be reattempted until the update interval of inria has elapsed or updates are forced
[DEBUG] Using transporter WagonTransporter with priority -1.0 for https://stamp-project.github.io/stamp-maven-repository/
[DEBUG] Using connector BasicRepositoryConnector with priority 0.0 for https://stamp-project.github.io/stamp-maven-repository/
Downloading from stamp-maven-repository-mvn-repo: https://stamp-project.github.io/stamp-maven-repository/org/eclipse/platform/org.eclipse.equinox.registry/maven-metadata.xml
[DEBUG] Writing tracking file /home/spirals/danglot/.m2/repository/org/eclipse/platform/org.eclipse.equinox.registry/resolver-status.properties
[DEBUG] Could not find metadata org.eclipse.platform:org.eclipse.equinox.registry/maven-metadata.xml in stamp-maven-repository-mvn-repo (https://stamp-project.github.io/stamp-maven-repository/)
[DEBUG] Could not find metadata org.eclipse.platform:org.eclipse.equinox.common/maven-metadata.xml in local (/home/spirals/danglot/.m2/repository)
[DEBUG] Skipped remote request for org.eclipse.platform:org.eclipse.equinox.common/maven-metadata.xml, locally cached metadata up-to-date.
[DEBUG] Skipped remote request for org.eclipse.platform:org.eclipse.equinox.common/maven-metadata.xml, already updated during this session.
[DEBUG] Failure to find org.eclipse.platform:org.eclipse.equinox.common/maven-metadata.xml in https://stamp-project.github.io/stamp-maven-repository/ was cached in the local repository, resolution will not be reattempted until the update interval of stamp-maven-repository-mvn-repo has elapsed or updates are forced
[DEBUG] Failure to find org.eclipse.platform:org.eclipse.equinox.common/maven-metadata.xml in https://repo.gradle.org/gradle/libs-releases-local/ was cached in the local repository, resolution will not be reattempted until the update interval of gradle-repo has elapsed or updates are forced
[DEBUG] Failure to find org.eclipse.platform:org.eclipse.equinox.common/maven-metadata.xml in https://oss.sonatype.org/content/repositories/snapshots was cached in the local repository, resolution will not be reattempted until the update interval of sonatype-nexus-snapshots has elapsed or updates are forced
[DEBUG] Failure to find org.eclipse.platform:org.eclipse.equinox.common/maven-metadata.xml in http://maven.inria.fr/artifactory/spoon-public-snapshot was cached in the local repository, resolution will not be reattempted until the update interval of maven.inria.fr-snapshot has elapsed or updates are forced
[DEBUG] Failure to find org.eclipse.platform:org.eclipse.equinox.common/maven-metadata.xml in http://maven.inria.fr/artifactory/triskell-public-release was cached in the local repository, resolution will not be reattempted until the update interval of inria has elapsed or updates are forced
[DEBUG] Could not find metadata org.eclipse.platform:org.eclipse.equinox.preferences/maven-metadata.xml in local (/home/spirals/danglot/.m2/repository)
[DEBUG] Skipped remote request for org.eclipse.platform:org.eclipse.equinox.preferences/maven-metadata.xml, locally cached metadata up-to-date.
[DEBUG] Failure to find org.eclipse.platform:org.eclipse.equinox.preferences/maven-metadata.xml in https://repo.gradle.org/gradle/libs-releases-local/ was cached in the local repository, resolution will not be reattempted until the update interval of gradle-repo has elapsed or updates are forced
[DEBUG] Failure to find org.eclipse.platform:org.eclipse.equinox.preferences/maven-metadata.xml in https://oss.sonatype.org/content/repositories/snapshots was cached in the local repository, resolution will not be reattempted until the update interval of sonatype-nexus-snapshots has elapsed or updates are forced
[DEBUG] Failure to find org.eclipse.platform:org.eclipse.equinox.preferences/maven-metadata.xml in http://maven.inria.fr/artifactory/spoon-public-snapshot was cached in the local repository, resolution will not be reattempted until the update interval of maven.inria.fr-snapshot has elapsed or updates are forced
[DEBUG] Failure to find org.eclipse.platform:org.eclipse.equinox.preferences/maven-metadata.xml in http://maven.inria.fr/artifactory/triskell-public-release was cached in the local repository, resolution will not be reattempted until the update interval of inria has elapsed or updates are forced
[DEBUG] Using transporter WagonTransporter with priority -1.0 for https://stamp-project.github.io/stamp-maven-repository/
[DEBUG] Using connector BasicRepositoryConnector with priority 0.0 for https://stamp-project.github.io/stamp-maven-repository/
Downloading from stamp-maven-repository-mvn-repo: https://stamp-project.github.io/stamp-maven-repository/org/eclipse/platform/org.eclipse.equinox.preferences/maven-metadata.xml
[DEBUG] Writing tracking file /home/spirals/danglot/.m2/repository/org/eclipse/platform/org.eclipse.equinox.preferences/resolver-status.properties
[DEBUG] Could not find metadata org.eclipse.platform:org.eclipse.equinox.preferences/maven-metadata.xml in stamp-maven-repository-mvn-repo (https://stamp-project.github.io/stamp-maven-repository/)
[DEBUG] Could not find metadata org.eclipse.platform:org.eclipse.equinox.common/maven-metadata.xml in local (/home/spirals/danglot/.m2/repository)
[DEBUG] Skipped remote request for org.eclipse.platform:org.eclipse.equinox.common/maven-metadata.xml, locally cached metadata up-to-date.
[DEBUG] Skipped remote request for org.eclipse.platform:org.eclipse.equinox.common/maven-metadata.xml, already updated during this session.
[DEBUG] Failure to find org.eclipse.platform:org.eclipse.equinox.common/maven-metadata.xml in https://stamp-project.github.io/stamp-maven-repository/ was cached in the local repository, resolution will not be reattempted until the update interval of stamp-maven-repository-mvn-repo has elapsed or updates are forced
[DEBUG] Failure to find org.eclipse.platform:org.eclipse.equinox.common/maven-metadata.xml in https://repo.gradle.org/gradle/libs-releases-local/ was cached in the local repository, resolution will not be reattempted until the update interval of gradle-repo has elapsed or updates are forced
[DEBUG] Failure to find org.eclipse.platform:org.eclipse.equinox.common/maven-metadata.xml in https://oss.sonatype.org/content/repositories/snapshots was cached in the local repository, resolution will not be reattempted until the update interval of sonatype-nexus-snapshots has elapsed or updates are forced
[DEBUG] Failure to find org.eclipse.platform:org.eclipse.equinox.common/maven-metadata.xml in http://maven.inria.fr/artifactory/spoon-public-snapshot was cached in the local repository, resolution will not be reattempted until the update interval of maven.inria.fr-snapshot has elapsed or updates are forced
[DEBUG] Failure to find org.eclipse.platform:org.eclipse.equinox.common/maven-metadata.xml in http://maven.inria.fr/artifactory/triskell-public-release was cached in the local repository, resolution will not be reattempted until the update interval of inria has elapsed or updates are forced
[DEBUG] Could not find metadata org.eclipse.platform:org.eclipse.core.contenttype/maven-metadata.xml in local (/home/spirals/danglot/.m2/repository)
[DEBUG] Skipped remote request for org.eclipse.platform:org.eclipse.core.contenttype/maven-metadata.xml, locally cached metadata up-to-date.
[DEBUG] Failure to find org.eclipse.platform:org.eclipse.core.contenttype/maven-metadata.xml in https://repo.gradle.org/gradle/libs-releases-local/ was cached in the local repository, resolution will not be reattempted until the update interval of gradle-repo has elapsed or updates are forced
[DEBUG] Failure to find org.eclipse.platform:org.eclipse.core.contenttype/maven-metadata.xml in https://oss.sonatype.org/content/repositories/snapshots was cached in the local repository, resolution will not be reattempted until the update interval of sonatype-nexus-snapshots has elapsed or updates are forced
[DEBUG] Failure to find org.eclipse.platform:org.eclipse.core.contenttype/maven-metadata.xml in http://maven.inria.fr/artifactory/spoon-public-snapshot was cached in the local repository, resolution will not be reattempted until the update interval of maven.inria.fr-snapshot has elapsed or updates are forced
[DEBUG] Failure to find org.eclipse.platform:org.eclipse.core.contenttype/maven-metadata.xml in http://maven.inria.fr/artifactory/triskell-public-release was cached in the local repository, resolution will not be reattempted until the update interval of inria has elapsed or updates are forced
[DEBUG] Using transporter WagonTransporter with priority -1.0 for https://stamp-project.github.io/stamp-maven-repository/
[DEBUG] Using connector BasicRepositoryConnector with priority 0.0 for https://stamp-project.github.io/stamp-maven-repository/
Downloading from stamp-maven-repository-mvn-repo: https://stamp-project.github.io/stamp-maven-repository/org/eclipse/platform/org.eclipse.core.contenttype/maven-metadata.xml
[DEBUG] Writing tracking file /home/spirals/danglot/.m2/repository/org/eclipse/platform/org.eclipse.core.contenttype/resolver-status.properties
[DEBUG] Could not find metadata org.eclipse.platform:org.eclipse.core.contenttype/maven-metadata.xml in stamp-maven-repository-mvn-repo (https://stamp-project.github.io/stamp-maven-repository/)
[DEBUG] Could not find metadata org.eclipse.platform:org.eclipse.equinox.preferences/maven-metadata.xml in local (/home/spirals/danglot/.m2/repository)
[DEBUG] Skipped remote request for org.eclipse.platform:org.eclipse.equinox.preferences/maven-metadata.xml, locally cached metadata up-to-date.
[DEBUG] Skipped remote request for org.eclipse.platform:org.eclipse.equinox.preferences/maven-metadata.xml, already updated during this session.
[DEBUG] Failure to find org.eclipse.platform:org.eclipse.equinox.preferences/maven-metadata.xml in https://stamp-project.github.io/stamp-maven-repository/ was cached in the local repository, resolution will not be reattempted until the update interval of stamp-maven-repository-mvn-repo has elapsed or updates are forced
[DEBUG] Failure to find org.eclipse.platform:org.eclipse.equinox.preferences/maven-metadata.xml in https://repo.gradle.org/gradle/libs-releases-local/ was cached in the local repository, resolution will not be reattempted until the update interval of gradle-repo has elapsed or updates are forced
[DEBUG] Failure to find org.eclipse.platform:org.eclipse.equinox.preferences/maven-metadata.xml in https://oss.sonatype.org/content/repositories/snapshots was cached in the local repository, resolution will not be reattempted until the update interval of sonatype-nexus-snapshots has elapsed or updates are forced
[DEBUG] Failure to find org.eclipse.platform:org.eclipse.equinox.preferences/maven-metadata.xml in http://maven.inria.fr/artifactory/spoon-public-snapshot was cached in the local repository, resolution will not be reattempted until the update interval of maven.inria.fr-snapshot has elapsed or updates are forced
[DEBUG] Failure to find org.eclipse.platform:org.eclipse.equinox.preferences/maven-metadata.xml in http://maven.inria.fr/artifactory/triskell-public-release was cached in the local repository, resolution will not be reattempted until the update interval of inria has elapsed or updates are forced
[DEBUG] Could not find metadata org.eclipse.platform:org.eclipse.equinox.registry/maven-metadata.xml in local (/home/spirals/danglot/.m2/repository)
[DEBUG] Skipped remote request for org.eclipse.platform:org.eclipse.equinox.registry/maven-metadata.xml, locally cached metadata up-to-date.
[DEBUG] Skipped remote request for org.eclipse.platform:org.eclipse.equinox.registry/maven-metadata.xml, already updated during this session.
[DEBUG] Failure to find org.eclipse.platform:org.eclipse.equinox.registry/maven-metadata.xml in https://stamp-project.github.io/stamp-maven-repository/ was cached in the local repository, resolution will not be reattempted until the update interval of stamp-maven-repository-mvn-repo has elapsed or updates are forced
[DEBUG] Failure to find org.eclipse.platform:org.eclipse.equinox.registry/maven-metadata.xml in https://repo.gradle.org/gradle/libs-releases-local/ was cached in the local repository, resolution will not be reattempted until the update interval of gradle-repo has elapsed or updates are forced
[DEBUG] Failure to find org.eclipse.platform:org.eclipse.equinox.registry/maven-metadata.xml in https://oss.sonatype.org/content/repositories/snapshots was cached in the local repository, resolution will not be reattempted until the update interval of sonatype-nexus-snapshots has elapsed or updates are forced
[DEBUG] Failure to find org.eclipse.platform:org.eclipse.equinox.registry/maven-metadata.xml in http://maven.inria.fr/artifactory/spoon-public-snapshot was cached in the local repository, resolution will not be reattempted until the update interval of maven.inria.fr-snapshot has elapsed or updates are forced
[DEBUG] Failure to find org.eclipse.platform:org.eclipse.equinox.registry/maven-metadata.xml in http://maven.inria.fr/artifactory/triskell-public-release was cached in the local repository, resolution will not be reattempted until the update interval of inria has elapsed or updates are forced
[DEBUG] Could not find metadata org.eclipse.platform:org.eclipse.equinox.app/maven-metadata.xml in local (/home/spirals/danglot/.m2/repository)
[DEBUG] Skipped remote request for org.eclipse.platform:org.eclipse.equinox.app/maven-metadata.xml, locally cached metadata up-to-date.
[DEBUG] Failure to find org.eclipse.platform:org.eclipse.equinox.app/maven-metadata.xml in https://repo.gradle.org/gradle/libs-releases-local/ was cached in the local repository, resolution will not be reattempted until the update interval of gradle-repo has elapsed or updates are forced
[DEBUG] Failure to find org.eclipse.platform:org.eclipse.equinox.app/maven-metadata.xml in https://oss.sonatype.org/content/repositories/snapshots was cached in the local repository, resolution will not be reattempted until the update interval of sonatype-nexus-snapshots has elapsed or updates are forced
[DEBUG] Failure to find org.eclipse.platform:org.eclipse.equinox.app/maven-metadata.xml in http://maven.inria.fr/artifactory/spoon-public-snapshot was cached in the local repository, resolution will not be reattempted until the update interval of maven.inria.fr-snapshot has elapsed or updates are forced
[DEBUG] Failure to find org.eclipse.platform:org.eclipse.equinox.app/maven-metadata.xml in http://maven.inria.fr/artifactory/triskell-public-release was cached in the local repository, resolution will not be reattempted until the update interval of inria has elapsed or updates are forced
[DEBUG] Using transporter WagonTransporter with priority -1.0 for https://stamp-project.github.io/stamp-maven-repository/
[DEBUG] Using connector BasicRepositoryConnector with priority 0.0 for https://stamp-project.github.io/stamp-maven-repository/
Downloading from stamp-maven-repository-mvn-repo: https://stamp-project.github.io/stamp-maven-repository/org/eclipse/platform/org.eclipse.equinox.app/maven-metadata.xml
[DEBUG] Writing tracking file /home/spirals/danglot/.m2/repository/org/eclipse/platform/org.eclipse.equinox.app/resolver-status.properties
[DEBUG] Could not find metadata org.eclipse.platform:org.eclipse.equinox.app/maven-metadata.xml in stamp-maven-repository-mvn-repo (https://stamp-project.github.io/stamp-maven-repository/)
[DEBUG] Could not find metadata org.eclipse.platform:org.eclipse.equinox.registry/maven-metadata.xml in local (/home/spirals/danglot/.m2/repository)
[DEBUG] Skipped remote request for org.eclipse.platform:org.eclipse.equinox.registry/maven-metadata.xml, locally cached metadata up-to-date.
[DEBUG] Skipped remote request for org.eclipse.platform:org.eclipse.equinox.registry/maven-metadata.xml, already updated during this session.
[DEBUG] Failure to find org.eclipse.platform:org.eclipse.equinox.registry/maven-metadata.xml in https://stamp-project.github.io/stamp-maven-repository/ was cached in the local repository, resolution will not be reattempted until the update interval of stamp-maven-repository-mvn-repo has elapsed or updates are forced
[DEBUG] Failure to find org.eclipse.platform:org.eclipse.equinox.registry/maven-metadata.xml in https://repo.gradle.org/gradle/libs-releases-local/ was cached in the local repository, resolution will not be reattempted until the update interval of gradle-repo has elapsed or updates are forced
[DEBUG] Failure to find org.eclipse.platform:org.eclipse.equinox.registry/maven-metadata.xml in https://oss.sonatype.org/content/repositories/snapshots was cached in the local repository, resolution will not be reattempted until the update interval of sonatype-nexus-snapshots has elapsed or updates are forced
[DEBUG] Failure to find org.eclipse.platform:org.eclipse.equinox.registry/maven-metadata.xml in http://maven.inria.fr/artifactory/spoon-public-snapshot was cached in the local repository, resolution will not be reattempted until the update interval of maven.inria.fr-snapshot has elapsed or updates are forced
[DEBUG] Failure to find org.eclipse.platform:org.eclipse.equinox.registry/maven-metadata.xml in http://maven.inria.fr/artifactory/triskell-public-release was cached in the local repository, resolution will not be reattempted until the update interval of inria has elapsed or updates are forced
[DEBUG] Could not find metadata org.eclipse.platform:org.eclipse.osgi/maven-metadata.xml in local (/home/spirals/danglot/.m2/repository)
[DEBUG] Skipped remote request for org.eclipse.platform:org.eclipse.osgi/maven-metadata.xml, locally cached metadata up-to-date.
[DEBUG] Skipped remote request for org.eclipse.platform:org.eclipse.osgi/maven-metadata.xml, already updated during this session.
[DEBUG] Failure to find org.eclipse.platform:org.eclipse.osgi/maven-metadata.xml in https://stamp-project.github.io/stamp-maven-repository/ was cached in the local repository, resolution will not be reattempted until the update interval of stamp-maven-repository-mvn-repo has elapsed or updates are forced
[DEBUG] Failure to find org.eclipse.platform:org.eclipse.osgi/maven-metadata.xml in https://repo.gradle.org/gradle/libs-releases-local/ was cached in the local repository, resolution will not be reattempted until the update interval of gradle-repo has elapsed or updates are forced
[DEBUG] Failure to find org.eclipse.platform:org.eclipse.osgi/maven-metadata.xml in https://oss.sonatype.org/content/repositories/snapshots was cached in the local repository, resolution will not be reattempted until the update interval of sonatype-nexus-snapshots has elapsed or updates are forced
[DEBUG] Failure to find org.eclipse.platform:org.eclipse.osgi/maven-metadata.xml in http://maven.inria.fr/artifactory/spoon-public-snapshot was cached in the local repository, resolution will not be reattempted until the update interval of maven.inria.fr-snapshot has elapsed or updates are forced
[DEBUG] Failure to find org.eclipse.platform:org.eclipse.osgi/maven-metadata.xml in http://maven.inria.fr/artifactory/triskell-public-release was cached in the local repository, resolution will not be reattempted until the update interval of inria has elapsed or updates are forced
[DEBUG] Could not find metadata org.eclipse.platform:org.eclipse.equinox.common/maven-metadata.xml in local (/home/spirals/danglot/.m2/repository)
[DEBUG] Skipped remote request for org.eclipse.platform:org.eclipse.equinox.common/maven-metadata.xml, locally cached metadata up-to-date.
[DEBUG] Skipped remote request for org.eclipse.platform:org.eclipse.equinox.common/maven-metadata.xml, already updated during this session.
[DEBUG] Failure to find org.eclipse.platform:org.eclipse.equinox.common/maven-metadata.xml in https://stamp-project.github.io/stamp-maven-repository/ was cached in the local repository, resolution will not be reattempted until the update interval of stamp-maven-repository-mvn-repo has elapsed or updates are forced
[DEBUG] Failure to find org.eclipse.platform:org.eclipse.equinox.common/maven-metadata.xml in https://repo.gradle.org/gradle/libs-releases-local/ was cached in the local repository, resolution will not be reattempted until the update interval of gradle-repo has elapsed or updates are forced
[DEBUG] Failure to find org.eclipse.platform:org.eclipse.equinox.common/maven-metadata.xml in https://oss.sonatype.org/content/repositories/snapshots was cached in the local repository, resolution will not be reattempted until the update interval of sonatype-nexus-snapshots has elapsed or updates are forced
[DEBUG] Failure to find org.eclipse.platform:org.eclipse.equinox.common/maven-metadata.xml in http://maven.inria.fr/artifactory/spoon-public-snapshot was cached in the local repository, resolution will not be reattempted until the update interval of maven.inria.fr-snapshot has elapsed or updates are forced
[DEBUG] Failure to find org.eclipse.platform:org.eclipse.equinox.common/maven-metadata.xml in http://maven.inria.fr/artifactory/triskell-public-release was cached in the local repository, resolution will not be reattempted until the update interval of inria has elapsed or updates are forced
[DEBUG] Could not find metadata org.eclipse.platform:org.eclipse.core.jobs/maven-metadata.xml in local (/home/spirals/danglot/.m2/repository)
[DEBUG] Skipped remote request for org.eclipse.platform:org.eclipse.core.jobs/maven-metadata.xml, locally cached metadata up-to-date.
[DEBUG] Skipped remote request for org.eclipse.platform:org.eclipse.core.jobs/maven-metadata.xml, already updated during this session.
[DEBUG] Failure to find org.eclipse.platform:org.eclipse.core.jobs/maven-metadata.xml in https://stamp-project.github.io/stamp-maven-repository/ was cached in the local repository, resolution will not be reattempted until the update interval of stamp-maven-repository-mvn-repo has elapsed or updates are forced
[DEBUG] Failure to find org.eclipse.platform:org.eclipse.core.jobs/maven-metadata.xml in https://repo.gradle.org/gradle/libs-releases-local/ was cached in the local repository, resolution will not be reattempted until the update interval of gradle-repo has elapsed or updates are forced
[DEBUG] Failure to find org.eclipse.platform:org.eclipse.core.jobs/maven-metadata.xml in https://oss.sonatype.org/content/repositories/snapshots was cached in the local repository, resolution will not be reattempted until the update interval of sonatype-nexus-snapshots has elapsed or updates are forced
[DEBUG] Failure to find org.eclipse.platform:org.eclipse.core.jobs/maven-metadata.xml in http://maven.inria.fr/artifactory/spoon-public-snapshot was cached in the local repository, resolution will not be reattempted until the update interval of maven.inria.fr-snapshot has elapsed or updates are forced
[DEBUG] Failure to find org.eclipse.platform:org.eclipse.core.jobs/maven-metadata.xml in http://maven.inria.fr/artifactory/triskell-public-release was cached in the local repository, resolution will not be reattempted until the update interval of inria has elapsed or updates are forced
[DEBUG] Could not find metadata org.eclipse.platform:org.eclipse.equinox.preferences/maven-metadata.xml in local (/home/spirals/danglot/.m2/repository)
[DEBUG] Skipped remote request for org.eclipse.platform:org.eclipse.equinox.preferences/maven-metadata.xml, locally cached metadata up-to-date.
[DEBUG] Skipped remote request for org.eclipse.platform:org.eclipse.equinox.preferences/maven-metadata.xml, already updated during this session.
[DEBUG] Failure to find org.eclipse.platform:org.eclipse.equinox.preferences/maven-metadata.xml in https://stamp-project.github.io/stamp-maven-repository/ was cached in the local repository, resolution will not be reattempted until the update interval of stamp-maven-repository-mvn-repo has elapsed or updates are forced
[DEBUG] Failure to find org.eclipse.platform:org.eclipse.equinox.preferences/maven-metadata.xml in https://repo.gradle.org/gradle/libs-releases-local/ was cached in the local repository, resolution will not be reattempted until the update interval of gradle-repo has elapsed or updates are forced
[DEBUG] Failure to find org.eclipse.platform:org.eclipse.equinox.preferences/maven-metadata.xml in https://oss.sonatype.org/content/repositories/snapshots was cached in the local repository, resolution will not be reattempted until the update interval of sonatype-nexus-snapshots has elapsed or updates are forced
[DEBUG] Failure to find org.eclipse.platform:org.eclipse.equinox.preferences/maven-metadata.xml in http://maven.inria.fr/artifactory/spoon-public-snapshot was cached in the local repository, resolution will not be reattempted until the update interval of maven.inria.fr-snapshot has elapsed or updates are forced
[DEBUG] Failure to find org.eclipse.platform:org.eclipse.equinox.preferences/maven-metadata.xml in http://maven.inria.fr/artifactory/triskell-public-release was cached in the local repository, resolution will not be reattempted until the update interval of inria has elapsed or updates are forced
[DEBUG] Could not find metadata org.eclipse.platform:org.eclipse.core.contenttype/maven-metadata.xml in local (/home/spirals/danglot/.m2/repository)
[DEBUG] Skipped remote request for org.eclipse.platform:org.eclipse.core.contenttype/maven-metadata.xml, locally cached metadata up-to-date.
[DEBUG] Skipped remote request for org.eclipse.platform:org.eclipse.core.contenttype/maven-metadata.xml, already updated during this session.
[DEBUG] Failure to find org.eclipse.platform:org.eclipse.core.contenttype/maven-metadata.xml in https://stamp-project.github.io/stamp-maven-repository/ was cached in the local repository, resolution will not be reattempted until the update interval of stamp-maven-repository-mvn-repo has elapsed or updates are forced
[DEBUG] Failure to find org.eclipse.platform:org.eclipse.core.contenttype/maven-metadata.xml in https://repo.gradle.org/gradle/libs-releases-local/ was cached in the local repository, resolution will not be reattempted until the update interval of gradle-repo has elapsed or updates are forced
[DEBUG] Failure to find org.eclipse.platform:org.eclipse.core.contenttype/maven-metadata.xml in https://oss.sonatype.org/content/repositories/snapshots was cached in the local repository, resolution will not be reattempted until the update interval of sonatype-nexus-snapshots has elapsed or updates are forced
[DEBUG] Failure to find org.eclipse.platform:org.eclipse.core.contenttype/maven-metadata.xml in http://maven.inria.fr/artifactory/spoon-public-snapshot was cached in the local repository, resolution will not be reattempted until the update interval of maven.inria.fr-snapshot has elapsed or updates are forced
[DEBUG] Failure to find org.eclipse.platform:org.eclipse.core.contenttype/maven-metadata.xml in http://maven.inria.fr/artifactory/triskell-public-release was cached in the local repository, resolution will not be reattempted until the update interval of inria has elapsed or updates are forced
[DEBUG] Could not find metadata org.eclipse.platform:org.eclipse.equinox.app/maven-metadata.xml in local (/home/spirals/danglot/.m2/repository)
[DEBUG] Skipped remote request for org.eclipse.platform:org.eclipse.equinox.app/maven-metadata.xml, locally cached metadata up-to-date.
[DEBUG] Skipped remote request for org.eclipse.platform:org.eclipse.equinox.app/maven-metadata.xml, already updated during this session.
[DEBUG] Failure to find org.eclipse.platform:org.eclipse.equinox.app/maven-metadata.xml in https://stamp-project.github.io/stamp-maven-repository/ was cached in the local repository, resolution will not be reattempted until the update interval of stamp-maven-repository-mvn-repo has elapsed or updates are forced
[DEBUG] Failure to find org.eclipse.platform:org.eclipse.equinox.app/maven-metadata.xml in https://repo.gradle.org/gradle/libs-releases-local/ was cached in the local repository, resolution will not be reattempted until the update interval of gradle-repo has elapsed or updates are forced
[DEBUG] Failure to find org.eclipse.platform:org.eclipse.equinox.app/maven-metadata.xml in https://oss.sonatype.org/content/repositories/snapshots was cached in the local repository, resolution will not be reattempted until the update interval of sonatype-nexus-snapshots has elapsed or updates are forced
[DEBUG] Failure to find org.eclipse.platform:org.eclipse.equinox.app/maven-metadata.xml in http://maven.inria.fr/artifactory/spoon-public-snapshot was cached in the local repository, resolution will not be reattempted until the update interval of maven.inria.fr-snapshot has elapsed or updates are forced
[DEBUG] Failure to find org.eclipse.platform:org.eclipse.equinox.app/maven-metadata.xml in http://maven.inria.fr/artifactory/triskell-public-release was cached in the local repository, resolution will not be reattempted until the update interval of inria has elapsed or updates are forced
[DEBUG] Could not find metadata org.eclipse.platform:org.eclipse.core.filesystem/maven-metadata.xml in local (/home/spirals/danglot/.m2/repository)
[DEBUG] Skipped remote request for org.eclipse.platform:org.eclipse.core.filesystem/maven-metadata.xml, locally cached metadata up-to-date.
[DEBUG] Failure to find org.eclipse.platform:org.eclipse.core.filesystem/maven-metadata.xml in https://repo.gradle.org/gradle/libs-releases-local/ was cached in the local repository, resolution will not be reattempted until the update interval of gradle-repo has elapsed or updates are forced
[DEBUG] Failure to find org.eclipse.platform:org.eclipse.core.filesystem/maven-metadata.xml in https://oss.sonatype.org/content/repositories/snapshots was cached in the local repository, resolution will not be reattempted until the update interval of sonatype-nexus-snapshots has elapsed or updates are forced
[DEBUG] Failure to find org.eclipse.platform:org.eclipse.core.filesystem/maven-metadata.xml in http://maven.inria.fr/artifactory/spoon-public-snapshot was cached in the local repository, resolution will not be reattempted until the update interval of maven.inria.fr-snapshot has elapsed or updates are forced
[DEBUG] Failure to find org.eclipse.platform:org.eclipse.core.filesystem/maven-metadata.xml in http://maven.inria.fr/artifactory/triskell-public-release was cached in the local repository, resolution will not be reattempted until the update interval of inria has elapsed or updates are forced
[DEBUG] Using transporter WagonTransporter with priority -1.0 for https://stamp-project.github.io/stamp-maven-repository/
[DEBUG] Using connector BasicRepositoryConnector with priority 0.0 for https://stamp-project.github.io/stamp-maven-repository/
Downloading from stamp-maven-repository-mvn-repo: https://stamp-project.github.io/stamp-maven-repository/org/eclipse/platform/org.eclipse.core.filesystem/maven-metadata.xml
[DEBUG] Writing tracking file /home/spirals/danglot/.m2/repository/org/eclipse/platform/org.eclipse.core.filesystem/resolver-status.properties
[DEBUG] Could not find metadata org.eclipse.platform:org.eclipse.core.filesystem/maven-metadata.xml in stamp-maven-repository-mvn-repo (https://stamp-project.github.io/stamp-maven-repository/)
[DEBUG] Could not find metadata org.eclipse.platform:org.eclipse.osgi/maven-metadata.xml in local (/home/spirals/danglot/.m2/repository)
[DEBUG] Skipped remote request for org.eclipse.platform:org.eclipse.osgi/maven-metadata.xml, locally cached metadata up-to-date.
[DEBUG] Skipped remote request for org.eclipse.platform:org.eclipse.osgi/maven-metadata.xml, already updated during this session.
[DEBUG] Failure to find org.eclipse.platform:org.eclipse.osgi/maven-metadata.xml in https://stamp-project.github.io/stamp-maven-repository/ was cached in the local repository, resolution will not be reattempted until the update interval of stamp-maven-repository-mvn-repo has elapsed or updates are forced
[DEBUG] Failure to find org.eclipse.platform:org.eclipse.osgi/maven-metadata.xml in https://repo.gradle.org/gradle/libs-releases-local/ was cached in the local repository, resolution will not be reattempted until the update interval of gradle-repo has elapsed or updates are forced
[DEBUG] Failure to find org.eclipse.platform:org.eclipse.osgi/maven-metadata.xml in https://oss.sonatype.org/content/repositories/snapshots was cached in the local repository, resolution will not be reattempted until the update interval of sonatype-nexus-snapshots has elapsed or updates are forced
[DEBUG] Failure to find org.eclipse.platform:org.eclipse.osgi/maven-metadata.xml in http://maven.inria.fr/artifactory/spoon-public-snapshot was cached in the local repository, resolution will not be reattempted until the update interval of maven.inria.fr-snapshot has elapsed or updates are forced
[DEBUG] Failure to find org.eclipse.platform:org.eclipse.osgi/maven-metadata.xml in http://maven.inria.fr/artifactory/triskell-public-release was cached in the local repository, resolution will not be reattempted until the update interval of inria has elapsed or updates are forced
[DEBUG] Could not find metadata org.eclipse.platform:org.eclipse.core.runtime/maven-metadata.xml in local (/home/spirals/danglot/.m2/repository)
[DEBUG] Skipped remote request for org.eclipse.platform:org.eclipse.core.runtime/maven-metadata.xml, locally cached metadata up-to-date.
[DEBUG] Skipped remote request for org.eclipse.platform:org.eclipse.core.runtime/maven-metadata.xml, already updated during this session.
[DEBUG] Failure to find org.eclipse.platform:org.eclipse.core.runtime/maven-metadata.xml in https://stamp-project.github.io/stamp-maven-repository/ was cached in the local repository, resolution will not be reattempted until the update interval of stamp-maven-repository-mvn-repo has elapsed or updates are forced
[DEBUG] Failure to find org.eclipse.platform:org.eclipse.core.runtime/maven-metadata.xml in https://repo.gradle.org/gradle/libs-releases-local/ was cached in the local repository, resolution will not be reattempted until the update interval of gradle-repo has elapsed or updates are forced
[DEBUG] Failure to find org.eclipse.platform:org.eclipse.core.runtime/maven-metadata.xml in https://oss.sonatype.org/content/repositories/snapshots was cached in the local repository, resolution will not be reattempted until the update interval of sonatype-nexus-snapshots has elapsed or updates are forced
[DEBUG] Failure to find org.eclipse.platform:org.eclipse.core.runtime/maven-metadata.xml in http://maven.inria.fr/artifactory/spoon-public-snapshot was cached in the local repository, resolution will not be reattempted until the update interval of maven.inria.fr-snapshot has elapsed or updates are forced
[DEBUG] Failure to find org.eclipse.platform:org.eclipse.core.runtime/maven-metadata.xml in http://maven.inria.fr/artifactory/triskell-public-release was cached in the local repository, resolution will not be reattempted until the update interval of inria has elapsed or updates are forced
[DEBUG] Could not find metadata org.eclipse.platform:org.eclipse.core.runtime/maven-metadata.xml in local (/home/spirals/danglot/.m2/repository)
[DEBUG] Skipped remote request for org.eclipse.platform:org.eclipse.core.runtime/maven-metadata.xml, locally cached metadata up-to-date.
[DEBUG] Skipped remote request for org.eclipse.platform:org.eclipse.core.runtime/maven-metadata.xml, already updated during this session.
[DEBUG] Failure to find org.eclipse.platform:org.eclipse.core.runtime/maven-metadata.xml in https://stamp-project.github.io/stamp-maven-repository/ was cached in the local repository, resolution will not be reattempted until the update interval of stamp-maven-repository-mvn-repo has elapsed or updates are forced
[DEBUG] Failure to find org.eclipse.platform:org.eclipse.core.runtime/maven-metadata.xml in https://repo.gradle.org/gradle/libs-releases-local/ was cached in the local repository, resolution will not be reattempted until the update interval of gradle-repo has elapsed or updates are forced
[DEBUG] Failure to find org.eclipse.platform:org.eclipse.core.runtime/maven-metadata.xml in https://oss.sonatype.org/content/repositories/snapshots was cached in the local repository, resolution will not be reattempted until the update interval of sonatype-nexus-snapshots has elapsed or updates are forced
[DEBUG] Failure to find org.eclipse.platform:org.eclipse.core.runtime/maven-metadata.xml in http://maven.inria.fr/artifactory/spoon-public-snapshot was cached in the local repository, resolution will not be reattempted until the update interval of maven.inria.fr-snapshot has elapsed or updates are forced
[DEBUG] Failure to find org.eclipse.platform:org.eclipse.core.runtime/maven-metadata.xml in http://maven.inria.fr/artifactory/triskell-public-release was cached in the local repository, resolution will not be reattempted until the update interval of inria has elapsed or updates are forced
[DEBUG] Could not find metadata org.eclipse.platform:org.eclipse.core.filesystem/maven-metadata.xml in local (/home/spirals/danglot/.m2/repository)
[DEBUG] Skipped remote request for org.eclipse.platform:org.eclipse.core.filesystem/maven-metadata.xml, locally cached metadata up-to-date.
[DEBUG] Skipped remote request for org.eclipse.platform:org.eclipse.core.filesystem/maven-metadata.xml, already updated during this session.
[DEBUG] Failure to find org.eclipse.platform:org.eclipse.core.filesystem/maven-metadata.xml in https://stamp-project.github.io/stamp-maven-repository/ was cached in the local repository, resolution will not be reattempted until the update interval of stamp-maven-repository-mvn-repo has elapsed or updates are forced
[DEBUG] Failure to find org.eclipse.platform:org.eclipse.core.filesystem/maven-metadata.xml in https://repo.gradle.org/gradle/libs-releases-local/ was cached in the local repository, resolution will not be reattempted until the update interval of gradle-repo has elapsed or updates are forced
[DEBUG] Failure to find org.eclipse.platform:org.eclipse.core.filesystem/maven-metadata.xml in https://oss.sonatype.org/content/repositories/snapshots was cached in the local repository, resolution will not be reattempted until the update interval of sonatype-nexus-snapshots has elapsed or updates are forced
[DEBUG] Failure to find org.eclipse.platform:org.eclipse.core.filesystem/maven-metadata.xml in http://maven.inria.fr/artifactory/spoon-public-snapshot was cached in the local repository, resolution will not be reattempted until the update interval of maven.inria.fr-snapshot has elapsed or updates are forced
[DEBUG] Failure to find org.eclipse.platform:org.eclipse.core.filesystem/maven-metadata.xml in http://maven.inria.fr/artifactory/triskell-public-release was cached in the local repository, resolution will not be reattempted until the update interval of inria has elapsed or updates are forced
[DEBUG] Could not find metadata org.eclipse.platform:org.eclipse.text/maven-metadata.xml in local (/home/spirals/danglot/.m2/repository)
[DEBUG] Skipped remote request for org.eclipse.platform:org.eclipse.text/maven-metadata.xml, locally cached metadata up-to-date.
[DEBUG] Failure to find org.eclipse.platform:org.eclipse.text/maven-metadata.xml in https://repo.gradle.org/gradle/libs-releases-local/ was cached in the local repository, resolution will not be reattempted until the update interval of gradle-repo has elapsed or updates are forced
[DEBUG] Failure to find org.eclipse.platform:org.eclipse.text/maven-metadata.xml in https://oss.sonatype.org/content/repositories/snapshots was cached in the local repository, resolution will not be reattempted until the update interval of sonatype-nexus-snapshots has elapsed or updates are forced
[DEBUG] Failure to find org.eclipse.platform:org.eclipse.text/maven-metadata.xml in http://maven.inria.fr/artifactory/spoon-public-snapshot was cached in the local repository, resolution will not be reattempted until the update interval of maven.inria.fr-snapshot has elapsed or updates are forced
[DEBUG] Failure to find org.eclipse.platform:org.eclipse.text/maven-metadata.xml in http://maven.inria.fr/artifactory/triskell-public-release was cached in the local repository, resolution will not be reattempted until the update interval of inria has elapsed or updates are forced
[DEBUG] Using transporter WagonTransporter with priority -1.0 for https://stamp-project.github.io/stamp-maven-repository/
[DEBUG] Using connector BasicRepositoryConnector with priority 0.0 for https://stamp-project.github.io/stamp-maven-repository/
Downloading from stamp-maven-repository-mvn-repo: https://stamp-project.github.io/stamp-maven-repository/org/eclipse/platform/org.eclipse.text/maven-metadata.xml
[DEBUG] Writing tracking file /home/spirals/danglot/.m2/repository/org/eclipse/platform/org.eclipse.text/resolver-status.properties
[DEBUG] Could not find metadata org.eclipse.platform:org.eclipse.text/maven-metadata.xml in stamp-maven-repository-mvn-repo (https://stamp-project.github.io/stamp-maven-repository/)
[DEBUG] Could not find metadata org.eclipse.platform:org.eclipse.core.commands/maven-metadata.xml in local (/home/spirals/danglot/.m2/repository)
[DEBUG] Skipped remote request for org.eclipse.platform:org.eclipse.core.commands/maven-metadata.xml, locally cached metadata up-to-date.
[DEBUG] Failure to find org.eclipse.platform:org.eclipse.core.commands/maven-metadata.xml in https://repo.gradle.org/gradle/libs-releases-local/ was cached in the local repository, resolution will not be reattempted until the update interval of gradle-repo has elapsed or updates are forced
[DEBUG] Failure to find org.eclipse.platform:org.eclipse.core.commands/maven-metadata.xml in https://oss.sonatype.org/content/repositories/snapshots was cached in the local repository, resolution will not be reattempted until the update interval of sonatype-nexus-snapshots has elapsed or updates are forced
[DEBUG] Failure to find org.eclipse.platform:org.eclipse.core.commands/maven-metadata.xml in http://maven.inria.fr/artifactory/spoon-public-snapshot was cached in the local repository, resolution will not be reattempted until the update interval of maven.inria.fr-snapshot has elapsed or updates are forced
[DEBUG] Failure to find org.eclipse.platform:org.eclipse.core.commands/maven-metadata.xml in http://maven.inria.fr/artifactory/triskell-public-release was cached in the local repository, resolution will not be reattempted until the update interval of inria has elapsed or updates are forced
[DEBUG] Using transporter WagonTransporter with priority -1.0 for https://stamp-project.github.io/stamp-maven-repository/
[DEBUG] Using connector BasicRepositoryConnector with priority 0.0 for https://stamp-project.github.io/stamp-maven-repository/
Downloading from stamp-maven-repository-mvn-repo: https://stamp-project.github.io/stamp-maven-repository/org/eclipse/platform/org.eclipse.core.commands/maven-metadata.xml
[DEBUG] Writing tracking file /home/spirals/danglot/.m2/repository/org/eclipse/platform/org.eclipse.core.commands/resolver-status.properties
[DEBUG] Could not find metadata org.eclipse.platform:org.eclipse.core.commands/maven-metadata.xml in stamp-maven-repository-mvn-repo (https://stamp-project.github.io/stamp-maven-repository/)
[DEBUG] Could not find metadata org.eclipse.platform:org.eclipse.equinox.common/maven-metadata.xml in local (/home/spirals/danglot/.m2/repository)
[DEBUG] Skipped remote request for org.eclipse.platform:org.eclipse.equinox.common/maven-metadata.xml, locally cached metadata up-to-date.
[DEBUG] Skipped remote request for org.eclipse.platform:org.eclipse.equinox.common/maven-metadata.xml, already updated during this session.
[DEBUG] Failure to find org.eclipse.platform:org.eclipse.equinox.common/maven-metadata.xml in https://stamp-project.github.io/stamp-maven-repository/ was cached in the local repository, resolution will not be reattempted until the update interval of stamp-maven-repository-mvn-repo has elapsed or updates are forced
[DEBUG] Failure to find org.eclipse.platform:org.eclipse.equinox.common/maven-metadata.xml in https://repo.gradle.org/gradle/libs-releases-local/ was cached in the local repository, resolution will not be reattempted until the update interval of gradle-repo has elapsed or updates are forced
[DEBUG] Failure to find org.eclipse.platform:org.eclipse.equinox.common/maven-metadata.xml in https://oss.sonatype.org/content/repositories/snapshots was cached in the local repository, resolution will not be reattempted until the update interval of sonatype-nexus-snapshots has elapsed or updates are forced
[DEBUG] Failure to find org.eclipse.platform:org.eclipse.equinox.common/maven-metadata.xml in http://maven.inria.fr/artifactory/spoon-public-snapshot was cached in the local repository, resolution will not be reattempted until the update interval of maven.inria.fr-snapshot has elapsed or updates are forced
[DEBUG] Failure to find org.eclipse.platform:org.eclipse.equinox.common/maven-metadata.xml in http://maven.inria.fr/artifactory/triskell-public-release was cached in the local repository, resolution will not be reattempted until the update interval of inria has elapsed or updates are forced
[DEBUG] Could not find metadata org.eclipse.platform:org.eclipse.core.runtime/maven-metadata.xml in local (/home/spirals/danglot/.m2/repository)
[DEBUG] Skipped remote request for org.eclipse.platform:org.eclipse.core.runtime/maven-metadata.xml, locally cached metadata up-to-date.
[DEBUG] Skipped remote request for org.eclipse.platform:org.eclipse.core.runtime/maven-metadata.xml, already updated during this session.
[DEBUG] Failure to find org.eclipse.platform:org.eclipse.core.runtime/maven-metadata.xml in https://stamp-project.github.io/stamp-maven-repository/ was cached in the local repository, resolution will not be reattempted until the update interval of stamp-maven-repository-mvn-repo has elapsed or updates are forced
[DEBUG] Failure to find org.eclipse.platform:org.eclipse.core.runtime/maven-metadata.xml in https://repo.gradle.org/gradle/libs-releases-local/ was cached in the local repository, resolution will not be reattempted until the update interval of gradle-repo has elapsed or updates are forced
[DEBUG] Failure to find org.eclipse.platform:org.eclipse.core.runtime/maven-metadata.xml in https://oss.sonatype.org/content/repositories/snapshots was cached in the local repository, resolution will not be reattempted until the update interval of sonatype-nexus-snapshots has elapsed or updates are forced
[DEBUG] Failure to find org.eclipse.platform:org.eclipse.core.runtime/maven-metadata.xml in http://maven.inria.fr/artifactory/spoon-public-snapshot was cached in the local repository, resolution will not be reattempted until the update interval of maven.inria.fr-snapshot has elapsed or updates are forced
[DEBUG] Failure to find org.eclipse.platform:org.eclipse.core.runtime/maven-metadata.xml in http://maven.inria.fr/artifactory/triskell-public-release was cached in the local repository, resolution will not be reattempted until the update interval of inria has elapsed or updates are forced
[DEBUG] Dependency collection stats: {ConflictMarker.analyzeTime=10424631, ConflictMarker.markTime=3084586, ConflictMarker.nodeCount=672, ConflictIdSorter.graphTime=5909270, ConflictIdSorter.topsortTime=478868, ConflictIdSorter.conflictIdCount=98, ConflictIdSorter.conflictIdCycleCount=0, ConflictResolver.totalTime=24657550, ConflictResolver.conflictItemCount=307, DefaultDependencyCollector.collectTime=6266517771, DefaultDependencyCollector.transformTime=44866051}
[DEBUG] eu.stamp-project:dspot-maven:jar:1.1.1-SNAPSHOT:
[DEBUG]    eu.stamp-project:dspot:jar:1.1.1-SNAPSHOT:compile
[DEBUG]       fr.inria.gforge.spoon:spoon-core:jar:7.1.0-SNAPSHOT:compile
[DEBUG]          org.eclipse.jdt:org.eclipse.jdt.core:jar:3.13.102:compile
[DEBUG]             org.eclipse.platform:org.eclipse.core.resources:jar:3.13.100:compile
[DEBUG]                org.eclipse.platform:org.eclipse.core.expressions:jar:3.6.200:compile
[DEBUG]             org.eclipse.platform:org.eclipse.core.runtime:jar:3.15.0:compile
[DEBUG]                org.eclipse.platform:org.eclipse.osgi:jar:3.13.100:compile
[DEBUG]                org.eclipse.platform:org.eclipse.equinox.common:jar:3.10.100:compile
[DEBUG]                org.eclipse.platform:org.eclipse.core.jobs:jar:3.10.100:compile
[DEBUG]                org.eclipse.platform:org.eclipse.equinox.registry:jar:3.8.100:compile
[DEBUG]                org.eclipse.platform:org.eclipse.equinox.preferences:jar:3.7.200:compile
[DEBUG]                org.eclipse.platform:org.eclipse.core.contenttype:jar:3.7.100:compile
[DEBUG]                org.eclipse.platform:org.eclipse.equinox.app:jar:1.3.600:compile
[DEBUG]             org.eclipse.platform:org.eclipse.core.filesystem:jar:1.7.200:compile
[DEBUG]             org.eclipse.platform:org.eclipse.text:jar:3.7.0:compile
[DEBUG]                org.eclipse.platform:org.eclipse.core.commands:jar:3.9.200:compile
[DEBUG]          com.martiansoftware:jsap:jar:2.1:compile
[DEBUG]          log4j:log4j:jar:1.2.17:compile
[DEBUG]          com.fasterxml.jackson.core:jackson-databind:jar:2.9.2:compile
[DEBUG]             com.fasterxml.jackson.core:jackson-annotations:jar:2.9.0:compile
[DEBUG]             com.fasterxml.jackson.core:jackson-core:jar:2.9.2:compile
[DEBUG]          org.benf:cfr:jar:0.132.0:compile
[DEBUG]       junit:junit:jar:4.12:compile
[DEBUG]          org.hamcrest:hamcrest-core:jar:1.3:compile
[DEBUG]       com.google.code.gson:gson:jar:2.8.0:compile
[DEBUG]       org.apache.maven.shared:maven-invoker:jar:3.0.0:compile
[DEBUG]       org.slf4j:slf4j-api:jar:1.7.25:compile
[DEBUG]       org.slf4j:slf4j-log4j12:jar:1.7.25:compile
[DEBUG]       org.jacoco:org.jacoco.core:jar:0.7.9:compile
[DEBUG]          org.ow2.asm:asm-debug-all:jar:5.2:compile
[DEBUG]       eu.stamp-project:descartes:jar:1.1:compile
[DEBUG]          org.pitest:pitest:jar:1.2.0:compile
[DEBUG]          org.pitest:pitest-entry:jar:1.2.0:compile
[DEBUG]             com.thoughtworks.xstream:xstream:jar:1.4.8:compile
[DEBUG]                xmlpull:xmlpull:jar:1.1.3.1:compile
[DEBUG]                xpp3:xpp3_min:jar:1.1.4c:compile
[DEBUG]       org.gradle:gradle-tooling-api:jar:4.0.1:compile
[DEBUG]       org.mockito:mockito-core:jar:2.10.0:compile
[DEBUG]          net.bytebuddy:byte-buddy:jar:1.7.4:runtime
[DEBUG]          net.bytebuddy:byte-buddy-agent:jar:1.7.4:runtime
[DEBUG]          org.objenesis:objenesis:jar:2.6:runtime
[DEBUG]       eu.stamp-project:test-runner:jar:jar-with-dependencies:1.1.0:compile
[DEBUG]       org.openclover:clover:jar:4.2.1:compile
[DEBUG]       fr.inria.gforge.spoon.labs:gumtree-spoon-ast-diff:jar:1.3:compile
[DEBUG]          com.github.gumtreediff:core:jar:2.0.0:compile
[DEBUG]             com.github.mpkorstanje:simmetrics-core:jar:3.0.3:compile
[DEBUG]                commons-codec:commons-codec:jar:1.10:compile
[DEBUG]             net.sf.trove4j:trove4j:jar:3.0.3:compile
[DEBUG]    org.apache.maven:maven-plugin-api:jar:3.5.0:compile
[DEBUG]       org.apache.maven:maven-artifact:jar:3.5.0:compile
[DEBUG]       org.eclipse.sisu:org.eclipse.sisu.plexus:jar:0.3.3:compile
[DEBUG]          javax.enterprise:cdi-api:jar:1.0:compile
[DEBUG]             javax.annotation:jsr250-api:jar:1.0:compile
[DEBUG]          org.eclipse.sisu:org.eclipse.sisu.inject:jar:0.3.3:compile
[DEBUG]    org.apache.maven.plugin-testing:maven-plugin-testing-harness:jar:3.3.0:compile
[DEBUG]       commons-io:commons-io:jar:2.2:compile
[DEBUG]       org.codehaus.plexus:plexus-archiver:jar:2.2:compile
[DEBUG]          org.codehaus.plexus:plexus-io:jar:2.0.4:compile
[DEBUG]    org.apache.maven:maven-compat:jar:3.5.0:compile
[DEBUG]       org.apache.maven:maven-model-builder:jar:3.5.0:compile
[DEBUG]          org.apache.maven:maven-builder-support:jar:3.5.0:compile
[DEBUG]          com.google.guava:guava:jar:20.0:compile
[DEBUG]       org.apache.maven:maven-settings:jar:3.5.0:compile
[DEBUG]       org.apache.maven:maven-resolver-provider:jar:3.5.0:compile
[DEBUG]       org.apache.maven.resolver:maven-resolver-api:jar:1.0.3:compile
[DEBUG]       org.apache.maven.resolver:maven-resolver-util:jar:1.0.3:compile
[DEBUG]       org.apache.maven.resolver:maven-resolver-impl:jar:1.0.3:compile
[DEBUG]       org.codehaus.plexus:plexus-utils:jar:3.0.24:compile
[DEBUG]       org.codehaus.plexus:plexus-interpolation:jar:1.24:compile
[DEBUG]       org.codehaus.plexus:plexus-component-annotations:jar:1.7.1:compile
[DEBUG]       org.apache.maven.wagon:wagon-provider-api:jar:2.12:compile
[DEBUG]    org.apache.maven:maven-core:jar:3.5.0:compile
[DEBUG]       org.apache.maven:maven-settings-builder:jar:3.5.0:compile
[DEBUG]       org.apache.maven:maven-repository-metadata:jar:3.5.0:compile
[DEBUG]       org.apache.maven.resolver:maven-resolver-spi:jar:1.0.3:compile
[DEBUG]       org.apache.maven.shared:maven-shared-utils:jar:3.1.0:compile
[DEBUG]       com.google.inject:guice:jar:no_aop:4.0:compile
[DEBUG]          javax.inject:javax.inject:jar:1:compile
[DEBUG]          aopalliance:aopalliance:jar:1.0:compile
[DEBUG]       org.codehaus.plexus:plexus-classworlds:jar:2.5.2:compile
[DEBUG]       org.sonatype.plexus:plexus-sec-dispatcher:jar:1.4:compile
[DEBUG]          org.sonatype.plexus:plexus-cipher:jar:1.4:compile
[DEBUG]       org.apache.commons:commons-lang3:jar:3.5:compile
[DEBUG]    org.apache.maven:maven-model:jar:3.5.0:compile
[DEBUG]    org.apache.maven:maven-aether-provider:jar:3.3.9:compile
[DEBUG]       org.eclipse.aether:aether-api:jar:1.0.2.v20150114:compile
[DEBUG]       org.eclipse.aether:aether-spi:jar:1.0.2.v20150114:compile
[DEBUG]       org.eclipse.aether:aether-util:jar:1.0.2.v20150114:compile
[DEBUG]       org.eclipse.aether:aether-impl:jar:1.0.2.v20150114:compile
[DEBUG]    org.apache.maven:maven-project:jar:2.2.1:compile
[DEBUG]       org.apache.maven:maven-profile:jar:2.2.1:compile
[DEBUG]       org.apache.maven:maven-artifact-manager:jar:2.2.1:compile
[DEBUG]          backport-util-concurrent:backport-util-concurrent:jar:3.1:compile
[DEBUG]       org.apache.maven:maven-plugin-registry:jar:2.2.1:compile
[DEBUG]       org.codehaus.plexus:plexus-container-default:jar:1.0-alpha-9-stable-1:compile
[DEBUG]          classworlds:classworlds:jar:1.1-alpha-2:compile
[DEBUG] Created new class realm plugin>eu.stamp-project:dspot-maven:1.1.1-SNAPSHOT
[DEBUG] Importing foreign packages into class realm plugin>eu.stamp-project:dspot-maven:1.1.1-SNAPSHOT
[DEBUG]   Imported:  < maven.api
[DEBUG] Populating class realm plugin>eu.stamp-project:dspot-maven:1.1.1-SNAPSHOT
[DEBUG]   Included: eu.stamp-project:dspot-maven:jar:1.1.1-SNAPSHOT
[DEBUG]   Included: eu.stamp-project:dspot:jar:1.1.1-SNAPSHOT
[DEBUG]   Included: fr.inria.gforge.spoon:spoon-core:jar:7.1.0-SNAPSHOT
[DEBUG]   Included: org.eclipse.jdt:org.eclipse.jdt.core:jar:3.13.102
[DEBUG]   Included: org.eclipse.platform:org.eclipse.core.resources:jar:3.13.100
[DEBUG]   Included: org.eclipse.platform:org.eclipse.core.expressions:jar:3.6.200
[DEBUG]   Included: org.eclipse.platform:org.eclipse.core.runtime:jar:3.15.0
[DEBUG]   Included: org.eclipse.platform:org.eclipse.osgi:jar:3.13.100
[DEBUG]   Included: org.eclipse.platform:org.eclipse.equinox.common:jar:3.10.100
[DEBUG]   Included: org.eclipse.platform:org.eclipse.core.jobs:jar:3.10.100
[DEBUG]   Included: org.eclipse.platform:org.eclipse.equinox.registry:jar:3.8.100
[DEBUG]   Included: org.eclipse.platform:org.eclipse.equinox.preferences:jar:3.7.200
[DEBUG]   Included: org.eclipse.platform:org.eclipse.core.contenttype:jar:3.7.100
[DEBUG]   Included: org.eclipse.platform:org.eclipse.equinox.app:jar:1.3.600
[DEBUG]   Included: org.eclipse.platform:org.eclipse.core.filesystem:jar:1.7.200
[DEBUG]   Included: org.eclipse.platform:org.eclipse.text:jar:3.7.0
[DEBUG]   Included: org.eclipse.platform:org.eclipse.core.commands:jar:3.9.200
[DEBUG]   Included: com.martiansoftware:jsap:jar:2.1
[DEBUG]   Included: log4j:log4j:jar:1.2.17
[DEBUG]   Included: com.fasterxml.jackson.core:jackson-databind:jar:2.9.2
[DEBUG]   Included: com.fasterxml.jackson.core:jackson-annotations:jar:2.9.0
[DEBUG]   Included: com.fasterxml.jackson.core:jackson-core:jar:2.9.2
[DEBUG]   Included: org.benf:cfr:jar:0.132.0
[DEBUG]   Included: junit:junit:jar:4.12
[DEBUG]   Included: org.hamcrest:hamcrest-core:jar:1.3
[DEBUG]   Included: com.google.code.gson:gson:jar:2.8.0
[DEBUG]   Included: org.apache.maven.shared:maven-invoker:jar:3.0.0
[DEBUG]   Included: org.slf4j:slf4j-log4j12:jar:1.7.25
[DEBUG]   Included: org.jacoco:org.jacoco.core:jar:0.7.9
[DEBUG]   Included: org.ow2.asm:asm-debug-all:jar:5.2
[DEBUG]   Included: eu.stamp-project:descartes:jar:1.1
[DEBUG]   Included: org.pitest:pitest:jar:1.2.0
[DEBUG]   Included: org.pitest:pitest-entry:jar:1.2.0
[DEBUG]   Included: com.thoughtworks.xstream:xstream:jar:1.4.8
[DEBUG]   Included: xmlpull:xmlpull:jar:1.1.3.1
[DEBUG]   Included: xpp3:xpp3_min:jar:1.1.4c
[DEBUG]   Included: org.gradle:gradle-tooling-api:jar:4.0.1
[DEBUG]   Included: org.mockito:mockito-core:jar:2.10.0
[DEBUG]   Included: net.bytebuddy:byte-buddy:jar:1.7.4
[DEBUG]   Included: net.bytebuddy:byte-buddy-agent:jar:1.7.4
[DEBUG]   Included: org.objenesis:objenesis:jar:2.6
[DEBUG]   Included: eu.stamp-project:test-runner:jar:jar-with-dependencies:1.1.0
[DEBUG]   Included: org.openclover:clover:jar:4.2.1
[DEBUG]   Included: fr.inria.gforge.spoon.labs:gumtree-spoon-ast-diff:jar:1.3
[DEBUG]   Included: com.github.gumtreediff:core:jar:2.0.0
[DEBUG]   Included: com.github.mpkorstanje:simmetrics-core:jar:3.0.3
[DEBUG]   Included: commons-codec:commons-codec:jar:1.10
[DEBUG]   Included: net.sf.trove4j:trove4j:jar:3.0.3
[DEBUG]   Included: javax.enterprise:cdi-api:jar:1.0
[DEBUG]   Included: org.eclipse.sisu:org.eclipse.sisu.inject:jar:0.3.3
[DEBUG]   Included: org.apache.maven.plugin-testing:maven-plugin-testing-harness:jar:3.3.0
[DEBUG]   Included: commons-io:commons-io:jar:2.2
[DEBUG]   Included: org.codehaus.plexus:plexus-archiver:jar:2.2
[DEBUG]   Included: org.codehaus.plexus:plexus-io:jar:2.0.4
[DEBUG]   Included: org.apache.maven:maven-builder-support:jar:3.5.0
[DEBUG]   Included: com.google.guava:guava:jar:20.0
[DEBUG]   Included: org.apache.maven.resolver:maven-resolver-util:jar:1.0.3
[DEBUG]   Included: org.codehaus.plexus:plexus-utils:jar:3.0.24
[DEBUG]   Included: org.codehaus.plexus:plexus-interpolation:jar:1.24
[DEBUG]   Included: org.codehaus.plexus:plexus-component-annotations:jar:1.7.1
[DEBUG]   Included: org.apache.maven.shared:maven-shared-utils:jar:3.1.0
[DEBUG]   Included: com.google.inject:guice:jar:no_aop:4.0
[DEBUG]   Included: aopalliance:aopalliance:jar:1.0
[DEBUG]   Included: org.sonatype.plexus:plexus-sec-dispatcher:jar:1.4
[DEBUG]   Included: org.sonatype.plexus:plexus-cipher:jar:1.4
[DEBUG]   Included: org.apache.commons:commons-lang3:jar:3.5
[DEBUG]   Included: org.eclipse.aether:aether-util:jar:1.0.2.v20150114
[DEBUG]   Included: backport-util-concurrent:backport-util-concurrent:jar:3.1
[DEBUG] Configuring mojo eu.stamp-project:dspot-maven:1.1.1-SNAPSHOT:amplify-unit-tests from plugin realm ClassRealm[plugin>eu.stamp-project:dspot-maven:1.1.1-SNAPSHOT, parent: sun.misc.Launcher$AppClassLoader@55f96302]
[DEBUG] Configuring mojo 'eu.stamp-project:dspot-maven:1.1.1-SNAPSHOT:amplify-unit-tests' with basic configurator -->
[DEBUG]   (f) amplifiers = [None]
[DEBUG]   (f) automaticBuilder = MavenBuilder
[DEBUG]   (f) budgetizer = NoBudgetizer
[DEBUG]   (f) cases = []
[DEBUG]   (f) clean = true
[DEBUG]   (f) descartes = false
[DEBUG]   (f) example = false
[DEBUG]   (f) generateNewTestClass = true
[DEBUG]   (f) help = false
[DEBUG]   (f) iteration = 3
[DEBUG]   (f) maxTestAmplified = 200
[DEBUG]   (f) noMinimize = false
[DEBUG]   (f) outputPath = /tmp/icst-2019/september-2018/result/gson/commit_5_a300148/assert_amplification
[DEBUG]   (f) pathToSecondVersion = /tmp/icst-2019/september-2018/dataset/gson/gson
[DEBUG]   (f) pathToTestListCsv = /tmp/icst-2019/september-2018/result/gson/commit_5_a300148/testsThatExecuteTheChanges.csv
[DEBUG]   (f) project = MavenProject: com.google.code.gson:gson:2.8.1-SNAPSHOT @ /tmp/icst-2019/september-2018/dataset/gson_parent/gson/pom.xml
[DEBUG]   (f) randomSeed = 23
[DEBUG]   (f) test = [all]
[DEBUG]   (f) testCriterion = ChangeDetectorSelector
[DEBUG]   (f) timeOut = 10000
[DEBUG]   (f) useMavenToExeTest = false
[DEBUG]   (f) verbose = true
[DEBUG]   (f) withComment = false
[DEBUG]   (f) workingDirectory = false
[DEBUG] -- end configuration --
[INFO] Path to runner Classes: /home/spirals/danglot/.m2/repository/eu/stamp-project/test-runner/1.1.0/test-runner-1.1.0-jar-with-dependencies.jar
[INFO] /home/spirals/danglot/.m2/repository/org/jacoco/org.jacoco.core/0.7.9/org.jacoco.core-0.7.9.jar
[INFO] /home/spirals/danglot/.m2/repository/org/ow2/asm/asm-debug-all/5.2/asm-debug-all-5.2.jar
[INFO] /home/spirals/danglot/.m2/repository/eu/stamp-project/test-runner/1.1.0/test-runner-1.1.0-jar-with-dependencies.jar
[WARNING] automaticBuilderName: unknown automatic builder specified in configuration, going to default.
[INFO] Default: provided Maven automatic builder.
[INFO] Using /home/spirals/danglot/apache-maven-3.5.4 for maven home
[INFO] run maven: /home/spirals/danglot/apache-maven-3.5.4/bin/mvn clean test -DskipTests dependency:build-classpath -Dmdep.outputFile=target/dspot/classpath
[WARN] Maven will be executed in interactive mode, but no input stream has been configured for this MavenInvoker instance.
[INFO] Scanning for projects...
[WARNING] 
[WARNING] Some problems were encountered while building the effective model for com.google.code.gson:gson:jar:2.8.1-SNAPSHOT
[WARNING] 'build.plugins.plugin.version' for org.apache.maven.plugins:maven-jar-plugin is missing. @ com.google.code.gson:gson:[unknown-version], /tmp/icst-2019/september-2018/dataset/gson_parent/gson/pom.xml, line 46, column 15
[WARNING] 
[WARNING] It is highly recommended to fix these problems because they threaten the stability of your build.
[WARNING] 
[WARNING] For this reason, future Maven versions might no longer support building such malformed projects.
[WARNING] 
[INFO] 
[INFO] ---------------------< com.google.code.gson:gson >----------------------
[INFO] Building Gson 2.8.1-SNAPSHOT
[INFO] --------------------------------[ jar ]---------------------------------
[INFO] 
[INFO] --- maven-clean-plugin:2.5:clean (default-clean) @ gson ---
[INFO] Deleting /tmp/icst-2019/september-2018/dataset/gson_parent/gson/target
[INFO] 
[INFO] --- maven-enforcer-plugin:1.0:enforce (enforce-maven) @ gson ---
[INFO] Skipping Rule Enforcement.
[INFO] 
[INFO] --- maven-resources-plugin:2.6:resources (default-resources) @ gson ---
[INFO] Using 'UTF-8' encoding to copy filtered resources.
[INFO] skip non existing resourceDirectory /tmp/icst-2019/september-2018/dataset/gson_parent/gson/src/main/resources
[INFO] 
[INFO] --- maven-compiler-plugin:3.0:compile (default-compile) @ gson ---
[INFO] Changes detected - recompiling the module!
[INFO] Compiling 67 source files to /tmp/icst-2019/september-2018/dataset/gson_parent/gson/target/classes
[INFO] 
[INFO] --- bnd-maven-plugin:3.1.0:bnd-process (default) @ gson ---
[WARNING] Export com.google.gson,  has 1,  private references [com.google.gson.internal], 
[INFO] 
[INFO] --- maven-resources-plugin:2.6:testResources (default-testResources) @ gson ---
[INFO] Using 'UTF-8' encoding to copy filtered resources.
[INFO] skip non existing resourceDirectory /tmp/icst-2019/september-2018/dataset/gson_parent/gson/src/test/resources
[INFO] 
[INFO] --- maven-compiler-plugin:3.0:testCompile (default-testCompile) @ gson ---
[INFO] Changes detected - recompiling the module!
[INFO] Compiling 96 source files to /tmp/icst-2019/september-2018/dataset/gson_parent/gson/target/test-classes
[WARNING] /tmp/icst-2019/september-2018/dataset/gson_parent/gson/src/test/java/com/google/gson/stream/JsonReaderPathTest.java: Some input files use or override a deprecated API.
[WARNING] /tmp/icst-2019/september-2018/dataset/gson_parent/gson/src/test/java/com/google/gson/stream/JsonReaderPathTest.java: Recompile with -Xlint:deprecation for details.
[INFO] 
[INFO] --- maven-surefire-plugin:2.12.4:test (default-test) @ gson ---
[INFO] Tests are skipped.
[INFO] 
[INFO] --- maven-dependency-plugin:2.8:build-classpath (default-cli) @ gson ---
[INFO] Wrote classpath file '/tmp/icst-2019/september-2018/dataset/gson_parent/gson/target/dspot/classpath'.
[INFO] ------------------------------------------------------------------------
[INFO] BUILD SUCCESS
[INFO] ------------------------------------------------------------------------
[INFO] Total time: 11.933 s
[INFO] Finished at: 2018-10-09T18:45:25+02:00
[INFO] ------------------------------------------------------------------------
[ERROR] 2018-10-09 18:45:31 JDTCommentBuilder - // Field tag only annotation is not added into the AST
spoon.reflect.declaration.ParentNotInitializedException: parent not initialized for class spoon.support.reflect.code.CtCommentImpl (/tmp/icst-2019/september-2018/dataset/gson_parent/gson/src/test/java/com/google/gson/functional/ExclusionStrategyFunctionalTest.java:167)
	at spoon.support.reflect.declaration.CtElementImpl.getParent(CtElementImpl.java:375)
	at spoon.support.compiler.jdt.JDTCommentBuilder.insertCommentInAST(JDTCommentBuilder.java:493)
	at spoon.support.compiler.jdt.JDTCommentBuilder.buildComment(JDTCommentBuilder.java:157)
	at spoon.support.compiler.jdt.JDTCommentBuilder.build(JDTCommentBuilder.java:113)
	at spoon.support.compiler.jdt.JDTBasedSpoonCompiler.buildModel(JDTBasedSpoonCompiler.java:477)
	at spoon.support.compiler.jdt.JDTBasedSpoonCompiler.buildUnitsAndModel(JDTBasedSpoonCompiler.java:390)
	at spoon.support.compiler.jdt.JDTBasedSpoonCompiler.buildSources(JDTBasedSpoonCompiler.java:339)
	at spoon.support.compiler.jdt.JDTBasedSpoonCompiler.build(JDTBasedSpoonCompiler.java:122)
	at spoon.support.compiler.jdt.JDTBasedSpoonCompiler.build(JDTBasedSpoonCompiler.java:105)
	at spoon.Launcher.buildModel(Launcher.java:767)
	at eu.stamp_project.utils.compilation.DSpotCompiler.getSpoonModelOf(DSpotCompiler.java:102)
	at eu.stamp_project.utils.compilation.DSpotCompiler.createDSpotCompiler(DSpotCompiler.java:35)
	at eu.stamp_project.dspot.DSpot.<init>(DSpot.java:89)
	at eu.stamp_project.Main.run(Main.java:49)
	at eu.stamp_project.DSpotMojo.execute(DSpotMojo.java:263)
	at org.apache.maven.plugin.DefaultBuildPluginManager.executeMojo(DefaultBuildPluginManager.java:137)
	at org.apache.maven.lifecycle.internal.MojoExecutor.execute(MojoExecutor.java:208)
	at org.apache.maven.lifecycle.internal.MojoExecutor.execute(MojoExecutor.java:154)
	at org.apache.maven.lifecycle.internal.MojoExecutor.execute(MojoExecutor.java:146)
	at org.apache.maven.lifecycle.internal.LifecycleModuleBuilder.buildProject(LifecycleModuleBuilder.java:117)
	at org.apache.maven.lifecycle.internal.LifecycleModuleBuilder.buildProject(LifecycleModuleBuilder.java:81)
	at org.apache.maven.lifecycle.internal.builder.singlethreaded.SingleThreadedBuilder.build(SingleThreadedBuilder.java:56)
	at org.apache.maven.lifecycle.internal.LifecycleStarter.execute(LifecycleStarter.java:128)
	at org.apache.maven.DefaultMaven.doExecute(DefaultMaven.java:305)
	at org.apache.maven.DefaultMaven.doExecute(DefaultMaven.java:192)
	at org.apache.maven.DefaultMaven.execute(DefaultMaven.java:105)
	at org.apache.maven.cli.MavenCli.execute(MavenCli.java:954)
	at org.apache.maven.cli.MavenCli.doMain(MavenCli.java:288)
	at org.apache.maven.cli.MavenCli.main(MavenCli.java:192)
	at sun.reflect.NativeMethodAccessorImpl.invoke0(Native Method)
	at sun.reflect.NativeMethodAccessorImpl.invoke(NativeMethodAccessorImpl.java:62)
	at sun.reflect.DelegatingMethodAccessorImpl.invoke(DelegatingMethodAccessorImpl.java:43)
	at java.lang.reflect.Method.invoke(Method.java:498)
	at org.codehaus.plexus.classworlds.launcher.Launcher.launchEnhanced(Launcher.java:289)
	at org.codehaus.plexus.classworlds.launcher.Launcher.launch(Launcher.java:229)
	at org.codehaus.plexus.classworlds.launcher.Launcher.mainWithExitCode(Launcher.java:415)
	at org.codehaus.plexus.classworlds.launcher.Launcher.main(Launcher.java:356)
[INFO] Using /home/spirals/danglot/apache-maven-3.5.4 for maven home
[INFO] run maven: /home/spirals/danglot/apache-maven-3.5.4/bin/mvn clean test -DskipTests dependency:build-classpath -Dmdep.outputFile=target/dspot/classpath
[WARN] Maven will be executed in interactive mode, but no input stream has been configured for this MavenInvoker instance.
[INFO] Scanning for projects...
[WARNING] 
[WARNING] Some problems were encountered while building the effective model for com.google.code.gson:gson:jar:2.8.1-SNAPSHOT
[WARNING] 'build.plugins.plugin.version' for org.apache.maven.plugins:maven-jar-plugin is missing. @ com.google.code.gson:gson:[unknown-version], /tmp/icst-2019/september-2018/dataset/gson/gson/pom.xml, line 46, column 15
[WARNING] 
[WARNING] It is highly recommended to fix these problems because they threaten the stability of your build.
[WARNING] 
[WARNING] For this reason, future Maven versions might no longer support building such malformed projects.
[WARNING] 
[INFO] 
[INFO] ---------------------< com.google.code.gson:gson >----------------------
[INFO] Building Gson 2.8.1-SNAPSHOT
[INFO] --------------------------------[ jar ]---------------------------------
[INFO] 
[INFO] --- maven-clean-plugin:2.5:clean (default-clean) @ gson ---
[INFO] Deleting /tmp/icst-2019/september-2018/dataset/gson/gson/target
[INFO] 
[INFO] --- maven-enforcer-plugin:1.0:enforce (enforce-maven) @ gson ---
[INFO] Skipping Rule Enforcement.
[INFO] 
[INFO] --- maven-resources-plugin:2.6:resources (default-resources) @ gson ---
[INFO] Using 'UTF-8' encoding to copy filtered resources.
[INFO] skip non existing resourceDirectory /tmp/icst-2019/september-2018/dataset/gson/gson/src/main/resources
[INFO] 
[INFO] --- maven-compiler-plugin:3.0:compile (default-compile) @ gson ---
[INFO] Changes detected - recompiling the module!
[INFO] Compiling 67 source files to /tmp/icst-2019/september-2018/dataset/gson/gson/target/classes
[INFO] 
[INFO] --- bnd-maven-plugin:3.1.0:bnd-process (default) @ gson ---
[WARNING] Export com.google.gson,  has 1,  private references [com.google.gson.internal], 
[INFO] 
[INFO] --- maven-resources-plugin:2.6:testResources (default-testResources) @ gson ---
[INFO] Using 'UTF-8' encoding to copy filtered resources.
[INFO] skip non existing resourceDirectory /tmp/icst-2019/september-2018/dataset/gson/gson/src/test/resources
[INFO] 
[INFO] --- maven-compiler-plugin:3.0:testCompile (default-testCompile) @ gson ---
[INFO] Changes detected - recompiling the module!
[INFO] Compiling 97 source files to /tmp/icst-2019/september-2018/dataset/gson/gson/target/test-classes
[WARNING] /tmp/icst-2019/september-2018/dataset/gson/gson/src/test/java/com/google/gson/common/MoreAsserts.java: Some input files use or override a deprecated API.
[WARNING] /tmp/icst-2019/september-2018/dataset/gson/gson/src/test/java/com/google/gson/common/MoreAsserts.java: Recompile with -Xlint:deprecation for details.
[INFO] 
[INFO] --- maven-surefire-plugin:2.12.4:test (default-test) @ gson ---
[INFO] Tests are skipped.
[INFO] 
[INFO] --- maven-dependency-plugin:2.8:build-classpath (default-cli) @ gson ---
[INFO] Wrote classpath file '/tmp/icst-2019/september-2018/dataset/gson/gson/target/dspot/classpath'.
[INFO] ------------------------------------------------------------------------
[INFO] BUILD SUCCESS
[INFO] ------------------------------------------------------------------------
[INFO] Total time: 11.717 s
[INFO] Finished at: 2018-10-09T18:45:46+02:00
[INFO] ------------------------------------------------------------------------
[INFO] Amplification of com.google.gson.functional.PrimitiveTest (99 test(s))
[INFO] Assertion amplification of com.google.gson.functional.PrimitiveTest (99 test(s))
[ERROR] Error(s) during compilation:
[ERROR] Pb(102) The method assertEquals(Object, Object) is ambiguous for the type Assert
[ERROR] Pb(102) The method assertEquals(Object, Object) is ambiguous for the type Assert
[ERROR] Pb(102) The method assertEquals(Object, Object) is ambiguous for the type Assert
[ERROR] Pb(102) The method assertEquals(Object, Object) is ambiguous for the type Assert
[INFO] Run: java -classpath /tmp/icst-2019/september-2018/dataset/gson_parent/gson/target/test-classes:/tmp/icst-2019/september-2018/dataset/gson_parent/gson/target/classes/:/home/spirals/danglot/.m2/repository/junit/junit/4.12/junit-4.12.jar:/home/spirals/danglot/.m2/repository/org/hamcrest/hamcrest-core/1.3/hamcrest-core-1.3.jar:/tmp/icst-2019/september-2018/dataset/gson_parent/gson/target/dspot/dependencies/:/home/spirals/danglot/.m2/repository/eu/stamp-project/test-runner/1.1.0/test-runner-1.1.0-jar-with-dependencies.jar eu.stamp_project.testrunner.runner.test.TestRunner com.google.gson.functional.PrimitiveTest testDeserializingDecimalPointValueZeroSucceeds:testDeserializeJsonArrayAsDoublePrimitive:testNumberAsStringDeserialization:testBooleanDeserialization:testFloatInfinitySerialization:testNumberDeserialization:testLongAsStringSerialization:testPrimitiveIntegerAutoboxedSerialization:testBigIntegerInASingleElementArraySerialization:testDeserializeJsonArrayAsByteWrapper:testNegativeInfinitySerialization:testDoubleInfinityDeserialization:testDeserializeJsonArrayAsLongWrapper:testSmallValueForBigIntegerDeserialization:testDeserializeJsonObjectAsBigInteger:testUnquotedStringDeserializationFails:testQuotedStringSerializationAndDeserialization:testPrimitiveDoubleAutoboxedSerialization:testDeserializeJsonObjectAsBooleanPrimitive:testDeserializeJsonObjectAsBytePrimitive:testSmallValueForBigDecimalSerialization:testDeserializingBigIntegerAsInteger:testLongAsStringDeserialization:testShortSerialization:testNegativeInfinitySerializationNotSupportedByDefault:testByteSerialization:testDeserializePrimitiveWrapperAsObjectField:testPrimitiveDoubleAutoboxedInASingleElementArraySerialization:testNegativeInfinityFloatSerialization:testHtmlCharacterSerialization:testReallyLongValuesSerialization:testPrimitiveBooleanAutoboxedSerialization:testFloatInfinitySerializationNotSupportedByDefault:testReallyLongValuesDeserialization:testPrimitiveDoubleAutoboxedDeserialization:testBigDecimalPreservePrecisionSerialization:testSmallValueForBigDecimalDeserialization:testByteDeserialization:testDoubleInfinitySerialization:testBigDecimalInASingleElementArraySerialization:testPrimitiveIntegerAutoboxedDeserialization:testDeserializeJsonObjectAsInteger:testBigDecimalSerialization:testDeserializeJsonArrayAsBooleanWrapper:testDeserializeJsonArrayAsShortWrapper:testBigDecimalDeserialization:testBigDecimalPreservePrecisionDeserialization:testDoubleArrayDeserialization:testPrimitiveClassLiteral:testLargeDoubleDeserialization:testBigDecimalInfinityDeserializationNotSupported:testBigDecimalNaNDeserializationNotSupported:testBigDecimalAsStringRepresentationDeserialization:testDoubleNoFractAsStringRepresentationDeserialization:testDeserializeJsonObjectAsDoubleWrapper:testFloatNaNDeserialization:testDeserializeJsonObjectAsShortPrimitive:testDeserializeJsonArrayAsNumber:testDoubleAsStringRepresentationDeserialization:testBigIntegerSerialization:testDoubleNaNDeserialization:testDoubleNaNSerializationNotSupportedByDefault:testDeserializeJsonObjectAsLongPrimitive:testStringsAsBooleans:testDeserializingBigIntegerAsLong:testNegativeInfinityDeserialization:testDeserializeJsonArrayAsBigDecimal:testDeserializingNonZeroDecimalPointValuesAsIntegerFails:testFloatInfinityDeserialization:testMoreSpecificSerialization:testFloatNaNSerializationNotSupportedByDefault:testNumberSerialization:testDeserializeJsonObjectAsBigDecimal:testBigDecimalNoFractAsStringRepresentationDeserialization:testBigDecimalNegativeInfinityDeserializationNotSupported:testDeserializingBigIntegerAsBigDecimal:testDoubleNaNSerialization:testNegativeInfinityFloatSerializationNotSupportedByDefault:testPrimitiveIntegerAutoboxedInASingleElementArraySerialization:testPrimitiveLongAutoboxedDeserialization:testBadValueForBigIntegerDeserialization:testDeserializingBigDecimalAsIntegerFails:testDeserializingBigDecimalAsBigIntegerFails:testFloatNaNSerialization:testPrimitiveLongAutoboxedInASingleElementArraySerialization:testNegativeInfinityFloatDeserialization:testDeserializingBigDecimalAsDouble:testPrimitiveBooleanAutoboxedInASingleElementArraySerialization:testPrimitiveLongAutoboxedSerialization:testDoubleInfinitySerializationNotSupportedByDefault:testSmallValueForBigIntegerSerialization:testBigIntegerDeserialization:testDeserializeJsonObjectAsFloatPrimitive:testDeserializeJsonObjectAsNumber:testDeserializingBigDecimalAsFloat:testDeserializeJsonArrayAsFloatWrapper:testDeserializeJsonArrayAsBigInteger:testDeserializeJsonArrayAsInt
File saved to the following path: /tmp/icst-2019/september-2018/dataset/gson_parent/gson/target/dspot/TestListener.ser
Loading /tmp/icst-2019/september-2018/dataset/gson_parent/gson/target/dspot/TestListener.ser
[INFO] Test has been run: testDeserializeJsonArrayAsBigDecimal,testDeserializingBigIntegerAsLong,testLongAsStringDeserialization,testBigDecimalPreservePrecisionSerialization,testSmallValueForBigDecimalDeserialization,testFloatNaNSerializationNotSupportedByDefault,testDeserializeJsonArrayAsLongWrapper,testDeserializeJsonArrayAsShortWrapper,testDeserializeJsonObjectAsDoubleWrapper,testNumberDeserialization,testMoreSpecificSerialization,testUnquotedStringDeserializationFails,testDeserializingBigIntegerAsBigDecimal,testQuotedStringSerializationAndDeserialization,testDeserializingBigDecimalAsIntegerFails,testDeserializeJsonArrayAsBigInteger,testBigDecimalNaNDeserializationNotSupported,testDeserializingBigDecimalAsBigIntegerFails,testDeserializeJsonArrayAsFloatWrapper,testDeserializeJsonArrayAsInt,testReallyLongValuesDeserialization,testNegativeInfinityFloatSerializationNotSupportedByDefault,testBigDecimalInASingleElementArraySerialization,testNumberAsStringDeserialization,testDeserializeJsonObjectAsInteger,testDeserializingBigIntegerAsInteger,testSmallValueForBigIntegerDeserialization,testNegativeInfinityFloatDeserialization,testBadValueForBigIntegerDeserialization,testHtmlCharacterSerialization,testDoubleNaNSerializationNotSupportedByDefault,testPrimitiveBooleanAutoboxedInASingleElementArraySerialization,testDeserializeJsonObjectAsFloatPrimitive,testPrimitiveBooleanAutoboxedSerialization,testBigDecimalDeserialization,testPrimitiveLongAutoboxedDeserialization,testDoubleInfinitySerializationNotSupportedByDefault,testNegativeInfinityDeserialization,testSmallValueForBigIntegerSerialization,testNegativeInfinitySerializationNotSupportedByDefault,testBigDecimalNegativeInfinityDeserializationNotSupported,testDeserializeJsonArrayAsDoublePrimitive,testSmallValueForBigDecimalSerialization,testNumberSerialization,testBigDecimalAsStringRepresentationDeserialization,testDeserializeJsonArrayAsByteWrapper,testBigDecimalInfinityDeserializationNotSupported,testFloatNaNSerialization,testDeserializeJsonObjectAsBooleanPrimitive,testByteDeserialization,testPrimitiveIntegerAutoboxedDeserialization,testDeserializeJsonArrayAsBooleanWrapper,testBigIntegerDeserialization,testBigDecimalNoFractAsStringRepresentationDeserialization,testReallyLongValuesSerialization,testDeserializeJsonObjectAsBytePrimitive,testPrimitiveDoubleAutoboxedSerialization,testDeserializeJsonObjectAsBigDecimal,testNegativeInfinitySerialization,testFloatInfinitySerialization,testFloatNaNDeserialization,testDoubleNaNDeserialization,testBigIntegerInASingleElementArraySerialization,testStringsAsBooleans,testBigIntegerSerialization,testDeserializingDecimalPointValueZeroSucceeds,testLongAsStringSerialization,testDeserializeJsonObjectAsBigInteger,testDeserializePrimitiveWrapperAsObjectField,testPrimitiveClassLiteral,testBigDecimalSerialization,testByteSerialization,testNegativeInfinityFloatSerialization,testPrimitiveIntegerAutoboxedSerialization,testShortSerialization,testPrimitiveIntegerAutoboxedInASingleElementArraySerialization,testFloatInfinitySerializationNotSupportedByDefault,testDoubleInfinityDeserialization,testBigDecimalPreservePrecisionDeserialization,testDeserializeJsonArrayAsNumber,testDoubleNaNSerialization,testBooleanDeserialization,testPrimitiveLongAutoboxedInASingleElementArraySerialization,testDeserializingNonZeroDecimalPointValuesAsIntegerFails,testFloatInfinityDeserialization,testDeserializeJsonObjectAsNumber,testDoubleInfinitySerialization,testPrimitiveDoubleAutoboxedInASingleElementArraySerialization,testDeserializeJsonObjectAsShortPrimitive,testPrimitiveLongAutoboxedSerialization,testDeserializeJsonObjectAsLongPrimitive,testDeserializingBigDecimalAsFloat(com.google.gson.functional.PrimitiveTest): Use assertEquals(expected, actual, delta) to compare floating-point numbers,testLargeDoubleDeserialization(com.google.gson.functional.PrimitiveTest): Use assertEquals(expected, actual, delta) to compare floating-point numbers,testDoubleNoFractAsStringRepresentationDeserialization(com.google.gson.functional.PrimitiveTest): Use assertEquals(expected, actual, delta) to compare floating-point numbers,testDeserializingBigDecimalAsDouble(com.google.gson.functional.PrimitiveTest): Use assertEquals(expected, actual, delta) to compare floating-point numbers,testPrimitiveDoubleAutoboxedDeserialization(com.google.gson.functional.PrimitiveTest): Use assertEquals(expected, actual, delta) to compare floating-point numbers,testDoubleArrayDeserialization(com.google.gson.functional.PrimitiveTest): Use assertEquals(expected, actual, delta) to compare floating-point numbers,testDoubleAsStringRepresentationDeserialization(com.google.gson.functional.PrimitiveTest): Use assertEquals(expected, actual, delta) to compare floating-point numbers
[INFO] Run tests. (91)
[ERROR] Error(s) during compilation:
[ERROR] Pb(55) Duplicate local variable BigDecimal_3
[ERROR] Pb(55) Duplicate local variable BigInteger_0
[ERROR] Pb(102) The method assertEquals(Object, Object) is ambiguous for the type Assert
[ERROR] Pb(102) The method assertEquals(Object, Object) is ambiguous for the type Assert
[ERROR] Pb(102) The method assertEquals(Object, Object) is ambiguous for the type Assert
[ERROR] Pb(102) The method assertEquals(Object, Object) is ambiguous for the type Assert
[INFO] Run: java -classpath /tmp/icst-2019/september-2018/dataset/gson_parent/gson/target/test-classes:/tmp/icst-2019/september-2018/dataset/gson_parent/gson/target/classes/:/home/spirals/danglot/.m2/repository/junit/junit/4.12/junit-4.12.jar:/home/spirals/danglot/.m2/repository/org/hamcrest/hamcrest-core/1.3/hamcrest-core-1.3.jar:/tmp/icst-2019/september-2018/dataset/gson_parent/gson/target/dspot/dependencies/:/home/spirals/danglot/.m2/repository/eu/stamp-project/test-runner/1.1.0/test-runner-1.1.0-jar-with-dependencies.jar eu.stamp_project.testrunner.runner.test.TestRunner com.google.gson.functional.PrimitiveTest testDeserializingDecimalPointValueZeroSucceeds:testDeserializeJsonArrayAsDoublePrimitive:testNumberAsStringDeserialization:testBooleanDeserialization:testFloatInfinitySerialization:testNumberDeserialization:testLongAsStringSerialization:testPrimitiveIntegerAutoboxedSerialization:testDeserializeJsonArrayAsByteWrapper:testNegativeInfinitySerialization:testDoubleInfinityDeserialization:testDeserializeJsonArrayAsLongWrapper:testSmallValueForBigIntegerDeserialization:testDeserializeJsonObjectAsBigInteger:testUnquotedStringDeserializationFails:testQuotedStringSerializationAndDeserialization:testPrimitiveDoubleAutoboxedSerialization:testDeserializeJsonObjectAsBooleanPrimitive:testDeserializeJsonObjectAsBytePrimitive:testSmallValueForBigDecimalSerialization:testDeserializingBigIntegerAsInteger:testLongAsStringDeserialization:testShortSerialization:testNegativeInfinitySerializationNotSupportedByDefault:testByteSerialization:testDeserializePrimitiveWrapperAsObjectField:testPrimitiveDoubleAutoboxedInASingleElementArraySerialization:testNegativeInfinityFloatSerialization:testHtmlCharacterSerialization:testReallyLongValuesSerialization:testPrimitiveBooleanAutoboxedSerialization:testFloatInfinitySerializationNotSupportedByDefault:testReallyLongValuesDeserialization:testBigDecimalPreservePrecisionSerialization:testSmallValueForBigDecimalDeserialization:testByteDeserialization:testDoubleInfinitySerialization:testPrimitiveIntegerAutoboxedDeserialization:testDeserializeJsonObjectAsInteger:testBigDecimalSerialization:testDeserializeJsonArrayAsBooleanWrapper:testDeserializeJsonArrayAsShortWrapper:testBigDecimalDeserialization:testBigDecimalPreservePrecisionDeserialization:testPrimitiveClassLiteral:testBigDecimalInfinityDeserializationNotSupported:testBigDecimalNaNDeserializationNotSupported:testBigDecimalAsStringRepresentationDeserialization:testDeserializeJsonObjectAsDoubleWrapper:testFloatNaNDeserialization:testDeserializeJsonObjectAsShortPrimitive:testDeserializeJsonArrayAsNumber:testBigIntegerSerialization:testDoubleNaNDeserialization:testDoubleNaNSerializationNotSupportedByDefault:testDeserializeJsonObjectAsLongPrimitive:testStringsAsBooleans:testDeserializingBigIntegerAsLong:testNegativeInfinityDeserialization:testDeserializeJsonArrayAsBigDecimal:testDeserializingNonZeroDecimalPointValuesAsIntegerFails:testFloatInfinityDeserialization:testMoreSpecificSerialization:testFloatNaNSerializationNotSupportedByDefault:testNumberSerialization:testDeserializeJsonObjectAsBigDecimal:testBigDecimalNoFractAsStringRepresentationDeserialization:testBigDecimalNegativeInfinityDeserializationNotSupported:testDeserializingBigIntegerAsBigDecimal:testDoubleNaNSerialization:testNegativeInfinityFloatSerializationNotSupportedByDefault:testPrimitiveIntegerAutoboxedInASingleElementArraySerialization:testPrimitiveLongAutoboxedDeserialization:testBadValueForBigIntegerDeserialization:testDeserializingBigDecimalAsIntegerFails:testDeserializingBigDecimalAsBigIntegerFails:testFloatNaNSerialization:testPrimitiveLongAutoboxedInASingleElementArraySerialization:testNegativeInfinityFloatDeserialization:testPrimitiveBooleanAutoboxedInASingleElementArraySerialization:testPrimitiveLongAutoboxedSerialization:testDoubleInfinitySerializationNotSupportedByDefault:testSmallValueForBigIntegerSerialization:testBigIntegerDeserialization:testDeserializeJsonObjectAsFloatPrimitive:testDeserializeJsonObjectAsNumber:testDeserializeJsonArrayAsFloatWrapper:testDeserializeJsonArrayAsBigInteger:testDeserializeJsonArrayAsInt
File saved to the following path: /tmp/icst-2019/september-2018/dataset/gson_parent/gson/target/dspot/TestListener.ser
Loading /tmp/icst-2019/september-2018/dataset/gson_parent/gson/target/dspot/TestListener.ser
[INFO] Test has been run: testDeserializeJsonArrayAsBigDecimal,testDeserializingBigIntegerAsLong,testLongAsStringDeserialization,testBigDecimalPreservePrecisionSerialization,testSmallValueForBigDecimalDeserialization,testFloatNaNSerializationNotSupportedByDefault,testDeserializeJsonArrayAsLongWrapper,testDeserializeJsonArrayAsShortWrapper,testDeserializeJsonObjectAsDoubleWrapper,testNumberDeserialization,testMoreSpecificSerialization,testUnquotedStringDeserializationFails,testDeserializingBigIntegerAsBigDecimal,testQuotedStringSerializationAndDeserialization,testDeserializingBigDecimalAsIntegerFails,testDeserializeJsonArrayAsBigInteger,testBigDecimalNaNDeserializationNotSupported,testDeserializingBigDecimalAsBigIntegerFails,testDeserializeJsonArrayAsFloatWrapper,testDeserializeJsonArrayAsInt,testReallyLongValuesDeserialization,testNegativeInfinityFloatSerializationNotSupportedByDefault,testNumberAsStringDeserialization,testDeserializeJsonObjectAsInteger,testDeserializingBigIntegerAsInteger,testSmallValueForBigIntegerDeserialization,testNegativeInfinityFloatDeserialization,testBadValueForBigIntegerDeserialization,testHtmlCharacterSerialization,testDoubleNaNSerializationNotSupportedByDefault,testPrimitiveBooleanAutoboxedInASingleElementArraySerialization,testDeserializeJsonObjectAsFloatPrimitive,testPrimitiveBooleanAutoboxedSerialization,testBigDecimalDeserialization,testPrimitiveLongAutoboxedDeserialization,testDoubleInfinitySerializationNotSupportedByDefault,testNegativeInfinityDeserialization,testSmallValueForBigIntegerSerialization,testNegativeInfinitySerializationNotSupportedByDefault,testBigDecimalNegativeInfinityDeserializationNotSupported,testDeserializeJsonArrayAsDoublePrimitive,testSmallValueForBigDecimalSerialization,testNumberSerialization,testBigDecimalAsStringRepresentationDeserialization,testDeserializeJsonArrayAsByteWrapper,testBigDecimalInfinityDeserializationNotSupported,testFloatNaNSerialization,testDeserializeJsonObjectAsBooleanPrimitive,testByteDeserialization,testPrimitiveIntegerAutoboxedDeserialization,testDeserializeJsonArrayAsBooleanWrapper,testBigIntegerDeserialization,testBigDecimalNoFractAsStringRepresentationDeserialization,testReallyLongValuesSerialization,testDeserializeJsonObjectAsBytePrimitive,testPrimitiveDoubleAutoboxedSerialization,testDeserializeJsonObjectAsBigDecimal,testNegativeInfinitySerialization,testFloatInfinitySerialization,testFloatNaNDeserialization,testDoubleNaNDeserialization,testStringsAsBooleans,testBigIntegerSerialization,testDeserializingDecimalPointValueZeroSucceeds,testLongAsStringSerialization,testDeserializeJsonObjectAsBigInteger,testDeserializePrimitiveWrapperAsObjectField,testPrimitiveClassLiteral,testBigDecimalSerialization,testByteSerialization,testNegativeInfinityFloatSerialization,testPrimitiveIntegerAutoboxedSerialization,testShortSerialization,testPrimitiveIntegerAutoboxedInASingleElementArraySerialization,testFloatInfinitySerializationNotSupportedByDefault,testDoubleInfinityDeserialization,testBigDecimalPreservePrecisionDeserialization,testDeserializeJsonArrayAsNumber,testDoubleNaNSerialization,testBooleanDeserialization,testPrimitiveLongAutoboxedInASingleElementArraySerialization,testDeserializingNonZeroDecimalPointValuesAsIntegerFails,testFloatInfinityDeserialization,testDeserializeJsonObjectAsNumber,testDoubleInfinitySerialization,testPrimitiveDoubleAutoboxedInASingleElementArraySerialization,testDeserializeJsonObjectAsShortPrimitive,testPrimitiveLongAutoboxedSerialization,testDeserializeJsonObjectAsLongPrimitive
[INFO] 89 test pass, generating assertion...
[INFO] Add observations points in passing tests.
[INFO] Instrumentation...
  1% | ]/  2% |= ]-  3% |= ]\  4% |== ]|  5% |== ]/  6% |=== ]-  7% |=== ]\  8% |==== ]| 10% |===== ]/ 11% |===== ]- 12% |====== ]\ 13% |====== ]| 14% |======= ]/ 15% |======= ]- 16% |======== ]\ 17% |======== ]| 19% |========= ]/ 20% |========== ]- 21% |========== ]\ 22% |=========== ]| 23% |=========== ]/ 24% |============ ]- 25% |============ ]\ 26% |============= ]| 28% |============== ]/ 29% |============== ]- 30% |=============== ]\ 31% |=============== ]| 32% |================ ]/ 33% |================ ]- 34% |================= ]\ 35% |================= ]| 37% |================== ]/ 38% |=================== ]- 39% |=================== ]\ 40% |==================== ]| 41% |==================== ]/ 42% |===================== ]- 43% |===================== ]\ 44% |====================== ]| 46% |======================= ]/ 47% |======================= ]- 48% |======================== ]\ 49% |======================== ]| 50% |========================= ]/ 51% |========================= ]- 52% |========================== ]\ 53% |========================== ]| 55% |=========================== ]/ 56% |============================ ]- 57% |============================ ]\ 58% |============================= ]| 59% |============================= ]/ 60% |============================== ]- 61% |============================== ]\ 62% |=============================== ]| 64% |================================ ]/ 65% |================================ ]- 66% |================================= ]\ 67% |================================= ]| 68% |================================== ]/ 69% |================================== ]- 70% |=================================== ]\ 71% |=================================== ]| 73% |==================================== ]/ 74% |===================================== ]- 75% |===================================== ]\ 76% |====================================== ]| 77% |====================================== ]/ 78% |======================================= ]- 79% |======================================= ]\ 80% |======================================== ]| 82% |========================================= ]/ 83% |========================================= ]- 84% |========================================== ]\ 85% |========================================== ]| 86% |=========================================== ]/ 87% |=========================================== ]- 88% |============================================ ]\ 89% |============================================ ]| 91% |============================================= ]/ 92% |============================================== ]- 93% |============================================== ]\ 94% |=============================================== ]| 95% |=============================================== ]/ 96% |================================================ ]- 97% |================================================ ]\ 98% |================================================= ]|100% |================================================== ]/
[INFO] Run instrumented tests. (267)
[INFO] Run: java -classpath /tmp/icst-2019/september-2018/dataset/gson_parent/gson/target/test-classes:/tmp/icst-2019/september-2018/dataset/gson_parent/gson/target/classes/:/home/spirals/danglot/.m2/repository/junit/junit/4.12/junit-4.12.jar:/home/spirals/danglot/.m2/repository/org/hamcrest/hamcrest-core/1.3/hamcrest-core-1.3.jar:/tmp/icst-2019/september-2018/dataset/gson_parent/gson/target/dspot/dependencies/:/home/spirals/danglot/.m2/repository/eu/stamp-project/test-runner/1.1.0/test-runner-1.1.0-jar-with-dependencies.jar eu.stamp_project.testrunner.runner.test.TestRunner com.google.gson.functional.PrimitiveTest testDeserializingDecimalPointValueZeroSucceeds_withlog0:testDeserializeJsonArrayAsDoublePrimitive_withlog0:testNumberAsStringDeserialization_withlog0:testBooleanDeserialization_withlog0:testFloatInfinitySerialization_withlog0:testNumberDeserialization_withlog0:testLongAsStringSerialization_withlog0:testPrimitiveIntegerAutoboxedSerialization_withlog0:testDeserializeJsonArrayAsByteWrapper_withlog0:testNegativeInfinitySerialization_withlog0:testDoubleInfinityDeserialization_withlog0:testDeserializeJsonArrayAsLongWrapper_withlog0:testSmallValueForBigIntegerDeserialization_withlog0:testDeserializeJsonObjectAsBigInteger_withlog0:testUnquotedStringDeserializationFails_withlog0:testQuotedStringSerializationAndDeserialization_withlog0:testPrimitiveDoubleAutoboxedSerialization_withlog0:testDeserializeJsonObjectAsBooleanPrimitive_withlog0:testDeserializeJsonObjectAsBytePrimitive_withlog0:testSmallValueForBigDecimalSerialization_withlog0:testDeserializingBigIntegerAsInteger_withlog0:testLongAsStringDeserialization_withlog0:testShortSerialization_withlog0:testNegativeInfinitySerializationNotSupportedByDefault_withlog0:testByteSerialization_withlog0:testDeserializePrimitiveWrapperAsObjectField_withlog0:testPrimitiveDoubleAutoboxedInASingleElementArraySerialization_withlog0:testNegativeInfinityFloatSerialization_withlog0:testHtmlCharacterSerialization_withlog0:testReallyLongValuesSerialization_withlog0:testPrimitiveBooleanAutoboxedSerialization_withlog0:testFloatInfinitySerializationNotSupportedByDefault_withlog0:testReallyLongValuesDeserialization_withlog0:testBigDecimalPreservePrecisionSerialization_withlog0:testSmallValueForBigDecimalDeserialization_withlog0:testByteDeserialization_withlog0:testDoubleInfinitySerialization_withlog0:testPrimitiveIntegerAutoboxedDeserialization_withlog0:testDeserializeJsonObjectAsInteger_withlog0:testBigDecimalSerialization_withlog0:testDeserializeJsonArrayAsBooleanWrapper_withlog0:testDeserializeJsonArrayAsShortWrapper_withlog0:testBigDecimalDeserialization_withlog0:testBigDecimalPreservePrecisionDeserialization_withlog0:testPrimitiveClassLiteral_withlog0:testBigDecimalInfinityDeserializationNotSupported_withlog0:testBigDecimalNaNDeserializationNotSupported_withlog0:testBigDecimalAsStringRepresentationDeserialization_withlog0:testDeserializeJsonObjectAsDoubleWrapper_withlog0:testFloatNaNDeserialization_withlog0:testDeserializeJsonObjectAsShortPrimitive_withlog0:testDeserializeJsonArrayAsNumber_withlog0:testBigIntegerSerialization_withlog0:testDoubleNaNDeserialization_withlog0:testDoubleNaNSerializationNotSupportedByDefault_withlog0:testDeserializeJsonObjectAsLongPrimitive_withlog0:testStringsAsBooleans_withlog0:testDeserializingBigIntegerAsLong_withlog0:testNegativeInfinityDeserialization_withlog0:testDeserializeJsonArrayAsBigDecimal_withlog0:testDeserializingNonZeroDecimalPointValuesAsIntegerFails_withlog0:testFloatInfinityDeserialization_withlog0:testMoreSpecificSerialization_withlog0:testFloatNaNSerializationNotSupportedByDefault_withlog0:testNumberSerialization_withlog0:testDeserializeJsonObjectAsBigDecimal_withlog0:testBigDecimalNoFractAsStringRepresentationDeserialization_withlog0:testBigDecimalNegativeInfinityDeserializationNotSupported_withlog0:testDeserializingBigIntegerAsBigDecimal_withlog0:testDoubleNaNSerialization_withlog0:testNegativeInfinityFloatSerializationNotSupportedByDefault_withlog0:testPrimitiveIntegerAutoboxedInASingleElementArraySerialization_withlog0:testPrimitiveLongAutoboxedDeserialization_withlog0:testBadValueForBigIntegerDeserialization_withlog0:testDeserializingBigDecimalAsIntegerFails_withlog0:testDeserializingBigDecimalAsBigIntegerFails_withlog0:testFloatNaNSerialization_withlog0:testPrimitiveLongAutoboxedInASingleElementArraySerialization_withlog0:testNegativeInfinityFloatDeserialization_withlog0:testPrimitiveBooleanAutoboxedInASingleElementArraySerialization_withlog0:testPrimitiveLongAutoboxedSerialization_withlog0:testDoubleInfinitySerializationNotSupportedByDefault_withlog0:testSmallValueForBigIntegerSerialization_withlog0:testBigIntegerDeserialization_withlog0:testDeserializeJsonObjectAsFloatPrimitive_withlog0:testDeserializeJsonObjectAsNumber_withlog0:testDeserializeJsonArrayAsFloatWrapper_withlog0:testDeserializeJsonArrayAsBigInteger_withlog0:testDeserializeJsonArrayAsInt_withlog0:testDeserializingDecimalPointValueZeroSucceeds_withlog1:testDeserializeJsonArrayAsDoublePrimitive_withlog1:testNumberAsStringDeserialization_withlog1:testBooleanDeserialization_withlog1:testFloatInfinitySerialization_withlog1:testNumberDeserialization_withlog1:testLongAsStringSerialization_withlog1:testPrimitiveIntegerAutoboxedSerialization_withlog1:testDeserializeJsonArrayAsByteWrapper_withlog1:testNegativeInfinitySerialization_withlog1:testDoubleInfinityDeserialization_withlog1:testDeserializeJsonArrayAsLongWrapper_withlog1:testSmallValueForBigIntegerDeserialization_withlog1:testDeserializeJsonObjectAsBigInteger_withlog1:testUnquotedStringDeserializationFails_withlog1:testQuotedStringSerializationAndDeserialization_withlog1:testPrimitiveDoubleAutoboxedSerialization_withlog1:testDeserializeJsonObjectAsBooleanPrimitive_withlog1:testDeserializeJsonObjectAsBytePrimitive_withlog1:testSmallValueForBigDecimalSerialization_withlog1:testDeserializingBigIntegerAsInteger_withlog1:testLongAsStringDeserialization_withlog1:testShortSerialization_withlog1:testNegativeInfinitySerializationNotSupportedByDefault_withlog1:testByteSerialization_withlog1:testDeserializePrimitiveWrapperAsObjectField_withlog1:testPrimitiveDoubleAutoboxedInASingleElementArraySerialization_withlog1:testNegativeInfinityFloatSerialization_withlog1:testHtmlCharacterSerialization_withlog1:testReallyLongValuesSerialization_withlog1:testPrimitiveBooleanAutoboxedSerialization_withlog1:testFloatInfinitySerializationNotSupportedByDefault_withlog1:testReallyLongValuesDeserialization_withlog1:testBigDecimalPreservePrecisionSerialization_withlog1:testSmallValueForBigDecimalDeserialization_withlog1:testByteDeserialization_withlog1:testDoubleInfinitySerialization_withlog1:testPrimitiveIntegerAutoboxedDeserialization_withlog1:testDeserializeJsonObjectAsInteger_withlog1:testBigDecimalSerialization_withlog1:testDeserializeJsonArrayAsBooleanWrapper_withlog1:testDeserializeJsonArrayAsShortWrapper_withlog1:testBigDecimalDeserialization_withlog1:testBigDecimalPreservePrecisionDeserialization_withlog1:testPrimitiveClassLiteral_withlog1:testBigDecimalInfinityDeserializationNotSupported_withlog1:testBigDecimalNaNDeserializationNotSupported_withlog1:testBigDecimalAsStringRepresentationDeserialization_withlog1:testDeserializeJsonObjectAsDoubleWrapper_withlog1:testFloatNaNDeserialization_withlog1:testDeserializeJsonObjectAsShortPrimitive_withlog1:testDeserializeJsonArrayAsNumber_withlog1:testBigIntegerSerialization_withlog1:testDoubleNaNDeserialization_withlog1:testDoubleNaNSerializationNotSupportedByDefault_withlog1:testDeserializeJsonObjectAsLongPrimitive_withlog1:testStringsAsBooleans_withlog1:testDeserializingBigIntegerAsLong_withlog1:testNegativeInfinityDeserialization_withlog1:testDeserializeJsonArrayAsBigDecimal_withlog1:testDeserializingNonZeroDecimalPointValuesAsIntegerFails_withlog1:testFloatInfinityDeserialization_withlog1:testMoreSpecificSerialization_withlog1:testFloatNaNSerializationNotSupportedByDefault_withlog1:testNumberSerialization_withlog1:testDeserializeJsonObjectAsBigDecimal_withlog1:testBigDecimalNoFractAsStringRepresentationDeserialization_withlog1:testBigDecimalNegativeInfinityDeserializationNotSupported_withlog1:testDeserializingBigIntegerAsBigDecimal_withlog1:testDoubleNaNSerialization_withlog1:testNegativeInfinityFloatSerializationNotSupportedByDefault_withlog1:testPrimitiveIntegerAutoboxedInASingleElementArraySerialization_withlog1:testPrimitiveLongAutoboxedDeserialization_withlog1:testBadValueForBigIntegerDeserialization_withlog1:testDeserializingBigDecimalAsIntegerFails_withlog1:testDeserializingBigDecimalAsBigIntegerFails_withlog1:testFloatNaNSerialization_withlog1:testPrimitiveLongAutoboxedInASingleElementArraySerialization_withlog1:testNegativeInfinityFloatDeserialization_withlog1:testPrimitiveBooleanAutoboxedInASingleElementArraySerialization_withlog1:testPrimitiveLongAutoboxedSerialization_withlog1:testDoubleInfinitySerializationNotSupportedByDefault_withlog1:testSmallValueForBigIntegerSerialization_withlog1:testBigIntegerDeserialization_withlog1:testDeserializeJsonObjectAsFloatPrimitive_withlog1:testDeserializeJsonObjectAsNumber_withlog1:testDeserializeJsonArrayAsFloatWrapper_withlog1:testDeserializeJsonArrayAsBigInteger_withlog1:testDeserializeJsonArrayAsInt_withlog1:testDeserializingDecimalPointValueZeroSucceeds_withlog2:testDeserializeJsonArrayAsDoublePrimitive_withlog2:testNumberAsStringDeserialization_withlog2:testBooleanDeserialization_withlog2:testFloatInfinitySerialization_withlog2:testNumberDeserialization_withlog2:testLongAsStringSerialization_withlog2:testPrimitiveIntegerAutoboxedSerialization_withlog2:testDeserializeJsonArrayAsByteWrapper_withlog2:testNegativeInfinitySerialization_withlog2:testDoubleInfinityDeserialization_withlog2:testDeserializeJsonArrayAsLongWrapper_withlog2:testSmallValueForBigIntegerDeserialization_withlog2:testDeserializeJsonObjectAsBigInteger_withlog2:testUnquotedStringDeserializationFails_withlog2:testQuotedStringSerializationAndDeserialization_withlog2:testPrimitiveDoubleAutoboxedSerialization_withlog2:testDeserializeJsonObjectAsBooleanPrimitive_withlog2:testDeserializeJsonObjectAsBytePrimitive_withlog2:testSmallValueForBigDecimalSerialization_withlog2:testDeserializingBigIntegerAsInteger_withlog2:testLongAsStringDeserialization_withlog2:testShortSerialization_withlog2:testNegativeInfinitySerializationNotSupportedByDefault_withlog2:testByteSerialization_withlog2:testDeserializePrimitiveWrapperAsObjectField_withlog2:testPrimitiveDoubleAutoboxedInASingleElementArraySerialization_withlog2:testNegativeInfinityFloatSerialization_withlog2:testHtmlCharacterSerialization_withlog2:testReallyLongValuesSerialization_withlog2:testPrimitiveBooleanAutoboxedSerialization_withlog2:testFloatInfinitySerializationNotSupportedByDefault_withlog2:testReallyLongValuesDeserialization_withlog2:testBigDecimalPreservePrecisionSerialization_withlog2:testSmallValueForBigDecimalDeserialization_withlog2:testByteDeserialization_withlog2:testDoubleInfinitySerialization_withlog2:testPrimitiveIntegerAutoboxedDeserialization_withlog2:testDeserializeJsonObjectAsInteger_withlog2:testBigDecimalSerialization_withlog2:testDeserializeJsonArrayAsBooleanWrapper_withlog2:testDeserializeJsonArrayAsShortWrapper_withlog2:testBigDecimalDeserialization_withlog2:testBigDecimalPreservePrecisionDeserialization_withlog2:testPrimitiveClassLiteral_withlog2:testBigDecimalInfinityDeserializationNotSupported_withlog2:testBigDecimalNaNDeserializationNotSupported_withlog2:testBigDecimalAsStringRepresentationDeserialization_withlog2:testDeserializeJsonObjectAsDoubleWrapper_withlog2:testFloatNaNDeserialization_withlog2:testDeserializeJsonObjectAsShortPrimitive_withlog2:testDeserializeJsonArrayAsNumber_withlog2:testBigIntegerSerialization_withlog2:testDoubleNaNDeserialization_withlog2:testDoubleNaNSerializationNotSupportedByDefault_withlog2:testDeserializeJsonObjectAsLongPrimitive_withlog2:testStringsAsBooleans_withlog2:testDeserializingBigIntegerAsLong_withlog2:testNegativeInfinityDeserialization_withlog2:testDeserializeJsonArrayAsBigDecimal_withlog2:testDeserializingNonZeroDecimalPointValuesAsIntegerFails_withlog2:testFloatInfinityDeserialization_withlog2:testMoreSpecificSerialization_withlog2:testFloatNaNSerializationNotSupportedByDefault_withlog2:testNumberSerialization_withlog2:testDeserializeJsonObjectAsBigDecimal_withlog2:testBigDecimalNoFractAsStringRepresentationDeserialization_withlog2:testBigDecimalNegativeInfinityDeserializationNotSupported_withlog2:testDeserializingBigIntegerAsBigDecimal_withlog2:testDoubleNaNSerialization_withlog2:testNegativeInfinityFloatSerializationNotSupportedByDefault_withlog2:testPrimitiveIntegerAutoboxedInASingleElementArraySerialization_withlog2:testPrimitiveLongAutoboxedDeserialization_withlog2:testBadValueForBigIntegerDeserialization_withlog2:testDeserializingBigDecimalAsIntegerFails_withlog2:testDeserializingBigDecimalAsBigIntegerFails_withlog2:testFloatNaNSerialization_withlog2:testPrimitiveLongAutoboxedInASingleElementArraySerialization_withlog2:testNegativeInfinityFloatDeserialization_withlog2:testPrimitiveBooleanAutoboxedInASingleElementArraySerialization_withlog2:testPrimitiveLongAutoboxedSerialization_withlog2:testDoubleInfinitySerializationNotSupportedByDefault_withlog2:testSmallValueForBigIntegerSerialization_withlog2:testBigIntegerDeserialization_withlog2:testDeserializeJsonObjectAsFloatPrimitive_withlog2:testDeserializeJsonObjectAsNumber_withlog2:testDeserializeJsonArrayAsFloatWrapper_withlog2:testDeserializeJsonArrayAsBigInteger_withlog2:testDeserializeJsonArrayAsInt_withlog2
File saved to the following path: /tmp/icst-2019/september-2018/dataset/gson_parent/gson/target/dspot/observations.ser
File saved to the following path: /tmp/icst-2019/september-2018/dataset/gson_parent/gson/target/dspot/TestListener.ser
Loading /tmp/icst-2019/september-2018/dataset/gson_parent/gson/target/dspot/TestListener.ser
[INFO] Test has been run: testPrimitiveIntegerAutoboxedDeserialization_withlog0,testPrimitiveIntegerAutoboxedDeserialization_withlog1,testPrimitiveIntegerAutoboxedDeserialization_withlog2,testDeserializeJsonArrayAsBooleanWrapper_withlog0,testDeserializeJsonArrayAsBooleanWrapper_withlog1,testDeserializeJsonArrayAsBooleanWrapper_withlog2,testDeserializeJsonObjectAsNumber_withlog0,testDeserializeJsonObjectAsNumber_withlog1,testDeserializeJsonObjectAsNumber_withlog2,testPrimitiveClassLiteral_withlog0,testPrimitiveClassLiteral_withlog1,testPrimitiveClassLiteral_withlog2,testBigDecimalInfinityDeserializationNotSupported_withlog0,testBigDecimalInfinityDeserializationNotSupported_withlog1,testBigDecimalInfinityDeserializationNotSupported_withlog2,testPrimitiveDoubleAutoboxedInASingleElementArraySerialization_withlog0,testPrimitiveDoubleAutoboxedInASingleElementArraySerialization_withlog1,testPrimitiveDoubleAutoboxedInASingleElementArraySerialization_withlog2,testMoreSpecificSerialization_withlog0,testMoreSpecificSerialization_withlog1,testMoreSpecificSerialization_withlog2,testDeserializingBigIntegerAsBigDecimal_withlog0,testDeserializingBigIntegerAsBigDecimal_withlog1,testDeserializingBigIntegerAsBigDecimal_withlog2,testDeserializingBigDecimalAsIntegerFails_withlog0,testDeserializingBigDecimalAsIntegerFails_withlog1,testDeserializingBigDecimalAsIntegerFails_withlog2,testBigIntegerDeserialization_withlog0,testBigIntegerDeserialization_withlog1,testBigIntegerDeserialization_withlog2,testSmallValueForBigDecimalDeserialization_withlog0,testSmallValueForBigDecimalDeserialization_withlog1,testSmallValueForBigDecimalDeserialization_withlog2,testFloatInfinitySerializationNotSupportedByDefault_withlog0,testFloatInfinitySerializationNotSupportedByDefault_withlog1,testFloatInfinitySerializationNotSupportedByDefault_withlog2,testDeserializeJsonObjectAsInteger_withlog0,testDeserializeJsonObjectAsInteger_withlog1,testDeserializeJsonObjectAsInteger_withlog2,testBigDecimalAsStringRepresentationDeserialization_withlog0,testBigDecimalAsStringRepresentationDeserialization_withlog1,testBigDecimalAsStringRepresentationDeserialization_withlog2,testReallyLongValuesSerialization_withlog0,testReallyLongValuesSerialization_withlog1,testReallyLongValuesSerialization_withlog2,testStringsAsBooleans_withlog0,testStringsAsBooleans_withlog1,testStringsAsBooleans_withlog2,testNegativeInfinityFloatDeserialization_withlog0,testNegativeInfinityFloatDeserialization_withlog1,testNegativeInfinityFloatDeserialization_withlog2,testBigDecimalSerialization_withlog0,testBigDecimalSerialization_withlog1,testBigDecimalSerialization_withlog2,testDoubleNaNSerializationNotSupportedByDefault_withlog0,testDoubleNaNSerializationNotSupportedByDefault_withlog1,testDoubleNaNSerializationNotSupportedByDefault_withlog2,testSmallValueForBigIntegerDeserialization_withlog0,testSmallValueForBigIntegerDeserialization_withlog1,testSmallValueForBigIntegerDeserialization_withlog2,testDoubleInfinityDeserialization_withlog0,testDoubleInfinityDeserialization_withlog1,testDoubleInfinityDeserialization_withlog2,testNegativeInfinityFloatSerializationNotSupportedByDefault_withlog0,testNegativeInfinityFloatSerializationNotSupportedByDefault_withlog1,testNegativeInfinityFloatSerializationNotSupportedByDefault_withlog2,testDeserializingDecimalPointValueZeroSucceeds_withlog0,testDeserializingDecimalPointValueZeroSucceeds_withlog1,testDeserializingDecimalPointValueZeroSucceeds_withlog2,testNegativeInfinitySerializationNotSupportedByDefault_withlog0,testNegativeInfinitySerializationNotSupportedByDefault_withlog1,testNegativeInfinitySerializationNotSupportedByDefault_withlog2,testNegativeInfinityFloatSerialization_withlog0,testNegativeInfinityFloatSerialization_withlog1,testNegativeInfinityFloatSerialization_withlog2,testDeserializingBigIntegerAsLong_withlog0,testDeserializingBigIntegerAsLong_withlog1,testDeserializingBigIntegerAsLong_withlog2,testPrimitiveBooleanAutoboxedSerialization_withlog0,testPrimitiveBooleanAutoboxedSerialization_withlog1,testPrimitiveBooleanAutoboxedSerialization_withlog2,testPrimitiveBooleanAutoboxedInASingleElementArraySerialization_withlog0,testPrimitiveBooleanAutoboxedInASingleElementArraySerialization_withlog1,testPrimitiveBooleanAutoboxedInASingleElementArraySerialization_withlog2,testBigDecimalNegativeInfinityDeserializationNotSupported_withlog0,testBigDecimalNegativeInfinityDeserializationNotSupported_withlog1,testBigDecimalNegativeInfinityDeserializationNotSupported_withlog2,testDeserializeJsonArrayAsFloatWrapper_withlog0,testDeserializeJsonArrayAsFloatWrapper_withlog1,testDeserializeJsonArrayAsFloatWrapper_withlog2,testSmallValueForBigDecimalSerialization_withlog0,testSmallValueForBigDecimalSerialization_withlog1,testSmallValueForBigDecimalSerialization_withlog2,testDeserializeJsonObjectAsFloatPrimitive_withlog0,testDeserializeJsonObjectAsFloatPrimitive_withlog1,testDeserializeJsonObjectAsFloatPrimitive_withlog2,testDoubleInfinitySerializationNotSupportedByDefault_withlog0,testDoubleInfinitySerializationNotSupportedByDefault_withlog1,testDoubleInfinitySerializationNotSupportedByDefault_withlog2,testDeserializeJsonArrayAsBigInteger_withlog0,testDeserializeJsonArrayAsBigInteger_withlog1,testDeserializeJsonArrayAsBigInteger_withlog2,testDeserializeJsonObjectAsLongPrimitive_withlog0,testDeserializeJsonObjectAsLongPrimitive_withlog1,testDeserializeJsonObjectAsLongPrimitive_withlog2,testBigDecimalNaNDeserializationNotSupported_withlog0,testBigDecimalNaNDeserializationNotSupported_withlog1,testBigDecimalNaNDeserializationNotSupported_withlog2,testDeserializeJsonObjectAsShortPrimitive_withlog0,testDeserializeJsonObjectAsShortPrimitive_withlog1,testDeserializeJsonObjectAsShortPrimitive_withlog2,testDeserializingBigIntegerAsInteger_withlog0,testDeserializingBigIntegerAsInteger_withlog1,testDeserializingBigIntegerAsInteger_withlog2,testDeserializeJsonArrayAsShortWrapper_withlog0,testDeserializeJsonArrayAsShortWrapper_withlog1,testDeserializeJsonArrayAsShortWrapper_withlog2,testDoubleNaNDeserialization_withlog0,testDoubleNaNDeserialization_withlog1,testDoubleNaNDeserialization_withlog2,testDeserializeJsonObjectAsBytePrimitive_withlog0,testDeserializeJsonObjectAsBytePrimitive_withlog1,testDeserializeJsonObjectAsBytePrimitive_withlog2,testBadValueForBigIntegerDeserialization_withlog0,testBadValueForBigIntegerDeserialization_withlog1,testBadValueForBigIntegerDeserialization_withlog2,testPrimitiveLongAutoboxedDeserialization_withlog0,testPrimitiveLongAutoboxedDeserialization_withlog1,testPrimitiveLongAutoboxedDeserialization_withlog2,testShortSerialization_withlog0,testShortSerialization_withlog1,testShortSerialization_withlog2,testDeserializeJsonObjectAsBooleanPrimitive_withlog0,testDeserializeJsonObjectAsBooleanPrimitive_withlog1,testDeserializeJsonObjectAsBooleanPrimitive_withlog2,testFloatNaNSerialization_withlog0,testFloatNaNSerialization_withlog1,testFloatNaNSerialization_withlog2,testBigDecimalPreservePrecisionDeserialization_withlog0,testBigDecimalPreservePrecisionDeserialization_withlog1,testBigDecimalPreservePrecisionDeserialization_withlog2,testDeserializeJsonObjectAsBigInteger_withlog0,testDeserializeJsonObjectAsBigInteger_withlog1,testDeserializeJsonObjectAsBigInteger_withlog2,testPrimitiveLongAutoboxedInASingleElementArraySerialization_withlog0,testPrimitiveLongAutoboxedInASingleElementArraySerialization_withlog1,testPrimitiveLongAutoboxedInASingleElementArraySerialization_withlog2,testFloatInfinityDeserialization_withlog0,testFloatInfinityDeserialization_withlog1,testFloatInfinityDeserialization_withlog2,testBigDecimalNoFractAsStringRepresentationDeserialization_withlog0,testBigDecimalNoFractAsStringRepresentationDeserialization_withlog1,testBigDecimalNoFractAsStringRepresentationDeserialization_withlog2,testLongAsStringDeserialization_withlog0,testLongAsStringDeserialization_withlog1,testLongAsStringDeserialization_withlog2,testHtmlCharacterSerialization_withlog0,testHtmlCharacterSerialization_withlog1,testHtmlCharacterSerialization_withlog2,testDeserializeJsonArrayAsBigDecimal_withlog0,testDeserializeJsonArrayAsBigDecimal_withlog1,testDeserializeJsonArrayAsBigDecimal_withlog2,testPrimitiveDoubleAutoboxedSerialization_withlog0,testPrimitiveDoubleAutoboxedSerialization_withlog1,testPrimitiveDoubleAutoboxedSerialization_withlog2,testDoubleNaNSerialization_withlog0,testDoubleNaNSerialization_withlog1,testDoubleNaNSerialization_withlog2,testUnquotedStringDeserializationFails_withlog0,testUnquotedStringDeserializationFails_withlog1,testUnquotedStringDeserializationFails_withlog2,testDeserializeJsonObjectAsDoubleWrapper_withlog0,testDeserializeJsonObjectAsDoubleWrapper_withlog1,testDeserializeJsonObjectAsDoubleWrapper_withlog2,testByteSerialization_withlog0,testByteSerialization_withlog1,testByteSerialization_withlog2,testByteDeserialization_withlog0,testByteDeserialization_withlog1,testByteDeserialization_withlog2,testDeserializingNonZeroDecimalPointValuesAsIntegerFails_withlog0,testDeserializingNonZeroDecimalPointValuesAsIntegerFails_withlog1,testDeserializingNonZeroDecimalPointValuesAsIntegerFails_withlog2,testQuotedStringSerializationAndDeserialization_withlog0,testQuotedStringSerializationAndDeserialization_withlog1,testQuotedStringSerializationAndDeserialization_withlog2,testNumberDeserialization_withlog0,testNumberDeserialization_withlog1,testNumberDeserialization_withlog2,testDeserializeJsonArrayAsDoublePrimitive_withlog0,testDeserializeJsonArrayAsDoublePrimitive_withlog1,testDeserializeJsonArrayAsDoublePrimitive_withlog2,testNegativeInfinitySerialization_withlog0,testNegativeInfinitySerialization_withlog1,testNegativeInfinitySerialization_withlog2,testFloatInfinitySerialization_withlog0,testFloatInfinitySerialization_withlog1,testFloatInfinitySerialization_withlog2,testDeserializePrimitiveWrapperAsObjectField_withlog0,testDeserializePrimitiveWrapperAsObjectField_withlog1,testDeserializePrimitiveWrapperAsObjectField_withlog2,testFloatNaNSerializationNotSupportedByDefault_withlog0,testFloatNaNSerializationNotSupportedByDefault_withlog1,testFloatNaNSerializationNotSupportedByDefault_withlog2,testPrimitiveLongAutoboxedSerialization_withlog0,testPrimitiveLongAutoboxedSerialization_withlog1,testPrimitiveLongAutoboxedSerialization_withlog2,testDeserializingBigDecimalAsBigIntegerFails_withlog0,testDeserializingBigDecimalAsBigIntegerFails_withlog1,testDeserializingBigDecimalAsBigIntegerFails_withlog2,testBigDecimalPreservePrecisionSerialization_withlog0,testBigDecimalPreservePrecisionSerialization_withlog1,testBigDecimalPreservePrecisionSerialization_withlog2,testLongAsStringSerialization_withlog0,testLongAsStringSerialization_withlog1,testLongAsStringSerialization_withlog2,testDeserializeJsonObjectAsBigDecimal_withlog0,testDeserializeJsonObjectAsBigDecimal_withlog1,testDeserializeJsonObjectAsBigDecimal_withlog2,testBooleanDeserialization_withlog0,testBooleanDeserialization_withlog1,testBooleanDeserialization_withlog2,testDeserializeJsonArrayAsNumber_withlog0,testDeserializeJsonArrayAsNumber_withlog1,testDeserializeJsonArrayAsNumber_withlog2,testReallyLongValuesDeserialization_withlog0,testReallyLongValuesDeserialization_withlog1,testReallyLongValuesDeserialization_withlog2,testBigIntegerSerialization_withlog0,testBigIntegerSerialization_withlog1,testBigIntegerSerialization_withlog2,testNegativeInfinityDeserialization_withlog0,testNegativeInfinityDeserialization_withlog1,testNegativeInfinityDeserialization_withlog2,testPrimitiveIntegerAutoboxedInASingleElementArraySerialization_withlog0,testPrimitiveIntegerAutoboxedInASingleElementArraySerialization_withlog1,testPrimitiveIntegerAutoboxedInASingleElementArraySerialization_withlog2,testBigDecimalDeserialization_withlog0,testBigDecimalDeserialization_withlog1,testBigDecimalDeserialization_withlog2,testFloatNaNDeserialization_withlog0,testFloatNaNDeserialization_withlog1,testFloatNaNDeserialization_withlog2,testDoubleInfinitySerialization_withlog0,testDoubleInfinitySerialization_withlog1,testDoubleInfinitySerialization_withlog2,testDeserializeJsonArrayAsByteWrapper_withlog0,testDeserializeJsonArrayAsByteWrapper_withlog1,testDeserializeJsonArrayAsByteWrapper_withlog2,testPrimitiveIntegerAutoboxedSerialization_withlog0,testPrimitiveIntegerAutoboxedSerialization_withlog1,testPrimitiveIntegerAutoboxedSerialization_withlog2,testNumberAsStringDeserialization_withlog0,testNumberAsStringDeserialization_withlog1,testNumberAsStringDeserialization_withlog2,testDeserializeJsonArrayAsInt_withlog0,testDeserializeJsonArrayAsInt_withlog1,testDeserializeJsonArrayAsInt_withlog2,testDeserializeJsonArrayAsLongWrapper_withlog0,testDeserializeJsonArrayAsLongWrapper_withlog1,testDeserializeJsonArrayAsLongWrapper_withlog2,testSmallValueForBigIntegerSerialization_withlog0,testSmallValueForBigIntegerSerialization_withlog1,testSmallValueForBigIntegerSerialization_withlog2,testNumberSerialization_withlog0,testNumberSerialization_withlog1,testNumberSerialization_withlog2
[INFO] Generating assertions...
[INFO] 54 new tests with assertions generated
[ERROR] Error(s) during compilation:
[ERROR] Pb(102) The method assertEquals(Object, Object) is ambiguous for the type Assert
[ERROR] Pb(102) The method assertEquals(Object, Object) is ambiguous for the type Assert
[ERROR] Pb(102) The method assertEquals(Object, Object) is ambiguous for the type Assert
[ERROR] Pb(102) The method assertEquals(Object, Object) is ambiguous for the type Assert
[INFO] Run: java -classpath /tmp/icst-2019/september-2018/dataset/gson_parent/gson/target/test-classes:/tmp/icst-2019/september-2018/dataset/gson_parent/gson/target/classes/:/home/spirals/danglot/.m2/repository/junit/junit/4.12/junit-4.12.jar:/home/spirals/danglot/.m2/repository/org/hamcrest/hamcrest-core/1.3/hamcrest-core-1.3.jar:/tmp/icst-2019/september-2018/dataset/gson_parent/gson/target/dspot/dependencies/:/home/spirals/danglot/.m2/repository/eu/stamp-project/test-runner/1.1.0/test-runner-1.1.0-jar-with-dependencies.jar eu.stamp_project.testrunner.runner.test.TestRunner com.google.gson.functional.PrimitiveTest testDeserializingDecimalPointValueZeroSucceeds:testNumberAsStringDeserialization:testBooleanDeserialization:testFloatInfinitySerialization:testNumberDeserialization:testLongAsStringSerialization:testPrimitiveIntegerAutoboxedSerialization:testNegativeInfinitySerialization:testDoubleInfinityDeserialization:testSmallValueForBigIntegerDeserialization:testUnquotedStringDeserializationFails:testQuotedStringSerializationAndDeserialization:testPrimitiveDoubleAutoboxedSerialization:testSmallValueForBigDecimalSerialization:testLongAsStringDeserialization:testShortSerialization:testByteSerialization:testDeserializePrimitiveWrapperAsObjectField:testPrimitiveDoubleAutoboxedInASingleElementArraySerialization:testNegativeInfinityFloatSerialization:testHtmlCharacterSerialization:testReallyLongValuesSerialization:testPrimitiveBooleanAutoboxedSerialization:testReallyLongValuesDeserialization:testBigDecimalPreservePrecisionSerialization:testSmallValueForBigDecimalDeserialization:testByteDeserialization:testDoubleInfinitySerialization:testPrimitiveIntegerAutoboxedDeserialization:testBigDecimalSerialization:testBigDecimalDeserialization:testBigDecimalPreservePrecisionDeserialization:testPrimitiveClassLiteral:testBigDecimalAsStringRepresentationDeserialization:testFloatNaNDeserialization:testBigIntegerSerialization:testDoubleNaNDeserialization:testStringsAsBooleans:testNegativeInfinityDeserialization:testFloatInfinityDeserialization:testMoreSpecificSerialization:testNumberSerialization:testBigDecimalNoFractAsStringRepresentationDeserialization:testDeserializingBigIntegerAsBigDecimal:testDoubleNaNSerialization:testPrimitiveIntegerAutoboxedInASingleElementArraySerialization:testPrimitiveLongAutoboxedDeserialization:testFloatNaNSerialization:testPrimitiveLongAutoboxedInASingleElementArraySerialization:testNegativeInfinityFloatDeserialization:testPrimitiveBooleanAutoboxedInASingleElementArraySerialization:testPrimitiveLongAutoboxedSerialization:testSmallValueForBigIntegerSerialization:testBigIntegerDeserialization
File saved to the following path: /tmp/icst-2019/september-2018/dataset/gson_parent/gson/target/dspot/TestListener.ser
Loading /tmp/icst-2019/september-2018/dataset/gson_parent/gson/target/dspot/TestListener.ser
[INFO] Test has been run: testLongAsStringDeserialization,testBigDecimalPreservePrecisionSerialization,testSmallValueForBigDecimalDeserialization,testNumberDeserialization,testMoreSpecificSerialization,testUnquotedStringDeserializationFails,testDeserializingBigIntegerAsBigDecimal,testQuotedStringSerializationAndDeserialization,testReallyLongValuesDeserialization,testNumberAsStringDeserialization,testSmallValueForBigIntegerDeserialization,testNegativeInfinityFloatDeserialization,testHtmlCharacterSerialization,testPrimitiveBooleanAutoboxedInASingleElementArraySerialization,testPrimitiveBooleanAutoboxedSerialization,testBigDecimalDeserialization,testPrimitiveLongAutoboxedDeserialization,testNegativeInfinityDeserialization,testSmallValueForBigIntegerSerialization,testSmallValueForBigDecimalSerialization,testNumberSerialization,testBigDecimalAsStringRepresentationDeserialization,testFloatNaNSerialization,testByteDeserialization,testPrimitiveIntegerAutoboxedDeserialization,testBigIntegerDeserialization,testBigDecimalNoFractAsStringRepresentationDeserialization,testReallyLongValuesSerialization,testPrimitiveDoubleAutoboxedSerialization,testNegativeInfinitySerialization,testFloatInfinitySerialization,testFloatNaNDeserialization,testDoubleNaNDeserialization,testStringsAsBooleans,testBigIntegerSerialization,testDeserializingDecimalPointValueZeroSucceeds,testLongAsStringSerialization,testDeserializePrimitiveWrapperAsObjectField,testPrimitiveClassLiteral,testBigDecimalSerialization,testByteSerialization,testNegativeInfinityFloatSerialization,testPrimitiveIntegerAutoboxedSerialization,testShortSerialization,testPrimitiveIntegerAutoboxedInASingleElementArraySerialization,testDoubleInfinityDeserialization,testBigDecimalPreservePrecisionDeserialization,testDoubleNaNSerialization,testBooleanDeserialization,testPrimitiveLongAutoboxedInASingleElementArraySerialization,testFloatInfinityDeserialization,testDoubleInfinitySerialization,testPrimitiveDoubleAutoboxedInASingleElementArraySerialization,testPrimitiveLongAutoboxedSerialization
[INFO] Assertion amplification: 54 test method(s) has been successfully amplified.
[WARN] 2018-10-09 18:46:06 Launcher - You specified the directory /tmp/icst-2019/september-2018/dataset/gson/gson/target/classes in source classpath, please note that only class files will be considered. Jars and subdirectories will be ignored.
[WARN] 2018-10-09 18:46:06 Launcher - You specified the directory /tmp/icst-2019/september-2018/dataset/gson/gson/target/test-classes in source classpath, please note that only class files will be considered. Jars and subdirectories will be ignored.
[WARN] 2018-10-09 18:46:06 Launcher - You specified the directory /tmp/icst-2019/september-2018/dataset/gson/gson/target/dspot/dependencies in source classpath, please note that only class files will be considered. Jars and subdirectories will be ignored.
[INFO] Run: java -classpath /tmp/icst-2019/september-2018/dataset/gson/gson/target/classes/:/tmp/icst-2019/september-2018/dataset/gson/gson/target/test-classes/:/home/spirals/danglot/.m2/repository/junit/junit/4.12/junit-4.12.jar:/home/spirals/danglot/.m2/repository/org/hamcrest/hamcrest-core/1.3/hamcrest-core-1.3.jar:/tmp/icst-2019/september-2018/dataset/gson/gson/target/dspot/dependencies/:/home/spirals/danglot/.m2/repository/eu/stamp-project/test-runner/1.1.0/test-runner-1.1.0-jar-with-dependencies.jar eu.stamp_project.testrunner.runner.test.TestRunner com.google.gson.functional.PrimitiveTest testDeserializingDecimalPointValueZeroSucceeds:testNumberAsStringDeserialization:testBooleanDeserialization:testFloatInfinitySerialization:testNumberDeserialization:testLongAsStringSerialization:testPrimitiveIntegerAutoboxedSerialization:testNegativeInfinitySerialization:testDoubleInfinityDeserialization:testSmallValueForBigIntegerDeserialization:testUnquotedStringDeserializationFails:testQuotedStringSerializationAndDeserialization:testPrimitiveDoubleAutoboxedSerialization:testSmallValueForBigDecimalSerialization:testLongAsStringDeserialization:testShortSerialization:testByteSerialization:testDeserializePrimitiveWrapperAsObjectField:testPrimitiveDoubleAutoboxedInASingleElementArraySerialization:testNegativeInfinityFloatSerialization:testHtmlCharacterSerialization:testReallyLongValuesSerialization:testPrimitiveBooleanAutoboxedSerialization:testReallyLongValuesDeserialization:testBigDecimalPreservePrecisionSerialization:testSmallValueForBigDecimalDeserialization:testByteDeserialization:testDoubleInfinitySerialization:testPrimitiveIntegerAutoboxedDeserialization:testBigDecimalSerialization:testBigDecimalDeserialization:testBigDecimalPreservePrecisionDeserialization:testPrimitiveClassLiteral:testBigDecimalAsStringRepresentationDeserialization:testFloatNaNDeserialization:testBigIntegerSerialization:testDoubleNaNDeserialization:testStringsAsBooleans:testNegativeInfinityDeserialization:testFloatInfinityDeserialization:testMoreSpecificSerialization:testNumberSerialization:testBigDecimalNoFractAsStringRepresentationDeserialization:testDeserializingBigIntegerAsBigDecimal:testDoubleNaNSerialization:testPrimitiveIntegerAutoboxedInASingleElementArraySerialization:testPrimitiveLongAutoboxedDeserialization:testFloatNaNSerialization:testPrimitiveLongAutoboxedInASingleElementArraySerialization:testNegativeInfinityFloatDeserialization:testPrimitiveBooleanAutoboxedInASingleElementArraySerialization:testPrimitiveLongAutoboxedSerialization:testSmallValueForBigIntegerSerialization:testBigIntegerDeserialization
File saved to the following path: /tmp/icst-2019/september-2018/dataset/gson_parent/gson/target/dspot/TestListener.ser
Loading /tmp/icst-2019/september-2018/dataset/gson_parent/gson/target/dspot/TestListener.ser
[INFO] Test has been run: testLongAsStringDeserialization,testBigDecimalPreservePrecisionSerialization,testSmallValueForBigDecimalDeserialization,testNumberDeserialization,testMoreSpecificSerialization,testUnquotedStringDeserializationFails,testDeserializingBigIntegerAsBigDecimal,testQuotedStringSerializationAndDeserialization,testReallyLongValuesDeserialization,testNumberAsStringDeserialization,testSmallValueForBigIntegerDeserialization,testNegativeInfinityFloatDeserialization,testHtmlCharacterSerialization,testPrimitiveBooleanAutoboxedInASingleElementArraySerialization,testPrimitiveBooleanAutoboxedSerialization,testBigDecimalDeserialization,testPrimitiveLongAutoboxedDeserialization,testNegativeInfinityDeserialization,testSmallValueForBigIntegerSerialization,testSmallValueForBigDecimalSerialization,testNumberSerialization,testBigDecimalAsStringRepresentationDeserialization,testFloatNaNSerialization,testByteDeserialization,testPrimitiveIntegerAutoboxedDeserialization,testBigIntegerDeserialization,testBigDecimalNoFractAsStringRepresentationDeserialization,testReallyLongValuesSerialization,testPrimitiveDoubleAutoboxedSerialization,testNegativeInfinitySerialization,testFloatInfinitySerialization,testFloatNaNDeserialization,testDoubleNaNDeserialization,testStringsAsBooleans,testBigIntegerSerialization,testDeserializingDecimalPointValueZeroSucceeds,testLongAsStringSerialization,testDeserializePrimitiveWrapperAsObjectField,testPrimitiveClassLiteral,testBigDecimalSerialization,testByteSerialization,testNegativeInfinityFloatSerialization,testPrimitiveIntegerAutoboxedSerialization,testShortSerialization,testPrimitiveIntegerAutoboxedInASingleElementArraySerialization,testDoubleInfinityDeserialization,testBigDecimalPreservePrecisionDeserialization,testDoubleNaNSerialization,testBooleanDeserialization,testPrimitiveLongAutoboxedInASingleElementArraySerialization,testFloatInfinityDeserialization,testDoubleInfinitySerialization,testPrimitiveDoubleAutoboxedInASingleElementArraySerialization,testPrimitiveLongAutoboxedSerialization
[INFO] 0 amplified test methods has been selected to be kept. (global: 0)
[INFO] elapsedTime 19106
======= REPORT =======
0 amplified test fails on the new versions.

[WARNING] DSpot could not obtain any amplified test method.
[WARNING] You can customize the following options: --amplifiers, --test-criterion, --iteration, --budgetizer etc, and retry with a new configuration.
[INFO] Amplification of com.google.gson.functional.StreamingTypeAdaptersTest (12 test(s))
[INFO] Assertion amplification of com.google.gson.functional.StreamingTypeAdaptersTest (12 test(s))
[INFO] Run: java -classpath /tmp/icst-2019/september-2018/dataset/gson_parent/gson/target/test-classes:/tmp/icst-2019/september-2018/dataset/gson_parent/gson/target/classes/:/home/spirals/danglot/.m2/repository/junit/junit/4.12/junit-4.12.jar:/home/spirals/danglot/.m2/repository/org/hamcrest/hamcrest-core/1.3/hamcrest-core-1.3.jar:/tmp/icst-2019/september-2018/dataset/gson_parent/gson/target/dspot/dependencies/:/home/spirals/danglot/.m2/repository/eu/stamp-project/test-runner/1.1.0/test-runner-1.1.0-jar-with-dependencies.jar eu.stamp_project.testrunner.runner.test.TestRunner com.google.gson.functional.StreamingTypeAdaptersTest testDeserialize2dArray:testSerialize1dArray:testSerialize:testNullSafe:testSerializeWithCustomTypeAdapter:testSerialize2dArray:testSerializeNullField:testSerializeNullObject:testSerializeRecursive:testDeserializeWithCustomTypeAdapter:testDeserialize1dArray:testSerialize
File saved to the following path: /tmp/icst-2019/september-2018/dataset/gson_parent/gson/target/dspot/TestListener.ser
Loading /tmp/icst-2019/september-2018/dataset/gson_parent/gson/target/dspot/TestListener.ser
[INFO] Test has been run: testSerialize2dArray,testSerializeWithCustomTypeAdapter,testDeserialize1dArray,testDeserialize2dArray,testDeserializeWithCustomTypeAdapter,testSerialize,testSerialize1dArray,testSerializeNullField,testSerializeNullObject,testSerializeRecursive,testNullSafe(com.google.gson.functional.StreamingTypeAdaptersTest): Use assertEquals(expected, actual, delta) to compare floating-point numbers
[INFO] Run tests. (11)
[INFO] Run: java -classpath /tmp/icst-2019/september-2018/dataset/gson_parent/gson/target/test-classes:/tmp/icst-2019/september-2018/dataset/gson_parent/gson/target/classes/:/home/spirals/danglot/.m2/repository/junit/junit/4.12/junit-4.12.jar:/home/spirals/danglot/.m2/repository/org/hamcrest/hamcrest-core/1.3/hamcrest-core-1.3.jar:/tmp/icst-2019/september-2018/dataset/gson_parent/gson/target/dspot/dependencies/:/home/spirals/danglot/.m2/repository/eu/stamp-project/test-runner/1.1.0/test-runner-1.1.0-jar-with-dependencies.jar eu.stamp_project.testrunner.runner.test.TestRunner com.google.gson.functional.StreamingTypeAdaptersTest testDeserialize2dArray:testSerialize1dArray:testSerialize:testSerializeWithCustomTypeAdapter:testSerialize2dArray:testSerializeNullField:testSerializeNullObject:testSerializeRecursive:testDeserializeWithCustomTypeAdapter:testDeserialize1dArray:testSerialize
File saved to the following path: /tmp/icst-2019/september-2018/dataset/gson_parent/gson/target/dspot/TestListener.ser
Loading /tmp/icst-2019/september-2018/dataset/gson_parent/gson/target/dspot/TestListener.ser
[INFO] Test has been run: testSerialize2dArray,testSerializeWithCustomTypeAdapter,testDeserialize1dArray,testDeserialize2dArray,testDeserializeWithCustomTypeAdapter,testSerialize,testSerialize1dArray,testSerializeNullField,testSerializeNullObject,testSerializeRecursive
[INFO] 10 test pass, generating assertion...
[INFO] Add observations points in passing tests.
[INFO] Instrumentation...
  9% |==== ]/ 18% |========= ]- 27% |============= ]\ 36% |================== ]| 45% |====================== ]/ 54% |=========================== ]- 63% |=============================== ]\ 72% |==================================== ]| 81% |======================================== ]/ 90% |============================================= ]-100% |================================================== ]\
[INFO] Run instrumented tests. (33)
[INFO] Run: java -classpath /tmp/icst-2019/september-2018/dataset/gson_parent/gson/target/test-classes:/tmp/icst-2019/september-2018/dataset/gson_parent/gson/target/classes/:/home/spirals/danglot/.m2/repository/junit/junit/4.12/junit-4.12.jar:/home/spirals/danglot/.m2/repository/org/hamcrest/hamcrest-core/1.3/hamcrest-core-1.3.jar:/tmp/icst-2019/september-2018/dataset/gson_parent/gson/target/dspot/dependencies/:/home/spirals/danglot/.m2/repository/eu/stamp-project/test-runner/1.1.0/test-runner-1.1.0-jar-with-dependencies.jar eu.stamp_project.testrunner.runner.test.TestRunner com.google.gson.functional.StreamingTypeAdaptersTest testDeserialize2dArray_withlog0:testSerialize1dArray_withlog0:testSerialize_withlog0:testSerializeWithCustomTypeAdapter_withlog0:testSerialize2dArray_withlog0:testSerializeNullField_withlog0:testSerializeNullObject_withlog0:testSerializeRecursive_withlog0:testDeserializeWithCustomTypeAdapter_withlog0:testDeserialize1dArray_withlog0:testSerialize_withlog0:testDeserialize2dArray_withlog1:testSerialize1dArray_withlog1:testSerialize_withlog1:testSerializeWithCustomTypeAdapter_withlog1:testSerialize2dArray_withlog1:testSerializeNullField_withlog1:testSerializeNullObject_withlog1:testSerializeRecursive_withlog1:testDeserializeWithCustomTypeAdapter_withlog1:testDeserialize1dArray_withlog1:testSerialize_withlog1:testDeserialize2dArray_withlog2:testSerialize1dArray_withlog2:testSerialize_withlog2:testSerializeWithCustomTypeAdapter_withlog2:testSerialize2dArray_withlog2:testSerializeNullField_withlog2:testSerializeNullObject_withlog2:testSerializeRecursive_withlog2:testDeserializeWithCustomTypeAdapter_withlog2:testDeserialize1dArray_withlog2:testSerialize_withlog2
File saved to the following path: /tmp/icst-2019/september-2018/dataset/gson_parent/gson/target/dspot/observations.ser
File saved to the following path: /tmp/icst-2019/september-2018/dataset/gson_parent/gson/target/dspot/TestListener.ser
Loading /tmp/icst-2019/september-2018/dataset/gson_parent/gson/target/dspot/TestListener.ser
[INFO] Test has been run: testSerialize_withlog0,testSerialize_withlog1,testSerialize_withlog2,testDeserialize2dArray_withlog0,testDeserialize2dArray_withlog1,testDeserialize2dArray_withlog2,testDeserialize1dArray_withlog0,testDeserialize1dArray_withlog1,testDeserialize1dArray_withlog2,testSerializeNullObject_withlog0,testSerializeNullObject_withlog1,testSerializeNullObject_withlog2,testDeserializeWithCustomTypeAdapter_withlog0,testDeserializeWithCustomTypeAdapter_withlog1,testDeserializeWithCustomTypeAdapter_withlog2,testSerialize2dArray_withlog0,testSerialize2dArray_withlog1,testSerialize2dArray_withlog2,testSerializeNullField_withlog0,testSerializeNullField_withlog1,testSerializeNullField_withlog2,testSerialize1dArray_withlog0,testSerialize1dArray_withlog1,testSerialize1dArray_withlog2,testSerializeWithCustomTypeAdapter_withlog0,testSerializeWithCustomTypeAdapter_withlog1,testSerializeWithCustomTypeAdapter_withlog2,testSerializeRecursive_withlog0,testSerializeRecursive_withlog1,testSerializeRecursive_withlog2
[INFO] Generating assertions...
[INFO] 11 new tests with assertions generated
[INFO] Run: java -classpath /tmp/icst-2019/september-2018/dataset/gson_parent/gson/target/test-classes:/tmp/icst-2019/september-2018/dataset/gson_parent/gson/target/classes/:/home/spirals/danglot/.m2/repository/junit/junit/4.12/junit-4.12.jar:/home/spirals/danglot/.m2/repository/org/hamcrest/hamcrest-core/1.3/hamcrest-core-1.3.jar:/tmp/icst-2019/september-2018/dataset/gson_parent/gson/target/dspot/dependencies/:/home/spirals/danglot/.m2/repository/eu/stamp-project/test-runner/1.1.0/test-runner-1.1.0-jar-with-dependencies.jar eu.stamp_project.testrunner.runner.test.TestRunner com.google.gson.functional.StreamingTypeAdaptersTest testDeserialize2dArray:testSerialize1dArray:testSerialize:testSerializeWithCustomTypeAdapter:testSerialize2dArray:testSerializeNullField:testSerializeNullObject:testSerializeRecursive:testDeserializeWithCustomTypeAdapter:testDeserialize1dArray:testSerialize
File saved to the following path: /tmp/icst-2019/september-2018/dataset/gson_parent/gson/target/dspot/TestListener.ser
Loading /tmp/icst-2019/september-2018/dataset/gson_parent/gson/target/dspot/TestListener.ser
[INFO] Test has been run: testSerialize2dArray,testSerializeWithCustomTypeAdapter,testDeserialize1dArray,testDeserialize2dArray,testDeserializeWithCustomTypeAdapter,testSerialize,testSerialize1dArray,testSerializeNullField,testSerializeNullObject,testSerializeRecursive
[INFO] Assertion amplification: 11 test method(s) has been successfully amplified.
[WARN] 2018-10-09 18:46:17 Launcher - You specified the directory /tmp/icst-2019/september-2018/dataset/gson/gson/target/classes in source classpath, please note that only class files will be considered. Jars and subdirectories will be ignored.
[WARN] 2018-10-09 18:46:17 Launcher - You specified the directory /tmp/icst-2019/september-2018/dataset/gson/gson/target/test-classes in source classpath, please note that only class files will be considered. Jars and subdirectories will be ignored.
[WARN] 2018-10-09 18:46:17 Launcher - You specified the directory /tmp/icst-2019/september-2018/dataset/gson/gson/target/dspot/dependencies in source classpath, please note that only class files will be considered. Jars and subdirectories will be ignored.
[INFO] Run: java -classpath /tmp/icst-2019/september-2018/dataset/gson/gson/target/classes/:/tmp/icst-2019/september-2018/dataset/gson/gson/target/test-classes/:/home/spirals/danglot/.m2/repository/junit/junit/4.12/junit-4.12.jar:/home/spirals/danglot/.m2/repository/org/hamcrest/hamcrest-core/1.3/hamcrest-core-1.3.jar:/tmp/icst-2019/september-2018/dataset/gson/gson/target/dspot/dependencies/:/home/spirals/danglot/.m2/repository/eu/stamp-project/test-runner/1.1.0/test-runner-1.1.0-jar-with-dependencies.jar eu.stamp_project.testrunner.runner.test.TestRunner com.google.gson.functional.StreamingTypeAdaptersTest testDeserialize2dArray:testSerialize1dArray:testSerialize:testSerializeWithCustomTypeAdapter:testSerialize2dArray:testSerializeNullField:testSerializeNullObject:testSerializeRecursive:testDeserializeWithCustomTypeAdapter:testDeserialize1dArray:testSerialize
File saved to the following path: /tmp/icst-2019/september-2018/dataset/gson_parent/gson/target/dspot/TestListener.ser
Loading /tmp/icst-2019/september-2018/dataset/gson_parent/gson/target/dspot/TestListener.ser
[INFO] Test has been run: testSerialize2dArray,testSerializeWithCustomTypeAdapter,testDeserialize1dArray,testDeserialize2dArray,testDeserializeWithCustomTypeAdapter,testSerialize,testSerialize1dArray,testSerializeNullField,testSerializeNullObject,testSerializeRecursive
[INFO] 0 amplified test methods has been selected to be kept. (global: 0)
[INFO] elapsedTime 9250
======= REPORT =======
0 amplified test fails on the new versions.

[WARNING] DSpot could not obtain any amplified test method.
[WARNING] You can customize the following options: --amplifiers, --test-criterion, --iteration, --budgetizer etc, and retry with a new configuration.
[INFO] Amplification of com.google.gson.functional.JsonAdapterAnnotationOnFieldsTest (10 test(s))
[INFO] Assertion amplification of com.google.gson.functional.JsonAdapterAnnotationOnFieldsTest (10 test(s))
[INFO] Run: java -classpath /tmp/icst-2019/september-2018/dataset/gson_parent/gson/target/test-classes:/tmp/icst-2019/september-2018/dataset/gson_parent/gson/target/classes/:/home/spirals/danglot/.m2/repository/junit/junit/4.12/junit-4.12.jar:/home/spirals/danglot/.m2/repository/org/hamcrest/hamcrest-core/1.3/hamcrest-core-1.3.jar:/tmp/icst-2019/september-2018/dataset/gson_parent/gson/target/dspot/dependencies/:/home/spirals/danglot/.m2/repository/eu/stamp-project/test-runner/1.1.0/test-runner-1.1.0-jar-with-dependencies.jar eu.stamp_project.testrunner.runner.test.TestRunner com.google.gson.functional.JsonAdapterAnnotationOnFieldsTest testFieldAnnotationTakesPrecedenceOverClassAnnotation:testClassAnnotationAdapterFactoryTakesPrecedenceOverDefault:testFieldAnnotationWorksForParameterizedType:testNonPrimitiveFieldAnnotationTakesPrecedenceOverDefault:testJsonAdapterWrappedInNullSafeAsRequested:testRegisteredTypeAdapterTakesPrecedenceOverClassAnnotationAdapter:testPrimitiveFieldAnnotationTakesPrecedenceOverDefault:testFieldAnnotationTakesPrecedenceOverRegisteredTypeAdapter:testClassAnnotationAdapterTakesPrecedenceOverDefault:testJsonAdapterInvokedOnlyForAnnotatedFields
File saved to the following path: /tmp/icst-2019/september-2018/dataset/gson_parent/gson/target/dspot/TestListener.ser
Loading /tmp/icst-2019/september-2018/dataset/gson_parent/gson/target/dspot/TestListener.ser
[INFO] Test has been run: testRegisteredTypeAdapterTakesPrecedenceOverClassAnnotationAdapter,testFieldAnnotationTakesPrecedenceOverClassAnnotation,testFieldAnnotationTakesPrecedenceOverRegisteredTypeAdapter,testJsonAdapterWrappedInNullSafeAsRequested,testPrimitiveFieldAnnotationTakesPrecedenceOverDefault,testFieldAnnotationWorksForParameterizedType,testNonPrimitiveFieldAnnotationTakesPrecedenceOverDefault,testClassAnnotationAdapterTakesPrecedenceOverDefault,testJsonAdapterInvokedOnlyForAnnotatedFields,testClassAnnotationAdapterFactoryTakesPrecedenceOverDefault
[INFO] Run tests. (10)
[INFO] Run: java -classpath /tmp/icst-2019/september-2018/dataset/gson_parent/gson/target/test-classes:/tmp/icst-2019/september-2018/dataset/gson_parent/gson/target/classes/:/home/spirals/danglot/.m2/repository/junit/junit/4.12/junit-4.12.jar:/home/spirals/danglot/.m2/repository/org/hamcrest/hamcrest-core/1.3/hamcrest-core-1.3.jar:/tmp/icst-2019/september-2018/dataset/gson_parent/gson/target/dspot/dependencies/:/home/spirals/danglot/.m2/repository/eu/stamp-project/test-runner/1.1.0/test-runner-1.1.0-jar-with-dependencies.jar eu.stamp_project.testrunner.runner.test.TestRunner com.google.gson.functional.JsonAdapterAnnotationOnFieldsTest testFieldAnnotationTakesPrecedenceOverClassAnnotation:testClassAnnotationAdapterFactoryTakesPrecedenceOverDefault:testFieldAnnotationWorksForParameterizedType:testNonPrimitiveFieldAnnotationTakesPrecedenceOverDefault:testJsonAdapterWrappedInNullSafeAsRequested:testRegisteredTypeAdapterTakesPrecedenceOverClassAnnotationAdapter:testPrimitiveFieldAnnotationTakesPrecedenceOverDefault:testFieldAnnotationTakesPrecedenceOverRegisteredTypeAdapter:testClassAnnotationAdapterTakesPrecedenceOverDefault:testJsonAdapterInvokedOnlyForAnnotatedFields
File saved to the following path: /tmp/icst-2019/september-2018/dataset/gson_parent/gson/target/dspot/TestListener.ser
Loading /tmp/icst-2019/september-2018/dataset/gson_parent/gson/target/dspot/TestListener.ser
[INFO] Test has been run: testRegisteredTypeAdapterTakesPrecedenceOverClassAnnotationAdapter,testFieldAnnotationTakesPrecedenceOverClassAnnotation,testFieldAnnotationTakesPrecedenceOverRegisteredTypeAdapter,testJsonAdapterWrappedInNullSafeAsRequested,testPrimitiveFieldAnnotationTakesPrecedenceOverDefault,testFieldAnnotationWorksForParameterizedType,testNonPrimitiveFieldAnnotationTakesPrecedenceOverDefault,testClassAnnotationAdapterTakesPrecedenceOverDefault,testJsonAdapterInvokedOnlyForAnnotatedFields,testClassAnnotationAdapterFactoryTakesPrecedenceOverDefault
[INFO] 10 test pass, generating assertion...
[INFO] Add observations points in passing tests.
[INFO] Instrumentation...
 10% |===== ]/ 20% |========== ]- 30% |=============== ]\ 40% |==================== ]| 50% |========================= ]/ 60% |============================== ]- 70% |=================================== ]\ 80% |======================================== ]| 90% |============================================= ]/100% |================================================== ]-
[INFO] Run instrumented tests. (30)
[INFO] Run: java -classpath /tmp/icst-2019/september-2018/dataset/gson_parent/gson/target/test-classes:/tmp/icst-2019/september-2018/dataset/gson_parent/gson/target/classes/:/home/spirals/danglot/.m2/repository/junit/junit/4.12/junit-4.12.jar:/home/spirals/danglot/.m2/repository/org/hamcrest/hamcrest-core/1.3/hamcrest-core-1.3.jar:/tmp/icst-2019/september-2018/dataset/gson_parent/gson/target/dspot/dependencies/:/home/spirals/danglot/.m2/repository/eu/stamp-project/test-runner/1.1.0/test-runner-1.1.0-jar-with-dependencies.jar eu.stamp_project.testrunner.runner.test.TestRunner com.google.gson.functional.JsonAdapterAnnotationOnFieldsTest testFieldAnnotationTakesPrecedenceOverClassAnnotation_withlog0:testClassAnnotationAdapterFactoryTakesPrecedenceOverDefault_withlog0:testFieldAnnotationWorksForParameterizedType_withlog0:testNonPrimitiveFieldAnnotationTakesPrecedenceOverDefault_withlog0:testJsonAdapterWrappedInNullSafeAsRequested_withlog0:testRegisteredTypeAdapterTakesPrecedenceOverClassAnnotationAdapter_withlog0:testPrimitiveFieldAnnotationTakesPrecedenceOverDefault_withlog0:testFieldAnnotationTakesPrecedenceOverRegisteredTypeAdapter_withlog0:testClassAnnotationAdapterTakesPrecedenceOverDefault_withlog0:testJsonAdapterInvokedOnlyForAnnotatedFields_withlog0:testFieldAnnotationTakesPrecedenceOverClassAnnotation_withlog1:testClassAnnotationAdapterFactoryTakesPrecedenceOverDefault_withlog1:testFieldAnnotationWorksForParameterizedType_withlog1:testNonPrimitiveFieldAnnotationTakesPrecedenceOverDefault_withlog1:testJsonAdapterWrappedInNullSafeAsRequested_withlog1:testRegisteredTypeAdapterTakesPrecedenceOverClassAnnotationAdapter_withlog1:testPrimitiveFieldAnnotationTakesPrecedenceOverDefault_withlog1:testFieldAnnotationTakesPrecedenceOverRegisteredTypeAdapter_withlog1:testClassAnnotationAdapterTakesPrecedenceOverDefault_withlog1:testJsonAdapterInvokedOnlyForAnnotatedFields_withlog1:testFieldAnnotationTakesPrecedenceOverClassAnnotation_withlog2:testClassAnnotationAdapterFactoryTakesPrecedenceOverDefault_withlog2:testFieldAnnotationWorksForParameterizedType_withlog2:testNonPrimitiveFieldAnnotationTakesPrecedenceOverDefault_withlog2:testJsonAdapterWrappedInNullSafeAsRequested_withlog2:testRegisteredTypeAdapterTakesPrecedenceOverClassAnnotationAdapter_withlog2:testPrimitiveFieldAnnotationTakesPrecedenceOverDefault_withlog2:testFieldAnnotationTakesPrecedenceOverRegisteredTypeAdapter_withlog2:testClassAnnotationAdapterTakesPrecedenceOverDefault_withlog2:testJsonAdapterInvokedOnlyForAnnotatedFields_withlog2
File saved to the following path: /tmp/icst-2019/september-2018/dataset/gson_parent/gson/target/dspot/observations.ser
File saved to the following path: /tmp/icst-2019/september-2018/dataset/gson_parent/gson/target/dspot/TestListener.ser
Loading /tmp/icst-2019/september-2018/dataset/gson_parent/gson/target/dspot/TestListener.ser
[INFO] Test has been run: testClassAnnotationAdapterFactoryTakesPrecedenceOverDefault_withlog0,testClassAnnotationAdapterFactoryTakesPrecedenceOverDefault_withlog1,testClassAnnotationAdapterFactoryTakesPrecedenceOverDefault_withlog2,testRegisteredTypeAdapterTakesPrecedenceOverClassAnnotationAdapter_withlog0,testRegisteredTypeAdapterTakesPrecedenceOverClassAnnotationAdapter_withlog1,testRegisteredTypeAdapterTakesPrecedenceOverClassAnnotationAdapter_withlog2,testClassAnnotationAdapterTakesPrecedenceOverDefault_withlog0,testClassAnnotationAdapterTakesPrecedenceOverDefault_withlog1,testClassAnnotationAdapterTakesPrecedenceOverDefault_withlog2,testFieldAnnotationWorksForParameterizedType_withlog0,testFieldAnnotationWorksForParameterizedType_withlog1,testFieldAnnotationWorksForParameterizedType_withlog2,testFieldAnnotationTakesPrecedenceOverRegisteredTypeAdapter_withlog0,testFieldAnnotationTakesPrecedenceOverRegisteredTypeAdapter_withlog1,testFieldAnnotationTakesPrecedenceOverRegisteredTypeAdapter_withlog2,testPrimitiveFieldAnnotationTakesPrecedenceOverDefault_withlog0,testPrimitiveFieldAnnotationTakesPrecedenceOverDefault_withlog1,testPrimitiveFieldAnnotationTakesPrecedenceOverDefault_withlog2,testJsonAdapterInvokedOnlyForAnnotatedFields_withlog0,testJsonAdapterInvokedOnlyForAnnotatedFields_withlog1,testJsonAdapterInvokedOnlyForAnnotatedFields_withlog2,testNonPrimitiveFieldAnnotationTakesPrecedenceOverDefault_withlog0,testNonPrimitiveFieldAnnotationTakesPrecedenceOverDefault_withlog1,testNonPrimitiveFieldAnnotationTakesPrecedenceOverDefault_withlog2,testFieldAnnotationTakesPrecedenceOverClassAnnotation_withlog0,testFieldAnnotationTakesPrecedenceOverClassAnnotation_withlog1,testFieldAnnotationTakesPrecedenceOverClassAnnotation_withlog2,testJsonAdapterWrappedInNullSafeAsRequested_withlog0,testJsonAdapterWrappedInNullSafeAsRequested_withlog1,testJsonAdapterWrappedInNullSafeAsRequested_withlog2
[INFO] Generating assertions...
[INFO] 10 new tests with assertions generated
[INFO] Run: java -classpath /tmp/icst-2019/september-2018/dataset/gson_parent/gson/target/test-classes:/tmp/icst-2019/september-2018/dataset/gson_parent/gson/target/classes/:/home/spirals/danglot/.m2/repository/junit/junit/4.12/junit-4.12.jar:/home/spirals/danglot/.m2/repository/org/hamcrest/hamcrest-core/1.3/hamcrest-core-1.3.jar:/tmp/icst-2019/september-2018/dataset/gson_parent/gson/target/dspot/dependencies/:/home/spirals/danglot/.m2/repository/eu/stamp-project/test-runner/1.1.0/test-runner-1.1.0-jar-with-dependencies.jar eu.stamp_project.testrunner.runner.test.TestRunner com.google.gson.functional.JsonAdapterAnnotationOnFieldsTest testFieldAnnotationTakesPrecedenceOverClassAnnotation:testClassAnnotationAdapterFactoryTakesPrecedenceOverDefault:testFieldAnnotationWorksForParameterizedType:testNonPrimitiveFieldAnnotationTakesPrecedenceOverDefault:testJsonAdapterWrappedInNullSafeAsRequested:testRegisteredTypeAdapterTakesPrecedenceOverClassAnnotationAdapter:testPrimitiveFieldAnnotationTakesPrecedenceOverDefault:testFieldAnnotationTakesPrecedenceOverRegisteredTypeAdapter:testClassAnnotationAdapterTakesPrecedenceOverDefault:testJsonAdapterInvokedOnlyForAnnotatedFields
File saved to the following path: /tmp/icst-2019/september-2018/dataset/gson_parent/gson/target/dspot/TestListener.ser
Loading /tmp/icst-2019/september-2018/dataset/gson_parent/gson/target/dspot/TestListener.ser
[INFO] Test has been run: testRegisteredTypeAdapterTakesPrecedenceOverClassAnnotationAdapter,testFieldAnnotationTakesPrecedenceOverClassAnnotation,testFieldAnnotationTakesPrecedenceOverRegisteredTypeAdapter,testJsonAdapterWrappedInNullSafeAsRequested,testPrimitiveFieldAnnotationTakesPrecedenceOverDefault,testFieldAnnotationWorksForParameterizedType,testNonPrimitiveFieldAnnotationTakesPrecedenceOverDefault,testClassAnnotationAdapterTakesPrecedenceOverDefault,testJsonAdapterInvokedOnlyForAnnotatedFields,testClassAnnotationAdapterFactoryTakesPrecedenceOverDefault
[INFO] Assertion amplification: 10 test method(s) has been successfully amplified.
[WARN] 2018-10-09 18:46:26 Launcher - You specified the directory /tmp/icst-2019/september-2018/dataset/gson/gson/target/classes in source classpath, please note that only class files will be considered. Jars and subdirectories will be ignored.
[WARN] 2018-10-09 18:46:26 Launcher - You specified the directory /tmp/icst-2019/september-2018/dataset/gson/gson/target/test-classes in source classpath, please note that only class files will be considered. Jars and subdirectories will be ignored.
[WARN] 2018-10-09 18:46:26 Launcher - You specified the directory /tmp/icst-2019/september-2018/dataset/gson/gson/target/dspot/dependencies in source classpath, please note that only class files will be considered. Jars and subdirectories will be ignored.
[INFO] Run: java -classpath /tmp/icst-2019/september-2018/dataset/gson/gson/target/classes/:/tmp/icst-2019/september-2018/dataset/gson/gson/target/test-classes/:/home/spirals/danglot/.m2/repository/junit/junit/4.12/junit-4.12.jar:/home/spirals/danglot/.m2/repository/org/hamcrest/hamcrest-core/1.3/hamcrest-core-1.3.jar:/tmp/icst-2019/september-2018/dataset/gson/gson/target/dspot/dependencies/:/home/spirals/danglot/.m2/repository/eu/stamp-project/test-runner/1.1.0/test-runner-1.1.0-jar-with-dependencies.jar eu.stamp_project.testrunner.runner.test.TestRunner com.google.gson.functional.JsonAdapterAnnotationOnFieldsTest testFieldAnnotationTakesPrecedenceOverClassAnnotation:testClassAnnotationAdapterFactoryTakesPrecedenceOverDefault:testFieldAnnotationWorksForParameterizedType:testNonPrimitiveFieldAnnotationTakesPrecedenceOverDefault:testJsonAdapterWrappedInNullSafeAsRequested:testRegisteredTypeAdapterTakesPrecedenceOverClassAnnotationAdapter:testPrimitiveFieldAnnotationTakesPrecedenceOverDefault:testFieldAnnotationTakesPrecedenceOverRegisteredTypeAdapter:testClassAnnotationAdapterTakesPrecedenceOverDefault:testJsonAdapterInvokedOnlyForAnnotatedFields
File saved to the following path: /tmp/icst-2019/september-2018/dataset/gson_parent/gson/target/dspot/TestListener.ser
Loading /tmp/icst-2019/september-2018/dataset/gson_parent/gson/target/dspot/TestListener.ser
[INFO] Test has been run: testRegisteredTypeAdapterTakesPrecedenceOverClassAnnotationAdapter,testFieldAnnotationTakesPrecedenceOverClassAnnotation,testFieldAnnotationTakesPrecedenceOverRegisteredTypeAdapter,testJsonAdapterWrappedInNullSafeAsRequested,testPrimitiveFieldAnnotationTakesPrecedenceOverDefault,testFieldAnnotationWorksForParameterizedType,testNonPrimitiveFieldAnnotationTakesPrecedenceOverDefault,testClassAnnotationAdapterTakesPrecedenceOverDefault,testJsonAdapterInvokedOnlyForAnnotatedFields,testClassAnnotationAdapterFactoryTakesPrecedenceOverDefault
[INFO] 0 amplified test methods has been selected to be kept. (global: 0)
[INFO] elapsedTime 8405
======= REPORT =======
0 amplified test fails on the new versions.

[WARNING] DSpot could not obtain any amplified test method.
[WARNING] You can customize the following options: --amplifiers, --test-criterion, --iteration, --budgetizer etc, and retry with a new configuration.
[INFO] Amplification of com.google.gson.functional.ArrayTest (26 test(s))
[INFO] Assertion amplification of com.google.gson.functional.ArrayTest (26 test(s))
[INFO] Run: java -classpath /tmp/icst-2019/september-2018/dataset/gson_parent/gson/target/test-classes:/tmp/icst-2019/september-2018/dataset/gson_parent/gson/target/classes/:/home/spirals/danglot/.m2/repository/junit/junit/4.12/junit-4.12.jar:/home/spirals/danglot/.m2/repository/org/hamcrest/hamcrest-core/1.3/hamcrest-core-1.3.jar:/tmp/icst-2019/september-2018/dataset/gson_parent/gson/target/dspot/dependencies/:/home/spirals/danglot/.m2/repository/eu/stamp-project/test-runner/1.1.0/test-runner-1.1.0-jar-with-dependencies.jar eu.stamp_project.testrunner.runner.test.TestRunner com.google.gson.functional.ArrayTest testInvalidArrayDeserialization:testNullsInArrayWithSerializeNullPropertySetSerialization:testArrayOfNullDeserialization:testArrayOfPrimitivesAsObjectsDeserialization:testSingleStringArraySerialization:testArrayOfCollectionSerialization:testMixingTypesInObjectArraySerialization:testArrayOfStringsSerialization:testTopLevelArrayOfIntsSerialization:testArrayOfStringsDeserialization:testSingleNullInArraySerialization:testNullsInArrayDeserialization:testEmptyArraySerialization:testArrayElementsAreArrays:testMultiDimenstionalObjectArraysSerialization:testMultidimenstionalArraysSerialization:testMultidimenstionalArraysDeserialization:testSingleNullInArrayDeserialization:testEmptyArrayDeserialization:testArrayOfPrimitivesAsObjectsSerialization:testTopLevelArrayOfIntsDeserialization:testNullsInArraySerialization:testObjectArrayWithNonPrimitivesSerialization:testSingleStringArrayDeserialization:testArrayOfCollectionDeserialization:testArrayOfNullSerialization
File saved to the following path: /tmp/icst-2019/september-2018/dataset/gson_parent/gson/target/dspot/TestListener.ser
Loading /tmp/icst-2019/september-2018/dataset/gson_parent/gson/target/dspot/TestListener.ser
[INFO] Test has been run: testArrayOfStringsSerialization,testMixingTypesInObjectArraySerialization,testInvalidArrayDeserialization,testArrayOfNullSerialization,testEmptyArraySerialization,testMultidimenstionalArraysSerialization,testSingleStringArraySerialization,testMultiDimenstionalObjectArraysSerialization,testSingleStringArrayDeserialization,testEmptyArrayDeserialization,testArrayElementsAreArrays,testNullsInArrayWithSerializeNullPropertySetSerialization,testArrayOfCollectionSerialization,testArrayOfNullDeserialization,testArrayOfCollectionDeserialization,testTopLevelArrayOfIntsDeserialization,testArrayOfPrimitivesAsObjectsSerialization,testNullsInArrayDeserialization,testObjectArrayWithNonPrimitivesSerialization,testSingleNullInArrayDeserialization,testSingleNullInArraySerialization,testNullsInArraySerialization,testMultidimenstionalArraysDeserialization,testTopLevelArrayOfIntsSerialization,testArrayOfStringsDeserialization,testArrayOfPrimitivesAsObjectsDeserialization(com.google.gson.functional.ArrayTest): Use assertEquals(expected, actual, delta) to compare floating-point numbers
[INFO] Run tests. (25)
[ERROR] Error(s) during compilation:
[ERROR] Pb(55) Duplicate local variable boolean_8
[INFO] Run: java -classpath /tmp/icst-2019/september-2018/dataset/gson_parent/gson/target/test-classes:/tmp/icst-2019/september-2018/dataset/gson_parent/gson/target/classes/:/home/spirals/danglot/.m2/repository/junit/junit/4.12/junit-4.12.jar:/home/spirals/danglot/.m2/repository/org/hamcrest/hamcrest-core/1.3/hamcrest-core-1.3.jar:/tmp/icst-2019/september-2018/dataset/gson_parent/gson/target/dspot/dependencies/:/home/spirals/danglot/.m2/repository/eu/stamp-project/test-runner/1.1.0/test-runner-1.1.0-jar-with-dependencies.jar eu.stamp_project.testrunner.runner.test.TestRunner com.google.gson.functional.ArrayTest testInvalidArrayDeserialization:testNullsInArrayWithSerializeNullPropertySetSerialization:testArrayOfNullDeserialization:testSingleStringArraySerialization:testArrayOfCollectionSerialization:testMixingTypesInObjectArraySerialization:testArrayOfStringsSerialization:testTopLevelArrayOfIntsSerialization:testArrayOfStringsDeserialization:testSingleNullInArraySerialization:testNullsInArrayDeserialization:testEmptyArraySerialization:testArrayElementsAreArrays:testMultiDimenstionalObjectArraysSerialization:testMultidimenstionalArraysSerialization:testMultidimenstionalArraysDeserialization:testSingleNullInArrayDeserialization:testArrayOfPrimitivesAsObjectsSerialization:testTopLevelArrayOfIntsDeserialization:testNullsInArraySerialization:testObjectArrayWithNonPrimitivesSerialization:testSingleStringArrayDeserialization:testArrayOfCollectionDeserialization:testArrayOfNullSerialization
File saved to the following path: /tmp/icst-2019/september-2018/dataset/gson_parent/gson/target/dspot/TestListener.ser
Loading /tmp/icst-2019/september-2018/dataset/gson_parent/gson/target/dspot/TestListener.ser
[INFO] Test has been run: testArrayOfStringsSerialization,testMixingTypesInObjectArraySerialization,testInvalidArrayDeserialization,testArrayOfNullSerialization,testEmptyArraySerialization,testMultidimenstionalArraysSerialization,testSingleStringArraySerialization,testMultiDimenstionalObjectArraysSerialization,testSingleStringArrayDeserialization,testArrayElementsAreArrays,testNullsInArrayWithSerializeNullPropertySetSerialization,testArrayOfCollectionSerialization,testArrayOfNullDeserialization,testArrayOfCollectionDeserialization,testTopLevelArrayOfIntsDeserialization,testArrayOfPrimitivesAsObjectsSerialization,testNullsInArrayDeserialization,testObjectArrayWithNonPrimitivesSerialization,testSingleNullInArrayDeserialization,testSingleNullInArraySerialization,testNullsInArraySerialization,testMultidimenstionalArraysDeserialization,testTopLevelArrayOfIntsSerialization,testArrayOfStringsDeserialization
[INFO] 24 test pass, generating assertion...
[INFO] Add observations points in passing tests.
[INFO] Instrumentation...
  4% |== ]/  8% |==== ]- 12% |====== ]\ 16% |======== ]| 20% |========== ]/ 25% |============ ]- 29% |============== ]\ 33% |================ ]| 37% |================== ]/ 41% |==================== ]-[INFO] ------------------------------------------------------------------------
[INFO] BUILD FAILURE
[INFO] ------------------------------------------------------------------------
[INFO] Total time: 01:28 min
[INFO] Finished at: 2018-10-09T18:46:31+02:00
[INFO] ------------------------------------------------------------------------
[ERROR] Failed to execute goal eu.stamp-project:dspot-maven:1.1.1-SNAPSHOT:amplify-unit-tests (default-cli) on project gson: Execution default-cli of goal eu.stamp-project:dspot-maven:1.1.1-SNAPSHOT:amplify-unit-tests failed: java.lang.NullPointerException -> [Help 1]
org.apache.maven.lifecycle.LifecycleExecutionException: Failed to execute goal eu.stamp-project:dspot-maven:1.1.1-SNAPSHOT:amplify-unit-tests (default-cli) on project gson: Execution default-cli of goal eu.stamp-project:dspot-maven:1.1.1-SNAPSHOT:amplify-unit-tests failed: java.lang.NullPointerException
    at org.apache.maven.lifecycle.internal.MojoExecutor.execute (MojoExecutor.java:213)
    at org.apache.maven.lifecycle.internal.MojoExecutor.execute (MojoExecutor.java:154)
    at org.apache.maven.lifecycle.internal.MojoExecutor.execute (MojoExecutor.java:146)
    at org.apache.maven.lifecycle.internal.LifecycleModuleBuilder.buildProject (LifecycleModuleBuilder.java:117)
    at org.apache.maven.lifecycle.internal.LifecycleModuleBuilder.buildProject (LifecycleModuleBuilder.java:81)
    at org.apache.maven.lifecycle.internal.builder.singlethreaded.SingleThreadedBuilder.build (SingleThreadedBuilder.java:56)
    at org.apache.maven.lifecycle.internal.LifecycleStarter.execute (LifecycleStarter.java:128)
    at org.apache.maven.DefaultMaven.doExecute (DefaultMaven.java:305)
    at org.apache.maven.DefaultMaven.doExecute (DefaultMaven.java:192)
    at org.apache.maven.DefaultMaven.execute (DefaultMaven.java:105)
    at org.apache.maven.cli.MavenCli.execute (MavenCli.java:954)
    at org.apache.maven.cli.MavenCli.doMain (MavenCli.java:288)
    at org.apache.maven.cli.MavenCli.main (MavenCli.java:192)
    at sun.reflect.NativeMethodAccessorImpl.invoke0 (Native Method)
    at sun.reflect.NativeMethodAccessorImpl.invoke (NativeMethodAccessorImpl.java:62)
    at sun.reflect.DelegatingMethodAccessorImpl.invoke (DelegatingMethodAccessorImpl.java:43)
    at java.lang.reflect.Method.invoke (Method.java:498)
    at org.codehaus.plexus.classworlds.launcher.Launcher.launchEnhanced (Launcher.java:289)
    at org.codehaus.plexus.classworlds.launcher.Launcher.launch (Launcher.java:229)
    at org.codehaus.plexus.classworlds.launcher.Launcher.mainWithExitCode (Launcher.java:415)
    at org.codehaus.plexus.classworlds.launcher.Launcher.main (Launcher.java:356)
Caused by: org.apache.maven.plugin.PluginExecutionException: Execution default-cli of goal eu.stamp-project:dspot-maven:1.1.1-SNAPSHOT:amplify-unit-tests failed: java.lang.NullPointerException
    at org.apache.maven.plugin.DefaultBuildPluginManager.executeMojo (DefaultBuildPluginManager.java:148)
    at org.apache.maven.lifecycle.internal.MojoExecutor.execute (MojoExecutor.java:208)
    at org.apache.maven.lifecycle.internal.MojoExecutor.execute (MojoExecutor.java:154)
    at org.apache.maven.lifecycle.internal.MojoExecutor.execute (MojoExecutor.java:146)
    at org.apache.maven.lifecycle.internal.LifecycleModuleBuilder.buildProject (LifecycleModuleBuilder.java:117)
    at org.apache.maven.lifecycle.internal.LifecycleModuleBuilder.buildProject (LifecycleModuleBuilder.java:81)
    at org.apache.maven.lifecycle.internal.builder.singlethreaded.SingleThreadedBuilder.build (SingleThreadedBuilder.java:56)
    at org.apache.maven.lifecycle.internal.LifecycleStarter.execute (LifecycleStarter.java:128)
    at org.apache.maven.DefaultMaven.doExecute (DefaultMaven.java:305)
    at org.apache.maven.DefaultMaven.doExecute (DefaultMaven.java:192)
    at org.apache.maven.DefaultMaven.execute (DefaultMaven.java:105)
    at org.apache.maven.cli.MavenCli.execute (MavenCli.java:954)
    at org.apache.maven.cli.MavenCli.doMain (MavenCli.java:288)
    at org.apache.maven.cli.MavenCli.main (MavenCli.java:192)
    at sun.reflect.NativeMethodAccessorImpl.invoke0 (Native Method)
    at sun.reflect.NativeMethodAccessorImpl.invoke (NativeMethodAccessorImpl.java:62)
    at sun.reflect.DelegatingMethodAccessorImpl.invoke (DelegatingMethodAccessorImpl.java:43)
    at java.lang.reflect.Method.invoke (Method.java:498)
    at org.codehaus.plexus.classworlds.launcher.Launcher.launchEnhanced (Launcher.java:289)
    at org.codehaus.plexus.classworlds.launcher.Launcher.launch (Launcher.java:229)
    at org.codehaus.plexus.classworlds.launcher.Launcher.mainWithExitCode (Launcher.java:415)
    at org.codehaus.plexus.classworlds.launcher.Launcher.main (Launcher.java:356)
Caused by: java.lang.RuntimeException: java.lang.NullPointerException
    at eu.stamp_project.DSpotMojo.execute (DSpotMojo.java:265)
    at org.apache.maven.plugin.DefaultBuildPluginManager.executeMojo (DefaultBuildPluginManager.java:137)
    at org.apache.maven.lifecycle.internal.MojoExecutor.execute (MojoExecutor.java:208)
    at org.apache.maven.lifecycle.internal.MojoExecutor.execute (MojoExecutor.java:154)
    at org.apache.maven.lifecycle.internal.MojoExecutor.execute (MojoExecutor.java:146)
    at org.apache.maven.lifecycle.internal.LifecycleModuleBuilder.buildProject (LifecycleModuleBuilder.java:117)
    at org.apache.maven.lifecycle.internal.LifecycleModuleBuilder.buildProject (LifecycleModuleBuilder.java:81)
    at org.apache.maven.lifecycle.internal.builder.singlethreaded.SingleThreadedBuilder.build (SingleThreadedBuilder.java:56)
    at org.apache.maven.lifecycle.internal.LifecycleStarter.execute (LifecycleStarter.java:128)
    at org.apache.maven.DefaultMaven.doExecute (DefaultMaven.java:305)
    at org.apache.maven.DefaultMaven.doExecute (DefaultMaven.java:192)
    at org.apache.maven.DefaultMaven.execute (DefaultMaven.java:105)
    at org.apache.maven.cli.MavenCli.execute (MavenCli.java:954)
    at org.apache.maven.cli.MavenCli.doMain (MavenCli.java:288)
    at org.apache.maven.cli.MavenCli.main (MavenCli.java:192)
    at sun.reflect.NativeMethodAccessorImpl.invoke0 (Native Method)
    at sun.reflect.NativeMethodAccessorImpl.invoke (NativeMethodAccessorImpl.java:62)
    at sun.reflect.DelegatingMethodAccessorImpl.invoke (DelegatingMethodAccessorImpl.java:43)
    at java.lang.reflect.Method.invoke (Method.java:498)
    at org.codehaus.plexus.classworlds.launcher.Launcher.launchEnhanced (Launcher.java:289)
    at org.codehaus.plexus.classworlds.launcher.Launcher.launch (Launcher.java:229)
    at org.codehaus.plexus.classworlds.launcher.Launcher.mainWithExitCode (Launcher.java:415)
    at org.codehaus.plexus.classworlds.launcher.Launcher.main (Launcher.java:356)
Caused by: java.lang.NullPointerException
    at eu.stamp_project.dspot.assertgenerator.AssertGeneratorHelper.isStmtToLog (AssertGeneratorHelper.java:157)
    at eu.stamp_project.dspot.assertgenerator.AssertGeneratorHelper.lambda$createTestWithLog$0 (AssertGeneratorHelper.java:64)
    at java.util.stream.ReferencePipeline$2$1.accept (ReferencePipeline.java:174)
    at java.util.ArrayList$ArrayListSpliterator.forEachRemaining (ArrayList.java:1374)
    at java.util.stream.AbstractPipeline.copyInto (AbstractPipeline.java:481)
    at java.util.stream.AbstractPipeline.wrapAndCopyInto (AbstractPipeline.java:471)
    at java.util.stream.ForEachOps$ForEachOp.evaluateSequential (ForEachOps.java:151)
    at java.util.stream.ForEachOps$ForEachOp$OfRef.evaluateSequential (ForEachOps.java:174)
    at java.util.stream.AbstractPipeline.evaluate (AbstractPipeline.java:234)
    at java.util.stream.ReferencePipeline.forEach (ReferencePipeline.java:418)
    at eu.stamp_project.dspot.assertgenerator.AssertGeneratorHelper.createTestWithLog (AssertGeneratorHelper.java:65)
    at eu.stamp_project.dspot.assertgenerator.MethodsAssertGenerator.lambda$addAssertions$0 (MethodsAssertGenerator.java:84)
    at java.util.stream.ReferencePipeline$3$1.accept (ReferencePipeline.java:193)
    at java.util.ArrayList$ArrayListSpliterator.forEachRemaining (ArrayList.java:1374)
    at java.util.stream.AbstractPipeline.copyInto (AbstractPipeline.java:481)
    at java.util.stream.AbstractPipeline.wrapAndCopyInto (AbstractPipeline.java:471)
    at java.util.stream.ReduceOps$ReduceOp.evaluateSequential (ReduceOps.java:708)
    at java.util.stream.AbstractPipeline.evaluate (AbstractPipeline.java:234)
    at java.util.stream.ReferencePipeline.collect (ReferencePipeline.java:499)
    at eu.stamp_project.dspot.assertgenerator.MethodsAssertGenerator.addAssertions (MethodsAssertGenerator.java:90)
    at eu.stamp_project.dspot.assertgenerator.AssertGenerator.innerAssertionAmplification (AssertGenerator.java:122)
    at eu.stamp_project.dspot.assertgenerator.AssertGenerator.assertionAmplification (AssertGenerator.java:71)
    at eu.stamp_project.dspot.Amplification.assertionsAmplification (Amplification.java:150)
    at eu.stamp_project.dspot.Amplification.amplification (Amplification.java:84)
    at eu.stamp_project.dspot.DSpot.amplifyTest (DSpot.java:181)
    at eu.stamp_project.dspot.DSpot.amplifyTest (DSpot.java:171)
    at eu.stamp_project.Main.lambda$run$1 (Main.java:69)
    at java.util.stream.ReferencePipeline$3$1.accept (ReferencePipeline.java:193)
    at java.util.ArrayList$ArrayListSpliterator.forEachRemaining (ArrayList.java:1374)
    at java.util.stream.AbstractPipeline.copyInto (AbstractPipeline.java:481)
    at java.util.stream.AbstractPipeline.wrapAndCopyInto (AbstractPipeline.java:471)
    at java.util.stream.ReduceOps$ReduceOp.evaluateSequential (ReduceOps.java:708)
    at java.util.stream.AbstractPipeline.evaluate (AbstractPipeline.java:234)
    at java.util.stream.ReferencePipeline.collect (ReferencePipeline.java:499)
    at eu.stamp_project.Main.run (Main.java:71)
    at eu.stamp_project.DSpotMojo.execute (DSpotMojo.java:263)
    at org.apache.maven.plugin.DefaultBuildPluginManager.executeMojo (DefaultBuildPluginManager.java:137)
    at org.apache.maven.lifecycle.internal.MojoExecutor.execute (MojoExecutor.java:208)
    at org.apache.maven.lifecycle.internal.MojoExecutor.execute (MojoExecutor.java:154)
    at org.apache.maven.lifecycle.internal.MojoExecutor.execute (MojoExecutor.java:146)
    at org.apache.maven.lifecycle.internal.LifecycleModuleBuilder.buildProject (LifecycleModuleBuilder.java:117)
    at org.apache.maven.lifecycle.internal.LifecycleModuleBuilder.buildProject (LifecycleModuleBuilder.java:81)
    at org.apache.maven.lifecycle.internal.builder.singlethreaded.SingleThreadedBuilder.build (SingleThreadedBuilder.java:56)
    at org.apache.maven.lifecycle.internal.LifecycleStarter.execute (LifecycleStarter.java:128)
    at org.apache.maven.DefaultMaven.doExecute (DefaultMaven.java:305)
    at org.apache.maven.DefaultMaven.doExecute (DefaultMaven.java:192)
    at org.apache.maven.DefaultMaven.execute (DefaultMaven.java:105)
    at org.apache.maven.cli.MavenCli.execute (MavenCli.java:954)
    at org.apache.maven.cli.MavenCli.doMain (MavenCli.java:288)
    at org.apache.maven.cli.MavenCli.main (MavenCli.java:192)
    at sun.reflect.NativeMethodAccessorImpl.invoke0 (Native Method)
    at sun.reflect.NativeMethodAccessorImpl.invoke (NativeMethodAccessorImpl.java:62)
    at sun.reflect.DelegatingMethodAccessorImpl.invoke (DelegatingMethodAccessorImpl.java:43)
    at java.lang.reflect.Method.invoke (Method.java:498)
    at org.codehaus.plexus.classworlds.launcher.Launcher.launchEnhanced (Launcher.java:289)
    at org.codehaus.plexus.classworlds.launcher.Launcher.launch (Launcher.java:229)
    at org.codehaus.plexus.classworlds.launcher.Launcher.mainWithExitCode (Launcher.java:415)
    at org.codehaus.plexus.classworlds.launcher.Launcher.main (Launcher.java:356)
[ERROR] 
[ERROR] 
[ERROR] For more information about the errors and possible solutions, please read the following articles:
[ERROR] [Help 1] http://cwiki.apache.org/confluence/display/MAVEN/PluginExecutionException
