Apache Maven 3.5.4 (1edded0938998edf8bf061f1ceb3cfdeccf443fe; 2018-06-17T20:33:14+02:00)
Maven home: /home/spirals/danglot/apache-maven-3.5.4
Java version: 1.8.0_121, vendor: Oracle Corporation, runtime: /home/spirals/danglot/jdk1.8.0_121/jre
Default locale: en_US, platform encoding: ANSI_X3.4-1968
OS name: "linux", version: "3.16.0-4-amd64", arch: "amd64", family: "unix"
[DEBUG] Created new class realm maven.api
[DEBUG] Importing foreign packages into class realm maven.api
[DEBUG]   Imported: javax.annotation.* < plexus.core
[DEBUG]   Imported: javax.annotation.security.* < plexus.core
[DEBUG]   Imported: javax.enterprise.inject.* < plexus.core
[DEBUG]   Imported: javax.enterprise.util.* < plexus.core
[DEBUG]   Imported: javax.inject.* < plexus.core
[DEBUG]   Imported: org.apache.maven.* < plexus.core
[DEBUG]   Imported: org.apache.maven.artifact < plexus.core
[DEBUG]   Imported: org.apache.maven.classrealm < plexus.core
[DEBUG]   Imported: org.apache.maven.cli < plexus.core
[DEBUG]   Imported: org.apache.maven.configuration < plexus.core
[DEBUG]   Imported: org.apache.maven.exception < plexus.core
[DEBUG]   Imported: org.apache.maven.execution < plexus.core
[DEBUG]   Imported: org.apache.maven.execution.scope < plexus.core
[DEBUG]   Imported: org.apache.maven.lifecycle < plexus.core
[DEBUG]   Imported: org.apache.maven.model < plexus.core
[DEBUG]   Imported: org.apache.maven.monitor < plexus.core
[DEBUG]   Imported: org.apache.maven.plugin < plexus.core
[DEBUG]   Imported: org.apache.maven.profiles < plexus.core
[DEBUG]   Imported: org.apache.maven.project < plexus.core
[DEBUG]   Imported: org.apache.maven.reporting < plexus.core
[DEBUG]   Imported: org.apache.maven.repository < plexus.core
[DEBUG]   Imported: org.apache.maven.rtinfo < plexus.core
[DEBUG]   Imported: org.apache.maven.settings < plexus.core
[DEBUG]   Imported: org.apache.maven.toolchain < plexus.core
[DEBUG]   Imported: org.apache.maven.usability < plexus.core
[DEBUG]   Imported: org.apache.maven.wagon.* < plexus.core
[DEBUG]   Imported: org.apache.maven.wagon.authentication < plexus.core
[DEBUG]   Imported: org.apache.maven.wagon.authorization < plexus.core
[DEBUG]   Imported: org.apache.maven.wagon.events < plexus.core
[DEBUG]   Imported: org.apache.maven.wagon.observers < plexus.core
[DEBUG]   Imported: org.apache.maven.wagon.proxy < plexus.core
[DEBUG]   Imported: org.apache.maven.wagon.repository < plexus.core
[DEBUG]   Imported: org.apache.maven.wagon.resource < plexus.core
[DEBUG]   Imported: org.codehaus.classworlds < plexus.core
[DEBUG]   Imported: org.codehaus.plexus.* < plexus.core
[DEBUG]   Imported: org.codehaus.plexus.classworlds < plexus.core
[DEBUG]   Imported: org.codehaus.plexus.component < plexus.core
[DEBUG]   Imported: org.codehaus.plexus.configuration < plexus.core
[DEBUG]   Imported: org.codehaus.plexus.container < plexus.core
[DEBUG]   Imported: org.codehaus.plexus.context < plexus.core
[DEBUG]   Imported: org.codehaus.plexus.lifecycle < plexus.core
[DEBUG]   Imported: org.codehaus.plexus.logging < plexus.core
[DEBUG]   Imported: org.codehaus.plexus.personality < plexus.core
[DEBUG]   Imported: org.codehaus.plexus.util.xml.Xpp3Dom < plexus.core
[DEBUG]   Imported: org.codehaus.plexus.util.xml.pull.XmlPullParser < plexus.core
[DEBUG]   Imported: org.codehaus.plexus.util.xml.pull.XmlPullParserException < plexus.core
[DEBUG]   Imported: org.codehaus.plexus.util.xml.pull.XmlSerializer < plexus.core
[DEBUG]   Imported: org.eclipse.aether.* < plexus.core
[DEBUG]   Imported: org.eclipse.aether.artifact < plexus.core
[DEBUG]   Imported: org.eclipse.aether.collection < plexus.core
[DEBUG]   Imported: org.eclipse.aether.deployment < plexus.core
[DEBUG]   Imported: org.eclipse.aether.graph < plexus.core
[DEBUG]   Imported: org.eclipse.aether.impl < plexus.core
[DEBUG]   Imported: org.eclipse.aether.installation < plexus.core
[DEBUG]   Imported: org.eclipse.aether.internal.impl < plexus.core
[DEBUG]   Imported: org.eclipse.aether.metadata < plexus.core
[DEBUG]   Imported: org.eclipse.aether.repository < plexus.core
[DEBUG]   Imported: org.eclipse.aether.resolution < plexus.core
[DEBUG]   Imported: org.eclipse.aether.spi < plexus.core
[DEBUG]   Imported: org.eclipse.aether.transfer < plexus.core
[DEBUG]   Imported: org.eclipse.aether.version < plexus.core
[DEBUG]   Imported: org.fusesource.jansi.* < plexus.core
[DEBUG]   Imported: org.slf4j.* < plexus.core
[DEBUG]   Imported: org.slf4j.helpers.* < plexus.core
[DEBUG]   Imported: org.slf4j.spi.* < plexus.core
[DEBUG] Populating class realm maven.api
[INFO] Error stacktraces are turned on.
[DEBUG] Message scheme: color
[DEBUG] Message styles: debug info warning error success failure strong mojo project
[DEBUG] Reading global settings from /home/spirals/danglot/apache-maven-3.5.4/conf/settings.xml
[DEBUG] Reading user settings from /home/spirals/danglot/.m2/settings.xml
[DEBUG] Reading global toolchains from /home/spirals/danglot/apache-maven-3.5.4/conf/toolchains.xml
[DEBUG] Reading user toolchains from /home/spirals/danglot/.m2/toolchains.xml
[DEBUG] Using local repository at /home/spirals/danglot/.m2/repository
[DEBUG] Using manager EnhancedLocalRepositoryManager with priority 10.0 for /home/spirals/danglot/.m2/repository
[INFO] Scanning for projects...
[DEBUG] Extension realms for project com.google.code.gson:gson:jar:2.6.3-SNAPSHOT: (none)
[DEBUG] Looking up lifecycle mappings for packaging jar from ClassRealm[plexus.core, parent: null]
[DEBUG] Extension realms for project com.google.code.gson:gson-parent:pom:2.6.3-SNAPSHOT: (none)
[DEBUG] Looking up lifecycle mappings for packaging pom from ClassRealm[plexus.core, parent: null]
[DEBUG] Extension realms for project org.sonatype.oss:oss-parent:pom:7: (none)
[DEBUG] Looking up lifecycle mappings for packaging pom from ClassRealm[plexus.core, parent: null]
[DEBUG] === REACTOR BUILD PLAN ================================================
[DEBUG] Project: com.google.code.gson:gson:jar:2.6.3-SNAPSHOT
[DEBUG] Tasks:   [eu.stamp-project:dspot-maven:1.1.1-SNAPSHOT:amplify-unit-tests]
[DEBUG] Style:   Regular
[DEBUG] =======================================================================
[INFO] 
[INFO] ---------------------< com.google.code.gson:gson >----------------------
[INFO] Building Gson 2.6.3-SNAPSHOT
[INFO] --------------------------------[ jar ]---------------------------------
[DEBUG] Lifecycle default -> [validate, initialize, generate-sources, process-sources, generate-resources, process-resources, compile, process-classes, generate-test-sources, process-test-sources, generate-test-resources, process-test-resources, test-compile, process-test-classes, test, prepare-package, package, pre-integration-test, integration-test, post-integration-test, verify, install, deploy]
[DEBUG] Lifecycle clean -> [pre-clean, clean, post-clean]
[DEBUG] Lifecycle site -> [pre-site, site, post-site, site-deploy]
[DEBUG] === PROJECT BUILD PLAN ================================================
[DEBUG] Project:       com.google.code.gson:gson:2.6.3-SNAPSHOT
[DEBUG] Dependencies (collect): []
[DEBUG] Dependencies (resolve): [test]
[DEBUG] Repositories (dependencies): [sonatype-nexus-snapshots (https://oss.sonatype.org/content/repositories/snapshots, default, snapshots), central (https://repo.maven.apache.org/maven2, default, releases)]
[DEBUG] Repositories (plugins)     : [central (https://repo.maven.apache.org/maven2, default, releases)]
[DEBUG] -----------------------------------------------------------------------
[DEBUG] Goal:          eu.stamp-project:dspot-maven:1.1.1-SNAPSHOT:amplify-unit-tests (default-cli)
[DEBUG] Style:         Regular
[DEBUG] Configuration: <?xml version="1.0" encoding="UTF-8"?>
<configuration>
  <amplifiers default-value="None">${amplifiers}</amplifiers>
  <automaticBuilder default-value="MavenBuilder">${automatic-builder}</automaticBuilder>
  <budgetizer default-value="NoBudgetizer">${budgetizer}</budgetizer>
  <cases>${cases}</cases>
  <clean default-value="false">${clean}</clean>
  <descartes default-value="false">${descartes}</descartes>
  <example default-value="false">${example}</example>
  <generateNewTestClass default-value="false">${generate-new-test-class}</generateNewTestClass>
  <help default-value="false">${help}</help>
  <iteration default-value="3">${iteration}</iteration>
  <mavenHome>${maven-home}</mavenHome>
  <maxTestAmplified default-value="200">${max-test-amplified}</maxTestAmplified>
  <noMinimize default-value="false">${no-minimize}</noMinimize>
  <outputPath default-value="target/dspot/output">${output-path}</outputPath>
  <pathPitResult>${path-pit-result}</pathPitResult>
  <pathToProperties default-value="">${path-to-properties}</pathToProperties>
  <pathToSecondVersion default-value="">${path-to-second-version}</pathToSecondVersion>
  <pathToTestListCsv default-value="">${path-to-test-list-csv}</pathToTestListCsv>
  <project default-value="${project}"/>
  <randomSeed default-value="23">${randomSeed}</randomSeed>
  <test default-value="all">${test}</test>
  <testCriterion default-value="PitMutantScoreSelector">${test-criterion}</testCriterion>
  <timeOut default-value="10000">${timeOut}</timeOut>
  <useMavenToExeTest default-value="false">${use-maven-to-exe-test}</useMavenToExeTest>
  <verbose default-value="false">${verbose}</verbose>
  <withComment default-value="false">${with-comment}</withComment>
  <workingDirectory default-value="false">${working-directory}</workingDirectory>
</configuration>
[DEBUG] =======================================================================
[DEBUG] Dependency collection stats: {ConflictMarker.analyzeTime=692701, ConflictMarker.markTime=456490, ConflictMarker.nodeCount=2, ConflictIdSorter.graphTime=397411, ConflictIdSorter.topsortTime=368171, ConflictIdSorter.conflictIdCount=1, ConflictIdSorter.conflictIdCycleCount=0, ConflictResolver.totalTime=3066164, ConflictResolver.conflictItemCount=1, DefaultDependencyCollector.collectTime=11137442, DefaultDependencyCollector.transformTime=6988398}
[DEBUG] com.google.code.gson:gson:jar:2.6.3-SNAPSHOT
[DEBUG]    junit:junit:jar:3.8.2:test
[INFO] 
[INFO] --- dspot-maven:1.1.1-SNAPSHOT:amplify-unit-tests (default-cli) @ gson ---
[DEBUG] Failure to find eu.stamp-project:dspot:1.1.1-SNAPSHOT/maven-metadata.xml in https://repo.gradle.org/gradle/libs-releases-local/ was cached in the local repository, resolution will not be reattempted until the update interval of gradle-repo has elapsed or updates are forced
[DEBUG] Skipped remote request for eu.stamp-project:dspot:1.1.1-SNAPSHOT/maven-metadata.xml, locally cached metadata up-to-date.
[DEBUG] Using transporter WagonTransporter with priority -1.0 for https://stamp-project.github.io/stamp-maven-repository/
[DEBUG] Using connector BasicRepositoryConnector with priority 0.0 for https://stamp-project.github.io/stamp-maven-repository/
Downloading from stamp-maven-repository-mvn-repo: https://stamp-project.github.io/stamp-maven-repository/eu/stamp-project/dspot/1.1.1-SNAPSHOT/maven-metadata.xml
[DEBUG] Writing tracking file /home/spirals/danglot/.m2/repository/eu/stamp-project/dspot/1.1.1-SNAPSHOT/resolver-status.properties
[DEBUG] Could not find metadata eu.stamp-project:dspot:1.1.1-SNAPSHOT/maven-metadata.xml in stamp-maven-repository-mvn-repo (https://stamp-project.github.io/stamp-maven-repository/)
[DEBUG] Skipped remote request for eu.stamp-project:dspot:1.1.1-SNAPSHOT/maven-metadata.xml, already updated during this session.
[DEBUG] Failure to find eu.stamp-project:dspot:1.1.1-SNAPSHOT/maven-metadata.xml in https://stamp-project.github.io/stamp-maven-repository/ was cached in the local repository, resolution will not be reattempted until the update interval of stamp-maven-repository-mvn-repo has elapsed or updates are forced
[DEBUG] Failure to find eu.stamp-project:dspot:1.1.1-SNAPSHOT/maven-metadata.xml in https://repo.gradle.org/gradle/libs-releases-local/ was cached in the local repository, resolution will not be reattempted until the update interval of gradle-repo has elapsed or updates are forced
[DEBUG] Skipped remote request for eu.stamp-project:dspot:1.1.1-SNAPSHOT/maven-metadata.xml, locally cached metadata up-to-date.
[DEBUG] Could not find metadata fr.inria.gforge.spoon:spoon-core:7.1.0-SNAPSHOT/maven-metadata.xml in local (/home/spirals/danglot/.m2/repository)
[DEBUG] Failure to find fr.inria.gforge.spoon:spoon-core:7.1.0-SNAPSHOT/maven-metadata.xml in https://repo.gradle.org/gradle/libs-releases-local/ was cached in the local repository, resolution will not be reattempted until the update interval of gradle-repo has elapsed or updates are forced
[DEBUG] Failure to find fr.inria.gforge.spoon:spoon-core:7.1.0-SNAPSHOT/maven-metadata.xml in https://oss.sonatype.org/content/repositories/snapshots was cached in the local repository, resolution will not be reattempted until the update interval of sonatype-nexus-snapshots has elapsed or updates are forced
[DEBUG] Skipped remote request for fr.inria.gforge.spoon:spoon-core:7.1.0-SNAPSHOT/maven-metadata.xml, locally cached metadata up-to-date.
[DEBUG] Using transporter WagonTransporter with priority -1.0 for https://stamp-project.github.io/stamp-maven-repository/
[DEBUG] Using connector BasicRepositoryConnector with priority 0.0 for https://stamp-project.github.io/stamp-maven-repository/
Downloading from stamp-maven-repository-mvn-repo: https://stamp-project.github.io/stamp-maven-repository/fr/inria/gforge/spoon/spoon-core/7.1.0-SNAPSHOT/maven-metadata.xml
[DEBUG] Writing tracking file /home/spirals/danglot/.m2/repository/fr/inria/gforge/spoon/spoon-core/7.1.0-SNAPSHOT/resolver-status.properties
[DEBUG] Could not find metadata fr.inria.gforge.spoon:spoon-core:7.1.0-SNAPSHOT/maven-metadata.xml in stamp-maven-repository-mvn-repo (https://stamp-project.github.io/stamp-maven-repository/)
[DEBUG] Could not find metadata fr.inria.gforge.spoon:spoon-core:7.1.0-SNAPSHOT/maven-metadata.xml in local (/home/spirals/danglot/.m2/repository)
[DEBUG] Skipped remote request for fr.inria.gforge.spoon:spoon-core:7.1.0-SNAPSHOT/maven-metadata.xml, already updated during this session.
[DEBUG] Failure to find fr.inria.gforge.spoon:spoon-core:7.1.0-SNAPSHOT/maven-metadata.xml in https://stamp-project.github.io/stamp-maven-repository/ was cached in the local repository, resolution will not be reattempted until the update interval of stamp-maven-repository-mvn-repo has elapsed or updates are forced
[DEBUG] Failure to find fr.inria.gforge.spoon:spoon-core:7.1.0-SNAPSHOT/maven-metadata.xml in https://repo.gradle.org/gradle/libs-releases-local/ was cached in the local repository, resolution will not be reattempted until the update interval of gradle-repo has elapsed or updates are forced
[DEBUG] Failure to find fr.inria.gforge.spoon:spoon-core:7.1.0-SNAPSHOT/maven-metadata.xml in https://oss.sonatype.org/content/repositories/snapshots was cached in the local repository, resolution will not be reattempted until the update interval of sonatype-nexus-snapshots has elapsed or updates are forced
[DEBUG] Skipped remote request for fr.inria.gforge.spoon:spoon-core:7.1.0-SNAPSHOT/maven-metadata.xml, locally cached metadata up-to-date.
[DEBUG] Could not find metadata org.eclipse.platform:org.eclipse.core.resources/maven-metadata.xml in local (/home/spirals/danglot/.m2/repository)
[DEBUG] Skipped remote request for org.eclipse.platform:org.eclipse.core.resources/maven-metadata.xml, locally cached metadata up-to-date.
[DEBUG] Failure to find org.eclipse.platform:org.eclipse.core.resources/maven-metadata.xml in https://repo.gradle.org/gradle/libs-releases-local/ was cached in the local repository, resolution will not be reattempted until the update interval of gradle-repo has elapsed or updates are forced
[DEBUG] Failure to find org.eclipse.platform:org.eclipse.core.resources/maven-metadata.xml in https://oss.sonatype.org/content/repositories/snapshots was cached in the local repository, resolution will not be reattempted until the update interval of sonatype-nexus-snapshots has elapsed or updates are forced
[DEBUG] Failure to find org.eclipse.platform:org.eclipse.core.resources/maven-metadata.xml in http://maven.inria.fr/artifactory/spoon-public-snapshot was cached in the local repository, resolution will not be reattempted until the update interval of maven.inria.fr-snapshot has elapsed or updates are forced
[DEBUG] Failure to find org.eclipse.platform:org.eclipse.core.resources/maven-metadata.xml in http://maven.inria.fr/artifactory/triskell-public-release was cached in the local repository, resolution will not be reattempted until the update interval of inria has elapsed or updates are forced
[DEBUG] Using transporter WagonTransporter with priority -1.0 for https://stamp-project.github.io/stamp-maven-repository/
[DEBUG] Using connector BasicRepositoryConnector with priority 0.0 for https://stamp-project.github.io/stamp-maven-repository/
Downloading from stamp-maven-repository-mvn-repo: https://stamp-project.github.io/stamp-maven-repository/org/eclipse/platform/org.eclipse.core.resources/maven-metadata.xml
[DEBUG] Writing tracking file /home/spirals/danglot/.m2/repository/org/eclipse/platform/org.eclipse.core.resources/resolver-status.properties
[DEBUG] Could not find metadata org.eclipse.platform:org.eclipse.core.resources/maven-metadata.xml in stamp-maven-repository-mvn-repo (https://stamp-project.github.io/stamp-maven-repository/)
[DEBUG] Could not find metadata org.eclipse.platform:org.eclipse.core.expressions/maven-metadata.xml in local (/home/spirals/danglot/.m2/repository)
[DEBUG] Skipped remote request for org.eclipse.platform:org.eclipse.core.expressions/maven-metadata.xml, locally cached metadata up-to-date.
[DEBUG] Failure to find org.eclipse.platform:org.eclipse.core.expressions/maven-metadata.xml in https://repo.gradle.org/gradle/libs-releases-local/ was cached in the local repository, resolution will not be reattempted until the update interval of gradle-repo has elapsed or updates are forced
[DEBUG] Failure to find org.eclipse.platform:org.eclipse.core.expressions/maven-metadata.xml in https://oss.sonatype.org/content/repositories/snapshots was cached in the local repository, resolution will not be reattempted until the update interval of sonatype-nexus-snapshots has elapsed or updates are forced
[DEBUG] Failure to find org.eclipse.platform:org.eclipse.core.expressions/maven-metadata.xml in http://maven.inria.fr/artifactory/spoon-public-snapshot was cached in the local repository, resolution will not be reattempted until the update interval of maven.inria.fr-snapshot has elapsed or updates are forced
[DEBUG] Failure to find org.eclipse.platform:org.eclipse.core.expressions/maven-metadata.xml in http://maven.inria.fr/artifactory/triskell-public-release was cached in the local repository, resolution will not be reattempted until the update interval of inria has elapsed or updates are forced
[DEBUG] Using transporter WagonTransporter with priority -1.0 for https://stamp-project.github.io/stamp-maven-repository/
[DEBUG] Using connector BasicRepositoryConnector with priority 0.0 for https://stamp-project.github.io/stamp-maven-repository/
Downloading from stamp-maven-repository-mvn-repo: https://stamp-project.github.io/stamp-maven-repository/org/eclipse/platform/org.eclipse.core.expressions/maven-metadata.xml
[DEBUG] Writing tracking file /home/spirals/danglot/.m2/repository/org/eclipse/platform/org.eclipse.core.expressions/resolver-status.properties
[DEBUG] Could not find metadata org.eclipse.platform:org.eclipse.core.expressions/maven-metadata.xml in stamp-maven-repository-mvn-repo (https://stamp-project.github.io/stamp-maven-repository/)
[DEBUG] Could not find metadata org.eclipse.platform:org.eclipse.core.runtime/maven-metadata.xml in local (/home/spirals/danglot/.m2/repository)
[DEBUG] Skipped remote request for org.eclipse.platform:org.eclipse.core.runtime/maven-metadata.xml, locally cached metadata up-to-date.
[DEBUG] Failure to find org.eclipse.platform:org.eclipse.core.runtime/maven-metadata.xml in https://repo.gradle.org/gradle/libs-releases-local/ was cached in the local repository, resolution will not be reattempted until the update interval of gradle-repo has elapsed or updates are forced
[DEBUG] Failure to find org.eclipse.platform:org.eclipse.core.runtime/maven-metadata.xml in https://oss.sonatype.org/content/repositories/snapshots was cached in the local repository, resolution will not be reattempted until the update interval of sonatype-nexus-snapshots has elapsed or updates are forced
[DEBUG] Failure to find org.eclipse.platform:org.eclipse.core.runtime/maven-metadata.xml in http://maven.inria.fr/artifactory/spoon-public-snapshot was cached in the local repository, resolution will not be reattempted until the update interval of maven.inria.fr-snapshot has elapsed or updates are forced
[DEBUG] Failure to find org.eclipse.platform:org.eclipse.core.runtime/maven-metadata.xml in http://maven.inria.fr/artifactory/triskell-public-release was cached in the local repository, resolution will not be reattempted until the update interval of inria has elapsed or updates are forced
[DEBUG] Using transporter WagonTransporter with priority -1.0 for https://stamp-project.github.io/stamp-maven-repository/
[DEBUG] Using connector BasicRepositoryConnector with priority 0.0 for https://stamp-project.github.io/stamp-maven-repository/
Downloading from stamp-maven-repository-mvn-repo: https://stamp-project.github.io/stamp-maven-repository/org/eclipse/platform/org.eclipse.core.runtime/maven-metadata.xml
[DEBUG] Writing tracking file /home/spirals/danglot/.m2/repository/org/eclipse/platform/org.eclipse.core.runtime/resolver-status.properties
[DEBUG] Could not find metadata org.eclipse.platform:org.eclipse.core.runtime/maven-metadata.xml in stamp-maven-repository-mvn-repo (https://stamp-project.github.io/stamp-maven-repository/)
[DEBUG] Could not find metadata org.eclipse.platform:org.eclipse.osgi/maven-metadata.xml in local (/home/spirals/danglot/.m2/repository)
[DEBUG] Skipped remote request for org.eclipse.platform:org.eclipse.osgi/maven-metadata.xml, locally cached metadata up-to-date.
[DEBUG] Failure to find org.eclipse.platform:org.eclipse.osgi/maven-metadata.xml in https://repo.gradle.org/gradle/libs-releases-local/ was cached in the local repository, resolution will not be reattempted until the update interval of gradle-repo has elapsed or updates are forced
[DEBUG] Failure to find org.eclipse.platform:org.eclipse.osgi/maven-metadata.xml in https://oss.sonatype.org/content/repositories/snapshots was cached in the local repository, resolution will not be reattempted until the update interval of sonatype-nexus-snapshots has elapsed or updates are forced
[DEBUG] Failure to find org.eclipse.platform:org.eclipse.osgi/maven-metadata.xml in http://maven.inria.fr/artifactory/spoon-public-snapshot was cached in the local repository, resolution will not be reattempted until the update interval of maven.inria.fr-snapshot has elapsed or updates are forced
[DEBUG] Failure to find org.eclipse.platform:org.eclipse.osgi/maven-metadata.xml in http://maven.inria.fr/artifactory/triskell-public-release was cached in the local repository, resolution will not be reattempted until the update interval of inria has elapsed or updates are forced
[DEBUG] Using transporter WagonTransporter with priority -1.0 for https://stamp-project.github.io/stamp-maven-repository/
[DEBUG] Using connector BasicRepositoryConnector with priority 0.0 for https://stamp-project.github.io/stamp-maven-repository/
Downloading from stamp-maven-repository-mvn-repo: https://stamp-project.github.io/stamp-maven-repository/org/eclipse/platform/org.eclipse.osgi/maven-metadata.xml
[DEBUG] Writing tracking file /home/spirals/danglot/.m2/repository/org/eclipse/platform/org.eclipse.osgi/resolver-status.properties
[DEBUG] Could not find metadata org.eclipse.platform:org.eclipse.osgi/maven-metadata.xml in stamp-maven-repository-mvn-repo (https://stamp-project.github.io/stamp-maven-repository/)
[DEBUG] Could not find metadata org.eclipse.platform:org.eclipse.equinox.common/maven-metadata.xml in local (/home/spirals/danglot/.m2/repository)
[DEBUG] Skipped remote request for org.eclipse.platform:org.eclipse.equinox.common/maven-metadata.xml, locally cached metadata up-to-date.
[DEBUG] Failure to find org.eclipse.platform:org.eclipse.equinox.common/maven-metadata.xml in https://repo.gradle.org/gradle/libs-releases-local/ was cached in the local repository, resolution will not be reattempted until the update interval of gradle-repo has elapsed or updates are forced
[DEBUG] Failure to find org.eclipse.platform:org.eclipse.equinox.common/maven-metadata.xml in https://oss.sonatype.org/content/repositories/snapshots was cached in the local repository, resolution will not be reattempted until the update interval of sonatype-nexus-snapshots has elapsed or updates are forced
[DEBUG] Failure to find org.eclipse.platform:org.eclipse.equinox.common/maven-metadata.xml in http://maven.inria.fr/artifactory/spoon-public-snapshot was cached in the local repository, resolution will not be reattempted until the update interval of maven.inria.fr-snapshot has elapsed or updates are forced
[DEBUG] Failure to find org.eclipse.platform:org.eclipse.equinox.common/maven-metadata.xml in http://maven.inria.fr/artifactory/triskell-public-release was cached in the local repository, resolution will not be reattempted until the update interval of inria has elapsed or updates are forced
[DEBUG] Using transporter WagonTransporter with priority -1.0 for https://stamp-project.github.io/stamp-maven-repository/
[DEBUG] Using connector BasicRepositoryConnector with priority 0.0 for https://stamp-project.github.io/stamp-maven-repository/
Downloading from stamp-maven-repository-mvn-repo: https://stamp-project.github.io/stamp-maven-repository/org/eclipse/platform/org.eclipse.equinox.common/maven-metadata.xml
[DEBUG] Writing tracking file /home/spirals/danglot/.m2/repository/org/eclipse/platform/org.eclipse.equinox.common/resolver-status.properties
[DEBUG] Could not find metadata org.eclipse.platform:org.eclipse.equinox.common/maven-metadata.xml in stamp-maven-repository-mvn-repo (https://stamp-project.github.io/stamp-maven-repository/)
[DEBUG] Could not find metadata org.eclipse.platform:org.eclipse.core.jobs/maven-metadata.xml in local (/home/spirals/danglot/.m2/repository)
[DEBUG] Skipped remote request for org.eclipse.platform:org.eclipse.core.jobs/maven-metadata.xml, locally cached metadata up-to-date.
[DEBUG] Failure to find org.eclipse.platform:org.eclipse.core.jobs/maven-metadata.xml in https://repo.gradle.org/gradle/libs-releases-local/ was cached in the local repository, resolution will not be reattempted until the update interval of gradle-repo has elapsed or updates are forced
[DEBUG] Failure to find org.eclipse.platform:org.eclipse.core.jobs/maven-metadata.xml in https://oss.sonatype.org/content/repositories/snapshots was cached in the local repository, resolution will not be reattempted until the update interval of sonatype-nexus-snapshots has elapsed or updates are forced
[DEBUG] Failure to find org.eclipse.platform:org.eclipse.core.jobs/maven-metadata.xml in http://maven.inria.fr/artifactory/spoon-public-snapshot was cached in the local repository, resolution will not be reattempted until the update interval of maven.inria.fr-snapshot has elapsed or updates are forced
[DEBUG] Failure to find org.eclipse.platform:org.eclipse.core.jobs/maven-metadata.xml in http://maven.inria.fr/artifactory/triskell-public-release was cached in the local repository, resolution will not be reattempted until the update interval of inria has elapsed or updates are forced
[DEBUG] Using transporter WagonTransporter with priority -1.0 for https://stamp-project.github.io/stamp-maven-repository/
[DEBUG] Using connector BasicRepositoryConnector with priority 0.0 for https://stamp-project.github.io/stamp-maven-repository/
Downloading from stamp-maven-repository-mvn-repo: https://stamp-project.github.io/stamp-maven-repository/org/eclipse/platform/org.eclipse.core.jobs/maven-metadata.xml
[DEBUG] Writing tracking file /home/spirals/danglot/.m2/repository/org/eclipse/platform/org.eclipse.core.jobs/resolver-status.properties
[DEBUG] Could not find metadata org.eclipse.platform:org.eclipse.core.jobs/maven-metadata.xml in stamp-maven-repository-mvn-repo (https://stamp-project.github.io/stamp-maven-repository/)
[DEBUG] Could not find metadata org.eclipse.platform:org.eclipse.equinox.registry/maven-metadata.xml in local (/home/spirals/danglot/.m2/repository)
[DEBUG] Skipped remote request for org.eclipse.platform:org.eclipse.equinox.registry/maven-metadata.xml, locally cached metadata up-to-date.
[DEBUG] Failure to find org.eclipse.platform:org.eclipse.equinox.registry/maven-metadata.xml in https://repo.gradle.org/gradle/libs-releases-local/ was cached in the local repository, resolution will not be reattempted until the update interval of gradle-repo has elapsed or updates are forced
[DEBUG] Failure to find org.eclipse.platform:org.eclipse.equinox.registry/maven-metadata.xml in https://oss.sonatype.org/content/repositories/snapshots was cached in the local repository, resolution will not be reattempted until the update interval of sonatype-nexus-snapshots has elapsed or updates are forced
[DEBUG] Failure to find org.eclipse.platform:org.eclipse.equinox.registry/maven-metadata.xml in http://maven.inria.fr/artifactory/spoon-public-snapshot was cached in the local repository, resolution will not be reattempted until the update interval of maven.inria.fr-snapshot has elapsed or updates are forced
[DEBUG] Failure to find org.eclipse.platform:org.eclipse.equinox.registry/maven-metadata.xml in http://maven.inria.fr/artifactory/triskell-public-release was cached in the local repository, resolution will not be reattempted until the update interval of inria has elapsed or updates are forced
[DEBUG] Using transporter WagonTransporter with priority -1.0 for https://stamp-project.github.io/stamp-maven-repository/
[DEBUG] Using connector BasicRepositoryConnector with priority 0.0 for https://stamp-project.github.io/stamp-maven-repository/
Downloading from stamp-maven-repository-mvn-repo: https://stamp-project.github.io/stamp-maven-repository/org/eclipse/platform/org.eclipse.equinox.registry/maven-metadata.xml
[DEBUG] Writing tracking file /home/spirals/danglot/.m2/repository/org/eclipse/platform/org.eclipse.equinox.registry/resolver-status.properties
[DEBUG] Could not find metadata org.eclipse.platform:org.eclipse.equinox.registry/maven-metadata.xml in stamp-maven-repository-mvn-repo (https://stamp-project.github.io/stamp-maven-repository/)
[DEBUG] Could not find metadata org.eclipse.platform:org.eclipse.equinox.common/maven-metadata.xml in local (/home/spirals/danglot/.m2/repository)
[DEBUG] Skipped remote request for org.eclipse.platform:org.eclipse.equinox.common/maven-metadata.xml, locally cached metadata up-to-date.
[DEBUG] Skipped remote request for org.eclipse.platform:org.eclipse.equinox.common/maven-metadata.xml, already updated during this session.
[DEBUG] Failure to find org.eclipse.platform:org.eclipse.equinox.common/maven-metadata.xml in https://stamp-project.github.io/stamp-maven-repository/ was cached in the local repository, resolution will not be reattempted until the update interval of stamp-maven-repository-mvn-repo has elapsed or updates are forced
[DEBUG] Failure to find org.eclipse.platform:org.eclipse.equinox.common/maven-metadata.xml in https://repo.gradle.org/gradle/libs-releases-local/ was cached in the local repository, resolution will not be reattempted until the update interval of gradle-repo has elapsed or updates are forced
[DEBUG] Failure to find org.eclipse.platform:org.eclipse.equinox.common/maven-metadata.xml in https://oss.sonatype.org/content/repositories/snapshots was cached in the local repository, resolution will not be reattempted until the update interval of sonatype-nexus-snapshots has elapsed or updates are forced
[DEBUG] Failure to find org.eclipse.platform:org.eclipse.equinox.common/maven-metadata.xml in http://maven.inria.fr/artifactory/spoon-public-snapshot was cached in the local repository, resolution will not be reattempted until the update interval of maven.inria.fr-snapshot has elapsed or updates are forced
[DEBUG] Failure to find org.eclipse.platform:org.eclipse.equinox.common/maven-metadata.xml in http://maven.inria.fr/artifactory/triskell-public-release was cached in the local repository, resolution will not be reattempted until the update interval of inria has elapsed or updates are forced
[DEBUG] Could not find metadata org.eclipse.platform:org.eclipse.equinox.preferences/maven-metadata.xml in local (/home/spirals/danglot/.m2/repository)
[DEBUG] Skipped remote request for org.eclipse.platform:org.eclipse.equinox.preferences/maven-metadata.xml, locally cached metadata up-to-date.
[DEBUG] Failure to find org.eclipse.platform:org.eclipse.equinox.preferences/maven-metadata.xml in https://repo.gradle.org/gradle/libs-releases-local/ was cached in the local repository, resolution will not be reattempted until the update interval of gradle-repo has elapsed or updates are forced
[DEBUG] Failure to find org.eclipse.platform:org.eclipse.equinox.preferences/maven-metadata.xml in https://oss.sonatype.org/content/repositories/snapshots was cached in the local repository, resolution will not be reattempted until the update interval of sonatype-nexus-snapshots has elapsed or updates are forced
[DEBUG] Failure to find org.eclipse.platform:org.eclipse.equinox.preferences/maven-metadata.xml in http://maven.inria.fr/artifactory/spoon-public-snapshot was cached in the local repository, resolution will not be reattempted until the update interval of maven.inria.fr-snapshot has elapsed or updates are forced
[DEBUG] Failure to find org.eclipse.platform:org.eclipse.equinox.preferences/maven-metadata.xml in http://maven.inria.fr/artifactory/triskell-public-release was cached in the local repository, resolution will not be reattempted until the update interval of inria has elapsed or updates are forced
[DEBUG] Using transporter WagonTransporter with priority -1.0 for https://stamp-project.github.io/stamp-maven-repository/
[DEBUG] Using connector BasicRepositoryConnector with priority 0.0 for https://stamp-project.github.io/stamp-maven-repository/
Downloading from stamp-maven-repository-mvn-repo: https://stamp-project.github.io/stamp-maven-repository/org/eclipse/platform/org.eclipse.equinox.preferences/maven-metadata.xml
[DEBUG] Writing tracking file /home/spirals/danglot/.m2/repository/org/eclipse/platform/org.eclipse.equinox.preferences/resolver-status.properties
[DEBUG] Could not find metadata org.eclipse.platform:org.eclipse.equinox.preferences/maven-metadata.xml in stamp-maven-repository-mvn-repo (https://stamp-project.github.io/stamp-maven-repository/)
[DEBUG] Could not find metadata org.eclipse.platform:org.eclipse.equinox.common/maven-metadata.xml in local (/home/spirals/danglot/.m2/repository)
[DEBUG] Skipped remote request for org.eclipse.platform:org.eclipse.equinox.common/maven-metadata.xml, locally cached metadata up-to-date.
[DEBUG] Skipped remote request for org.eclipse.platform:org.eclipse.equinox.common/maven-metadata.xml, already updated during this session.
[DEBUG] Failure to find org.eclipse.platform:org.eclipse.equinox.common/maven-metadata.xml in https://stamp-project.github.io/stamp-maven-repository/ was cached in the local repository, resolution will not be reattempted until the update interval of stamp-maven-repository-mvn-repo has elapsed or updates are forced
[DEBUG] Failure to find org.eclipse.platform:org.eclipse.equinox.common/maven-metadata.xml in https://repo.gradle.org/gradle/libs-releases-local/ was cached in the local repository, resolution will not be reattempted until the update interval of gradle-repo has elapsed or updates are forced
[DEBUG] Failure to find org.eclipse.platform:org.eclipse.equinox.common/maven-metadata.xml in https://oss.sonatype.org/content/repositories/snapshots was cached in the local repository, resolution will not be reattempted until the update interval of sonatype-nexus-snapshots has elapsed or updates are forced
[DEBUG] Failure to find org.eclipse.platform:org.eclipse.equinox.common/maven-metadata.xml in http://maven.inria.fr/artifactory/spoon-public-snapshot was cached in the local repository, resolution will not be reattempted until the update interval of maven.inria.fr-snapshot has elapsed or updates are forced
[DEBUG] Failure to find org.eclipse.platform:org.eclipse.equinox.common/maven-metadata.xml in http://maven.inria.fr/artifactory/triskell-public-release was cached in the local repository, resolution will not be reattempted until the update interval of inria has elapsed or updates are forced
[DEBUG] Could not find metadata org.eclipse.platform:org.eclipse.core.contenttype/maven-metadata.xml in local (/home/spirals/danglot/.m2/repository)
[DEBUG] Skipped remote request for org.eclipse.platform:org.eclipse.core.contenttype/maven-metadata.xml, locally cached metadata up-to-date.
[DEBUG] Failure to find org.eclipse.platform:org.eclipse.core.contenttype/maven-metadata.xml in https://repo.gradle.org/gradle/libs-releases-local/ was cached in the local repository, resolution will not be reattempted until the update interval of gradle-repo has elapsed or updates are forced
[DEBUG] Failure to find org.eclipse.platform:org.eclipse.core.contenttype/maven-metadata.xml in https://oss.sonatype.org/content/repositories/snapshots was cached in the local repository, resolution will not be reattempted until the update interval of sonatype-nexus-snapshots has elapsed or updates are forced
[DEBUG] Failure to find org.eclipse.platform:org.eclipse.core.contenttype/maven-metadata.xml in http://maven.inria.fr/artifactory/spoon-public-snapshot was cached in the local repository, resolution will not be reattempted until the update interval of maven.inria.fr-snapshot has elapsed or updates are forced
[DEBUG] Failure to find org.eclipse.platform:org.eclipse.core.contenttype/maven-metadata.xml in http://maven.inria.fr/artifactory/triskell-public-release was cached in the local repository, resolution will not be reattempted until the update interval of inria has elapsed or updates are forced
[DEBUG] Using transporter WagonTransporter with priority -1.0 for https://stamp-project.github.io/stamp-maven-repository/
[DEBUG] Using connector BasicRepositoryConnector with priority 0.0 for https://stamp-project.github.io/stamp-maven-repository/
Downloading from stamp-maven-repository-mvn-repo: https://stamp-project.github.io/stamp-maven-repository/org/eclipse/platform/org.eclipse.core.contenttype/maven-metadata.xml
[DEBUG] Writing tracking file /home/spirals/danglot/.m2/repository/org/eclipse/platform/org.eclipse.core.contenttype/resolver-status.properties
[DEBUG] Could not find metadata org.eclipse.platform:org.eclipse.core.contenttype/maven-metadata.xml in stamp-maven-repository-mvn-repo (https://stamp-project.github.io/stamp-maven-repository/)
[DEBUG] Could not find metadata org.eclipse.platform:org.eclipse.equinox.preferences/maven-metadata.xml in local (/home/spirals/danglot/.m2/repository)
[DEBUG] Skipped remote request for org.eclipse.platform:org.eclipse.equinox.preferences/maven-metadata.xml, locally cached metadata up-to-date.
[DEBUG] Skipped remote request for org.eclipse.platform:org.eclipse.equinox.preferences/maven-metadata.xml, already updated during this session.
[DEBUG] Failure to find org.eclipse.platform:org.eclipse.equinox.preferences/maven-metadata.xml in https://stamp-project.github.io/stamp-maven-repository/ was cached in the local repository, resolution will not be reattempted until the update interval of stamp-maven-repository-mvn-repo has elapsed or updates are forced
[DEBUG] Failure to find org.eclipse.platform:org.eclipse.equinox.preferences/maven-metadata.xml in https://repo.gradle.org/gradle/libs-releases-local/ was cached in the local repository, resolution will not be reattempted until the update interval of gradle-repo has elapsed or updates are forced
[DEBUG] Failure to find org.eclipse.platform:org.eclipse.equinox.preferences/maven-metadata.xml in https://oss.sonatype.org/content/repositories/snapshots was cached in the local repository, resolution will not be reattempted until the update interval of sonatype-nexus-snapshots has elapsed or updates are forced
[DEBUG] Failure to find org.eclipse.platform:org.eclipse.equinox.preferences/maven-metadata.xml in http://maven.inria.fr/artifactory/spoon-public-snapshot was cached in the local repository, resolution will not be reattempted until the update interval of maven.inria.fr-snapshot has elapsed or updates are forced
[DEBUG] Failure to find org.eclipse.platform:org.eclipse.equinox.preferences/maven-metadata.xml in http://maven.inria.fr/artifactory/triskell-public-release was cached in the local repository, resolution will not be reattempted until the update interval of inria has elapsed or updates are forced
[DEBUG] Could not find metadata org.eclipse.platform:org.eclipse.equinox.registry/maven-metadata.xml in local (/home/spirals/danglot/.m2/repository)
[DEBUG] Skipped remote request for org.eclipse.platform:org.eclipse.equinox.registry/maven-metadata.xml, locally cached metadata up-to-date.
[DEBUG] Skipped remote request for org.eclipse.platform:org.eclipse.equinox.registry/maven-metadata.xml, already updated during this session.
[DEBUG] Failure to find org.eclipse.platform:org.eclipse.equinox.registry/maven-metadata.xml in https://stamp-project.github.io/stamp-maven-repository/ was cached in the local repository, resolution will not be reattempted until the update interval of stamp-maven-repository-mvn-repo has elapsed or updates are forced
[DEBUG] Failure to find org.eclipse.platform:org.eclipse.equinox.registry/maven-metadata.xml in https://repo.gradle.org/gradle/libs-releases-local/ was cached in the local repository, resolution will not be reattempted until the update interval of gradle-repo has elapsed or updates are forced
[DEBUG] Failure to find org.eclipse.platform:org.eclipse.equinox.registry/maven-metadata.xml in https://oss.sonatype.org/content/repositories/snapshots was cached in the local repository, resolution will not be reattempted until the update interval of sonatype-nexus-snapshots has elapsed or updates are forced
[DEBUG] Failure to find org.eclipse.platform:org.eclipse.equinox.registry/maven-metadata.xml in http://maven.inria.fr/artifactory/spoon-public-snapshot was cached in the local repository, resolution will not be reattempted until the update interval of maven.inria.fr-snapshot has elapsed or updates are forced
[DEBUG] Failure to find org.eclipse.platform:org.eclipse.equinox.registry/maven-metadata.xml in http://maven.inria.fr/artifactory/triskell-public-release was cached in the local repository, resolution will not be reattempted until the update interval of inria has elapsed or updates are forced
[DEBUG] Could not find metadata org.eclipse.platform:org.eclipse.equinox.app/maven-metadata.xml in local (/home/spirals/danglot/.m2/repository)
[DEBUG] Skipped remote request for org.eclipse.platform:org.eclipse.equinox.app/maven-metadata.xml, locally cached metadata up-to-date.
[DEBUG] Failure to find org.eclipse.platform:org.eclipse.equinox.app/maven-metadata.xml in https://repo.gradle.org/gradle/libs-releases-local/ was cached in the local repository, resolution will not be reattempted until the update interval of gradle-repo has elapsed or updates are forced
[DEBUG] Failure to find org.eclipse.platform:org.eclipse.equinox.app/maven-metadata.xml in https://oss.sonatype.org/content/repositories/snapshots was cached in the local repository, resolution will not be reattempted until the update interval of sonatype-nexus-snapshots has elapsed or updates are forced
[DEBUG] Failure to find org.eclipse.platform:org.eclipse.equinox.app/maven-metadata.xml in http://maven.inria.fr/artifactory/spoon-public-snapshot was cached in the local repository, resolution will not be reattempted until the update interval of maven.inria.fr-snapshot has elapsed or updates are forced
[DEBUG] Failure to find org.eclipse.platform:org.eclipse.equinox.app/maven-metadata.xml in http://maven.inria.fr/artifactory/triskell-public-release was cached in the local repository, resolution will not be reattempted until the update interval of inria has elapsed or updates are forced
[DEBUG] Using transporter WagonTransporter with priority -1.0 for https://stamp-project.github.io/stamp-maven-repository/
[DEBUG] Using connector BasicRepositoryConnector with priority 0.0 for https://stamp-project.github.io/stamp-maven-repository/
Downloading from stamp-maven-repository-mvn-repo: https://stamp-project.github.io/stamp-maven-repository/org/eclipse/platform/org.eclipse.equinox.app/maven-metadata.xml
[DEBUG] Writing tracking file /home/spirals/danglot/.m2/repository/org/eclipse/platform/org.eclipse.equinox.app/resolver-status.properties
[DEBUG] Could not find metadata org.eclipse.platform:org.eclipse.equinox.app/maven-metadata.xml in stamp-maven-repository-mvn-repo (https://stamp-project.github.io/stamp-maven-repository/)
[DEBUG] Could not find metadata org.eclipse.platform:org.eclipse.equinox.registry/maven-metadata.xml in local (/home/spirals/danglot/.m2/repository)
[DEBUG] Skipped remote request for org.eclipse.platform:org.eclipse.equinox.registry/maven-metadata.xml, locally cached metadata up-to-date.
[DEBUG] Skipped remote request for org.eclipse.platform:org.eclipse.equinox.registry/maven-metadata.xml, already updated during this session.
[DEBUG] Failure to find org.eclipse.platform:org.eclipse.equinox.registry/maven-metadata.xml in https://stamp-project.github.io/stamp-maven-repository/ was cached in the local repository, resolution will not be reattempted until the update interval of stamp-maven-repository-mvn-repo has elapsed or updates are forced
[DEBUG] Failure to find org.eclipse.platform:org.eclipse.equinox.registry/maven-metadata.xml in https://repo.gradle.org/gradle/libs-releases-local/ was cached in the local repository, resolution will not be reattempted until the update interval of gradle-repo has elapsed or updates are forced
[DEBUG] Failure to find org.eclipse.platform:org.eclipse.equinox.registry/maven-metadata.xml in https://oss.sonatype.org/content/repositories/snapshots was cached in the local repository, resolution will not be reattempted until the update interval of sonatype-nexus-snapshots has elapsed or updates are forced
[DEBUG] Failure to find org.eclipse.platform:org.eclipse.equinox.registry/maven-metadata.xml in http://maven.inria.fr/artifactory/spoon-public-snapshot was cached in the local repository, resolution will not be reattempted until the update interval of maven.inria.fr-snapshot has elapsed or updates are forced
[DEBUG] Failure to find org.eclipse.platform:org.eclipse.equinox.registry/maven-metadata.xml in http://maven.inria.fr/artifactory/triskell-public-release was cached in the local repository, resolution will not be reattempted until the update interval of inria has elapsed or updates are forced
[DEBUG] Could not find metadata org.eclipse.platform:org.eclipse.osgi/maven-metadata.xml in local (/home/spirals/danglot/.m2/repository)
[DEBUG] Skipped remote request for org.eclipse.platform:org.eclipse.osgi/maven-metadata.xml, locally cached metadata up-to-date.
[DEBUG] Skipped remote request for org.eclipse.platform:org.eclipse.osgi/maven-metadata.xml, already updated during this session.
[DEBUG] Failure to find org.eclipse.platform:org.eclipse.osgi/maven-metadata.xml in https://stamp-project.github.io/stamp-maven-repository/ was cached in the local repository, resolution will not be reattempted until the update interval of stamp-maven-repository-mvn-repo has elapsed or updates are forced
[DEBUG] Failure to find org.eclipse.platform:org.eclipse.osgi/maven-metadata.xml in https://repo.gradle.org/gradle/libs-releases-local/ was cached in the local repository, resolution will not be reattempted until the update interval of gradle-repo has elapsed or updates are forced
[DEBUG] Failure to find org.eclipse.platform:org.eclipse.osgi/maven-metadata.xml in https://oss.sonatype.org/content/repositories/snapshots was cached in the local repository, resolution will not be reattempted until the update interval of sonatype-nexus-snapshots has elapsed or updates are forced
[DEBUG] Failure to find org.eclipse.platform:org.eclipse.osgi/maven-metadata.xml in http://maven.inria.fr/artifactory/spoon-public-snapshot was cached in the local repository, resolution will not be reattempted until the update interval of maven.inria.fr-snapshot has elapsed or updates are forced
[DEBUG] Failure to find org.eclipse.platform:org.eclipse.osgi/maven-metadata.xml in http://maven.inria.fr/artifactory/triskell-public-release was cached in the local repository, resolution will not be reattempted until the update interval of inria has elapsed or updates are forced
[DEBUG] Could not find metadata org.eclipse.platform:org.eclipse.equinox.common/maven-metadata.xml in local (/home/spirals/danglot/.m2/repository)
[DEBUG] Skipped remote request for org.eclipse.platform:org.eclipse.equinox.common/maven-metadata.xml, locally cached metadata up-to-date.
[DEBUG] Skipped remote request for org.eclipse.platform:org.eclipse.equinox.common/maven-metadata.xml, already updated during this session.
[DEBUG] Failure to find org.eclipse.platform:org.eclipse.equinox.common/maven-metadata.xml in https://stamp-project.github.io/stamp-maven-repository/ was cached in the local repository, resolution will not be reattempted until the update interval of stamp-maven-repository-mvn-repo has elapsed or updates are forced
[DEBUG] Failure to find org.eclipse.platform:org.eclipse.equinox.common/maven-metadata.xml in https://repo.gradle.org/gradle/libs-releases-local/ was cached in the local repository, resolution will not be reattempted until the update interval of gradle-repo has elapsed or updates are forced
[DEBUG] Failure to find org.eclipse.platform:org.eclipse.equinox.common/maven-metadata.xml in https://oss.sonatype.org/content/repositories/snapshots was cached in the local repository, resolution will not be reattempted until the update interval of sonatype-nexus-snapshots has elapsed or updates are forced
[DEBUG] Failure to find org.eclipse.platform:org.eclipse.equinox.common/maven-metadata.xml in http://maven.inria.fr/artifactory/spoon-public-snapshot was cached in the local repository, resolution will not be reattempted until the update interval of maven.inria.fr-snapshot has elapsed or updates are forced
[DEBUG] Failure to find org.eclipse.platform:org.eclipse.equinox.common/maven-metadata.xml in http://maven.inria.fr/artifactory/triskell-public-release was cached in the local repository, resolution will not be reattempted until the update interval of inria has elapsed or updates are forced
[DEBUG] Could not find metadata org.eclipse.platform:org.eclipse.core.jobs/maven-metadata.xml in local (/home/spirals/danglot/.m2/repository)
[DEBUG] Skipped remote request for org.eclipse.platform:org.eclipse.core.jobs/maven-metadata.xml, locally cached metadata up-to-date.
[DEBUG] Skipped remote request for org.eclipse.platform:org.eclipse.core.jobs/maven-metadata.xml, already updated during this session.
[DEBUG] Failure to find org.eclipse.platform:org.eclipse.core.jobs/maven-metadata.xml in https://stamp-project.github.io/stamp-maven-repository/ was cached in the local repository, resolution will not be reattempted until the update interval of stamp-maven-repository-mvn-repo has elapsed or updates are forced
[DEBUG] Failure to find org.eclipse.platform:org.eclipse.core.jobs/maven-metadata.xml in https://repo.gradle.org/gradle/libs-releases-local/ was cached in the local repository, resolution will not be reattempted until the update interval of gradle-repo has elapsed or updates are forced
[DEBUG] Failure to find org.eclipse.platform:org.eclipse.core.jobs/maven-metadata.xml in https://oss.sonatype.org/content/repositories/snapshots was cached in the local repository, resolution will not be reattempted until the update interval of sonatype-nexus-snapshots has elapsed or updates are forced
[DEBUG] Failure to find org.eclipse.platform:org.eclipse.core.jobs/maven-metadata.xml in http://maven.inria.fr/artifactory/spoon-public-snapshot was cached in the local repository, resolution will not be reattempted until the update interval of maven.inria.fr-snapshot has elapsed or updates are forced
[DEBUG] Failure to find org.eclipse.platform:org.eclipse.core.jobs/maven-metadata.xml in http://maven.inria.fr/artifactory/triskell-public-release was cached in the local repository, resolution will not be reattempted until the update interval of inria has elapsed or updates are forced
[DEBUG] Could not find metadata org.eclipse.platform:org.eclipse.equinox.preferences/maven-metadata.xml in local (/home/spirals/danglot/.m2/repository)
[DEBUG] Skipped remote request for org.eclipse.platform:org.eclipse.equinox.preferences/maven-metadata.xml, locally cached metadata up-to-date.
[DEBUG] Skipped remote request for org.eclipse.platform:org.eclipse.equinox.preferences/maven-metadata.xml, already updated during this session.
[DEBUG] Failure to find org.eclipse.platform:org.eclipse.equinox.preferences/maven-metadata.xml in https://stamp-project.github.io/stamp-maven-repository/ was cached in the local repository, resolution will not be reattempted until the update interval of stamp-maven-repository-mvn-repo has elapsed or updates are forced
[DEBUG] Failure to find org.eclipse.platform:org.eclipse.equinox.preferences/maven-metadata.xml in https://repo.gradle.org/gradle/libs-releases-local/ was cached in the local repository, resolution will not be reattempted until the update interval of gradle-repo has elapsed or updates are forced
[DEBUG] Failure to find org.eclipse.platform:org.eclipse.equinox.preferences/maven-metadata.xml in https://oss.sonatype.org/content/repositories/snapshots was cached in the local repository, resolution will not be reattempted until the update interval of sonatype-nexus-snapshots has elapsed or updates are forced
[DEBUG] Failure to find org.eclipse.platform:org.eclipse.equinox.preferences/maven-metadata.xml in http://maven.inria.fr/artifactory/spoon-public-snapshot was cached in the local repository, resolution will not be reattempted until the update interval of maven.inria.fr-snapshot has elapsed or updates are forced
[DEBUG] Failure to find org.eclipse.platform:org.eclipse.equinox.preferences/maven-metadata.xml in http://maven.inria.fr/artifactory/triskell-public-release was cached in the local repository, resolution will not be reattempted until the update interval of inria has elapsed or updates are forced
[DEBUG] Could not find metadata org.eclipse.platform:org.eclipse.core.contenttype/maven-metadata.xml in local (/home/spirals/danglot/.m2/repository)
[DEBUG] Skipped remote request for org.eclipse.platform:org.eclipse.core.contenttype/maven-metadata.xml, locally cached metadata up-to-date.
[DEBUG] Skipped remote request for org.eclipse.platform:org.eclipse.core.contenttype/maven-metadata.xml, already updated during this session.
[DEBUG] Failure to find org.eclipse.platform:org.eclipse.core.contenttype/maven-metadata.xml in https://stamp-project.github.io/stamp-maven-repository/ was cached in the local repository, resolution will not be reattempted until the update interval of stamp-maven-repository-mvn-repo has elapsed or updates are forced
[DEBUG] Failure to find org.eclipse.platform:org.eclipse.core.contenttype/maven-metadata.xml in https://repo.gradle.org/gradle/libs-releases-local/ was cached in the local repository, resolution will not be reattempted until the update interval of gradle-repo has elapsed or updates are forced
[DEBUG] Failure to find org.eclipse.platform:org.eclipse.core.contenttype/maven-metadata.xml in https://oss.sonatype.org/content/repositories/snapshots was cached in the local repository, resolution will not be reattempted until the update interval of sonatype-nexus-snapshots has elapsed or updates are forced
[DEBUG] Failure to find org.eclipse.platform:org.eclipse.core.contenttype/maven-metadata.xml in http://maven.inria.fr/artifactory/spoon-public-snapshot was cached in the local repository, resolution will not be reattempted until the update interval of maven.inria.fr-snapshot has elapsed or updates are forced
[DEBUG] Failure to find org.eclipse.platform:org.eclipse.core.contenttype/maven-metadata.xml in http://maven.inria.fr/artifactory/triskell-public-release was cached in the local repository, resolution will not be reattempted until the update interval of inria has elapsed or updates are forced
[DEBUG] Could not find metadata org.eclipse.platform:org.eclipse.equinox.app/maven-metadata.xml in local (/home/spirals/danglot/.m2/repository)
[DEBUG] Skipped remote request for org.eclipse.platform:org.eclipse.equinox.app/maven-metadata.xml, locally cached metadata up-to-date.
[DEBUG] Skipped remote request for org.eclipse.platform:org.eclipse.equinox.app/maven-metadata.xml, already updated during this session.
[DEBUG] Failure to find org.eclipse.platform:org.eclipse.equinox.app/maven-metadata.xml in https://stamp-project.github.io/stamp-maven-repository/ was cached in the local repository, resolution will not be reattempted until the update interval of stamp-maven-repository-mvn-repo has elapsed or updates are forced
[DEBUG] Failure to find org.eclipse.platform:org.eclipse.equinox.app/maven-metadata.xml in https://repo.gradle.org/gradle/libs-releases-local/ was cached in the local repository, resolution will not be reattempted until the update interval of gradle-repo has elapsed or updates are forced
[DEBUG] Failure to find org.eclipse.platform:org.eclipse.equinox.app/maven-metadata.xml in https://oss.sonatype.org/content/repositories/snapshots was cached in the local repository, resolution will not be reattempted until the update interval of sonatype-nexus-snapshots has elapsed or updates are forced
[DEBUG] Failure to find org.eclipse.platform:org.eclipse.equinox.app/maven-metadata.xml in http://maven.inria.fr/artifactory/spoon-public-snapshot was cached in the local repository, resolution will not be reattempted until the update interval of maven.inria.fr-snapshot has elapsed or updates are forced
[DEBUG] Failure to find org.eclipse.platform:org.eclipse.equinox.app/maven-metadata.xml in http://maven.inria.fr/artifactory/triskell-public-release was cached in the local repository, resolution will not be reattempted until the update interval of inria has elapsed or updates are forced
[DEBUG] Could not find metadata org.eclipse.platform:org.eclipse.core.filesystem/maven-metadata.xml in local (/home/spirals/danglot/.m2/repository)
[DEBUG] Skipped remote request for org.eclipse.platform:org.eclipse.core.filesystem/maven-metadata.xml, locally cached metadata up-to-date.
[DEBUG] Failure to find org.eclipse.platform:org.eclipse.core.filesystem/maven-metadata.xml in https://repo.gradle.org/gradle/libs-releases-local/ was cached in the local repository, resolution will not be reattempted until the update interval of gradle-repo has elapsed or updates are forced
[DEBUG] Failure to find org.eclipse.platform:org.eclipse.core.filesystem/maven-metadata.xml in https://oss.sonatype.org/content/repositories/snapshots was cached in the local repository, resolution will not be reattempted until the update interval of sonatype-nexus-snapshots has elapsed or updates are forced
[DEBUG] Failure to find org.eclipse.platform:org.eclipse.core.filesystem/maven-metadata.xml in http://maven.inria.fr/artifactory/spoon-public-snapshot was cached in the local repository, resolution will not be reattempted until the update interval of maven.inria.fr-snapshot has elapsed or updates are forced
[DEBUG] Failure to find org.eclipse.platform:org.eclipse.core.filesystem/maven-metadata.xml in http://maven.inria.fr/artifactory/triskell-public-release was cached in the local repository, resolution will not be reattempted until the update interval of inria has elapsed or updates are forced
[DEBUG] Using transporter WagonTransporter with priority -1.0 for https://stamp-project.github.io/stamp-maven-repository/
[DEBUG] Using connector BasicRepositoryConnector with priority 0.0 for https://stamp-project.github.io/stamp-maven-repository/
Downloading from stamp-maven-repository-mvn-repo: https://stamp-project.github.io/stamp-maven-repository/org/eclipse/platform/org.eclipse.core.filesystem/maven-metadata.xml
[DEBUG] Writing tracking file /home/spirals/danglot/.m2/repository/org/eclipse/platform/org.eclipse.core.filesystem/resolver-status.properties
[DEBUG] Could not find metadata org.eclipse.platform:org.eclipse.core.filesystem/maven-metadata.xml in stamp-maven-repository-mvn-repo (https://stamp-project.github.io/stamp-maven-repository/)
[DEBUG] Could not find metadata org.eclipse.platform:org.eclipse.osgi/maven-metadata.xml in local (/home/spirals/danglot/.m2/repository)
[DEBUG] Skipped remote request for org.eclipse.platform:org.eclipse.osgi/maven-metadata.xml, locally cached metadata up-to-date.
[DEBUG] Skipped remote request for org.eclipse.platform:org.eclipse.osgi/maven-metadata.xml, already updated during this session.
[DEBUG] Failure to find org.eclipse.platform:org.eclipse.osgi/maven-metadata.xml in https://stamp-project.github.io/stamp-maven-repository/ was cached in the local repository, resolution will not be reattempted until the update interval of stamp-maven-repository-mvn-repo has elapsed or updates are forced
[DEBUG] Failure to find org.eclipse.platform:org.eclipse.osgi/maven-metadata.xml in https://repo.gradle.org/gradle/libs-releases-local/ was cached in the local repository, resolution will not be reattempted until the update interval of gradle-repo has elapsed or updates are forced
[DEBUG] Failure to find org.eclipse.platform:org.eclipse.osgi/maven-metadata.xml in https://oss.sonatype.org/content/repositories/snapshots was cached in the local repository, resolution will not be reattempted until the update interval of sonatype-nexus-snapshots has elapsed or updates are forced
[DEBUG] Failure to find org.eclipse.platform:org.eclipse.osgi/maven-metadata.xml in http://maven.inria.fr/artifactory/spoon-public-snapshot was cached in the local repository, resolution will not be reattempted until the update interval of maven.inria.fr-snapshot has elapsed or updates are forced
[DEBUG] Failure to find org.eclipse.platform:org.eclipse.osgi/maven-metadata.xml in http://maven.inria.fr/artifactory/triskell-public-release was cached in the local repository, resolution will not be reattempted until the update interval of inria has elapsed or updates are forced
[DEBUG] Could not find metadata org.eclipse.platform:org.eclipse.core.runtime/maven-metadata.xml in local (/home/spirals/danglot/.m2/repository)
[DEBUG] Skipped remote request for org.eclipse.platform:org.eclipse.core.runtime/maven-metadata.xml, locally cached metadata up-to-date.
[DEBUG] Skipped remote request for org.eclipse.platform:org.eclipse.core.runtime/maven-metadata.xml, already updated during this session.
[DEBUG] Failure to find org.eclipse.platform:org.eclipse.core.runtime/maven-metadata.xml in https://stamp-project.github.io/stamp-maven-repository/ was cached in the local repository, resolution will not be reattempted until the update interval of stamp-maven-repository-mvn-repo has elapsed or updates are forced
[DEBUG] Failure to find org.eclipse.platform:org.eclipse.core.runtime/maven-metadata.xml in https://repo.gradle.org/gradle/libs-releases-local/ was cached in the local repository, resolution will not be reattempted until the update interval of gradle-repo has elapsed or updates are forced
[DEBUG] Failure to find org.eclipse.platform:org.eclipse.core.runtime/maven-metadata.xml in https://oss.sonatype.org/content/repositories/snapshots was cached in the local repository, resolution will not be reattempted until the update interval of sonatype-nexus-snapshots has elapsed or updates are forced
[DEBUG] Failure to find org.eclipse.platform:org.eclipse.core.runtime/maven-metadata.xml in http://maven.inria.fr/artifactory/spoon-public-snapshot was cached in the local repository, resolution will not be reattempted until the update interval of maven.inria.fr-snapshot has elapsed or updates are forced
[DEBUG] Failure to find org.eclipse.platform:org.eclipse.core.runtime/maven-metadata.xml in http://maven.inria.fr/artifactory/triskell-public-release was cached in the local repository, resolution will not be reattempted until the update interval of inria has elapsed or updates are forced
[DEBUG] Could not find metadata org.eclipse.platform:org.eclipse.core.runtime/maven-metadata.xml in local (/home/spirals/danglot/.m2/repository)
[DEBUG] Skipped remote request for org.eclipse.platform:org.eclipse.core.runtime/maven-metadata.xml, locally cached metadata up-to-date.
[DEBUG] Skipped remote request for org.eclipse.platform:org.eclipse.core.runtime/maven-metadata.xml, already updated during this session.
[DEBUG] Failure to find org.eclipse.platform:org.eclipse.core.runtime/maven-metadata.xml in https://stamp-project.github.io/stamp-maven-repository/ was cached in the local repository, resolution will not be reattempted until the update interval of stamp-maven-repository-mvn-repo has elapsed or updates are forced
[DEBUG] Failure to find org.eclipse.platform:org.eclipse.core.runtime/maven-metadata.xml in https://repo.gradle.org/gradle/libs-releases-local/ was cached in the local repository, resolution will not be reattempted until the update interval of gradle-repo has elapsed or updates are forced
[DEBUG] Failure to find org.eclipse.platform:org.eclipse.core.runtime/maven-metadata.xml in https://oss.sonatype.org/content/repositories/snapshots was cached in the local repository, resolution will not be reattempted until the update interval of sonatype-nexus-snapshots has elapsed or updates are forced
[DEBUG] Failure to find org.eclipse.platform:org.eclipse.core.runtime/maven-metadata.xml in http://maven.inria.fr/artifactory/spoon-public-snapshot was cached in the local repository, resolution will not be reattempted until the update interval of maven.inria.fr-snapshot has elapsed or updates are forced
[DEBUG] Failure to find org.eclipse.platform:org.eclipse.core.runtime/maven-metadata.xml in http://maven.inria.fr/artifactory/triskell-public-release was cached in the local repository, resolution will not be reattempted until the update interval of inria has elapsed or updates are forced
[DEBUG] Could not find metadata org.eclipse.platform:org.eclipse.core.filesystem/maven-metadata.xml in local (/home/spirals/danglot/.m2/repository)
[DEBUG] Skipped remote request for org.eclipse.platform:org.eclipse.core.filesystem/maven-metadata.xml, locally cached metadata up-to-date.
[DEBUG] Skipped remote request for org.eclipse.platform:org.eclipse.core.filesystem/maven-metadata.xml, already updated during this session.
[DEBUG] Failure to find org.eclipse.platform:org.eclipse.core.filesystem/maven-metadata.xml in https://stamp-project.github.io/stamp-maven-repository/ was cached in the local repository, resolution will not be reattempted until the update interval of stamp-maven-repository-mvn-repo has elapsed or updates are forced
[DEBUG] Failure to find org.eclipse.platform:org.eclipse.core.filesystem/maven-metadata.xml in https://repo.gradle.org/gradle/libs-releases-local/ was cached in the local repository, resolution will not be reattempted until the update interval of gradle-repo has elapsed or updates are forced
[DEBUG] Failure to find org.eclipse.platform:org.eclipse.core.filesystem/maven-metadata.xml in https://oss.sonatype.org/content/repositories/snapshots was cached in the local repository, resolution will not be reattempted until the update interval of sonatype-nexus-snapshots has elapsed or updates are forced
[DEBUG] Failure to find org.eclipse.platform:org.eclipse.core.filesystem/maven-metadata.xml in http://maven.inria.fr/artifactory/spoon-public-snapshot was cached in the local repository, resolution will not be reattempted until the update interval of maven.inria.fr-snapshot has elapsed or updates are forced
[DEBUG] Failure to find org.eclipse.platform:org.eclipse.core.filesystem/maven-metadata.xml in http://maven.inria.fr/artifactory/triskell-public-release was cached in the local repository, resolution will not be reattempted until the update interval of inria has elapsed or updates are forced
[DEBUG] Could not find metadata org.eclipse.platform:org.eclipse.text/maven-metadata.xml in local (/home/spirals/danglot/.m2/repository)
[DEBUG] Skipped remote request for org.eclipse.platform:org.eclipse.text/maven-metadata.xml, locally cached metadata up-to-date.
[DEBUG] Failure to find org.eclipse.platform:org.eclipse.text/maven-metadata.xml in https://repo.gradle.org/gradle/libs-releases-local/ was cached in the local repository, resolution will not be reattempted until the update interval of gradle-repo has elapsed or updates are forced
[DEBUG] Failure to find org.eclipse.platform:org.eclipse.text/maven-metadata.xml in https://oss.sonatype.org/content/repositories/snapshots was cached in the local repository, resolution will not be reattempted until the update interval of sonatype-nexus-snapshots has elapsed or updates are forced
[DEBUG] Failure to find org.eclipse.platform:org.eclipse.text/maven-metadata.xml in http://maven.inria.fr/artifactory/spoon-public-snapshot was cached in the local repository, resolution will not be reattempted until the update interval of maven.inria.fr-snapshot has elapsed or updates are forced
[DEBUG] Failure to find org.eclipse.platform:org.eclipse.text/maven-metadata.xml in http://maven.inria.fr/artifactory/triskell-public-release was cached in the local repository, resolution will not be reattempted until the update interval of inria has elapsed or updates are forced
[DEBUG] Using transporter WagonTransporter with priority -1.0 for https://stamp-project.github.io/stamp-maven-repository/
[DEBUG] Using connector BasicRepositoryConnector with priority 0.0 for https://stamp-project.github.io/stamp-maven-repository/
Downloading from stamp-maven-repository-mvn-repo: https://stamp-project.github.io/stamp-maven-repository/org/eclipse/platform/org.eclipse.text/maven-metadata.xml
[DEBUG] Writing tracking file /home/spirals/danglot/.m2/repository/org/eclipse/platform/org.eclipse.text/resolver-status.properties
[DEBUG] Could not find metadata org.eclipse.platform:org.eclipse.text/maven-metadata.xml in stamp-maven-repository-mvn-repo (https://stamp-project.github.io/stamp-maven-repository/)
[DEBUG] Could not find metadata org.eclipse.platform:org.eclipse.core.commands/maven-metadata.xml in local (/home/spirals/danglot/.m2/repository)
[DEBUG] Skipped remote request for org.eclipse.platform:org.eclipse.core.commands/maven-metadata.xml, locally cached metadata up-to-date.
[DEBUG] Failure to find org.eclipse.platform:org.eclipse.core.commands/maven-metadata.xml in https://repo.gradle.org/gradle/libs-releases-local/ was cached in the local repository, resolution will not be reattempted until the update interval of gradle-repo has elapsed or updates are forced
[DEBUG] Failure to find org.eclipse.platform:org.eclipse.core.commands/maven-metadata.xml in https://oss.sonatype.org/content/repositories/snapshots was cached in the local repository, resolution will not be reattempted until the update interval of sonatype-nexus-snapshots has elapsed or updates are forced
[DEBUG] Failure to find org.eclipse.platform:org.eclipse.core.commands/maven-metadata.xml in http://maven.inria.fr/artifactory/spoon-public-snapshot was cached in the local repository, resolution will not be reattempted until the update interval of maven.inria.fr-snapshot has elapsed or updates are forced
[DEBUG] Failure to find org.eclipse.platform:org.eclipse.core.commands/maven-metadata.xml in http://maven.inria.fr/artifactory/triskell-public-release was cached in the local repository, resolution will not be reattempted until the update interval of inria has elapsed or updates are forced
[DEBUG] Using transporter WagonTransporter with priority -1.0 for https://stamp-project.github.io/stamp-maven-repository/
[DEBUG] Using connector BasicRepositoryConnector with priority 0.0 for https://stamp-project.github.io/stamp-maven-repository/
Downloading from stamp-maven-repository-mvn-repo: https://stamp-project.github.io/stamp-maven-repository/org/eclipse/platform/org.eclipse.core.commands/maven-metadata.xml
[DEBUG] Writing tracking file /home/spirals/danglot/.m2/repository/org/eclipse/platform/org.eclipse.core.commands/resolver-status.properties
[DEBUG] Could not find metadata org.eclipse.platform:org.eclipse.core.commands/maven-metadata.xml in stamp-maven-repository-mvn-repo (https://stamp-project.github.io/stamp-maven-repository/)
[DEBUG] Could not find metadata org.eclipse.platform:org.eclipse.equinox.common/maven-metadata.xml in local (/home/spirals/danglot/.m2/repository)
[DEBUG] Skipped remote request for org.eclipse.platform:org.eclipse.equinox.common/maven-metadata.xml, locally cached metadata up-to-date.
[DEBUG] Skipped remote request for org.eclipse.platform:org.eclipse.equinox.common/maven-metadata.xml, already updated during this session.
[DEBUG] Failure to find org.eclipse.platform:org.eclipse.equinox.common/maven-metadata.xml in https://stamp-project.github.io/stamp-maven-repository/ was cached in the local repository, resolution will not be reattempted until the update interval of stamp-maven-repository-mvn-repo has elapsed or updates are forced
[DEBUG] Failure to find org.eclipse.platform:org.eclipse.equinox.common/maven-metadata.xml in https://repo.gradle.org/gradle/libs-releases-local/ was cached in the local repository, resolution will not be reattempted until the update interval of gradle-repo has elapsed or updates are forced
[DEBUG] Failure to find org.eclipse.platform:org.eclipse.equinox.common/maven-metadata.xml in https://oss.sonatype.org/content/repositories/snapshots was cached in the local repository, resolution will not be reattempted until the update interval of sonatype-nexus-snapshots has elapsed or updates are forced
[DEBUG] Failure to find org.eclipse.platform:org.eclipse.equinox.common/maven-metadata.xml in http://maven.inria.fr/artifactory/spoon-public-snapshot was cached in the local repository, resolution will not be reattempted until the update interval of maven.inria.fr-snapshot has elapsed or updates are forced
[DEBUG] Failure to find org.eclipse.platform:org.eclipse.equinox.common/maven-metadata.xml in http://maven.inria.fr/artifactory/triskell-public-release was cached in the local repository, resolution will not be reattempted until the update interval of inria has elapsed or updates are forced
[DEBUG] Could not find metadata org.eclipse.platform:org.eclipse.core.runtime/maven-metadata.xml in local (/home/spirals/danglot/.m2/repository)
[DEBUG] Skipped remote request for org.eclipse.platform:org.eclipse.core.runtime/maven-metadata.xml, locally cached metadata up-to-date.
[DEBUG] Skipped remote request for org.eclipse.platform:org.eclipse.core.runtime/maven-metadata.xml, already updated during this session.
[DEBUG] Failure to find org.eclipse.platform:org.eclipse.core.runtime/maven-metadata.xml in https://stamp-project.github.io/stamp-maven-repository/ was cached in the local repository, resolution will not be reattempted until the update interval of stamp-maven-repository-mvn-repo has elapsed or updates are forced
[DEBUG] Failure to find org.eclipse.platform:org.eclipse.core.runtime/maven-metadata.xml in https://repo.gradle.org/gradle/libs-releases-local/ was cached in the local repository, resolution will not be reattempted until the update interval of gradle-repo has elapsed or updates are forced
[DEBUG] Failure to find org.eclipse.platform:org.eclipse.core.runtime/maven-metadata.xml in https://oss.sonatype.org/content/repositories/snapshots was cached in the local repository, resolution will not be reattempted until the update interval of sonatype-nexus-snapshots has elapsed or updates are forced
[DEBUG] Failure to find org.eclipse.platform:org.eclipse.core.runtime/maven-metadata.xml in http://maven.inria.fr/artifactory/spoon-public-snapshot was cached in the local repository, resolution will not be reattempted until the update interval of maven.inria.fr-snapshot has elapsed or updates are forced
[DEBUG] Failure to find org.eclipse.platform:org.eclipse.core.runtime/maven-metadata.xml in http://maven.inria.fr/artifactory/triskell-public-release was cached in the local repository, resolution will not be reattempted until the update interval of inria has elapsed or updates are forced
[DEBUG] Dependency collection stats: {ConflictMarker.analyzeTime=4169634, ConflictMarker.markTime=1011930, ConflictMarker.nodeCount=672, ConflictIdSorter.graphTime=2865839, ConflictIdSorter.topsortTime=156357, ConflictIdSorter.conflictIdCount=98, ConflictIdSorter.conflictIdCycleCount=0, ConflictResolver.totalTime=15180626, ConflictResolver.conflictItemCount=307, DefaultDependencyCollector.collectTime=6028769317, DefaultDependencyCollector.transformTime=23572950}
[DEBUG] eu.stamp-project:dspot-maven:jar:1.1.1-SNAPSHOT:
[DEBUG]    eu.stamp-project:dspot:jar:1.1.1-SNAPSHOT:compile
[DEBUG]       fr.inria.gforge.spoon:spoon-core:jar:7.1.0-SNAPSHOT:compile
[DEBUG]          org.eclipse.jdt:org.eclipse.jdt.core:jar:3.13.102:compile
[DEBUG]             org.eclipse.platform:org.eclipse.core.resources:jar:3.13.100:compile
[DEBUG]                org.eclipse.platform:org.eclipse.core.expressions:jar:3.6.200:compile
[DEBUG]             org.eclipse.platform:org.eclipse.core.runtime:jar:3.15.0:compile
[DEBUG]                org.eclipse.platform:org.eclipse.osgi:jar:3.13.100:compile
[DEBUG]                org.eclipse.platform:org.eclipse.equinox.common:jar:3.10.100:compile
[DEBUG]                org.eclipse.platform:org.eclipse.core.jobs:jar:3.10.100:compile
[DEBUG]                org.eclipse.platform:org.eclipse.equinox.registry:jar:3.8.100:compile
[DEBUG]                org.eclipse.platform:org.eclipse.equinox.preferences:jar:3.7.200:compile
[DEBUG]                org.eclipse.platform:org.eclipse.core.contenttype:jar:3.7.100:compile
[DEBUG]                org.eclipse.platform:org.eclipse.equinox.app:jar:1.3.600:compile
[DEBUG]             org.eclipse.platform:org.eclipse.core.filesystem:jar:1.7.200:compile
[DEBUG]             org.eclipse.platform:org.eclipse.text:jar:3.7.0:compile
[DEBUG]                org.eclipse.platform:org.eclipse.core.commands:jar:3.9.200:compile
[DEBUG]          com.martiansoftware:jsap:jar:2.1:compile
[DEBUG]          log4j:log4j:jar:1.2.17:compile
[DEBUG]          com.fasterxml.jackson.core:jackson-databind:jar:2.9.2:compile
[DEBUG]             com.fasterxml.jackson.core:jackson-annotations:jar:2.9.0:compile
[DEBUG]             com.fasterxml.jackson.core:jackson-core:jar:2.9.2:compile
[DEBUG]          org.benf:cfr:jar:0.132.0:compile
[DEBUG]       junit:junit:jar:4.12:compile
[DEBUG]          org.hamcrest:hamcrest-core:jar:1.3:compile
[DEBUG]       com.google.code.gson:gson:jar:2.8.0:compile
[DEBUG]       org.apache.maven.shared:maven-invoker:jar:3.0.0:compile
[DEBUG]       org.slf4j:slf4j-api:jar:1.7.25:compile
[DEBUG]       org.slf4j:slf4j-log4j12:jar:1.7.25:compile
[DEBUG]       org.jacoco:org.jacoco.core:jar:0.7.9:compile
[DEBUG]          org.ow2.asm:asm-debug-all:jar:5.2:compile
[DEBUG]       eu.stamp-project:descartes:jar:1.1:compile
[DEBUG]          org.pitest:pitest:jar:1.2.0:compile
[DEBUG]          org.pitest:pitest-entry:jar:1.2.0:compile
[DEBUG]             com.thoughtworks.xstream:xstream:jar:1.4.8:compile
[DEBUG]                xmlpull:xmlpull:jar:1.1.3.1:compile
[DEBUG]                xpp3:xpp3_min:jar:1.1.4c:compile
[DEBUG]       org.gradle:gradle-tooling-api:jar:4.0.1:compile
[DEBUG]       org.mockito:mockito-core:jar:2.10.0:compile
[DEBUG]          net.bytebuddy:byte-buddy:jar:1.7.4:runtime
[DEBUG]          net.bytebuddy:byte-buddy-agent:jar:1.7.4:runtime
[DEBUG]          org.objenesis:objenesis:jar:2.6:runtime
[DEBUG]       eu.stamp-project:test-runner:jar:jar-with-dependencies:1.1.0:compile
[DEBUG]       org.openclover:clover:jar:4.2.1:compile
[DEBUG]       fr.inria.gforge.spoon.labs:gumtree-spoon-ast-diff:jar:1.3:compile
[DEBUG]          com.github.gumtreediff:core:jar:2.0.0:compile
[DEBUG]             com.github.mpkorstanje:simmetrics-core:jar:3.0.3:compile
[DEBUG]                commons-codec:commons-codec:jar:1.10:compile
[DEBUG]             net.sf.trove4j:trove4j:jar:3.0.3:compile
[DEBUG]    org.apache.maven:maven-plugin-api:jar:3.5.0:compile
[DEBUG]       org.apache.maven:maven-artifact:jar:3.5.0:compile
[DEBUG]       org.eclipse.sisu:org.eclipse.sisu.plexus:jar:0.3.3:compile
[DEBUG]          javax.enterprise:cdi-api:jar:1.0:compile
[DEBUG]             javax.annotation:jsr250-api:jar:1.0:compile
[DEBUG]          org.eclipse.sisu:org.eclipse.sisu.inject:jar:0.3.3:compile
[DEBUG]    org.apache.maven.plugin-testing:maven-plugin-testing-harness:jar:3.3.0:compile
[DEBUG]       commons-io:commons-io:jar:2.2:compile
[DEBUG]       org.codehaus.plexus:plexus-archiver:jar:2.2:compile
[DEBUG]          org.codehaus.plexus:plexus-io:jar:2.0.4:compile
[DEBUG]    org.apache.maven:maven-compat:jar:3.5.0:compile
[DEBUG]       org.apache.maven:maven-model-builder:jar:3.5.0:compile
[DEBUG]          org.apache.maven:maven-builder-support:jar:3.5.0:compile
[DEBUG]          com.google.guava:guava:jar:20.0:compile
[DEBUG]       org.apache.maven:maven-settings:jar:3.5.0:compile
[DEBUG]       org.apache.maven:maven-resolver-provider:jar:3.5.0:compile
[DEBUG]       org.apache.maven.resolver:maven-resolver-api:jar:1.0.3:compile
[DEBUG]       org.apache.maven.resolver:maven-resolver-util:jar:1.0.3:compile
[DEBUG]       org.apache.maven.resolver:maven-resolver-impl:jar:1.0.3:compile
[DEBUG]       org.codehaus.plexus:plexus-utils:jar:3.0.24:compile
[DEBUG]       org.codehaus.plexus:plexus-interpolation:jar:1.24:compile
[DEBUG]       org.codehaus.plexus:plexus-component-annotations:jar:1.7.1:compile
[DEBUG]       org.apache.maven.wagon:wagon-provider-api:jar:2.12:compile
[DEBUG]    org.apache.maven:maven-core:jar:3.5.0:compile
[DEBUG]       org.apache.maven:maven-settings-builder:jar:3.5.0:compile
[DEBUG]       org.apache.maven:maven-repository-metadata:jar:3.5.0:compile
[DEBUG]       org.apache.maven.resolver:maven-resolver-spi:jar:1.0.3:compile
[DEBUG]       org.apache.maven.shared:maven-shared-utils:jar:3.1.0:compile
[DEBUG]       com.google.inject:guice:jar:no_aop:4.0:compile
[DEBUG]          javax.inject:javax.inject:jar:1:compile
[DEBUG]          aopalliance:aopalliance:jar:1.0:compile
[DEBUG]       org.codehaus.plexus:plexus-classworlds:jar:2.5.2:compile
[DEBUG]       org.sonatype.plexus:plexus-sec-dispatcher:jar:1.4:compile
[DEBUG]          org.sonatype.plexus:plexus-cipher:jar:1.4:compile
[DEBUG]       org.apache.commons:commons-lang3:jar:3.5:compile
[DEBUG]    org.apache.maven:maven-model:jar:3.5.0:compile
[DEBUG]    org.apache.maven:maven-aether-provider:jar:3.3.9:compile
[DEBUG]       org.eclipse.aether:aether-api:jar:1.0.2.v20150114:compile
[DEBUG]       org.eclipse.aether:aether-spi:jar:1.0.2.v20150114:compile
[DEBUG]       org.eclipse.aether:aether-util:jar:1.0.2.v20150114:compile
[DEBUG]       org.eclipse.aether:aether-impl:jar:1.0.2.v20150114:compile
[DEBUG]    org.apache.maven:maven-project:jar:2.2.1:compile
[DEBUG]       org.apache.maven:maven-profile:jar:2.2.1:compile
[DEBUG]       org.apache.maven:maven-artifact-manager:jar:2.2.1:compile
[DEBUG]          backport-util-concurrent:backport-util-concurrent:jar:3.1:compile
[DEBUG]       org.apache.maven:maven-plugin-registry:jar:2.2.1:compile
[DEBUG]       org.codehaus.plexus:plexus-container-default:jar:1.0-alpha-9-stable-1:compile
[DEBUG]          classworlds:classworlds:jar:1.1-alpha-2:compile
[DEBUG] Created new class realm plugin>eu.stamp-project:dspot-maven:1.1.1-SNAPSHOT
[DEBUG] Importing foreign packages into class realm plugin>eu.stamp-project:dspot-maven:1.1.1-SNAPSHOT
[DEBUG]   Imported:  < maven.api
[DEBUG] Populating class realm plugin>eu.stamp-project:dspot-maven:1.1.1-SNAPSHOT
[DEBUG]   Included: eu.stamp-project:dspot-maven:jar:1.1.1-SNAPSHOT
[DEBUG]   Included: eu.stamp-project:dspot:jar:1.1.1-SNAPSHOT
[DEBUG]   Included: fr.inria.gforge.spoon:spoon-core:jar:7.1.0-SNAPSHOT
[DEBUG]   Included: org.eclipse.jdt:org.eclipse.jdt.core:jar:3.13.102
[DEBUG]   Included: org.eclipse.platform:org.eclipse.core.resources:jar:3.13.100
[DEBUG]   Included: org.eclipse.platform:org.eclipse.core.expressions:jar:3.6.200
[DEBUG]   Included: org.eclipse.platform:org.eclipse.core.runtime:jar:3.15.0
[DEBUG]   Included: org.eclipse.platform:org.eclipse.osgi:jar:3.13.100
[DEBUG]   Included: org.eclipse.platform:org.eclipse.equinox.common:jar:3.10.100
[DEBUG]   Included: org.eclipse.platform:org.eclipse.core.jobs:jar:3.10.100
[DEBUG]   Included: org.eclipse.platform:org.eclipse.equinox.registry:jar:3.8.100
[DEBUG]   Included: org.eclipse.platform:org.eclipse.equinox.preferences:jar:3.7.200
[DEBUG]   Included: org.eclipse.platform:org.eclipse.core.contenttype:jar:3.7.100
[DEBUG]   Included: org.eclipse.platform:org.eclipse.equinox.app:jar:1.3.600
[DEBUG]   Included: org.eclipse.platform:org.eclipse.core.filesystem:jar:1.7.200
[DEBUG]   Included: org.eclipse.platform:org.eclipse.text:jar:3.7.0
[DEBUG]   Included: org.eclipse.platform:org.eclipse.core.commands:jar:3.9.200
[DEBUG]   Included: com.martiansoftware:jsap:jar:2.1
[DEBUG]   Included: log4j:log4j:jar:1.2.17
[DEBUG]   Included: com.fasterxml.jackson.core:jackson-databind:jar:2.9.2
[DEBUG]   Included: com.fasterxml.jackson.core:jackson-annotations:jar:2.9.0
[DEBUG]   Included: com.fasterxml.jackson.core:jackson-core:jar:2.9.2
[DEBUG]   Included: org.benf:cfr:jar:0.132.0
[DEBUG]   Included: junit:junit:jar:4.12
[DEBUG]   Included: org.hamcrest:hamcrest-core:jar:1.3
[DEBUG]   Included: com.google.code.gson:gson:jar:2.8.0
[DEBUG]   Included: org.apache.maven.shared:maven-invoker:jar:3.0.0
[DEBUG]   Included: org.slf4j:slf4j-log4j12:jar:1.7.25
[DEBUG]   Included: org.jacoco:org.jacoco.core:jar:0.7.9
[DEBUG]   Included: org.ow2.asm:asm-debug-all:jar:5.2
[DEBUG]   Included: eu.stamp-project:descartes:jar:1.1
[DEBUG]   Included: org.pitest:pitest:jar:1.2.0
[DEBUG]   Included: org.pitest:pitest-entry:jar:1.2.0
[DEBUG]   Included: com.thoughtworks.xstream:xstream:jar:1.4.8
[DEBUG]   Included: xmlpull:xmlpull:jar:1.1.3.1
[DEBUG]   Included: xpp3:xpp3_min:jar:1.1.4c
[DEBUG]   Included: org.gradle:gradle-tooling-api:jar:4.0.1
[DEBUG]   Included: org.mockito:mockito-core:jar:2.10.0
[DEBUG]   Included: net.bytebuddy:byte-buddy:jar:1.7.4
[DEBUG]   Included: net.bytebuddy:byte-buddy-agent:jar:1.7.4
[DEBUG]   Included: org.objenesis:objenesis:jar:2.6
[DEBUG]   Included: eu.stamp-project:test-runner:jar:jar-with-dependencies:1.1.0
[DEBUG]   Included: org.openclover:clover:jar:4.2.1
[DEBUG]   Included: fr.inria.gforge.spoon.labs:gumtree-spoon-ast-diff:jar:1.3
[DEBUG]   Included: com.github.gumtreediff:core:jar:2.0.0
[DEBUG]   Included: com.github.mpkorstanje:simmetrics-core:jar:3.0.3
[DEBUG]   Included: commons-codec:commons-codec:jar:1.10
[DEBUG]   Included: net.sf.trove4j:trove4j:jar:3.0.3
[DEBUG]   Included: javax.enterprise:cdi-api:jar:1.0
[DEBUG]   Included: org.eclipse.sisu:org.eclipse.sisu.inject:jar:0.3.3
[DEBUG]   Included: org.apache.maven.plugin-testing:maven-plugin-testing-harness:jar:3.3.0
[DEBUG]   Included: commons-io:commons-io:jar:2.2
[DEBUG]   Included: org.codehaus.plexus:plexus-archiver:jar:2.2
[DEBUG]   Included: org.codehaus.plexus:plexus-io:jar:2.0.4
[DEBUG]   Included: org.apache.maven:maven-builder-support:jar:3.5.0
[DEBUG]   Included: com.google.guava:guava:jar:20.0
[DEBUG]   Included: org.apache.maven.resolver:maven-resolver-util:jar:1.0.3
[DEBUG]   Included: org.codehaus.plexus:plexus-utils:jar:3.0.24
[DEBUG]   Included: org.codehaus.plexus:plexus-interpolation:jar:1.24
[DEBUG]   Included: org.codehaus.plexus:plexus-component-annotations:jar:1.7.1
[DEBUG]   Included: org.apache.maven.shared:maven-shared-utils:jar:3.1.0
[DEBUG]   Included: com.google.inject:guice:jar:no_aop:4.0
[DEBUG]   Included: aopalliance:aopalliance:jar:1.0
[DEBUG]   Included: org.sonatype.plexus:plexus-sec-dispatcher:jar:1.4
[DEBUG]   Included: org.sonatype.plexus:plexus-cipher:jar:1.4
[DEBUG]   Included: org.apache.commons:commons-lang3:jar:3.5
[DEBUG]   Included: org.eclipse.aether:aether-util:jar:1.0.2.v20150114
[DEBUG]   Included: backport-util-concurrent:backport-util-concurrent:jar:3.1
[DEBUG] Configuring mojo eu.stamp-project:dspot-maven:1.1.1-SNAPSHOT:amplify-unit-tests from plugin realm ClassRealm[plugin>eu.stamp-project:dspot-maven:1.1.1-SNAPSHOT, parent: sun.misc.Launcher$AppClassLoader@55f96302]
[DEBUG] Configuring mojo 'eu.stamp-project:dspot-maven:1.1.1-SNAPSHOT:amplify-unit-tests' with basic configurator -->
[DEBUG]   (f) amplifiers = [None]
[DEBUG]   (f) automaticBuilder = MavenBuilder
[DEBUG]   (f) budgetizer = NoBudgetizer
[DEBUG]   (f) cases = []
[DEBUG]   (f) clean = true
[DEBUG]   (f) descartes = false
[DEBUG]   (f) example = false
[DEBUG]   (f) generateNewTestClass = true
[DEBUG]   (f) help = false
[DEBUG]   (f) iteration = 3
[DEBUG]   (f) maxTestAmplified = 200
[DEBUG]   (f) noMinimize = false
[DEBUG]   (f) outputPath = /tmp/icst-2019/september-2018/result/gson/commit_10_45511fd/assert_amplification
[DEBUG]   (f) pathToSecondVersion = /tmp/icst-2019/september-2018/dataset/gson/gson
[DEBUG]   (f) pathToTestListCsv = /tmp/icst-2019/september-2018/result/gson/commit_10_45511fd/testsThatExecuteTheChanges.csv
[DEBUG]   (f) project = MavenProject: com.google.code.gson:gson:2.6.3-SNAPSHOT @ /tmp/icst-2019/september-2018/dataset/gson_parent/gson/pom.xml
[DEBUG]   (f) randomSeed = 23
[DEBUG]   (f) test = [all]
[DEBUG]   (f) testCriterion = ChangeDetectorSelector
[DEBUG]   (f) timeOut = 10000
[DEBUG]   (f) useMavenToExeTest = false
[DEBUG]   (f) verbose = true
[DEBUG]   (f) withComment = false
[DEBUG]   (f) workingDirectory = false
[DEBUG] -- end configuration --
[INFO] Path to runner Classes: /home/spirals/danglot/.m2/repository/eu/stamp-project/test-runner/1.1.0/test-runner-1.1.0-jar-with-dependencies.jar
[INFO] /home/spirals/danglot/.m2/repository/org/jacoco/org.jacoco.core/0.7.9/org.jacoco.core-0.7.9.jar
[INFO] /home/spirals/danglot/.m2/repository/org/ow2/asm/asm-debug-all/5.2/asm-debug-all-5.2.jar
[INFO] /home/spirals/danglot/.m2/repository/eu/stamp-project/test-runner/1.1.0/test-runner-1.1.0-jar-with-dependencies.jar
[WARNING] automaticBuilderName: unknown automatic builder specified in configuration, going to default.
[INFO] Default: provided Maven automatic builder.
[INFO] Using /home/spirals/danglot/apache-maven-3.5.4 for maven home
[INFO] run maven: /home/spirals/danglot/apache-maven-3.5.4/bin/mvn clean test -DskipTests dependency:build-classpath -Dmdep.outputFile=target/dspot/classpath
[WARN] Maven will be executed in interactive mode, but no input stream has been configured for this MavenInvoker instance.
[INFO] Scanning for projects...
[INFO] 
[INFO] ---------------------< com.google.code.gson:gson >----------------------
[INFO] Building Gson 2.6.3-SNAPSHOT
[INFO] --------------------------------[ jar ]---------------------------------
[INFO] 
[INFO] --- maven-clean-plugin:2.5:clean (default-clean) @ gson ---
[INFO] Deleting /tmp/icst-2019/september-2018/dataset/gson_parent/gson/target
[INFO] 
[INFO] --- maven-enforcer-plugin:1.0:enforce (enforce-maven) @ gson ---
[INFO] Skipping Rule Enforcement.
[INFO] 
[INFO] --- maven-resources-plugin:2.6:resources (default-resources) @ gson ---
[INFO] Using 'UTF-8' encoding to copy filtered resources.
[INFO] skip non existing resourceDirectory /tmp/icst-2019/september-2018/dataset/gson_parent/gson/src/main/resources
[INFO] 
[INFO] --- maven-compiler-plugin:3.0:compile (default-compile) @ gson ---
[INFO] Changes detected - recompiling the module!
[INFO] Compiling 67 source files to /tmp/icst-2019/september-2018/dataset/gson_parent/gson/target/classes
[INFO] 
[INFO] --- bnd-maven-plugin:3.1.0:bnd-process (default) @ gson ---
[WARNING] Export com.google.gson,  has 1,  private references [com.google.gson.internal], 
[INFO] 
[INFO] --- maven-resources-plugin:2.6:testResources (default-testResources) @ gson ---
[INFO] Using 'UTF-8' encoding to copy filtered resources.
[INFO] skip non existing resourceDirectory /tmp/icst-2019/september-2018/dataset/gson_parent/gson/src/test/resources
[INFO] 
[INFO] --- maven-compiler-plugin:3.0:testCompile (default-testCompile) @ gson ---
[INFO] Changes detected - recompiling the module!
[INFO] Compiling 94 source files to /tmp/icst-2019/september-2018/dataset/gson_parent/gson/target/test-classes
[INFO] 
[INFO] --- maven-surefire-plugin:2.12.4:test (default-test) @ gson ---
[INFO] Tests are skipped.
[INFO] 
[INFO] --- maven-dependency-plugin:2.8:build-classpath (default-cli) @ gson ---
[INFO] Wrote classpath file '/tmp/icst-2019/september-2018/dataset/gson_parent/gson/target/dspot/classpath'.
[INFO] ------------------------------------------------------------------------
[INFO] BUILD SUCCESS
[INFO] ------------------------------------------------------------------------
[INFO] Total time: 7.325 s
[INFO] Finished at: 2018-10-10T12:51:32+02:00
[INFO] ------------------------------------------------------------------------
[ERROR] 2018-10-10 12:51:36 JDTCommentBuilder - // Field tag only annotation is not added into the AST
spoon.reflect.declaration.ParentNotInitializedException: parent not initialized for class spoon.support.reflect.code.CtCommentImpl (/tmp/icst-2019/september-2018/dataset/gson_parent/gson/src/test/java/com/google/gson/functional/ExclusionStrategyFunctionalTest.java:167)
	at spoon.support.reflect.declaration.CtElementImpl.getParent(CtElementImpl.java:375)
	at spoon.support.compiler.jdt.JDTCommentBuilder.insertCommentInAST(JDTCommentBuilder.java:493)
	at spoon.support.compiler.jdt.JDTCommentBuilder.buildComment(JDTCommentBuilder.java:157)
	at spoon.support.compiler.jdt.JDTCommentBuilder.build(JDTCommentBuilder.java:113)
	at spoon.support.compiler.jdt.JDTBasedSpoonCompiler.buildModel(JDTBasedSpoonCompiler.java:477)
	at spoon.support.compiler.jdt.JDTBasedSpoonCompiler.buildUnitsAndModel(JDTBasedSpoonCompiler.java:390)
	at spoon.support.compiler.jdt.JDTBasedSpoonCompiler.buildSources(JDTBasedSpoonCompiler.java:339)
	at spoon.support.compiler.jdt.JDTBasedSpoonCompiler.build(JDTBasedSpoonCompiler.java:122)
	at spoon.support.compiler.jdt.JDTBasedSpoonCompiler.build(JDTBasedSpoonCompiler.java:105)
	at spoon.Launcher.buildModel(Launcher.java:767)
	at eu.stamp_project.utils.compilation.DSpotCompiler.getSpoonModelOf(DSpotCompiler.java:102)
	at eu.stamp_project.utils.compilation.DSpotCompiler.createDSpotCompiler(DSpotCompiler.java:35)
	at eu.stamp_project.dspot.DSpot.<init>(DSpot.java:89)
	at eu.stamp_project.Main.run(Main.java:49)
	at eu.stamp_project.DSpotMojo.execute(DSpotMojo.java:263)
	at org.apache.maven.plugin.DefaultBuildPluginManager.executeMojo(DefaultBuildPluginManager.java:137)
	at org.apache.maven.lifecycle.internal.MojoExecutor.execute(MojoExecutor.java:208)
	at org.apache.maven.lifecycle.internal.MojoExecutor.execute(MojoExecutor.java:154)
	at org.apache.maven.lifecycle.internal.MojoExecutor.execute(MojoExecutor.java:146)
	at org.apache.maven.lifecycle.internal.LifecycleModuleBuilder.buildProject(LifecycleModuleBuilder.java:117)
	at org.apache.maven.lifecycle.internal.LifecycleModuleBuilder.buildProject(LifecycleModuleBuilder.java:81)
	at org.apache.maven.lifecycle.internal.builder.singlethreaded.SingleThreadedBuilder.build(SingleThreadedBuilder.java:56)
	at org.apache.maven.lifecycle.internal.LifecycleStarter.execute(LifecycleStarter.java:128)
	at org.apache.maven.DefaultMaven.doExecute(DefaultMaven.java:305)
	at org.apache.maven.DefaultMaven.doExecute(DefaultMaven.java:192)
	at org.apache.maven.DefaultMaven.execute(DefaultMaven.java:105)
	at org.apache.maven.cli.MavenCli.execute(MavenCli.java:954)
	at org.apache.maven.cli.MavenCli.doMain(MavenCli.java:288)
	at org.apache.maven.cli.MavenCli.main(MavenCli.java:192)
	at sun.reflect.NativeMethodAccessorImpl.invoke0(Native Method)
	at sun.reflect.NativeMethodAccessorImpl.invoke(NativeMethodAccessorImpl.java:62)
	at sun.reflect.DelegatingMethodAccessorImpl.invoke(DelegatingMethodAccessorImpl.java:43)
	at java.lang.reflect.Method.invoke(Method.java:498)
	at org.codehaus.plexus.classworlds.launcher.Launcher.launchEnhanced(Launcher.java:289)
	at org.codehaus.plexus.classworlds.launcher.Launcher.launch(Launcher.java:229)
	at org.codehaus.plexus.classworlds.launcher.Launcher.mainWithExitCode(Launcher.java:415)
	at org.codehaus.plexus.classworlds.launcher.Launcher.main(Launcher.java:356)
[INFO] Using /home/spirals/danglot/apache-maven-3.5.4 for maven home
[INFO] run maven: /home/spirals/danglot/apache-maven-3.5.4/bin/mvn clean test -DskipTests dependency:build-classpath -Dmdep.outputFile=target/dspot/classpath
[WARN] Maven will be executed in interactive mode, but no input stream has been configured for this MavenInvoker instance.
[INFO] Scanning for projects...
[INFO] 
[INFO] ---------------------< com.google.code.gson:gson >----------------------
[INFO] Building Gson 2.6.3-SNAPSHOT
[INFO] --------------------------------[ jar ]---------------------------------
[INFO] 
[INFO] --- maven-clean-plugin:2.5:clean (default-clean) @ gson ---
[INFO] Deleting /tmp/icst-2019/september-2018/dataset/gson/gson/target
[INFO] 
[INFO] --- maven-enforcer-plugin:1.0:enforce (enforce-maven) @ gson ---
[INFO] Skipping Rule Enforcement.
[INFO] 
[INFO] --- maven-resources-plugin:2.6:resources (default-resources) @ gson ---
[INFO] Using 'UTF-8' encoding to copy filtered resources.
[INFO] skip non existing resourceDirectory /tmp/icst-2019/september-2018/dataset/gson/gson/src/main/resources
[INFO] 
[INFO] --- maven-compiler-plugin:3.0:compile (default-compile) @ gson ---
[INFO] Changes detected - recompiling the module!
[INFO] Compiling 67 source files to /tmp/icst-2019/september-2018/dataset/gson/gson/target/classes
[INFO] 
[INFO] --- bnd-maven-plugin:3.1.0:bnd-process (default) @ gson ---
[WARNING] Export com.google.gson,  has 1,  private references [com.google.gson.internal], 
[INFO] 
[INFO] --- maven-resources-plugin:2.6:testResources (default-testResources) @ gson ---
[INFO] Using 'UTF-8' encoding to copy filtered resources.
[INFO] skip non existing resourceDirectory /tmp/icst-2019/september-2018/dataset/gson/gson/src/test/resources
[INFO] 
[INFO] --- maven-compiler-plugin:3.0:testCompile (default-testCompile) @ gson ---
[INFO] Changes detected - recompiling the module!
[INFO] Compiling 95 source files to /tmp/icst-2019/september-2018/dataset/gson/gson/target/test-classes
[INFO] 
[INFO] --- maven-surefire-plugin:2.12.4:test (default-test) @ gson ---
[INFO] Tests are skipped.
[INFO] 
[INFO] --- maven-dependency-plugin:2.8:build-classpath (default-cli) @ gson ---
[INFO] Wrote classpath file '/tmp/icst-2019/september-2018/dataset/gson/gson/target/dspot/classpath'.
[INFO] ------------------------------------------------------------------------
[INFO] BUILD SUCCESS
[INFO] ------------------------------------------------------------------------
[INFO] Total time: 6.726 s
[INFO] Finished at: 2018-10-10T12:51:45+02:00
[INFO] ------------------------------------------------------------------------
[INFO] Amplification of com.google.gson.functional.ObjectTest (40 test(s))
[INFO] Assertion amplification of com.google.gson.functional.ObjectTest (40 test(s))
[INFO] Run: java -classpath /tmp/icst-2019/september-2018/dataset/gson_parent/gson/target/test-classes:/tmp/icst-2019/september-2018/dataset/gson_parent/gson/target/classes/:/home/spirals/danglot/.m2/repository/junit/junit/4.12/junit-4.12.jar:/home/spirals/danglot/.m2/repository/junit/junit/3.8.2/junit-3.8.2.jar:/tmp/icst-2019/september-2018/dataset/gson_parent/gson/target/dspot/dependencies/:/home/spirals/danglot/.m2/repository/eu/stamp-project/test-runner/1.1.0/test-runner-1.1.0-jar-with-dependencies.jar eu.stamp_project.testrunner.runner.test.TestRunner com.google.gson.functional.ObjectTest testSingletonLists:testInnerClassSerialization:testNullArraysDeserialization:testArrayOfArraysDeserialization:testNullPrimitiveFieldsDeserialization:testStringFieldWithEmptyValueSerialization:testObjectFieldNamesWithoutQuotesDeserialization:testClassWithObjectFieldSerialization:testArrayOfArraysSerialization:testClassWithTransientFieldsSerialization:testClassWithNoFieldsSerialization:testStringFieldWithNumberValueDeserialization:testAnonymousLocalClassesCustomSerialization:testBagOfPrimitiveWrappersDeserialization:testEmptyCollectionInAnObjectSerialization:testPrimitiveArrayFieldSerialization:testArrayOfObjectsAsFields:testBagOfPrimitiveWrappersSerialization:testJsonObjectSerialization:testClassWithTransientFieldsDeserialization:testPrivateNoArgConstructorDeserialization:testNullObjectFieldsDeserialization:testBagOfPrimitivesSerialization:testNestedDeserialization:testNullFieldsSerialization:testClassWithNoFieldsDeserialization:testJsonInMixedQuotesDeserialization:testArrayOfObjectsDeserialization:testInnerClassDeserialization:testClassWithTransientFieldsDeserializationTransientFieldsPassedInJsonAreIgnored:testNullFieldsDeserialization:testPrimitiveArrayInAnObjectDeserialization:testStringFieldWithEmptyValueDeserialization:testDateAsMapObjectField:testEmptyCollectionInAnObjectDeserialization:testBagOfPrimitivesDeserialization:testArrayOfObjectsSerialization:testJsonInSingleQuotesDeserialization:testNestedSerialization:testNullSerialization
File saved to the following path: /tmp/icst-2019/september-2018/dataset/gson_parent/gson/target/dspot/TestListener.ser
Loading /tmp/icst-2019/september-2018/dataset/gson_parent/gson/target/dspot/TestListener.ser
[INFO] Test has been run: testClassWithTransientFieldsSerialization,testSingletonLists,testPrimitiveArrayInAnObjectDeserialization,testStringFieldWithEmptyValueDeserialization,testArrayOfArraysSerialization,testClassWithTransientFieldsDeserializationTransientFieldsPassedInJsonAreIgnored,testArrayOfObjectsDeserialization,testClassWithObjectFieldSerialization,testNullPrimitiveFieldsDeserialization,testPrivateNoArgConstructorDeserialization,testStringFieldWithEmptyValueSerialization,testJsonObjectSerialization,testBagOfPrimitiveWrappersDeserialization,testInnerClassSerialization,testBagOfPrimitivesDeserialization,testNullSerialization,testArrayOfObjectsAsFields,testNullArraysDeserialization,testClassWithTransientFieldsDeserialization,testAnonymousLocalClassesCustomSerialization,testArrayOfObjectsSerialization,testJsonInMixedQuotesDeserialization,testPrimitiveArrayFieldSerialization,testNestedSerialization,testClassWithNoFieldsSerialization,testObjectFieldNamesWithoutQuotesDeserialization,testEmptyCollectionInAnObjectSerialization,testStringFieldWithNumberValueDeserialization,testJsonInSingleQuotesDeserialization,testClassWithNoFieldsDeserialization,testNullFieldsSerialization,testArrayOfArraysDeserialization,testBagOfPrimitiveWrappersSerialization,testDateAsMapObjectField,testNullFieldsDeserialization,testBagOfPrimitivesSerialization,testEmptyCollectionInAnObjectDeserialization,testNullObjectFieldsDeserialization,testNestedDeserialization,testInnerClassDeserialization
[INFO] Run tests. (40)
[INFO] Run: java -classpath /tmp/icst-2019/september-2018/dataset/gson_parent/gson/target/test-classes:/tmp/icst-2019/september-2018/dataset/gson_parent/gson/target/classes/:/home/spirals/danglot/.m2/repository/junit/junit/4.12/junit-4.12.jar:/home/spirals/danglot/.m2/repository/junit/junit/3.8.2/junit-3.8.2.jar:/tmp/icst-2019/september-2018/dataset/gson_parent/gson/target/dspot/dependencies/:/home/spirals/danglot/.m2/repository/eu/stamp-project/test-runner/1.1.0/test-runner-1.1.0-jar-with-dependencies.jar eu.stamp_project.testrunner.runner.test.TestRunner com.google.gson.functional.ObjectTest testSingletonLists:testInnerClassSerialization:testNullArraysDeserialization:testArrayOfArraysDeserialization:testNullPrimitiveFieldsDeserialization:testStringFieldWithEmptyValueSerialization:testObjectFieldNamesWithoutQuotesDeserialization:testClassWithObjectFieldSerialization:testArrayOfArraysSerialization:testClassWithTransientFieldsSerialization:testClassWithNoFieldsSerialization:testStringFieldWithNumberValueDeserialization:testAnonymousLocalClassesCustomSerialization:testBagOfPrimitiveWrappersDeserialization:testEmptyCollectionInAnObjectSerialization:testPrimitiveArrayFieldSerialization:testArrayOfObjectsAsFields:testBagOfPrimitiveWrappersSerialization:testJsonObjectSerialization:testClassWithTransientFieldsDeserialization:testPrivateNoArgConstructorDeserialization:testNullObjectFieldsDeserialization:testBagOfPrimitivesSerialization:testNestedDeserialization:testNullFieldsSerialization:testClassWithNoFieldsDeserialization:testJsonInMixedQuotesDeserialization:testArrayOfObjectsDeserialization:testInnerClassDeserialization:testClassWithTransientFieldsDeserializationTransientFieldsPassedInJsonAreIgnored:testNullFieldsDeserialization:testPrimitiveArrayInAnObjectDeserialization:testStringFieldWithEmptyValueDeserialization:testDateAsMapObjectField:testEmptyCollectionInAnObjectDeserialization:testBagOfPrimitivesDeserialization:testArrayOfObjectsSerialization:testJsonInSingleQuotesDeserialization:testNestedSerialization:testNullSerialization
File saved to the following path: /tmp/icst-2019/september-2018/dataset/gson_parent/gson/target/dspot/TestListener.ser
Loading /tmp/icst-2019/september-2018/dataset/gson_parent/gson/target/dspot/TestListener.ser
[INFO] Test has been run: testClassWithTransientFieldsSerialization,testSingletonLists,testPrimitiveArrayInAnObjectDeserialization,testStringFieldWithEmptyValueDeserialization,testArrayOfArraysSerialization,testClassWithTransientFieldsDeserializationTransientFieldsPassedInJsonAreIgnored,testArrayOfObjectsDeserialization,testClassWithObjectFieldSerialization,testNullPrimitiveFieldsDeserialization,testPrivateNoArgConstructorDeserialization,testStringFieldWithEmptyValueSerialization,testJsonObjectSerialization,testBagOfPrimitiveWrappersDeserialization,testInnerClassSerialization,testBagOfPrimitivesDeserialization,testNullSerialization,testArrayOfObjectsAsFields,testNullArraysDeserialization,testClassWithTransientFieldsDeserialization,testAnonymousLocalClassesCustomSerialization,testArrayOfObjectsSerialization,testJsonInMixedQuotesDeserialization,testPrimitiveArrayFieldSerialization,testNestedSerialization,testClassWithNoFieldsSerialization,testObjectFieldNamesWithoutQuotesDeserialization,testEmptyCollectionInAnObjectSerialization,testStringFieldWithNumberValueDeserialization,testJsonInSingleQuotesDeserialization,testClassWithNoFieldsDeserialization,testNullFieldsSerialization,testArrayOfArraysDeserialization,testBagOfPrimitiveWrappersSerialization,testDateAsMapObjectField,testNullFieldsDeserialization,testBagOfPrimitivesSerialization,testEmptyCollectionInAnObjectDeserialization,testNullObjectFieldsDeserialization,testNestedDeserialization,testInnerClassDeserialization
[INFO] 40 test pass, generating assertion...
[INFO] Add observations points in passing tests.
[INFO] Instrumentation...
  2% |= ]/  5% |== ]-  7% |=== ]\ 10% |===== ]| 12% |====== ]/ 15% |======= ]- 17% |======== ]\ 20% |========== ]| 22% |=========== ]/ 25% |============ ]- 27% |============= ]\ 30% |=============== ]| 32% |================ ]/ 35% |================= ]- 37% |================== ]\ 40% |==================== ]| 42% |===================== ]/ 45% |====================== ]- 47% |======================= ]\ 50% |========================= ]| 52% |========================== ]/ 55% |=========================== ]- 57% |============================ ]\ 60% |============================== ]| 62% |=============================== ]/ 65% |================================ ]- 67% |================================= ]\ 70% |=================================== ]| 72% |==================================== ]/ 75% |===================================== ]- 77% |====================================== ]\ 80% |======================================== ]| 82% |========================================= ]/ 85% |========================================== ]- 87% |=========================================== ]\ 90% |============================================= ]| 92% |============================================== ]/ 95% |=============================================== ]- 97% |================================================ ]\100% |================================================== ]|
[INFO] Run instrumented tests. (120)
[INFO] Run: java -classpath /tmp/icst-2019/september-2018/dataset/gson_parent/gson/target/test-classes:/tmp/icst-2019/september-2018/dataset/gson_parent/gson/target/classes/:/home/spirals/danglot/.m2/repository/junit/junit/4.12/junit-4.12.jar:/home/spirals/danglot/.m2/repository/junit/junit/3.8.2/junit-3.8.2.jar:/tmp/icst-2019/september-2018/dataset/gson_parent/gson/target/dspot/dependencies/:/home/spirals/danglot/.m2/repository/eu/stamp-project/test-runner/1.1.0/test-runner-1.1.0-jar-with-dependencies.jar eu.stamp_project.testrunner.runner.test.TestRunner com.google.gson.functional.ObjectTest testSingletonLists_withlog0:testInnerClassSerialization_withlog0:testNullArraysDeserialization_withlog0:testArrayOfArraysDeserialization_withlog0:testNullPrimitiveFieldsDeserialization_withlog0:testStringFieldWithEmptyValueSerialization_withlog0:testObjectFieldNamesWithoutQuotesDeserialization_withlog0:testClassWithObjectFieldSerialization_withlog0:testArrayOfArraysSerialization_withlog0:testClassWithTransientFieldsSerialization_withlog0:testClassWithNoFieldsSerialization_withlog0:testStringFieldWithNumberValueDeserialization_withlog0:testAnonymousLocalClassesCustomSerialization_withlog0:testBagOfPrimitiveWrappersDeserialization_withlog0:testEmptyCollectionInAnObjectSerialization_withlog0:testPrimitiveArrayFieldSerialization_withlog0:testArrayOfObjectsAsFields_withlog0:testBagOfPrimitiveWrappersSerialization_withlog0:testJsonObjectSerialization_withlog0:testClassWithTransientFieldsDeserialization_withlog0:testPrivateNoArgConstructorDeserialization_withlog0:testNullObjectFieldsDeserialization_withlog0:testBagOfPrimitivesSerialization_withlog0:testNestedDeserialization_withlog0:testNullFieldsSerialization_withlog0:testClassWithNoFieldsDeserialization_withlog0:testJsonInMixedQuotesDeserialization_withlog0:testArrayOfObjectsDeserialization_withlog0:testInnerClassDeserialization_withlog0:testClassWithTransientFieldsDeserializationTransientFieldsPassedInJsonAreIgnored_withlog0:testNullFieldsDeserialization_withlog0:testPrimitiveArrayInAnObjectDeserialization_withlog0:testStringFieldWithEmptyValueDeserialization_withlog0:testDateAsMapObjectField_withlog0:testEmptyCollectionInAnObjectDeserialization_withlog0:testBagOfPrimitivesDeserialization_withlog0:testArrayOfObjectsSerialization_withlog0:testJsonInSingleQuotesDeserialization_withlog0:testNestedSerialization_withlog0:testNullSerialization_withlog0:testSingletonLists_withlog1:testInnerClassSerialization_withlog1:testNullArraysDeserialization_withlog1:testArrayOfArraysDeserialization_withlog1:testNullPrimitiveFieldsDeserialization_withlog1:testStringFieldWithEmptyValueSerialization_withlog1:testObjectFieldNamesWithoutQuotesDeserialization_withlog1:testClassWithObjectFieldSerialization_withlog1:testArrayOfArraysSerialization_withlog1:testClassWithTransientFieldsSerialization_withlog1:testClassWithNoFieldsSerialization_withlog1:testStringFieldWithNumberValueDeserialization_withlog1:testAnonymousLocalClassesCustomSerialization_withlog1:testBagOfPrimitiveWrappersDeserialization_withlog1:testEmptyCollectionInAnObjectSerialization_withlog1:testPrimitiveArrayFieldSerialization_withlog1:testArrayOfObjectsAsFields_withlog1:testBagOfPrimitiveWrappersSerialization_withlog1:testJsonObjectSerialization_withlog1:testClassWithTransientFieldsDeserialization_withlog1:testPrivateNoArgConstructorDeserialization_withlog1:testNullObjectFieldsDeserialization_withlog1:testBagOfPrimitivesSerialization_withlog1:testNestedDeserialization_withlog1:testNullFieldsSerialization_withlog1:testClassWithNoFieldsDeserialization_withlog1:testJsonInMixedQuotesDeserialization_withlog1:testArrayOfObjectsDeserialization_withlog1:testInnerClassDeserialization_withlog1:testClassWithTransientFieldsDeserializationTransientFieldsPassedInJsonAreIgnored_withlog1:testNullFieldsDeserialization_withlog1:testPrimitiveArrayInAnObjectDeserialization_withlog1:testStringFieldWithEmptyValueDeserialization_withlog1:testDateAsMapObjectField_withlog1:testEmptyCollectionInAnObjectDeserialization_withlog1:testBagOfPrimitivesDeserialization_withlog1:testArrayOfObjectsSerialization_withlog1:testJsonInSingleQuotesDeserialization_withlog1:testNestedSerialization_withlog1:testNullSerialization_withlog1:testSingletonLists_withlog2:testInnerClassSerialization_withlog2:testNullArraysDeserialization_withlog2:testArrayOfArraysDeserialization_withlog2:testNullPrimitiveFieldsDeserialization_withlog2:testStringFieldWithEmptyValueSerialization_withlog2:testObjectFieldNamesWithoutQuotesDeserialization_withlog2:testClassWithObjectFieldSerialization_withlog2:testArrayOfArraysSerialization_withlog2:testClassWithTransientFieldsSerialization_withlog2:testClassWithNoFieldsSerialization_withlog2:testStringFieldWithNumberValueDeserialization_withlog2:testAnonymousLocalClassesCustomSerialization_withlog2:testBagOfPrimitiveWrappersDeserialization_withlog2:testEmptyCollectionInAnObjectSerialization_withlog2:testPrimitiveArrayFieldSerialization_withlog2:testArrayOfObjectsAsFields_withlog2:testBagOfPrimitiveWrappersSerialization_withlog2:testJsonObjectSerialization_withlog2:testClassWithTransientFieldsDeserialization_withlog2:testPrivateNoArgConstructorDeserialization_withlog2:testNullObjectFieldsDeserialization_withlog2:testBagOfPrimitivesSerialization_withlog2:testNestedDeserialization_withlog2:testNullFieldsSerialization_withlog2:testClassWithNoFieldsDeserialization_withlog2:testJsonInMixedQuotesDeserialization_withlog2:testArrayOfObjectsDeserialization_withlog2:testInnerClassDeserialization_withlog2:testClassWithTransientFieldsDeserializationTransientFieldsPassedInJsonAreIgnored_withlog2:testNullFieldsDeserialization_withlog2:testPrimitiveArrayInAnObjectDeserialization_withlog2:testStringFieldWithEmptyValueDeserialization_withlog2:testDateAsMapObjectField_withlog2:testEmptyCollectionInAnObjectDeserialization_withlog2:testBagOfPrimitivesDeserialization_withlog2:testArrayOfObjectsSerialization_withlog2:testJsonInSingleQuotesDeserialization_withlog2:testNestedSerialization_withlog2:testNullSerialization_withlog2
File saved to the following path: /tmp/icst-2019/september-2018/dataset/gson_parent/gson/target/dspot/observations.ser
File saved to the following path: /tmp/icst-2019/september-2018/dataset/gson_parent/gson/target/dspot/TestListener.ser
Loading /tmp/icst-2019/september-2018/dataset/gson_parent/gson/target/dspot/TestListener.ser
[INFO] Test has been run: testClassWithObjectFieldSerialization_withlog0,testClassWithObjectFieldSerialization_withlog1,testClassWithObjectFieldSerialization_withlog2,testArrayOfObjectsAsFields_withlog0,testArrayOfObjectsAsFields_withlog1,testArrayOfObjectsAsFields_withlog2,testArrayOfObjectsDeserialization_withlog0,testArrayOfObjectsDeserialization_withlog1,testArrayOfObjectsDeserialization_withlog2,testArrayOfArraysSerialization_withlog0,testArrayOfArraysSerialization_withlog1,testArrayOfArraysSerialization_withlog2,testBagOfPrimitiveWrappersDeserialization_withlog0,testBagOfPrimitiveWrappersDeserialization_withlog1,testBagOfPrimitiveWrappersDeserialization_withlog2,testNullFieldsDeserialization_withlog0,testNullFieldsDeserialization_withlog1,testNullFieldsDeserialization_withlog2,testStringFieldWithNumberValueDeserialization_withlog0,testStringFieldWithNumberValueDeserialization_withlog1,testStringFieldWithNumberValueDeserialization_withlog2,testInnerClassDeserialization_withlog0,testInnerClassDeserialization_withlog1,testInnerClassDeserialization_withlog2,testSingletonLists_withlog0,testSingletonLists_withlog1,testSingletonLists_withlog2,testObjectFieldNamesWithoutQuotesDeserialization_withlog0,testObjectFieldNamesWithoutQuotesDeserialization_withlog1,testObjectFieldNamesWithoutQuotesDeserialization_withlog2,testStringFieldWithEmptyValueSerialization_withlog0,testStringFieldWithEmptyValueSerialization_withlog1,testStringFieldWithEmptyValueSerialization_withlog2,testEmptyCollectionInAnObjectDeserialization_withlog0,testEmptyCollectionInAnObjectDeserialization_withlog1,testEmptyCollectionInAnObjectDeserialization_withlog2,testArrayOfObjectsSerialization_withlog0,testArrayOfObjectsSerialization_withlog1,testArrayOfObjectsSerialization_withlog2,testEmptyCollectionInAnObjectSerialization_withlog0,testEmptyCollectionInAnObjectSerialization_withlog1,testEmptyCollectionInAnObjectSerialization_withlog2,testInnerClassSerialization_withlog0,testInnerClassSerialization_withlog1,testInnerClassSerialization_withlog2,testJsonObjectSerialization_withlog0,testJsonObjectSerialization_withlog1,testJsonObjectSerialization_withlog2,testBagOfPrimitiveWrappersSerialization_withlog0,testBagOfPrimitiveWrappersSerialization_withlog1,testBagOfPrimitiveWrappersSerialization_withlog2,testArrayOfArraysDeserialization_withlog0,testArrayOfArraysDeserialization_withlog1,testArrayOfArraysDeserialization_withlog2,testClassWithTransientFieldsDeserialization_withlog0,testClassWithTransientFieldsDeserialization_withlog1,testClassWithTransientFieldsDeserialization_withlog2,testNullArraysDeserialization_withlog0,testNullArraysDeserialization_withlog1,testNullArraysDeserialization_withlog2,testBagOfPrimitivesSerialization_withlog0,testBagOfPrimitivesSerialization_withlog1,testBagOfPrimitivesSerialization_withlog2,testPrimitiveArrayInAnObjectDeserialization_withlog0,testPrimitiveArrayInAnObjectDeserialization_withlog1,testPrimitiveArrayInAnObjectDeserialization_withlog2,testStringFieldWithEmptyValueDeserialization_withlog0,testStringFieldWithEmptyValueDeserialization_withlog1,testStringFieldWithEmptyValueDeserialization_withlog2,testAnonymousLocalClassesCustomSerialization_withlog0,testAnonymousLocalClassesCustomSerialization_withlog1,testAnonymousLocalClassesCustomSerialization_withlog2,testNestedDeserialization_withlog0,testNestedDeserialization_withlog1,testNestedDeserialization_withlog2,testClassWithTransientFieldsDeserializationTransientFieldsPassedInJsonAreIgnored_withlog0,testClassWithTransientFieldsDeserializationTransientFieldsPassedInJsonAreIgnored_withlog1,testClassWithTransientFieldsDeserializationTransientFieldsPassedInJsonAreIgnored_withlog2,testClassWithNoFieldsDeserialization_withlog0,testClassWithNoFieldsDeserialization_withlog1,testClassWithNoFieldsDeserialization_withlog2,testNestedSerialization_withlog0,testNestedSerialization_withlog1,testNestedSerialization_withlog2,testNullFieldsSerialization_withlog0,testNullFieldsSerialization_withlog1,testNullFieldsSerialization_withlog2,testJsonInMixedQuotesDeserialization_withlog0,testJsonInMixedQuotesDeserialization_withlog1,testJsonInMixedQuotesDeserialization_withlog2,testBagOfPrimitivesDeserialization_withlog0,testBagOfPrimitivesDeserialization_withlog1,testBagOfPrimitivesDeserialization_withlog2,testNullPrimitiveFieldsDeserialization_withlog0,testNullPrimitiveFieldsDeserialization_withlog1,testNullPrimitiveFieldsDeserialization_withlog2,testPrimitiveArrayFieldSerialization_withlog0,testPrimitiveArrayFieldSerialization_withlog1,testPrimitiveArrayFieldSerialization_withlog2,testJsonInSingleQuotesDeserialization_withlog0,testJsonInSingleQuotesDeserialization_withlog1,testJsonInSingleQuotesDeserialization_withlog2,testPrivateNoArgConstructorDeserialization_withlog0,testPrivateNoArgConstructorDeserialization_withlog1,testPrivateNoArgConstructorDeserialization_withlog2,testClassWithNoFieldsSerialization_withlog0,testClassWithNoFieldsSerialization_withlog1,testClassWithNoFieldsSerialization_withlog2,testClassWithTransientFieldsSerialization_withlog0,testClassWithTransientFieldsSerialization_withlog1,testClassWithTransientFieldsSerialization_withlog2,testNullSerialization_withlog0,testNullSerialization_withlog1,testNullSerialization_withlog2,testNullObjectFieldsDeserialization_withlog0,testNullObjectFieldsDeserialization_withlog1,testNullObjectFieldsDeserialization_withlog2,testDateAsMapObjectField_withlog0(com.google.gson.functional.ObjectTest): null,testDateAsMapObjectField_withlog1(com.google.gson.functional.ObjectTest): null,testDateAsMapObjectField_withlog2(com.google.gson.functional.ObjectTest): null
[WARNING] Some instrumented test failed!
[INFO] Generating assertions...
[INFO] 38 new tests with assertions generated
[INFO] Run: java -classpath /tmp/icst-2019/september-2018/dataset/gson_parent/gson/target/test-classes:/tmp/icst-2019/september-2018/dataset/gson_parent/gson/target/classes/:/home/spirals/danglot/.m2/repository/junit/junit/4.12/junit-4.12.jar:/home/spirals/danglot/.m2/repository/junit/junit/3.8.2/junit-3.8.2.jar:/tmp/icst-2019/september-2018/dataset/gson_parent/gson/target/dspot/dependencies/:/home/spirals/danglot/.m2/repository/eu/stamp-project/test-runner/1.1.0/test-runner-1.1.0-jar-with-dependencies.jar eu.stamp_project.testrunner.runner.test.TestRunner com.google.gson.functional.ObjectTest testSingletonLists:testInnerClassSerialization:testNullArraysDeserialization:testArrayOfArraysDeserialization:testNullPrimitiveFieldsDeserialization:testStringFieldWithEmptyValueSerialization:testObjectFieldNamesWithoutQuotesDeserialization:testClassWithObjectFieldSerialization:testArrayOfArraysSerialization:testClassWithTransientFieldsSerialization:testClassWithNoFieldsSerialization:testStringFieldWithNumberValueDeserialization:testAnonymousLocalClassesCustomSerialization:testBagOfPrimitiveWrappersDeserialization:testEmptyCollectionInAnObjectSerialization:testPrimitiveArrayFieldSerialization:testArrayOfObjectsAsFields:testBagOfPrimitiveWrappersSerialization:testJsonObjectSerialization:testClassWithTransientFieldsDeserialization:testNullObjectFieldsDeserialization:testBagOfPrimitivesSerialization:testNestedDeserialization:testNullFieldsSerialization:testClassWithNoFieldsDeserialization:testJsonInMixedQuotesDeserialization:testArrayOfObjectsDeserialization:testInnerClassDeserialization:testClassWithTransientFieldsDeserializationTransientFieldsPassedInJsonAreIgnored:testNullFieldsDeserialization:testPrimitiveArrayInAnObjectDeserialization:testStringFieldWithEmptyValueDeserialization:testEmptyCollectionInAnObjectDeserialization:testBagOfPrimitivesDeserialization:testArrayOfObjectsSerialization:testJsonInSingleQuotesDeserialization:testNestedSerialization:testNullSerialization
File saved to the following path: /tmp/icst-2019/september-2018/dataset/gson_parent/gson/target/dspot/TestListener.ser
Loading /tmp/icst-2019/september-2018/dataset/gson_parent/gson/target/dspot/TestListener.ser
[INFO] Test has been run: testClassWithTransientFieldsSerialization,testSingletonLists,testPrimitiveArrayInAnObjectDeserialization,testStringFieldWithEmptyValueDeserialization,testArrayOfArraysSerialization,testClassWithTransientFieldsDeserializationTransientFieldsPassedInJsonAreIgnored,testArrayOfObjectsDeserialization,testClassWithObjectFieldSerialization,testNullPrimitiveFieldsDeserialization,testStringFieldWithEmptyValueSerialization,testJsonObjectSerialization,testBagOfPrimitiveWrappersDeserialization,testInnerClassSerialization,testBagOfPrimitivesDeserialization,testNullSerialization,testArrayOfObjectsAsFields,testNullArraysDeserialization,testClassWithTransientFieldsDeserialization,testAnonymousLocalClassesCustomSerialization,testArrayOfObjectsSerialization,testJsonInMixedQuotesDeserialization,testPrimitiveArrayFieldSerialization,testNestedSerialization,testClassWithNoFieldsSerialization,testObjectFieldNamesWithoutQuotesDeserialization,testEmptyCollectionInAnObjectSerialization,testStringFieldWithNumberValueDeserialization,testJsonInSingleQuotesDeserialization,testClassWithNoFieldsDeserialization,testNullFieldsSerialization,testArrayOfArraysDeserialization,testBagOfPrimitiveWrappersSerialization,testNullFieldsDeserialization,testBagOfPrimitivesSerialization,testEmptyCollectionInAnObjectDeserialization,testNullObjectFieldsDeserialization,testNestedDeserialization,testInnerClassDeserialization
[INFO] Assertion amplification: 38 test method(s) has been successfully amplified.
[WARN] 2018-10-10 12:51:53 Launcher - You specified the directory /tmp/icst-2019/september-2018/dataset/gson/gson/target/classes in source classpath, please note that only class files will be considered. Jars and subdirectories will be ignored.
[WARN] 2018-10-10 12:51:53 Launcher - You specified the directory /tmp/icst-2019/september-2018/dataset/gson/gson/target/test-classes in source classpath, please note that only class files will be considered. Jars and subdirectories will be ignored.
[WARN] 2018-10-10 12:51:53 Launcher - You specified the directory /tmp/icst-2019/september-2018/dataset/gson/gson/target/dspot/dependencies in source classpath, please note that only class files will be considered. Jars and subdirectories will be ignored.
[INFO] Run: java -classpath /tmp/icst-2019/september-2018/dataset/gson/gson/target/classes/:/tmp/icst-2019/september-2018/dataset/gson/gson/target/test-classes/:/home/spirals/danglot/.m2/repository/junit/junit/4.12/junit-4.12.jar:/home/spirals/danglot/.m2/repository/junit/junit/3.8.2/junit-3.8.2.jar:/tmp/icst-2019/september-2018/dataset/gson/gson/target/dspot/dependencies/:/home/spirals/danglot/.m2/repository/eu/stamp-project/test-runner/1.1.0/test-runner-1.1.0-jar-with-dependencies.jar eu.stamp_project.testrunner.runner.test.TestRunner com.google.gson.functional.ObjectTest testSingletonLists:testInnerClassSerialization:testNullArraysDeserialization:testArrayOfArraysDeserialization:testNullPrimitiveFieldsDeserialization:testStringFieldWithEmptyValueSerialization:testObjectFieldNamesWithoutQuotesDeserialization:testClassWithObjectFieldSerialization:testArrayOfArraysSerialization:testClassWithTransientFieldsSerialization:testClassWithNoFieldsSerialization:testStringFieldWithNumberValueDeserialization:testAnonymousLocalClassesCustomSerialization:testBagOfPrimitiveWrappersDeserialization:testEmptyCollectionInAnObjectSerialization:testPrimitiveArrayFieldSerialization:testArrayOfObjectsAsFields:testBagOfPrimitiveWrappersSerialization:testJsonObjectSerialization:testClassWithTransientFieldsDeserialization:testNullObjectFieldsDeserialization:testBagOfPrimitivesSerialization:testNestedDeserialization:testNullFieldsSerialization:testClassWithNoFieldsDeserialization:testJsonInMixedQuotesDeserialization:testArrayOfObjectsDeserialization:testInnerClassDeserialization:testClassWithTransientFieldsDeserializationTransientFieldsPassedInJsonAreIgnored:testNullFieldsDeserialization:testPrimitiveArrayInAnObjectDeserialization:testStringFieldWithEmptyValueDeserialization:testEmptyCollectionInAnObjectDeserialization:testBagOfPrimitivesDeserialization:testArrayOfObjectsSerialization:testJsonInSingleQuotesDeserialization:testNestedSerialization:testNullSerialization
File saved to the following path: /tmp/icst-2019/september-2018/dataset/gson_parent/gson/target/dspot/TestListener.ser
Loading /tmp/icst-2019/september-2018/dataset/gson_parent/gson/target/dspot/TestListener.ser
[INFO] Test has been run: testClassWithTransientFieldsSerialization,testSingletonLists,testPrimitiveArrayInAnObjectDeserialization,testStringFieldWithEmptyValueDeserialization,testArrayOfArraysSerialization,testClassWithTransientFieldsDeserializationTransientFieldsPassedInJsonAreIgnored,testArrayOfObjectsDeserialization,testClassWithObjectFieldSerialization,testNullPrimitiveFieldsDeserialization,testStringFieldWithEmptyValueSerialization,testJsonObjectSerialization,testBagOfPrimitiveWrappersDeserialization,testInnerClassSerialization,testBagOfPrimitivesDeserialization,testNullSerialization,testArrayOfObjectsAsFields,testNullArraysDeserialization,testClassWithTransientFieldsDeserialization,testAnonymousLocalClassesCustomSerialization,testArrayOfObjectsSerialization,testJsonInMixedQuotesDeserialization,testPrimitiveArrayFieldSerialization,testNestedSerialization,testClassWithNoFieldsSerialization,testObjectFieldNamesWithoutQuotesDeserialization,testEmptyCollectionInAnObjectSerialization,testStringFieldWithNumberValueDeserialization,testJsonInSingleQuotesDeserialization,testClassWithNoFieldsDeserialization,testNullFieldsSerialization,testArrayOfArraysDeserialization,testBagOfPrimitiveWrappersSerialization,testNullFieldsDeserialization,testBagOfPrimitivesSerialization,testEmptyCollectionInAnObjectDeserialization,testNullObjectFieldsDeserialization,testNestedDeserialization,testInnerClassDeserialization
[INFO] 0 amplified test methods has been selected to be kept. (global: 0)
[INFO] elapsedTime 9409
======= REPORT =======
0 amplified test fails on the new versions.

[WARNING] DSpot could not obtain any amplified test method.
[WARNING] You can customize the following options: --amplifiers, --test-criterion, --iteration, --budgetizer etc, and retry with a new configuration.
[INFO] Amplification of com.google.gson.functional.DefaultTypeAdaptersTest (29 test(s))
[INFO] Assertion amplification of com.google.gson.functional.DefaultTypeAdaptersTest (29 test(s))
[INFO] Run: java -classpath /tmp/icst-2019/september-2018/dataset/gson_parent/gson/target/test-classes:/tmp/icst-2019/september-2018/dataset/gson_parent/gson/target/classes/:/home/spirals/danglot/.m2/repository/junit/junit/4.12/junit-4.12.jar:/home/spirals/danglot/.m2/repository/junit/junit/3.8.2/junit-3.8.2.jar:/tmp/icst-2019/september-2018/dataset/gson_parent/gson/target/dspot/dependencies/:/home/spirals/danglot/.m2/repository/eu/stamp-project/test-runner/1.1.0/test-runner-1.1.0-jar-with-dependencies.jar eu.stamp_project.testrunner.runner.test.TestRunner com.google.gson.functional.DefaultTypeAdaptersTest testJsonObjectSerialization:testClassSerialization:testOverrideBigDecimalTypeAdapter:testBadValueForBigDecimalDeserialization:testDateSerializationInCollection:testNullSerialization:testBitSetDeserialization:testDateSerializationWithPattern:testUrlNullSerialization:testBigDecimalFieldSerialization:testBitSetSerialization:testUrlNullDeserialization:testBigIntegerFieldDeserialization:testDateDeserializationWithPattern:testDefaultCalendarSerialization:testTimestampSerialization:testOverrideBigIntegerTypeAdapter:testDefaultGregorianCalendarDeserialization:testClassDeserialization:testDefaultDateSerializationUsingBuilder:testDefaultGregorianCalendarSerialization:testDefaultCalendarDeserialization:testBigIntegerFieldSerialization:testSetSerialization:testDefaultDateDeserializationUsingBuilder:testBigDecimalFieldDeserialization:testSqlDateSerialization:testDateSerializationWithPatternNotOverridenByTypeAdapter:testSetSerialization
File saved to the following path: /tmp/icst-2019/september-2018/dataset/gson_parent/gson/target/dspot/TestListener.ser
Loading /tmp/icst-2019/september-2018/dataset/gson_parent/gson/target/dspot/TestListener.ser
[INFO] Test has been run: testSqlDateSerialization,testBigIntegerFieldDeserialization,testBadValueForBigDecimalDeserialization,testDateSerializationInCollection,testTimestampSerialization,testUrlNullDeserialization,testJsonObjectSerialization,testNullSerialization,testDefaultDateSerializationUsingBuilder,testBitSetSerialization,testBigDecimalFieldDeserialization,testDefaultGregorianCalendarSerialization,testBigDecimalFieldSerialization,testOverrideBigIntegerTypeAdapter,testDefaultCalendarSerialization,testBitSetDeserialization,testOverrideBigDecimalTypeAdapter,testClassDeserialization,testDateSerializationWithPattern,testSetSerialization,testUrlNullSerialization,testDateDeserializationWithPattern,testDefaultDateDeserializationUsingBuilder,testClassSerialization,testBigIntegerFieldSerialization,testDefaultCalendarDeserialization,testDefaultGregorianCalendarDeserialization,testDateSerializationWithPatternNotOverridenByTypeAdapter
[INFO] Run tests. (29)
[INFO] Run: java -classpath /tmp/icst-2019/september-2018/dataset/gson_parent/gson/target/test-classes:/tmp/icst-2019/september-2018/dataset/gson_parent/gson/target/classes/:/home/spirals/danglot/.m2/repository/junit/junit/4.12/junit-4.12.jar:/home/spirals/danglot/.m2/repository/junit/junit/3.8.2/junit-3.8.2.jar:/tmp/icst-2019/september-2018/dataset/gson_parent/gson/target/dspot/dependencies/:/home/spirals/danglot/.m2/repository/eu/stamp-project/test-runner/1.1.0/test-runner-1.1.0-jar-with-dependencies.jar eu.stamp_project.testrunner.runner.test.TestRunner com.google.gson.functional.DefaultTypeAdaptersTest testJsonObjectSerialization:testClassSerialization:testOverrideBigDecimalTypeAdapter:testBadValueForBigDecimalDeserialization:testDateSerializationInCollection:testNullSerialization:testBitSetDeserialization:testDateSerializationWithPattern:testUrlNullSerialization:testBigDecimalFieldSerialization:testBitSetSerialization:testUrlNullDeserialization:testBigIntegerFieldDeserialization:testDateDeserializationWithPattern:testDefaultCalendarSerialization:testTimestampSerialization:testOverrideBigIntegerTypeAdapter:testDefaultGregorianCalendarDeserialization:testClassDeserialization:testDefaultDateSerializationUsingBuilder:testDefaultGregorianCalendarSerialization:testDefaultCalendarDeserialization:testBigIntegerFieldSerialization:testSetSerialization:testDefaultDateDeserializationUsingBuilder:testBigDecimalFieldDeserialization:testSqlDateSerialization:testDateSerializationWithPatternNotOverridenByTypeAdapter:testSetSerialization
File saved to the following path: /tmp/icst-2019/september-2018/dataset/gson_parent/gson/target/dspot/TestListener.ser
Loading /tmp/icst-2019/september-2018/dataset/gson_parent/gson/target/dspot/TestListener.ser
[INFO] Test has been run: testSqlDateSerialization,testBigIntegerFieldDeserialization,testBadValueForBigDecimalDeserialization,testDateSerializationInCollection,testTimestampSerialization,testUrlNullDeserialization,testJsonObjectSerialization,testNullSerialization,testDefaultDateSerializationUsingBuilder,testBitSetSerialization,testBigDecimalFieldDeserialization,testDefaultGregorianCalendarSerialization,testBigDecimalFieldSerialization,testOverrideBigIntegerTypeAdapter,testDefaultCalendarSerialization,testBitSetDeserialization,testOverrideBigDecimalTypeAdapter,testClassDeserialization,testDateSerializationWithPattern,testSetSerialization,testUrlNullSerialization,testDateDeserializationWithPattern,testDefaultDateDeserializationUsingBuilder,testClassSerialization,testBigIntegerFieldSerialization,testDefaultCalendarDeserialization,testDefaultGregorianCalendarDeserialization,testDateSerializationWithPatternNotOverridenByTypeAdapter
[INFO] 28 test pass, generating assertion...
[INFO] Add observations points in passing tests.
[INFO] Instrumentation...
  3% |= ]/  6% |=== ]- 10% |===== ]\ 13% |====== ]| 17% |======== ]/ 20% |========== ]- 24% |============ ]\ 27% |============= ]| 31% |=============== ]/ 34% |================= ]- 37% |================== ]\ 41% |==================== ]| 44% |====================== ]/ 48% |======================== ]- 51% |========================= ]\ 55% |=========================== ]| 58% |============================= ]/ 62% |=============================== ]- 65% |================================ ]\ 68% |================================== ]| 72% |==================================== ]/ 75% |===================================== ]- 79% |======================================= ]\ 82% |========================================= ]| 86% |=========================================== ]/ 89% |============================================ ]- 93% |============================================== ]\ 96% |================================================ ]| 82% |================================================ ]|[INFO] Run instrumented tests. (87)
[INFO] Run: java -classpath /tmp/icst-2019/september-2018/dataset/gson_parent/gson/target/test-classes:/tmp/icst-2019/september-2018/dataset/gson_parent/gson/target/classes/:/home/spirals/danglot/.m2/repository/junit/junit/4.12/junit-4.12.jar:/home/spirals/danglot/.m2/repository/junit/junit/3.8.2/junit-3.8.2.jar:/tmp/icst-2019/september-2018/dataset/gson_parent/gson/target/dspot/dependencies/:/home/spirals/danglot/.m2/repository/eu/stamp-project/test-runner/1.1.0/test-runner-1.1.0-jar-with-dependencies.jar eu.stamp_project.testrunner.runner.test.TestRunner com.google.gson.functional.DefaultTypeAdaptersTest testJsonObjectSerialization_withlog0:testClassSerialization_withlog0:testOverrideBigDecimalTypeAdapter_withlog0:testBadValueForBigDecimalDeserialization_withlog0:testDateSerializationInCollection_withlog0:testNullSerialization_withlog0:testBitSetDeserialization_withlog0:testDateSerializationWithPattern_withlog0:testUrlNullSerialization_withlog0:testBigDecimalFieldSerialization_withlog0:testBitSetSerialization_withlog0:testUrlNullDeserialization_withlog0:testBigIntegerFieldDeserialization_withlog0:testDateDeserializationWithPattern_withlog0:testDefaultCalendarSerialization_withlog0:testTimestampSerialization_withlog0:testOverrideBigIntegerTypeAdapter_withlog0:testDefaultGregorianCalendarDeserialization_withlog0:testClassDeserialization_withlog0:testDefaultDateSerializationUsingBuilder_withlog0:testDefaultGregorianCalendarSerialization_withlog0:testDefaultCalendarDeserialization_withlog0:testBigIntegerFieldSerialization_withlog0:testSetSerialization_withlog0:testDefaultDateDeserializationUsingBuilder_withlog0:testBigDecimalFieldDeserialization_withlog0:testSqlDateSerialization_withlog0:testDateSerializationWithPatternNotOverridenByTypeAdapter_withlog0:testSetSerialization_withlog0:testJsonObjectSerialization_withlog1:testClassSerialization_withlog1:testOverrideBigDecimalTypeAdapter_withlog1:testBadValueForBigDecimalDeserialization_withlog1:testDateSerializationInCollection_withlog1:testNullSerialization_withlog1:testBitSetDeserialization_withlog1:testDateSerializationWithPattern_withlog1:testUrlNullSerialization_withlog1:testBigDecimalFieldSerialization_withlog1:testBitSetSerialization_withlog1:testUrlNullDeserialization_withlog1:testBigIntegerFieldDeserialization_withlog1:testDateDeserializationWithPattern_withlog1:testDefaultCalendarSerialization_withlog1:testTimestampSerialization_withlog1:testOverrideBigIntegerTypeAdapter_withlog1:testDefaultGregorianCalendarDeserialization_withlog1:testClassDeserialization_withlog1:testDefaultDateSerializationUsingBuilder_withlog1:testDefaultGregorianCalendarSerialization_withlog1:testDefaultCalendarDeserialization_withlog1:testBigIntegerFieldSerialization_withlog1:testSetSerialization_withlog1:testDefaultDateDeserializationUsingBuilder_withlog1:testBigDecimalFieldDeserialization_withlog1:testSqlDateSerialization_withlog1:testDateSerializationWithPatternNotOverridenByTypeAdapter_withlog1:testSetSerialization_withlog1:testJsonObjectSerialization_withlog2:testClassSerialization_withlog2:testOverrideBigDecimalTypeAdapter_withlog2:testBadValueForBigDecimalDeserialization_withlog2:testDateSerializationInCollection_withlog2:testNullSerialization_withlog2:testBitSetDeserialization_withlog2:testDateSerializationWithPattern_withlog2:testUrlNullSerialization_withlog2:testBigDecimalFieldSerialization_withlog2:testBitSetSerialization_withlog2:testUrlNullDeserialization_withlog2:testBigIntegerFieldDeserialization_withlog2:testDateDeserializationWithPattern_withlog2:testDefaultCalendarSerialization_withlog2:testTimestampSerialization_withlog2:testOverrideBigIntegerTypeAdapter_withlog2:testDefaultGregorianCalendarDeserialization_withlog2:testClassDeserialization_withlog2:testDefaultDateSerializationUsingBuilder_withlog2:testDefaultGregorianCalendarSerialization_withlog2:testDefaultCalendarDeserialization_withlog2:testBigIntegerFieldSerialization_withlog2:testSetSerialization_withlog2:testDefaultDateDeserializationUsingBuilder_withlog2:testBigDecimalFieldDeserialization_withlog2:testSqlDateSerialization_withlog2:testDateSerializationWithPatternNotOverridenByTypeAdapter_withlog2:testSetSerialization_withlog2
File saved to the following path: /tmp/icst-2019/september-2018/dataset/gson_parent/gson/target/dspot/observations.ser
File saved to the following path: /tmp/icst-2019/september-2018/dataset/gson_parent/gson/target/dspot/TestListener.ser
Loading /tmp/icst-2019/september-2018/dataset/gson_parent/gson/target/dspot/TestListener.ser
[INFO] Test has been run: testBitSetDeserialization_withlog0,testBitSetDeserialization_withlog1,testBitSetDeserialization_withlog2,testOverrideBigDecimalTypeAdapter_withlog0,testOverrideBigDecimalTypeAdapter_withlog1,testOverrideBigDecimalTypeAdapter_withlog2,testDefaultCalendarDeserialization_withlog0,testDefaultCalendarDeserialization_withlog1,testDefaultCalendarDeserialization_withlog2,testDateSerializationWithPattern_withlog0,testDateSerializationWithPattern_withlog1,testDateSerializationWithPattern_withlog2,testDateSerializationInCollection_withlog0,testDateSerializationInCollection_withlog1,testDateSerializationInCollection_withlog2,testBadValueForBigDecimalDeserialization_withlog0,testBadValueForBigDecimalDeserialization_withlog1,testBadValueForBigDecimalDeserialization_withlog2,testDefaultGregorianCalendarDeserialization_withlog0,testDefaultGregorianCalendarDeserialization_withlog1,testDefaultGregorianCalendarDeserialization_withlog2,testDateDeserializationWithPattern_withlog0,testDateDeserializationWithPattern_withlog1,testDateDeserializationWithPattern_withlog2,testBigIntegerFieldSerialization_withlog0,testBigIntegerFieldSerialization_withlog1,testBigIntegerFieldSerialization_withlog2,testUrlNullDeserialization_withlog0,testUrlNullDeserialization_withlog1,testUrlNullDeserialization_withlog2,testJsonObjectSerialization_withlog0,testJsonObjectSerialization_withlog1,testJsonObjectSerialization_withlog2,testDateSerializationWithPatternNotOverridenByTypeAdapter_withlog0,testDateSerializationWithPatternNotOverridenByTypeAdapter_withlog1,testDateSerializationWithPatternNotOverridenByTypeAdapter_withlog2,testClassDeserialization_withlog0,testClassDeserialization_withlog1,testClassDeserialization_withlog2,testDefaultDateSerializationUsingBuilder_withlog0,testDefaultDateSerializationUsingBuilder_withlog1,testDefaultDateSerializationUsingBuilder_withlog2,testClassSerialization_withlog0,testClassSerialization_withlog1,testClassSerialization_withlog2,testBigDecimalFieldDeserialization_withlog0,testBigDecimalFieldDeserialization_withlog1,testBigDecimalFieldDeserialization_withlog2,testDefaultGregorianCalendarSerialization_withlog0,testDefaultGregorianCalendarSerialization_withlog1,testDefaultGregorianCalendarSerialization_withlog2,testTimestampSerialization_withlog0,testTimestampSerialization_withlog1,testTimestampSerialization_withlog2,testDefaultCalendarSerialization_withlog0,testDefaultCalendarSerialization_withlog1,testDefaultCalendarSerialization_withlog2,testBigDecimalFieldSerialization_withlog0,testBigDecimalFieldSerialization_withlog1,testBigDecimalFieldSerialization_withlog2,testOverrideBigIntegerTypeAdapter_withlog0,testOverrideBigIntegerTypeAdapter_withlog1,testOverrideBigIntegerTypeAdapter_withlog2,testUrlNullSerialization_withlog0,testUrlNullSerialization_withlog1,testUrlNullSerialization_withlog2,testSetSerialization_withlog0,testSetSerialization_withlog1,testSetSerialization_withlog2,testBigIntegerFieldDeserialization_withlog0,testBigIntegerFieldDeserialization_withlog1,testBigIntegerFieldDeserialization_withlog2,testDefaultDateDeserializationUsingBuilder_withlog0,testDefaultDateDeserializationUsingBuilder_withlog1,testDefaultDateDeserializationUsingBuilder_withlog2,testBitSetSerialization_withlog0,testBitSetSerialization_withlog1,testBitSetSerialization_withlog2,testNullSerialization_withlog0,testNullSerialization_withlog1,testNullSerialization_withlog2,testSqlDateSerialization_withlog0,testSqlDateSerialization_withlog1,testSqlDateSerialization_withlog2
[INFO] Generating assertions...
[INFO] 26 new tests with assertions generated
[INFO] Run: java -classpath /tmp/icst-2019/september-2018/dataset/gson_parent/gson/target/test-classes:/tmp/icst-2019/september-2018/dataset/gson_parent/gson/target/classes/:/home/spirals/danglot/.m2/repository/junit/junit/4.12/junit-4.12.jar:/home/spirals/danglot/.m2/repository/junit/junit/3.8.2/junit-3.8.2.jar:/tmp/icst-2019/september-2018/dataset/gson_parent/gson/target/dspot/dependencies/:/home/spirals/danglot/.m2/repository/eu/stamp-project/test-runner/1.1.0/test-runner-1.1.0-jar-with-dependencies.jar eu.stamp_project.testrunner.runner.test.TestRunner com.google.gson.functional.DefaultTypeAdaptersTest testJsonObjectSerialization:testClassSerialization:testOverrideBigDecimalTypeAdapter:testDateSerializationInCollection:testBitSetDeserialization:testDateSerializationWithPattern:testUrlNullSerialization:testBigDecimalFieldSerialization:testBitSetSerialization:testUrlNullDeserialization:testBigIntegerFieldDeserialization:testDateDeserializationWithPattern:testDefaultCalendarSerialization:testTimestampSerialization:testOverrideBigIntegerTypeAdapter:testDefaultGregorianCalendarDeserialization:testDefaultDateSerializationUsingBuilder:testDefaultGregorianCalendarSerialization:testDefaultCalendarDeserialization:testBigIntegerFieldSerialization:testSetSerialization:testDefaultDateDeserializationUsingBuilder:testBigDecimalFieldDeserialization:testSqlDateSerialization:testDateSerializationWithPatternNotOverridenByTypeAdapter:testSetSerialization
File saved to the following path: /tmp/icst-2019/september-2018/dataset/gson_parent/gson/target/dspot/TestListener.ser
Loading /tmp/icst-2019/september-2018/dataset/gson_parent/gson/target/dspot/TestListener.ser
[INFO] Test has been run: testSqlDateSerialization,testBigIntegerFieldDeserialization,testDateSerializationInCollection,testTimestampSerialization,testUrlNullDeserialization,testJsonObjectSerialization,testDefaultDateSerializationUsingBuilder,testBitSetSerialization,testBigDecimalFieldDeserialization,testBigDecimalFieldSerialization,testOverrideBigIntegerTypeAdapter,testBitSetDeserialization,testOverrideBigDecimalTypeAdapter,testDateSerializationWithPattern,testSetSerialization,testUrlNullSerialization,testDateDeserializationWithPattern,testDefaultDateDeserializationUsingBuilder,testClassSerialization,testBigIntegerFieldSerialization,testDefaultCalendarDeserialization,testDefaultGregorianCalendarDeserialization,testDateSerializationWithPatternNotOverridenByTypeAdapter,testDefaultGregorianCalendarSerialization(com.google.gson.functional.DefaultTypeAdaptersTest): expected:<...minute":52,"second":[0]}> but was:<...minute":52,"second":[2]}>,testDefaultCalendarSerialization(com.google.gson.functional.DefaultTypeAdaptersTest): expected:<...minute":52,"second":[0]}> but was:<...minute":52,"second":[2]}>
[INFO] Assertion amplification: 24 test method(s) has been successfully amplified.
[WARN] 2018-10-10 12:52:03 Launcher - You specified the directory /tmp/icst-2019/september-2018/dataset/gson/gson/target/classes in source classpath, please note that only class files will be considered. Jars and subdirectories will be ignored.
[WARN] 2018-10-10 12:52:03 Launcher - You specified the directory /tmp/icst-2019/september-2018/dataset/gson/gson/target/test-classes in source classpath, please note that only class files will be considered. Jars and subdirectories will be ignored.
[WARN] 2018-10-10 12:52:03 Launcher - You specified the directory /tmp/icst-2019/september-2018/dataset/gson/gson/target/dspot/dependencies in source classpath, please note that only class files will be considered. Jars and subdirectories will be ignored.
[INFO] Run: java -classpath /tmp/icst-2019/september-2018/dataset/gson/gson/target/classes/:/tmp/icst-2019/september-2018/dataset/gson/gson/target/test-classes/:/home/spirals/danglot/.m2/repository/junit/junit/4.12/junit-4.12.jar:/home/spirals/danglot/.m2/repository/junit/junit/3.8.2/junit-3.8.2.jar:/tmp/icst-2019/september-2018/dataset/gson/gson/target/dspot/dependencies/:/home/spirals/danglot/.m2/repository/eu/stamp-project/test-runner/1.1.0/test-runner-1.1.0-jar-with-dependencies.jar eu.stamp_project.testrunner.runner.test.TestRunner com.google.gson.functional.DefaultTypeAdaptersTest testJsonObjectSerialization:testClassSerialization:testOverrideBigDecimalTypeAdapter:testDateSerializationInCollection:testBitSetDeserialization:testDateSerializationWithPattern:testUrlNullSerialization:testBigDecimalFieldSerialization:testBitSetSerialization:testUrlNullDeserialization:testBigIntegerFieldDeserialization:testDateDeserializationWithPattern:testTimestampSerialization:testOverrideBigIntegerTypeAdapter:testDefaultGregorianCalendarDeserialization:testDefaultDateSerializationUsingBuilder:testDefaultCalendarDeserialization:testBigIntegerFieldSerialization:testSetSerialization:testDefaultDateDeserializationUsingBuilder:testBigDecimalFieldDeserialization:testSqlDateSerialization:testDateSerializationWithPatternNotOverridenByTypeAdapter:testSetSerialization
File saved to the following path: /tmp/icst-2019/september-2018/dataset/gson_parent/gson/target/dspot/TestListener.ser
Loading /tmp/icst-2019/september-2018/dataset/gson_parent/gson/target/dspot/TestListener.ser
[INFO] Test has been run: testSqlDateSerialization,testBigIntegerFieldDeserialization,testDateSerializationInCollection,testTimestampSerialization,testUrlNullDeserialization,testJsonObjectSerialization,testDefaultDateSerializationUsingBuilder,testBitSetSerialization,testBigDecimalFieldDeserialization,testBigDecimalFieldSerialization,testOverrideBigIntegerTypeAdapter,testBitSetDeserialization,testOverrideBigDecimalTypeAdapter,testDateSerializationWithPattern,testSetSerialization,testUrlNullSerialization,testDateDeserializationWithPattern,testDefaultDateDeserializationUsingBuilder,testClassSerialization,testBigIntegerFieldSerialization,testDefaultCalendarDeserialization,testDefaultGregorianCalendarDeserialization,testDateSerializationWithPatternNotOverridenByTypeAdapter
[INFO] 0 amplified test methods has been selected to be kept. (global: 0)
[INFO] elapsedTime 8080
======= REPORT =======
0 amplified test fails on the new versions.

[WARNING] DSpot could not obtain any amplified test method.
[WARNING] You can customize the following options: --amplifiers, --test-criterion, --iteration, --budgetizer etc, and retry with a new configuration.
[INFO] Amplification of com.google.gson.functional.ParameterizedTypesTest (17 test(s))
[INFO] Assertion amplification of com.google.gson.functional.ParameterizedTypesTest (17 test(s))
[ERROR] Error(s) during compilation:
[ERROR] Pb(232) Syntax error on token "<", delete this token
[ERROR] Pb(232) Syntax error on token "<", delete this token
[INFO] Run: java -classpath /tmp/icst-2019/september-2018/dataset/gson_parent/gson/target/test-classes:/tmp/icst-2019/september-2018/dataset/gson_parent/gson/target/classes/:/home/spirals/danglot/.m2/repository/junit/junit/4.12/junit-4.12.jar:/home/spirals/danglot/.m2/repository/junit/junit/3.8.2/junit-3.8.2.jar:/tmp/icst-2019/september-2018/dataset/gson_parent/gson/target/dspot/dependencies/:/home/spirals/danglot/.m2/repository/eu/stamp-project/test-runner/1.1.0/test-runner-1.1.0-jar-with-dependencies.jar eu.stamp_project.testrunner.runner.test.TestRunner com.google.gson.functional.ParameterizedTypesTest testParameterizedTypeWithReaderDeserialization:testVariableTypeFieldsAndGenericArraysSerialization:testTypesWithMultipleParametersSerialization:testParameterizedTypeGenericArraysSerialization:testParameterizedTypeWithVariableTypeDeserialization:testVariableTypeArrayDeserialization:testParameterizedTypeDeserialization:testParameterizedTypeGenericArraysDeserialization:testVariableTypeDeserialization:testVariableTypeFieldsAndGenericArraysDeserialization:testDeepParameterizedTypeDeserialization:testParameterizedTypesWithWriterSerialization:testDeepParameterizedTypeSerialization:testParameterizedTypesSerialization:testTypesWithMultipleParametersDeserialization
File saved to the following path: /tmp/icst-2019/september-2018/dataset/gson_parent/gson/target/dspot/TestListener.ser
Loading /tmp/icst-2019/september-2018/dataset/gson_parent/gson/target/dspot/TestListener.ser
[INFO] Test has been run: testVariableTypeArrayDeserialization,testDeepParameterizedTypeDeserialization,testVariableTypeFieldsAndGenericArraysSerialization,testVariableTypeDeserialization,testParameterizedTypeGenericArraysSerialization,testDeepParameterizedTypeSerialization,testTypesWithMultipleParametersSerialization,testParameterizedTypeWithReaderDeserialization,testVariableTypeFieldsAndGenericArraysDeserialization,testParameterizedTypeGenericArraysDeserialization,testParameterizedTypeWithVariableTypeDeserialization,testParameterizedTypeDeserialization,testParameterizedTypesSerialization,testTypesWithMultipleParametersDeserialization,testParameterizedTypesWithWriterSerialization
[INFO] Run tests. (15)
[ERROR] Error(s) during compilation:
[ERROR] Pb(232) Syntax error on token "<", delete this token
[ERROR] Pb(232) Syntax error on token "<", delete this token
[INFO] Run: java -classpath /tmp/icst-2019/september-2018/dataset/gson_parent/gson/target/test-classes:/tmp/icst-2019/september-2018/dataset/gson_parent/gson/target/classes/:/home/spirals/danglot/.m2/repository/junit/junit/4.12/junit-4.12.jar:/home/spirals/danglot/.m2/repository/junit/junit/3.8.2/junit-3.8.2.jar:/tmp/icst-2019/september-2018/dataset/gson_parent/gson/target/dspot/dependencies/:/home/spirals/danglot/.m2/repository/eu/stamp-project/test-runner/1.1.0/test-runner-1.1.0-jar-with-dependencies.jar eu.stamp_project.testrunner.runner.test.TestRunner com.google.gson.functional.ParameterizedTypesTest testParameterizedTypeWithReaderDeserialization:testVariableTypeFieldsAndGenericArraysSerialization:testTypesWithMultipleParametersSerialization:testParameterizedTypeGenericArraysSerialization:testParameterizedTypeWithVariableTypeDeserialization:testVariableTypeArrayDeserialization:testParameterizedTypeDeserialization:testParameterizedTypeGenericArraysDeserialization:testVariableTypeDeserialization:testVariableTypeFieldsAndGenericArraysDeserialization:testDeepParameterizedTypeDeserialization:testParameterizedTypesWithWriterSerialization:testDeepParameterizedTypeSerialization:testParameterizedTypesSerialization:testTypesWithMultipleParametersDeserialization
File saved to the following path: /tmp/icst-2019/september-2018/dataset/gson_parent/gson/target/dspot/TestListener.ser
Loading /tmp/icst-2019/september-2018/dataset/gson_parent/gson/target/dspot/TestListener.ser
[INFO] Test has been run: testVariableTypeArrayDeserialization,testDeepParameterizedTypeDeserialization,testVariableTypeFieldsAndGenericArraysSerialization,testVariableTypeDeserialization,testParameterizedTypeGenericArraysSerialization,testDeepParameterizedTypeSerialization,testTypesWithMultipleParametersSerialization,testParameterizedTypeWithReaderDeserialization,testVariableTypeFieldsAndGenericArraysDeserialization,testParameterizedTypeGenericArraysDeserialization,testParameterizedTypeWithVariableTypeDeserialization,testParameterizedTypeDeserialization,testParameterizedTypesSerialization,testTypesWithMultipleParametersDeserialization,testParameterizedTypesWithWriterSerialization
[INFO] 15 test pass, generating assertion...
[INFO] Add observations points in passing tests.
[INFO] Instrumentation...
  6% |================================================ ]/ 13% |================================================ ]- 20% |================================================ ]\ 26% |================================================ ]| 33% |================================================ ]/ 40% |================================================ ]- 46% |================================================ ]\ 53% |================================================ ]| 60% |================================================ ]/ 66% |================================================ ]- 73% |================================================ ]\ 80% |================================================ ]| 86% |================================================ ]/ 93% |================================================ ]-100% |================================================== ]\
[INFO] Run instrumented tests. (45)
[INFO] Run: java -classpath /tmp/icst-2019/september-2018/dataset/gson_parent/gson/target/test-classes:/tmp/icst-2019/september-2018/dataset/gson_parent/gson/target/classes/:/home/spirals/danglot/.m2/repository/junit/junit/4.12/junit-4.12.jar:/home/spirals/danglot/.m2/repository/junit/junit/3.8.2/junit-3.8.2.jar:/tmp/icst-2019/september-2018/dataset/gson_parent/gson/target/dspot/dependencies/:/home/spirals/danglot/.m2/repository/eu/stamp-project/test-runner/1.1.0/test-runner-1.1.0-jar-with-dependencies.jar eu.stamp_project.testrunner.runner.test.TestRunner com.google.gson.functional.ParameterizedTypesTest testParameterizedTypeWithReaderDeserialization_withlog0:testVariableTypeFieldsAndGenericArraysSerialization_withlog0:testTypesWithMultipleParametersSerialization_withlog0:testParameterizedTypeGenericArraysSerialization_withlog0:testParameterizedTypeWithVariableTypeDeserialization_withlog0:testVariableTypeArrayDeserialization_withlog0:testParameterizedTypeDeserialization_withlog0:testParameterizedTypeGenericArraysDeserialization_withlog0:testVariableTypeDeserialization_withlog0:testVariableTypeFieldsAndGenericArraysDeserialization_withlog0:testDeepParameterizedTypeDeserialization_withlog0:testParameterizedTypesWithWriterSerialization_withlog0:testDeepParameterizedTypeSerialization_withlog0:testParameterizedTypesSerialization_withlog0:testTypesWithMultipleParametersDeserialization_withlog0:testParameterizedTypeWithReaderDeserialization_withlog1:testVariableTypeFieldsAndGenericArraysSerialization_withlog1:testTypesWithMultipleParametersSerialization_withlog1:testParameterizedTypeGenericArraysSerialization_withlog1:testParameterizedTypeWithVariableTypeDeserialization_withlog1:testVariableTypeArrayDeserialization_withlog1:testParameterizedTypeDeserialization_withlog1:testParameterizedTypeGenericArraysDeserialization_withlog1:testVariableTypeDeserialization_withlog1:testVariableTypeFieldsAndGenericArraysDeserialization_withlog1:testDeepParameterizedTypeDeserialization_withlog1:testParameterizedTypesWithWriterSerialization_withlog1:testDeepParameterizedTypeSerialization_withlog1:testParameterizedTypesSerialization_withlog1:testTypesWithMultipleParametersDeserialization_withlog1:testParameterizedTypeWithReaderDeserialization_withlog2:testVariableTypeFieldsAndGenericArraysSerialization_withlog2:testTypesWithMultipleParametersSerialization_withlog2:testParameterizedTypeGenericArraysSerialization_withlog2:testParameterizedTypeWithVariableTypeDeserialization_withlog2:testVariableTypeArrayDeserialization_withlog2:testParameterizedTypeDeserialization_withlog2:testParameterizedTypeGenericArraysDeserialization_withlog2:testVariableTypeDeserialization_withlog2:testVariableTypeFieldsAndGenericArraysDeserialization_withlog2:testDeepParameterizedTypeDeserialization_withlog2:testParameterizedTypesWithWriterSerialization_withlog2:testDeepParameterizedTypeSerialization_withlog2:testParameterizedTypesSerialization_withlog2:testTypesWithMultipleParametersDeserialization_withlog2
File saved to the following path: /tmp/icst-2019/september-2018/dataset/gson_parent/gson/target/dspot/observations.ser
File saved to the following path: /tmp/icst-2019/september-2018/dataset/gson_parent/gson/target/dspot/TestListener.ser
Loading /tmp/icst-2019/september-2018/dataset/gson_parent/gson/target/dspot/TestListener.ser
[INFO] Test has been run: testVariableTypeFieldsAndGenericArraysDeserialization_withlog0,testVariableTypeFieldsAndGenericArraysDeserialization_withlog1,testVariableTypeFieldsAndGenericArraysDeserialization_withlog2,testVariableTypeDeserialization_withlog0,testVariableTypeDeserialization_withlog1,testVariableTypeDeserialization_withlog2,testParameterizedTypesSerialization_withlog0,testParameterizedTypesSerialization_withlog1,testParameterizedTypesSerialization_withlog2,testDeepParameterizedTypeDeserialization_withlog0,testDeepParameterizedTypeDeserialization_withlog1,testDeepParameterizedTypeDeserialization_withlog2,testParameterizedTypeWithReaderDeserialization_withlog0,testParameterizedTypeWithReaderDeserialization_withlog1,testParameterizedTypeWithReaderDeserialization_withlog2,testParameterizedTypeDeserialization_withlog0,testParameterizedTypeDeserialization_withlog1,testParameterizedTypeDeserialization_withlog2,testVariableTypeArrayDeserialization_withlog0,testVariableTypeArrayDeserialization_withlog1,testVariableTypeArrayDeserialization_withlog2,testDeepParameterizedTypeSerialization_withlog0,testDeepParameterizedTypeSerialization_withlog1,testDeepParameterizedTypeSerialization_withlog2,testTypesWithMultipleParametersSerialization_withlog0,testTypesWithMultipleParametersSerialization_withlog1,testTypesWithMultipleParametersSerialization_withlog2,testParameterizedTypeGenericArraysDeserialization_withlog0,testParameterizedTypeGenericArraysDeserialization_withlog1,testParameterizedTypeGenericArraysDeserialization_withlog2,testParameterizedTypeGenericArraysSerialization_withlog0,testParameterizedTypeGenericArraysSerialization_withlog1,testParameterizedTypeGenericArraysSerialization_withlog2,testParameterizedTypeWithVariableTypeDeserialization_withlog0,testParameterizedTypeWithVariableTypeDeserialization_withlog1,testParameterizedTypeWithVariableTypeDeserialization_withlog2,testTypesWithMultipleParametersDeserialization_withlog0,testTypesWithMultipleParametersDeserialization_withlog1,testTypesWithMultipleParametersDeserialization_withlog2,testParameterizedTypesWithWriterSerialization_withlog0,testParameterizedTypesWithWriterSerialization_withlog1,testParameterizedTypesWithWriterSerialization_withlog2,testVariableTypeFieldsAndGenericArraysSerialization_withlog0,testVariableTypeFieldsAndGenericArraysSerialization_withlog1,testVariableTypeFieldsAndGenericArraysSerialization_withlog2
[INFO] Generating assertions...
[INFO] 14 new tests with assertions generated
[ERROR] Error(s) during compilation:
[ERROR] Pb(232) Syntax error on token "<", delete this token
[ERROR] Pb(232) Syntax error on token "<", delete this token
[INFO] Run: java -classpath /tmp/icst-2019/september-2018/dataset/gson_parent/gson/target/test-classes:/tmp/icst-2019/september-2018/dataset/gson_parent/gson/target/classes/:/home/spirals/danglot/.m2/repository/junit/junit/4.12/junit-4.12.jar:/home/spirals/danglot/.m2/repository/junit/junit/3.8.2/junit-3.8.2.jar:/tmp/icst-2019/september-2018/dataset/gson_parent/gson/target/dspot/dependencies/:/home/spirals/danglot/.m2/repository/eu/stamp-project/test-runner/1.1.0/test-runner-1.1.0-jar-with-dependencies.jar eu.stamp_project.testrunner.runner.test.TestRunner com.google.gson.functional.ParameterizedTypesTest testParameterizedTypeWithReaderDeserialization:testVariableTypeFieldsAndGenericArraysSerialization:testTypesWithMultipleParametersSerialization:testParameterizedTypeGenericArraysSerialization:testParameterizedTypeWithVariableTypeDeserialization:testVariableTypeArrayDeserialization:testParameterizedTypeDeserialization:testParameterizedTypeGenericArraysDeserialization:testVariableTypeDeserialization:testVariableTypeFieldsAndGenericArraysDeserialization:testDeepParameterizedTypeDeserialization:testDeepParameterizedTypeSerialization:testParameterizedTypesSerialization:testTypesWithMultipleParametersDeserialization
File saved to the following path: /tmp/icst-2019/september-2018/dataset/gson_parent/gson/target/dspot/TestListener.ser
Loading /tmp/icst-2019/september-2018/dataset/gson_parent/gson/target/dspot/TestListener.ser
[INFO] Test has been run: testVariableTypeArrayDeserialization,testDeepParameterizedTypeDeserialization,testVariableTypeFieldsAndGenericArraysSerialization,testVariableTypeDeserialization,testParameterizedTypeGenericArraysSerialization,testDeepParameterizedTypeSerialization,testTypesWithMultipleParametersSerialization,testParameterizedTypeWithReaderDeserialization,testVariableTypeFieldsAndGenericArraysDeserialization,testParameterizedTypeGenericArraysDeserialization,testParameterizedTypeWithVariableTypeDeserialization,testParameterizedTypeDeserialization,testParameterizedTypesSerialization,testTypesWithMultipleParametersDeserialization
[INFO] Assertion amplification: 14 test method(s) has been successfully amplified.
[WARN] 2018-10-10 12:52:12 Launcher - You specified the directory /tmp/icst-2019/september-2018/dataset/gson/gson/target/classes in source classpath, please note that only class files will be considered. Jars and subdirectories will be ignored.
[WARN] 2018-10-10 12:52:12 Launcher - You specified the directory /tmp/icst-2019/september-2018/dataset/gson/gson/target/test-classes in source classpath, please note that only class files will be considered. Jars and subdirectories will be ignored.
[WARN] 2018-10-10 12:52:12 Launcher - You specified the directory /tmp/icst-2019/september-2018/dataset/gson/gson/target/dspot/dependencies in source classpath, please note that only class files will be considered. Jars and subdirectories will be ignored.
[INFO] Run: java -classpath /tmp/icst-2019/september-2018/dataset/gson/gson/target/classes/:/tmp/icst-2019/september-2018/dataset/gson/gson/target/test-classes/:/home/spirals/danglot/.m2/repository/junit/junit/4.12/junit-4.12.jar:/home/spirals/danglot/.m2/repository/junit/junit/3.8.2/junit-3.8.2.jar:/tmp/icst-2019/september-2018/dataset/gson/gson/target/dspot/dependencies/:/home/spirals/danglot/.m2/repository/eu/stamp-project/test-runner/1.1.0/test-runner-1.1.0-jar-with-dependencies.jar eu.stamp_project.testrunner.runner.test.TestRunner com.google.gson.functional.ParameterizedTypesTest testParameterizedTypeWithReaderDeserialization:testVariableTypeFieldsAndGenericArraysSerialization:testTypesWithMultipleParametersSerialization:testParameterizedTypeGenericArraysSerialization:testParameterizedTypeWithVariableTypeDeserialization:testVariableTypeArrayDeserialization:testParameterizedTypeDeserialization:testParameterizedTypeGenericArraysDeserialization:testVariableTypeDeserialization:testVariableTypeFieldsAndGenericArraysDeserialization:testDeepParameterizedTypeDeserialization:testDeepParameterizedTypeSerialization:testParameterizedTypesSerialization:testTypesWithMultipleParametersDeserialization
File saved to the following path: /tmp/icst-2019/september-2018/dataset/gson_parent/gson/target/dspot/TestListener.ser
Loading /tmp/icst-2019/september-2018/dataset/gson_parent/gson/target/dspot/TestListener.ser
[INFO] Test has been run: testVariableTypeArrayDeserialization,testDeepParameterizedTypeDeserialization,testVariableTypeFieldsAndGenericArraysSerialization,testVariableTypeDeserialization,testParameterizedTypeGenericArraysSerialization,testDeepParameterizedTypeSerialization,testTypesWithMultipleParametersSerialization,testParameterizedTypeWithReaderDeserialization,testVariableTypeFieldsAndGenericArraysDeserialization,testParameterizedTypeGenericArraysDeserialization,testParameterizedTypeWithVariableTypeDeserialization,testParameterizedTypeDeserialization,testParameterizedTypesSerialization,testTypesWithMultipleParametersDeserialization
[INFO] 0 amplified test methods has been selected to be kept. (global: 0)
[INFO] elapsedTime 8545
======= REPORT =======
0 amplified test fails on the new versions.

[WARNING] DSpot could not obtain any amplified test method.
[WARNING] You can customize the following options: --amplifiers, --test-criterion, --iteration, --budgetizer etc, and retry with a new configuration.
[INFO] Amplification of com.google.gson.functional.PrimitiveTest (11 test(s))
[INFO] Assertion amplification of com.google.gson.functional.PrimitiveTest (11 test(s))
[ERROR] Error(s) during compilation:
[ERROR] Pb(102) The method assertEquals(Object, Object) is ambiguous for the type Assert
[ERROR] Pb(102) The method assertEquals(Object, Object) is ambiguous for the type Assert
[ERROR] Pb(102) The method assertEquals(Object, Object) is ambiguous for the type Assert
[ERROR] Pb(102) The method assertEquals(Object, Object) is ambiguous for the type Assert
[INFO] Run: java -classpath /tmp/icst-2019/september-2018/dataset/gson_parent/gson/target/test-classes:/tmp/icst-2019/september-2018/dataset/gson_parent/gson/target/classes/:/home/spirals/danglot/.m2/repository/junit/junit/4.12/junit-4.12.jar:/home/spirals/danglot/.m2/repository/junit/junit/3.8.2/junit-3.8.2.jar:/tmp/icst-2019/september-2018/dataset/gson_parent/gson/target/dspot/dependencies/:/home/spirals/danglot/.m2/repository/eu/stamp-project/test-runner/1.1.0/test-runner-1.1.0-jar-with-dependencies.jar eu.stamp_project.testrunner.runner.test.TestRunner com.google.gson.functional.PrimitiveTest testLongAsStringSerialization:testNegativeInfinityFloatSerialization:testHtmlCharacterSerialization:testDoubleInfinitySerialization:testMoreSpecificSerialization:testDeserializePrimitiveWrapperAsObjectField:testNegativeInfinitySerialization:testLongAsStringDeserialization:testFloatInfinitySerialization:testDoubleNaNSerialization:testFloatNaNSerialization
File saved to the following path: /tmp/icst-2019/september-2018/dataset/gson_parent/gson/target/dspot/TestListener.ser
Loading /tmp/icst-2019/september-2018/dataset/gson_parent/gson/target/dspot/TestListener.ser
[INFO] Test has been run: testLongAsStringDeserialization,testMoreSpecificSerialization,testHtmlCharacterSerialization,testFloatNaNSerialization,testNegativeInfinitySerialization,testFloatInfinitySerialization,testLongAsStringSerialization,testDeserializePrimitiveWrapperAsObjectField,testNegativeInfinityFloatSerialization,testDoubleNaNSerialization,testDoubleInfinitySerialization
[INFO] Run tests. (11)
[ERROR] Error(s) during compilation:
[ERROR] Pb(102) The method assertEquals(Object, Object) is ambiguous for the type Assert
[ERROR] Pb(102) The method assertEquals(Object, Object) is ambiguous for the type Assert
[ERROR] Pb(102) The method assertEquals(Object, Object) is ambiguous for the type Assert
[ERROR] Pb(102) The method assertEquals(Object, Object) is ambiguous for the type Assert
[INFO] Run: java -classpath /tmp/icst-2019/september-2018/dataset/gson_parent/gson/target/test-classes:/tmp/icst-2019/september-2018/dataset/gson_parent/gson/target/classes/:/home/spirals/danglot/.m2/repository/junit/junit/4.12/junit-4.12.jar:/home/spirals/danglot/.m2/repository/junit/junit/3.8.2/junit-3.8.2.jar:/tmp/icst-2019/september-2018/dataset/gson_parent/gson/target/dspot/dependencies/:/home/spirals/danglot/.m2/repository/eu/stamp-project/test-runner/1.1.0/test-runner-1.1.0-jar-with-dependencies.jar eu.stamp_project.testrunner.runner.test.TestRunner com.google.gson.functional.PrimitiveTest testLongAsStringSerialization:testNegativeInfinityFloatSerialization:testHtmlCharacterSerialization:testDoubleInfinitySerialization:testMoreSpecificSerialization:testDeserializePrimitiveWrapperAsObjectField:testNegativeInfinitySerialization:testLongAsStringDeserialization:testFloatInfinitySerialization:testDoubleNaNSerialization:testFloatNaNSerialization
File saved to the following path: /tmp/icst-2019/september-2018/dataset/gson_parent/gson/target/dspot/TestListener.ser
Loading /tmp/icst-2019/september-2018/dataset/gson_parent/gson/target/dspot/TestListener.ser
[INFO] Test has been run: testLongAsStringDeserialization,testMoreSpecificSerialization,testHtmlCharacterSerialization,testFloatNaNSerialization,testNegativeInfinitySerialization,testFloatInfinitySerialization,testLongAsStringSerialization,testDeserializePrimitiveWrapperAsObjectField,testNegativeInfinityFloatSerialization,testDoubleNaNSerialization,testDoubleInfinitySerialization
[INFO] 11 test pass, generating assertion...
[INFO] Add observations points in passing tests.
[INFO] Instrumentation...
  9% |==== ]/ 18% |========= ]- 27% |============= ]\ 36% |================== ]| 45% |====================== ]/ 54% |=========================== ]- 63% |=============================== ]\ 72% |==================================== ]| 81% |======================================== ]/ 90% |============================================= ]-100% |================================================== ]\
[INFO] Run instrumented tests. (33)
[INFO] Run: java -classpath /tmp/icst-2019/september-2018/dataset/gson_parent/gson/target/test-classes:/tmp/icst-2019/september-2018/dataset/gson_parent/gson/target/classes/:/home/spirals/danglot/.m2/repository/junit/junit/4.12/junit-4.12.jar:/home/spirals/danglot/.m2/repository/junit/junit/3.8.2/junit-3.8.2.jar:/tmp/icst-2019/september-2018/dataset/gson_parent/gson/target/dspot/dependencies/:/home/spirals/danglot/.m2/repository/eu/stamp-project/test-runner/1.1.0/test-runner-1.1.0-jar-with-dependencies.jar eu.stamp_project.testrunner.runner.test.TestRunner com.google.gson.functional.PrimitiveTest testLongAsStringSerialization_withlog0:testNegativeInfinityFloatSerialization_withlog0:testHtmlCharacterSerialization_withlog0:testDoubleInfinitySerialization_withlog0:testMoreSpecificSerialization_withlog0:testDeserializePrimitiveWrapperAsObjectField_withlog0:testNegativeInfinitySerialization_withlog0:testLongAsStringDeserialization_withlog0:testFloatInfinitySerialization_withlog0:testDoubleNaNSerialization_withlog0:testFloatNaNSerialization_withlog0:testLongAsStringSerialization_withlog1:testNegativeInfinityFloatSerialization_withlog1:testHtmlCharacterSerialization_withlog1:testDoubleInfinitySerialization_withlog1:testMoreSpecificSerialization_withlog1:testDeserializePrimitiveWrapperAsObjectField_withlog1:testNegativeInfinitySerialization_withlog1:testLongAsStringDeserialization_withlog1:testFloatInfinitySerialization_withlog1:testDoubleNaNSerialization_withlog1:testFloatNaNSerialization_withlog1:testLongAsStringSerialization_withlog2:testNegativeInfinityFloatSerialization_withlog2:testHtmlCharacterSerialization_withlog2:testDoubleInfinitySerialization_withlog2:testMoreSpecificSerialization_withlog2:testDeserializePrimitiveWrapperAsObjectField_withlog2:testNegativeInfinitySerialization_withlog2:testLongAsStringDeserialization_withlog2:testFloatInfinitySerialization_withlog2:testDoubleNaNSerialization_withlog2:testFloatNaNSerialization_withlog2
File saved to the following path: /tmp/icst-2019/september-2018/dataset/gson_parent/gson/target/dspot/observations.ser
File saved to the following path: /tmp/icst-2019/september-2018/dataset/gson_parent/gson/target/dspot/TestListener.ser
Loading /tmp/icst-2019/september-2018/dataset/gson_parent/gson/target/dspot/TestListener.ser
[INFO] Test has been run: testMoreSpecificSerialization_withlog0,testMoreSpecificSerialization_withlog1,testMoreSpecificSerialization_withlog2,testNegativeInfinityFloatSerialization_withlog0,testNegativeInfinityFloatSerialization_withlog1,testNegativeInfinityFloatSerialization_withlog2,testFloatNaNSerialization_withlog0,testFloatNaNSerialization_withlog1,testFloatNaNSerialization_withlog2,testLongAsStringDeserialization_withlog0,testLongAsStringDeserialization_withlog1,testLongAsStringDeserialization_withlog2,testHtmlCharacterSerialization_withlog0,testHtmlCharacterSerialization_withlog1,testHtmlCharacterSerialization_withlog2,testDoubleNaNSerialization_withlog0,testDoubleNaNSerialization_withlog1,testDoubleNaNSerialization_withlog2,testNegativeInfinitySerialization_withlog0,testNegativeInfinitySerialization_withlog1,testNegativeInfinitySerialization_withlog2,testFloatInfinitySerialization_withlog0,testFloatInfinitySerialization_withlog1,testFloatInfinitySerialization_withlog2,testDeserializePrimitiveWrapperAsObjectField_withlog0,testDeserializePrimitiveWrapperAsObjectField_withlog1,testDeserializePrimitiveWrapperAsObjectField_withlog2,testLongAsStringSerialization_withlog0,testLongAsStringSerialization_withlog1,testLongAsStringSerialization_withlog2,testDoubleInfinitySerialization_withlog0,testDoubleInfinitySerialization_withlog1,testDoubleInfinitySerialization_withlog2
[INFO] Generating assertions...
[INFO] 11 new tests with assertions generated
[ERROR] Error(s) during compilation:
[ERROR] Pb(102) The method assertEquals(Object, Object) is ambiguous for the type Assert
[ERROR] Pb(102) The method assertEquals(Object, Object) is ambiguous for the type Assert
[ERROR] Pb(102) The method assertEquals(Object, Object) is ambiguous for the type Assert
[ERROR] Pb(102) The method assertEquals(Object, Object) is ambiguous for the type Assert
[INFO] Run: java -classpath /tmp/icst-2019/september-2018/dataset/gson_parent/gson/target/test-classes:/tmp/icst-2019/september-2018/dataset/gson_parent/gson/target/classes/:/home/spirals/danglot/.m2/repository/junit/junit/4.12/junit-4.12.jar:/home/spirals/danglot/.m2/repository/junit/junit/3.8.2/junit-3.8.2.jar:/tmp/icst-2019/september-2018/dataset/gson_parent/gson/target/dspot/dependencies/:/home/spirals/danglot/.m2/repository/eu/stamp-project/test-runner/1.1.0/test-runner-1.1.0-jar-with-dependencies.jar eu.stamp_project.testrunner.runner.test.TestRunner com.google.gson.functional.PrimitiveTest testLongAsStringSerialization:testNegativeInfinityFloatSerialization:testHtmlCharacterSerialization:testDoubleInfinitySerialization:testMoreSpecificSerialization:testDeserializePrimitiveWrapperAsObjectField:testNegativeInfinitySerialization:testLongAsStringDeserialization:testFloatInfinitySerialization:testDoubleNaNSerialization:testFloatNaNSerialization
File saved to the following path: /tmp/icst-2019/september-2018/dataset/gson_parent/gson/target/dspot/TestListener.ser
Loading /tmp/icst-2019/september-2018/dataset/gson_parent/gson/target/dspot/TestListener.ser
[INFO] Test has been run: testLongAsStringDeserialization,testMoreSpecificSerialization,testHtmlCharacterSerialization,testFloatNaNSerialization,testNegativeInfinitySerialization,testFloatInfinitySerialization,testLongAsStringSerialization,testDeserializePrimitiveWrapperAsObjectField,testNegativeInfinityFloatSerialization,testDoubleNaNSerialization,testDoubleInfinitySerialization
[INFO] Assertion amplification: 11 test method(s) has been successfully amplified.
[WARN] 2018-10-10 12:52:18 Launcher - You specified the directory /tmp/icst-2019/september-2018/dataset/gson/gson/target/classes in source classpath, please note that only class files will be considered. Jars and subdirectories will be ignored.
[WARN] 2018-10-10 12:52:18 Launcher - You specified the directory /tmp/icst-2019/september-2018/dataset/gson/gson/target/test-classes in source classpath, please note that only class files will be considered. Jars and subdirectories will be ignored.
[WARN] 2018-10-10 12:52:18 Launcher - You specified the directory /tmp/icst-2019/september-2018/dataset/gson/gson/target/dspot/dependencies in source classpath, please note that only class files will be considered. Jars and subdirectories will be ignored.
[INFO] Run: java -classpath /tmp/icst-2019/september-2018/dataset/gson/gson/target/classes/:/tmp/icst-2019/september-2018/dataset/gson/gson/target/test-classes/:/home/spirals/danglot/.m2/repository/junit/junit/4.12/junit-4.12.jar:/home/spirals/danglot/.m2/repository/junit/junit/3.8.2/junit-3.8.2.jar:/tmp/icst-2019/september-2018/dataset/gson/gson/target/dspot/dependencies/:/home/spirals/danglot/.m2/repository/eu/stamp-project/test-runner/1.1.0/test-runner-1.1.0-jar-with-dependencies.jar eu.stamp_project.testrunner.runner.test.TestRunner com.google.gson.functional.PrimitiveTest testLongAsStringSerialization:testNegativeInfinityFloatSerialization:testHtmlCharacterSerialization:testDoubleInfinitySerialization:testMoreSpecificSerialization:testDeserializePrimitiveWrapperAsObjectField:testNegativeInfinitySerialization:testLongAsStringDeserialization:testFloatInfinitySerialization:testDoubleNaNSerialization:testFloatNaNSerialization
File saved to the following path: /tmp/icst-2019/september-2018/dataset/gson_parent/gson/target/dspot/TestListener.ser
Loading /tmp/icst-2019/september-2018/dataset/gson_parent/gson/target/dspot/TestListener.ser
[INFO] Test has been run: testLongAsStringDeserialization,testMoreSpecificSerialization,testHtmlCharacterSerialization,testFloatNaNSerialization,testNegativeInfinitySerialization,testFloatInfinitySerialization,testLongAsStringSerialization,testDeserializePrimitiveWrapperAsObjectField,testNegativeInfinityFloatSerialization,testDoubleNaNSerialization,testDoubleInfinitySerialization
[INFO] 0 amplified test methods has been selected to be kept. (global: 0)
[INFO] elapsedTime 4795
======= REPORT =======
0 amplified test fails on the new versions.

[WARNING] DSpot could not obtain any amplified test method.
[WARNING] You can customize the following options: --amplifiers, --test-criterion, --iteration, --budgetizer etc, and retry with a new configuration.
[INFO] Amplification of com.google.gson.functional.CollectionTest (8 test(s))
[INFO] Assertion amplification of com.google.gson.functional.CollectionTest (8 test(s))
[INFO] Run: java -classpath /tmp/icst-2019/september-2018/dataset/gson_parent/gson/target/test-classes:/tmp/icst-2019/september-2018/dataset/gson_parent/gson/target/classes/:/home/spirals/danglot/.m2/repository/junit/junit/4.12/junit-4.12.jar:/home/spirals/danglot/.m2/repository/junit/junit/3.8.2/junit-3.8.2.jar:/tmp/icst-2019/september-2018/dataset/gson_parent/gson/target/dspot/dependencies/:/home/spirals/danglot/.m2/repository/eu/stamp-project/test-runner/1.1.0/test-runner-1.1.0-jar-with-dependencies.jar eu.stamp_project.testrunner.runner.test.TestRunner com.google.gson.functional.CollectionTest testSetSerialization:testRawCollectionSerialization:testWildcardCollectionField:testSetDeserialization:testUserCollectionTypeAdapter:testFieldIsArrayList:testSetSerialization:testCollectionOfBagOfPrimitivesSerialization
File saved to the following path: /tmp/icst-2019/september-2018/dataset/gson_parent/gson/target/dspot/TestListener.ser
Loading /tmp/icst-2019/september-2018/dataset/gson_parent/gson/target/dspot/TestListener.ser
[INFO] Test has been run: testWildcardCollectionField,testFieldIsArrayList,testRawCollectionSerialization,testSetDeserialization,testCollectionOfBagOfPrimitivesSerialization,testSetSerialization,testUserCollectionTypeAdapter
[INFO] Run tests. (8)
[INFO] Run: java -classpath /tmp/icst-2019/september-2018/dataset/gson_parent/gson/target/test-classes:/tmp/icst-2019/september-2018/dataset/gson_parent/gson/target/classes/:/home/spirals/danglot/.m2/repository/junit/junit/4.12/junit-4.12.jar:/home/spirals/danglot/.m2/repository/junit/junit/3.8.2/junit-3.8.2.jar:/tmp/icst-2019/september-2018/dataset/gson_parent/gson/target/dspot/dependencies/:/home/spirals/danglot/.m2/repository/eu/stamp-project/test-runner/1.1.0/test-runner-1.1.0-jar-with-dependencies.jar eu.stamp_project.testrunner.runner.test.TestRunner com.google.gson.functional.CollectionTest testSetSerialization:testRawCollectionSerialization:testWildcardCollectionField:testSetDeserialization:testUserCollectionTypeAdapter:testFieldIsArrayList:testSetSerialization:testCollectionOfBagOfPrimitivesSerialization
File saved to the following path: /tmp/icst-2019/september-2018/dataset/gson_parent/gson/target/dspot/TestListener.ser
Loading /tmp/icst-2019/september-2018/dataset/gson_parent/gson/target/dspot/TestListener.ser
[INFO] Test has been run: testWildcardCollectionField,testFieldIsArrayList,testRawCollectionSerialization,testSetDeserialization,testCollectionOfBagOfPrimitivesSerialization,testSetSerialization,testUserCollectionTypeAdapter
[INFO] 7 test pass, generating assertion...
[INFO] Add observations points in passing tests.
[INFO] Instrumentation...
 12% |====== ]/ 25% |============ ]- 37% |================== ]\ 50% |========================= ]| 62% |=============================== ]/ 75% |===================================== ]- 12% |===================================== ]/100% |================================================== ]|
[INFO] Run instrumented tests. (24)
[INFO] Run: java -classpath /tmp/icst-2019/september-2018/dataset/gson_parent/gson/target/test-classes:/tmp/icst-2019/september-2018/dataset/gson_parent/gson/target/classes/:/home/spirals/danglot/.m2/repository/junit/junit/4.12/junit-4.12.jar:/home/spirals/danglot/.m2/repository/junit/junit/3.8.2/junit-3.8.2.jar:/tmp/icst-2019/september-2018/dataset/gson_parent/gson/target/dspot/dependencies/:/home/spirals/danglot/.m2/repository/eu/stamp-project/test-runner/1.1.0/test-runner-1.1.0-jar-with-dependencies.jar eu.stamp_project.testrunner.runner.test.TestRunner com.google.gson.functional.CollectionTest testSetSerialization_withlog0:testRawCollectionSerialization_withlog0:testWildcardCollectionField_withlog0:testSetDeserialization_withlog0:testUserCollectionTypeAdapter_withlog0:testFieldIsArrayList_withlog0:testSetSerialization_withlog0:testCollectionOfBagOfPrimitivesSerialization_withlog0:testSetSerialization_withlog1:testRawCollectionSerialization_withlog1:testWildcardCollectionField_withlog1:testSetDeserialization_withlog1:testUserCollectionTypeAdapter_withlog1:testFieldIsArrayList_withlog1:testSetSerialization_withlog1:testCollectionOfBagOfPrimitivesSerialization_withlog1:testSetSerialization_withlog2:testRawCollectionSerialization_withlog2:testWildcardCollectionField_withlog2:testSetDeserialization_withlog2:testUserCollectionTypeAdapter_withlog2:testFieldIsArrayList_withlog2:testSetSerialization_withlog2:testCollectionOfBagOfPrimitivesSerialization_withlog2
File saved to the following path: /tmp/icst-2019/september-2018/dataset/gson_parent/gson/target/dspot/observations.ser
File saved to the following path: /tmp/icst-2019/september-2018/dataset/gson_parent/gson/target/dspot/TestListener.ser
Loading /tmp/icst-2019/september-2018/dataset/gson_parent/gson/target/dspot/TestListener.ser
[INFO] Test has been run: testFieldIsArrayList_withlog0,testFieldIsArrayList_withlog1,testFieldIsArrayList_withlog2,testWildcardCollectionField_withlog0,testWildcardCollectionField_withlog1,testWildcardCollectionField_withlog2,testCollectionOfBagOfPrimitivesSerialization_withlog0,testCollectionOfBagOfPrimitivesSerialization_withlog1,testCollectionOfBagOfPrimitivesSerialization_withlog2,testSetDeserialization_withlog0,testSetDeserialization_withlog1,testSetDeserialization_withlog2,testUserCollectionTypeAdapter_withlog0,testUserCollectionTypeAdapter_withlog1,testUserCollectionTypeAdapter_withlog2,testSetSerialization_withlog0,testSetSerialization_withlog1,testSetSerialization_withlog2,testRawCollectionSerialization_withlog0,testRawCollectionSerialization_withlog1,testRawCollectionSerialization_withlog2
[INFO] Generating assertions...
[INFO] 8 new tests with assertions generated
[INFO] Run: java -classpath /tmp/icst-2019/september-2018/dataset/gson_parent/gson/target/test-classes:/tmp/icst-2019/september-2018/dataset/gson_parent/gson/target/classes/:/home/spirals/danglot/.m2/repository/junit/junit/4.12/junit-4.12.jar:/home/spirals/danglot/.m2/repository/junit/junit/3.8.2/junit-3.8.2.jar:/tmp/icst-2019/september-2018/dataset/gson_parent/gson/target/dspot/dependencies/:/home/spirals/danglot/.m2/repository/eu/stamp-project/test-runner/1.1.0/test-runner-1.1.0-jar-with-dependencies.jar eu.stamp_project.testrunner.runner.test.TestRunner com.google.gson.functional.CollectionTest testSetSerialization:testRawCollectionSerialization:testWildcardCollectionField:testSetDeserialization:testUserCollectionTypeAdapter:testFieldIsArrayList:testSetSerialization:testCollectionOfBagOfPrimitivesSerialization
File saved to the following path: /tmp/icst-2019/september-2018/dataset/gson_parent/gson/target/dspot/TestListener.ser
Loading /tmp/icst-2019/september-2018/dataset/gson_parent/gson/target/dspot/TestListener.ser
[INFO] Test has been run: testWildcardCollectionField,testFieldIsArrayList,testRawCollectionSerialization,testSetDeserialization,testCollectionOfBagOfPrimitivesSerialization,testSetSerialization,testUserCollectionTypeAdapter
[INFO] Assertion amplification: 8 test method(s) has been successfully amplified.
[WARN] 2018-10-10 12:52:23 Launcher - You specified the directory /tmp/icst-2019/september-2018/dataset/gson/gson/target/classes in source classpath, please note that only class files will be considered. Jars and subdirectories will be ignored.
[WARN] 2018-10-10 12:52:23 Launcher - You specified the directory /tmp/icst-2019/september-2018/dataset/gson/gson/target/test-classes in source classpath, please note that only class files will be considered. Jars and subdirectories will be ignored.
[WARN] 2018-10-10 12:52:23 Launcher - You specified the directory /tmp/icst-2019/september-2018/dataset/gson/gson/target/dspot/dependencies in source classpath, please note that only class files will be considered. Jars and subdirectories will be ignored.
[INFO] Run: java -classpath /tmp/icst-2019/september-2018/dataset/gson/gson/target/classes/:/tmp/icst-2019/september-2018/dataset/gson/gson/target/test-classes/:/home/spirals/danglot/.m2/repository/junit/junit/4.12/junit-4.12.jar:/home/spirals/danglot/.m2/repository/junit/junit/3.8.2/junit-3.8.2.jar:/tmp/icst-2019/september-2018/dataset/gson/gson/target/dspot/dependencies/:/home/spirals/danglot/.m2/repository/eu/stamp-project/test-runner/1.1.0/test-runner-1.1.0-jar-with-dependencies.jar eu.stamp_project.testrunner.runner.test.TestRunner com.google.gson.functional.CollectionTest testSetSerialization:testRawCollectionSerialization:testWildcardCollectionField:testSetDeserialization:testUserCollectionTypeAdapter:testFieldIsArrayList:testSetSerialization:testCollectionOfBagOfPrimitivesSerialization
File saved to the following path: /tmp/icst-2019/september-2018/dataset/gson_parent/gson/target/dspot/TestListener.ser
Loading /tmp/icst-2019/september-2018/dataset/gson_parent/gson/target/dspot/TestListener.ser
[INFO] Test has been run: testWildcardCollectionField,testFieldIsArrayList,testRawCollectionSerialization,testSetDeserialization,testCollectionOfBagOfPrimitivesSerialization,testSetSerialization,testUserCollectionTypeAdapter
[INFO] 0 amplified test methods has been selected to be kept. (global: 0)
[INFO] elapsedTime 4042
======= REPORT =======
0 amplified test fails on the new versions.

[WARNING] DSpot could not obtain any amplified test method.
[WARNING] You can customize the following options: --amplifiers, --test-criterion, --iteration, --budgetizer etc, and retry with a new configuration.
[INFO] Amplification of com.google.gson.functional.ArrayTest (5 test(s))
[INFO] Assertion amplification of com.google.gson.functional.ArrayTest (5 test(s))
[INFO] Run: java -classpath /tmp/icst-2019/september-2018/dataset/gson_parent/gson/target/test-classes:/tmp/icst-2019/september-2018/dataset/gson_parent/gson/target/classes/:/home/spirals/danglot/.m2/repository/junit/junit/4.12/junit-4.12.jar:/home/spirals/danglot/.m2/repository/junit/junit/3.8.2/junit-3.8.2.jar:/tmp/icst-2019/september-2018/dataset/gson_parent/gson/target/dspot/dependencies/:/home/spirals/danglot/.m2/repository/eu/stamp-project/test-runner/1.1.0/test-runner-1.1.0-jar-with-dependencies.jar eu.stamp_project.testrunner.runner.test.TestRunner com.google.gson.functional.ArrayTest testNullsInArrayWithSerializeNullPropertySetSerialization:testArrayElementsAreArrays:testObjectArrayWithNonPrimitivesSerialization:testSingleNullInArraySerialization:testSingleNullInArrayDeserialization
File saved to the following path: /tmp/icst-2019/september-2018/dataset/gson_parent/gson/target/dspot/TestListener.ser
Loading /tmp/icst-2019/september-2018/dataset/gson_parent/gson/target/dspot/TestListener.ser
[INFO] Test has been run: testArrayElementsAreArrays,testNullsInArrayWithSerializeNullPropertySetSerialization,testObjectArrayWithNonPrimitivesSerialization,testSingleNullInArrayDeserialization,testSingleNullInArraySerialization
[INFO] Run tests. (5)
[INFO] Run: java -classpath /tmp/icst-2019/september-2018/dataset/gson_parent/gson/target/test-classes:/tmp/icst-2019/september-2018/dataset/gson_parent/gson/target/classes/:/home/spirals/danglot/.m2/repository/junit/junit/4.12/junit-4.12.jar:/home/spirals/danglot/.m2/repository/junit/junit/3.8.2/junit-3.8.2.jar:/tmp/icst-2019/september-2018/dataset/gson_parent/gson/target/dspot/dependencies/:/home/spirals/danglot/.m2/repository/eu/stamp-project/test-runner/1.1.0/test-runner-1.1.0-jar-with-dependencies.jar eu.stamp_project.testrunner.runner.test.TestRunner com.google.gson.functional.ArrayTest testNullsInArrayWithSerializeNullPropertySetSerialization:testArrayElementsAreArrays:testObjectArrayWithNonPrimitivesSerialization:testSingleNullInArraySerialization:testSingleNullInArrayDeserialization
File saved to the following path: /tmp/icst-2019/september-2018/dataset/gson_parent/gson/target/dspot/TestListener.ser
Loading /tmp/icst-2019/september-2018/dataset/gson_parent/gson/target/dspot/TestListener.ser
[INFO] Test has been run: testArrayElementsAreArrays,testNullsInArrayWithSerializeNullPropertySetSerialization,testObjectArrayWithNonPrimitivesSerialization,testSingleNullInArrayDeserialization,testSingleNullInArraySerialization
[INFO] 5 test pass, generating assertion...
[INFO] Add observations points in passing tests.
[INFO] Instrumentation...
 20% |========== ]/ 40% |==================== ]- 60% |============================== ]\ 80% |======================================== ]|[INFO] ------------------------------------------------------------------------
[INFO] BUILD FAILURE
[INFO] ------------------------------------------------------------------------
[INFO] Total time: 01:08 min
[INFO] Finished at: 2018-10-10T12:52:25+02:00
[INFO] ------------------------------------------------------------------------
[ERROR] Failed to execute goal eu.stamp-project:dspot-maven:1.1.1-SNAPSHOT:amplify-unit-tests (default-cli) on project gson: Execution default-cli of goal eu.stamp-project:dspot-maven:1.1.1-SNAPSHOT:amplify-unit-tests failed: java.lang.NullPointerException -> [Help 1]
org.apache.maven.lifecycle.LifecycleExecutionException: Failed to execute goal eu.stamp-project:dspot-maven:1.1.1-SNAPSHOT:amplify-unit-tests (default-cli) on project gson: Execution default-cli of goal eu.stamp-project:dspot-maven:1.1.1-SNAPSHOT:amplify-unit-tests failed: java.lang.NullPointerException
    at org.apache.maven.lifecycle.internal.MojoExecutor.execute (MojoExecutor.java:213)
    at org.apache.maven.lifecycle.internal.MojoExecutor.execute (MojoExecutor.java:154)
    at org.apache.maven.lifecycle.internal.MojoExecutor.execute (MojoExecutor.java:146)
    at org.apache.maven.lifecycle.internal.LifecycleModuleBuilder.buildProject (LifecycleModuleBuilder.java:117)
    at org.apache.maven.lifecycle.internal.LifecycleModuleBuilder.buildProject (LifecycleModuleBuilder.java:81)
    at org.apache.maven.lifecycle.internal.builder.singlethreaded.SingleThreadedBuilder.build (SingleThreadedBuilder.java:56)
    at org.apache.maven.lifecycle.internal.LifecycleStarter.execute (LifecycleStarter.java:128)
    at org.apache.maven.DefaultMaven.doExecute (DefaultMaven.java:305)
    at org.apache.maven.DefaultMaven.doExecute (DefaultMaven.java:192)
    at org.apache.maven.DefaultMaven.execute (DefaultMaven.java:105)
    at org.apache.maven.cli.MavenCli.execute (MavenCli.java:954)
    at org.apache.maven.cli.MavenCli.doMain (MavenCli.java:288)
    at org.apache.maven.cli.MavenCli.main (MavenCli.java:192)
    at sun.reflect.NativeMethodAccessorImpl.invoke0 (Native Method)
    at sun.reflect.NativeMethodAccessorImpl.invoke (NativeMethodAccessorImpl.java:62)
    at sun.reflect.DelegatingMethodAccessorImpl.invoke (DelegatingMethodAccessorImpl.java:43)
    at java.lang.reflect.Method.invoke (Method.java:498)
    at org.codehaus.plexus.classworlds.launcher.Launcher.launchEnhanced (Launcher.java:289)
    at org.codehaus.plexus.classworlds.launcher.Launcher.launch (Launcher.java:229)
    at org.codehaus.plexus.classworlds.launcher.Launcher.mainWithExitCode (Launcher.java:415)
    at org.codehaus.plexus.classworlds.launcher.Launcher.main (Launcher.java:356)
Caused by: org.apache.maven.plugin.PluginExecutionException: Execution default-cli of goal eu.stamp-project:dspot-maven:1.1.1-SNAPSHOT:amplify-unit-tests failed: java.lang.NullPointerException
    at org.apache.maven.plugin.DefaultBuildPluginManager.executeMojo (DefaultBuildPluginManager.java:148)
    at org.apache.maven.lifecycle.internal.MojoExecutor.execute (MojoExecutor.java:208)
    at org.apache.maven.lifecycle.internal.MojoExecutor.execute (MojoExecutor.java:154)
    at org.apache.maven.lifecycle.internal.MojoExecutor.execute (MojoExecutor.java:146)
    at org.apache.maven.lifecycle.internal.LifecycleModuleBuilder.buildProject (LifecycleModuleBuilder.java:117)
    at org.apache.maven.lifecycle.internal.LifecycleModuleBuilder.buildProject (LifecycleModuleBuilder.java:81)
    at org.apache.maven.lifecycle.internal.builder.singlethreaded.SingleThreadedBuilder.build (SingleThreadedBuilder.java:56)
    at org.apache.maven.lifecycle.internal.LifecycleStarter.execute (LifecycleStarter.java:128)
    at org.apache.maven.DefaultMaven.doExecute (DefaultMaven.java:305)
    at org.apache.maven.DefaultMaven.doExecute (DefaultMaven.java:192)
    at org.apache.maven.DefaultMaven.execute (DefaultMaven.java:105)
    at org.apache.maven.cli.MavenCli.execute (MavenCli.java:954)
    at org.apache.maven.cli.MavenCli.doMain (MavenCli.java:288)
    at org.apache.maven.cli.MavenCli.main (MavenCli.java:192)
    at sun.reflect.NativeMethodAccessorImpl.invoke0 (Native Method)
    at sun.reflect.NativeMethodAccessorImpl.invoke (NativeMethodAccessorImpl.java:62)
    at sun.reflect.DelegatingMethodAccessorImpl.invoke (DelegatingMethodAccessorImpl.java:43)
    at java.lang.reflect.Method.invoke (Method.java:498)
    at org.codehaus.plexus.classworlds.launcher.Launcher.launchEnhanced (Launcher.java:289)
    at org.codehaus.plexus.classworlds.launcher.Launcher.launch (Launcher.java:229)
    at org.codehaus.plexus.classworlds.launcher.Launcher.mainWithExitCode (Launcher.java:415)
    at org.codehaus.plexus.classworlds.launcher.Launcher.main (Launcher.java:356)
Caused by: java.lang.RuntimeException: java.lang.NullPointerException
    at eu.stamp_project.DSpotMojo.execute (DSpotMojo.java:265)
    at org.apache.maven.plugin.DefaultBuildPluginManager.executeMojo (DefaultBuildPluginManager.java:137)
    at org.apache.maven.lifecycle.internal.MojoExecutor.execute (MojoExecutor.java:208)
    at org.apache.maven.lifecycle.internal.MojoExecutor.execute (MojoExecutor.java:154)
    at org.apache.maven.lifecycle.internal.MojoExecutor.execute (MojoExecutor.java:146)
    at org.apache.maven.lifecycle.internal.LifecycleModuleBuilder.buildProject (LifecycleModuleBuilder.java:117)
    at org.apache.maven.lifecycle.internal.LifecycleModuleBuilder.buildProject (LifecycleModuleBuilder.java:81)
    at org.apache.maven.lifecycle.internal.builder.singlethreaded.SingleThreadedBuilder.build (SingleThreadedBuilder.java:56)
    at org.apache.maven.lifecycle.internal.LifecycleStarter.execute (LifecycleStarter.java:128)
    at org.apache.maven.DefaultMaven.doExecute (DefaultMaven.java:305)
    at org.apache.maven.DefaultMaven.doExecute (DefaultMaven.java:192)
    at org.apache.maven.DefaultMaven.execute (DefaultMaven.java:105)
    at org.apache.maven.cli.MavenCli.execute (MavenCli.java:954)
    at org.apache.maven.cli.MavenCli.doMain (MavenCli.java:288)
    at org.apache.maven.cli.MavenCli.main (MavenCli.java:192)
    at sun.reflect.NativeMethodAccessorImpl.invoke0 (Native Method)
    at sun.reflect.NativeMethodAccessorImpl.invoke (NativeMethodAccessorImpl.java:62)
    at sun.reflect.DelegatingMethodAccessorImpl.invoke (DelegatingMethodAccessorImpl.java:43)
    at java.lang.reflect.Method.invoke (Method.java:498)
    at org.codehaus.plexus.classworlds.launcher.Launcher.launchEnhanced (Launcher.java:289)
    at org.codehaus.plexus.classworlds.launcher.Launcher.launch (Launcher.java:229)
    at org.codehaus.plexus.classworlds.launcher.Launcher.mainWithExitCode (Launcher.java:415)
    at org.codehaus.plexus.classworlds.launcher.Launcher.main (Launcher.java:356)
Caused by: java.lang.NullPointerException
    at eu.stamp_project.dspot.assertgenerator.AssertGeneratorHelper.isStmtToLog (AssertGeneratorHelper.java:157)
    at eu.stamp_project.dspot.assertgenerator.AssertGeneratorHelper.lambda$createTestWithLog$0 (AssertGeneratorHelper.java:64)
    at java.util.stream.ReferencePipeline$2$1.accept (ReferencePipeline.java:174)
    at java.util.ArrayList$ArrayListSpliterator.forEachRemaining (ArrayList.java:1374)
    at java.util.stream.AbstractPipeline.copyInto (AbstractPipeline.java:481)
    at java.util.stream.AbstractPipeline.wrapAndCopyInto (AbstractPipeline.java:471)
    at java.util.stream.ForEachOps$ForEachOp.evaluateSequential (ForEachOps.java:151)
    at java.util.stream.ForEachOps$ForEachOp$OfRef.evaluateSequential (ForEachOps.java:174)
    at java.util.stream.AbstractPipeline.evaluate (AbstractPipeline.java:234)
    at java.util.stream.ReferencePipeline.forEach (ReferencePipeline.java:418)
    at eu.stamp_project.dspot.assertgenerator.AssertGeneratorHelper.createTestWithLog (AssertGeneratorHelper.java:65)
    at eu.stamp_project.dspot.assertgenerator.MethodsAssertGenerator.lambda$addAssertions$0 (MethodsAssertGenerator.java:84)
    at java.util.stream.ReferencePipeline$3$1.accept (ReferencePipeline.java:193)
    at java.util.ArrayList$ArrayListSpliterator.forEachRemaining (ArrayList.java:1374)
    at java.util.stream.AbstractPipeline.copyInto (AbstractPipeline.java:481)
    at java.util.stream.AbstractPipeline.wrapAndCopyInto (AbstractPipeline.java:471)
    at java.util.stream.ReduceOps$ReduceOp.evaluateSequential (ReduceOps.java:708)
    at java.util.stream.AbstractPipeline.evaluate (AbstractPipeline.java:234)
    at java.util.stream.ReferencePipeline.collect (ReferencePipeline.java:499)
    at eu.stamp_project.dspot.assertgenerator.MethodsAssertGenerator.addAssertions (MethodsAssertGenerator.java:90)
    at eu.stamp_project.dspot.assertgenerator.AssertGenerator.innerAssertionAmplification (AssertGenerator.java:122)
    at eu.stamp_project.dspot.assertgenerator.AssertGenerator.assertionAmplification (AssertGenerator.java:71)
    at eu.stamp_project.dspot.Amplification.assertionsAmplification (Amplification.java:150)
    at eu.stamp_project.dspot.Amplification.amplification (Amplification.java:84)
    at eu.stamp_project.dspot.DSpot.amplifyTest (DSpot.java:181)
    at eu.stamp_project.dspot.DSpot.amplifyTest (DSpot.java:171)
    at eu.stamp_project.Main.lambda$run$1 (Main.java:69)
    at java.util.stream.ReferencePipeline$3$1.accept (ReferencePipeline.java:193)
    at java.util.ArrayList$ArrayListSpliterator.forEachRemaining (ArrayList.java:1374)
    at java.util.stream.AbstractPipeline.copyInto (AbstractPipeline.java:481)
    at java.util.stream.AbstractPipeline.wrapAndCopyInto (AbstractPipeline.java:471)
    at java.util.stream.ReduceOps$ReduceOp.evaluateSequential (ReduceOps.java:708)
    at java.util.stream.AbstractPipeline.evaluate (AbstractPipeline.java:234)
    at java.util.stream.ReferencePipeline.collect (ReferencePipeline.java:499)
    at eu.stamp_project.Main.run (Main.java:71)
    at eu.stamp_project.DSpotMojo.execute (DSpotMojo.java:263)
    at org.apache.maven.plugin.DefaultBuildPluginManager.executeMojo (DefaultBuildPluginManager.java:137)
    at org.apache.maven.lifecycle.internal.MojoExecutor.execute (MojoExecutor.java:208)
    at org.apache.maven.lifecycle.internal.MojoExecutor.execute (MojoExecutor.java:154)
    at org.apache.maven.lifecycle.internal.MojoExecutor.execute (MojoExecutor.java:146)
    at org.apache.maven.lifecycle.internal.LifecycleModuleBuilder.buildProject (LifecycleModuleBuilder.java:117)
    at org.apache.maven.lifecycle.internal.LifecycleModuleBuilder.buildProject (LifecycleModuleBuilder.java:81)
    at org.apache.maven.lifecycle.internal.builder.singlethreaded.SingleThreadedBuilder.build (SingleThreadedBuilder.java:56)
    at org.apache.maven.lifecycle.internal.LifecycleStarter.execute (LifecycleStarter.java:128)
    at org.apache.maven.DefaultMaven.doExecute (DefaultMaven.java:305)
    at org.apache.maven.DefaultMaven.doExecute (DefaultMaven.java:192)
    at org.apache.maven.DefaultMaven.execute (DefaultMaven.java:105)
    at org.apache.maven.cli.MavenCli.execute (MavenCli.java:954)
    at org.apache.maven.cli.MavenCli.doMain (MavenCli.java:288)
    at org.apache.maven.cli.MavenCli.main (MavenCli.java:192)
    at sun.reflect.NativeMethodAccessorImpl.invoke0 (Native Method)
    at sun.reflect.NativeMethodAccessorImpl.invoke (NativeMethodAccessorImpl.java:62)
    at sun.reflect.DelegatingMethodAccessorImpl.invoke (DelegatingMethodAccessorImpl.java:43)
    at java.lang.reflect.Method.invoke (Method.java:498)
    at org.codehaus.plexus.classworlds.launcher.Launcher.launchEnhanced (Launcher.java:289)
    at org.codehaus.plexus.classworlds.launcher.Launcher.launch (Launcher.java:229)
    at org.codehaus.plexus.classworlds.launcher.Launcher.mainWithExitCode (Launcher.java:415)
    at org.codehaus.plexus.classworlds.launcher.Launcher.main (Launcher.java:356)
[ERROR] 
[ERROR] 
[ERROR] For more information about the errors and possible solutions, please read the following articles:
[ERROR] [Help 1] http://cwiki.apache.org/confluence/display/MAVEN/PluginExecutionException
