Apache Maven 3.5.4 (1edded0938998edf8bf061f1ceb3cfdeccf443fe; 2018-06-17T20:33:14+02:00)
Maven home: /home/spirals/danglot/apache-maven-3.5.4
Java version: 1.8.0_121, vendor: Oracle Corporation, runtime: /home/spirals/danglot/jdk1.8.0_121/jre
Default locale: en_US, platform encoding: ANSI_X3.4-1968
OS name: "linux", version: "3.16.0-4-amd64", arch: "amd64", family: "unix"
[DEBUG] Created new class realm maven.api
[DEBUG] Importing foreign packages into class realm maven.api
[DEBUG]   Imported: javax.annotation.* < plexus.core
[DEBUG]   Imported: javax.annotation.security.* < plexus.core
[DEBUG]   Imported: javax.enterprise.inject.* < plexus.core
[DEBUG]   Imported: javax.enterprise.util.* < plexus.core
[DEBUG]   Imported: javax.inject.* < plexus.core
[DEBUG]   Imported: org.apache.maven.* < plexus.core
[DEBUG]   Imported: org.apache.maven.artifact < plexus.core
[DEBUG]   Imported: org.apache.maven.classrealm < plexus.core
[DEBUG]   Imported: org.apache.maven.cli < plexus.core
[DEBUG]   Imported: org.apache.maven.configuration < plexus.core
[DEBUG]   Imported: org.apache.maven.exception < plexus.core
[DEBUG]   Imported: org.apache.maven.execution < plexus.core
[DEBUG]   Imported: org.apache.maven.execution.scope < plexus.core
[DEBUG]   Imported: org.apache.maven.lifecycle < plexus.core
[DEBUG]   Imported: org.apache.maven.model < plexus.core
[DEBUG]   Imported: org.apache.maven.monitor < plexus.core
[DEBUG]   Imported: org.apache.maven.plugin < plexus.core
[DEBUG]   Imported: org.apache.maven.profiles < plexus.core
[DEBUG]   Imported: org.apache.maven.project < plexus.core
[DEBUG]   Imported: org.apache.maven.reporting < plexus.core
[DEBUG]   Imported: org.apache.maven.repository < plexus.core
[DEBUG]   Imported: org.apache.maven.rtinfo < plexus.core
[DEBUG]   Imported: org.apache.maven.settings < plexus.core
[DEBUG]   Imported: org.apache.maven.toolchain < plexus.core
[DEBUG]   Imported: org.apache.maven.usability < plexus.core
[DEBUG]   Imported: org.apache.maven.wagon.* < plexus.core
[DEBUG]   Imported: org.apache.maven.wagon.authentication < plexus.core
[DEBUG]   Imported: org.apache.maven.wagon.authorization < plexus.core
[DEBUG]   Imported: org.apache.maven.wagon.events < plexus.core
[DEBUG]   Imported: org.apache.maven.wagon.observers < plexus.core
[DEBUG]   Imported: org.apache.maven.wagon.proxy < plexus.core
[DEBUG]   Imported: org.apache.maven.wagon.repository < plexus.core
[DEBUG]   Imported: org.apache.maven.wagon.resource < plexus.core
[DEBUG]   Imported: org.codehaus.classworlds < plexus.core
[DEBUG]   Imported: org.codehaus.plexus.* < plexus.core
[DEBUG]   Imported: org.codehaus.plexus.classworlds < plexus.core
[DEBUG]   Imported: org.codehaus.plexus.component < plexus.core
[DEBUG]   Imported: org.codehaus.plexus.configuration < plexus.core
[DEBUG]   Imported: org.codehaus.plexus.container < plexus.core
[DEBUG]   Imported: org.codehaus.plexus.context < plexus.core
[DEBUG]   Imported: org.codehaus.plexus.lifecycle < plexus.core
[DEBUG]   Imported: org.codehaus.plexus.logging < plexus.core
[DEBUG]   Imported: org.codehaus.plexus.personality < plexus.core
[DEBUG]   Imported: org.codehaus.plexus.util.xml.Xpp3Dom < plexus.core
[DEBUG]   Imported: org.codehaus.plexus.util.xml.pull.XmlPullParser < plexus.core
[DEBUG]   Imported: org.codehaus.plexus.util.xml.pull.XmlPullParserException < plexus.core
[DEBUG]   Imported: org.codehaus.plexus.util.xml.pull.XmlSerializer < plexus.core
[DEBUG]   Imported: org.eclipse.aether.* < plexus.core
[DEBUG]   Imported: org.eclipse.aether.artifact < plexus.core
[DEBUG]   Imported: org.eclipse.aether.collection < plexus.core
[DEBUG]   Imported: org.eclipse.aether.deployment < plexus.core
[DEBUG]   Imported: org.eclipse.aether.graph < plexus.core
[DEBUG]   Imported: org.eclipse.aether.impl < plexus.core
[DEBUG]   Imported: org.eclipse.aether.installation < plexus.core
[DEBUG]   Imported: org.eclipse.aether.internal.impl < plexus.core
[DEBUG]   Imported: org.eclipse.aether.metadata < plexus.core
[DEBUG]   Imported: org.eclipse.aether.repository < plexus.core
[DEBUG]   Imported: org.eclipse.aether.resolution < plexus.core
[DEBUG]   Imported: org.eclipse.aether.spi < plexus.core
[DEBUG]   Imported: org.eclipse.aether.transfer < plexus.core
[DEBUG]   Imported: org.eclipse.aether.version < plexus.core
[DEBUG]   Imported: org.fusesource.jansi.* < plexus.core
[DEBUG]   Imported: org.slf4j.* < plexus.core
[DEBUG]   Imported: org.slf4j.helpers.* < plexus.core
[DEBUG]   Imported: org.slf4j.spi.* < plexus.core
[DEBUG] Populating class realm maven.api
[INFO] Error stacktraces are turned on.
[DEBUG] Message scheme: color
[DEBUG] Message styles: debug info warning error success failure strong mojo project
[DEBUG] Reading global settings from /home/spirals/danglot/apache-maven-3.5.4/conf/settings.xml
[DEBUG] Reading user settings from /home/spirals/danglot/.m2/settings.xml
[DEBUG] Reading global toolchains from /home/spirals/danglot/apache-maven-3.5.4/conf/toolchains.xml
[DEBUG] Reading user toolchains from /home/spirals/danglot/.m2/toolchains.xml
[DEBUG] Using local repository at /home/spirals/danglot/.m2/repository
[DEBUG] Using manager EnhancedLocalRepositoryManager with priority 10.0 for /home/spirals/danglot/.m2/repository
[INFO] Scanning for projects...
[DEBUG] Dependency collection stats: {ConflictMarker.analyzeTime=2044138, ConflictMarker.markTime=906326, ConflictMarker.nodeCount=206, ConflictIdSorter.graphTime=972010, ConflictIdSorter.topsortTime=416073, ConflictIdSorter.conflictIdCount=64, ConflictIdSorter.conflictIdCycleCount=0, ConflictResolver.totalTime=30973475, ConflictResolver.conflictItemCount=133, DefaultDependencyCollector.collectTime=1860040856, DefaultDependencyCollector.transformTime=85629947}
[DEBUG] org.apache.felix:maven-bundle-plugin:jar:3.5.1:
[DEBUG]    org.osgi:org.osgi.core:jar:4.3.1:compile
[DEBUG]    biz.aQute.bnd:biz.aQute.bndlib:jar:3.5.0:compile
[DEBUG]    org.apache.felix:org.apache.felix.bundlerepository:jar:1.6.6:compile
[DEBUG]       org.easymock:easymock:jar:3.4:compile
[DEBUG]          org.objenesis:objenesis:jar:2.2:compile
[DEBUG]    org.apache.felix:org.apache.felix.utils:jar:1.6.0:compile
[DEBUG]       org.osgi:org.osgi.compendium:jar:4.2.0:compile
[DEBUG]    org.apache.maven:maven-core:jar:2.2.0:compile
[DEBUG]       org.apache.maven:maven-settings:jar:2.2.0:compile
[DEBUG]       org.apache.maven:maven-plugin-parameter-documenter:jar:2.2.0:compile
[DEBUG]       org.slf4j:slf4j-jdk14:jar:1.5.6:runtime
[DEBUG]          org.slf4j:slf4j-api:jar:1.5.6:runtime
[DEBUG]       org.slf4j:jcl-over-slf4j:jar:1.5.6:runtime
[DEBUG]       org.apache.maven.reporting:maven-reporting-api:jar:2.2.0:compile
[DEBUG]          org.apache.maven.doxia:doxia-logging-api:jar:1.1:compile
[DEBUG]       org.apache.maven:maven-profile:jar:2.2.0:compile
[DEBUG]       org.apache.maven:maven-model:jar:2.2.0:compile
[DEBUG]       org.apache.maven:maven-artifact:jar:2.2.0:compile
[DEBUG]       org.codehaus.plexus:plexus-container-default:jar:1.0-alpha-9-stable-1:compile
[DEBUG]          junit:junit:jar:4.12:compile
[DEBUG]             org.hamcrest:hamcrest-core:jar:1.3:compile
[DEBUG]       org.apache.maven:maven-repository-metadata:jar:2.2.0:compile
[DEBUG]       org.apache.maven:maven-error-diagnostics:jar:2.2.0:compile
[DEBUG]       org.apache.maven:maven-project:jar:2.2.0:compile
[DEBUG]          org.apache.maven:maven-plugin-registry:jar:2.2.0:compile
[DEBUG]       commons-cli:commons-cli:jar:1.2:compile
[DEBUG]       org.apache.maven:maven-plugin-api:jar:2.2.0:compile
[DEBUG]       org.apache.maven:maven-plugin-descriptor:jar:2.2.0:compile
[DEBUG]       org.codehaus.plexus:plexus-interactivity-api:jar:1.0-alpha-4:compile
[DEBUG]       org.apache.maven:maven-artifact-manager:jar:2.2.0:compile
[DEBUG]          backport-util-concurrent:backport-util-concurrent:jar:3.1:compile
[DEBUG]       org.apache.maven:maven-monitor:jar:2.2.0:compile
[DEBUG]       classworlds:classworlds:jar:1.1:compile
[DEBUG]       org.sonatype.plexus:plexus-sec-dispatcher:jar:1.3:compile
[DEBUG]          org.sonatype.plexus:plexus-cipher:jar:1.4:compile
[DEBUG]    org.apache.maven:maven-archiver:jar:2.6:compile
[DEBUG]       org.apache.maven.shared:maven-shared-utils:jar:0.7:compile
[DEBUG]          com.google.code.findbugs:jsr305:jar:2.0.1:compile
[DEBUG]       org.codehaus.plexus:plexus-archiver:jar:2.8.1:compile
[DEBUG]          org.codehaus.plexus:plexus-io:jar:2.3.2:compile
[DEBUG]          org.apache.commons:commons-compress:jar:1.9:compile
[DEBUG]       org.codehaus.plexus:plexus-interpolation:jar:1.21:compile
[DEBUG]    org.apache.maven.shared:maven-dependency-tree:jar:2.1:compile
[DEBUG]       org.codehaus.plexus:plexus-component-annotations:jar:1.5.5:compile
[DEBUG]       org.eclipse.aether:aether-util:jar:0.9.0.M2:compile
[DEBUG]    org.codehaus.plexus:plexus-utils:jar:3.0.10:compile
[DEBUG]    org.sonatype.plexus:plexus-build-api:jar:0.0.7:compile
[DEBUG]    org.apache.maven.doxia:doxia-sink-api:jar:1.0:compile
[DEBUG]    org.apache.maven.doxia:doxia-site-renderer:jar:1.0:compile
[DEBUG]       org.apache.maven.doxia:doxia-core:jar:1.0:compile
[DEBUG]       org.codehaus.plexus:plexus-i18n:jar:1.0-beta-7:compile
[DEBUG]       org.codehaus.plexus:plexus-velocity:jar:1.1.7:compile
[DEBUG]       org.apache.velocity:velocity:jar:1.5:compile
[DEBUG]          commons-lang:commons-lang:jar:2.1:compile
[DEBUG]          oro:oro:jar:2.0.8:compile
[DEBUG]       org.apache.maven.doxia:doxia-decoration-model:jar:1.0:compile
[DEBUG]       commons-collections:commons-collections:jar:3.2:compile
[DEBUG]       org.apache.maven.doxia:doxia-module-apt:jar:1.0:compile
[DEBUG]       org.apache.maven.doxia:doxia-module-fml:jar:1.0:compile
[DEBUG]       org.apache.maven.doxia:doxia-module-xdoc:jar:1.0:compile
[DEBUG]       org.apache.maven.doxia:doxia-module-xhtml:jar:1.0:compile
[DEBUG]    org.jdom:jdom:jar:1.1:compile
[DEBUG] Created new class realm extension>org.apache.felix:maven-bundle-plugin:3.5.1
[DEBUG] Importing foreign packages into class realm extension>org.apache.felix:maven-bundle-plugin:3.5.1
[DEBUG]   Imported:  < maven.api
[DEBUG] Populating class realm extension>org.apache.felix:maven-bundle-plugin:3.5.1
[DEBUG]   Included: org.apache.felix:maven-bundle-plugin:jar:3.5.1
[DEBUG]   Included: org.osgi:org.osgi.core:jar:4.3.1
[DEBUG]   Included: biz.aQute.bnd:biz.aQute.bndlib:jar:3.5.0
[DEBUG]   Included: org.apache.felix:org.apache.felix.bundlerepository:jar:1.6.6
[DEBUG]   Included: org.easymock:easymock:jar:3.4
[DEBUG]   Included: org.objenesis:objenesis:jar:2.2
[DEBUG]   Included: org.apache.felix:org.apache.felix.utils:jar:1.6.0
[DEBUG]   Included: org.osgi:org.osgi.compendium:jar:4.2.0
[DEBUG]   Included: org.slf4j:slf4j-jdk14:jar:1.5.6
[DEBUG]   Included: org.slf4j:jcl-over-slf4j:jar:1.5.6
[DEBUG]   Included: org.apache.maven.reporting:maven-reporting-api:jar:2.2.0
[DEBUG]   Included: org.apache.maven.doxia:doxia-logging-api:jar:1.1
[DEBUG]   Included: junit:junit:jar:4.12
[DEBUG]   Included: org.hamcrest:hamcrest-core:jar:1.3
[DEBUG]   Included: commons-cli:commons-cli:jar:1.2
[DEBUG]   Included: org.codehaus.plexus:plexus-interactivity-api:jar:1.0-alpha-4
[DEBUG]   Included: backport-util-concurrent:backport-util-concurrent:jar:3.1
[DEBUG]   Included: org.sonatype.plexus:plexus-sec-dispatcher:jar:1.3
[DEBUG]   Included: org.sonatype.plexus:plexus-cipher:jar:1.4
[DEBUG]   Included: org.apache.maven:maven-archiver:jar:2.6
[DEBUG]   Included: org.apache.maven.shared:maven-shared-utils:jar:0.7
[DEBUG]   Included: com.google.code.findbugs:jsr305:jar:2.0.1
[DEBUG]   Included: org.codehaus.plexus:plexus-archiver:jar:2.8.1
[DEBUG]   Included: org.codehaus.plexus:plexus-io:jar:2.3.2
[DEBUG]   Included: org.apache.commons:commons-compress:jar:1.9
[DEBUG]   Included: org.codehaus.plexus:plexus-interpolation:jar:1.21
[DEBUG]   Included: org.apache.maven.shared:maven-dependency-tree:jar:2.1
[DEBUG]   Included: org.codehaus.plexus:plexus-component-annotations:jar:1.5.5
[DEBUG]   Included: org.eclipse.aether:aether-util:jar:0.9.0.M2
[DEBUG]   Included: org.codehaus.plexus:plexus-utils:jar:3.0.10
[DEBUG]   Included: org.sonatype.plexus:plexus-build-api:jar:0.0.7
[DEBUG]   Included: org.apache.maven.doxia:doxia-sink-api:jar:1.0
[DEBUG]   Included: org.apache.maven.doxia:doxia-site-renderer:jar:1.0
[DEBUG]   Included: org.apache.maven.doxia:doxia-core:jar:1.0
[DEBUG]   Included: org.codehaus.plexus:plexus-i18n:jar:1.0-beta-7
[DEBUG]   Included: org.codehaus.plexus:plexus-velocity:jar:1.1.7
[DEBUG]   Included: org.apache.velocity:velocity:jar:1.5
[DEBUG]   Included: commons-lang:commons-lang:jar:2.1
[DEBUG]   Included: oro:oro:jar:2.0.8
[DEBUG]   Included: org.apache.maven.doxia:doxia-decoration-model:jar:1.0
[DEBUG]   Included: commons-collections:commons-collections:jar:3.2
[DEBUG]   Included: org.apache.maven.doxia:doxia-module-apt:jar:1.0
[DEBUG]   Included: org.apache.maven.doxia:doxia-module-fml:jar:1.0
[DEBUG]   Included: org.apache.maven.doxia:doxia-module-xdoc:jar:1.0
[DEBUG]   Included: org.apache.maven.doxia:doxia-module-xhtml:jar:1.0
[DEBUG]   Included: org.jdom:jdom:jar:1.1
[DEBUG] Extension realms for project org.apache.pdfbox:pdfbox:bundle:3.0.0-SNAPSHOT: [ClassRealm[extension>org.apache.felix:maven-bundle-plugin:3.5.1, parent: sun.misc.Launcher$AppClassLoader@55f96302]]
[DEBUG] Created new class realm project>org.apache.pdfbox:pdfbox:3.0.0-SNAPSHOT
[DEBUG] Populating class realm project>org.apache.pdfbox:pdfbox:3.0.0-SNAPSHOT
[DEBUG] Looking up lifecycle mappings for packaging bundle from ClassRealm[project>org.apache.pdfbox:pdfbox:3.0.0-SNAPSHOT, parent: ClassRealm[maven.api, parent: null]]
[DEBUG] Extension realms for project org.apache.pdfbox:pdfbox-parent:pom:3.0.0-SNAPSHOT: (none)
[DEBUG] Looking up lifecycle mappings for packaging pom from ClassRealm[plexus.core, parent: null]
[DEBUG] Extension realms for project org.apache:apache:pom:20: (none)
[DEBUG] Looking up lifecycle mappings for packaging pom from ClassRealm[plexus.core, parent: null]
[DEBUG] === REACTOR BUILD PLAN ================================================
[DEBUG] Project: org.apache.pdfbox:pdfbox:bundle:3.0.0-SNAPSHOT
[DEBUG] Tasks:   [eu.stamp-project:dspot-maven:1.1.1-SNAPSHOT:amplify-unit-tests]
[DEBUG] Style:   Regular
[DEBUG] =======================================================================
[INFO] 
[INFO] ----------------------< org.apache.pdfbox:pdfbox >----------------------
[INFO] Building Apache PDFBox 3.0.0-SNAPSHOT
[INFO] -------------------------------[ bundle ]-------------------------------
[DEBUG] Lifecycle default -> [validate, initialize, generate-sources, process-sources, generate-resources, process-resources, compile, process-classes, generate-test-sources, process-test-sources, generate-test-resources, process-test-resources, test-compile, process-test-classes, test, prepare-package, package, pre-integration-test, integration-test, post-integration-test, verify, install, deploy]
[DEBUG] Lifecycle clean -> [pre-clean, clean, post-clean]
[DEBUG] Lifecycle site -> [pre-site, site, post-site, site-deploy]
[DEBUG] === PROJECT BUILD PLAN ================================================
[DEBUG] Project:       org.apache.pdfbox:pdfbox:3.0.0-SNAPSHOT
[DEBUG] Dependencies (collect): []
[DEBUG] Dependencies (resolve): [test]
[DEBUG] Repositories (dependencies): [apache.snapshots (https://repository.apache.org/snapshots, default, snapshots), central (https://repo.maven.apache.org/maven2, default, releases)]
[DEBUG] Repositories (plugins)     : [central (https://repo.maven.apache.org/maven2, default, releases)]
[DEBUG] -----------------------------------------------------------------------
[DEBUG] Goal:          eu.stamp-project:dspot-maven:1.1.1-SNAPSHOT:amplify-unit-tests (default-cli)
[DEBUG] Style:         Regular
[DEBUG] Configuration: <?xml version="1.0" encoding="UTF-8"?>
<configuration>
  <amplifiers default-value="None">${amplifiers}</amplifiers>
  <automaticBuilder default-value="MavenBuilder">${automatic-builder}</automaticBuilder>
  <budgetizer default-value="NoBudgetizer">${budgetizer}</budgetizer>
  <cases>${cases}</cases>
  <clean default-value="false">${clean}</clean>
  <descartes default-value="false">${descartes}</descartes>
  <example default-value="false">${example}</example>
  <generateNewTestClass default-value="false">${generate-new-test-class}</generateNewTestClass>
  <help default-value="false">${help}</help>
  <iteration default-value="3">${iteration}</iteration>
  <mavenHome>${maven-home}</mavenHome>
  <maxTestAmplified default-value="200">${max-test-amplified}</maxTestAmplified>
  <noMinimize default-value="false">${no-minimize}</noMinimize>
  <outputPath default-value="target/dspot/output">${output-path}</outputPath>
  <pathPitResult>${path-pit-result}</pathPitResult>
  <pathToProperties default-value="">${path-to-properties}</pathToProperties>
  <pathToSecondVersion default-value="">${path-to-second-version}</pathToSecondVersion>
  <pathToTestListCsv default-value="">${path-to-test-list-csv}</pathToTestListCsv>
  <project default-value="${project}"/>
  <randomSeed default-value="23">${randomSeed}</randomSeed>
  <test default-value="all">${test}</test>
  <testCriterion default-value="PitMutantScoreSelector">${test-criterion}</testCriterion>
  <timeOut default-value="10000">${timeOut}</timeOut>
  <useMavenToExeTest default-value="false">${use-maven-to-exe-test}</useMavenToExeTest>
  <verbose default-value="false">${verbose}</verbose>
  <withComment default-value="false">${with-comment}</withComment>
  <workingDirectory default-value="false">${working-directory}</workingDirectory>
</configuration>
[DEBUG] =======================================================================
[DEBUG] Skipped remote request for org.apache.pdfbox:fontbox:3.0.0-SNAPSHOT/maven-metadata.xml, locally cached metadata up-to-date.
[DEBUG] Skipped remote request for org.apache.pdfbox:fontbox:3.0.0-SNAPSHOT/maven-metadata.xml, locally cached metadata up-to-date.
[DEBUG] Skipped remote request for org.apache.pdfbox:pdfbox-parent:3.0.0-SNAPSHOT/maven-metadata.xml, locally cached metadata up-to-date.
[DEBUG] Dependency collection stats: {ConflictMarker.analyzeTime=95026, ConflictMarker.markTime=146722, ConflictMarker.nodeCount=16, ConflictIdSorter.graphTime=25989, ConflictIdSorter.topsortTime=17080, ConflictIdSorter.conflictIdCount=11, ConflictIdSorter.conflictIdCycleCount=0, ConflictResolver.totalTime=574455, ConflictResolver.conflictItemCount=15, DefaultDependencyCollector.collectTime=169234836, DefaultDependencyCollector.transformTime=883552}
[DEBUG] org.apache.pdfbox:pdfbox:bundle:3.0.0-SNAPSHOT
[DEBUG]    org.apache.pdfbox:fontbox:jar:3.0.0-SNAPSHOT:compile
[DEBUG]    commons-logging:commons-logging:jar:1.2:compile
[DEBUG]    org.bouncycastle:bcmail-jdk15on:jar:1.60:compile (optional)
[DEBUG]       org.bouncycastle:bcpkix-jdk15on:jar:1.60:compile (version managed from 1.60) (optional)
[DEBUG]    org.bouncycastle:bcprov-jdk15on:jar:1.60:compile (optional)
[DEBUG]    junit:junit:jar:4.12:test
[DEBUG]       org.hamcrest:hamcrest-core:jar:1.3:test
[DEBUG]    com.googlecode.java-diff-utils:diffutils:jar:1.3.0:test
[DEBUG]    org.apache.pdfbox:jbig2-imageio:jar:3.0.1:test
[DEBUG]    com.github.jai-imageio:jai-imageio-core:jar:1.4.0:test
[DEBUG]    com.github.jai-imageio:jai-imageio-jpeg2000:jar:1.3.0:test
[INFO] 
[INFO] --- dspot-maven:1.1.1-SNAPSHOT:amplify-unit-tests (default-cli) @ pdfbox ---
[DEBUG] Failure to find eu.stamp-project:dspot:1.1.1-SNAPSHOT/maven-metadata.xml in https://repo.gradle.org/gradle/libs-releases-local/ was cached in the local repository, resolution will not be reattempted until the update interval of gradle-repo has elapsed or updates are forced
[DEBUG] Skipped remote request for eu.stamp-project:dspot:1.1.1-SNAPSHOT/maven-metadata.xml, locally cached metadata up-to-date.
[DEBUG] Using transporter WagonTransporter with priority -1.0 for https://stamp-project.github.io/stamp-maven-repository/
[DEBUG] Using connector BasicRepositoryConnector with priority 0.0 for https://stamp-project.github.io/stamp-maven-repository/
Downloading from stamp-maven-repository-mvn-repo: https://stamp-project.github.io/stamp-maven-repository/eu/stamp-project/dspot/1.1.1-SNAPSHOT/maven-metadata.xml
[DEBUG] Writing tracking file /home/spirals/danglot/.m2/repository/eu/stamp-project/dspot/1.1.1-SNAPSHOT/resolver-status.properties
[DEBUG] Could not find metadata eu.stamp-project:dspot:1.1.1-SNAPSHOT/maven-metadata.xml in stamp-maven-repository-mvn-repo (https://stamp-project.github.io/stamp-maven-repository/)
[DEBUG] Skipped remote request for eu.stamp-project:dspot:1.1.1-SNAPSHOT/maven-metadata.xml, already updated during this session.
[DEBUG] Failure to find eu.stamp-project:dspot:1.1.1-SNAPSHOT/maven-metadata.xml in https://stamp-project.github.io/stamp-maven-repository/ was cached in the local repository, resolution will not be reattempted until the update interval of stamp-maven-repository-mvn-repo has elapsed or updates are forced
[DEBUG] Failure to find eu.stamp-project:dspot:1.1.1-SNAPSHOT/maven-metadata.xml in https://repo.gradle.org/gradle/libs-releases-local/ was cached in the local repository, resolution will not be reattempted until the update interval of gradle-repo has elapsed or updates are forced
[DEBUG] Skipped remote request for eu.stamp-project:dspot:1.1.1-SNAPSHOT/maven-metadata.xml, locally cached metadata up-to-date.
[DEBUG] Could not find metadata fr.inria.gforge.spoon:spoon-core:7.1.0-SNAPSHOT/maven-metadata.xml in local (/home/spirals/danglot/.m2/repository)
[DEBUG] Failure to find fr.inria.gforge.spoon:spoon-core:7.1.0-SNAPSHOT/maven-metadata.xml in https://repo.gradle.org/gradle/libs-releases-local/ was cached in the local repository, resolution will not be reattempted until the update interval of gradle-repo has elapsed or updates are forced
[DEBUG] Failure to find fr.inria.gforge.spoon:spoon-core:7.1.0-SNAPSHOT/maven-metadata.xml in https://oss.sonatype.org/content/repositories/snapshots was cached in the local repository, resolution will not be reattempted until the update interval of sonatype-nexus-snapshots has elapsed or updates are forced
[DEBUG] Skipped remote request for fr.inria.gforge.spoon:spoon-core:7.1.0-SNAPSHOT/maven-metadata.xml, locally cached metadata up-to-date.
[DEBUG] Using transporter WagonTransporter with priority -1.0 for https://stamp-project.github.io/stamp-maven-repository/
[DEBUG] Using connector BasicRepositoryConnector with priority 0.0 for https://stamp-project.github.io/stamp-maven-repository/
Downloading from stamp-maven-repository-mvn-repo: https://stamp-project.github.io/stamp-maven-repository/fr/inria/gforge/spoon/spoon-core/7.1.0-SNAPSHOT/maven-metadata.xml
[DEBUG] Writing tracking file /home/spirals/danglot/.m2/repository/fr/inria/gforge/spoon/spoon-core/7.1.0-SNAPSHOT/resolver-status.properties
[DEBUG] Could not find metadata fr.inria.gforge.spoon:spoon-core:7.1.0-SNAPSHOT/maven-metadata.xml in stamp-maven-repository-mvn-repo (https://stamp-project.github.io/stamp-maven-repository/)
[DEBUG] Could not find metadata fr.inria.gforge.spoon:spoon-core:7.1.0-SNAPSHOT/maven-metadata.xml in local (/home/spirals/danglot/.m2/repository)
[DEBUG] Skipped remote request for fr.inria.gforge.spoon:spoon-core:7.1.0-SNAPSHOT/maven-metadata.xml, already updated during this session.
[DEBUG] Failure to find fr.inria.gforge.spoon:spoon-core:7.1.0-SNAPSHOT/maven-metadata.xml in https://stamp-project.github.io/stamp-maven-repository/ was cached in the local repository, resolution will not be reattempted until the update interval of stamp-maven-repository-mvn-repo has elapsed or updates are forced
[DEBUG] Failure to find fr.inria.gforge.spoon:spoon-core:7.1.0-SNAPSHOT/maven-metadata.xml in https://repo.gradle.org/gradle/libs-releases-local/ was cached in the local repository, resolution will not be reattempted until the update interval of gradle-repo has elapsed or updates are forced
[DEBUG] Failure to find fr.inria.gforge.spoon:spoon-core:7.1.0-SNAPSHOT/maven-metadata.xml in https://oss.sonatype.org/content/repositories/snapshots was cached in the local repository, resolution will not be reattempted until the update interval of sonatype-nexus-snapshots has elapsed or updates are forced
[DEBUG] Skipped remote request for fr.inria.gforge.spoon:spoon-core:7.1.0-SNAPSHOT/maven-metadata.xml, locally cached metadata up-to-date.
[DEBUG] Could not find metadata org.eclipse.platform:org.eclipse.core.resources/maven-metadata.xml in local (/home/spirals/danglot/.m2/repository)
[DEBUG] Skipped remote request for org.eclipse.platform:org.eclipse.core.resources/maven-metadata.xml, locally cached metadata up-to-date.
[DEBUG] Failure to find org.eclipse.platform:org.eclipse.core.resources/maven-metadata.xml in https://repo.gradle.org/gradle/libs-releases-local/ was cached in the local repository, resolution will not be reattempted until the update interval of gradle-repo has elapsed or updates are forced
[DEBUG] Failure to find org.eclipse.platform:org.eclipse.core.resources/maven-metadata.xml in https://oss.sonatype.org/content/repositories/snapshots was cached in the local repository, resolution will not be reattempted until the update interval of sonatype-nexus-snapshots has elapsed or updates are forced
[DEBUG] Failure to find org.eclipse.platform:org.eclipse.core.resources/maven-metadata.xml in http://maven.inria.fr/artifactory/spoon-public-snapshot was cached in the local repository, resolution will not be reattempted until the update interval of maven.inria.fr-snapshot has elapsed or updates are forced
[DEBUG] Failure to find org.eclipse.platform:org.eclipse.core.resources/maven-metadata.xml in http://maven.inria.fr/artifactory/triskell-public-release was cached in the local repository, resolution will not be reattempted until the update interval of inria has elapsed or updates are forced
[DEBUG] Using transporter WagonTransporter with priority -1.0 for https://stamp-project.github.io/stamp-maven-repository/
[DEBUG] Using connector BasicRepositoryConnector with priority 0.0 for https://stamp-project.github.io/stamp-maven-repository/
Downloading from stamp-maven-repository-mvn-repo: https://stamp-project.github.io/stamp-maven-repository/org/eclipse/platform/org.eclipse.core.resources/maven-metadata.xml
[DEBUG] Writing tracking file /home/spirals/danglot/.m2/repository/org/eclipse/platform/org.eclipse.core.resources/resolver-status.properties
[DEBUG] Could not find metadata org.eclipse.platform:org.eclipse.core.resources/maven-metadata.xml in stamp-maven-repository-mvn-repo (https://stamp-project.github.io/stamp-maven-repository/)
[DEBUG] Could not find metadata org.eclipse.platform:org.eclipse.core.expressions/maven-metadata.xml in local (/home/spirals/danglot/.m2/repository)
[DEBUG] Skipped remote request for org.eclipse.platform:org.eclipse.core.expressions/maven-metadata.xml, locally cached metadata up-to-date.
[DEBUG] Failure to find org.eclipse.platform:org.eclipse.core.expressions/maven-metadata.xml in https://repo.gradle.org/gradle/libs-releases-local/ was cached in the local repository, resolution will not be reattempted until the update interval of gradle-repo has elapsed or updates are forced
[DEBUG] Failure to find org.eclipse.platform:org.eclipse.core.expressions/maven-metadata.xml in https://oss.sonatype.org/content/repositories/snapshots was cached in the local repository, resolution will not be reattempted until the update interval of sonatype-nexus-snapshots has elapsed or updates are forced
[DEBUG] Failure to find org.eclipse.platform:org.eclipse.core.expressions/maven-metadata.xml in http://maven.inria.fr/artifactory/spoon-public-snapshot was cached in the local repository, resolution will not be reattempted until the update interval of maven.inria.fr-snapshot has elapsed or updates are forced
[DEBUG] Failure to find org.eclipse.platform:org.eclipse.core.expressions/maven-metadata.xml in http://maven.inria.fr/artifactory/triskell-public-release was cached in the local repository, resolution will not be reattempted until the update interval of inria has elapsed or updates are forced
[DEBUG] Using transporter WagonTransporter with priority -1.0 for https://stamp-project.github.io/stamp-maven-repository/
[DEBUG] Using connector BasicRepositoryConnector with priority 0.0 for https://stamp-project.github.io/stamp-maven-repository/
Downloading from stamp-maven-repository-mvn-repo: https://stamp-project.github.io/stamp-maven-repository/org/eclipse/platform/org.eclipse.core.expressions/maven-metadata.xml
[DEBUG] Writing tracking file /home/spirals/danglot/.m2/repository/org/eclipse/platform/org.eclipse.core.expressions/resolver-status.properties
[DEBUG] Could not find metadata org.eclipse.platform:org.eclipse.core.expressions/maven-metadata.xml in stamp-maven-repository-mvn-repo (https://stamp-project.github.io/stamp-maven-repository/)
[DEBUG] Could not find metadata org.eclipse.platform:org.eclipse.core.runtime/maven-metadata.xml in local (/home/spirals/danglot/.m2/repository)
[DEBUG] Skipped remote request for org.eclipse.platform:org.eclipse.core.runtime/maven-metadata.xml, locally cached metadata up-to-date.
[DEBUG] Failure to find org.eclipse.platform:org.eclipse.core.runtime/maven-metadata.xml in https://repo.gradle.org/gradle/libs-releases-local/ was cached in the local repository, resolution will not be reattempted until the update interval of gradle-repo has elapsed or updates are forced
[DEBUG] Failure to find org.eclipse.platform:org.eclipse.core.runtime/maven-metadata.xml in https://oss.sonatype.org/content/repositories/snapshots was cached in the local repository, resolution will not be reattempted until the update interval of sonatype-nexus-snapshots has elapsed or updates are forced
[DEBUG] Failure to find org.eclipse.platform:org.eclipse.core.runtime/maven-metadata.xml in http://maven.inria.fr/artifactory/spoon-public-snapshot was cached in the local repository, resolution will not be reattempted until the update interval of maven.inria.fr-snapshot has elapsed or updates are forced
[DEBUG] Failure to find org.eclipse.platform:org.eclipse.core.runtime/maven-metadata.xml in http://maven.inria.fr/artifactory/triskell-public-release was cached in the local repository, resolution will not be reattempted until the update interval of inria has elapsed or updates are forced
[DEBUG] Using transporter WagonTransporter with priority -1.0 for https://stamp-project.github.io/stamp-maven-repository/
[DEBUG] Using connector BasicRepositoryConnector with priority 0.0 for https://stamp-project.github.io/stamp-maven-repository/
Downloading from stamp-maven-repository-mvn-repo: https://stamp-project.github.io/stamp-maven-repository/org/eclipse/platform/org.eclipse.core.runtime/maven-metadata.xml
[DEBUG] Writing tracking file /home/spirals/danglot/.m2/repository/org/eclipse/platform/org.eclipse.core.runtime/resolver-status.properties
[DEBUG] Could not find metadata org.eclipse.platform:org.eclipse.core.runtime/maven-metadata.xml in stamp-maven-repository-mvn-repo (https://stamp-project.github.io/stamp-maven-repository/)
[DEBUG] Could not find metadata org.eclipse.platform:org.eclipse.osgi/maven-metadata.xml in local (/home/spirals/danglot/.m2/repository)
[DEBUG] Skipped remote request for org.eclipse.platform:org.eclipse.osgi/maven-metadata.xml, locally cached metadata up-to-date.
[DEBUG] Failure to find org.eclipse.platform:org.eclipse.osgi/maven-metadata.xml in https://repo.gradle.org/gradle/libs-releases-local/ was cached in the local repository, resolution will not be reattempted until the update interval of gradle-repo has elapsed or updates are forced
[DEBUG] Failure to find org.eclipse.platform:org.eclipse.osgi/maven-metadata.xml in https://oss.sonatype.org/content/repositories/snapshots was cached in the local repository, resolution will not be reattempted until the update interval of sonatype-nexus-snapshots has elapsed or updates are forced
[DEBUG] Failure to find org.eclipse.platform:org.eclipse.osgi/maven-metadata.xml in http://maven.inria.fr/artifactory/spoon-public-snapshot was cached in the local repository, resolution will not be reattempted until the update interval of maven.inria.fr-snapshot has elapsed or updates are forced
[DEBUG] Failure to find org.eclipse.platform:org.eclipse.osgi/maven-metadata.xml in http://maven.inria.fr/artifactory/triskell-public-release was cached in the local repository, resolution will not be reattempted until the update interval of inria has elapsed or updates are forced
[DEBUG] Using transporter WagonTransporter with priority -1.0 for https://stamp-project.github.io/stamp-maven-repository/
[DEBUG] Using connector BasicRepositoryConnector with priority 0.0 for https://stamp-project.github.io/stamp-maven-repository/
Downloading from stamp-maven-repository-mvn-repo: https://stamp-project.github.io/stamp-maven-repository/org/eclipse/platform/org.eclipse.osgi/maven-metadata.xml
[DEBUG] Writing tracking file /home/spirals/danglot/.m2/repository/org/eclipse/platform/org.eclipse.osgi/resolver-status.properties
[DEBUG] Could not find metadata org.eclipse.platform:org.eclipse.osgi/maven-metadata.xml in stamp-maven-repository-mvn-repo (https://stamp-project.github.io/stamp-maven-repository/)
[DEBUG] Could not find metadata org.eclipse.platform:org.eclipse.equinox.common/maven-metadata.xml in local (/home/spirals/danglot/.m2/repository)
[DEBUG] Skipped remote request for org.eclipse.platform:org.eclipse.equinox.common/maven-metadata.xml, locally cached metadata up-to-date.
[DEBUG] Failure to find org.eclipse.platform:org.eclipse.equinox.common/maven-metadata.xml in https://repo.gradle.org/gradle/libs-releases-local/ was cached in the local repository, resolution will not be reattempted until the update interval of gradle-repo has elapsed or updates are forced
[DEBUG] Failure to find org.eclipse.platform:org.eclipse.equinox.common/maven-metadata.xml in https://oss.sonatype.org/content/repositories/snapshots was cached in the local repository, resolution will not be reattempted until the update interval of sonatype-nexus-snapshots has elapsed or updates are forced
[DEBUG] Failure to find org.eclipse.platform:org.eclipse.equinox.common/maven-metadata.xml in http://maven.inria.fr/artifactory/spoon-public-snapshot was cached in the local repository, resolution will not be reattempted until the update interval of maven.inria.fr-snapshot has elapsed or updates are forced
[DEBUG] Failure to find org.eclipse.platform:org.eclipse.equinox.common/maven-metadata.xml in http://maven.inria.fr/artifactory/triskell-public-release was cached in the local repository, resolution will not be reattempted until the update interval of inria has elapsed or updates are forced
[DEBUG] Using transporter WagonTransporter with priority -1.0 for https://stamp-project.github.io/stamp-maven-repository/
[DEBUG] Using connector BasicRepositoryConnector with priority 0.0 for https://stamp-project.github.io/stamp-maven-repository/
Downloading from stamp-maven-repository-mvn-repo: https://stamp-project.github.io/stamp-maven-repository/org/eclipse/platform/org.eclipse.equinox.common/maven-metadata.xml
[DEBUG] Writing tracking file /home/spirals/danglot/.m2/repository/org/eclipse/platform/org.eclipse.equinox.common/resolver-status.properties
[DEBUG] Could not find metadata org.eclipse.platform:org.eclipse.equinox.common/maven-metadata.xml in stamp-maven-repository-mvn-repo (https://stamp-project.github.io/stamp-maven-repository/)
[DEBUG] Could not find metadata org.eclipse.platform:org.eclipse.core.jobs/maven-metadata.xml in local (/home/spirals/danglot/.m2/repository)
[DEBUG] Skipped remote request for org.eclipse.platform:org.eclipse.core.jobs/maven-metadata.xml, locally cached metadata up-to-date.
[DEBUG] Failure to find org.eclipse.platform:org.eclipse.core.jobs/maven-metadata.xml in https://repo.gradle.org/gradle/libs-releases-local/ was cached in the local repository, resolution will not be reattempted until the update interval of gradle-repo has elapsed or updates are forced
[DEBUG] Failure to find org.eclipse.platform:org.eclipse.core.jobs/maven-metadata.xml in https://oss.sonatype.org/content/repositories/snapshots was cached in the local repository, resolution will not be reattempted until the update interval of sonatype-nexus-snapshots has elapsed or updates are forced
[DEBUG] Failure to find org.eclipse.platform:org.eclipse.core.jobs/maven-metadata.xml in http://maven.inria.fr/artifactory/spoon-public-snapshot was cached in the local repository, resolution will not be reattempted until the update interval of maven.inria.fr-snapshot has elapsed or updates are forced
[DEBUG] Failure to find org.eclipse.platform:org.eclipse.core.jobs/maven-metadata.xml in http://maven.inria.fr/artifactory/triskell-public-release was cached in the local repository, resolution will not be reattempted until the update interval of inria has elapsed or updates are forced
[DEBUG] Using transporter WagonTransporter with priority -1.0 for https://stamp-project.github.io/stamp-maven-repository/
[DEBUG] Using connector BasicRepositoryConnector with priority 0.0 for https://stamp-project.github.io/stamp-maven-repository/
Downloading from stamp-maven-repository-mvn-repo: https://stamp-project.github.io/stamp-maven-repository/org/eclipse/platform/org.eclipse.core.jobs/maven-metadata.xml
[DEBUG] Writing tracking file /home/spirals/danglot/.m2/repository/org/eclipse/platform/org.eclipse.core.jobs/resolver-status.properties
[DEBUG] Could not find metadata org.eclipse.platform:org.eclipse.core.jobs/maven-metadata.xml in stamp-maven-repository-mvn-repo (https://stamp-project.github.io/stamp-maven-repository/)
[DEBUG] Could not find metadata org.eclipse.platform:org.eclipse.equinox.registry/maven-metadata.xml in local (/home/spirals/danglot/.m2/repository)
[DEBUG] Skipped remote request for org.eclipse.platform:org.eclipse.equinox.registry/maven-metadata.xml, locally cached metadata up-to-date.
[DEBUG] Failure to find org.eclipse.platform:org.eclipse.equinox.registry/maven-metadata.xml in https://repo.gradle.org/gradle/libs-releases-local/ was cached in the local repository, resolution will not be reattempted until the update interval of gradle-repo has elapsed or updates are forced
[DEBUG] Failure to find org.eclipse.platform:org.eclipse.equinox.registry/maven-metadata.xml in https://oss.sonatype.org/content/repositories/snapshots was cached in the local repository, resolution will not be reattempted until the update interval of sonatype-nexus-snapshots has elapsed or updates are forced
[DEBUG] Failure to find org.eclipse.platform:org.eclipse.equinox.registry/maven-metadata.xml in http://maven.inria.fr/artifactory/spoon-public-snapshot was cached in the local repository, resolution will not be reattempted until the update interval of maven.inria.fr-snapshot has elapsed or updates are forced
[DEBUG] Failure to find org.eclipse.platform:org.eclipse.equinox.registry/maven-metadata.xml in http://maven.inria.fr/artifactory/triskell-public-release was cached in the local repository, resolution will not be reattempted until the update interval of inria has elapsed or updates are forced
[DEBUG] Using transporter WagonTransporter with priority -1.0 for https://stamp-project.github.io/stamp-maven-repository/
[DEBUG] Using connector BasicRepositoryConnector with priority 0.0 for https://stamp-project.github.io/stamp-maven-repository/
Downloading from stamp-maven-repository-mvn-repo: https://stamp-project.github.io/stamp-maven-repository/org/eclipse/platform/org.eclipse.equinox.registry/maven-metadata.xml
[DEBUG] Writing tracking file /home/spirals/danglot/.m2/repository/org/eclipse/platform/org.eclipse.equinox.registry/resolver-status.properties
[DEBUG] Could not find metadata org.eclipse.platform:org.eclipse.equinox.registry/maven-metadata.xml in stamp-maven-repository-mvn-repo (https://stamp-project.github.io/stamp-maven-repository/)
[DEBUG] Could not find metadata org.eclipse.platform:org.eclipse.equinox.common/maven-metadata.xml in local (/home/spirals/danglot/.m2/repository)
[DEBUG] Skipped remote request for org.eclipse.platform:org.eclipse.equinox.common/maven-metadata.xml, locally cached metadata up-to-date.
[DEBUG] Skipped remote request for org.eclipse.platform:org.eclipse.equinox.common/maven-metadata.xml, already updated during this session.
[DEBUG] Failure to find org.eclipse.platform:org.eclipse.equinox.common/maven-metadata.xml in https://stamp-project.github.io/stamp-maven-repository/ was cached in the local repository, resolution will not be reattempted until the update interval of stamp-maven-repository-mvn-repo has elapsed or updates are forced
[DEBUG] Failure to find org.eclipse.platform:org.eclipse.equinox.common/maven-metadata.xml in https://repo.gradle.org/gradle/libs-releases-local/ was cached in the local repository, resolution will not be reattempted until the update interval of gradle-repo has elapsed or updates are forced
[DEBUG] Failure to find org.eclipse.platform:org.eclipse.equinox.common/maven-metadata.xml in https://oss.sonatype.org/content/repositories/snapshots was cached in the local repository, resolution will not be reattempted until the update interval of sonatype-nexus-snapshots has elapsed or updates are forced
[DEBUG] Failure to find org.eclipse.platform:org.eclipse.equinox.common/maven-metadata.xml in http://maven.inria.fr/artifactory/spoon-public-snapshot was cached in the local repository, resolution will not be reattempted until the update interval of maven.inria.fr-snapshot has elapsed or updates are forced
[DEBUG] Failure to find org.eclipse.platform:org.eclipse.equinox.common/maven-metadata.xml in http://maven.inria.fr/artifactory/triskell-public-release was cached in the local repository, resolution will not be reattempted until the update interval of inria has elapsed or updates are forced
[DEBUG] Could not find metadata org.eclipse.platform:org.eclipse.equinox.preferences/maven-metadata.xml in local (/home/spirals/danglot/.m2/repository)
[DEBUG] Skipped remote request for org.eclipse.platform:org.eclipse.equinox.preferences/maven-metadata.xml, locally cached metadata up-to-date.
[DEBUG] Failure to find org.eclipse.platform:org.eclipse.equinox.preferences/maven-metadata.xml in https://repo.gradle.org/gradle/libs-releases-local/ was cached in the local repository, resolution will not be reattempted until the update interval of gradle-repo has elapsed or updates are forced
[DEBUG] Failure to find org.eclipse.platform:org.eclipse.equinox.preferences/maven-metadata.xml in https://oss.sonatype.org/content/repositories/snapshots was cached in the local repository, resolution will not be reattempted until the update interval of sonatype-nexus-snapshots has elapsed or updates are forced
[DEBUG] Failure to find org.eclipse.platform:org.eclipse.equinox.preferences/maven-metadata.xml in http://maven.inria.fr/artifactory/spoon-public-snapshot was cached in the local repository, resolution will not be reattempted until the update interval of maven.inria.fr-snapshot has elapsed or updates are forced
[DEBUG] Failure to find org.eclipse.platform:org.eclipse.equinox.preferences/maven-metadata.xml in http://maven.inria.fr/artifactory/triskell-public-release was cached in the local repository, resolution will not be reattempted until the update interval of inria has elapsed or updates are forced
[DEBUG] Using transporter WagonTransporter with priority -1.0 for https://stamp-project.github.io/stamp-maven-repository/
[DEBUG] Using connector BasicRepositoryConnector with priority 0.0 for https://stamp-project.github.io/stamp-maven-repository/
Downloading from stamp-maven-repository-mvn-repo: https://stamp-project.github.io/stamp-maven-repository/org/eclipse/platform/org.eclipse.equinox.preferences/maven-metadata.xml
[DEBUG] Writing tracking file /home/spirals/danglot/.m2/repository/org/eclipse/platform/org.eclipse.equinox.preferences/resolver-status.properties
[DEBUG] Could not find metadata org.eclipse.platform:org.eclipse.equinox.preferences/maven-metadata.xml in stamp-maven-repository-mvn-repo (https://stamp-project.github.io/stamp-maven-repository/)
[DEBUG] Could not find metadata org.eclipse.platform:org.eclipse.equinox.common/maven-metadata.xml in local (/home/spirals/danglot/.m2/repository)
[DEBUG] Skipped remote request for org.eclipse.platform:org.eclipse.equinox.common/maven-metadata.xml, locally cached metadata up-to-date.
[DEBUG] Skipped remote request for org.eclipse.platform:org.eclipse.equinox.common/maven-metadata.xml, already updated during this session.
[DEBUG] Failure to find org.eclipse.platform:org.eclipse.equinox.common/maven-metadata.xml in https://stamp-project.github.io/stamp-maven-repository/ was cached in the local repository, resolution will not be reattempted until the update interval of stamp-maven-repository-mvn-repo has elapsed or updates are forced
[DEBUG] Failure to find org.eclipse.platform:org.eclipse.equinox.common/maven-metadata.xml in https://repo.gradle.org/gradle/libs-releases-local/ was cached in the local repository, resolution will not be reattempted until the update interval of gradle-repo has elapsed or updates are forced
[DEBUG] Failure to find org.eclipse.platform:org.eclipse.equinox.common/maven-metadata.xml in https://oss.sonatype.org/content/repositories/snapshots was cached in the local repository, resolution will not be reattempted until the update interval of sonatype-nexus-snapshots has elapsed or updates are forced
[DEBUG] Failure to find org.eclipse.platform:org.eclipse.equinox.common/maven-metadata.xml in http://maven.inria.fr/artifactory/spoon-public-snapshot was cached in the local repository, resolution will not be reattempted until the update interval of maven.inria.fr-snapshot has elapsed or updates are forced
[DEBUG] Failure to find org.eclipse.platform:org.eclipse.equinox.common/maven-metadata.xml in http://maven.inria.fr/artifactory/triskell-public-release was cached in the local repository, resolution will not be reattempted until the update interval of inria has elapsed or updates are forced
[DEBUG] Could not find metadata org.eclipse.platform:org.eclipse.core.contenttype/maven-metadata.xml in local (/home/spirals/danglot/.m2/repository)
[DEBUG] Skipped remote request for org.eclipse.platform:org.eclipse.core.contenttype/maven-metadata.xml, locally cached metadata up-to-date.
[DEBUG] Failure to find org.eclipse.platform:org.eclipse.core.contenttype/maven-metadata.xml in https://repo.gradle.org/gradle/libs-releases-local/ was cached in the local repository, resolution will not be reattempted until the update interval of gradle-repo has elapsed or updates are forced
[DEBUG] Failure to find org.eclipse.platform:org.eclipse.core.contenttype/maven-metadata.xml in https://oss.sonatype.org/content/repositories/snapshots was cached in the local repository, resolution will not be reattempted until the update interval of sonatype-nexus-snapshots has elapsed or updates are forced
[DEBUG] Failure to find org.eclipse.platform:org.eclipse.core.contenttype/maven-metadata.xml in http://maven.inria.fr/artifactory/spoon-public-snapshot was cached in the local repository, resolution will not be reattempted until the update interval of maven.inria.fr-snapshot has elapsed or updates are forced
[DEBUG] Failure to find org.eclipse.platform:org.eclipse.core.contenttype/maven-metadata.xml in http://maven.inria.fr/artifactory/triskell-public-release was cached in the local repository, resolution will not be reattempted until the update interval of inria has elapsed or updates are forced
[DEBUG] Using transporter WagonTransporter with priority -1.0 for https://stamp-project.github.io/stamp-maven-repository/
[DEBUG] Using connector BasicRepositoryConnector with priority 0.0 for https://stamp-project.github.io/stamp-maven-repository/
Downloading from stamp-maven-repository-mvn-repo: https://stamp-project.github.io/stamp-maven-repository/org/eclipse/platform/org.eclipse.core.contenttype/maven-metadata.xml
[DEBUG] Writing tracking file /home/spirals/danglot/.m2/repository/org/eclipse/platform/org.eclipse.core.contenttype/resolver-status.properties
[DEBUG] Could not find metadata org.eclipse.platform:org.eclipse.core.contenttype/maven-metadata.xml in stamp-maven-repository-mvn-repo (https://stamp-project.github.io/stamp-maven-repository/)
[DEBUG] Could not find metadata org.eclipse.platform:org.eclipse.equinox.preferences/maven-metadata.xml in local (/home/spirals/danglot/.m2/repository)
[DEBUG] Skipped remote request for org.eclipse.platform:org.eclipse.equinox.preferences/maven-metadata.xml, locally cached metadata up-to-date.
[DEBUG] Skipped remote request for org.eclipse.platform:org.eclipse.equinox.preferences/maven-metadata.xml, already updated during this session.
[DEBUG] Failure to find org.eclipse.platform:org.eclipse.equinox.preferences/maven-metadata.xml in https://stamp-project.github.io/stamp-maven-repository/ was cached in the local repository, resolution will not be reattempted until the update interval of stamp-maven-repository-mvn-repo has elapsed or updates are forced
[DEBUG] Failure to find org.eclipse.platform:org.eclipse.equinox.preferences/maven-metadata.xml in https://repo.gradle.org/gradle/libs-releases-local/ was cached in the local repository, resolution will not be reattempted until the update interval of gradle-repo has elapsed or updates are forced
[DEBUG] Failure to find org.eclipse.platform:org.eclipse.equinox.preferences/maven-metadata.xml in https://oss.sonatype.org/content/repositories/snapshots was cached in the local repository, resolution will not be reattempted until the update interval of sonatype-nexus-snapshots has elapsed or updates are forced
[DEBUG] Failure to find org.eclipse.platform:org.eclipse.equinox.preferences/maven-metadata.xml in http://maven.inria.fr/artifactory/spoon-public-snapshot was cached in the local repository, resolution will not be reattempted until the update interval of maven.inria.fr-snapshot has elapsed or updates are forced
[DEBUG] Failure to find org.eclipse.platform:org.eclipse.equinox.preferences/maven-metadata.xml in http://maven.inria.fr/artifactory/triskell-public-release was cached in the local repository, resolution will not be reattempted until the update interval of inria has elapsed or updates are forced
[DEBUG] Could not find metadata org.eclipse.platform:org.eclipse.equinox.registry/maven-metadata.xml in local (/home/spirals/danglot/.m2/repository)
[DEBUG] Skipped remote request for org.eclipse.platform:org.eclipse.equinox.registry/maven-metadata.xml, locally cached metadata up-to-date.
[DEBUG] Skipped remote request for org.eclipse.platform:org.eclipse.equinox.registry/maven-metadata.xml, already updated during this session.
[DEBUG] Failure to find org.eclipse.platform:org.eclipse.equinox.registry/maven-metadata.xml in https://stamp-project.github.io/stamp-maven-repository/ was cached in the local repository, resolution will not be reattempted until the update interval of stamp-maven-repository-mvn-repo has elapsed or updates are forced
[DEBUG] Failure to find org.eclipse.platform:org.eclipse.equinox.registry/maven-metadata.xml in https://repo.gradle.org/gradle/libs-releases-local/ was cached in the local repository, resolution will not be reattempted until the update interval of gradle-repo has elapsed or updates are forced
[DEBUG] Failure to find org.eclipse.platform:org.eclipse.equinox.registry/maven-metadata.xml in https://oss.sonatype.org/content/repositories/snapshots was cached in the local repository, resolution will not be reattempted until the update interval of sonatype-nexus-snapshots has elapsed or updates are forced
[DEBUG] Failure to find org.eclipse.platform:org.eclipse.equinox.registry/maven-metadata.xml in http://maven.inria.fr/artifactory/spoon-public-snapshot was cached in the local repository, resolution will not be reattempted until the update interval of maven.inria.fr-snapshot has elapsed or updates are forced
[DEBUG] Failure to find org.eclipse.platform:org.eclipse.equinox.registry/maven-metadata.xml in http://maven.inria.fr/artifactory/triskell-public-release was cached in the local repository, resolution will not be reattempted until the update interval of inria has elapsed or updates are forced
[DEBUG] Could not find metadata org.eclipse.platform:org.eclipse.equinox.app/maven-metadata.xml in local (/home/spirals/danglot/.m2/repository)
[DEBUG] Skipped remote request for org.eclipse.platform:org.eclipse.equinox.app/maven-metadata.xml, locally cached metadata up-to-date.
[DEBUG] Failure to find org.eclipse.platform:org.eclipse.equinox.app/maven-metadata.xml in https://repo.gradle.org/gradle/libs-releases-local/ was cached in the local repository, resolution will not be reattempted until the update interval of gradle-repo has elapsed or updates are forced
[DEBUG] Failure to find org.eclipse.platform:org.eclipse.equinox.app/maven-metadata.xml in https://oss.sonatype.org/content/repositories/snapshots was cached in the local repository, resolution will not be reattempted until the update interval of sonatype-nexus-snapshots has elapsed or updates are forced
[DEBUG] Failure to find org.eclipse.platform:org.eclipse.equinox.app/maven-metadata.xml in http://maven.inria.fr/artifactory/spoon-public-snapshot was cached in the local repository, resolution will not be reattempted until the update interval of maven.inria.fr-snapshot has elapsed or updates are forced
[DEBUG] Failure to find org.eclipse.platform:org.eclipse.equinox.app/maven-metadata.xml in http://maven.inria.fr/artifactory/triskell-public-release was cached in the local repository, resolution will not be reattempted until the update interval of inria has elapsed or updates are forced
[DEBUG] Using transporter WagonTransporter with priority -1.0 for https://stamp-project.github.io/stamp-maven-repository/
[DEBUG] Using connector BasicRepositoryConnector with priority 0.0 for https://stamp-project.github.io/stamp-maven-repository/
Downloading from stamp-maven-repository-mvn-repo: https://stamp-project.github.io/stamp-maven-repository/org/eclipse/platform/org.eclipse.equinox.app/maven-metadata.xml
[DEBUG] Writing tracking file /home/spirals/danglot/.m2/repository/org/eclipse/platform/org.eclipse.equinox.app/resolver-status.properties
[DEBUG] Could not find metadata org.eclipse.platform:org.eclipse.equinox.app/maven-metadata.xml in stamp-maven-repository-mvn-repo (https://stamp-project.github.io/stamp-maven-repository/)
[DEBUG] Could not find metadata org.eclipse.platform:org.eclipse.equinox.registry/maven-metadata.xml in local (/home/spirals/danglot/.m2/repository)
[DEBUG] Skipped remote request for org.eclipse.platform:org.eclipse.equinox.registry/maven-metadata.xml, locally cached metadata up-to-date.
[DEBUG] Skipped remote request for org.eclipse.platform:org.eclipse.equinox.registry/maven-metadata.xml, already updated during this session.
[DEBUG] Failure to find org.eclipse.platform:org.eclipse.equinox.registry/maven-metadata.xml in https://stamp-project.github.io/stamp-maven-repository/ was cached in the local repository, resolution will not be reattempted until the update interval of stamp-maven-repository-mvn-repo has elapsed or updates are forced
[DEBUG] Failure to find org.eclipse.platform:org.eclipse.equinox.registry/maven-metadata.xml in https://repo.gradle.org/gradle/libs-releases-local/ was cached in the local repository, resolution will not be reattempted until the update interval of gradle-repo has elapsed or updates are forced
[DEBUG] Failure to find org.eclipse.platform:org.eclipse.equinox.registry/maven-metadata.xml in https://oss.sonatype.org/content/repositories/snapshots was cached in the local repository, resolution will not be reattempted until the update interval of sonatype-nexus-snapshots has elapsed or updates are forced
[DEBUG] Failure to find org.eclipse.platform:org.eclipse.equinox.registry/maven-metadata.xml in http://maven.inria.fr/artifactory/spoon-public-snapshot was cached in the local repository, resolution will not be reattempted until the update interval of maven.inria.fr-snapshot has elapsed or updates are forced
[DEBUG] Failure to find org.eclipse.platform:org.eclipse.equinox.registry/maven-metadata.xml in http://maven.inria.fr/artifactory/triskell-public-release was cached in the local repository, resolution will not be reattempted until the update interval of inria has elapsed or updates are forced
[DEBUG] Could not find metadata org.eclipse.platform:org.eclipse.osgi/maven-metadata.xml in local (/home/spirals/danglot/.m2/repository)
[DEBUG] Skipped remote request for org.eclipse.platform:org.eclipse.osgi/maven-metadata.xml, locally cached metadata up-to-date.
[DEBUG] Skipped remote request for org.eclipse.platform:org.eclipse.osgi/maven-metadata.xml, already updated during this session.
[DEBUG] Failure to find org.eclipse.platform:org.eclipse.osgi/maven-metadata.xml in https://stamp-project.github.io/stamp-maven-repository/ was cached in the local repository, resolution will not be reattempted until the update interval of stamp-maven-repository-mvn-repo has elapsed or updates are forced
[DEBUG] Failure to find org.eclipse.platform:org.eclipse.osgi/maven-metadata.xml in https://repo.gradle.org/gradle/libs-releases-local/ was cached in the local repository, resolution will not be reattempted until the update interval of gradle-repo has elapsed or updates are forced
[DEBUG] Failure to find org.eclipse.platform:org.eclipse.osgi/maven-metadata.xml in https://oss.sonatype.org/content/repositories/snapshots was cached in the local repository, resolution will not be reattempted until the update interval of sonatype-nexus-snapshots has elapsed or updates are forced
[DEBUG] Failure to find org.eclipse.platform:org.eclipse.osgi/maven-metadata.xml in http://maven.inria.fr/artifactory/spoon-public-snapshot was cached in the local repository, resolution will not be reattempted until the update interval of maven.inria.fr-snapshot has elapsed or updates are forced
[DEBUG] Failure to find org.eclipse.platform:org.eclipse.osgi/maven-metadata.xml in http://maven.inria.fr/artifactory/triskell-public-release was cached in the local repository, resolution will not be reattempted until the update interval of inria has elapsed or updates are forced
[DEBUG] Could not find metadata org.eclipse.platform:org.eclipse.equinox.common/maven-metadata.xml in local (/home/spirals/danglot/.m2/repository)
[DEBUG] Skipped remote request for org.eclipse.platform:org.eclipse.equinox.common/maven-metadata.xml, locally cached metadata up-to-date.
[DEBUG] Skipped remote request for org.eclipse.platform:org.eclipse.equinox.common/maven-metadata.xml, already updated during this session.
[DEBUG] Failure to find org.eclipse.platform:org.eclipse.equinox.common/maven-metadata.xml in https://stamp-project.github.io/stamp-maven-repository/ was cached in the local repository, resolution will not be reattempted until the update interval of stamp-maven-repository-mvn-repo has elapsed or updates are forced
[DEBUG] Failure to find org.eclipse.platform:org.eclipse.equinox.common/maven-metadata.xml in https://repo.gradle.org/gradle/libs-releases-local/ was cached in the local repository, resolution will not be reattempted until the update interval of gradle-repo has elapsed or updates are forced
[DEBUG] Failure to find org.eclipse.platform:org.eclipse.equinox.common/maven-metadata.xml in https://oss.sonatype.org/content/repositories/snapshots was cached in the local repository, resolution will not be reattempted until the update interval of sonatype-nexus-snapshots has elapsed or updates are forced
[DEBUG] Failure to find org.eclipse.platform:org.eclipse.equinox.common/maven-metadata.xml in http://maven.inria.fr/artifactory/spoon-public-snapshot was cached in the local repository, resolution will not be reattempted until the update interval of maven.inria.fr-snapshot has elapsed or updates are forced
[DEBUG] Failure to find org.eclipse.platform:org.eclipse.equinox.common/maven-metadata.xml in http://maven.inria.fr/artifactory/triskell-public-release was cached in the local repository, resolution will not be reattempted until the update interval of inria has elapsed or updates are forced
[DEBUG] Could not find metadata org.eclipse.platform:org.eclipse.core.jobs/maven-metadata.xml in local (/home/spirals/danglot/.m2/repository)
[DEBUG] Skipped remote request for org.eclipse.platform:org.eclipse.core.jobs/maven-metadata.xml, locally cached metadata up-to-date.
[DEBUG] Skipped remote request for org.eclipse.platform:org.eclipse.core.jobs/maven-metadata.xml, already updated during this session.
[DEBUG] Failure to find org.eclipse.platform:org.eclipse.core.jobs/maven-metadata.xml in https://stamp-project.github.io/stamp-maven-repository/ was cached in the local repository, resolution will not be reattempted until the update interval of stamp-maven-repository-mvn-repo has elapsed or updates are forced
[DEBUG] Failure to find org.eclipse.platform:org.eclipse.core.jobs/maven-metadata.xml in https://repo.gradle.org/gradle/libs-releases-local/ was cached in the local repository, resolution will not be reattempted until the update interval of gradle-repo has elapsed or updates are forced
[DEBUG] Failure to find org.eclipse.platform:org.eclipse.core.jobs/maven-metadata.xml in https://oss.sonatype.org/content/repositories/snapshots was cached in the local repository, resolution will not be reattempted until the update interval of sonatype-nexus-snapshots has elapsed or updates are forced
[DEBUG] Failure to find org.eclipse.platform:org.eclipse.core.jobs/maven-metadata.xml in http://maven.inria.fr/artifactory/spoon-public-snapshot was cached in the local repository, resolution will not be reattempted until the update interval of maven.inria.fr-snapshot has elapsed or updates are forced
[DEBUG] Failure to find org.eclipse.platform:org.eclipse.core.jobs/maven-metadata.xml in http://maven.inria.fr/artifactory/triskell-public-release was cached in the local repository, resolution will not be reattempted until the update interval of inria has elapsed or updates are forced
[DEBUG] Could not find metadata org.eclipse.platform:org.eclipse.equinox.preferences/maven-metadata.xml in local (/home/spirals/danglot/.m2/repository)
[DEBUG] Skipped remote request for org.eclipse.platform:org.eclipse.equinox.preferences/maven-metadata.xml, locally cached metadata up-to-date.
[DEBUG] Skipped remote request for org.eclipse.platform:org.eclipse.equinox.preferences/maven-metadata.xml, already updated during this session.
[DEBUG] Failure to find org.eclipse.platform:org.eclipse.equinox.preferences/maven-metadata.xml in https://stamp-project.github.io/stamp-maven-repository/ was cached in the local repository, resolution will not be reattempted until the update interval of stamp-maven-repository-mvn-repo has elapsed or updates are forced
[DEBUG] Failure to find org.eclipse.platform:org.eclipse.equinox.preferences/maven-metadata.xml in https://repo.gradle.org/gradle/libs-releases-local/ was cached in the local repository, resolution will not be reattempted until the update interval of gradle-repo has elapsed or updates are forced
[DEBUG] Failure to find org.eclipse.platform:org.eclipse.equinox.preferences/maven-metadata.xml in https://oss.sonatype.org/content/repositories/snapshots was cached in the local repository, resolution will not be reattempted until the update interval of sonatype-nexus-snapshots has elapsed or updates are forced
[DEBUG] Failure to find org.eclipse.platform:org.eclipse.equinox.preferences/maven-metadata.xml in http://maven.inria.fr/artifactory/spoon-public-snapshot was cached in the local repository, resolution will not be reattempted until the update interval of maven.inria.fr-snapshot has elapsed or updates are forced
[DEBUG] Failure to find org.eclipse.platform:org.eclipse.equinox.preferences/maven-metadata.xml in http://maven.inria.fr/artifactory/triskell-public-release was cached in the local repository, resolution will not be reattempted until the update interval of inria has elapsed or updates are forced
[DEBUG] Could not find metadata org.eclipse.platform:org.eclipse.core.contenttype/maven-metadata.xml in local (/home/spirals/danglot/.m2/repository)
[DEBUG] Skipped remote request for org.eclipse.platform:org.eclipse.core.contenttype/maven-metadata.xml, locally cached metadata up-to-date.
[DEBUG] Skipped remote request for org.eclipse.platform:org.eclipse.core.contenttype/maven-metadata.xml, already updated during this session.
[DEBUG] Failure to find org.eclipse.platform:org.eclipse.core.contenttype/maven-metadata.xml in https://stamp-project.github.io/stamp-maven-repository/ was cached in the local repository, resolution will not be reattempted until the update interval of stamp-maven-repository-mvn-repo has elapsed or updates are forced
[DEBUG] Failure to find org.eclipse.platform:org.eclipse.core.contenttype/maven-metadata.xml in https://repo.gradle.org/gradle/libs-releases-local/ was cached in the local repository, resolution will not be reattempted until the update interval of gradle-repo has elapsed or updates are forced
[DEBUG] Failure to find org.eclipse.platform:org.eclipse.core.contenttype/maven-metadata.xml in https://oss.sonatype.org/content/repositories/snapshots was cached in the local repository, resolution will not be reattempted until the update interval of sonatype-nexus-snapshots has elapsed or updates are forced
[DEBUG] Failure to find org.eclipse.platform:org.eclipse.core.contenttype/maven-metadata.xml in http://maven.inria.fr/artifactory/spoon-public-snapshot was cached in the local repository, resolution will not be reattempted until the update interval of maven.inria.fr-snapshot has elapsed or updates are forced
[DEBUG] Failure to find org.eclipse.platform:org.eclipse.core.contenttype/maven-metadata.xml in http://maven.inria.fr/artifactory/triskell-public-release was cached in the local repository, resolution will not be reattempted until the update interval of inria has elapsed or updates are forced
[DEBUG] Could not find metadata org.eclipse.platform:org.eclipse.equinox.app/maven-metadata.xml in local (/home/spirals/danglot/.m2/repository)
[DEBUG] Skipped remote request for org.eclipse.platform:org.eclipse.equinox.app/maven-metadata.xml, locally cached metadata up-to-date.
[DEBUG] Skipped remote request for org.eclipse.platform:org.eclipse.equinox.app/maven-metadata.xml, already updated during this session.
[DEBUG] Failure to find org.eclipse.platform:org.eclipse.equinox.app/maven-metadata.xml in https://stamp-project.github.io/stamp-maven-repository/ was cached in the local repository, resolution will not be reattempted until the update interval of stamp-maven-repository-mvn-repo has elapsed or updates are forced
[DEBUG] Failure to find org.eclipse.platform:org.eclipse.equinox.app/maven-metadata.xml in https://repo.gradle.org/gradle/libs-releases-local/ was cached in the local repository, resolution will not be reattempted until the update interval of gradle-repo has elapsed or updates are forced
[DEBUG] Failure to find org.eclipse.platform:org.eclipse.equinox.app/maven-metadata.xml in https://oss.sonatype.org/content/repositories/snapshots was cached in the local repository, resolution will not be reattempted until the update interval of sonatype-nexus-snapshots has elapsed or updates are forced
[DEBUG] Failure to find org.eclipse.platform:org.eclipse.equinox.app/maven-metadata.xml in http://maven.inria.fr/artifactory/spoon-public-snapshot was cached in the local repository, resolution will not be reattempted until the update interval of maven.inria.fr-snapshot has elapsed or updates are forced
[DEBUG] Failure to find org.eclipse.platform:org.eclipse.equinox.app/maven-metadata.xml in http://maven.inria.fr/artifactory/triskell-public-release was cached in the local repository, resolution will not be reattempted until the update interval of inria has elapsed or updates are forced
[DEBUG] Could not find metadata org.eclipse.platform:org.eclipse.core.filesystem/maven-metadata.xml in local (/home/spirals/danglot/.m2/repository)
[DEBUG] Skipped remote request for org.eclipse.platform:org.eclipse.core.filesystem/maven-metadata.xml, locally cached metadata up-to-date.
[DEBUG] Failure to find org.eclipse.platform:org.eclipse.core.filesystem/maven-metadata.xml in https://repo.gradle.org/gradle/libs-releases-local/ was cached in the local repository, resolution will not be reattempted until the update interval of gradle-repo has elapsed or updates are forced
[DEBUG] Failure to find org.eclipse.platform:org.eclipse.core.filesystem/maven-metadata.xml in https://oss.sonatype.org/content/repositories/snapshots was cached in the local repository, resolution will not be reattempted until the update interval of sonatype-nexus-snapshots has elapsed or updates are forced
[DEBUG] Failure to find org.eclipse.platform:org.eclipse.core.filesystem/maven-metadata.xml in http://maven.inria.fr/artifactory/spoon-public-snapshot was cached in the local repository, resolution will not be reattempted until the update interval of maven.inria.fr-snapshot has elapsed or updates are forced
[DEBUG] Failure to find org.eclipse.platform:org.eclipse.core.filesystem/maven-metadata.xml in http://maven.inria.fr/artifactory/triskell-public-release was cached in the local repository, resolution will not be reattempted until the update interval of inria has elapsed or updates are forced
[DEBUG] Using transporter WagonTransporter with priority -1.0 for https://stamp-project.github.io/stamp-maven-repository/
[DEBUG] Using connector BasicRepositoryConnector with priority 0.0 for https://stamp-project.github.io/stamp-maven-repository/
Downloading from stamp-maven-repository-mvn-repo: https://stamp-project.github.io/stamp-maven-repository/org/eclipse/platform/org.eclipse.core.filesystem/maven-metadata.xml
[DEBUG] Writing tracking file /home/spirals/danglot/.m2/repository/org/eclipse/platform/org.eclipse.core.filesystem/resolver-status.properties
[DEBUG] Could not find metadata org.eclipse.platform:org.eclipse.core.filesystem/maven-metadata.xml in stamp-maven-repository-mvn-repo (https://stamp-project.github.io/stamp-maven-repository/)
[DEBUG] Could not find metadata org.eclipse.platform:org.eclipse.osgi/maven-metadata.xml in local (/home/spirals/danglot/.m2/repository)
[DEBUG] Skipped remote request for org.eclipse.platform:org.eclipse.osgi/maven-metadata.xml, locally cached metadata up-to-date.
[DEBUG] Skipped remote request for org.eclipse.platform:org.eclipse.osgi/maven-metadata.xml, already updated during this session.
[DEBUG] Failure to find org.eclipse.platform:org.eclipse.osgi/maven-metadata.xml in https://stamp-project.github.io/stamp-maven-repository/ was cached in the local repository, resolution will not be reattempted until the update interval of stamp-maven-repository-mvn-repo has elapsed or updates are forced
[DEBUG] Failure to find org.eclipse.platform:org.eclipse.osgi/maven-metadata.xml in https://repo.gradle.org/gradle/libs-releases-local/ was cached in the local repository, resolution will not be reattempted until the update interval of gradle-repo has elapsed or updates are forced
[DEBUG] Failure to find org.eclipse.platform:org.eclipse.osgi/maven-metadata.xml in https://oss.sonatype.org/content/repositories/snapshots was cached in the local repository, resolution will not be reattempted until the update interval of sonatype-nexus-snapshots has elapsed or updates are forced
[DEBUG] Failure to find org.eclipse.platform:org.eclipse.osgi/maven-metadata.xml in http://maven.inria.fr/artifactory/spoon-public-snapshot was cached in the local repository, resolution will not be reattempted until the update interval of maven.inria.fr-snapshot has elapsed or updates are forced
[DEBUG] Failure to find org.eclipse.platform:org.eclipse.osgi/maven-metadata.xml in http://maven.inria.fr/artifactory/triskell-public-release was cached in the local repository, resolution will not be reattempted until the update interval of inria has elapsed or updates are forced
[DEBUG] Could not find metadata org.eclipse.platform:org.eclipse.core.runtime/maven-metadata.xml in local (/home/spirals/danglot/.m2/repository)
[DEBUG] Skipped remote request for org.eclipse.platform:org.eclipse.core.runtime/maven-metadata.xml, locally cached metadata up-to-date.
[DEBUG] Skipped remote request for org.eclipse.platform:org.eclipse.core.runtime/maven-metadata.xml, already updated during this session.
[DEBUG] Failure to find org.eclipse.platform:org.eclipse.core.runtime/maven-metadata.xml in https://stamp-project.github.io/stamp-maven-repository/ was cached in the local repository, resolution will not be reattempted until the update interval of stamp-maven-repository-mvn-repo has elapsed or updates are forced
[DEBUG] Failure to find org.eclipse.platform:org.eclipse.core.runtime/maven-metadata.xml in https://repo.gradle.org/gradle/libs-releases-local/ was cached in the local repository, resolution will not be reattempted until the update interval of gradle-repo has elapsed or updates are forced
[DEBUG] Failure to find org.eclipse.platform:org.eclipse.core.runtime/maven-metadata.xml in https://oss.sonatype.org/content/repositories/snapshots was cached in the local repository, resolution will not be reattempted until the update interval of sonatype-nexus-snapshots has elapsed or updates are forced
[DEBUG] Failure to find org.eclipse.platform:org.eclipse.core.runtime/maven-metadata.xml in http://maven.inria.fr/artifactory/spoon-public-snapshot was cached in the local repository, resolution will not be reattempted until the update interval of maven.inria.fr-snapshot has elapsed or updates are forced
[DEBUG] Failure to find org.eclipse.platform:org.eclipse.core.runtime/maven-metadata.xml in http://maven.inria.fr/artifactory/triskell-public-release was cached in the local repository, resolution will not be reattempted until the update interval of inria has elapsed or updates are forced
[DEBUG] Could not find metadata org.eclipse.platform:org.eclipse.core.runtime/maven-metadata.xml in local (/home/spirals/danglot/.m2/repository)
[DEBUG] Skipped remote request for org.eclipse.platform:org.eclipse.core.runtime/maven-metadata.xml, locally cached metadata up-to-date.
[DEBUG] Skipped remote request for org.eclipse.platform:org.eclipse.core.runtime/maven-metadata.xml, already updated during this session.
[DEBUG] Failure to find org.eclipse.platform:org.eclipse.core.runtime/maven-metadata.xml in https://stamp-project.github.io/stamp-maven-repository/ was cached in the local repository, resolution will not be reattempted until the update interval of stamp-maven-repository-mvn-repo has elapsed or updates are forced
[DEBUG] Failure to find org.eclipse.platform:org.eclipse.core.runtime/maven-metadata.xml in https://repo.gradle.org/gradle/libs-releases-local/ was cached in the local repository, resolution will not be reattempted until the update interval of gradle-repo has elapsed or updates are forced
[DEBUG] Failure to find org.eclipse.platform:org.eclipse.core.runtime/maven-metadata.xml in https://oss.sonatype.org/content/repositories/snapshots was cached in the local repository, resolution will not be reattempted until the update interval of sonatype-nexus-snapshots has elapsed or updates are forced
[DEBUG] Failure to find org.eclipse.platform:org.eclipse.core.runtime/maven-metadata.xml in http://maven.inria.fr/artifactory/spoon-public-snapshot was cached in the local repository, resolution will not be reattempted until the update interval of maven.inria.fr-snapshot has elapsed or updates are forced
[DEBUG] Failure to find org.eclipse.platform:org.eclipse.core.runtime/maven-metadata.xml in http://maven.inria.fr/artifactory/triskell-public-release was cached in the local repository, resolution will not be reattempted until the update interval of inria has elapsed or updates are forced
[DEBUG] Could not find metadata org.eclipse.platform:org.eclipse.core.filesystem/maven-metadata.xml in local (/home/spirals/danglot/.m2/repository)
[DEBUG] Skipped remote request for org.eclipse.platform:org.eclipse.core.filesystem/maven-metadata.xml, locally cached metadata up-to-date.
[DEBUG] Skipped remote request for org.eclipse.platform:org.eclipse.core.filesystem/maven-metadata.xml, already updated during this session.
[DEBUG] Failure to find org.eclipse.platform:org.eclipse.core.filesystem/maven-metadata.xml in https://stamp-project.github.io/stamp-maven-repository/ was cached in the local repository, resolution will not be reattempted until the update interval of stamp-maven-repository-mvn-repo has elapsed or updates are forced
[DEBUG] Failure to find org.eclipse.platform:org.eclipse.core.filesystem/maven-metadata.xml in https://repo.gradle.org/gradle/libs-releases-local/ was cached in the local repository, resolution will not be reattempted until the update interval of gradle-repo has elapsed or updates are forced
[DEBUG] Failure to find org.eclipse.platform:org.eclipse.core.filesystem/maven-metadata.xml in https://oss.sonatype.org/content/repositories/snapshots was cached in the local repository, resolution will not be reattempted until the update interval of sonatype-nexus-snapshots has elapsed or updates are forced
[DEBUG] Failure to find org.eclipse.platform:org.eclipse.core.filesystem/maven-metadata.xml in http://maven.inria.fr/artifactory/spoon-public-snapshot was cached in the local repository, resolution will not be reattempted until the update interval of maven.inria.fr-snapshot has elapsed or updates are forced
[DEBUG] Failure to find org.eclipse.platform:org.eclipse.core.filesystem/maven-metadata.xml in http://maven.inria.fr/artifactory/triskell-public-release was cached in the local repository, resolution will not be reattempted until the update interval of inria has elapsed or updates are forced
[DEBUG] Could not find metadata org.eclipse.platform:org.eclipse.text/maven-metadata.xml in local (/home/spirals/danglot/.m2/repository)
[DEBUG] Skipped remote request for org.eclipse.platform:org.eclipse.text/maven-metadata.xml, locally cached metadata up-to-date.
[DEBUG] Failure to find org.eclipse.platform:org.eclipse.text/maven-metadata.xml in https://repo.gradle.org/gradle/libs-releases-local/ was cached in the local repository, resolution will not be reattempted until the update interval of gradle-repo has elapsed or updates are forced
[DEBUG] Failure to find org.eclipse.platform:org.eclipse.text/maven-metadata.xml in https://oss.sonatype.org/content/repositories/snapshots was cached in the local repository, resolution will not be reattempted until the update interval of sonatype-nexus-snapshots has elapsed or updates are forced
[DEBUG] Failure to find org.eclipse.platform:org.eclipse.text/maven-metadata.xml in http://maven.inria.fr/artifactory/spoon-public-snapshot was cached in the local repository, resolution will not be reattempted until the update interval of maven.inria.fr-snapshot has elapsed or updates are forced
[DEBUG] Failure to find org.eclipse.platform:org.eclipse.text/maven-metadata.xml in http://maven.inria.fr/artifactory/triskell-public-release was cached in the local repository, resolution will not be reattempted until the update interval of inria has elapsed or updates are forced
[DEBUG] Using transporter WagonTransporter with priority -1.0 for https://stamp-project.github.io/stamp-maven-repository/
[DEBUG] Using connector BasicRepositoryConnector with priority 0.0 for https://stamp-project.github.io/stamp-maven-repository/
Downloading from stamp-maven-repository-mvn-repo: https://stamp-project.github.io/stamp-maven-repository/org/eclipse/platform/org.eclipse.text/maven-metadata.xml
[DEBUG] Writing tracking file /home/spirals/danglot/.m2/repository/org/eclipse/platform/org.eclipse.text/resolver-status.properties
[DEBUG] Could not find metadata org.eclipse.platform:org.eclipse.text/maven-metadata.xml in stamp-maven-repository-mvn-repo (https://stamp-project.github.io/stamp-maven-repository/)
[DEBUG] Could not find metadata org.eclipse.platform:org.eclipse.core.commands/maven-metadata.xml in local (/home/spirals/danglot/.m2/repository)
[DEBUG] Skipped remote request for org.eclipse.platform:org.eclipse.core.commands/maven-metadata.xml, locally cached metadata up-to-date.
[DEBUG] Failure to find org.eclipse.platform:org.eclipse.core.commands/maven-metadata.xml in https://repo.gradle.org/gradle/libs-releases-local/ was cached in the local repository, resolution will not be reattempted until the update interval of gradle-repo has elapsed or updates are forced
[DEBUG] Failure to find org.eclipse.platform:org.eclipse.core.commands/maven-metadata.xml in https://oss.sonatype.org/content/repositories/snapshots was cached in the local repository, resolution will not be reattempted until the update interval of sonatype-nexus-snapshots has elapsed or updates are forced
[DEBUG] Failure to find org.eclipse.platform:org.eclipse.core.commands/maven-metadata.xml in http://maven.inria.fr/artifactory/spoon-public-snapshot was cached in the local repository, resolution will not be reattempted until the update interval of maven.inria.fr-snapshot has elapsed or updates are forced
[DEBUG] Failure to find org.eclipse.platform:org.eclipse.core.commands/maven-metadata.xml in http://maven.inria.fr/artifactory/triskell-public-release was cached in the local repository, resolution will not be reattempted until the update interval of inria has elapsed or updates are forced
[DEBUG] Using transporter WagonTransporter with priority -1.0 for https://stamp-project.github.io/stamp-maven-repository/
[DEBUG] Using connector BasicRepositoryConnector with priority 0.0 for https://stamp-project.github.io/stamp-maven-repository/
Downloading from stamp-maven-repository-mvn-repo: https://stamp-project.github.io/stamp-maven-repository/org/eclipse/platform/org.eclipse.core.commands/maven-metadata.xml
[DEBUG] Writing tracking file /home/spirals/danglot/.m2/repository/org/eclipse/platform/org.eclipse.core.commands/resolver-status.properties
[DEBUG] Could not find metadata org.eclipse.platform:org.eclipse.core.commands/maven-metadata.xml in stamp-maven-repository-mvn-repo (https://stamp-project.github.io/stamp-maven-repository/)
[DEBUG] Could not find metadata org.eclipse.platform:org.eclipse.equinox.common/maven-metadata.xml in local (/home/spirals/danglot/.m2/repository)
[DEBUG] Skipped remote request for org.eclipse.platform:org.eclipse.equinox.common/maven-metadata.xml, locally cached metadata up-to-date.
[DEBUG] Skipped remote request for org.eclipse.platform:org.eclipse.equinox.common/maven-metadata.xml, already updated during this session.
[DEBUG] Failure to find org.eclipse.platform:org.eclipse.equinox.common/maven-metadata.xml in https://stamp-project.github.io/stamp-maven-repository/ was cached in the local repository, resolution will not be reattempted until the update interval of stamp-maven-repository-mvn-repo has elapsed or updates are forced
[DEBUG] Failure to find org.eclipse.platform:org.eclipse.equinox.common/maven-metadata.xml in https://repo.gradle.org/gradle/libs-releases-local/ was cached in the local repository, resolution will not be reattempted until the update interval of gradle-repo has elapsed or updates are forced
[DEBUG] Failure to find org.eclipse.platform:org.eclipse.equinox.common/maven-metadata.xml in https://oss.sonatype.org/content/repositories/snapshots was cached in the local repository, resolution will not be reattempted until the update interval of sonatype-nexus-snapshots has elapsed or updates are forced
[DEBUG] Failure to find org.eclipse.platform:org.eclipse.equinox.common/maven-metadata.xml in http://maven.inria.fr/artifactory/spoon-public-snapshot was cached in the local repository, resolution will not be reattempted until the update interval of maven.inria.fr-snapshot has elapsed or updates are forced
[DEBUG] Failure to find org.eclipse.platform:org.eclipse.equinox.common/maven-metadata.xml in http://maven.inria.fr/artifactory/triskell-public-release was cached in the local repository, resolution will not be reattempted until the update interval of inria has elapsed or updates are forced
[DEBUG] Could not find metadata org.eclipse.platform:org.eclipse.core.runtime/maven-metadata.xml in local (/home/spirals/danglot/.m2/repository)
[DEBUG] Skipped remote request for org.eclipse.platform:org.eclipse.core.runtime/maven-metadata.xml, locally cached metadata up-to-date.
[DEBUG] Skipped remote request for org.eclipse.platform:org.eclipse.core.runtime/maven-metadata.xml, already updated during this session.
[DEBUG] Failure to find org.eclipse.platform:org.eclipse.core.runtime/maven-metadata.xml in https://stamp-project.github.io/stamp-maven-repository/ was cached in the local repository, resolution will not be reattempted until the update interval of stamp-maven-repository-mvn-repo has elapsed or updates are forced
[DEBUG] Failure to find org.eclipse.platform:org.eclipse.core.runtime/maven-metadata.xml in https://repo.gradle.org/gradle/libs-releases-local/ was cached in the local repository, resolution will not be reattempted until the update interval of gradle-repo has elapsed or updates are forced
[DEBUG] Failure to find org.eclipse.platform:org.eclipse.core.runtime/maven-metadata.xml in https://oss.sonatype.org/content/repositories/snapshots was cached in the local repository, resolution will not be reattempted until the update interval of sonatype-nexus-snapshots has elapsed or updates are forced
[DEBUG] Failure to find org.eclipse.platform:org.eclipse.core.runtime/maven-metadata.xml in http://maven.inria.fr/artifactory/spoon-public-snapshot was cached in the local repository, resolution will not be reattempted until the update interval of maven.inria.fr-snapshot has elapsed or updates are forced
[DEBUG] Failure to find org.eclipse.platform:org.eclipse.core.runtime/maven-metadata.xml in http://maven.inria.fr/artifactory/triskell-public-release was cached in the local repository, resolution will not be reattempted until the update interval of inria has elapsed or updates are forced
[DEBUG] Dependency collection stats: {ConflictMarker.analyzeTime=2726766, ConflictMarker.markTime=22232821, ConflictMarker.nodeCount=672, ConflictIdSorter.graphTime=2038448, ConflictIdSorter.topsortTime=133548, ConflictIdSorter.conflictIdCount=98, ConflictIdSorter.conflictIdCycleCount=0, ConflictResolver.totalTime=33869478, ConflictResolver.conflictItemCount=307, DefaultDependencyCollector.collectTime=7123034963, DefaultDependencyCollector.transformTime=61085948}
[DEBUG] eu.stamp-project:dspot-maven:jar:1.1.1-SNAPSHOT:
[DEBUG]    eu.stamp-project:dspot:jar:1.1.1-SNAPSHOT:compile
[DEBUG]       fr.inria.gforge.spoon:spoon-core:jar:7.1.0-SNAPSHOT:compile
[DEBUG]          org.eclipse.jdt:org.eclipse.jdt.core:jar:3.13.102:compile
[DEBUG]             org.eclipse.platform:org.eclipse.core.resources:jar:3.13.100:compile
[DEBUG]                org.eclipse.platform:org.eclipse.core.expressions:jar:3.6.200:compile
[DEBUG]             org.eclipse.platform:org.eclipse.core.runtime:jar:3.15.0:compile
[DEBUG]                org.eclipse.platform:org.eclipse.osgi:jar:3.13.100:compile
[DEBUG]                org.eclipse.platform:org.eclipse.equinox.common:jar:3.10.100:compile
[DEBUG]                org.eclipse.platform:org.eclipse.core.jobs:jar:3.10.100:compile
[DEBUG]                org.eclipse.platform:org.eclipse.equinox.registry:jar:3.8.100:compile
[DEBUG]                org.eclipse.platform:org.eclipse.equinox.preferences:jar:3.7.200:compile
[DEBUG]                org.eclipse.platform:org.eclipse.core.contenttype:jar:3.7.100:compile
[DEBUG]                org.eclipse.platform:org.eclipse.equinox.app:jar:1.3.600:compile
[DEBUG]             org.eclipse.platform:org.eclipse.core.filesystem:jar:1.7.200:compile
[DEBUG]             org.eclipse.platform:org.eclipse.text:jar:3.7.0:compile
[DEBUG]                org.eclipse.platform:org.eclipse.core.commands:jar:3.9.200:compile
[DEBUG]          com.martiansoftware:jsap:jar:2.1:compile
[DEBUG]          log4j:log4j:jar:1.2.17:compile
[DEBUG]          com.fasterxml.jackson.core:jackson-databind:jar:2.9.2:compile
[DEBUG]             com.fasterxml.jackson.core:jackson-annotations:jar:2.9.0:compile
[DEBUG]             com.fasterxml.jackson.core:jackson-core:jar:2.9.2:compile
[DEBUG]          org.benf:cfr:jar:0.132.0:compile
[DEBUG]       junit:junit:jar:4.12:compile
[DEBUG]          org.hamcrest:hamcrest-core:jar:1.3:compile
[DEBUG]       com.google.code.gson:gson:jar:2.8.0:compile
[DEBUG]       org.apache.maven.shared:maven-invoker:jar:3.0.0:compile
[DEBUG]       org.slf4j:slf4j-api:jar:1.7.25:compile
[DEBUG]       org.slf4j:slf4j-log4j12:jar:1.7.25:compile
[DEBUG]       org.jacoco:org.jacoco.core:jar:0.7.9:compile
[DEBUG]          org.ow2.asm:asm-debug-all:jar:5.2:compile
[DEBUG]       eu.stamp-project:descartes:jar:1.1:compile
[DEBUG]          org.pitest:pitest:jar:1.2.0:compile
[DEBUG]          org.pitest:pitest-entry:jar:1.2.0:compile
[DEBUG]             com.thoughtworks.xstream:xstream:jar:1.4.8:compile
[DEBUG]                xmlpull:xmlpull:jar:1.1.3.1:compile
[DEBUG]                xpp3:xpp3_min:jar:1.1.4c:compile
[DEBUG]       org.gradle:gradle-tooling-api:jar:4.0.1:compile
[DEBUG]       org.mockito:mockito-core:jar:2.10.0:compile
[DEBUG]          net.bytebuddy:byte-buddy:jar:1.7.4:runtime
[DEBUG]          net.bytebuddy:byte-buddy-agent:jar:1.7.4:runtime
[DEBUG]          org.objenesis:objenesis:jar:2.6:runtime
[DEBUG]       eu.stamp-project:test-runner:jar:jar-with-dependencies:1.1.0:compile
[DEBUG]       org.openclover:clover:jar:4.2.1:compile
[DEBUG]       fr.inria.gforge.spoon.labs:gumtree-spoon-ast-diff:jar:1.3:compile
[DEBUG]          com.github.gumtreediff:core:jar:2.0.0:compile
[DEBUG]             com.github.mpkorstanje:simmetrics-core:jar:3.0.3:compile
[DEBUG]                commons-codec:commons-codec:jar:1.10:compile
[DEBUG]             net.sf.trove4j:trove4j:jar:3.0.3:compile
[DEBUG]    org.apache.maven:maven-plugin-api:jar:3.5.0:compile
[DEBUG]       org.apache.maven:maven-artifact:jar:3.5.0:compile
[DEBUG]       org.eclipse.sisu:org.eclipse.sisu.plexus:jar:0.3.3:compile
[DEBUG]          javax.enterprise:cdi-api:jar:1.0:compile
[DEBUG]             javax.annotation:jsr250-api:jar:1.0:compile
[DEBUG]          org.eclipse.sisu:org.eclipse.sisu.inject:jar:0.3.3:compile
[DEBUG]    org.apache.maven.plugin-testing:maven-plugin-testing-harness:jar:3.3.0:compile
[DEBUG]       commons-io:commons-io:jar:2.2:compile
[DEBUG]       org.codehaus.plexus:plexus-archiver:jar:2.2:compile
[DEBUG]          org.codehaus.plexus:plexus-io:jar:2.0.4:compile
[DEBUG]    org.apache.maven:maven-compat:jar:3.5.0:compile
[DEBUG]       org.apache.maven:maven-model-builder:jar:3.5.0:compile
[DEBUG]          org.apache.maven:maven-builder-support:jar:3.5.0:compile
[DEBUG]          com.google.guava:guava:jar:20.0:compile
[DEBUG]       org.apache.maven:maven-settings:jar:3.5.0:compile
[DEBUG]       org.apache.maven:maven-resolver-provider:jar:3.5.0:compile
[DEBUG]       org.apache.maven.resolver:maven-resolver-api:jar:1.0.3:compile
[DEBUG]       org.apache.maven.resolver:maven-resolver-util:jar:1.0.3:compile
[DEBUG]       org.apache.maven.resolver:maven-resolver-impl:jar:1.0.3:compile
[DEBUG]       org.codehaus.plexus:plexus-utils:jar:3.0.24:compile
[DEBUG]       org.codehaus.plexus:plexus-interpolation:jar:1.24:compile
[DEBUG]       org.codehaus.plexus:plexus-component-annotations:jar:1.7.1:compile
[DEBUG]       org.apache.maven.wagon:wagon-provider-api:jar:2.12:compile
[DEBUG]    org.apache.maven:maven-core:jar:3.5.0:compile
[DEBUG]       org.apache.maven:maven-settings-builder:jar:3.5.0:compile
[DEBUG]       org.apache.maven:maven-repository-metadata:jar:3.5.0:compile
[DEBUG]       org.apache.maven.resolver:maven-resolver-spi:jar:1.0.3:compile
[DEBUG]       org.apache.maven.shared:maven-shared-utils:jar:3.1.0:compile
[DEBUG]       com.google.inject:guice:jar:no_aop:4.0:compile
[DEBUG]          javax.inject:javax.inject:jar:1:compile
[DEBUG]          aopalliance:aopalliance:jar:1.0:compile
[DEBUG]       org.codehaus.plexus:plexus-classworlds:jar:2.5.2:compile
[DEBUG]       org.sonatype.plexus:plexus-sec-dispatcher:jar:1.4:compile
[DEBUG]          org.sonatype.plexus:plexus-cipher:jar:1.4:compile
[DEBUG]       org.apache.commons:commons-lang3:jar:3.5:compile
[DEBUG]    org.apache.maven:maven-model:jar:3.5.0:compile
[DEBUG]    org.apache.maven:maven-aether-provider:jar:3.3.9:compile
[DEBUG]       org.eclipse.aether:aether-api:jar:1.0.2.v20150114:compile
[DEBUG]       org.eclipse.aether:aether-spi:jar:1.0.2.v20150114:compile
[DEBUG]       org.eclipse.aether:aether-util:jar:1.0.2.v20150114:compile
[DEBUG]       org.eclipse.aether:aether-impl:jar:1.0.2.v20150114:compile
[DEBUG]    org.apache.maven:maven-project:jar:2.2.1:compile
[DEBUG]       org.apache.maven:maven-profile:jar:2.2.1:compile
[DEBUG]       org.apache.maven:maven-artifact-manager:jar:2.2.1:compile
[DEBUG]          backport-util-concurrent:backport-util-concurrent:jar:3.1:compile
[DEBUG]       org.apache.maven:maven-plugin-registry:jar:2.2.1:compile
[DEBUG]       org.codehaus.plexus:plexus-container-default:jar:1.0-alpha-9-stable-1:compile
[DEBUG]          classworlds:classworlds:jar:1.1-alpha-2:compile
[DEBUG] Created new class realm plugin>eu.stamp-project:dspot-maven:1.1.1-SNAPSHOT
[DEBUG] Importing foreign packages into class realm plugin>eu.stamp-project:dspot-maven:1.1.1-SNAPSHOT
[DEBUG]   Imported:  < project>org.apache.pdfbox:pdfbox:3.0.0-SNAPSHOT
[DEBUG] Populating class realm plugin>eu.stamp-project:dspot-maven:1.1.1-SNAPSHOT
[DEBUG]   Included: eu.stamp-project:dspot-maven:jar:1.1.1-SNAPSHOT
[DEBUG]   Included: eu.stamp-project:dspot:jar:1.1.1-SNAPSHOT
[DEBUG]   Included: fr.inria.gforge.spoon:spoon-core:jar:7.1.0-SNAPSHOT
[DEBUG]   Included: org.eclipse.jdt:org.eclipse.jdt.core:jar:3.13.102
[DEBUG]   Included: org.eclipse.platform:org.eclipse.core.resources:jar:3.13.100
[DEBUG]   Included: org.eclipse.platform:org.eclipse.core.expressions:jar:3.6.200
[DEBUG]   Included: org.eclipse.platform:org.eclipse.core.runtime:jar:3.15.0
[DEBUG]   Included: org.eclipse.platform:org.eclipse.osgi:jar:3.13.100
[DEBUG]   Included: org.eclipse.platform:org.eclipse.equinox.common:jar:3.10.100
[DEBUG]   Included: org.eclipse.platform:org.eclipse.core.jobs:jar:3.10.100
[DEBUG]   Included: org.eclipse.platform:org.eclipse.equinox.registry:jar:3.8.100
[DEBUG]   Included: org.eclipse.platform:org.eclipse.equinox.preferences:jar:3.7.200
[DEBUG]   Included: org.eclipse.platform:org.eclipse.core.contenttype:jar:3.7.100
[DEBUG]   Included: org.eclipse.platform:org.eclipse.equinox.app:jar:1.3.600
[DEBUG]   Included: org.eclipse.platform:org.eclipse.core.filesystem:jar:1.7.200
[DEBUG]   Included: org.eclipse.platform:org.eclipse.text:jar:3.7.0
[DEBUG]   Included: org.eclipse.platform:org.eclipse.core.commands:jar:3.9.200
[DEBUG]   Included: com.martiansoftware:jsap:jar:2.1
[DEBUG]   Included: log4j:log4j:jar:1.2.17
[DEBUG]   Included: com.fasterxml.jackson.core:jackson-databind:jar:2.9.2
[DEBUG]   Included: com.fasterxml.jackson.core:jackson-annotations:jar:2.9.0
[DEBUG]   Included: com.fasterxml.jackson.core:jackson-core:jar:2.9.2
[DEBUG]   Included: org.benf:cfr:jar:0.132.0
[DEBUG]   Included: junit:junit:jar:4.12
[DEBUG]   Included: org.hamcrest:hamcrest-core:jar:1.3
[DEBUG]   Included: com.google.code.gson:gson:jar:2.8.0
[DEBUG]   Included: org.apache.maven.shared:maven-invoker:jar:3.0.0
[DEBUG]   Included: org.slf4j:slf4j-log4j12:jar:1.7.25
[DEBUG]   Included: org.jacoco:org.jacoco.core:jar:0.7.9
[DEBUG]   Included: org.ow2.asm:asm-debug-all:jar:5.2
[DEBUG]   Included: eu.stamp-project:descartes:jar:1.1
[DEBUG]   Included: org.pitest:pitest:jar:1.2.0
[DEBUG]   Included: org.pitest:pitest-entry:jar:1.2.0
[DEBUG]   Included: com.thoughtworks.xstream:xstream:jar:1.4.8
[DEBUG]   Included: xmlpull:xmlpull:jar:1.1.3.1
[DEBUG]   Included: xpp3:xpp3_min:jar:1.1.4c
[DEBUG]   Included: org.gradle:gradle-tooling-api:jar:4.0.1
[DEBUG]   Included: org.mockito:mockito-core:jar:2.10.0
[DEBUG]   Included: net.bytebuddy:byte-buddy:jar:1.7.4
[DEBUG]   Included: net.bytebuddy:byte-buddy-agent:jar:1.7.4
[DEBUG]   Included: org.objenesis:objenesis:jar:2.6
[DEBUG]   Included: eu.stamp-project:test-runner:jar:jar-with-dependencies:1.1.0
[DEBUG]   Included: org.openclover:clover:jar:4.2.1
[DEBUG]   Included: fr.inria.gforge.spoon.labs:gumtree-spoon-ast-diff:jar:1.3
[DEBUG]   Included: com.github.gumtreediff:core:jar:2.0.0
[DEBUG]   Included: com.github.mpkorstanje:simmetrics-core:jar:3.0.3
[DEBUG]   Included: commons-codec:commons-codec:jar:1.10
[DEBUG]   Included: net.sf.trove4j:trove4j:jar:3.0.3
[DEBUG]   Included: javax.enterprise:cdi-api:jar:1.0
[DEBUG]   Included: org.eclipse.sisu:org.eclipse.sisu.inject:jar:0.3.3
[DEBUG]   Included: org.apache.maven.plugin-testing:maven-plugin-testing-harness:jar:3.3.0
[DEBUG]   Included: commons-io:commons-io:jar:2.2
[DEBUG]   Included: org.codehaus.plexus:plexus-archiver:jar:2.2
[DEBUG]   Included: org.codehaus.plexus:plexus-io:jar:2.0.4
[DEBUG]   Included: org.apache.maven:maven-builder-support:jar:3.5.0
[DEBUG]   Included: com.google.guava:guava:jar:20.0
[DEBUG]   Included: org.apache.maven.resolver:maven-resolver-util:jar:1.0.3
[DEBUG]   Included: org.codehaus.plexus:plexus-utils:jar:3.0.24
[DEBUG]   Included: org.codehaus.plexus:plexus-interpolation:jar:1.24
[DEBUG]   Included: org.codehaus.plexus:plexus-component-annotations:jar:1.7.1
[DEBUG]   Included: org.apache.maven.shared:maven-shared-utils:jar:3.1.0
[DEBUG]   Included: com.google.inject:guice:jar:no_aop:4.0
[DEBUG]   Included: aopalliance:aopalliance:jar:1.0
[DEBUG]   Included: org.sonatype.plexus:plexus-sec-dispatcher:jar:1.4
[DEBUG]   Included: org.sonatype.plexus:plexus-cipher:jar:1.4
[DEBUG]   Included: org.apache.commons:commons-lang3:jar:3.5
[DEBUG]   Included: org.eclipse.aether:aether-util:jar:1.0.2.v20150114
[DEBUG]   Included: backport-util-concurrent:backport-util-concurrent:jar:3.1
[DEBUG] Configuring mojo eu.stamp-project:dspot-maven:1.1.1-SNAPSHOT:amplify-unit-tests from plugin realm ClassRealm[plugin>eu.stamp-project:dspot-maven:1.1.1-SNAPSHOT, parent: sun.misc.Launcher$AppClassLoader@55f96302]
[DEBUG] Configuring mojo 'eu.stamp-project:dspot-maven:1.1.1-SNAPSHOT:amplify-unit-tests' with basic configurator -->
[DEBUG]   (f) amplifiers = [TestDataMutator, MethodAdd, MethodRemove, MethodGeneratorAmplifier, ReturnValueAmplifier, NullifierAmplifier]
[DEBUG]   (f) automaticBuilder = MavenBuilder
[DEBUG]   (f) budgetizer = SimpleBudgetizer
[DEBUG]   (f) cases = []
[DEBUG]   (f) clean = true
[DEBUG]   (f) descartes = false
[DEBUG]   (f) example = false
[DEBUG]   (f) generateNewTestClass = true
[DEBUG]   (f) help = false
[DEBUG]   (f) iteration = 3
[DEBUG]   (f) maxTestAmplified = 200
[DEBUG]   (f) noMinimize = false
[DEBUG]   (f) outputPath = /tmp/icst-2019/september-2018/result/pdfbox/commit_8_1dba19c/input_amplification
[DEBUG]   (f) pathToSecondVersion = /tmp/icst-2019/september-2018/dataset/pdfbox/pdfbox
[DEBUG]   (f) pathToTestListCsv = /tmp/icst-2019/september-2018/result/pdfbox/commit_8_1dba19c/testsThatExecuteTheChanges.csv
[DEBUG]   (f) project = MavenProject: org.apache.pdfbox:pdfbox:3.0.0-SNAPSHOT @ /tmp/icst-2019/september-2018/dataset/pdfbox_parent/pdfbox/pom.xml
[DEBUG]   (f) randomSeed = 23
[DEBUG]   (f) test = [all]
[DEBUG]   (f) testCriterion = ChangeDetectorSelector
[DEBUG]   (f) timeOut = 10000
[DEBUG]   (f) useMavenToExeTest = false
[DEBUG]   (f) verbose = true
[DEBUG]   (f) withComment = false
[DEBUG]   (f) workingDirectory = false
[DEBUG] -- end configuration --
[INFO] Path to runner Classes: /home/spirals/danglot/.m2/repository/eu/stamp-project/test-runner/1.1.0/test-runner-1.1.0-jar-with-dependencies.jar
[INFO] /home/spirals/danglot/.m2/repository/org/jacoco/org.jacoco.core/0.7.9/org.jacoco.core-0.7.9.jar
[INFO] /home/spirals/danglot/.m2/repository/org/ow2/asm/asm-debug-all/5.2/asm-debug-all-5.2.jar
[INFO] /home/spirals/danglot/.m2/repository/eu/stamp-project/test-runner/1.1.0/test-runner-1.1.0-jar-with-dependencies.jar
[WARNING] automaticBuilderName: unknown automatic builder specified in configuration, going to default.
[INFO] Default: provided Maven automatic builder.
[INFO] Using /home/spirals/danglot/apache-maven-3.5.4 for maven home
[INFO] run maven: /home/spirals/danglot/apache-maven-3.5.4/bin/mvn clean test -DskipTests dependency:build-classpath -Dmdep.outputFile=target/dspot/classpath
[WARN] Maven will be executed in interactive mode, but no input stream has been configured for this MavenInvoker instance.
[INFO] Scanning for projects...
[INFO] 
[INFO] ----------------------< org.apache.pdfbox:pdfbox >----------------------
[INFO] Building Apache PDFBox 3.0.0-SNAPSHOT
[INFO] -------------------------------[ bundle ]-------------------------------
[INFO] 
[INFO] --- maven-clean-plugin:3.1.0:clean (default-clean) @ pdfbox ---
[INFO] Deleting /tmp/icst-2019/september-2018/dataset/pdfbox_parent/pdfbox/target
[INFO] 
[INFO] --- maven-enforcer-plugin:1.4.1:enforce (enforce-maven-version) @ pdfbox ---
[INFO] Skipping Rule Enforcement.
[INFO] 
[INFO] --- maven-enforcer-plugin:1.4.1:enforce (default) @ pdfbox ---
[INFO] Skipping Rule Enforcement.
[INFO] 
[INFO] --- maven-remote-resources-plugin:1.5:process (process-resource-bundles) @ pdfbox ---
[INFO] 
[INFO] --- maven-resources-plugin:3.1.0:resources (default-resources) @ pdfbox ---
[INFO] Using 'UTF-8' encoding to copy filtered resources.
[INFO] Copying 1 resource
[INFO] Copying 21 resources
[INFO] Copying 3 resources
[INFO] 
[INFO] --- maven-compiler-plugin:3.7.0:compile (default-compile) @ pdfbox ---
[INFO] Changes detected - recompiling the module!
[INFO] Compiling 598 source files to /tmp/icst-2019/september-2018/dataset/pdfbox_parent/pdfbox/target/classes
[WARNING] bootstrap class path not set in conjunction with -source 1.7
[WARNING] /tmp/icst-2019/september-2018/dataset/pdfbox_parent/pdfbox/src/main/java/org/apache/pdfbox/pdmodel/font/PDFont.java:[310,27] getHeight(int) in org.apache.pdfbox.pdmodel.font.PDFontLike has been deprecated
[WARNING] /tmp/icst-2019/september-2018/dataset/pdfbox_parent/pdfbox/src/main/java/org/apache/pdfbox/pdmodel/font/PDCIDFont.java:[297,27] getHeight(int) in org.apache.pdfbox.pdmodel.font.PDFontLike has been deprecated
[WARNING] /tmp/icst-2019/september-2018/dataset/pdfbox_parent/pdfbox/src/main/java/org/apache/pdfbox/pdmodel/font/TrueTypeEmbedder.java:[102,19] getUnicodeCmap() in org.apache.fontbox.ttf.TrueTypeFont has been deprecated
[INFO] /tmp/icst-2019/september-2018/dataset/pdfbox_parent/pdfbox/src/main/java/org/apache/pdfbox/pdmodel/common/PDStream.java: Some input files use unchecked or unsafe operations.
[INFO] /tmp/icst-2019/september-2018/dataset/pdfbox_parent/pdfbox/src/main/java/org/apache/pdfbox/pdmodel/common/PDStream.java: Recompile with -Xlint:unchecked for details.
[INFO] 
[INFO] --- download-maven-plugin:1.3.0:wget (PDFBOX-3208) @ pdfbox ---
[INFO] Got from cache: /home/spirals/danglot/.m2/repository/.cache/download-maven-plugin/PDFBOX-3208-L33MUTT2SVCWGCS6UIYL5TH3PNPXHIS6.pdf_de0669b66f08ae8aa43c86a621ff5bec
[INFO] 
[INFO] --- download-maven-plugin:1.3.0:wget (PDFBOX-3940) @ pdfbox ---
[INFO] Got from cache: /home/spirals/danglot/.m2/repository/.cache/download-maven-plugin/PDFBOX-3940-079977.pdf_9f10014885782ad11ddc58590e4abf33
[INFO] 
[INFO] --- download-maven-plugin:1.3.0:wget (PDFBOX-3783) @ pdfbox ---
[INFO] Got from cache: /home/spirals/danglot/.m2/repository/.cache/download-maven-plugin/PDFBOX-3783-72GLBIGUC6LB46ELZFBARRJTLN4RBSQM.pdf_469d6b4e548b111aa3e37373e5553584
[INFO] 
[INFO] --- download-maven-plugin:1.3.0:wget (PDFBOX-3785) @ pdfbox ---
[INFO] Got from cache: /home/spirals/danglot/.m2/repository/.cache/download-maven-plugin/PDFBOX-3785-202097.pdf_048947aaae4941f36421b28526ed6141
[INFO] 
[INFO] --- download-maven-plugin:1.3.0:wget (PDFBOX-3947) @ pdfbox ---
[INFO] Got from cache: /home/spirals/danglot/.m2/repository/.cache/download-maven-plugin/PDFBOX-3947-670064.pdf_4051e330dc7ecfb9c3f1631a8f25a796
[INFO] 
[INFO] --- download-maven-plugin:1.3.0:wget (PDFBOX-3948) @ pdfbox ---
[INFO] Got from cache: /home/spirals/danglot/.m2/repository/.cache/download-maven-plugin/PDFBOX-3948-EUWO6SQS5TM4VGOMRD3FLXZHU35V2CP2.pdf_ba0d9f1e63b0fc95de8324455d9cb03b
[INFO] 
[INFO] --- download-maven-plugin:1.3.0:wget (PDFBOX-3949) @ pdfbox ---
[INFO] Got from cache: /home/spirals/danglot/.m2/repository/.cache/download-maven-plugin/PDFBOX-3949-MKFYUGZWS3OPXLLVU2Z4LWCTVA5WNOGF.pdf_6e3d56ad031796b7efe7163bb068cc69
[INFO] 
[INFO] --- download-maven-plugin:1.3.0:wget (PDFBOX-3950) @ pdfbox ---
[INFO] Got from cache: /home/spirals/danglot/.m2/repository/.cache/download-maven-plugin/PDFBOX-3950-23EGDHXSBBYQLKYOKGZUOVYVNE675PRD.pdf_b77946d9f033ca421daf140c59ca343d
[INFO] 
[INFO] --- download-maven-plugin:1.3.0:wget (PDFBOX-3951) @ pdfbox ---
[INFO] Got from cache: /home/spirals/danglot/.m2/repository/.cache/download-maven-plugin/PDFBOX-3951-FIHUZWDDL2VGPOE34N6YHWSIGSH5LVGZ.pdf_48c20f7e871e43c587301caffa853c48
[INFO] 
[INFO] --- download-maven-plugin:1.3.0:wget (PDFBOX-3964) @ pdfbox ---
[INFO] Got from cache: /home/spirals/danglot/.m2/repository/.cache/download-maven-plugin/PDFBOX-3964-c687766d68ac766be3f02aaec5e0d713_2.pdf_12b9ac4133f6e3939cbb590ad749d3bf
[INFO] 
[INFO] --- download-maven-plugin:1.3.0:wget (PDFBOX-3977) @ pdfbox ---
[INFO] Got from cache: /home/spirals/danglot/.m2/repository/.cache/download-maven-plugin/PDFBOX-3977-63NGFQRI44HQNPIPEJH5W2TBM6DJZWMI.pdf_27714aefc8fe3adc66227de09e88af42
[INFO] 
[INFO] --- download-maven-plugin:1.3.0:wget (Genko) @ pdfbox ---
[INFO] Got from cache: /home/spirals/danglot/.m2/repository/.cache/download-maven-plugin/genko_oc_shiryo1.pdf_e2af07f3ca9304c3e3ecdf533cfd3c8d
[INFO] 
[INFO] --- download-maven-plugin:1.3.0:wget (PDFBOX-3999) @ pdfbox ---
[INFO] Got from cache: /home/spirals/danglot/.m2/repository/.cache/download-maven-plugin/PDFBOX-3999-GeneralForbearance.pdf_752f3764ee13669ba9e6dd3080300f64
[INFO] 
[INFO] --- download-maven-plugin:1.3.0:wget (PDFBOX-4106) @ pdfbox ---
[INFO] Got from cache: /home/spirals/danglot/.m2/repository/.cache/download-maven-plugin/ipag00303.zip_a12edefe6d9331f33338c91e317ea8cb
[INFO] 
[INFO] --- download-maven-plugin:1.3.0:wget (PDFBOX-4106b) @ pdfbox ---
[INFO] Got from cache: /home/spirals/danglot/.m2/repository/.cache/download-maven-plugin/ipagp00303.zip_378d024f5708846381fba93f475e69ac
[INFO] 
[INFO] --- download-maven-plugin:1.3.0:wget (PDFBOX-4115) @ pdfbox ---
[INFO] Got from cache: /home/spirals/danglot/.m2/repository/.cache/download-maven-plugin/n019003l.pfb_0579f9d96bca4d60f0f0e838a5245d8b
[INFO] 
[INFO] --- download-maven-plugin:1.3.0:wget (PDFBOX-4197) @ pdfbox ---
[INFO] Got from cache: /home/spirals/danglot/.m2/repository/.cache/download-maven-plugin/PDFBOX-4197.pdf_b41e52492ca36eef00b04a90618de6ab
[INFO] 
[INFO] --- download-maven-plugin:1.3.0:wget (PDFBOX-4184) @ pdfbox ---
[INFO] Got from cache: /home/spirals/danglot/.m2/repository/.cache/download-maven-plugin/PDFBOX-4184-032163.jpg_6ad9b9e2f2f8749956fdc2bb9c377084
[INFO] 
[INFO] --- download-maven-plugin:1.3.0:wget (PDFBOX-4184-2) @ pdfbox ---
[INFO] Got from cache: /home/spirals/danglot/.m2/repository/.cache/download-maven-plugin/PDFBOX-4184-16bit.png_ea393da18f64ef2b0e9a086ef3fa1e7a
[INFO] 
[INFO] --- download-maven-plugin:1.3.0:wget (PDFBOX-4308) @ pdfbox ---
[INFO] Got from cache: /home/spirals/danglot/.m2/repository/.cache/download-maven-plugin/PDFBOX-4308.pdf_5cf126d7932ac4c9cdde7c2384d57958
[INFO] 
[INFO] --- maven-resources-plugin:3.1.0:testResources (default-testResources) @ pdfbox ---
[INFO] Using 'UTF-8' encoding to copy filtered resources.
[INFO] Copying 199 resources
[INFO] Copying 3 resources
[INFO] 
[INFO] --- maven-compiler-plugin:3.7.0:testCompile (default-testCompile) @ pdfbox ---
[INFO] Changes detected - recompiling the module!
[INFO] Compiling 103 source files to /tmp/icst-2019/september-2018/dataset/pdfbox_parent/pdfbox/target/test-classes
[WARNING] bootstrap class path not set in conjunction with -source 1.7
[INFO] 
[INFO] --- maven-surefire-plugin:2.22.0:test (default-test) @ pdfbox ---
[INFO] Tests are skipped.
[INFO] 
[INFO] --- animal-sniffer-maven-plugin:1.17:check (check-java-version) @ pdfbox ---
[INFO] Checking unresolved references to org.codehaus.mojo.signature:java17:1.0
[INFO] 
[INFO] --- maven-dependency-plugin:3.1.1:build-classpath (default-cli) @ pdfbox ---
[INFO] Wrote classpath file '/tmp/icst-2019/september-2018/dataset/pdfbox_parent/pdfbox/target/dspot/classpath'.
[INFO] ------------------------------------------------------------------------
[INFO] BUILD SUCCESS
[INFO] ------------------------------------------------------------------------
[INFO] Total time: 42.561 s
[INFO] Finished at: 2018-10-04T11:22:28+02:00
[INFO] ------------------------------------------------------------------------
[INFO] Using /home/spirals/danglot/apache-maven-3.5.4 for maven home
[INFO] run maven: /home/spirals/danglot/apache-maven-3.5.4/bin/mvn clean test -DskipTests dependency:build-classpath -Dmdep.outputFile=target/dspot/classpath
[WARN] Maven will be executed in interactive mode, but no input stream has been configured for this MavenInvoker instance.
[INFO] Scanning for projects...
[INFO] 
[INFO] ----------------------< org.apache.pdfbox:pdfbox >----------------------
[INFO] Building Apache PDFBox 3.0.0-SNAPSHOT
[INFO] -------------------------------[ bundle ]-------------------------------
[INFO] 
[INFO] --- maven-clean-plugin:3.1.0:clean (default-clean) @ pdfbox ---
[INFO] Deleting /tmp/icst-2019/september-2018/dataset/pdfbox/pdfbox/target
[INFO] 
[INFO] --- maven-enforcer-plugin:1.4.1:enforce (enforce-maven-version) @ pdfbox ---
[INFO] Skipping Rule Enforcement.
[INFO] 
[INFO] --- maven-enforcer-plugin:1.4.1:enforce (default) @ pdfbox ---
[INFO] Skipping Rule Enforcement.
[INFO] 
[INFO] --- maven-remote-resources-plugin:1.5:process (process-resource-bundles) @ pdfbox ---
[INFO] 
[INFO] --- maven-resources-plugin:3.1.0:resources (default-resources) @ pdfbox ---
[INFO] Using 'UTF-8' encoding to copy filtered resources.
[INFO] Copying 1 resource
[INFO] Copying 21 resources
[INFO] Copying 3 resources
[INFO] 
[INFO] --- maven-compiler-plugin:3.7.0:compile (default-compile) @ pdfbox ---
[INFO] Changes detected - recompiling the module!
[INFO] Compiling 598 source files to /tmp/icst-2019/september-2018/dataset/pdfbox/pdfbox/target/classes
[WARNING] bootstrap class path not set in conjunction with -source 1.7
[WARNING] /tmp/icst-2019/september-2018/dataset/pdfbox/pdfbox/src/main/java/org/apache/pdfbox/pdmodel/font/PDFont.java:[310,27] getHeight(int) in org.apache.pdfbox.pdmodel.font.PDFontLike has been deprecated
[WARNING] /tmp/icst-2019/september-2018/dataset/pdfbox/pdfbox/src/main/java/org/apache/pdfbox/pdmodel/font/PDCIDFont.java:[297,27] getHeight(int) in org.apache.pdfbox.pdmodel.font.PDFontLike has been deprecated
[WARNING] /tmp/icst-2019/september-2018/dataset/pdfbox/pdfbox/src/main/java/org/apache/pdfbox/pdmodel/font/TrueTypeEmbedder.java:[102,19] getUnicodeCmap() in org.apache.fontbox.ttf.TrueTypeFont has been deprecated
[INFO] /tmp/icst-2019/september-2018/dataset/pdfbox/pdfbox/src/main/java/org/apache/pdfbox/pdmodel/common/PDStream.java: Some input files use unchecked or unsafe operations.
[INFO] /tmp/icst-2019/september-2018/dataset/pdfbox/pdfbox/src/main/java/org/apache/pdfbox/pdmodel/common/PDStream.java: Recompile with -Xlint:unchecked for details.
[INFO] 
[INFO] --- download-maven-plugin:1.3.0:wget (PDFBOX-3208) @ pdfbox ---
[INFO] Got from cache: /home/spirals/danglot/.m2/repository/.cache/download-maven-plugin/PDFBOX-3208-L33MUTT2SVCWGCS6UIYL5TH3PNPXHIS6.pdf_de0669b66f08ae8aa43c86a621ff5bec
[INFO] 
[INFO] --- download-maven-plugin:1.3.0:wget (PDFBOX-3940) @ pdfbox ---
[INFO] Got from cache: /home/spirals/danglot/.m2/repository/.cache/download-maven-plugin/PDFBOX-3940-079977.pdf_9f10014885782ad11ddc58590e4abf33
[INFO] 
[INFO] --- download-maven-plugin:1.3.0:wget (PDFBOX-3783) @ pdfbox ---
[INFO] Got from cache: /home/spirals/danglot/.m2/repository/.cache/download-maven-plugin/PDFBOX-3783-72GLBIGUC6LB46ELZFBARRJTLN4RBSQM.pdf_469d6b4e548b111aa3e37373e5553584
[INFO] 
[INFO] --- download-maven-plugin:1.3.0:wget (PDFBOX-3785) @ pdfbox ---
[INFO] Got from cache: /home/spirals/danglot/.m2/repository/.cache/download-maven-plugin/PDFBOX-3785-202097.pdf_048947aaae4941f36421b28526ed6141
[INFO] 
[INFO] --- download-maven-plugin:1.3.0:wget (PDFBOX-3947) @ pdfbox ---
[INFO] Got from cache: /home/spirals/danglot/.m2/repository/.cache/download-maven-plugin/PDFBOX-3947-670064.pdf_4051e330dc7ecfb9c3f1631a8f25a796
[INFO] 
[INFO] --- download-maven-plugin:1.3.0:wget (PDFBOX-3948) @ pdfbox ---
[INFO] Got from cache: /home/spirals/danglot/.m2/repository/.cache/download-maven-plugin/PDFBOX-3948-EUWO6SQS5TM4VGOMRD3FLXZHU35V2CP2.pdf_ba0d9f1e63b0fc95de8324455d9cb03b
[INFO] 
[INFO] --- download-maven-plugin:1.3.0:wget (PDFBOX-3949) @ pdfbox ---
[INFO] Got from cache: /home/spirals/danglot/.m2/repository/.cache/download-maven-plugin/PDFBOX-3949-MKFYUGZWS3OPXLLVU2Z4LWCTVA5WNOGF.pdf_6e3d56ad031796b7efe7163bb068cc69
[INFO] 
[INFO] --- download-maven-plugin:1.3.0:wget (PDFBOX-3950) @ pdfbox ---
[INFO] Got from cache: /home/spirals/danglot/.m2/repository/.cache/download-maven-plugin/PDFBOX-3950-23EGDHXSBBYQLKYOKGZUOVYVNE675PRD.pdf_b77946d9f033ca421daf140c59ca343d
[INFO] 
[INFO] --- download-maven-plugin:1.3.0:wget (PDFBOX-3951) @ pdfbox ---
[INFO] Got from cache: /home/spirals/danglot/.m2/repository/.cache/download-maven-plugin/PDFBOX-3951-FIHUZWDDL2VGPOE34N6YHWSIGSH5LVGZ.pdf_48c20f7e871e43c587301caffa853c48
[INFO] 
[INFO] --- download-maven-plugin:1.3.0:wget (PDFBOX-3964) @ pdfbox ---
[INFO] Got from cache: /home/spirals/danglot/.m2/repository/.cache/download-maven-plugin/PDFBOX-3964-c687766d68ac766be3f02aaec5e0d713_2.pdf_12b9ac4133f6e3939cbb590ad749d3bf
[INFO] 
[INFO] --- download-maven-plugin:1.3.0:wget (PDFBOX-3977) @ pdfbox ---
[INFO] Got from cache: /home/spirals/danglot/.m2/repository/.cache/download-maven-plugin/PDFBOX-3977-63NGFQRI44HQNPIPEJH5W2TBM6DJZWMI.pdf_27714aefc8fe3adc66227de09e88af42
[INFO] 
[INFO] --- download-maven-plugin:1.3.0:wget (Genko) @ pdfbox ---
[INFO] Got from cache: /home/spirals/danglot/.m2/repository/.cache/download-maven-plugin/genko_oc_shiryo1.pdf_e2af07f3ca9304c3e3ecdf533cfd3c8d
[INFO] 
[INFO] --- download-maven-plugin:1.3.0:wget (PDFBOX-3999) @ pdfbox ---
[INFO] Got from cache: /home/spirals/danglot/.m2/repository/.cache/download-maven-plugin/PDFBOX-3999-GeneralForbearance.pdf_752f3764ee13669ba9e6dd3080300f64
[INFO] 
[INFO] --- download-maven-plugin:1.3.0:wget (PDFBOX-4106) @ pdfbox ---
[INFO] Got from cache: /home/spirals/danglot/.m2/repository/.cache/download-maven-plugin/ipag00303.zip_a12edefe6d9331f33338c91e317ea8cb
[INFO] 
[INFO] --- download-maven-plugin:1.3.0:wget (PDFBOX-4106b) @ pdfbox ---
[INFO] Got from cache: /home/spirals/danglot/.m2/repository/.cache/download-maven-plugin/ipagp00303.zip_378d024f5708846381fba93f475e69ac
[INFO] 
[INFO] --- download-maven-plugin:1.3.0:wget (PDFBOX-4115) @ pdfbox ---
[INFO] Got from cache: /home/spirals/danglot/.m2/repository/.cache/download-maven-plugin/n019003l.pfb_0579f9d96bca4d60f0f0e838a5245d8b
[INFO] 
[INFO] --- download-maven-plugin:1.3.0:wget (PDFBOX-4197) @ pdfbox ---
[INFO] Got from cache: /home/spirals/danglot/.m2/repository/.cache/download-maven-plugin/PDFBOX-4197.pdf_b41e52492ca36eef00b04a90618de6ab
[INFO] 
[INFO] --- download-maven-plugin:1.3.0:wget (PDFBOX-4184) @ pdfbox ---
[INFO] Got from cache: /home/spirals/danglot/.m2/repository/.cache/download-maven-plugin/PDFBOX-4184-032163.jpg_6ad9b9e2f2f8749956fdc2bb9c377084
[INFO] 
[INFO] --- download-maven-plugin:1.3.0:wget (PDFBOX-4184-2) @ pdfbox ---
[INFO] Got from cache: /home/spirals/danglot/.m2/repository/.cache/download-maven-plugin/PDFBOX-4184-16bit.png_ea393da18f64ef2b0e9a086ef3fa1e7a
[INFO] 
[INFO] --- download-maven-plugin:1.3.0:wget (PDFBOX-4308) @ pdfbox ---
[INFO] Got from cache: /home/spirals/danglot/.m2/repository/.cache/download-maven-plugin/PDFBOX-4308.pdf_5cf126d7932ac4c9cdde7c2384d57958
[INFO] 
[INFO] --- maven-resources-plugin:3.1.0:testResources (default-testResources) @ pdfbox ---
[INFO] Using 'UTF-8' encoding to copy filtered resources.
[INFO] Copying 199 resources
[INFO] Copying 3 resources
[INFO] 
[INFO] --- maven-compiler-plugin:3.7.0:testCompile (default-testCompile) @ pdfbox ---
[INFO] Changes detected - recompiling the module!
[INFO] Compiling 103 source files to /tmp/icst-2019/september-2018/dataset/pdfbox/pdfbox/target/test-classes
[WARNING] bootstrap class path not set in conjunction with -source 1.7
[INFO] 
[INFO] --- maven-surefire-plugin:2.22.0:test (default-test) @ pdfbox ---
[INFO] Tests are skipped.
[INFO] 
[INFO] --- animal-sniffer-maven-plugin:1.17:check (check-java-version) @ pdfbox ---
[INFO] Checking unresolved references to org.codehaus.mojo.signature:java17:1.0
[INFO] 
[INFO] --- maven-dependency-plugin:3.1.1:build-classpath (default-cli) @ pdfbox ---
[INFO] Wrote classpath file '/tmp/icst-2019/september-2018/dataset/pdfbox/pdfbox/target/dspot/classpath'.
[INFO] ------------------------------------------------------------------------
[INFO] BUILD SUCCESS
[INFO] ------------------------------------------------------------------------
[INFO] Total time: 41.481 s
[INFO] Finished at: 2018-10-04T11:23:38+02:00
[INFO] ------------------------------------------------------------------------
[INFO] Amplification of org.apache.pdfbox.rendering.TestRendering (1 test(s))
[INFO] Assertion amplification of org.apache.pdfbox.rendering.TestRendering (1 test(s))
[INFO] Run: java -classpath /tmp/icst-2019/september-2018/dataset/pdfbox_parent/pdfbox/target/test-classes:/tmp/icst-2019/september-2018/dataset/pdfbox_parent/pdfbox/target/classes/:/home/spirals/danglot/.m2/repository/org/apache/pdfbox/fontbox/3.0.0-SNAPSHOT/fontbox-3.0.0-SNAPSHOT.jar:/home/spirals/danglot/.m2/repository/commons-logging/commons-logging/1.2/commons-logging-1.2.jar:/home/spirals/danglot/.m2/repository/org/bouncycastle/bcmail-jdk15on/1.60/bcmail-jdk15on-1.60.jar:/home/spirals/danglot/.m2/repository/org/bouncycastle/bcpkix-jdk15on/1.60/bcpkix-jdk15on-1.60.jar:/home/spirals/danglot/.m2/repository/org/bouncycastle/bcprov-jdk15on/1.60/bcprov-jdk15on-1.60.jar:/home/spirals/danglot/.m2/repository/junit/junit/4.12/junit-4.12.jar:/home/spirals/danglot/.m2/repository/org/hamcrest/hamcrest-core/1.3/hamcrest-core-1.3.jar:/home/spirals/danglot/.m2/repository/com/googlecode/java-diff-utils/diffutils/1.3.0/diffutils-1.3.0.jar:/home/spirals/danglot/.m2/repository/org/apache/pdfbox/jbig2-imageio/3.0.1/jbig2-imageio-3.0.1.jar:/home/spirals/danglot/.m2/repository/com/github/jai-imageio/jai-imageio-core/1.4.0/jai-imageio-core-1.4.0.jar:/home/spirals/danglot/.m2/repository/com/github/jai-imageio/jai-imageio-jpeg2000/1.3.0/jai-imageio-jpeg2000-1.3.0.jar:/tmp/icst-2019/september-2018/dataset/pdfbox_parent/pdfbox/target/dspot/dependencies/:/home/spirals/danglot/.m2/repository/eu/stamp-project/test-runner/1.1.0/test-runner-1.1.0-jar-with-dependencies.jar eu.stamp_project.testrunner.runner.test.TestRunner org.apache.pdfbox.rendering.TestRendering render
JDK: Java(TM) SE Runtime Environment
Version: 1.8
File saved to the following path: /tmp/icst-2019/september-2018/dataset/pdfbox_parent/pdfbox/target/dspot/TestListener.ser
Loading /tmp/icst-2019/september-2018/dataset/pdfbox_parent/pdfbox/target/dspot/TestListener.ser
[INFO] Test has been run: initializationError(org.junit.runner.manipulation.Filter): No tests found matching Filter test methods according their simple name: [render] from org.junit.internal.requests.ClassRequest@6d9c638
[INFO] 0 amplified test methods has been selected to be kept. (global: 0)
[INFO] Applying Input-amplification and Assertion-amplification test by test.
[INFO] Amplification of render, (1/1)
[INFO] iteration 0 / 3
[INFO] 1 tests selected to be amplified over 1 available tests
[INFO] Amplification of inputs...
100% |================================================== ]/
[INFO] 70 new tests generated
[INFO] Run tests. (70)
[ERROR] Error(s) during compilation:
[ERROR] Pb(102) The method load(File) is ambiguous for the type PDDocument
[INFO] Run: java -classpath /tmp/icst-2019/september-2018/dataset/pdfbox_parent/pdfbox/target/test-classes:/tmp/icst-2019/september-2018/dataset/pdfbox_parent/pdfbox/target/classes/:/home/spirals/danglot/.m2/repository/org/apache/pdfbox/fontbox/3.0.0-SNAPSHOT/fontbox-3.0.0-SNAPSHOT.jar:/home/spirals/danglot/.m2/repository/commons-logging/commons-logging/1.2/commons-logging-1.2.jar:/home/spirals/danglot/.m2/repository/org/bouncycastle/bcmail-jdk15on/1.60/bcmail-jdk15on-1.60.jar:/home/spirals/danglot/.m2/repository/org/bouncycastle/bcpkix-jdk15on/1.60/bcpkix-jdk15on-1.60.jar:/home/spirals/danglot/.m2/repository/org/bouncycastle/bcprov-jdk15on/1.60/bcprov-jdk15on-1.60.jar:/home/spirals/danglot/.m2/repository/junit/junit/4.12/junit-4.12.jar:/home/spirals/danglot/.m2/repository/org/hamcrest/hamcrest-core/1.3/hamcrest-core-1.3.jar:/home/spirals/danglot/.m2/repository/com/googlecode/java-diff-utils/diffutils/1.3.0/diffutils-1.3.0.jar:/home/spirals/danglot/.m2/repository/org/apache/pdfbox/jbig2-imageio/3.0.1/jbig2-imageio-3.0.1.jar:/home/spirals/danglot/.m2/repository/com/github/jai-imageio/jai-imageio-core/1.4.0/jai-imageio-core-1.4.0.jar:/home/spirals/danglot/.m2/repository/com/github/jai-imageio/jai-imageio-jpeg2000/1.3.0/jai-imageio-jpeg2000-1.3.0.jar:/tmp/icst-2019/september-2018/dataset/pdfbox_parent/pdfbox/target/dspot/dependencies/:/home/spirals/danglot/.m2/repository/eu/stamp-project/test-runner/1.1.0/test-runner-1.1.0-jar-with-dependencies.jar eu.stamp_project.testrunner.runner.test.TestRunner org.apache.pdfbox.rendering.TestRendering render_literalMutationNumber1:render_literalMutationNumber2:render_literalMutationNumber3:render_literalMutationNumber4:render_literalMutationNumber5:render_add6:render_add7:render_add8:render_remove9:render_remove10:render_mg11:render_mg12:render_mg13:render_mg14:render_mg15:render_mg16:render_mg17:render_mg18:render_mg19:render_mg20:render_mg21:render_mg22:render_mg23:render_mg24:render_mg25:render_mg26:render_mg27:render_mg28:render_mg29:render_rv31:render_rv32:render_rv33:render_rv34:render_rv35:render_rv36:render_rv37:render_rv38:render_rv39:render_rv40:render_rv41:render_rv42:render_rv43:render_rv44:render_rv45:render_rv46:render_rv47:render_rv48:render_rv49:render_rv50:render_rv51:render_rv52:render_rv53:render_rv54:render_rv55:render_rv56:render_rv57:render_rv58:render_rv59:render_rv60:render_rv61:render_rv62:render_rv63:render_rv64:render_rv65:render_rv66:render_rv67:render_rv68:render_rv69:render_rv70
JDK: Java(TM) SE Runtime Environment
Version: 1.8
File saved to the following path: /tmp/icst-2019/september-2018/dataset/pdfbox_parent/pdfbox/target/dspot/TestListener.ser
Loading /tmp/icst-2019/september-2018/dataset/pdfbox_parent/pdfbox/target/dspot/TestListener.ser
[INFO] Test has been run: initializationError(org.junit.runner.manipulation.Filter): No tests found matching Filter test methods according their simple name: [render_literalMutationNumber1, render_literalMutationNumber2, render_literalMutationNumber3, render_literalMutationNumber4, render_literalMutationNumber5, render_add6, render_add7, render_add8, render_remove9, render_remove10, render_mg11, render_mg12, render_mg13, render_mg14, render_mg15, render_mg16, render_mg17, render_mg18, render_mg19, render_mg20, render_mg21, render_mg22, render_mg23, render_mg24, render_mg25, render_mg26, render_mg27, render_mg28, render_mg29, render_rv31, render_rv32, render_rv33, render_rv34, render_rv35, render_rv36, render_rv37, render_rv38, render_rv39, render_rv40, render_rv41, render_rv42, render_rv43, render_rv44, render_rv45, render_rv46, render_rv47, render_rv48, render_rv49, render_rv50, render_rv51, render_rv52, render_rv53, render_rv54, render_rv55, render_rv56, render_rv57, render_rv58, render_rv59, render_rv60, render_rv61, render_rv62, render_rv63, render_rv64, render_rv65, render_rv66, render_rv67, render_rv68, render_rv69, render_rv70] from org.junit.internal.requests.ClassRequest@1ee0005
[INFO] 1 test fail, generating try/catch/fail blocks...
[INFO] Could not generate any test with assertions
[INFO] iteration 1 / 3
[INFO] 70 tests selected to be amplified over 70 available tests
[INFO] Amplification of inputs...
 62% |=============================== ]| 31% |=============================== ]- 12% |=============================== ]/ 44% |=============================== ]\ 14% |=============================== ]- 45% |=============================== ]| 64% |================================ ]/ 32% |================================ ]\ 15% |================================ ]\ 65% |================================ ]- 47% |================================ ]/ 67% |================================= ]\ 34% |================================= ]| 48% |================================= ]- 68% |================================== ]| 50% |================================== ]\ 70% |=================================== ]/ 38% |=================================== ]\ 71% |=================================== ]- 72% |==================================== ]\ 35% |==================================== ]/ 40% |==================================== ]| 37% |==================================== ]- 74% |===================================== ]| 25% |===================================== ]- 41% |===================================== ]/ 57% |===================================== ]| 42% |===================================== ]- 58% |===================================== ]/  7% |===================================== ]/ 60% |===================================== ]- 17% |===================================== ]|  8% |===================================== ]- 61% |===================================== ]\ 51% |===================================== ]| 18% |===================================== ]/ 10% |===================================== ]\ 52% |===================================== ]/ 27% |===================================== ]\ 20% |===================================== ]- 11% |===================================== ]| 54% |===================================== ]- 28% |===================================== ]| 55% |===================================== ]\ 21% |===================================== ]\  1% |===================================== ]/ 88% |============================================ ]- 30% |============================================ ]/  2% |============================================ ]- 90% |============================================= ]\ 81% |============================================= ]/ 22% |============================================= ]| 91% |============================================= ]|  4% |============================================= ]\ 92% |============================================== ]/ 82% |============================================== ]-  5% |============================================== ]| 84% |============================================== ]\ 94% |=============================================== ]- 85% |=============================================== ]| 75% |=============================================== ]/ 95% |=============================================== ]\ 24% |=============================================== ]/ 87% |=============================================== ]/ 97% |================================================ ]| 77% |================================================ ]- 78% |================================================ ]\ 98% |================================================= ]/ 80% |================================================= ]|100% |================================================== ]-
[INFO] 3881 new tests generated
[WARNING] Too many tests have been generated: 3881
[INFO] Number of generated test reduced to 200
[INFO] Run tests. (200)
[ERROR] Error(s) during compilation:
[ERROR] Pb(102) The method load(File) is ambiguous for the type PDDocument
[INFO] Run: java -classpath /tmp/icst-2019/september-2018/dataset/pdfbox_parent/pdfbox/target/test-classes:/tmp/icst-2019/september-2018/dataset/pdfbox_parent/pdfbox/target/classes/:/home/spirals/danglot/.m2/repository/org/apache/pdfbox/fontbox/3.0.0-SNAPSHOT/fontbox-3.0.0-SNAPSHOT.jar:/home/spirals/danglot/.m2/repository/commons-logging/commons-logging/1.2/commons-logging-1.2.jar:/home/spirals/danglot/.m2/repository/org/bouncycastle/bcmail-jdk15on/1.60/bcmail-jdk15on-1.60.jar:/home/spirals/danglot/.m2/repository/org/bouncycastle/bcpkix-jdk15on/1.60/bcpkix-jdk15on-1.60.jar:/home/spirals/danglot/.m2/repository/org/bouncycastle/bcprov-jdk15on/1.60/bcprov-jdk15on-1.60.jar:/home/spirals/danglot/.m2/repository/junit/junit/4.12/junit-4.12.jar:/home/spirals/danglot/.m2/repository/org/hamcrest/hamcrest-core/1.3/hamcrest-core-1.3.jar:/home/spirals/danglot/.m2/repository/com/googlecode/java-diff-utils/diffutils/1.3.0/diffutils-1.3.0.jar:/home/spirals/danglot/.m2/repository/org/apache/pdfbox/jbig2-imageio/3.0.1/jbig2-imageio-3.0.1.jar:/home/spirals/danglot/.m2/repository/com/github/jai-imageio/jai-imageio-core/1.4.0/jai-imageio-core-1.4.0.jar:/home/spirals/danglot/.m2/repository/com/github/jai-imageio/jai-imageio-jpeg2000/1.3.0/jai-imageio-jpeg2000-1.3.0.jar:/tmp/icst-2019/september-2018/dataset/pdfbox_parent/pdfbox/target/dspot/dependencies/:/home/spirals/danglot/.m2/repository/eu/stamp-project/test-runner/1.1.0/test-runner-1.1.0-jar-with-dependencies.jar eu.stamp_project.testrunner.runner.test.TestRunner org.apache.pdfbox.rendering.TestRendering render_mg13_mg2165:render_rv48_mg683:render_rv53_mg1527:render_mg13_rv2364:render_mg13_rv2297:render_rv69_mg3907:render_mg13_mg2128:render_rv47_mg520:render_mg13_mg2146:render_mg12_mg1911:render_mg23_mg470:render_mg13_mg2159:render_rv55_mg3883:render_rv43_mg1887:render_mg13_mg2193:render_mg13_rv2311:render_mg13_mg2127:render_mg24_mg952:render_rv53_rv1629:render_rv53_rv1584:render_mg13_mg2204:render_mg13_mg2179:render_rv62_mg3698:render_rv66_mg3330:render_rv53_mg1521:render_mg26_mg1274:render_rv69_mg3923:render_mg13_rv2238:render_rv49_mg753:render_mg12_rv2041:render_rv42_mg1762:render_mg15_mg2732:render_add6_rv1993:render_mg13_mg2209:render_rv68_mg3642:render_mg13_rv2363:render_literalMutationNumber1_mg2769:render_mg23_rv580:render_rv48_mg682:render_add6_mg1936:render_mg12_rv1994:render_mg23_rv552:render_rv65_mg3171:render_rv48_mg689:render_mg13_mg2150:render_mg16_mg3237:render_rv67_mg3507:render_mg13_rv2362:render_mg11_mg1729:render_mg27_mg957:render_mg16_rv3573:render_mg13_rv2340:render_rv31_mg1691:render_mg24_rv1085:render_rv58_mg3156:render_mg17_mg3704:render_mg16_mg3225:render_mg13_rv2344:render_rv69_mg3906:render_mg24_mg937:render_rv48_mg711:render_rv36_mg822:render_rv62_rv3777:render_rv41_mg1675:render_rv69_mg3917:render_rv54_mg3638:render_mg18_mg2157:render_mg13_rv2312:render_mg13_rv2296:render_rv48_mg681:render_mg16_rv3397:render_mg24_rv1032:render_mg13_rv2275:render_mg11_rv1792:render_rv45_mg184:render_mg11_rv1841:render_rv69_mg3924:render_rv48_mg710:render_rv62_rv3839:render_mg20_mg2697:render_rv48_mg700:render_mg16_rv3582:render_mg28_mg1245:render_rv48_mg695:render_rv54_rv3706:render_mg18_mg2172:render_rv56_mg3934:render_mg16_rv3372:render_mg13_mg2213:render_rv59_mg3290:render_mg13_mg2212:render_rv36_rv850:render_rv34_mg492:render_rv52_mg1100:render_mg13_rv2221:render_mg21_mg2950:render_mg13_mg2132:render_mg29_mg1572:render_mg19_mg2452:render_rv51_mg951:render_mg28_rv1437:render_mg28_rv1329:render_mg13_mg2200:render_rv62_rv3841:render_mg13_mg2219:render_mg13_mg2131:render_mg13_mg2198:render_mg13_mg2144:render_mg16_rv3556:render_rv69_mg3905:render_mg28_rv1383:render_mg13_mg2149:render_mg18_rv2269:render_rv36_mg836:render_mg29_rv1635:render_mg13_mg2129:render_mg13_mg2130:render_mg18_mg2148:render_mg13_mg2145:render_mg27_rv1169:render_mg21_rv3034:render_mg13_mg2143:render_mg19_rv2522:render_mg13_mg2199:render_mg18_rv2336:render_mg11_mg1700:render_mg27_rv1039:render_rv63_mg2907:render_rv69_mg3919:render_rv48_mg718:render_mg11_mg1671:render_mg13_mg2126:render_rv62_rv3840:render_rv48_mg717:render_mg21_rv3093:render_mg29_rv1664:render_mg28_rv1499:render_rv54_rv3798:render_mg13_rv2341:render_mg25_mg1159:render_rv36_rv901:render_rv36_rv900:render_mg13_rv2343:render_rv64_mg3049:render_rv46_mg378:render_rv62_rv3817:render_rv54_rv3799:render_rv57_mg3985:render_mg27_rv1089:render_mg13_rv2314:render_mg13_rv2313:render_rv44_mg2019:render_rv36_rv902:render_mg13_mg2210:render_rv50_mg845:render_rv33_mg340:render_mg13_mg2201:render_mg22_mg180:render_mg13_rv2295:render_rv37_mg2116:render_rv39_mg2556:render_rv40_mg2710:render_mg13_rv2317:render_rv32_mg194:render_rv48_mg705:render_mg20_rv2780:render_rv48_mg719:render_mg13_rv2342:render_rv38_mg2428:render_mg13_rv2222:render_rv70_mg3964:render_mg13_rv2299:render_mg13_mg2180:render_mg13_rv2223:render_rv61_mg3575:render_mg13_rv2236:render_rv36_rv885:render_mg13_mg2211:render_mg13_rv2315:render_rv60_mg3433:render_mg27_rv1130:render_mg13_rv2316:render_mg13_rv2274:render_mg13_rv2273:render_rv68_mg3695:render_mg13_rv2239:render_rv62_rv3818:render_rv54_rv3797:render_mg13_rv2270:render_mg13_rv2241:render_mg13_rv2301:render_mg13_mg2125:render_mg20_rv2836:render_rv69_mg3936:render_rv35_mg697:render_mg19_rv2593:render_mg13_rv2298:render_mg13_rv2300:render_mg13_rv2240
JDK: Java(TM) SE Runtime Environment
Version: 1.8
File saved to the following path: /tmp/icst-2019/september-2018/dataset/pdfbox_parent/pdfbox/target/dspot/TestListener.ser
Loading /tmp/icst-2019/september-2018/dataset/pdfbox_parent/pdfbox/target/dspot/TestListener.ser
[INFO] Test has been run: initializationError(org.junit.runner.manipulation.Filter): No tests found matching Filter test methods according their simple name: [render_mg13_mg2165, render_rv48_mg683, render_rv53_mg1527, render_mg13_rv2364, render_mg13_rv2297, render_rv69_mg3907, render_mg13_mg2128, render_rv47_mg520, render_mg13_mg2146, render_mg12_mg1911, render_mg23_mg470, render_mg13_mg2159, render_rv55_mg3883, render_rv43_mg1887, render_mg13_mg2193, render_mg13_rv2311, render_mg13_mg2127, render_mg24_mg952, render_rv53_rv1629, render_rv53_rv1584, render_mg13_mg2204, render_mg13_mg2179, render_rv62_mg3698, render_rv66_mg3330, render_rv53_mg1521, render_mg26_mg1274, render_rv69_mg3923, render_mg13_rv2238, render_rv49_mg753, render_mg12_rv2041, render_rv42_mg1762, render_mg15_mg2732, render_add6_rv1993, render_mg13_mg2209, render_rv68_mg3642, render_mg13_rv2363, render_literalMutationNumber1_mg2769, render_mg23_rv580, render_rv48_mg682, render_add6_mg1936, render_mg12_rv1994, render_mg23_rv552, render_rv65_mg3171, render_rv48_mg689, render_mg13_mg2150, render_mg16_mg3237, render_rv67_mg3507, render_mg13_rv2362, render_mg11_mg1729, render_mg27_mg957, render_mg16_rv3573, render_mg13_rv2340, render_rv31_mg1691, render_mg24_rv1085, render_rv58_mg3156, render_mg17_mg3704, render_mg16_mg3225, render_mg13_rv2344, render_rv69_mg3906, render_mg24_mg937, render_rv48_mg711, render_rv36_mg822, render_rv62_rv3777, render_rv41_mg1675, render_rv69_mg3917, render_rv54_mg3638, render_mg18_mg2157, render_mg13_rv2312, render_mg13_rv2296, render_rv48_mg681, render_mg16_rv3397, render_mg24_rv1032, render_mg13_rv2275, render_mg11_rv1792, render_rv45_mg184, render_mg11_rv1841, render_rv69_mg3924, render_rv48_mg710, render_rv62_rv3839, render_mg20_mg2697, render_rv48_mg700, render_mg16_rv3582, render_mg28_mg1245, render_rv48_mg695, render_rv54_rv3706, render_mg18_mg2172, render_rv56_mg3934, render_mg16_rv3372, render_mg13_mg2213, render_rv59_mg3290, render_mg13_mg2212, render_rv36_rv850, render_rv34_mg492, render_rv52_mg1100, render_mg13_rv2221, render_mg21_mg2950, render_mg13_mg2132, render_mg29_mg1572, render_mg19_mg2452, render_rv51_mg951, render_mg28_rv1437, render_mg28_rv1329, render_mg13_mg2200, render_rv62_rv3841, render_mg13_mg2219, render_mg13_mg2131, render_mg13_mg2198, render_mg13_mg2144, render_mg16_rv3556, render_rv69_mg3905, render_mg28_rv1383, render_mg13_mg2149, render_mg18_rv2269, render_rv36_mg836, render_mg29_rv1635, render_mg13_mg2129, render_mg13_mg2130, render_mg18_mg2148, render_mg13_mg2145, render_mg27_rv1169, render_mg21_rv3034, render_mg13_mg2143, render_mg19_rv2522, render_mg13_mg2199, render_mg18_rv2336, render_mg11_mg1700, render_mg27_rv1039, render_rv63_mg2907, render_rv69_mg3919, render_rv48_mg718, render_mg11_mg1671, render_mg13_mg2126, render_rv62_rv3840, render_rv48_mg717, render_mg21_rv3093, render_mg29_rv1664, render_mg28_rv1499, render_rv54_rv3798, render_mg13_rv2341, render_mg25_mg1159, render_rv36_rv901, render_rv36_rv900, render_mg13_rv2343, render_rv64_mg3049, render_rv46_mg378, render_rv62_rv3817, render_rv54_rv3799, render_rv57_mg3985, render_mg27_rv1089, render_mg13_rv2314, render_mg13_rv2313, render_rv44_mg2019, render_rv36_rv902, render_mg13_mg2210, render_rv50_mg845, render_rv33_mg340, render_mg13_mg2201, render_mg22_mg180, render_mg13_rv2295, render_rv37_mg2116, render_rv39_mg2556, render_rv40_mg2710, render_mg13_rv2317, render_rv32_mg194, render_rv48_mg705, render_mg20_rv2780, render_rv48_mg719, render_mg13_rv2342, render_rv38_mg2428, render_mg13_rv2222, render_rv70_mg3964, render_mg13_rv2299, render_mg13_mg2180, render_mg13_rv2223, render_rv61_mg3575, render_mg13_rv2236, render_rv36_rv885, render_mg13_mg2211, render_mg13_rv2315, render_rv60_mg3433, render_mg27_rv1130, render_mg13_rv2316, render_mg13_rv2274, render_mg13_rv2273, render_rv68_mg3695, render_mg13_rv2239, render_rv62_rv3818, render_rv54_rv3797, render_mg13_rv2270, render_mg13_rv2241, render_mg13_rv2301, render_mg13_mg2125, render_mg20_rv2836, render_rv69_mg3936, render_rv35_mg697, render_mg19_rv2593, render_mg13_rv2298, render_mg13_rv2300, render_mg13_rv2240] from org.junit.internal.requests.ClassRequest@1ee0005
[INFO] 1 test fail, generating try/catch/fail blocks...
[INFO] Could not generate any test with assertions
[INFO] iteration 2 / 3
[INFO] 200 tests selected to be amplified over 200 available tests
[INFO] Amplification of inputs...
 63% |=============================== ]- 88% |============================================ ]| 31% |============================================ ]\ 56% |============================================ ]/ 63% |============================================ ]\ 88% |============================================ ]/ 57% |============================================ ]- 32% |============================================ ]| 89% |============================================ ]- 32% |============================================ ]/ 57% |============================================ ]\ 64% |============================================ ]| 58% |============================================ ]| 33% |============================================ ]- 89% |============================================ ]\ 64% |============================================ ]/ 90% |============================================= ]| 58% |============================================= ]/ 33% |============================================= ]\ 65% |============================================= ]- 90% |============================================= ]/ 59% |============================================= ]- 65% |============================================= ]\ 59% |============================================= ]\ 91% |============================================= ]- 91% |============================================= ]\ 66% |============================================= ]| 60% |============================================= ]| 92% |============================================== ]| 66% |============================================== ]/ 92% |============================================== ]/ 60% |============================================== ]/ 67% |============================================== ]- 93% |============================================== ]- 61% |============================================== ]- 93% |============================================== ]\ 67% |============================================== ]\ 61% |============================================== ]\ 94% |=============================================== ]| 34% |=============================================== ]| 68% |=============================================== ]| 62% |=============================================== ]| 94% |=============================================== ]/ 68% |=============================================== ]/ 34% |=============================================== ]/ 95% |=============================================== ]- 62% |=============================================== ]/ 35% |=============================================== ]- 95% |=============================================== ]\ 69% |=============================================== ]- 50% |=============================================== ]/ 69% |=============================================== ]\ 96% |================================================ ]| 35% |================================================ ]\ 51% |================================================ ]- 70% |================================================ ]| 96% |================================================ ]/ 97% |================================================ ]- 70% |================================================ ]/ 36% |================================================ ]| 97% |================================================ ]\ 51% |================================================ ]\ 71% |================================================ ]- 36% |================================================ ]/ 52% |================================================ ]| 98% |================================================= ]| 71% |================================================= ]\ 37% |================================================= ]- 52% |================================================= ]/ 72% |================================================= ]| 98% |================================================= ]/ 37% |================================================= ]\ 72% |================================================= ]/ 53% |================================================= ]- 99% |================================================= ]- 25% |================================================= ]\ 73% |================================================= ]- 99% |================================================= ]\ 53% |================================================= ]\ 73% |================================================= ]\100% |================================================== ]|
 26% |============= ]| 54% |=========================== ]| 74% |===================================== ]| 81% |======================================== ]\ 26% |======================================== ]/ 54% |======================================== ]/ 74% |======================================== ]/ 82% |========================================= ]| 27% |========================================= ]- 82% |========================================= ]/ 75% |========================================= ]- 55% |========================================= ]- 27% |========================================= ]\ 83% |========================================= ]- 13% |========================================= ]- 28% |========================================= ]| 55% |========================================= ]\ 83% |========================================= ]\ 28% |========================================= ]/ 13% |========================================= ]\ 84% |========================================== ]| 56% |========================================== ]| 14% |========================================== ]| 84% |========================================== ]/ 29% |========================================== ]-  6% |========================================== ]/ 85% |========================================== ]- 14% |========================================== ]/ 29% |========================================== ]\  7% |========================================== ]- 85% |========================================== ]\ 15% |========================================== ]-  7% |========================================== ]\ 86% |=========================================== ]| 30% |=========================================== ]| 86% |=========================================== ]/ 30% |=========================================== ]/ 15% |=========================================== ]\  8% |=========================================== ]| 16% |=========================================== ]| 31% |=========================================== ]- 87% |=========================================== ]-  8% |=========================================== ]/ 44% |=========================================== ]| 87% |=========================================== ]\ 16% |=========================================== ]/ 75% |=========================================== ]\  9% |=========================================== ]- 76% |=========================================== ]| 44% |=========================================== ]/ 17% |=========================================== ]-  9% |=========================================== ]\ 76% |=========================================== ]/ 17% |=========================================== ]\ 45% |=========================================== ]- 77% |=========================================== ]- 10% |=========================================== ]| 18% |=========================================== ]| 45% |=========================================== ]\ 77% |=========================================== ]\ 10% |=========================================== ]/ 18% |=========================================== ]/ 78% |=========================================== ]| 46% |=========================================== ]| 11% |=========================================== ]- 19% |=========================================== ]- 78% |=========================================== ]/ 46% |=========================================== ]/ 19% |=========================================== ]\ 79% |=========================================== ]- 47% |=========================================== ]- 11% |=========================================== ]\ 20% |=========================================== ]| 79% |=========================================== ]\ 12% |=========================================== ]| 47% |=========================================== ]\ 80% |=========================================== ]| 20% |=========================================== ]/ 12% |=========================================== ]/ 48% |=========================================== ]| 80% |=========================================== ]/ 21% |=========================================== ]-  0% |=========================================== ]/ 48% |=========================================== ]/ 81% |=========================================== ]- 21% |=========================================== ]\ 49% |=========================================== ]- 38% |=========================================== ]| 22% |=========================================== ]|  1% |=========================================== ]- 49% |=========================================== ]\ 38% |=========================================== ]/  1% |=========================================== ]\ 39% |=========================================== ]- 50% |=========================================== ]| 22% |=========================================== ]/  2% |=========================================== ]| 39% |=========================================== ]\ 23% |=========================================== ]- 40% |=========================================== ]|  2% |=========================================== ]/ 40% |=========================================== ]/  3% |=========================================== ]- 23% |=========================================== ]\ 41% |=========================================== ]- 24% |=========================================== ]|  3% |=========================================== ]\ 41% |=========================================== ]\ 24% |=========================================== ]/  4% |=========================================== ]| 42% |=========================================== ]| 25% |=========================================== ]-  4% |=========================================== ]/ 42% |=========================================== ]/  5% |=========================================== ]- 43% |=========================================== ]-  5% |=========================================== ]\  6% |=========================================== ]| 43% |=========================================== ]\[INFO] 16320 new tests generated
[WARNING] Too many tests have been generated: 16320
[INFO] Number of generated test reduced to 200
[INFO] Run tests. (200)
[ERROR] Error(s) during compilation:
[ERROR] Pb(102) The method load(File) is ambiguous for the type PDDocument
[ERROR] Pb(102) The method load(File) is ambiguous for the type PDDocument
[ERROR] Pb(102) The method load(File) is ambiguous for the type PDDocument
[ERROR] Pb(102) The method load(File) is ambiguous for the type PDDocument
[ERROR] Pb(102) The method load(File) is ambiguous for the type PDDocument
[ERROR] Pb(102) The method load(File) is ambiguous for the type PDDocument
[ERROR] Pb(102) The method load(File) is ambiguous for the type PDDocument
[ERROR] Pb(102) The method load(File) is ambiguous for the type PDDocument
[ERROR] Pb(102) The method load(File) is ambiguous for the type PDDocument
[ERROR] Pb(102) The method load(File) is ambiguous for the type PDDocument
[ERROR] Pb(102) The method load(File) is ambiguous for the type PDDocument
[ERROR] Pb(102) The method load(File) is ambiguous for the type PDDocument
[ERROR] Pb(102) The method load(File) is ambiguous for the type PDDocument
[ERROR] Pb(102) The method load(File) is ambiguous for the type PDDocument
[ERROR] Pb(102) The method load(File) is ambiguous for the type PDDocument
[ERROR] Pb(102) The method load(File) is ambiguous for the type PDDocument
[ERROR] Pb(102) The method load(File) is ambiguous for the type PDDocument
[ERROR] Pb(102) The method load(File) is ambiguous for the type PDDocument
[INFO] Run: java -classpath /tmp/icst-2019/september-2018/dataset/pdfbox_parent/pdfbox/target/test-classes:/tmp/icst-2019/september-2018/dataset/pdfbox_parent/pdfbox/target/classes/:/home/spirals/danglot/.m2/repository/org/apache/pdfbox/fontbox/3.0.0-SNAPSHOT/fontbox-3.0.0-SNAPSHOT.jar:/home/spirals/danglot/.m2/repository/commons-logging/commons-logging/1.2/commons-logging-1.2.jar:/home/spirals/danglot/.m2/repository/org/bouncycastle/bcmail-jdk15on/1.60/bcmail-jdk15on-1.60.jar:/home/spirals/danglot/.m2/repository/org/bouncycastle/bcpkix-jdk15on/1.60/bcpkix-jdk15on-1.60.jar:/home/spirals/danglot/.m2/repository/org/bouncycastle/bcprov-jdk15on/1.60/bcprov-jdk15on-1.60.jar:/home/spirals/danglot/.m2/repository/junit/junit/4.12/junit-4.12.jar:/home/spirals/danglot/.m2/repository/org/hamcrest/hamcrest-core/1.3/hamcrest-core-1.3.jar:/home/spirals/danglot/.m2/repository/com/googlecode/java-diff-utils/diffutils/1.3.0/diffutils-1.3.0.jar:/home/spirals/danglot/.m2/repository/org/apache/pdfbox/jbig2-imageio/3.0.1/jbig2-imageio-3.0.1.jar:/home/spirals/danglot/.m2/repository/com/github/jai-imageio/jai-imageio-core/1.4.0/jai-imageio-core-1.4.0.jar:/home/spirals/danglot/.m2/repository/com/github/jai-imageio/jai-imageio-jpeg2000/1.3.0/jai-imageio-jpeg2000-1.3.0.jar:/tmp/icst-2019/september-2018/dataset/pdfbox_parent/pdfbox/target/dspot/dependencies/:/home/spirals/danglot/.m2/repository/eu/stamp-project/test-runner/1.1.0/test-runner-1.1.0-jar-with-dependencies.jar eu.stamp_project.testrunner.runner.test.TestRunner org.apache.pdfbox.rendering.TestRendering render_mg13_mg2165_mg17434:render_rv69_mg3907_mg19254:render_mg13_mg2165_rv17544:render_mg13_mg2165_rv17571:render_mg13_mg2146_mg20023:render_rv48_mg683_mg17951:render_mg13_rv2297_mg19015:render_rv53_mg1527_mg18275:render_rv47_mg520_mg19815:render_rv53_mg1527_rv18442:render_mg13_rv2364_mg18692:render_rv53_mg1527_rv18379:render_mg13_mg2165_mg17359:render_mg13_mg2128_mg19524:render_mg13_mg2165_mg17401:render_mg23_mg470_mg20466:render_rv69_mg3907_mg19217:render_mg13_rv2311_mg13725:render_mg16_mg3225_mg12374:render_rv68_mg3642_mg15097:render_rv48_mg683_mg17923:render_rv69_mg3924_mg18230:render_rv45_mg184_mg10168:render_rv48_mg682_mg16445:render_rv53_rv1629_mg15000:render_rv53_mg1527_mg18257:render_rv55_mg3883_mg12822:render_mg13_mg2165_rv17549:render_rv62_mg3698_mg16594:render_rv43_mg1887_mg13005:render_rv69_mg3907_mg19280:render_add6_mg1936_rv16742:render_mg13_mg2127_mg14150:render_rv62_rv3777_mg4515:render_mg13_rv2363_mg15435:render_mg13_rv2312_mg7593:render_mg13_mg2128_rv19679:render_mg15_mg2732_rv14094:render_mg13_mg2128_rv19640:render_mg13_mg2144_mg10951:render_mg13_mg2128_mg19464:render_rv69_mg3905_mg11771:render_mg28_rv1383_mg12188:render_mg13_mg2165_mg17395:render_mg13_mg2149_mg12495:render_mg13_rv2364_mg18663:render_mg13_mg2165_mg17409:render_mg11_rv1841_mg17932:render_rv53_rv1584_mg15361:render_rv48_mg683_mg17950:render_mg12_mg1911_mg20263:render_mg13_rv2297_mg18974:render_mg15_mg2732_rv14070:render_mg13_mg2159_mg20636:render_mg13_mg2165_mg17433:render_rv53_mg1527_mg18265:render_mg13_mg2193_mg13273:render_mg16_mg3237_mg18823:render_mg13_rv2364_mg18710:render_rv69_mg3907_mg19209:render_mg13_rv2341_mg8544:render_rv53_mg1521_mg17127:render_mg24_rv1085_mg11469:render_mg13_mg2179_rv16327:render_mg13_mg2193_mg13368:render_rv52_mg1100_mg16557:render_rv69_mg3923_mg12429:render_mg24_mg937_mg13267:render_mg13_rv2364_mg18723:render_rv36_rv885_mg4852:render_mg12_rv2041_mg13319:render_rv42_mg1762_mg13548:render_mg15_mg2732_mg13794:render_rv60_mg3433_mg5712:render_mg24_mg952_mg14518:render_mg13_rv2273_mg6571:render_mg12_mg1911_rv20323:render_mg13_mg2165_rv17570:render_mg13_rv2274_mg6362:render_mg13_mg2146_rv20115:render_mg12_mg1911_rv20357:render_add6_rv1993_mg14363:render_mg13_mg2146_mg19985:render_rv53_mg1527_rv18384:render_mg13_mg2209_mg14710:render_mg13_mg2165_mg17484:render_rv35_mg697_mg9737:render_mg13_mg2165_mg17358:render_mg13_mg2198_mg10600:render_rv48_mg683_mg17937:render_mg13_mg2193_rv13478:render_mg24_mg952_rv14584:render_mg13_mg2146_rv20150:render_mg13_rv2364_mg18671:render_mg13_mg2159_rv20697:render_mg24_rv1032_mg9353:render_mg13_mg2159_rv20676:render_mg13_mg2127_rv14275:render_mg13_mg2128_mg19546:render_mg13_rv2297_mg18997:render_mg23_mg470_rv20563:render_rv48_mg683_mg17982:render_mg23_mg470_rv20534:render_mg12_rv1994_mg17122:render_mg13_mg2204_mg15634:render_mg13_rv2311_rv13914:render_mg13_mg2165_mg17483:render_mg13_mg2165_mg17432:render_mg13_rv2297_mg19014:render_mg24_mg952_rv14558:render_rv67_mg3507_mg19263:render_mg13_mg2165_mg17400:render_mg13_mg2165_rv17569:render_mg13_mg2179_mg16003:render_mg13_mg2193_rv13429:render_mg13_rv2311_rv13836:render_mg25_mg1159_mg8810:render_mg13_mg2165_rv17564:render_rv66_mg3330_mg16903:render_mg13_mg2127_rv14246:render_mg13_mg2204_rv15718:render_mg13_mg2165_rv17568:render_rv54_rv3799_mg10852:render_mg13_rv2313_mg14395:render_mg13_rv2340_mg10881:render_rv53_mg1527_mg18274:render_mg17_mg3704_mg11915:render_mg21_mg2950_mg17105:render_mg26_mg1274_mg11867:render_mg13_rv2221_mg16870:render_rv69_mg3907_mg19253:render_add6_rv1993_mg14315:render_mg13_mg2132_mg17412:render_rv53_mg1527_mg18256:render_rv69_mg3906_mg13070:render_mg13_rv2238_mg12673:render_rv61_mg3575_mg14200:render_rv48_mg683_mg18013:render_mg13_mg2204_rv15684:render_rv36_mg822_mg13849:render_mg13_mg2179_rv16126:render_rv49_mg753_mg12900:render_mg13_mg2165_rv17550:render_rv69_mg3917_mg5240:render_rv54_mg3638_mg5408:render_mg13_mg2200_mg9349:render_mg16_mg3225_mg12359:render_mg13_mg2165_rv17543:render_mg18_mg2157_mg7216:render_rv53_mg1521_rv17267:render_rv53_mg1521_rv17234:render_mg13_mg2128_mg19496:render_literalMutationNumber1_mg2769_mg15709:render_rv48_mg681_mg8449:render_mg13_mg2128_mg19481:render_rv49_mg753_rv13000:render_mg26_mg1274_rv12178:render_rv53_mg1527_rv18441:render_mg26_mg1274_rv12030:render_mg13_mg2165_rv17496:render_rv43_mg1887_mg13064:render_mg13_rv2238_rv12700:render_rv62_mg3698_rv16634:render_mg13_mg2209_rv14840:render_mg13_mg2165_rv17541:render_mg23_rv580_mg16164:render_rv53_mg1527_mg18287:render_mg13_rv2275_mg9587:render_mg13_mg2209_rv14894:render_rv62_rv3839_mg18729:render_mg20_mg2697_mg18815:render_mg26_mg1274_rv12133:render_add6_mg1936_mg16704:render_mg13_rv2364_mg18691:render_mg13_mg2204_mg15631:render_mg23_rv552_mg17392:render_mg13_mg2179_rv16176:render_mg15_mg2732_rv13993:render_mg13_mg2143_mg7014:render_literalMutationNumber1_mg2769_rv15835:render_rv65_mg3171_mg17612:render_rv48_mg689_mg18021
JDK: Java(TM) SE Runtime Environment
Version: 1.8
File saved to the following path: /tmp/icst-2019/september-2018/dataset/pdfbox_parent/pdfbox/target/dspot/TestListener.ser
Loading /tmp/icst-2019/september-2018/dataset/pdfbox_parent/pdfbox/target/dspot/TestListener.ser
[INFO] Test has been run: initializationError(org.junit.runner.manipulation.Filter): No tests found matching Filter test methods according their simple name: [render_mg13_mg2165_mg17434, render_rv69_mg3907_mg19254, render_mg13_mg2165_rv17544, render_mg13_mg2165_rv17571, render_mg13_mg2146_mg20023, render_rv48_mg683_mg17951, render_mg13_rv2297_mg19015, render_rv53_mg1527_mg18275, render_rv47_mg520_mg19815, render_rv53_mg1527_rv18442, render_mg13_rv2364_mg18692, render_rv53_mg1527_rv18379, render_mg13_mg2165_mg17359, render_mg13_mg2128_mg19524, render_mg13_mg2165_mg17401, render_mg23_mg470_mg20466, render_rv69_mg3907_mg19217, render_mg13_rv2311_mg13725, render_mg16_mg3225_mg12374, render_rv68_mg3642_mg15097, render_rv48_mg683_mg17923, render_rv69_mg3924_mg18230, render_rv45_mg184_mg10168, render_rv48_mg682_mg16445, render_rv53_rv1629_mg15000, render_rv53_mg1527_mg18257, render_rv55_mg3883_mg12822, render_mg13_mg2165_rv17549, render_rv62_mg3698_mg16594, render_rv43_mg1887_mg13005, render_rv69_mg3907_mg19280, render_add6_mg1936_rv16742, render_mg13_mg2127_mg14150, render_rv62_rv3777_mg4515, render_mg13_rv2363_mg15435, render_mg13_rv2312_mg7593, render_mg13_mg2128_rv19679, render_mg15_mg2732_rv14094, render_mg13_mg2128_rv19640, render_mg13_mg2144_mg10951, render_mg13_mg2128_mg19464, render_rv69_mg3905_mg11771, render_mg28_rv1383_mg12188, render_mg13_mg2165_mg17395, render_mg13_mg2149_mg12495, render_mg13_rv2364_mg18663, render_mg13_mg2165_mg17409, render_mg11_rv1841_mg17932, render_rv53_rv1584_mg15361, render_rv48_mg683_mg17950, render_mg12_mg1911_mg20263, render_mg13_rv2297_mg18974, render_mg15_mg2732_rv14070, render_mg13_mg2159_mg20636, render_mg13_mg2165_mg17433, render_rv53_mg1527_mg18265, render_mg13_mg2193_mg13273, render_mg16_mg3237_mg18823, render_mg13_rv2364_mg18710, render_rv69_mg3907_mg19209, render_mg13_rv2341_mg8544, render_rv53_mg1521_mg17127, render_mg24_rv1085_mg11469, render_mg13_mg2179_rv16327, render_mg13_mg2193_mg13368, render_rv52_mg1100_mg16557, render_rv69_mg3923_mg12429, render_mg24_mg937_mg13267, render_mg13_rv2364_mg18723, render_rv36_rv885_mg4852, render_mg12_rv2041_mg13319, render_rv42_mg1762_mg13548, render_mg15_mg2732_mg13794, render_rv60_mg3433_mg5712, render_mg24_mg952_mg14518, render_mg13_rv2273_mg6571, render_mg12_mg1911_rv20323, render_mg13_mg2165_rv17570, render_mg13_rv2274_mg6362, render_mg13_mg2146_rv20115, render_mg12_mg1911_rv20357, render_add6_rv1993_mg14363, render_mg13_mg2146_mg19985, render_rv53_mg1527_rv18384, render_mg13_mg2209_mg14710, render_mg13_mg2165_mg17484, render_rv35_mg697_mg9737, render_mg13_mg2165_mg17358, render_mg13_mg2198_mg10600, render_rv48_mg683_mg17937, render_mg13_mg2193_rv13478, render_mg24_mg952_rv14584, render_mg13_mg2146_rv20150, render_mg13_rv2364_mg18671, render_mg13_mg2159_rv20697, render_mg24_rv1032_mg9353, render_mg13_mg2159_rv20676, render_mg13_mg2127_rv14275, render_mg13_mg2128_mg19546, render_mg13_rv2297_mg18997, render_mg23_mg470_rv20563, render_rv48_mg683_mg17982, render_mg23_mg470_rv20534, render_mg12_rv1994_mg17122, render_mg13_mg2204_mg15634, render_mg13_rv2311_rv13914, render_mg13_mg2165_mg17483, render_mg13_mg2165_mg17432, render_mg13_rv2297_mg19014, render_mg24_mg952_rv14558, render_rv67_mg3507_mg19263, render_mg13_mg2165_mg17400, render_mg13_mg2165_rv17569, render_mg13_mg2179_mg16003, render_mg13_mg2193_rv13429, render_mg13_rv2311_rv13836, render_mg25_mg1159_mg8810, render_mg13_mg2165_rv17564, render_rv66_mg3330_mg16903, render_mg13_mg2127_rv14246, render_mg13_mg2204_rv15718, render_mg13_mg2165_rv17568, render_rv54_rv3799_mg10852, render_mg13_rv2313_mg14395, render_mg13_rv2340_mg10881, render_rv53_mg1527_mg18274, render_mg17_mg3704_mg11915, render_mg21_mg2950_mg17105, render_mg26_mg1274_mg11867, render_mg13_rv2221_mg16870, render_rv69_mg3907_mg19253, render_add6_rv1993_mg14315, render_mg13_mg2132_mg17412, render_rv53_mg1527_mg18256, render_rv69_mg3906_mg13070, render_mg13_rv2238_mg12673, render_rv61_mg3575_mg14200, render_rv48_mg683_mg18013, render_mg13_mg2204_rv15684, render_rv36_mg822_mg13849, render_mg13_mg2179_rv16126, render_rv49_mg753_mg12900, render_mg13_mg2165_rv17550, render_rv69_mg3917_mg5240, render_rv54_mg3638_mg5408, render_mg13_mg2200_mg9349, render_mg16_mg3225_mg12359, render_mg13_mg2165_rv17543, render_mg18_mg2157_mg7216, render_rv53_mg1521_rv17267, render_rv53_mg1521_rv17234, render_mg13_mg2128_mg19496, render_literalMutationNumber1_mg2769_mg15709, render_rv48_mg681_mg8449, render_mg13_mg2128_mg19481, render_rv49_mg753_rv13000, render_mg26_mg1274_rv12178, render_rv53_mg1527_rv18441, render_mg26_mg1274_rv12030, render_mg13_mg2165_rv17496, render_rv43_mg1887_mg13064, render_mg13_rv2238_rv12700, render_rv62_mg3698_rv16634, render_mg13_mg2209_rv14840, render_mg13_mg2165_rv17541, render_mg23_rv580_mg16164, render_rv53_mg1527_mg18287, render_mg13_rv2275_mg9587, render_mg13_mg2209_rv14894, render_rv62_rv3839_mg18729, render_mg20_mg2697_mg18815, render_mg26_mg1274_rv12133, render_add6_mg1936_mg16704, render_mg13_rv2364_mg18691, render_mg13_mg2204_mg15631, render_mg23_rv552_mg17392, render_mg13_mg2179_rv16176, render_mg15_mg2732_rv13993, render_mg13_mg2143_mg7014, render_literalMutationNumber1_mg2769_rv15835, render_rv65_mg3171_mg17612, render_rv48_mg689_mg18021] from org.junit.internal.requests.ClassRequest@1ee0005
[INFO] 1 test fail, generating try/catch/fail blocks...
[INFO] Could not generate any test with assertions
[INFO] 0 amplified test methods has been selected to be kept. (global: 0)
[INFO] elapsedTime 88415
======= REPORT =======
0 amplified test fails on the new versions.

[WARNING] DSpot could not obtain any amplified test method.
[WARNING] You can customize the following options: --amplifiers, --test-criterion, --iteration, --budgetizer etc, and retry with a new configuration.
[INFO] Amplification succeed.
[INFO] Elapsed time 88961 ms
[INFO] ------------------------------------------------------------------------
[INFO] BUILD SUCCESS
[INFO] ------------------------------------------------------------------------
[INFO] Total time: 03:37 min
[INFO] Finished at: 2018-10-04T11:25:07+02:00
[INFO] ------------------------------------------------------------------------
