[INFO] Scanning for projects...
[INFO]                                                                         
[INFO] ------------------------------------------------------------------------
[INFO] Building jsoup Java HTML Parser 1.11.3-SNAPSHOT
[INFO] ------------------------------------------------------------------------
[INFO] 
[INFO] --- dspot-maven:2.0.1-SNAPSHOT:amplify-unit-tests (default-cli) @ jsoup ---
[INFO] Path to runner Classes: /home/bedanglot/.m2/repository/eu/stamp-project/test-runner/2.0.7/test-runner-2.0.7-jar-with-dependencies.jar
[INFO] /home/bedanglot/.m2/repository/org/jacoco/org.jacoco.core/0.7.9/org.jacoco.core-0.7.9.jar
[INFO] /home/bedanglot/.m2/repository/org/ow2/asm/asm-debug-all/5.2/asm-debug-all-5.2.jar
[INFO] /home/bedanglot/.m2/repository/eu/stamp-project/test-runner/2.0.7/test-runner-2.0.7-jar-with-dependencies.jar
[WARNING] : unknown automatic builder specified in configuration, going to default.
[INFO] Default: provided Maven automatic builder.
[INFO] Using /tmp/dspot-experiments/dataset/april-2019/jsoup_parent/pom.xml to run maven.
[INFO] Using /usr/share/maven/ for maven home
[INFO] run maven: /usr/share/maven//bin/mvn clean test -DskipTests dependency:build-classpath -Dmdep.outputFile=target/dspot/classpath
[WARN] Maven will be executed in interactive mode, but no input stream has been configured for this MavenInvoker instance.
[INFO] Scanning for projects...
[INFO]                                                                         
[INFO] ------------------------------------------------------------------------
[INFO] Building jsoup Java HTML Parser 1.11.3-SNAPSHOT
[INFO] ------------------------------------------------------------------------
[INFO] 
[INFO] --- maven-clean-plugin:2.5:clean (default-clean) @ jsoup ---
[INFO] Deleting /tmp/dspot-experiments/dataset/april-2019/jsoup_parent/target
[INFO] 
[INFO] --- maven-resources-plugin:3.0.1:resources (default-resources) @ jsoup ---
[INFO] Using 'UTF-8' encoding to copy filtered resources.
[INFO] Copying 0 resource
[INFO] Copying 3 resources to META-INF/
[INFO] 
[INFO] --- maven-compiler-plugin:3.5.1:compile (default-compile) @ jsoup ---
[INFO] Changes detected - recompiling the module!
[INFO] Compiling 67 source files to /tmp/dspot-experiments/dataset/april-2019/jsoup_parent/target/classes
[INFO] /tmp/dspot-experiments/dataset/april-2019/jsoup_parent/src/main/java/org/jsoup/nodes/Attributes.java: Some input files use or override a deprecated API.
[INFO] /tmp/dspot-experiments/dataset/april-2019/jsoup_parent/src/main/java/org/jsoup/nodes/Attributes.java: Recompile with -Xlint:deprecation for details.
[INFO] 
[INFO] --- animal-sniffer-maven-plugin:1.16:check (animal-sniffer) @ jsoup ---
[INFO] Checking unresolved references to net.sf.androidscents.signature:android-api-level-8:2.2_r3
[INFO] 
[INFO] >>> maven-bundle-plugin:2.5.4:manifest (bundle-manifest) > process-classes @ jsoup >>>
[INFO] 
[INFO] --- maven-resources-plugin:3.0.1:resources (default-resources) @ jsoup ---
[INFO] Using 'UTF-8' encoding to copy filtered resources.
[INFO] Copying 0 resource
[INFO] Copying 3 resources to META-INF/
[INFO] 
[INFO] --- maven-compiler-plugin:3.5.1:compile (default-compile) @ jsoup ---
[INFO] Changes detected - recompiling the module!
[INFO] Compiling 67 source files to /tmp/dspot-experiments/dataset/april-2019/jsoup_parent/target/classes
[INFO] /tmp/dspot-experiments/dataset/april-2019/jsoup_parent/src/main/java/org/jsoup/nodes/Attributes.java: Some input files use or override a deprecated API.
[INFO] /tmp/dspot-experiments/dataset/april-2019/jsoup_parent/src/main/java/org/jsoup/nodes/Attributes.java: Recompile with -Xlint:deprecation for details.
[INFO] 
[INFO] --- animal-sniffer-maven-plugin:1.16:check (animal-sniffer) @ jsoup ---
[INFO] Checking unresolved references to net.sf.androidscents.signature:android-api-level-8:2.2_r3
[INFO] 
[INFO] <<< maven-bundle-plugin:2.5.4:manifest (bundle-manifest) < process-classes @ jsoup <<<
[INFO] 
[INFO] --- maven-bundle-plugin:2.5.4:manifest (bundle-manifest) @ jsoup ---
[INFO] 
[INFO] --- maven-resources-plugin:3.0.1:testResources (default-testResources) @ jsoup ---
[INFO] Using 'UTF-8' encoding to copy filtered resources.
[INFO] Copying 23 resources
[INFO] 
[INFO] --- maven-compiler-plugin:3.5.1:testCompile (default-testCompile) @ jsoup ---
[INFO] Changes detected - recompiling the module!
[INFO] Compiling 44 source files to /tmp/dspot-experiments/dataset/april-2019/jsoup_parent/target/test-classes
[INFO] /tmp/dspot-experiments/dataset/april-2019/jsoup_parent/src/test/java/org/jsoup/parser/AttributeParseTest.java: Some input files use or override a deprecated API.
[INFO] /tmp/dspot-experiments/dataset/april-2019/jsoup_parent/src/test/java/org/jsoup/parser/AttributeParseTest.java: Recompile with -Xlint:deprecation for details.
[INFO] 
[INFO] --- maven-surefire-plugin:2.17:test (default-test) @ jsoup ---
[INFO] Tests are skipped.
[INFO] 
[INFO] --- maven-dependency-plugin:2.8:build-classpath (default-cli) @ jsoup ---
[INFO] Wrote classpath file '/tmp/dspot-experiments/dataset/april-2019/jsoup_parent/target/dspot/classpath'.
[INFO] ------------------------------------------------------------------------
[INFO] BUILD SUCCESS
[INFO] ------------------------------------------------------------------------
[INFO] Total time: 5.418 s
[INFO] Finished at: 2019-05-07T17:57:21+02:00
[INFO] Final Memory: 44M/2502M
[INFO] ------------------------------------------------------------------------
[INFO] Amplification of org.jsoup.parser.XmlTreeBuilderTest (2 test(s))
[INFO] Assertion amplification of org.jsoup.parser.XmlTreeBuilderTest (2 test(s))
[INFO] Cache 'frameworkCache' created in EhcacheManager.
[WARNING] You gave an empty filter. To use PIT, it is recommend to specify a filter, at least, the top package of your program, otherwise, PIT may take a long time or could not be run.
[INFO] A new filter has been computed on the fly: org.jsoup.*
[INFO] Using /tmp/dspot-experiments/dataset/april-2019/jsoup/pom.xml to run maven.
[INFO] Using /usr/share/maven/ for maven home
[INFO] run maven: /usr/share/maven//bin/mvn clean test -DskipTests
[WARN] Maven will be executed in interactive mode, but no input stream has been configured for this MavenInvoker instance.
[INFO] Scanning for projects...
[INFO]                                                                         
[INFO] ------------------------------------------------------------------------
[INFO] Building jsoup Java HTML Parser 1.11.3-SNAPSHOT
[INFO] ------------------------------------------------------------------------
[INFO] 
[INFO] --- maven-clean-plugin:2.5:clean (default-clean) @ jsoup ---
[INFO] Deleting /tmp/dspot-experiments/dataset/april-2019/jsoup/target
[INFO] 
[INFO] --- maven-resources-plugin:3.0.1:resources (default-resources) @ jsoup ---
[INFO] Using 'UTF-8' encoding to copy filtered resources.
[INFO] Copying 0 resource
[INFO] Copying 3 resources to META-INF/
[INFO] 
[INFO] --- maven-compiler-plugin:3.5.1:compile (default-compile) @ jsoup ---
[INFO] Changes detected - recompiling the module!
[INFO] Compiling 67 source files to /tmp/dspot-experiments/dataset/april-2019/jsoup/target/classes
[INFO] /tmp/dspot-experiments/dataset/april-2019/jsoup/src/main/java/org/jsoup/nodes/Attributes.java: Some input files use or override a deprecated API.
[INFO] /tmp/dspot-experiments/dataset/april-2019/jsoup/src/main/java/org/jsoup/nodes/Attributes.java: Recompile with -Xlint:deprecation for details.
[INFO] 
[INFO] --- animal-sniffer-maven-plugin:1.16:check (animal-sniffer) @ jsoup ---
[INFO] Checking unresolved references to net.sf.androidscents.signature:android-api-level-8:2.2_r3
[INFO] 
[INFO] >>> maven-bundle-plugin:2.5.4:manifest (bundle-manifest) > process-classes @ jsoup >>>
[INFO] 
[INFO] --- maven-resources-plugin:3.0.1:resources (default-resources) @ jsoup ---
[INFO] Using 'UTF-8' encoding to copy filtered resources.
[INFO] Copying 0 resource
[INFO] Copying 3 resources to META-INF/
[INFO] 
[INFO] --- maven-compiler-plugin:3.5.1:compile (default-compile) @ jsoup ---
[INFO] Changes detected - recompiling the module!
[INFO] Compiling 67 source files to /tmp/dspot-experiments/dataset/april-2019/jsoup/target/classes
[INFO] /tmp/dspot-experiments/dataset/april-2019/jsoup/src/main/java/org/jsoup/nodes/Attributes.java: Some input files use or override a deprecated API.
[INFO] /tmp/dspot-experiments/dataset/april-2019/jsoup/src/main/java/org/jsoup/nodes/Attributes.java: Recompile with -Xlint:deprecation for details.
[INFO] 
[INFO] --- animal-sniffer-maven-plugin:1.16:check (animal-sniffer) @ jsoup ---
[INFO] Checking unresolved references to net.sf.androidscents.signature:android-api-level-8:2.2_r3
[INFO] 
[INFO] <<< maven-bundle-plugin:2.5.4:manifest (bundle-manifest) < process-classes @ jsoup <<<
[INFO] 
[INFO] --- maven-bundle-plugin:2.5.4:manifest (bundle-manifest) @ jsoup ---
[INFO] 
[INFO] --- maven-resources-plugin:3.0.1:testResources (default-testResources) @ jsoup ---
[INFO] Using 'UTF-8' encoding to copy filtered resources.
[INFO] Copying 23 resources
[INFO] 
[INFO] --- maven-compiler-plugin:3.5.1:testCompile (default-testCompile) @ jsoup ---
[INFO] Changes detected - recompiling the module!
[INFO] Compiling 45 source files to /tmp/dspot-experiments/dataset/april-2019/jsoup/target/test-classes
[INFO] /tmp/dspot-experiments/dataset/april-2019/jsoup/src/test/java/org/jsoup/parser/AttributeParseTest.java: Some input files use or override a deprecated API.
[INFO] /tmp/dspot-experiments/dataset/april-2019/jsoup/src/test/java/org/jsoup/parser/AttributeParseTest.java: Recompile with -Xlint:deprecation for details.
[INFO] 
[INFO] --- maven-surefire-plugin:2.17:test (default-test) @ jsoup ---
[INFO] Tests are skipped.
[INFO] ------------------------------------------------------------------------
[INFO] BUILD SUCCESS
[INFO] ------------------------------------------------------------------------
[INFO] Total time: 4.775 s
[INFO] Finished at: 2019-05-07T17:57:32+02:00
[INFO] Final Memory: 28M/1963M
[INFO] ------------------------------------------------------------------------
[INFO] Compiling with -proceedOnError -encoding UTF-8 -cp /tmp/dspot-experiments/dataset/april-2019/jsoup_parent/target/dspot/tmp_test_sources:/home/bedanglot/.m2/repository/junit/junit/4.12/junit-4.12.jar:/home/bedanglot/.m2/repository/org/hamcrest/hamcrest-core/1.3/hamcrest-core-1.3.jar:/home/bedanglot/.m2/repository/com/google/code/gson/gson/2.7/gson-2.7.jar:/home/bedanglot/.m2/repository/org/eclipse/jetty/jetty-server/9.2.22.v20170606/jetty-server-9.2.22.v20170606.jar:/home/bedanglot/.m2/repository/javax/servlet/javax.servlet-api/3.1.0/javax.servlet-api-3.1.0.jar:/home/bedanglot/.m2/repository/org/eclipse/jetty/jetty-http/9.2.22.v20170606/jetty-http-9.2.22.v20170606.jar:/home/bedanglot/.m2/repository/org/eclipse/jetty/jetty-util/9.2.22.v20170606/jetty-util-9.2.22.v20170606.jar:/home/bedanglot/.m2/repository/org/eclipse/jetty/jetty-io/9.2.22.v20170606/jetty-io-9.2.22.v20170606.jar:/home/bedanglot/.m2/repository/org/eclipse/jetty/jetty-servlet/9.2.22.v20170606/jetty-servlet-9.2.22.v20170606.jar:/home/bedanglot/.m2/repository/org/eclipse/jetty/jetty-security/9.2.22.v20170606/jetty-security-9.2.22.v20170606.jar:/tmp/dspot-experiments/dataset/april-2019/jsoup_parent/target/classes/:/tmp/dspot-experiments/dataset/april-2019/jsoup_parent/target/test-classes/:/tmp/dspot-experiments/dataset/april-2019/jsoup_parent/target/dspot/dependencies/: -d /tmp/dspot-experiments/dataset/april-2019/jsoup_parent/target/test-classes -1.8 -preserveAllLocals -noExit -enableJavadoc -proc:none /tmp/dspot-experiments/dataset/april-2019/jsoup_parent/target/dspot/tmp_test_sources/org/jsoup/parser/XmlTreeBuilderTest.java
[INFO] Run: java -classpath /tmp/dspot-experiments/dataset/april-2019/jsoup_parent/target/classes/:/tmp/dspot-experiments/dataset/april-2019/jsoup_parent/target/test-classes:/home/bedanglot/.m2/repository/junit/junit/4.12/junit-4.12.jar:/home/bedanglot/.m2/repository/org/hamcrest/hamcrest-core/1.3/hamcrest-core-1.3.jar:/home/bedanglot/.m2/repository/com/google/code/gson/gson/2.7/gson-2.7.jar:/home/bedanglot/.m2/repository/org/eclipse/jetty/jetty-server/9.2.22.v20170606/jetty-server-9.2.22.v20170606.jar:/home/bedanglot/.m2/repository/javax/servlet/javax.servlet-api/3.1.0/javax.servlet-api-3.1.0.jar:/home/bedanglot/.m2/repository/org/eclipse/jetty/jetty-http/9.2.22.v20170606/jetty-http-9.2.22.v20170606.jar:/home/bedanglot/.m2/repository/org/eclipse/jetty/jetty-util/9.2.22.v20170606/jetty-util-9.2.22.v20170606.jar:/home/bedanglot/.m2/repository/org/eclipse/jetty/jetty-io/9.2.22.v20170606/jetty-io-9.2.22.v20170606.jar:/home/bedanglot/.m2/repository/org/eclipse/jetty/jetty-servlet/9.2.22.v20170606/jetty-servlet-9.2.22.v20170606.jar:/home/bedanglot/.m2/repository/org/eclipse/jetty/jetty-security/9.2.22.v20170606/jetty-security-9.2.22.v20170606.jar:/tmp/dspot-experiments/dataset/april-2019/jsoup_parent/target/dspot/dependencies/:/home/bedanglot/.m2/repository/eu/stamp-project/test-runner/2.0.7/test-runner-2.0.7-jar-with-dependencies.jar eu.stamp_project.testrunner.runner.JUnit4Runner --class org.jsoup.parser.XmlTreeBuilderTest --tests testSupplyParserToDataStream:testDetectCharsetEncodingDeclaration 
Parsing --class org.jsoup.parser.XmlTreeBuilderTest --tests testSupplyParserToDataStream:testDetectCharsetEncodingDeclaration
File saved to the following path: /tmp/dspot-experiments/dataset/april-2019/jsoup_parent/target/dspot/TestResult.ser
Loading /tmp/dspot-experiments/dataset/april-2019/jsoup_parent/target/dspot/TestResult.ser
[INFO] Test has been run: testDetectCharsetEncodingDeclaration,testSupplyParserToDataStream
[INFO] Run tests. (2)
[INFO] Compiling with -proceedOnError -encoding UTF-8 -cp /tmp/dspot-experiments/dataset/april-2019/jsoup_parent/target/dspot/tmp_test_sources:/home/bedanglot/.m2/repository/junit/junit/4.12/junit-4.12.jar:/home/bedanglot/.m2/repository/org/hamcrest/hamcrest-core/1.3/hamcrest-core-1.3.jar:/home/bedanglot/.m2/repository/com/google/code/gson/gson/2.7/gson-2.7.jar:/home/bedanglot/.m2/repository/org/eclipse/jetty/jetty-server/9.2.22.v20170606/jetty-server-9.2.22.v20170606.jar:/home/bedanglot/.m2/repository/javax/servlet/javax.servlet-api/3.1.0/javax.servlet-api-3.1.0.jar:/home/bedanglot/.m2/repository/org/eclipse/jetty/jetty-http/9.2.22.v20170606/jetty-http-9.2.22.v20170606.jar:/home/bedanglot/.m2/repository/org/eclipse/jetty/jetty-util/9.2.22.v20170606/jetty-util-9.2.22.v20170606.jar:/home/bedanglot/.m2/repository/org/eclipse/jetty/jetty-io/9.2.22.v20170606/jetty-io-9.2.22.v20170606.jar:/home/bedanglot/.m2/repository/org/eclipse/jetty/jetty-servlet/9.2.22.v20170606/jetty-servlet-9.2.22.v20170606.jar:/home/bedanglot/.m2/repository/org/eclipse/jetty/jetty-security/9.2.22.v20170606/jetty-security-9.2.22.v20170606.jar:/tmp/dspot-experiments/dataset/april-2019/jsoup_parent/target/classes/:/tmp/dspot-experiments/dataset/april-2019/jsoup_parent/target/test-classes/:/tmp/dspot-experiments/dataset/april-2019/jsoup_parent/target/dspot/dependencies/: -d /tmp/dspot-experiments/dataset/april-2019/jsoup_parent/target/test-classes -1.8 -preserveAllLocals -noExit -enableJavadoc -proc:none /tmp/dspot-experiments/dataset/april-2019/jsoup_parent/target/dspot/tmp_test_sources/org/jsoup/parser/XmlTreeBuilderTest.java
[INFO] Run: java -classpath /tmp/dspot-experiments/dataset/april-2019/jsoup_parent/target/classes/:/tmp/dspot-experiments/dataset/april-2019/jsoup_parent/target/test-classes:/home/bedanglot/.m2/repository/junit/junit/4.12/junit-4.12.jar:/home/bedanglot/.m2/repository/org/hamcrest/hamcrest-core/1.3/hamcrest-core-1.3.jar:/home/bedanglot/.m2/repository/com/google/code/gson/gson/2.7/gson-2.7.jar:/home/bedanglot/.m2/repository/org/eclipse/jetty/jetty-server/9.2.22.v20170606/jetty-server-9.2.22.v20170606.jar:/home/bedanglot/.m2/repository/javax/servlet/javax.servlet-api/3.1.0/javax.servlet-api-3.1.0.jar:/home/bedanglot/.m2/repository/org/eclipse/jetty/jetty-http/9.2.22.v20170606/jetty-http-9.2.22.v20170606.jar:/home/bedanglot/.m2/repository/org/eclipse/jetty/jetty-util/9.2.22.v20170606/jetty-util-9.2.22.v20170606.jar:/home/bedanglot/.m2/repository/org/eclipse/jetty/jetty-io/9.2.22.v20170606/jetty-io-9.2.22.v20170606.jar:/home/bedanglot/.m2/repository/org/eclipse/jetty/jetty-servlet/9.2.22.v20170606/jetty-servlet-9.2.22.v20170606.jar:/home/bedanglot/.m2/repository/org/eclipse/jetty/jetty-security/9.2.22.v20170606/jetty-security-9.2.22.v20170606.jar:/tmp/dspot-experiments/dataset/april-2019/jsoup_parent/target/dspot/dependencies/:/home/bedanglot/.m2/repository/eu/stamp-project/test-runner/2.0.7/test-runner-2.0.7-jar-with-dependencies.jar eu.stamp_project.testrunner.runner.JUnit4Runner --class org.jsoup.parser.XmlTreeBuilderTest --tests testSupplyParserToDataStream:testDetectCharsetEncodingDeclaration 
Parsing --class org.jsoup.parser.XmlTreeBuilderTest --tests testSupplyParserToDataStream:testDetectCharsetEncodingDeclaration
File saved to the following path: /tmp/dspot-experiments/dataset/april-2019/jsoup_parent/target/dspot/TestResult.ser
Loading /tmp/dspot-experiments/dataset/april-2019/jsoup_parent/target/dspot/TestResult.ser
[INFO] Test has been run: testDetectCharsetEncodingDeclaration,testSupplyParserToDataStream
[INFO] 2 test pass, generating assertion...
[INFO] Add observations points in passing tests.
[INFO] Instrumentation...
 50% |========================= ]/100% |================================================== ]-
[INFO] Run instrumented tests. (6)
[INFO] Compiling with -proceedOnError -encoding UTF-8 -cp /tmp/dspot-experiments/dataset/april-2019/jsoup_parent/target/dspot/tmp_test_sources:/home/bedanglot/.m2/repository/junit/junit/4.12/junit-4.12.jar:/home/bedanglot/.m2/repository/org/hamcrest/hamcrest-core/1.3/hamcrest-core-1.3.jar:/home/bedanglot/.m2/repository/com/google/code/gson/gson/2.7/gson-2.7.jar:/home/bedanglot/.m2/repository/org/eclipse/jetty/jetty-server/9.2.22.v20170606/jetty-server-9.2.22.v20170606.jar:/home/bedanglot/.m2/repository/javax/servlet/javax.servlet-api/3.1.0/javax.servlet-api-3.1.0.jar:/home/bedanglot/.m2/repository/org/eclipse/jetty/jetty-http/9.2.22.v20170606/jetty-http-9.2.22.v20170606.jar:/home/bedanglot/.m2/repository/org/eclipse/jetty/jetty-util/9.2.22.v20170606/jetty-util-9.2.22.v20170606.jar:/home/bedanglot/.m2/repository/org/eclipse/jetty/jetty-io/9.2.22.v20170606/jetty-io-9.2.22.v20170606.jar:/home/bedanglot/.m2/repository/org/eclipse/jetty/jetty-servlet/9.2.22.v20170606/jetty-servlet-9.2.22.v20170606.jar:/home/bedanglot/.m2/repository/org/eclipse/jetty/jetty-security/9.2.22.v20170606/jetty-security-9.2.22.v20170606.jar:/tmp/dspot-experiments/dataset/april-2019/jsoup_parent/target/classes/:/tmp/dspot-experiments/dataset/april-2019/jsoup_parent/target/test-classes/:/tmp/dspot-experiments/dataset/april-2019/jsoup_parent/target/dspot/dependencies/: -d /tmp/dspot-experiments/dataset/april-2019/jsoup_parent/target/test-classes -1.8 -preserveAllLocals -noExit -enableJavadoc -proc:none /tmp/dspot-experiments/dataset/april-2019/jsoup_parent/target/dspot/tmp_test_sources/org/jsoup/parser/XmlTreeBuilderTest.java
[INFO] Run: java -classpath /tmp/dspot-experiments/dataset/april-2019/jsoup_parent/target/classes/:/tmp/dspot-experiments/dataset/april-2019/jsoup_parent/target/test-classes:/home/bedanglot/.m2/repository/junit/junit/4.12/junit-4.12.jar:/home/bedanglot/.m2/repository/org/hamcrest/hamcrest-core/1.3/hamcrest-core-1.3.jar:/home/bedanglot/.m2/repository/com/google/code/gson/gson/2.7/gson-2.7.jar:/home/bedanglot/.m2/repository/org/eclipse/jetty/jetty-server/9.2.22.v20170606/jetty-server-9.2.22.v20170606.jar:/home/bedanglot/.m2/repository/javax/servlet/javax.servlet-api/3.1.0/javax.servlet-api-3.1.0.jar:/home/bedanglot/.m2/repository/org/eclipse/jetty/jetty-http/9.2.22.v20170606/jetty-http-9.2.22.v20170606.jar:/home/bedanglot/.m2/repository/org/eclipse/jetty/jetty-util/9.2.22.v20170606/jetty-util-9.2.22.v20170606.jar:/home/bedanglot/.m2/repository/org/eclipse/jetty/jetty-io/9.2.22.v20170606/jetty-io-9.2.22.v20170606.jar:/home/bedanglot/.m2/repository/org/eclipse/jetty/jetty-servlet/9.2.22.v20170606/jetty-servlet-9.2.22.v20170606.jar:/home/bedanglot/.m2/repository/org/eclipse/jetty/jetty-security/9.2.22.v20170606/jetty-security-9.2.22.v20170606.jar:/tmp/dspot-experiments/dataset/april-2019/jsoup_parent/target/dspot/dependencies/:/home/bedanglot/.m2/repository/eu/stamp-project/test-runner/2.0.7/test-runner-2.0.7-jar-with-dependencies.jar eu.stamp_project.testrunner.runner.JUnit4Runner --class org.jsoup.parser.XmlTreeBuilderTest --tests testSupplyParserToDataStream_withlog0:testDetectCharsetEncodingDeclaration_withlog0:testSupplyParserToDataStream_withlog1:testDetectCharsetEncodingDeclaration_withlog1:testSupplyParserToDataStream_withlog2:testDetectCharsetEncodingDeclaration_withlog2 
Parsing --class org.jsoup.parser.XmlTreeBuilderTest --tests testSupplyParserToDataStream_withlog0:testDetectCharsetEncodingDeclaration_withlog0:testSupplyParserToDataStream_withlog1:testDetectCharsetEncodingDeclaration_withlog1:testSupplyParserToDataStream_withlog2:testDetectCharsetEncodingDeclaration_withlog2
File saved to the following path: /tmp/dspot-experiments/dataset/april-2019/jsoup_parent/target/dspot/observations.ser
File saved to the following path: /tmp/dspot-experiments/dataset/april-2019/jsoup_parent/target/dspot/TestResult.ser
Loading /tmp/dspot-experiments/dataset/april-2019/jsoup_parent/target/dspot/TestResult.ser
[INFO] Test has been run: testDetectCharsetEncodingDeclaration_withlog0,testDetectCharsetEncodingDeclaration_withlog1,testDetectCharsetEncodingDeclaration_withlog2,testSupplyParserToDataStream_withlog0,testSupplyParserToDataStream_withlog1,testSupplyParserToDataStream_withlog2
[INFO] Generating assertions...
[INFO] 2 new tests with assertions generated
[INFO] Compiling with -proceedOnError -encoding UTF-8 -cp /tmp/dspot-experiments/dataset/april-2019/jsoup_parent/target/dspot/tmp_test_sources:/home/bedanglot/.m2/repository/junit/junit/4.12/junit-4.12.jar:/home/bedanglot/.m2/repository/org/hamcrest/hamcrest-core/1.3/hamcrest-core-1.3.jar:/home/bedanglot/.m2/repository/com/google/code/gson/gson/2.7/gson-2.7.jar:/home/bedanglot/.m2/repository/org/eclipse/jetty/jetty-server/9.2.22.v20170606/jetty-server-9.2.22.v20170606.jar:/home/bedanglot/.m2/repository/javax/servlet/javax.servlet-api/3.1.0/javax.servlet-api-3.1.0.jar:/home/bedanglot/.m2/repository/org/eclipse/jetty/jetty-http/9.2.22.v20170606/jetty-http-9.2.22.v20170606.jar:/home/bedanglot/.m2/repository/org/eclipse/jetty/jetty-util/9.2.22.v20170606/jetty-util-9.2.22.v20170606.jar:/home/bedanglot/.m2/repository/org/eclipse/jetty/jetty-io/9.2.22.v20170606/jetty-io-9.2.22.v20170606.jar:/home/bedanglot/.m2/repository/org/eclipse/jetty/jetty-servlet/9.2.22.v20170606/jetty-servlet-9.2.22.v20170606.jar:/home/bedanglot/.m2/repository/org/eclipse/jetty/jetty-security/9.2.22.v20170606/jetty-security-9.2.22.v20170606.jar:/tmp/dspot-experiments/dataset/april-2019/jsoup_parent/target/classes/:/tmp/dspot-experiments/dataset/april-2019/jsoup_parent/target/test-classes/:/tmp/dspot-experiments/dataset/april-2019/jsoup_parent/target/dspot/dependencies/: -d /tmp/dspot-experiments/dataset/april-2019/jsoup_parent/target/test-classes -1.8 -preserveAllLocals -noExit -enableJavadoc -proc:none /tmp/dspot-experiments/dataset/april-2019/jsoup_parent/target/dspot/tmp_test_sources/org/jsoup/parser/XmlTreeBuilderTest.java
[INFO] Run: java -classpath /tmp/dspot-experiments/dataset/april-2019/jsoup_parent/target/classes/:/tmp/dspot-experiments/dataset/april-2019/jsoup_parent/target/test-classes:/home/bedanglot/.m2/repository/junit/junit/4.12/junit-4.12.jar:/home/bedanglot/.m2/repository/org/hamcrest/hamcrest-core/1.3/hamcrest-core-1.3.jar:/home/bedanglot/.m2/repository/com/google/code/gson/gson/2.7/gson-2.7.jar:/home/bedanglot/.m2/repository/org/eclipse/jetty/jetty-server/9.2.22.v20170606/jetty-server-9.2.22.v20170606.jar:/home/bedanglot/.m2/repository/javax/servlet/javax.servlet-api/3.1.0/javax.servlet-api-3.1.0.jar:/home/bedanglot/.m2/repository/org/eclipse/jetty/jetty-http/9.2.22.v20170606/jetty-http-9.2.22.v20170606.jar:/home/bedanglot/.m2/repository/org/eclipse/jetty/jetty-util/9.2.22.v20170606/jetty-util-9.2.22.v20170606.jar:/home/bedanglot/.m2/repository/org/eclipse/jetty/jetty-io/9.2.22.v20170606/jetty-io-9.2.22.v20170606.jar:/home/bedanglot/.m2/repository/org/eclipse/jetty/jetty-servlet/9.2.22.v20170606/jetty-servlet-9.2.22.v20170606.jar:/home/bedanglot/.m2/repository/org/eclipse/jetty/jetty-security/9.2.22.v20170606/jetty-security-9.2.22.v20170606.jar:/tmp/dspot-experiments/dataset/april-2019/jsoup_parent/target/dspot/dependencies/:/home/bedanglot/.m2/repository/eu/stamp-project/test-runner/2.0.7/test-runner-2.0.7-jar-with-dependencies.jar eu.stamp_project.testrunner.runner.JUnit4Runner --class org.jsoup.parser.XmlTreeBuilderTest --tests testSupplyParserToDataStream:testDetectCharsetEncodingDeclaration 
Parsing --class org.jsoup.parser.XmlTreeBuilderTest --tests testSupplyParserToDataStream:testDetectCharsetEncodingDeclaration
File saved to the following path: /tmp/dspot-experiments/dataset/april-2019/jsoup_parent/target/dspot/TestResult.ser
Loading /tmp/dspot-experiments/dataset/april-2019/jsoup_parent/target/dspot/TestResult.ser
[INFO] Test has been run: testDetectCharsetEncodingDeclaration,testSupplyParserToDataStream
[INFO] Assertion amplification: 2 test method(s) has been successfully amplified.
[WARN] 2019-05-07 17:57:34 Launcher - You specified the directory /tmp/dspot-experiments/dataset/april-2019/jsoup/target/classes in source classpath, please note that only class files will be considered. Jars and subdirectories will be ignored.
[WARN] 2019-05-07 17:57:34 Launcher - You specified the directory /tmp/dspot-experiments/dataset/april-2019/jsoup/target/test-classes in source classpath, please note that only class files will be considered. Jars and subdirectories will be ignored.
[WARN] 2019-05-07 17:57:34 Launcher - You specified the directory /tmp/dspot-experiments/dataset/april-2019/jsoup/target/dspot/dependencies in source classpath, please note that only class files will be considered. Jars and subdirectories will be ignored.
[INFO] Run: java -classpath /tmp/dspot-experiments/dataset/april-2019/jsoup/target/classes/:/tmp/dspot-experiments/dataset/april-2019/jsoup/target/test-classes/:/home/bedanglot/.m2/repository/junit/junit/4.12/junit-4.12.jar:/home/bedanglot/.m2/repository/org/hamcrest/hamcrest-core/1.3/hamcrest-core-1.3.jar:/home/bedanglot/.m2/repository/com/google/code/gson/gson/2.7/gson-2.7.jar:/home/bedanglot/.m2/repository/org/eclipse/jetty/jetty-server/9.2.22.v20170606/jetty-server-9.2.22.v20170606.jar:/home/bedanglot/.m2/repository/javax/servlet/javax.servlet-api/3.1.0/javax.servlet-api-3.1.0.jar:/home/bedanglot/.m2/repository/org/eclipse/jetty/jetty-http/9.2.22.v20170606/jetty-http-9.2.22.v20170606.jar:/home/bedanglot/.m2/repository/org/eclipse/jetty/jetty-util/9.2.22.v20170606/jetty-util-9.2.22.v20170606.jar:/home/bedanglot/.m2/repository/org/eclipse/jetty/jetty-io/9.2.22.v20170606/jetty-io-9.2.22.v20170606.jar:/home/bedanglot/.m2/repository/org/eclipse/jetty/jetty-servlet/9.2.22.v20170606/jetty-servlet-9.2.22.v20170606.jar:/home/bedanglot/.m2/repository/org/eclipse/jetty/jetty-security/9.2.22.v20170606/jetty-security-9.2.22.v20170606.jar:/tmp/dspot-experiments/dataset/april-2019/jsoup/target/dspot/dependencies/:/home/bedanglot/.m2/repository/eu/stamp-project/test-runner/2.0.7/test-runner-2.0.7-jar-with-dependencies.jar eu.stamp_project.testrunner.runner.JUnit4Runner --class org.jsoup.parser.XmlTreeBuilderTest --tests testSupplyParserToDataStream:testDetectCharsetEncodingDeclaration 
Parsing --class org.jsoup.parser.XmlTreeBuilderTest --tests testSupplyParserToDataStream:testDetectCharsetEncodingDeclaration
File saved to the following path: /tmp/dspot-experiments/dataset/april-2019/jsoup_parent/target/dspot/TestResult.ser
Loading /tmp/dspot-experiments/dataset/april-2019/jsoup_parent/target/dspot/TestResult.ser
[INFO] Test has been run: testDetectCharsetEncodingDeclaration,testSupplyParserToDataStream
[INFO] 0 amplified test methods has been selected to be kept. (global: 0)
[INFO] elapsedTime 8814
[WARNING] DSpot could not obtain any amplified test method.
[WARNING] You can customize the following options: --amplifiers, --test-criterion, --iteration, --budgetizer etc, and retry with a new configuration.
[INFO] Amplification of org.jsoup.parser.HtmlParserTest (2 test(s))
[INFO] Assertion amplification of org.jsoup.parser.HtmlParserTest (2 test(s))
[INFO] Using /tmp/dspot-experiments/dataset/april-2019/jsoup/pom.xml to run maven.
[INFO] Using /usr/share/maven/ for maven home
[INFO] run maven: /usr/share/maven//bin/mvn clean test -DskipTests
[WARN] Maven will be executed in interactive mode, but no input stream has been configured for this MavenInvoker instance.
[INFO] Scanning for projects...
[INFO]                                                                         
[INFO] ------------------------------------------------------------------------
[INFO] Building jsoup Java HTML Parser 1.11.3-SNAPSHOT
[INFO] ------------------------------------------------------------------------
[INFO] 
[INFO] --- maven-clean-plugin:2.5:clean (default-clean) @ jsoup ---
[INFO] Deleting /tmp/dspot-experiments/dataset/april-2019/jsoup/target
[INFO] 
[INFO] --- maven-resources-plugin:3.0.1:resources (default-resources) @ jsoup ---
[INFO] Using 'UTF-8' encoding to copy filtered resources.
[INFO] Copying 0 resource
[INFO] Copying 3 resources to META-INF/
[INFO] 
[INFO] --- maven-compiler-plugin:3.5.1:compile (default-compile) @ jsoup ---
[INFO] Changes detected - recompiling the module!
[INFO] Compiling 67 source files to /tmp/dspot-experiments/dataset/april-2019/jsoup/target/classes
[INFO] /tmp/dspot-experiments/dataset/april-2019/jsoup/src/main/java/org/jsoup/nodes/Attributes.java: Some input files use or override a deprecated API.
[INFO] /tmp/dspot-experiments/dataset/april-2019/jsoup/src/main/java/org/jsoup/nodes/Attributes.java: Recompile with -Xlint:deprecation for details.
[INFO] 
[INFO] --- animal-sniffer-maven-plugin:1.16:check (animal-sniffer) @ jsoup ---
[INFO] Checking unresolved references to net.sf.androidscents.signature:android-api-level-8:2.2_r3
[INFO] 
[INFO] >>> maven-bundle-plugin:2.5.4:manifest (bundle-manifest) > process-classes @ jsoup >>>
[INFO] 
[INFO] --- maven-resources-plugin:3.0.1:resources (default-resources) @ jsoup ---
[INFO] Using 'UTF-8' encoding to copy filtered resources.
[INFO] Copying 0 resource
[INFO] Copying 3 resources to META-INF/
[INFO] 
[INFO] --- maven-compiler-plugin:3.5.1:compile (default-compile) @ jsoup ---
[INFO] Changes detected - recompiling the module!
[INFO] Compiling 67 source files to /tmp/dspot-experiments/dataset/april-2019/jsoup/target/classes
[INFO] /tmp/dspot-experiments/dataset/april-2019/jsoup/src/main/java/org/jsoup/nodes/Attributes.java: Some input files use or override a deprecated API.
[INFO] /tmp/dspot-experiments/dataset/april-2019/jsoup/src/main/java/org/jsoup/nodes/Attributes.java: Recompile with -Xlint:deprecation for details.
[INFO] 
[INFO] --- animal-sniffer-maven-plugin:1.16:check (animal-sniffer) @ jsoup ---
[INFO] Checking unresolved references to net.sf.androidscents.signature:android-api-level-8:2.2_r3
[INFO] 
[INFO] <<< maven-bundle-plugin:2.5.4:manifest (bundle-manifest) < process-classes @ jsoup <<<
[INFO] 
[INFO] --- maven-bundle-plugin:2.5.4:manifest (bundle-manifest) @ jsoup ---
[INFO] 
[INFO] --- maven-resources-plugin:3.0.1:testResources (default-testResources) @ jsoup ---
[INFO] Using 'UTF-8' encoding to copy filtered resources.
[INFO] Copying 23 resources
[INFO] 
[INFO] --- maven-compiler-plugin:3.5.1:testCompile (default-testCompile) @ jsoup ---
[INFO] Changes detected - recompiling the module!
[INFO] Compiling 45 source files to /tmp/dspot-experiments/dataset/april-2019/jsoup/target/test-classes
[INFO] /tmp/dspot-experiments/dataset/april-2019/jsoup/src/test/java/org/jsoup/parser/AttributeParseTest.java: Some input files use or override a deprecated API.
[INFO] /tmp/dspot-experiments/dataset/april-2019/jsoup/src/test/java/org/jsoup/parser/AttributeParseTest.java: Recompile with -Xlint:deprecation for details.
[INFO] 
[INFO] --- maven-surefire-plugin:2.17:test (default-test) @ jsoup ---
[INFO] Tests are skipped.
[INFO] ------------------------------------------------------------------------
[INFO] BUILD SUCCESS
[INFO] ------------------------------------------------------------------------
[INFO] Total time: 4.887 s
[INFO] Finished at: 2019-05-07T17:57:40+02:00
[INFO] Final Memory: 28M/1963M
[INFO] ------------------------------------------------------------------------
[INFO] Compiling with -proceedOnError -encoding UTF-8 -cp /tmp/dspot-experiments/dataset/april-2019/jsoup_parent/target/dspot/tmp_test_sources:/home/bedanglot/.m2/repository/junit/junit/4.12/junit-4.12.jar:/home/bedanglot/.m2/repository/org/hamcrest/hamcrest-core/1.3/hamcrest-core-1.3.jar:/home/bedanglot/.m2/repository/com/google/code/gson/gson/2.7/gson-2.7.jar:/home/bedanglot/.m2/repository/org/eclipse/jetty/jetty-server/9.2.22.v20170606/jetty-server-9.2.22.v20170606.jar:/home/bedanglot/.m2/repository/javax/servlet/javax.servlet-api/3.1.0/javax.servlet-api-3.1.0.jar:/home/bedanglot/.m2/repository/org/eclipse/jetty/jetty-http/9.2.22.v20170606/jetty-http-9.2.22.v20170606.jar:/home/bedanglot/.m2/repository/org/eclipse/jetty/jetty-util/9.2.22.v20170606/jetty-util-9.2.22.v20170606.jar:/home/bedanglot/.m2/repository/org/eclipse/jetty/jetty-io/9.2.22.v20170606/jetty-io-9.2.22.v20170606.jar:/home/bedanglot/.m2/repository/org/eclipse/jetty/jetty-servlet/9.2.22.v20170606/jetty-servlet-9.2.22.v20170606.jar:/home/bedanglot/.m2/repository/org/eclipse/jetty/jetty-security/9.2.22.v20170606/jetty-security-9.2.22.v20170606.jar:/tmp/dspot-experiments/dataset/april-2019/jsoup_parent/target/classes/:/tmp/dspot-experiments/dataset/april-2019/jsoup_parent/target/test-classes/:/tmp/dspot-experiments/dataset/april-2019/jsoup_parent/target/dspot/dependencies/: -d /tmp/dspot-experiments/dataset/april-2019/jsoup_parent/target/test-classes -1.8 -preserveAllLocals -noExit -enableJavadoc -proc:none /tmp/dspot-experiments/dataset/april-2019/jsoup_parent/target/dspot/tmp_test_sources/org/jsoup/parser/HtmlParserTest.java
[INFO] Run: java -classpath /tmp/dspot-experiments/dataset/april-2019/jsoup_parent/target/classes/:/tmp/dspot-experiments/dataset/april-2019/jsoup_parent/target/test-classes:/home/bedanglot/.m2/repository/junit/junit/4.12/junit-4.12.jar:/home/bedanglot/.m2/repository/org/hamcrest/hamcrest-core/1.3/hamcrest-core-1.3.jar:/home/bedanglot/.m2/repository/com/google/code/gson/gson/2.7/gson-2.7.jar:/home/bedanglot/.m2/repository/org/eclipse/jetty/jetty-server/9.2.22.v20170606/jetty-server-9.2.22.v20170606.jar:/home/bedanglot/.m2/repository/javax/servlet/javax.servlet-api/3.1.0/javax.servlet-api-3.1.0.jar:/home/bedanglot/.m2/repository/org/eclipse/jetty/jetty-http/9.2.22.v20170606/jetty-http-9.2.22.v20170606.jar:/home/bedanglot/.m2/repository/org/eclipse/jetty/jetty-util/9.2.22.v20170606/jetty-util-9.2.22.v20170606.jar:/home/bedanglot/.m2/repository/org/eclipse/jetty/jetty-io/9.2.22.v20170606/jetty-io-9.2.22.v20170606.jar:/home/bedanglot/.m2/repository/org/eclipse/jetty/jetty-servlet/9.2.22.v20170606/jetty-servlet-9.2.22.v20170606.jar:/home/bedanglot/.m2/repository/org/eclipse/jetty/jetty-security/9.2.22.v20170606/jetty-security-9.2.22.v20170606.jar:/tmp/dspot-experiments/dataset/april-2019/jsoup_parent/target/dspot/dependencies/:/home/bedanglot/.m2/repository/eu/stamp-project/test-runner/2.0.7/test-runner-2.0.7-jar-with-dependencies.jar eu.stamp_project.testrunner.runner.JUnit4Runner --class org.jsoup.parser.HtmlParserTest --tests testTemplateInsideTable:testInvalidTableContents 
Parsing --class org.jsoup.parser.HtmlParserTest --tests testTemplateInsideTable:testInvalidTableContents
File saved to the following path: /tmp/dspot-experiments/dataset/april-2019/jsoup_parent/target/dspot/TestResult.ser
Loading /tmp/dspot-experiments/dataset/april-2019/jsoup_parent/target/dspot/TestResult.ser
[INFO] Test has been run: testTemplateInsideTable,testInvalidTableContents
[INFO] Run tests. (2)
[INFO] Compiling with -proceedOnError -encoding UTF-8 -cp /tmp/dspot-experiments/dataset/april-2019/jsoup_parent/target/dspot/tmp_test_sources:/home/bedanglot/.m2/repository/junit/junit/4.12/junit-4.12.jar:/home/bedanglot/.m2/repository/org/hamcrest/hamcrest-core/1.3/hamcrest-core-1.3.jar:/home/bedanglot/.m2/repository/com/google/code/gson/gson/2.7/gson-2.7.jar:/home/bedanglot/.m2/repository/org/eclipse/jetty/jetty-server/9.2.22.v20170606/jetty-server-9.2.22.v20170606.jar:/home/bedanglot/.m2/repository/javax/servlet/javax.servlet-api/3.1.0/javax.servlet-api-3.1.0.jar:/home/bedanglot/.m2/repository/org/eclipse/jetty/jetty-http/9.2.22.v20170606/jetty-http-9.2.22.v20170606.jar:/home/bedanglot/.m2/repository/org/eclipse/jetty/jetty-util/9.2.22.v20170606/jetty-util-9.2.22.v20170606.jar:/home/bedanglot/.m2/repository/org/eclipse/jetty/jetty-io/9.2.22.v20170606/jetty-io-9.2.22.v20170606.jar:/home/bedanglot/.m2/repository/org/eclipse/jetty/jetty-servlet/9.2.22.v20170606/jetty-servlet-9.2.22.v20170606.jar:/home/bedanglot/.m2/repository/org/eclipse/jetty/jetty-security/9.2.22.v20170606/jetty-security-9.2.22.v20170606.jar:/tmp/dspot-experiments/dataset/april-2019/jsoup_parent/target/classes/:/tmp/dspot-experiments/dataset/april-2019/jsoup_parent/target/test-classes/:/tmp/dspot-experiments/dataset/april-2019/jsoup_parent/target/dspot/dependencies/: -d /tmp/dspot-experiments/dataset/april-2019/jsoup_parent/target/test-classes -1.8 -preserveAllLocals -noExit -enableJavadoc -proc:none /tmp/dspot-experiments/dataset/april-2019/jsoup_parent/target/dspot/tmp_test_sources/org/jsoup/parser/HtmlParserTest.java
[INFO] Run: java -classpath /tmp/dspot-experiments/dataset/april-2019/jsoup_parent/target/classes/:/tmp/dspot-experiments/dataset/april-2019/jsoup_parent/target/test-classes:/home/bedanglot/.m2/repository/junit/junit/4.12/junit-4.12.jar:/home/bedanglot/.m2/repository/org/hamcrest/hamcrest-core/1.3/hamcrest-core-1.3.jar:/home/bedanglot/.m2/repository/com/google/code/gson/gson/2.7/gson-2.7.jar:/home/bedanglot/.m2/repository/org/eclipse/jetty/jetty-server/9.2.22.v20170606/jetty-server-9.2.22.v20170606.jar:/home/bedanglot/.m2/repository/javax/servlet/javax.servlet-api/3.1.0/javax.servlet-api-3.1.0.jar:/home/bedanglot/.m2/repository/org/eclipse/jetty/jetty-http/9.2.22.v20170606/jetty-http-9.2.22.v20170606.jar:/home/bedanglot/.m2/repository/org/eclipse/jetty/jetty-util/9.2.22.v20170606/jetty-util-9.2.22.v20170606.jar:/home/bedanglot/.m2/repository/org/eclipse/jetty/jetty-io/9.2.22.v20170606/jetty-io-9.2.22.v20170606.jar:/home/bedanglot/.m2/repository/org/eclipse/jetty/jetty-servlet/9.2.22.v20170606/jetty-servlet-9.2.22.v20170606.jar:/home/bedanglot/.m2/repository/org/eclipse/jetty/jetty-security/9.2.22.v20170606/jetty-security-9.2.22.v20170606.jar:/tmp/dspot-experiments/dataset/april-2019/jsoup_parent/target/dspot/dependencies/:/home/bedanglot/.m2/repository/eu/stamp-project/test-runner/2.0.7/test-runner-2.0.7-jar-with-dependencies.jar eu.stamp_project.testrunner.runner.JUnit4Runner --class org.jsoup.parser.HtmlParserTest --tests testTemplateInsideTable:testInvalidTableContents 
Parsing --class org.jsoup.parser.HtmlParserTest --tests testTemplateInsideTable:testInvalidTableContents
File saved to the following path: /tmp/dspot-experiments/dataset/april-2019/jsoup_parent/target/dspot/TestResult.ser
Loading /tmp/dspot-experiments/dataset/april-2019/jsoup_parent/target/dspot/TestResult.ser
[INFO] Test has been run: testTemplateInsideTable,testInvalidTableContents
[INFO] 2 test pass, generating assertion...
[INFO] Add observations points in passing tests.
[INFO] Instrumentation...
 50% |========================= ]/100% |================================================== ]-
[INFO] Run instrumented tests. (6)
[INFO] Compiling with -proceedOnError -encoding UTF-8 -cp /tmp/dspot-experiments/dataset/april-2019/jsoup_parent/target/dspot/tmp_test_sources:/home/bedanglot/.m2/repository/junit/junit/4.12/junit-4.12.jar:/home/bedanglot/.m2/repository/org/hamcrest/hamcrest-core/1.3/hamcrest-core-1.3.jar:/home/bedanglot/.m2/repository/com/google/code/gson/gson/2.7/gson-2.7.jar:/home/bedanglot/.m2/repository/org/eclipse/jetty/jetty-server/9.2.22.v20170606/jetty-server-9.2.22.v20170606.jar:/home/bedanglot/.m2/repository/javax/servlet/javax.servlet-api/3.1.0/javax.servlet-api-3.1.0.jar:/home/bedanglot/.m2/repository/org/eclipse/jetty/jetty-http/9.2.22.v20170606/jetty-http-9.2.22.v20170606.jar:/home/bedanglot/.m2/repository/org/eclipse/jetty/jetty-util/9.2.22.v20170606/jetty-util-9.2.22.v20170606.jar:/home/bedanglot/.m2/repository/org/eclipse/jetty/jetty-io/9.2.22.v20170606/jetty-io-9.2.22.v20170606.jar:/home/bedanglot/.m2/repository/org/eclipse/jetty/jetty-servlet/9.2.22.v20170606/jetty-servlet-9.2.22.v20170606.jar:/home/bedanglot/.m2/repository/org/eclipse/jetty/jetty-security/9.2.22.v20170606/jetty-security-9.2.22.v20170606.jar:/tmp/dspot-experiments/dataset/april-2019/jsoup_parent/target/classes/:/tmp/dspot-experiments/dataset/april-2019/jsoup_parent/target/test-classes/:/tmp/dspot-experiments/dataset/april-2019/jsoup_parent/target/dspot/dependencies/: -d /tmp/dspot-experiments/dataset/april-2019/jsoup_parent/target/test-classes -1.8 -preserveAllLocals -noExit -enableJavadoc -proc:none /tmp/dspot-experiments/dataset/april-2019/jsoup_parent/target/dspot/tmp_test_sources/org/jsoup/parser/HtmlParserTest.java
[INFO] Run: java -classpath /tmp/dspot-experiments/dataset/april-2019/jsoup_parent/target/classes/:/tmp/dspot-experiments/dataset/april-2019/jsoup_parent/target/test-classes:/home/bedanglot/.m2/repository/junit/junit/4.12/junit-4.12.jar:/home/bedanglot/.m2/repository/org/hamcrest/hamcrest-core/1.3/hamcrest-core-1.3.jar:/home/bedanglot/.m2/repository/com/google/code/gson/gson/2.7/gson-2.7.jar:/home/bedanglot/.m2/repository/org/eclipse/jetty/jetty-server/9.2.22.v20170606/jetty-server-9.2.22.v20170606.jar:/home/bedanglot/.m2/repository/javax/servlet/javax.servlet-api/3.1.0/javax.servlet-api-3.1.0.jar:/home/bedanglot/.m2/repository/org/eclipse/jetty/jetty-http/9.2.22.v20170606/jetty-http-9.2.22.v20170606.jar:/home/bedanglot/.m2/repository/org/eclipse/jetty/jetty-util/9.2.22.v20170606/jetty-util-9.2.22.v20170606.jar:/home/bedanglot/.m2/repository/org/eclipse/jetty/jetty-io/9.2.22.v20170606/jetty-io-9.2.22.v20170606.jar:/home/bedanglot/.m2/repository/org/eclipse/jetty/jetty-servlet/9.2.22.v20170606/jetty-servlet-9.2.22.v20170606.jar:/home/bedanglot/.m2/repository/org/eclipse/jetty/jetty-security/9.2.22.v20170606/jetty-security-9.2.22.v20170606.jar:/tmp/dspot-experiments/dataset/april-2019/jsoup_parent/target/dspot/dependencies/:/home/bedanglot/.m2/repository/eu/stamp-project/test-runner/2.0.7/test-runner-2.0.7-jar-with-dependencies.jar eu.stamp_project.testrunner.runner.JUnit4Runner --class org.jsoup.parser.HtmlParserTest --tests testTemplateInsideTable_withlog0:testInvalidTableContents_withlog0:testTemplateInsideTable_withlog1:testInvalidTableContents_withlog1:testTemplateInsideTable_withlog2:testInvalidTableContents_withlog2 
Parsing --class org.jsoup.parser.HtmlParserTest --tests testTemplateInsideTable_withlog0:testInvalidTableContents_withlog0:testTemplateInsideTable_withlog1:testInvalidTableContents_withlog1:testTemplateInsideTable_withlog2:testInvalidTableContents_withlog2
File saved to the following path: /tmp/dspot-experiments/dataset/april-2019/jsoup_parent/target/dspot/observations.ser
File saved to the following path: /tmp/dspot-experiments/dataset/april-2019/jsoup_parent/target/dspot/TestResult.ser
Loading /tmp/dspot-experiments/dataset/april-2019/jsoup_parent/target/dspot/TestResult.ser
[INFO] Test has been run: testInvalidTableContents_withlog0,testInvalidTableContents_withlog1,testInvalidTableContents_withlog2,testTemplateInsideTable_withlog0,testTemplateInsideTable_withlog1,testTemplateInsideTable_withlog2
[INFO] Generating assertions...
[INFO] 1 new tests with assertions generated
[INFO] Compiling with -proceedOnError -encoding UTF-8 -cp /tmp/dspot-experiments/dataset/april-2019/jsoup_parent/target/dspot/tmp_test_sources:/home/bedanglot/.m2/repository/junit/junit/4.12/junit-4.12.jar:/home/bedanglot/.m2/repository/org/hamcrest/hamcrest-core/1.3/hamcrest-core-1.3.jar:/home/bedanglot/.m2/repository/com/google/code/gson/gson/2.7/gson-2.7.jar:/home/bedanglot/.m2/repository/org/eclipse/jetty/jetty-server/9.2.22.v20170606/jetty-server-9.2.22.v20170606.jar:/home/bedanglot/.m2/repository/javax/servlet/javax.servlet-api/3.1.0/javax.servlet-api-3.1.0.jar:/home/bedanglot/.m2/repository/org/eclipse/jetty/jetty-http/9.2.22.v20170606/jetty-http-9.2.22.v20170606.jar:/home/bedanglot/.m2/repository/org/eclipse/jetty/jetty-util/9.2.22.v20170606/jetty-util-9.2.22.v20170606.jar:/home/bedanglot/.m2/repository/org/eclipse/jetty/jetty-io/9.2.22.v20170606/jetty-io-9.2.22.v20170606.jar:/home/bedanglot/.m2/repository/org/eclipse/jetty/jetty-servlet/9.2.22.v20170606/jetty-servlet-9.2.22.v20170606.jar:/home/bedanglot/.m2/repository/org/eclipse/jetty/jetty-security/9.2.22.v20170606/jetty-security-9.2.22.v20170606.jar:/tmp/dspot-experiments/dataset/april-2019/jsoup_parent/target/classes/:/tmp/dspot-experiments/dataset/april-2019/jsoup_parent/target/test-classes/:/tmp/dspot-experiments/dataset/april-2019/jsoup_parent/target/dspot/dependencies/: -d /tmp/dspot-experiments/dataset/april-2019/jsoup_parent/target/test-classes -1.8 -preserveAllLocals -noExit -enableJavadoc -proc:none /tmp/dspot-experiments/dataset/april-2019/jsoup_parent/target/dspot/tmp_test_sources/org/jsoup/parser/HtmlParserTest.java
[INFO] Run: java -classpath /tmp/dspot-experiments/dataset/april-2019/jsoup_parent/target/classes/:/tmp/dspot-experiments/dataset/april-2019/jsoup_parent/target/test-classes:/home/bedanglot/.m2/repository/junit/junit/4.12/junit-4.12.jar:/home/bedanglot/.m2/repository/org/hamcrest/hamcrest-core/1.3/hamcrest-core-1.3.jar:/home/bedanglot/.m2/repository/com/google/code/gson/gson/2.7/gson-2.7.jar:/home/bedanglot/.m2/repository/org/eclipse/jetty/jetty-server/9.2.22.v20170606/jetty-server-9.2.22.v20170606.jar:/home/bedanglot/.m2/repository/javax/servlet/javax.servlet-api/3.1.0/javax.servlet-api-3.1.0.jar:/home/bedanglot/.m2/repository/org/eclipse/jetty/jetty-http/9.2.22.v20170606/jetty-http-9.2.22.v20170606.jar:/home/bedanglot/.m2/repository/org/eclipse/jetty/jetty-util/9.2.22.v20170606/jetty-util-9.2.22.v20170606.jar:/home/bedanglot/.m2/repository/org/eclipse/jetty/jetty-io/9.2.22.v20170606/jetty-io-9.2.22.v20170606.jar:/home/bedanglot/.m2/repository/org/eclipse/jetty/jetty-servlet/9.2.22.v20170606/jetty-servlet-9.2.22.v20170606.jar:/home/bedanglot/.m2/repository/org/eclipse/jetty/jetty-security/9.2.22.v20170606/jetty-security-9.2.22.v20170606.jar:/tmp/dspot-experiments/dataset/april-2019/jsoup_parent/target/dspot/dependencies/:/home/bedanglot/.m2/repository/eu/stamp-project/test-runner/2.0.7/test-runner-2.0.7-jar-with-dependencies.jar eu.stamp_project.testrunner.runner.JUnit4Runner --class org.jsoup.parser.HtmlParserTest --tests testInvalidTableContents 
Parsing --class org.jsoup.parser.HtmlParserTest --tests testInvalidTableContents
File saved to the following path: /tmp/dspot-experiments/dataset/april-2019/jsoup_parent/target/dspot/TestResult.ser
Loading /tmp/dspot-experiments/dataset/april-2019/jsoup_parent/target/dspot/TestResult.ser
[INFO] Test has been run: testInvalidTableContents
[INFO] Assertion amplification: 1 test method(s) has been successfully amplified.
[WARN] 2019-05-07 17:57:43 Launcher - You specified the directory /tmp/dspot-experiments/dataset/april-2019/jsoup/target/classes in source classpath, please note that only class files will be considered. Jars and subdirectories will be ignored.
[WARN] 2019-05-07 17:57:43 Launcher - You specified the directory /tmp/dspot-experiments/dataset/april-2019/jsoup/target/test-classes in source classpath, please note that only class files will be considered. Jars and subdirectories will be ignored.
[WARN] 2019-05-07 17:57:43 Launcher - You specified the directory /tmp/dspot-experiments/dataset/april-2019/jsoup/target/dspot/dependencies in source classpath, please note that only class files will be considered. Jars and subdirectories will be ignored.
[INFO] Run: java -classpath /tmp/dspot-experiments/dataset/april-2019/jsoup/target/classes/:/tmp/dspot-experiments/dataset/april-2019/jsoup/target/test-classes/:/home/bedanglot/.m2/repository/junit/junit/4.12/junit-4.12.jar:/home/bedanglot/.m2/repository/org/hamcrest/hamcrest-core/1.3/hamcrest-core-1.3.jar:/home/bedanglot/.m2/repository/com/google/code/gson/gson/2.7/gson-2.7.jar:/home/bedanglot/.m2/repository/org/eclipse/jetty/jetty-server/9.2.22.v20170606/jetty-server-9.2.22.v20170606.jar:/home/bedanglot/.m2/repository/javax/servlet/javax.servlet-api/3.1.0/javax.servlet-api-3.1.0.jar:/home/bedanglot/.m2/repository/org/eclipse/jetty/jetty-http/9.2.22.v20170606/jetty-http-9.2.22.v20170606.jar:/home/bedanglot/.m2/repository/org/eclipse/jetty/jetty-util/9.2.22.v20170606/jetty-util-9.2.22.v20170606.jar:/home/bedanglot/.m2/repository/org/eclipse/jetty/jetty-io/9.2.22.v20170606/jetty-io-9.2.22.v20170606.jar:/home/bedanglot/.m2/repository/org/eclipse/jetty/jetty-servlet/9.2.22.v20170606/jetty-servlet-9.2.22.v20170606.jar:/home/bedanglot/.m2/repository/org/eclipse/jetty/jetty-security/9.2.22.v20170606/jetty-security-9.2.22.v20170606.jar:/tmp/dspot-experiments/dataset/april-2019/jsoup/target/dspot/dependencies/:/home/bedanglot/.m2/repository/eu/stamp-project/test-runner/2.0.7/test-runner-2.0.7-jar-with-dependencies.jar eu.stamp_project.testrunner.runner.JUnit4Runner --class org.jsoup.parser.HtmlParserTest --tests testInvalidTableContents 
Parsing --class org.jsoup.parser.HtmlParserTest --tests testInvalidTableContents
File saved to the following path: /tmp/dspot-experiments/dataset/april-2019/jsoup_parent/target/dspot/TestResult.ser
Loading /tmp/dspot-experiments/dataset/april-2019/jsoup_parent/target/dspot/TestResult.ser
[INFO] Test has been run: testInvalidTableContents
[INFO] 0 amplified test methods has been selected to be kept. (global: 0)
[INFO] elapsedTime 8686
[WARNING] DSpot could not obtain any amplified test method.
[WARNING] You can customize the following options: --amplifiers, --test-criterion, --iteration, --budgetizer etc, and retry with a new configuration.
[INFO] Amplification of org.jsoup.nodes.DocumentTest (2 test(s))
[INFO] Assertion amplification of org.jsoup.nodes.DocumentTest (2 test(s))
[INFO] Using /tmp/dspot-experiments/dataset/april-2019/jsoup/pom.xml to run maven.
[INFO] Using /usr/share/maven/ for maven home
[INFO] run maven: /usr/share/maven//bin/mvn clean test -DskipTests
[WARN] Maven will be executed in interactive mode, but no input stream has been configured for this MavenInvoker instance.
[INFO] Scanning for projects...
[INFO]                                                                         
[INFO] ------------------------------------------------------------------------
[INFO] Building jsoup Java HTML Parser 1.11.3-SNAPSHOT
[INFO] ------------------------------------------------------------------------
[INFO] 
[INFO] --- maven-clean-plugin:2.5:clean (default-clean) @ jsoup ---
[INFO] Deleting /tmp/dspot-experiments/dataset/april-2019/jsoup/target
[INFO] 
[INFO] --- maven-resources-plugin:3.0.1:resources (default-resources) @ jsoup ---
[INFO] Using 'UTF-8' encoding to copy filtered resources.
[INFO] Copying 0 resource
[INFO] Copying 3 resources to META-INF/
[INFO] 
[INFO] --- maven-compiler-plugin:3.5.1:compile (default-compile) @ jsoup ---
[INFO] Changes detected - recompiling the module!
[INFO] Compiling 67 source files to /tmp/dspot-experiments/dataset/april-2019/jsoup/target/classes
[INFO] /tmp/dspot-experiments/dataset/april-2019/jsoup/src/main/java/org/jsoup/nodes/Attributes.java: Some input files use or override a deprecated API.
[INFO] /tmp/dspot-experiments/dataset/april-2019/jsoup/src/main/java/org/jsoup/nodes/Attributes.java: Recompile with -Xlint:deprecation for details.
[INFO] 
[INFO] --- animal-sniffer-maven-plugin:1.16:check (animal-sniffer) @ jsoup ---
[INFO] Checking unresolved references to net.sf.androidscents.signature:android-api-level-8:2.2_r3
[INFO] 
[INFO] >>> maven-bundle-plugin:2.5.4:manifest (bundle-manifest) > process-classes @ jsoup >>>
[INFO] 
[INFO] --- maven-resources-plugin:3.0.1:resources (default-resources) @ jsoup ---
[INFO] Using 'UTF-8' encoding to copy filtered resources.
[INFO] Copying 0 resource
[INFO] Copying 3 resources to META-INF/
[INFO] 
[INFO] --- maven-compiler-plugin:3.5.1:compile (default-compile) @ jsoup ---
[INFO] Changes detected - recompiling the module!
[INFO] Compiling 67 source files to /tmp/dspot-experiments/dataset/april-2019/jsoup/target/classes
[INFO] /tmp/dspot-experiments/dataset/april-2019/jsoup/src/main/java/org/jsoup/nodes/Attributes.java: Some input files use or override a deprecated API.
[INFO] /tmp/dspot-experiments/dataset/april-2019/jsoup/src/main/java/org/jsoup/nodes/Attributes.java: Recompile with -Xlint:deprecation for details.
[INFO] 
[INFO] --- animal-sniffer-maven-plugin:1.16:check (animal-sniffer) @ jsoup ---
[INFO] Checking unresolved references to net.sf.androidscents.signature:android-api-level-8:2.2_r3
[INFO] 
[INFO] <<< maven-bundle-plugin:2.5.4:manifest (bundle-manifest) < process-classes @ jsoup <<<
[INFO] 
[INFO] --- maven-bundle-plugin:2.5.4:manifest (bundle-manifest) @ jsoup ---
[INFO] 
[INFO] --- maven-resources-plugin:3.0.1:testResources (default-testResources) @ jsoup ---
[INFO] Using 'UTF-8' encoding to copy filtered resources.
[INFO] Copying 23 resources
[INFO] 
[INFO] --- maven-compiler-plugin:3.5.1:testCompile (default-testCompile) @ jsoup ---
[INFO] Changes detected - recompiling the module!
[INFO] Compiling 45 source files to /tmp/dspot-experiments/dataset/april-2019/jsoup/target/test-classes
[INFO] /tmp/dspot-experiments/dataset/april-2019/jsoup/src/test/java/org/jsoup/parser/AttributeParseTest.java: Some input files use or override a deprecated API.
[INFO] /tmp/dspot-experiments/dataset/april-2019/jsoup/src/test/java/org/jsoup/parser/AttributeParseTest.java: Recompile with -Xlint:deprecation for details.
[INFO] 
[INFO] --- maven-surefire-plugin:2.17:test (default-test) @ jsoup ---
[INFO] Tests are skipped.
[INFO] ------------------------------------------------------------------------
[INFO] BUILD SUCCESS
[INFO] ------------------------------------------------------------------------
[INFO] Total time: 4.769 s
[INFO] Finished at: 2019-05-07T17:57:50+02:00
[INFO] Final Memory: 28M/1963M
[INFO] ------------------------------------------------------------------------
[INFO] Compiling with -proceedOnError -encoding UTF-8 -cp /tmp/dspot-experiments/dataset/april-2019/jsoup_parent/target/dspot/tmp_test_sources:/home/bedanglot/.m2/repository/junit/junit/4.12/junit-4.12.jar:/home/bedanglot/.m2/repository/org/hamcrest/hamcrest-core/1.3/hamcrest-core-1.3.jar:/home/bedanglot/.m2/repository/com/google/code/gson/gson/2.7/gson-2.7.jar:/home/bedanglot/.m2/repository/org/eclipse/jetty/jetty-server/9.2.22.v20170606/jetty-server-9.2.22.v20170606.jar:/home/bedanglot/.m2/repository/javax/servlet/javax.servlet-api/3.1.0/javax.servlet-api-3.1.0.jar:/home/bedanglot/.m2/repository/org/eclipse/jetty/jetty-http/9.2.22.v20170606/jetty-http-9.2.22.v20170606.jar:/home/bedanglot/.m2/repository/org/eclipse/jetty/jetty-util/9.2.22.v20170606/jetty-util-9.2.22.v20170606.jar:/home/bedanglot/.m2/repository/org/eclipse/jetty/jetty-io/9.2.22.v20170606/jetty-io-9.2.22.v20170606.jar:/home/bedanglot/.m2/repository/org/eclipse/jetty/jetty-servlet/9.2.22.v20170606/jetty-servlet-9.2.22.v20170606.jar:/home/bedanglot/.m2/repository/org/eclipse/jetty/jetty-security/9.2.22.v20170606/jetty-security-9.2.22.v20170606.jar:/tmp/dspot-experiments/dataset/april-2019/jsoup_parent/target/classes/:/tmp/dspot-experiments/dataset/april-2019/jsoup_parent/target/test-classes/:/tmp/dspot-experiments/dataset/april-2019/jsoup_parent/target/dspot/dependencies/: -d /tmp/dspot-experiments/dataset/april-2019/jsoup_parent/target/test-classes -1.8 -preserveAllLocals -noExit -enableJavadoc -proc:none /tmp/dspot-experiments/dataset/april-2019/jsoup_parent/target/dspot/tmp_test_sources/org/jsoup/nodes/DocumentTest.java
[INFO] Run: java -classpath /tmp/dspot-experiments/dataset/april-2019/jsoup_parent/target/classes/:/tmp/dspot-experiments/dataset/april-2019/jsoup_parent/target/test-classes:/home/bedanglot/.m2/repository/junit/junit/4.12/junit-4.12.jar:/home/bedanglot/.m2/repository/org/hamcrest/hamcrest-core/1.3/hamcrest-core-1.3.jar:/home/bedanglot/.m2/repository/com/google/code/gson/gson/2.7/gson-2.7.jar:/home/bedanglot/.m2/repository/org/eclipse/jetty/jetty-server/9.2.22.v20170606/jetty-server-9.2.22.v20170606.jar:/home/bedanglot/.m2/repository/javax/servlet/javax.servlet-api/3.1.0/javax.servlet-api-3.1.0.jar:/home/bedanglot/.m2/repository/org/eclipse/jetty/jetty-http/9.2.22.v20170606/jetty-http-9.2.22.v20170606.jar:/home/bedanglot/.m2/repository/org/eclipse/jetty/jetty-util/9.2.22.v20170606/jetty-util-9.2.22.v20170606.jar:/home/bedanglot/.m2/repository/org/eclipse/jetty/jetty-io/9.2.22.v20170606/jetty-io-9.2.22.v20170606.jar:/home/bedanglot/.m2/repository/org/eclipse/jetty/jetty-servlet/9.2.22.v20170606/jetty-servlet-9.2.22.v20170606.jar:/home/bedanglot/.m2/repository/org/eclipse/jetty/jetty-security/9.2.22.v20170606/jetty-security-9.2.22.v20170606.jar:/tmp/dspot-experiments/dataset/april-2019/jsoup_parent/target/dspot/dependencies/:/home/bedanglot/.m2/repository/eu/stamp-project/test-runner/2.0.7/test-runner-2.0.7-jar-with-dependencies.jar eu.stamp_project.testrunner.runner.JUnit4Runner --class org.jsoup.nodes.DocumentTest --tests testLocation:testShiftJisRoundtrip 
Parsing --class org.jsoup.nodes.DocumentTest --tests testLocation:testShiftJisRoundtrip
File saved to the following path: /tmp/dspot-experiments/dataset/april-2019/jsoup_parent/target/dspot/TestResult.ser
Loading /tmp/dspot-experiments/dataset/april-2019/jsoup_parent/target/dspot/TestResult.ser
[INFO] Test has been run: testLocation,testShiftJisRoundtrip
[INFO] Run tests. (2)
[INFO] Compiling with -proceedOnError -encoding UTF-8 -cp /tmp/dspot-experiments/dataset/april-2019/jsoup_parent/target/dspot/tmp_test_sources:/home/bedanglot/.m2/repository/junit/junit/4.12/junit-4.12.jar:/home/bedanglot/.m2/repository/org/hamcrest/hamcrest-core/1.3/hamcrest-core-1.3.jar:/home/bedanglot/.m2/repository/com/google/code/gson/gson/2.7/gson-2.7.jar:/home/bedanglot/.m2/repository/org/eclipse/jetty/jetty-server/9.2.22.v20170606/jetty-server-9.2.22.v20170606.jar:/home/bedanglot/.m2/repository/javax/servlet/javax.servlet-api/3.1.0/javax.servlet-api-3.1.0.jar:/home/bedanglot/.m2/repository/org/eclipse/jetty/jetty-http/9.2.22.v20170606/jetty-http-9.2.22.v20170606.jar:/home/bedanglot/.m2/repository/org/eclipse/jetty/jetty-util/9.2.22.v20170606/jetty-util-9.2.22.v20170606.jar:/home/bedanglot/.m2/repository/org/eclipse/jetty/jetty-io/9.2.22.v20170606/jetty-io-9.2.22.v20170606.jar:/home/bedanglot/.m2/repository/org/eclipse/jetty/jetty-servlet/9.2.22.v20170606/jetty-servlet-9.2.22.v20170606.jar:/home/bedanglot/.m2/repository/org/eclipse/jetty/jetty-security/9.2.22.v20170606/jetty-security-9.2.22.v20170606.jar:/tmp/dspot-experiments/dataset/april-2019/jsoup_parent/target/classes/:/tmp/dspot-experiments/dataset/april-2019/jsoup_parent/target/test-classes/:/tmp/dspot-experiments/dataset/april-2019/jsoup_parent/target/dspot/dependencies/: -d /tmp/dspot-experiments/dataset/april-2019/jsoup_parent/target/test-classes -1.8 -preserveAllLocals -noExit -enableJavadoc -proc:none /tmp/dspot-experiments/dataset/april-2019/jsoup_parent/target/dspot/tmp_test_sources/org/jsoup/nodes/DocumentTest.java
[INFO] Run: java -classpath /tmp/dspot-experiments/dataset/april-2019/jsoup_parent/target/classes/:/tmp/dspot-experiments/dataset/april-2019/jsoup_parent/target/test-classes:/home/bedanglot/.m2/repository/junit/junit/4.12/junit-4.12.jar:/home/bedanglot/.m2/repository/org/hamcrest/hamcrest-core/1.3/hamcrest-core-1.3.jar:/home/bedanglot/.m2/repository/com/google/code/gson/gson/2.7/gson-2.7.jar:/home/bedanglot/.m2/repository/org/eclipse/jetty/jetty-server/9.2.22.v20170606/jetty-server-9.2.22.v20170606.jar:/home/bedanglot/.m2/repository/javax/servlet/javax.servlet-api/3.1.0/javax.servlet-api-3.1.0.jar:/home/bedanglot/.m2/repository/org/eclipse/jetty/jetty-http/9.2.22.v20170606/jetty-http-9.2.22.v20170606.jar:/home/bedanglot/.m2/repository/org/eclipse/jetty/jetty-util/9.2.22.v20170606/jetty-util-9.2.22.v20170606.jar:/home/bedanglot/.m2/repository/org/eclipse/jetty/jetty-io/9.2.22.v20170606/jetty-io-9.2.22.v20170606.jar:/home/bedanglot/.m2/repository/org/eclipse/jetty/jetty-servlet/9.2.22.v20170606/jetty-servlet-9.2.22.v20170606.jar:/home/bedanglot/.m2/repository/org/eclipse/jetty/jetty-security/9.2.22.v20170606/jetty-security-9.2.22.v20170606.jar:/tmp/dspot-experiments/dataset/april-2019/jsoup_parent/target/dspot/dependencies/:/home/bedanglot/.m2/repository/eu/stamp-project/test-runner/2.0.7/test-runner-2.0.7-jar-with-dependencies.jar eu.stamp_project.testrunner.runner.JUnit4Runner --class org.jsoup.nodes.DocumentTest --tests testLocation:testShiftJisRoundtrip 
Parsing --class org.jsoup.nodes.DocumentTest --tests testLocation:testShiftJisRoundtrip
File saved to the following path: /tmp/dspot-experiments/dataset/april-2019/jsoup_parent/target/dspot/TestResult.ser
Loading /tmp/dspot-experiments/dataset/april-2019/jsoup_parent/target/dspot/TestResult.ser
[INFO] Test has been run: testLocation,testShiftJisRoundtrip
[INFO] 2 test pass, generating assertion...
[INFO] Add observations points in passing tests.
[INFO] Instrumentation...
 50% |========================= ]/100% |================================================== ]-
[INFO] Run instrumented tests. (6)
[INFO] Compiling with -proceedOnError -encoding UTF-8 -cp /tmp/dspot-experiments/dataset/april-2019/jsoup_parent/target/dspot/tmp_test_sources:/home/bedanglot/.m2/repository/junit/junit/4.12/junit-4.12.jar:/home/bedanglot/.m2/repository/org/hamcrest/hamcrest-core/1.3/hamcrest-core-1.3.jar:/home/bedanglot/.m2/repository/com/google/code/gson/gson/2.7/gson-2.7.jar:/home/bedanglot/.m2/repository/org/eclipse/jetty/jetty-server/9.2.22.v20170606/jetty-server-9.2.22.v20170606.jar:/home/bedanglot/.m2/repository/javax/servlet/javax.servlet-api/3.1.0/javax.servlet-api-3.1.0.jar:/home/bedanglot/.m2/repository/org/eclipse/jetty/jetty-http/9.2.22.v20170606/jetty-http-9.2.22.v20170606.jar:/home/bedanglot/.m2/repository/org/eclipse/jetty/jetty-util/9.2.22.v20170606/jetty-util-9.2.22.v20170606.jar:/home/bedanglot/.m2/repository/org/eclipse/jetty/jetty-io/9.2.22.v20170606/jetty-io-9.2.22.v20170606.jar:/home/bedanglot/.m2/repository/org/eclipse/jetty/jetty-servlet/9.2.22.v20170606/jetty-servlet-9.2.22.v20170606.jar:/home/bedanglot/.m2/repository/org/eclipse/jetty/jetty-security/9.2.22.v20170606/jetty-security-9.2.22.v20170606.jar:/tmp/dspot-experiments/dataset/april-2019/jsoup_parent/target/classes/:/tmp/dspot-experiments/dataset/april-2019/jsoup_parent/target/test-classes/:/tmp/dspot-experiments/dataset/april-2019/jsoup_parent/target/dspot/dependencies/: -d /tmp/dspot-experiments/dataset/april-2019/jsoup_parent/target/test-classes -1.8 -preserveAllLocals -noExit -enableJavadoc -proc:none /tmp/dspot-experiments/dataset/april-2019/jsoup_parent/target/dspot/tmp_test_sources/org/jsoup/nodes/DocumentTest.java
[INFO] Run: java -classpath /tmp/dspot-experiments/dataset/april-2019/jsoup_parent/target/classes/:/tmp/dspot-experiments/dataset/april-2019/jsoup_parent/target/test-classes:/home/bedanglot/.m2/repository/junit/junit/4.12/junit-4.12.jar:/home/bedanglot/.m2/repository/org/hamcrest/hamcrest-core/1.3/hamcrest-core-1.3.jar:/home/bedanglot/.m2/repository/com/google/code/gson/gson/2.7/gson-2.7.jar:/home/bedanglot/.m2/repository/org/eclipse/jetty/jetty-server/9.2.22.v20170606/jetty-server-9.2.22.v20170606.jar:/home/bedanglot/.m2/repository/javax/servlet/javax.servlet-api/3.1.0/javax.servlet-api-3.1.0.jar:/home/bedanglot/.m2/repository/org/eclipse/jetty/jetty-http/9.2.22.v20170606/jetty-http-9.2.22.v20170606.jar:/home/bedanglot/.m2/repository/org/eclipse/jetty/jetty-util/9.2.22.v20170606/jetty-util-9.2.22.v20170606.jar:/home/bedanglot/.m2/repository/org/eclipse/jetty/jetty-io/9.2.22.v20170606/jetty-io-9.2.22.v20170606.jar:/home/bedanglot/.m2/repository/org/eclipse/jetty/jetty-servlet/9.2.22.v20170606/jetty-servlet-9.2.22.v20170606.jar:/home/bedanglot/.m2/repository/org/eclipse/jetty/jetty-security/9.2.22.v20170606/jetty-security-9.2.22.v20170606.jar:/tmp/dspot-experiments/dataset/april-2019/jsoup_parent/target/dspot/dependencies/:/home/bedanglot/.m2/repository/eu/stamp-project/test-runner/2.0.7/test-runner-2.0.7-jar-with-dependencies.jar eu.stamp_project.testrunner.runner.JUnit4Runner --class org.jsoup.nodes.DocumentTest --tests testLocation_withlog0:testShiftJisRoundtrip_withlog0:testLocation_withlog1:testShiftJisRoundtrip_withlog1:testLocation_withlog2:testShiftJisRoundtrip_withlog2 
Parsing --class org.jsoup.nodes.DocumentTest --tests testLocation_withlog0:testShiftJisRoundtrip_withlog0:testLocation_withlog1:testShiftJisRoundtrip_withlog1:testLocation_withlog2:testShiftJisRoundtrip_withlog2
File saved to the following path: /tmp/dspot-experiments/dataset/april-2019/jsoup_parent/target/dspot/observations.ser
File saved to the following path: /tmp/dspot-experiments/dataset/april-2019/jsoup_parent/target/dspot/TestResult.ser
Loading /tmp/dspot-experiments/dataset/april-2019/jsoup_parent/target/dspot/TestResult.ser
[INFO] Test has been run: testShiftJisRoundtrip_withlog0,testShiftJisRoundtrip_withlog1,testShiftJisRoundtrip_withlog2,testLocation_withlog0,testLocation_withlog1,testLocation_withlog2
[INFO] Generating assertions...
[INFO] 2 new tests with assertions generated
[INFO] Compiling with -proceedOnError -encoding UTF-8 -cp /tmp/dspot-experiments/dataset/april-2019/jsoup_parent/target/dspot/tmp_test_sources:/home/bedanglot/.m2/repository/junit/junit/4.12/junit-4.12.jar:/home/bedanglot/.m2/repository/org/hamcrest/hamcrest-core/1.3/hamcrest-core-1.3.jar:/home/bedanglot/.m2/repository/com/google/code/gson/gson/2.7/gson-2.7.jar:/home/bedanglot/.m2/repository/org/eclipse/jetty/jetty-server/9.2.22.v20170606/jetty-server-9.2.22.v20170606.jar:/home/bedanglot/.m2/repository/javax/servlet/javax.servlet-api/3.1.0/javax.servlet-api-3.1.0.jar:/home/bedanglot/.m2/repository/org/eclipse/jetty/jetty-http/9.2.22.v20170606/jetty-http-9.2.22.v20170606.jar:/home/bedanglot/.m2/repository/org/eclipse/jetty/jetty-util/9.2.22.v20170606/jetty-util-9.2.22.v20170606.jar:/home/bedanglot/.m2/repository/org/eclipse/jetty/jetty-io/9.2.22.v20170606/jetty-io-9.2.22.v20170606.jar:/home/bedanglot/.m2/repository/org/eclipse/jetty/jetty-servlet/9.2.22.v20170606/jetty-servlet-9.2.22.v20170606.jar:/home/bedanglot/.m2/repository/org/eclipse/jetty/jetty-security/9.2.22.v20170606/jetty-security-9.2.22.v20170606.jar:/tmp/dspot-experiments/dataset/april-2019/jsoup_parent/target/classes/:/tmp/dspot-experiments/dataset/april-2019/jsoup_parent/target/test-classes/:/tmp/dspot-experiments/dataset/april-2019/jsoup_parent/target/dspot/dependencies/: -d /tmp/dspot-experiments/dataset/april-2019/jsoup_parent/target/test-classes -1.8 -preserveAllLocals -noExit -enableJavadoc -proc:none /tmp/dspot-experiments/dataset/april-2019/jsoup_parent/target/dspot/tmp_test_sources/org/jsoup/nodes/DocumentTest.java
[INFO] Run: java -classpath /tmp/dspot-experiments/dataset/april-2019/jsoup_parent/target/classes/:/tmp/dspot-experiments/dataset/april-2019/jsoup_parent/target/test-classes:/home/bedanglot/.m2/repository/junit/junit/4.12/junit-4.12.jar:/home/bedanglot/.m2/repository/org/hamcrest/hamcrest-core/1.3/hamcrest-core-1.3.jar:/home/bedanglot/.m2/repository/com/google/code/gson/gson/2.7/gson-2.7.jar:/home/bedanglot/.m2/repository/org/eclipse/jetty/jetty-server/9.2.22.v20170606/jetty-server-9.2.22.v20170606.jar:/home/bedanglot/.m2/repository/javax/servlet/javax.servlet-api/3.1.0/javax.servlet-api-3.1.0.jar:/home/bedanglot/.m2/repository/org/eclipse/jetty/jetty-http/9.2.22.v20170606/jetty-http-9.2.22.v20170606.jar:/home/bedanglot/.m2/repository/org/eclipse/jetty/jetty-util/9.2.22.v20170606/jetty-util-9.2.22.v20170606.jar:/home/bedanglot/.m2/repository/org/eclipse/jetty/jetty-io/9.2.22.v20170606/jetty-io-9.2.22.v20170606.jar:/home/bedanglot/.m2/repository/org/eclipse/jetty/jetty-servlet/9.2.22.v20170606/jetty-servlet-9.2.22.v20170606.jar:/home/bedanglot/.m2/repository/org/eclipse/jetty/jetty-security/9.2.22.v20170606/jetty-security-9.2.22.v20170606.jar:/tmp/dspot-experiments/dataset/april-2019/jsoup_parent/target/dspot/dependencies/:/home/bedanglot/.m2/repository/eu/stamp-project/test-runner/2.0.7/test-runner-2.0.7-jar-with-dependencies.jar eu.stamp_project.testrunner.runner.JUnit4Runner --class org.jsoup.nodes.DocumentTest --tests testLocation:testShiftJisRoundtrip 
Parsing --class org.jsoup.nodes.DocumentTest --tests testLocation:testShiftJisRoundtrip
File saved to the following path: /tmp/dspot-experiments/dataset/april-2019/jsoup_parent/target/dspot/TestResult.ser
Loading /tmp/dspot-experiments/dataset/april-2019/jsoup_parent/target/dspot/TestResult.ser
[INFO] Test has been run: testLocation,testShiftJisRoundtrip
[INFO] Assertion amplification: 2 test method(s) has been successfully amplified.
[WARN] 2019-05-07 17:57:52 Launcher - You specified the directory /tmp/dspot-experiments/dataset/april-2019/jsoup/target/classes in source classpath, please note that only class files will be considered. Jars and subdirectories will be ignored.
[WARN] 2019-05-07 17:57:52 Launcher - You specified the directory /tmp/dspot-experiments/dataset/april-2019/jsoup/target/test-classes in source classpath, please note that only class files will be considered. Jars and subdirectories will be ignored.
[WARN] 2019-05-07 17:57:52 Launcher - You specified the directory /tmp/dspot-experiments/dataset/april-2019/jsoup/target/dspot/dependencies in source classpath, please note that only class files will be considered. Jars and subdirectories will be ignored.
[INFO] Run: java -classpath /tmp/dspot-experiments/dataset/april-2019/jsoup/target/classes/:/tmp/dspot-experiments/dataset/april-2019/jsoup/target/test-classes/:/home/bedanglot/.m2/repository/junit/junit/4.12/junit-4.12.jar:/home/bedanglot/.m2/repository/org/hamcrest/hamcrest-core/1.3/hamcrest-core-1.3.jar:/home/bedanglot/.m2/repository/com/google/code/gson/gson/2.7/gson-2.7.jar:/home/bedanglot/.m2/repository/org/eclipse/jetty/jetty-server/9.2.22.v20170606/jetty-server-9.2.22.v20170606.jar:/home/bedanglot/.m2/repository/javax/servlet/javax.servlet-api/3.1.0/javax.servlet-api-3.1.0.jar:/home/bedanglot/.m2/repository/org/eclipse/jetty/jetty-http/9.2.22.v20170606/jetty-http-9.2.22.v20170606.jar:/home/bedanglot/.m2/repository/org/eclipse/jetty/jetty-util/9.2.22.v20170606/jetty-util-9.2.22.v20170606.jar:/home/bedanglot/.m2/repository/org/eclipse/jetty/jetty-io/9.2.22.v20170606/jetty-io-9.2.22.v20170606.jar:/home/bedanglot/.m2/repository/org/eclipse/jetty/jetty-servlet/9.2.22.v20170606/jetty-servlet-9.2.22.v20170606.jar:/home/bedanglot/.m2/repository/org/eclipse/jetty/jetty-security/9.2.22.v20170606/jetty-security-9.2.22.v20170606.jar:/tmp/dspot-experiments/dataset/april-2019/jsoup/target/dspot/dependencies/:/home/bedanglot/.m2/repository/eu/stamp-project/test-runner/2.0.7/test-runner-2.0.7-jar-with-dependencies.jar eu.stamp_project.testrunner.runner.JUnit4Runner --class org.jsoup.nodes.DocumentTest --tests testLocation:testShiftJisRoundtrip 
Parsing --class org.jsoup.nodes.DocumentTest --tests testLocation:testShiftJisRoundtrip
File saved to the following path: /tmp/dspot-experiments/dataset/april-2019/jsoup_parent/target/dspot/TestResult.ser
Loading /tmp/dspot-experiments/dataset/april-2019/jsoup_parent/target/dspot/TestResult.ser
[INFO] Test has been run: testLocation,testShiftJisRoundtrip
[INFO] 0 amplified test methods has been selected to be kept. (global: 0)
[INFO] elapsedTime 9169
[WARNING] DSpot could not obtain any amplified test method.
[WARNING] You can customize the following options: --amplifiers, --test-criterion, --iteration, --budgetizer etc, and retry with a new configuration.
[INFO] Amplification of org.jsoup.helper.W3CDomTest (3 test(s))
[INFO] Assertion amplification of org.jsoup.helper.W3CDomTest (3 test(s))
[INFO] Using /tmp/dspot-experiments/dataset/april-2019/jsoup/pom.xml to run maven.
[INFO] Using /usr/share/maven/ for maven home
[INFO] run maven: /usr/share/maven//bin/mvn clean test -DskipTests
[WARN] Maven will be executed in interactive mode, but no input stream has been configured for this MavenInvoker instance.
[INFO] Scanning for projects...
[INFO]                                                                         
[INFO] ------------------------------------------------------------------------
[INFO] Building jsoup Java HTML Parser 1.11.3-SNAPSHOT
[INFO] ------------------------------------------------------------------------
[INFO] 
[INFO] --- maven-clean-plugin:2.5:clean (default-clean) @ jsoup ---
[INFO] Deleting /tmp/dspot-experiments/dataset/april-2019/jsoup/target
[INFO] 
[INFO] --- maven-resources-plugin:3.0.1:resources (default-resources) @ jsoup ---
[INFO] Using 'UTF-8' encoding to copy filtered resources.
[INFO] Copying 0 resource
[INFO] Copying 3 resources to META-INF/
[INFO] 
[INFO] --- maven-compiler-plugin:3.5.1:compile (default-compile) @ jsoup ---
[INFO] Changes detected - recompiling the module!
[INFO] Compiling 67 source files to /tmp/dspot-experiments/dataset/april-2019/jsoup/target/classes
[INFO] /tmp/dspot-experiments/dataset/april-2019/jsoup/src/main/java/org/jsoup/nodes/Attributes.java: Some input files use or override a deprecated API.
[INFO] /tmp/dspot-experiments/dataset/april-2019/jsoup/src/main/java/org/jsoup/nodes/Attributes.java: Recompile with -Xlint:deprecation for details.
[INFO] 
[INFO] --- animal-sniffer-maven-plugin:1.16:check (animal-sniffer) @ jsoup ---
[INFO] Checking unresolved references to net.sf.androidscents.signature:android-api-level-8:2.2_r3
[INFO] 
[INFO] >>> maven-bundle-plugin:2.5.4:manifest (bundle-manifest) > process-classes @ jsoup >>>
[INFO] 
[INFO] --- maven-resources-plugin:3.0.1:resources (default-resources) @ jsoup ---
[INFO] Using 'UTF-8' encoding to copy filtered resources.
[INFO] Copying 0 resource
[INFO] Copying 3 resources to META-INF/
[INFO] 
[INFO] --- maven-compiler-plugin:3.5.1:compile (default-compile) @ jsoup ---
[INFO] Changes detected - recompiling the module!
[INFO] Compiling 67 source files to /tmp/dspot-experiments/dataset/april-2019/jsoup/target/classes
[INFO] /tmp/dspot-experiments/dataset/april-2019/jsoup/src/main/java/org/jsoup/nodes/Attributes.java: Some input files use or override a deprecated API.
[INFO] /tmp/dspot-experiments/dataset/april-2019/jsoup/src/main/java/org/jsoup/nodes/Attributes.java: Recompile with -Xlint:deprecation for details.
[INFO] 
[INFO] --- animal-sniffer-maven-plugin:1.16:check (animal-sniffer) @ jsoup ---
[INFO] Checking unresolved references to net.sf.androidscents.signature:android-api-level-8:2.2_r3
[INFO] 
[INFO] <<< maven-bundle-plugin:2.5.4:manifest (bundle-manifest) < process-classes @ jsoup <<<
[INFO] 
[INFO] --- maven-bundle-plugin:2.5.4:manifest (bundle-manifest) @ jsoup ---
[INFO] 
[INFO] --- maven-resources-plugin:3.0.1:testResources (default-testResources) @ jsoup ---
[INFO] Using 'UTF-8' encoding to copy filtered resources.
[INFO] Copying 23 resources
[INFO] 
[INFO] --- maven-compiler-plugin:3.5.1:testCompile (default-testCompile) @ jsoup ---
[INFO] Changes detected - recompiling the module!
[INFO] Compiling 45 source files to /tmp/dspot-experiments/dataset/april-2019/jsoup/target/test-classes
[INFO] /tmp/dspot-experiments/dataset/april-2019/jsoup/src/test/java/org/jsoup/parser/AttributeParseTest.java: Some input files use or override a deprecated API.
[INFO] /tmp/dspot-experiments/dataset/april-2019/jsoup/src/test/java/org/jsoup/parser/AttributeParseTest.java: Recompile with -Xlint:deprecation for details.
[INFO] 
[INFO] --- maven-surefire-plugin:2.17:test (default-test) @ jsoup ---
[INFO] Tests are skipped.
[INFO] ------------------------------------------------------------------------
[INFO] BUILD SUCCESS
[INFO] ------------------------------------------------------------------------
[INFO] Total time: 4.732 s
[INFO] Finished at: 2019-05-07T17:57:59+02:00
[INFO] Final Memory: 28M/1963M
[INFO] ------------------------------------------------------------------------
[INFO] Compiling with -proceedOnError -encoding UTF-8 -cp /tmp/dspot-experiments/dataset/april-2019/jsoup_parent/target/dspot/tmp_test_sources:/home/bedanglot/.m2/repository/junit/junit/4.12/junit-4.12.jar:/home/bedanglot/.m2/repository/org/hamcrest/hamcrest-core/1.3/hamcrest-core-1.3.jar:/home/bedanglot/.m2/repository/com/google/code/gson/gson/2.7/gson-2.7.jar:/home/bedanglot/.m2/repository/org/eclipse/jetty/jetty-server/9.2.22.v20170606/jetty-server-9.2.22.v20170606.jar:/home/bedanglot/.m2/repository/javax/servlet/javax.servlet-api/3.1.0/javax.servlet-api-3.1.0.jar:/home/bedanglot/.m2/repository/org/eclipse/jetty/jetty-http/9.2.22.v20170606/jetty-http-9.2.22.v20170606.jar:/home/bedanglot/.m2/repository/org/eclipse/jetty/jetty-util/9.2.22.v20170606/jetty-util-9.2.22.v20170606.jar:/home/bedanglot/.m2/repository/org/eclipse/jetty/jetty-io/9.2.22.v20170606/jetty-io-9.2.22.v20170606.jar:/home/bedanglot/.m2/repository/org/eclipse/jetty/jetty-servlet/9.2.22.v20170606/jetty-servlet-9.2.22.v20170606.jar:/home/bedanglot/.m2/repository/org/eclipse/jetty/jetty-security/9.2.22.v20170606/jetty-security-9.2.22.v20170606.jar:/tmp/dspot-experiments/dataset/april-2019/jsoup_parent/target/classes/:/tmp/dspot-experiments/dataset/april-2019/jsoup_parent/target/test-classes/:/tmp/dspot-experiments/dataset/april-2019/jsoup_parent/target/dspot/dependencies/: -d /tmp/dspot-experiments/dataset/april-2019/jsoup_parent/target/test-classes -1.8 -preserveAllLocals -noExit -enableJavadoc -proc:none /tmp/dspot-experiments/dataset/april-2019/jsoup_parent/target/dspot/tmp_test_sources/org/jsoup/helper/W3CDomTest.java
[INFO] Run: java -classpath /tmp/dspot-experiments/dataset/april-2019/jsoup_parent/target/classes/:/tmp/dspot-experiments/dataset/april-2019/jsoup_parent/target/test-classes:/home/bedanglot/.m2/repository/junit/junit/4.12/junit-4.12.jar:/home/bedanglot/.m2/repository/org/hamcrest/hamcrest-core/1.3/hamcrest-core-1.3.jar:/home/bedanglot/.m2/repository/com/google/code/gson/gson/2.7/gson-2.7.jar:/home/bedanglot/.m2/repository/org/eclipse/jetty/jetty-server/9.2.22.v20170606/jetty-server-9.2.22.v20170606.jar:/home/bedanglot/.m2/repository/javax/servlet/javax.servlet-api/3.1.0/javax.servlet-api-3.1.0.jar:/home/bedanglot/.m2/repository/org/eclipse/jetty/jetty-http/9.2.22.v20170606/jetty-http-9.2.22.v20170606.jar:/home/bedanglot/.m2/repository/org/eclipse/jetty/jetty-util/9.2.22.v20170606/jetty-util-9.2.22.v20170606.jar:/home/bedanglot/.m2/repository/org/eclipse/jetty/jetty-io/9.2.22.v20170606/jetty-io-9.2.22.v20170606.jar:/home/bedanglot/.m2/repository/org/eclipse/jetty/jetty-servlet/9.2.22.v20170606/jetty-servlet-9.2.22.v20170606.jar:/home/bedanglot/.m2/repository/org/eclipse/jetty/jetty-security/9.2.22.v20170606/jetty-security-9.2.22.v20170606.jar:/tmp/dspot-experiments/dataset/april-2019/jsoup_parent/target/dspot/dependencies/:/home/bedanglot/.m2/repository/eu/stamp-project/test-runner/2.0.7/test-runner-2.0.7-jar-with-dependencies.jar eu.stamp_project.testrunner.runner.JUnit4Runner --class org.jsoup.helper.W3CDomTest --tests convertsGoogleLocation:convertsGoogle:namespacePreservation 
Parsing --class org.jsoup.helper.W3CDomTest --tests convertsGoogleLocation:convertsGoogle:namespacePreservation
File saved to the following path: /tmp/dspot-experiments/dataset/april-2019/jsoup_parent/target/dspot/TestResult.ser
Loading /tmp/dspot-experiments/dataset/april-2019/jsoup_parent/target/dspot/TestResult.ser
[INFO] Test has been run: namespacePreservation,convertsGoogleLocation,convertsGoogle
[INFO] Run tests. (3)
[INFO] Compiling with -proceedOnError -encoding UTF-8 -cp /tmp/dspot-experiments/dataset/april-2019/jsoup_parent/target/dspot/tmp_test_sources:/home/bedanglot/.m2/repository/junit/junit/4.12/junit-4.12.jar:/home/bedanglot/.m2/repository/org/hamcrest/hamcrest-core/1.3/hamcrest-core-1.3.jar:/home/bedanglot/.m2/repository/com/google/code/gson/gson/2.7/gson-2.7.jar:/home/bedanglot/.m2/repository/org/eclipse/jetty/jetty-server/9.2.22.v20170606/jetty-server-9.2.22.v20170606.jar:/home/bedanglot/.m2/repository/javax/servlet/javax.servlet-api/3.1.0/javax.servlet-api-3.1.0.jar:/home/bedanglot/.m2/repository/org/eclipse/jetty/jetty-http/9.2.22.v20170606/jetty-http-9.2.22.v20170606.jar:/home/bedanglot/.m2/repository/org/eclipse/jetty/jetty-util/9.2.22.v20170606/jetty-util-9.2.22.v20170606.jar:/home/bedanglot/.m2/repository/org/eclipse/jetty/jetty-io/9.2.22.v20170606/jetty-io-9.2.22.v20170606.jar:/home/bedanglot/.m2/repository/org/eclipse/jetty/jetty-servlet/9.2.22.v20170606/jetty-servlet-9.2.22.v20170606.jar:/home/bedanglot/.m2/repository/org/eclipse/jetty/jetty-security/9.2.22.v20170606/jetty-security-9.2.22.v20170606.jar:/tmp/dspot-experiments/dataset/april-2019/jsoup_parent/target/classes/:/tmp/dspot-experiments/dataset/april-2019/jsoup_parent/target/test-classes/:/tmp/dspot-experiments/dataset/april-2019/jsoup_parent/target/dspot/dependencies/: -d /tmp/dspot-experiments/dataset/april-2019/jsoup_parent/target/test-classes -1.8 -preserveAllLocals -noExit -enableJavadoc -proc:none /tmp/dspot-experiments/dataset/april-2019/jsoup_parent/target/dspot/tmp_test_sources/org/jsoup/helper/W3CDomTest.java
[INFO] Run: java -classpath /tmp/dspot-experiments/dataset/april-2019/jsoup_parent/target/classes/:/tmp/dspot-experiments/dataset/april-2019/jsoup_parent/target/test-classes:/home/bedanglot/.m2/repository/junit/junit/4.12/junit-4.12.jar:/home/bedanglot/.m2/repository/org/hamcrest/hamcrest-core/1.3/hamcrest-core-1.3.jar:/home/bedanglot/.m2/repository/com/google/code/gson/gson/2.7/gson-2.7.jar:/home/bedanglot/.m2/repository/org/eclipse/jetty/jetty-server/9.2.22.v20170606/jetty-server-9.2.22.v20170606.jar:/home/bedanglot/.m2/repository/javax/servlet/javax.servlet-api/3.1.0/javax.servlet-api-3.1.0.jar:/home/bedanglot/.m2/repository/org/eclipse/jetty/jetty-http/9.2.22.v20170606/jetty-http-9.2.22.v20170606.jar:/home/bedanglot/.m2/repository/org/eclipse/jetty/jetty-util/9.2.22.v20170606/jetty-util-9.2.22.v20170606.jar:/home/bedanglot/.m2/repository/org/eclipse/jetty/jetty-io/9.2.22.v20170606/jetty-io-9.2.22.v20170606.jar:/home/bedanglot/.m2/repository/org/eclipse/jetty/jetty-servlet/9.2.22.v20170606/jetty-servlet-9.2.22.v20170606.jar:/home/bedanglot/.m2/repository/org/eclipse/jetty/jetty-security/9.2.22.v20170606/jetty-security-9.2.22.v20170606.jar:/tmp/dspot-experiments/dataset/april-2019/jsoup_parent/target/dspot/dependencies/:/home/bedanglot/.m2/repository/eu/stamp-project/test-runner/2.0.7/test-runner-2.0.7-jar-with-dependencies.jar eu.stamp_project.testrunner.runner.JUnit4Runner --class org.jsoup.helper.W3CDomTest --tests convertsGoogleLocation:convertsGoogle:namespacePreservation 
Parsing --class org.jsoup.helper.W3CDomTest --tests convertsGoogleLocation:convertsGoogle:namespacePreservation
File saved to the following path: /tmp/dspot-experiments/dataset/april-2019/jsoup_parent/target/dspot/TestResult.ser
Loading /tmp/dspot-experiments/dataset/april-2019/jsoup_parent/target/dspot/TestResult.ser
[INFO] Test has been run: namespacePreservation,convertsGoogleLocation,convertsGoogle
[INFO] 3 test pass, generating assertion...
[INFO] Add observations points in passing tests.
[INFO] Instrumentation...
 33% |================ ]/ 66% |================================= ]-100% |================================================== ]\
[INFO] Run instrumented tests. (9)
[INFO] Compiling with -proceedOnError -encoding UTF-8 -cp /tmp/dspot-experiments/dataset/april-2019/jsoup_parent/target/dspot/tmp_test_sources:/home/bedanglot/.m2/repository/junit/junit/4.12/junit-4.12.jar:/home/bedanglot/.m2/repository/org/hamcrest/hamcrest-core/1.3/hamcrest-core-1.3.jar:/home/bedanglot/.m2/repository/com/google/code/gson/gson/2.7/gson-2.7.jar:/home/bedanglot/.m2/repository/org/eclipse/jetty/jetty-server/9.2.22.v20170606/jetty-server-9.2.22.v20170606.jar:/home/bedanglot/.m2/repository/javax/servlet/javax.servlet-api/3.1.0/javax.servlet-api-3.1.0.jar:/home/bedanglot/.m2/repository/org/eclipse/jetty/jetty-http/9.2.22.v20170606/jetty-http-9.2.22.v20170606.jar:/home/bedanglot/.m2/repository/org/eclipse/jetty/jetty-util/9.2.22.v20170606/jetty-util-9.2.22.v20170606.jar:/home/bedanglot/.m2/repository/org/eclipse/jetty/jetty-io/9.2.22.v20170606/jetty-io-9.2.22.v20170606.jar:/home/bedanglot/.m2/repository/org/eclipse/jetty/jetty-servlet/9.2.22.v20170606/jetty-servlet-9.2.22.v20170606.jar:/home/bedanglot/.m2/repository/org/eclipse/jetty/jetty-security/9.2.22.v20170606/jetty-security-9.2.22.v20170606.jar:/tmp/dspot-experiments/dataset/april-2019/jsoup_parent/target/classes/:/tmp/dspot-experiments/dataset/april-2019/jsoup_parent/target/test-classes/:/tmp/dspot-experiments/dataset/april-2019/jsoup_parent/target/dspot/dependencies/: -d /tmp/dspot-experiments/dataset/april-2019/jsoup_parent/target/test-classes -1.8 -preserveAllLocals -noExit -enableJavadoc -proc:none /tmp/dspot-experiments/dataset/april-2019/jsoup_parent/target/dspot/tmp_test_sources/org/jsoup/helper/W3CDomTest.java
[INFO] Run: java -classpath /tmp/dspot-experiments/dataset/april-2019/jsoup_parent/target/classes/:/tmp/dspot-experiments/dataset/april-2019/jsoup_parent/target/test-classes:/home/bedanglot/.m2/repository/junit/junit/4.12/junit-4.12.jar:/home/bedanglot/.m2/repository/org/hamcrest/hamcrest-core/1.3/hamcrest-core-1.3.jar:/home/bedanglot/.m2/repository/com/google/code/gson/gson/2.7/gson-2.7.jar:/home/bedanglot/.m2/repository/org/eclipse/jetty/jetty-server/9.2.22.v20170606/jetty-server-9.2.22.v20170606.jar:/home/bedanglot/.m2/repository/javax/servlet/javax.servlet-api/3.1.0/javax.servlet-api-3.1.0.jar:/home/bedanglot/.m2/repository/org/eclipse/jetty/jetty-http/9.2.22.v20170606/jetty-http-9.2.22.v20170606.jar:/home/bedanglot/.m2/repository/org/eclipse/jetty/jetty-util/9.2.22.v20170606/jetty-util-9.2.22.v20170606.jar:/home/bedanglot/.m2/repository/org/eclipse/jetty/jetty-io/9.2.22.v20170606/jetty-io-9.2.22.v20170606.jar:/home/bedanglot/.m2/repository/org/eclipse/jetty/jetty-servlet/9.2.22.v20170606/jetty-servlet-9.2.22.v20170606.jar:/home/bedanglot/.m2/repository/org/eclipse/jetty/jetty-security/9.2.22.v20170606/jetty-security-9.2.22.v20170606.jar:/tmp/dspot-experiments/dataset/april-2019/jsoup_parent/target/dspot/dependencies/:/home/bedanglot/.m2/repository/eu/stamp-project/test-runner/2.0.7/test-runner-2.0.7-jar-with-dependencies.jar eu.stamp_project.testrunner.runner.JUnit4Runner --class org.jsoup.helper.W3CDomTest --tests convertsGoogleLocation_withlog0:convertsGoogle_withlog0:namespacePreservation_withlog0:convertsGoogleLocation_withlog1:convertsGoogle_withlog1:namespacePreservation_withlog1:convertsGoogleLocation_withlog2:convertsGoogle_withlog2:namespacePreservation_withlog2 
Parsing --class org.jsoup.helper.W3CDomTest --tests convertsGoogleLocation_withlog0:convertsGoogle_withlog0:namespacePreservation_withlog0:convertsGoogleLocation_withlog1:convertsGoogle_withlog1:namespacePreservation_withlog1:convertsGoogleLocation_withlog2:convertsGoogle_withlog2:namespacePreservation_withlog2
File saved to the following path: /tmp/dspot-experiments/dataset/april-2019/jsoup_parent/target/dspot/observations.ser
File saved to the following path: /tmp/dspot-experiments/dataset/april-2019/jsoup_parent/target/dspot/TestResult.ser
Loading /tmp/dspot-experiments/dataset/april-2019/jsoup_parent/target/dspot/TestResult.ser
[INFO] Test has been run: convertsGoogle_withlog0,convertsGoogle_withlog1,convertsGoogle_withlog2,convertsGoogleLocation_withlog0,convertsGoogleLocation_withlog1,convertsGoogleLocation_withlog2,namespacePreservation_withlog0,namespacePreservation_withlog1,namespacePreservation_withlog2
[INFO] Generating assertions...
[INFO] 2 new tests with assertions generated
[INFO] Compiling with -proceedOnError -encoding UTF-8 -cp /tmp/dspot-experiments/dataset/april-2019/jsoup_parent/target/dspot/tmp_test_sources:/home/bedanglot/.m2/repository/junit/junit/4.12/junit-4.12.jar:/home/bedanglot/.m2/repository/org/hamcrest/hamcrest-core/1.3/hamcrest-core-1.3.jar:/home/bedanglot/.m2/repository/com/google/code/gson/gson/2.7/gson-2.7.jar:/home/bedanglot/.m2/repository/org/eclipse/jetty/jetty-server/9.2.22.v20170606/jetty-server-9.2.22.v20170606.jar:/home/bedanglot/.m2/repository/javax/servlet/javax.servlet-api/3.1.0/javax.servlet-api-3.1.0.jar:/home/bedanglot/.m2/repository/org/eclipse/jetty/jetty-http/9.2.22.v20170606/jetty-http-9.2.22.v20170606.jar:/home/bedanglot/.m2/repository/org/eclipse/jetty/jetty-util/9.2.22.v20170606/jetty-util-9.2.22.v20170606.jar:/home/bedanglot/.m2/repository/org/eclipse/jetty/jetty-io/9.2.22.v20170606/jetty-io-9.2.22.v20170606.jar:/home/bedanglot/.m2/repository/org/eclipse/jetty/jetty-servlet/9.2.22.v20170606/jetty-servlet-9.2.22.v20170606.jar:/home/bedanglot/.m2/repository/org/eclipse/jetty/jetty-security/9.2.22.v20170606/jetty-security-9.2.22.v20170606.jar:/tmp/dspot-experiments/dataset/april-2019/jsoup_parent/target/classes/:/tmp/dspot-experiments/dataset/april-2019/jsoup_parent/target/test-classes/:/tmp/dspot-experiments/dataset/april-2019/jsoup_parent/target/dspot/dependencies/: -d /tmp/dspot-experiments/dataset/april-2019/jsoup_parent/target/test-classes -1.8 -preserveAllLocals -noExit -enableJavadoc -proc:none /tmp/dspot-experiments/dataset/april-2019/jsoup_parent/target/dspot/tmp_test_sources/org/jsoup/helper/W3CDomTest.java
[INFO] Run: java -classpath /tmp/dspot-experiments/dataset/april-2019/jsoup_parent/target/classes/:/tmp/dspot-experiments/dataset/april-2019/jsoup_parent/target/test-classes:/home/bedanglot/.m2/repository/junit/junit/4.12/junit-4.12.jar:/home/bedanglot/.m2/repository/org/hamcrest/hamcrest-core/1.3/hamcrest-core-1.3.jar:/home/bedanglot/.m2/repository/com/google/code/gson/gson/2.7/gson-2.7.jar:/home/bedanglot/.m2/repository/org/eclipse/jetty/jetty-server/9.2.22.v20170606/jetty-server-9.2.22.v20170606.jar:/home/bedanglot/.m2/repository/javax/servlet/javax.servlet-api/3.1.0/javax.servlet-api-3.1.0.jar:/home/bedanglot/.m2/repository/org/eclipse/jetty/jetty-http/9.2.22.v20170606/jetty-http-9.2.22.v20170606.jar:/home/bedanglot/.m2/repository/org/eclipse/jetty/jetty-util/9.2.22.v20170606/jetty-util-9.2.22.v20170606.jar:/home/bedanglot/.m2/repository/org/eclipse/jetty/jetty-io/9.2.22.v20170606/jetty-io-9.2.22.v20170606.jar:/home/bedanglot/.m2/repository/org/eclipse/jetty/jetty-servlet/9.2.22.v20170606/jetty-servlet-9.2.22.v20170606.jar:/home/bedanglot/.m2/repository/org/eclipse/jetty/jetty-security/9.2.22.v20170606/jetty-security-9.2.22.v20170606.jar:/tmp/dspot-experiments/dataset/april-2019/jsoup_parent/target/dspot/dependencies/:/home/bedanglot/.m2/repository/eu/stamp-project/test-runner/2.0.7/test-runner-2.0.7-jar-with-dependencies.jar eu.stamp_project.testrunner.runner.JUnit4Runner --class org.jsoup.helper.W3CDomTest --tests convertsGoogleLocation:convertsGoogle 
Parsing --class org.jsoup.helper.W3CDomTest --tests convertsGoogleLocation:convertsGoogle
File saved to the following path: /tmp/dspot-experiments/dataset/april-2019/jsoup_parent/target/dspot/TestResult.ser
Loading /tmp/dspot-experiments/dataset/april-2019/jsoup_parent/target/dspot/TestResult.ser
[INFO] Test has been run: convertsGoogleLocation,convertsGoogle
[INFO] Assertion amplification: 2 test method(s) has been successfully amplified.
[WARN] 2019-05-07 17:58:01 Launcher - You specified the directory /tmp/dspot-experiments/dataset/april-2019/jsoup/target/classes in source classpath, please note that only class files will be considered. Jars and subdirectories will be ignored.
[WARN] 2019-05-07 17:58:01 Launcher - You specified the directory /tmp/dspot-experiments/dataset/april-2019/jsoup/target/test-classes in source classpath, please note that only class files will be considered. Jars and subdirectories will be ignored.
[WARN] 2019-05-07 17:58:01 Launcher - You specified the directory /tmp/dspot-experiments/dataset/april-2019/jsoup/target/dspot/dependencies in source classpath, please note that only class files will be considered. Jars and subdirectories will be ignored.
[INFO] Run: java -classpath /tmp/dspot-experiments/dataset/april-2019/jsoup/target/classes/:/tmp/dspot-experiments/dataset/april-2019/jsoup/target/test-classes/:/home/bedanglot/.m2/repository/junit/junit/4.12/junit-4.12.jar:/home/bedanglot/.m2/repository/org/hamcrest/hamcrest-core/1.3/hamcrest-core-1.3.jar:/home/bedanglot/.m2/repository/com/google/code/gson/gson/2.7/gson-2.7.jar:/home/bedanglot/.m2/repository/org/eclipse/jetty/jetty-server/9.2.22.v20170606/jetty-server-9.2.22.v20170606.jar:/home/bedanglot/.m2/repository/javax/servlet/javax.servlet-api/3.1.0/javax.servlet-api-3.1.0.jar:/home/bedanglot/.m2/repository/org/eclipse/jetty/jetty-http/9.2.22.v20170606/jetty-http-9.2.22.v20170606.jar:/home/bedanglot/.m2/repository/org/eclipse/jetty/jetty-util/9.2.22.v20170606/jetty-util-9.2.22.v20170606.jar:/home/bedanglot/.m2/repository/org/eclipse/jetty/jetty-io/9.2.22.v20170606/jetty-io-9.2.22.v20170606.jar:/home/bedanglot/.m2/repository/org/eclipse/jetty/jetty-servlet/9.2.22.v20170606/jetty-servlet-9.2.22.v20170606.jar:/home/bedanglot/.m2/repository/org/eclipse/jetty/jetty-security/9.2.22.v20170606/jetty-security-9.2.22.v20170606.jar:/tmp/dspot-experiments/dataset/april-2019/jsoup/target/dspot/dependencies/:/home/bedanglot/.m2/repository/eu/stamp-project/test-runner/2.0.7/test-runner-2.0.7-jar-with-dependencies.jar eu.stamp_project.testrunner.runner.JUnit4Runner --class org.jsoup.helper.W3CDomTest --tests convertsGoogleLocation:convertsGoogle 
Parsing --class org.jsoup.helper.W3CDomTest --tests convertsGoogleLocation:convertsGoogle
File saved to the following path: /tmp/dspot-experiments/dataset/april-2019/jsoup_parent/target/dspot/TestResult.ser
Loading /tmp/dspot-experiments/dataset/april-2019/jsoup_parent/target/dspot/TestResult.ser
[INFO] Test has been run: convertsGoogleLocation,convertsGoogle
[INFO] 0 amplified test methods has been selected to be kept. (global: 0)
[INFO] elapsedTime 8815
[WARNING] DSpot could not obtain any amplified test method.
[WARNING] You can customize the following options: --amplifiers, --test-criterion, --iteration, --budgetizer etc, and retry with a new configuration.
[INFO] Amplification of org.jsoup.helper.DataUtilTest (6 test(s))
[INFO] Assertion amplification of org.jsoup.helper.DataUtilTest (6 test(s))
[INFO] Using /tmp/dspot-experiments/dataset/april-2019/jsoup/pom.xml to run maven.
[INFO] Using /usr/share/maven/ for maven home
[INFO] run maven: /usr/share/maven//bin/mvn clean test -DskipTests
[WARN] Maven will be executed in interactive mode, but no input stream has been configured for this MavenInvoker instance.
[INFO] Scanning for projects...
[INFO]                                                                         
[INFO] ------------------------------------------------------------------------
[INFO] Building jsoup Java HTML Parser 1.11.3-SNAPSHOT
[INFO] ------------------------------------------------------------------------
[INFO] 
[INFO] --- maven-clean-plugin:2.5:clean (default-clean) @ jsoup ---
[INFO] Deleting /tmp/dspot-experiments/dataset/april-2019/jsoup/target
[INFO] 
[INFO] --- maven-resources-plugin:3.0.1:resources (default-resources) @ jsoup ---
[INFO] Using 'UTF-8' encoding to copy filtered resources.
[INFO] Copying 0 resource
[INFO] Copying 3 resources to META-INF/
[INFO] 
[INFO] --- maven-compiler-plugin:3.5.1:compile (default-compile) @ jsoup ---
[INFO] Changes detected - recompiling the module!
[INFO] Compiling 67 source files to /tmp/dspot-experiments/dataset/april-2019/jsoup/target/classes
[INFO] /tmp/dspot-experiments/dataset/april-2019/jsoup/src/main/java/org/jsoup/nodes/Attributes.java: Some input files use or override a deprecated API.
[INFO] /tmp/dspot-experiments/dataset/april-2019/jsoup/src/main/java/org/jsoup/nodes/Attributes.java: Recompile with -Xlint:deprecation for details.
[INFO] 
[INFO] --- animal-sniffer-maven-plugin:1.16:check (animal-sniffer) @ jsoup ---
[INFO] Checking unresolved references to net.sf.androidscents.signature:android-api-level-8:2.2_r3
[INFO] 
[INFO] >>> maven-bundle-plugin:2.5.4:manifest (bundle-manifest) > process-classes @ jsoup >>>
[INFO] 
[INFO] --- maven-resources-plugin:3.0.1:resources (default-resources) @ jsoup ---
[INFO] Using 'UTF-8' encoding to copy filtered resources.
[INFO] Copying 0 resource
[INFO] Copying 3 resources to META-INF/
[INFO] 
[INFO] --- maven-compiler-plugin:3.5.1:compile (default-compile) @ jsoup ---
[INFO] Changes detected - recompiling the module!
[INFO] Compiling 67 source files to /tmp/dspot-experiments/dataset/april-2019/jsoup/target/classes
[INFO] /tmp/dspot-experiments/dataset/april-2019/jsoup/src/main/java/org/jsoup/nodes/Attributes.java: Some input files use or override a deprecated API.
[INFO] /tmp/dspot-experiments/dataset/april-2019/jsoup/src/main/java/org/jsoup/nodes/Attributes.java: Recompile with -Xlint:deprecation for details.
[INFO] 
[INFO] --- animal-sniffer-maven-plugin:1.16:check (animal-sniffer) @ jsoup ---
[INFO] Checking unresolved references to net.sf.androidscents.signature:android-api-level-8:2.2_r3
[INFO] 
[INFO] <<< maven-bundle-plugin:2.5.4:manifest (bundle-manifest) < process-classes @ jsoup <<<
[INFO] 
[INFO] --- maven-bundle-plugin:2.5.4:manifest (bundle-manifest) @ jsoup ---
[INFO] 
[INFO] --- maven-resources-plugin:3.0.1:testResources (default-testResources) @ jsoup ---
[INFO] Using 'UTF-8' encoding to copy filtered resources.
[INFO] Copying 23 resources
[INFO] 
[INFO] --- maven-compiler-plugin:3.5.1:testCompile (default-testCompile) @ jsoup ---
[INFO] Changes detected - recompiling the module!
[INFO] Compiling 45 source files to /tmp/dspot-experiments/dataset/april-2019/jsoup/target/test-classes
[INFO] /tmp/dspot-experiments/dataset/april-2019/jsoup/src/test/java/org/jsoup/parser/AttributeParseTest.java: Some input files use or override a deprecated API.
[INFO] /tmp/dspot-experiments/dataset/april-2019/jsoup/src/test/java/org/jsoup/parser/AttributeParseTest.java: Recompile with -Xlint:deprecation for details.
[INFO] 
[INFO] --- maven-surefire-plugin:2.17:test (default-test) @ jsoup ---
[INFO] Tests are skipped.
[INFO] ------------------------------------------------------------------------
[INFO] BUILD SUCCESS
[INFO] ------------------------------------------------------------------------
[INFO] Total time: 4.785 s
[INFO] Finished at: 2019-05-07T17:58:08+02:00
[INFO] Final Memory: 37M/2131M
[INFO] ------------------------------------------------------------------------
[INFO] Compiling with -proceedOnError -encoding UTF-8 -cp /tmp/dspot-experiments/dataset/april-2019/jsoup_parent/target/dspot/tmp_test_sources:/home/bedanglot/.m2/repository/junit/junit/4.12/junit-4.12.jar:/home/bedanglot/.m2/repository/org/hamcrest/hamcrest-core/1.3/hamcrest-core-1.3.jar:/home/bedanglot/.m2/repository/com/google/code/gson/gson/2.7/gson-2.7.jar:/home/bedanglot/.m2/repository/org/eclipse/jetty/jetty-server/9.2.22.v20170606/jetty-server-9.2.22.v20170606.jar:/home/bedanglot/.m2/repository/javax/servlet/javax.servlet-api/3.1.0/javax.servlet-api-3.1.0.jar:/home/bedanglot/.m2/repository/org/eclipse/jetty/jetty-http/9.2.22.v20170606/jetty-http-9.2.22.v20170606.jar:/home/bedanglot/.m2/repository/org/eclipse/jetty/jetty-util/9.2.22.v20170606/jetty-util-9.2.22.v20170606.jar:/home/bedanglot/.m2/repository/org/eclipse/jetty/jetty-io/9.2.22.v20170606/jetty-io-9.2.22.v20170606.jar:/home/bedanglot/.m2/repository/org/eclipse/jetty/jetty-servlet/9.2.22.v20170606/jetty-servlet-9.2.22.v20170606.jar:/home/bedanglot/.m2/repository/org/eclipse/jetty/jetty-security/9.2.22.v20170606/jetty-security-9.2.22.v20170606.jar:/tmp/dspot-experiments/dataset/april-2019/jsoup_parent/target/classes/:/tmp/dspot-experiments/dataset/april-2019/jsoup_parent/target/test-classes/:/tmp/dspot-experiments/dataset/april-2019/jsoup_parent/target/dspot/dependencies/: -d /tmp/dspot-experiments/dataset/april-2019/jsoup_parent/target/test-classes -1.8 -preserveAllLocals -noExit -enableJavadoc -proc:none /tmp/dspot-experiments/dataset/april-2019/jsoup_parent/target/dspot/tmp_test_sources/org/jsoup/helper/DataUtilTest.java
[INFO] Run: java -classpath /tmp/dspot-experiments/dataset/april-2019/jsoup_parent/target/classes/:/tmp/dspot-experiments/dataset/april-2019/jsoup_parent/target/test-classes:/home/bedanglot/.m2/repository/junit/junit/4.12/junit-4.12.jar:/home/bedanglot/.m2/repository/org/hamcrest/hamcrest-core/1.3/hamcrest-core-1.3.jar:/home/bedanglot/.m2/repository/com/google/code/gson/gson/2.7/gson-2.7.jar:/home/bedanglot/.m2/repository/org/eclipse/jetty/jetty-server/9.2.22.v20170606/jetty-server-9.2.22.v20170606.jar:/home/bedanglot/.m2/repository/javax/servlet/javax.servlet-api/3.1.0/javax.servlet-api-3.1.0.jar:/home/bedanglot/.m2/repository/org/eclipse/jetty/jetty-http/9.2.22.v20170606/jetty-http-9.2.22.v20170606.jar:/home/bedanglot/.m2/repository/org/eclipse/jetty/jetty-util/9.2.22.v20170606/jetty-util-9.2.22.v20170606.jar:/home/bedanglot/.m2/repository/org/eclipse/jetty/jetty-io/9.2.22.v20170606/jetty-io-9.2.22.v20170606.jar:/home/bedanglot/.m2/repository/org/eclipse/jetty/jetty-servlet/9.2.22.v20170606/jetty-servlet-9.2.22.v20170606.jar:/home/bedanglot/.m2/repository/org/eclipse/jetty/jetty-security/9.2.22.v20170606/jetty-security-9.2.22.v20170606.jar:/tmp/dspot-experiments/dataset/april-2019/jsoup_parent/target/dspot/dependencies/:/home/bedanglot/.m2/repository/eu/stamp-project/test-runner/2.0.7/test-runner-2.0.7-jar-with-dependencies.jar eu.stamp_project.testrunner.runner.JUnit4Runner --class org.jsoup.helper.DataUtilTest --tests firstMetaElementWithCharsetShouldBeUsedForDecoding:supportsBOMinFiles:secondMetaElementWithContentTypeContainsCharsetParameter:discardsSpuriousByteOrderMark:wrongMetaCharsetFallback:discardsSpuriousByteOrderMarkWhenNoCharsetSet 
Parsing --class org.jsoup.helper.DataUtilTest --tests firstMetaElementWithCharsetShouldBeUsedForDecoding:supportsBOMinFiles:secondMetaElementWithContentTypeContainsCharsetParameter:discardsSpuriousByteOrderMark:wrongMetaCharsetFallback:discardsSpuriousByteOrderMarkWhenNoCharsetSet
File saved to the following path: /tmp/dspot-experiments/dataset/april-2019/jsoup_parent/target/dspot/TestResult.ser
Loading /tmp/dspot-experiments/dataset/april-2019/jsoup_parent/target/dspot/TestResult.ser
[INFO] Test has been run: firstMetaElementWithCharsetShouldBeUsedForDecoding,secondMetaElementWithContentTypeContainsCharsetParameter,discardsSpuriousByteOrderMarkWhenNoCharsetSet,discardsSpuriousByteOrderMark,supportsBOMinFiles,wrongMetaCharsetFallback
[INFO] Run tests. (6)
[INFO] Compiling with -proceedOnError -encoding UTF-8 -cp /tmp/dspot-experiments/dataset/april-2019/jsoup_parent/target/dspot/tmp_test_sources:/home/bedanglot/.m2/repository/junit/junit/4.12/junit-4.12.jar:/home/bedanglot/.m2/repository/org/hamcrest/hamcrest-core/1.3/hamcrest-core-1.3.jar:/home/bedanglot/.m2/repository/com/google/code/gson/gson/2.7/gson-2.7.jar:/home/bedanglot/.m2/repository/org/eclipse/jetty/jetty-server/9.2.22.v20170606/jetty-server-9.2.22.v20170606.jar:/home/bedanglot/.m2/repository/javax/servlet/javax.servlet-api/3.1.0/javax.servlet-api-3.1.0.jar:/home/bedanglot/.m2/repository/org/eclipse/jetty/jetty-http/9.2.22.v20170606/jetty-http-9.2.22.v20170606.jar:/home/bedanglot/.m2/repository/org/eclipse/jetty/jetty-util/9.2.22.v20170606/jetty-util-9.2.22.v20170606.jar:/home/bedanglot/.m2/repository/org/eclipse/jetty/jetty-io/9.2.22.v20170606/jetty-io-9.2.22.v20170606.jar:/home/bedanglot/.m2/repository/org/eclipse/jetty/jetty-servlet/9.2.22.v20170606/jetty-servlet-9.2.22.v20170606.jar:/home/bedanglot/.m2/repository/org/eclipse/jetty/jetty-security/9.2.22.v20170606/jetty-security-9.2.22.v20170606.jar:/tmp/dspot-experiments/dataset/april-2019/jsoup_parent/target/classes/:/tmp/dspot-experiments/dataset/april-2019/jsoup_parent/target/test-classes/:/tmp/dspot-experiments/dataset/april-2019/jsoup_parent/target/dspot/dependencies/: -d /tmp/dspot-experiments/dataset/april-2019/jsoup_parent/target/test-classes -1.8 -preserveAllLocals -noExit -enableJavadoc -proc:none /tmp/dspot-experiments/dataset/april-2019/jsoup_parent/target/dspot/tmp_test_sources/org/jsoup/helper/DataUtilTest.java
[ERROR] Error(s) during compilation:
[ERROR] Pb(50) doc cannot be resolved
[ERROR] Pb(50) doc cannot be resolved
[INFO] Compiling with -proceedOnError -encoding UTF-8 -cp /tmp/dspot-experiments/dataset/april-2019/jsoup_parent/target/dspot/tmp_test_sources:/home/bedanglot/.m2/repository/junit/junit/4.12/junit-4.12.jar:/home/bedanglot/.m2/repository/org/hamcrest/hamcrest-core/1.3/hamcrest-core-1.3.jar:/home/bedanglot/.m2/repository/com/google/code/gson/gson/2.7/gson-2.7.jar:/home/bedanglot/.m2/repository/org/eclipse/jetty/jetty-server/9.2.22.v20170606/jetty-server-9.2.22.v20170606.jar:/home/bedanglot/.m2/repository/javax/servlet/javax.servlet-api/3.1.0/javax.servlet-api-3.1.0.jar:/home/bedanglot/.m2/repository/org/eclipse/jetty/jetty-http/9.2.22.v20170606/jetty-http-9.2.22.v20170606.jar:/home/bedanglot/.m2/repository/org/eclipse/jetty/jetty-util/9.2.22.v20170606/jetty-util-9.2.22.v20170606.jar:/home/bedanglot/.m2/repository/org/eclipse/jetty/jetty-io/9.2.22.v20170606/jetty-io-9.2.22.v20170606.jar:/home/bedanglot/.m2/repository/org/eclipse/jetty/jetty-servlet/9.2.22.v20170606/jetty-servlet-9.2.22.v20170606.jar:/home/bedanglot/.m2/repository/org/eclipse/jetty/jetty-security/9.2.22.v20170606/jetty-security-9.2.22.v20170606.jar:/tmp/dspot-experiments/dataset/april-2019/jsoup_parent/target/classes/:/tmp/dspot-experiments/dataset/april-2019/jsoup_parent/target/test-classes/:/tmp/dspot-experiments/dataset/april-2019/jsoup_parent/target/dspot/dependencies/: -d /tmp/dspot-experiments/dataset/april-2019/jsoup_parent/target/test-classes -1.8 -preserveAllLocals -noExit -enableJavadoc -proc:none /tmp/dspot-experiments/dataset/april-2019/jsoup_parent/target/dspot/tmp_test_sources/org/jsoup/helper/DataUtilTest.java
[INFO] Run: java -classpath /tmp/dspot-experiments/dataset/april-2019/jsoup_parent/target/classes/:/tmp/dspot-experiments/dataset/april-2019/jsoup_parent/target/test-classes:/home/bedanglot/.m2/repository/junit/junit/4.12/junit-4.12.jar:/home/bedanglot/.m2/repository/org/hamcrest/hamcrest-core/1.3/hamcrest-core-1.3.jar:/home/bedanglot/.m2/repository/com/google/code/gson/gson/2.7/gson-2.7.jar:/home/bedanglot/.m2/repository/org/eclipse/jetty/jetty-server/9.2.22.v20170606/jetty-server-9.2.22.v20170606.jar:/home/bedanglot/.m2/repository/javax/servlet/javax.servlet-api/3.1.0/javax.servlet-api-3.1.0.jar:/home/bedanglot/.m2/repository/org/eclipse/jetty/jetty-http/9.2.22.v20170606/jetty-http-9.2.22.v20170606.jar:/home/bedanglot/.m2/repository/org/eclipse/jetty/jetty-util/9.2.22.v20170606/jetty-util-9.2.22.v20170606.jar:/home/bedanglot/.m2/repository/org/eclipse/jetty/jetty-io/9.2.22.v20170606/jetty-io-9.2.22.v20170606.jar:/home/bedanglot/.m2/repository/org/eclipse/jetty/jetty-servlet/9.2.22.v20170606/jetty-servlet-9.2.22.v20170606.jar:/home/bedanglot/.m2/repository/org/eclipse/jetty/jetty-security/9.2.22.v20170606/jetty-security-9.2.22.v20170606.jar:/tmp/dspot-experiments/dataset/april-2019/jsoup_parent/target/dspot/dependencies/:/home/bedanglot/.m2/repository/eu/stamp-project/test-runner/2.0.7/test-runner-2.0.7-jar-with-dependencies.jar eu.stamp_project.testrunner.runner.JUnit4Runner --class org.jsoup.helper.DataUtilTest --tests supportsBOMinFiles:discardsSpuriousByteOrderMark:wrongMetaCharsetFallback:discardsSpuriousByteOrderMarkWhenNoCharsetSet 
Parsing --class org.jsoup.helper.DataUtilTest --tests supportsBOMinFiles:discardsSpuriousByteOrderMark:wrongMetaCharsetFallback:discardsSpuriousByteOrderMarkWhenNoCharsetSet
File saved to the following path: /tmp/dspot-experiments/dataset/april-2019/jsoup_parent/target/dspot/TestResult.ser
Loading /tmp/dspot-experiments/dataset/april-2019/jsoup_parent/target/dspot/TestResult.ser
[INFO] Test has been run: discardsSpuriousByteOrderMarkWhenNoCharsetSet,discardsSpuriousByteOrderMark,supportsBOMinFiles,wrongMetaCharsetFallback
[INFO] 4 test pass, generating assertion...
[INFO] Add observations points in passing tests.
[INFO] Instrumentation...
 25% |============ ]/ 50% |========================= ]- 75% |===================================== ]\100% |================================================== ]|
[INFO] Run instrumented tests. (12)
[INFO] Compiling with -proceedOnError -encoding UTF-8 -cp /tmp/dspot-experiments/dataset/april-2019/jsoup_parent/target/dspot/tmp_test_sources:/home/bedanglot/.m2/repository/junit/junit/4.12/junit-4.12.jar:/home/bedanglot/.m2/repository/org/hamcrest/hamcrest-core/1.3/hamcrest-core-1.3.jar:/home/bedanglot/.m2/repository/com/google/code/gson/gson/2.7/gson-2.7.jar:/home/bedanglot/.m2/repository/org/eclipse/jetty/jetty-server/9.2.22.v20170606/jetty-server-9.2.22.v20170606.jar:/home/bedanglot/.m2/repository/javax/servlet/javax.servlet-api/3.1.0/javax.servlet-api-3.1.0.jar:/home/bedanglot/.m2/repository/org/eclipse/jetty/jetty-http/9.2.22.v20170606/jetty-http-9.2.22.v20170606.jar:/home/bedanglot/.m2/repository/org/eclipse/jetty/jetty-util/9.2.22.v20170606/jetty-util-9.2.22.v20170606.jar:/home/bedanglot/.m2/repository/org/eclipse/jetty/jetty-io/9.2.22.v20170606/jetty-io-9.2.22.v20170606.jar:/home/bedanglot/.m2/repository/org/eclipse/jetty/jetty-servlet/9.2.22.v20170606/jetty-servlet-9.2.22.v20170606.jar:/home/bedanglot/.m2/repository/org/eclipse/jetty/jetty-security/9.2.22.v20170606/jetty-security-9.2.22.v20170606.jar:/tmp/dspot-experiments/dataset/april-2019/jsoup_parent/target/classes/:/tmp/dspot-experiments/dataset/april-2019/jsoup_parent/target/test-classes/:/tmp/dspot-experiments/dataset/april-2019/jsoup_parent/target/dspot/dependencies/: -d /tmp/dspot-experiments/dataset/april-2019/jsoup_parent/target/test-classes -1.8 -preserveAllLocals -noExit -enableJavadoc -proc:none /tmp/dspot-experiments/dataset/april-2019/jsoup_parent/target/dspot/tmp_test_sources/org/jsoup/helper/DataUtilTest.java
[INFO] Run: java -classpath /tmp/dspot-experiments/dataset/april-2019/jsoup_parent/target/classes/:/tmp/dspot-experiments/dataset/april-2019/jsoup_parent/target/test-classes:/home/bedanglot/.m2/repository/junit/junit/4.12/junit-4.12.jar:/home/bedanglot/.m2/repository/org/hamcrest/hamcrest-core/1.3/hamcrest-core-1.3.jar:/home/bedanglot/.m2/repository/com/google/code/gson/gson/2.7/gson-2.7.jar:/home/bedanglot/.m2/repository/org/eclipse/jetty/jetty-server/9.2.22.v20170606/jetty-server-9.2.22.v20170606.jar:/home/bedanglot/.m2/repository/javax/servlet/javax.servlet-api/3.1.0/javax.servlet-api-3.1.0.jar:/home/bedanglot/.m2/repository/org/eclipse/jetty/jetty-http/9.2.22.v20170606/jetty-http-9.2.22.v20170606.jar:/home/bedanglot/.m2/repository/org/eclipse/jetty/jetty-util/9.2.22.v20170606/jetty-util-9.2.22.v20170606.jar:/home/bedanglot/.m2/repository/org/eclipse/jetty/jetty-io/9.2.22.v20170606/jetty-io-9.2.22.v20170606.jar:/home/bedanglot/.m2/repository/org/eclipse/jetty/jetty-servlet/9.2.22.v20170606/jetty-servlet-9.2.22.v20170606.jar:/home/bedanglot/.m2/repository/org/eclipse/jetty/jetty-security/9.2.22.v20170606/jetty-security-9.2.22.v20170606.jar:/tmp/dspot-experiments/dataset/april-2019/jsoup_parent/target/dspot/dependencies/:/home/bedanglot/.m2/repository/eu/stamp-project/test-runner/2.0.7/test-runner-2.0.7-jar-with-dependencies.jar eu.stamp_project.testrunner.runner.JUnit4Runner --class org.jsoup.helper.DataUtilTest --tests supportsBOMinFiles_withlog0:discardsSpuriousByteOrderMark_withlog0:wrongMetaCharsetFallback_withlog0:discardsSpuriousByteOrderMarkWhenNoCharsetSet_withlog0:supportsBOMinFiles_withlog1:discardsSpuriousByteOrderMark_withlog1:wrongMetaCharsetFallback_withlog1:discardsSpuriousByteOrderMarkWhenNoCharsetSet_withlog1:supportsBOMinFiles_withlog2:discardsSpuriousByteOrderMark_withlog2:wrongMetaCharsetFallback_withlog2:discardsSpuriousByteOrderMarkWhenNoCharsetSet_withlog2 
Parsing --class org.jsoup.helper.DataUtilTest --tests supportsBOMinFiles_withlog0:discardsSpuriousByteOrderMark_withlog0:wrongMetaCharsetFallback_withlog0:discardsSpuriousByteOrderMarkWhenNoCharsetSet_withlog0:supportsBOMinFiles_withlog1:discardsSpuriousByteOrderMark_withlog1:wrongMetaCharsetFallback_withlog1:discardsSpuriousByteOrderMarkWhenNoCharsetSet_withlog1:supportsBOMinFiles_withlog2:discardsSpuriousByteOrderMark_withlog2:wrongMetaCharsetFallback_withlog2:discardsSpuriousByteOrderMarkWhenNoCharsetSet_withlog2
File saved to the following path: /tmp/dspot-experiments/dataset/april-2019/jsoup_parent/target/dspot/observations.ser
File saved to the following path: /tmp/dspot-experiments/dataset/april-2019/jsoup_parent/target/dspot/TestResult.ser
Loading /tmp/dspot-experiments/dataset/april-2019/jsoup_parent/target/dspot/TestResult.ser
[INFO] Test has been run: discardsSpuriousByteOrderMarkWhenNoCharsetSet_withlog0,discardsSpuriousByteOrderMarkWhenNoCharsetSet_withlog1,discardsSpuriousByteOrderMarkWhenNoCharsetSet_withlog2,discardsSpuriousByteOrderMark_withlog0,discardsSpuriousByteOrderMark_withlog1,discardsSpuriousByteOrderMark_withlog2,supportsBOMinFiles_withlog0,supportsBOMinFiles_withlog1,supportsBOMinFiles_withlog2,wrongMetaCharsetFallback_withlog0,wrongMetaCharsetFallback_withlog1,wrongMetaCharsetFallback_withlog2
[INFO] Generating assertions...
[INFO] 4 new tests with assertions generated
[INFO] Compiling with -proceedOnError -encoding UTF-8 -cp /tmp/dspot-experiments/dataset/april-2019/jsoup_parent/target/dspot/tmp_test_sources:/home/bedanglot/.m2/repository/junit/junit/4.12/junit-4.12.jar:/home/bedanglot/.m2/repository/org/hamcrest/hamcrest-core/1.3/hamcrest-core-1.3.jar:/home/bedanglot/.m2/repository/com/google/code/gson/gson/2.7/gson-2.7.jar:/home/bedanglot/.m2/repository/org/eclipse/jetty/jetty-server/9.2.22.v20170606/jetty-server-9.2.22.v20170606.jar:/home/bedanglot/.m2/repository/javax/servlet/javax.servlet-api/3.1.0/javax.servlet-api-3.1.0.jar:/home/bedanglot/.m2/repository/org/eclipse/jetty/jetty-http/9.2.22.v20170606/jetty-http-9.2.22.v20170606.jar:/home/bedanglot/.m2/repository/org/eclipse/jetty/jetty-util/9.2.22.v20170606/jetty-util-9.2.22.v20170606.jar:/home/bedanglot/.m2/repository/org/eclipse/jetty/jetty-io/9.2.22.v20170606/jetty-io-9.2.22.v20170606.jar:/home/bedanglot/.m2/repository/org/eclipse/jetty/jetty-servlet/9.2.22.v20170606/jetty-servlet-9.2.22.v20170606.jar:/home/bedanglot/.m2/repository/org/eclipse/jetty/jetty-security/9.2.22.v20170606/jetty-security-9.2.22.v20170606.jar:/tmp/dspot-experiments/dataset/april-2019/jsoup_parent/target/classes/:/tmp/dspot-experiments/dataset/april-2019/jsoup_parent/target/test-classes/:/tmp/dspot-experiments/dataset/april-2019/jsoup_parent/target/dspot/dependencies/: -d /tmp/dspot-experiments/dataset/april-2019/jsoup_parent/target/test-classes -1.8 -preserveAllLocals -noExit -enableJavadoc -proc:none /tmp/dspot-experiments/dataset/april-2019/jsoup_parent/target/dspot/tmp_test_sources/org/jsoup/helper/DataUtilTest.java
[INFO] Run: java -classpath /tmp/dspot-experiments/dataset/april-2019/jsoup_parent/target/classes/:/tmp/dspot-experiments/dataset/april-2019/jsoup_parent/target/test-classes:/home/bedanglot/.m2/repository/junit/junit/4.12/junit-4.12.jar:/home/bedanglot/.m2/repository/org/hamcrest/hamcrest-core/1.3/hamcrest-core-1.3.jar:/home/bedanglot/.m2/repository/com/google/code/gson/gson/2.7/gson-2.7.jar:/home/bedanglot/.m2/repository/org/eclipse/jetty/jetty-server/9.2.22.v20170606/jetty-server-9.2.22.v20170606.jar:/home/bedanglot/.m2/repository/javax/servlet/javax.servlet-api/3.1.0/javax.servlet-api-3.1.0.jar:/home/bedanglot/.m2/repository/org/eclipse/jetty/jetty-http/9.2.22.v20170606/jetty-http-9.2.22.v20170606.jar:/home/bedanglot/.m2/repository/org/eclipse/jetty/jetty-util/9.2.22.v20170606/jetty-util-9.2.22.v20170606.jar:/home/bedanglot/.m2/repository/org/eclipse/jetty/jetty-io/9.2.22.v20170606/jetty-io-9.2.22.v20170606.jar:/home/bedanglot/.m2/repository/org/eclipse/jetty/jetty-servlet/9.2.22.v20170606/jetty-servlet-9.2.22.v20170606.jar:/home/bedanglot/.m2/repository/org/eclipse/jetty/jetty-security/9.2.22.v20170606/jetty-security-9.2.22.v20170606.jar:/tmp/dspot-experiments/dataset/april-2019/jsoup_parent/target/dspot/dependencies/:/home/bedanglot/.m2/repository/eu/stamp-project/test-runner/2.0.7/test-runner-2.0.7-jar-with-dependencies.jar eu.stamp_project.testrunner.runner.JUnit4Runner --class org.jsoup.helper.DataUtilTest --tests supportsBOMinFiles:discardsSpuriousByteOrderMark:wrongMetaCharsetFallback:discardsSpuriousByteOrderMarkWhenNoCharsetSet 
Parsing --class org.jsoup.helper.DataUtilTest --tests supportsBOMinFiles:discardsSpuriousByteOrderMark:wrongMetaCharsetFallback:discardsSpuriousByteOrderMarkWhenNoCharsetSet
File saved to the following path: /tmp/dspot-experiments/dataset/april-2019/jsoup_parent/target/dspot/TestResult.ser
Loading /tmp/dspot-experiments/dataset/april-2019/jsoup_parent/target/dspot/TestResult.ser
[INFO] Test has been run: discardsSpuriousByteOrderMarkWhenNoCharsetSet,discardsSpuriousByteOrderMark,supportsBOMinFiles,wrongMetaCharsetFallback
[INFO] Assertion amplification: 4 test method(s) has been successfully amplified.
[WARN] 2019-05-07 17:58:10 Launcher - You specified the directory /tmp/dspot-experiments/dataset/april-2019/jsoup/target/classes in source classpath, please note that only class files will be considered. Jars and subdirectories will be ignored.
[WARN] 2019-05-07 17:58:10 Launcher - You specified the directory /tmp/dspot-experiments/dataset/april-2019/jsoup/target/test-classes in source classpath, please note that only class files will be considered. Jars and subdirectories will be ignored.
[WARN] 2019-05-07 17:58:10 Launcher - You specified the directory /tmp/dspot-experiments/dataset/april-2019/jsoup/target/dspot/dependencies in source classpath, please note that only class files will be considered. Jars and subdirectories will be ignored.
[INFO] Run: java -classpath /tmp/dspot-experiments/dataset/april-2019/jsoup/target/classes/:/tmp/dspot-experiments/dataset/april-2019/jsoup/target/test-classes/:/home/bedanglot/.m2/repository/junit/junit/4.12/junit-4.12.jar:/home/bedanglot/.m2/repository/org/hamcrest/hamcrest-core/1.3/hamcrest-core-1.3.jar:/home/bedanglot/.m2/repository/com/google/code/gson/gson/2.7/gson-2.7.jar:/home/bedanglot/.m2/repository/org/eclipse/jetty/jetty-server/9.2.22.v20170606/jetty-server-9.2.22.v20170606.jar:/home/bedanglot/.m2/repository/javax/servlet/javax.servlet-api/3.1.0/javax.servlet-api-3.1.0.jar:/home/bedanglot/.m2/repository/org/eclipse/jetty/jetty-http/9.2.22.v20170606/jetty-http-9.2.22.v20170606.jar:/home/bedanglot/.m2/repository/org/eclipse/jetty/jetty-util/9.2.22.v20170606/jetty-util-9.2.22.v20170606.jar:/home/bedanglot/.m2/repository/org/eclipse/jetty/jetty-io/9.2.22.v20170606/jetty-io-9.2.22.v20170606.jar:/home/bedanglot/.m2/repository/org/eclipse/jetty/jetty-servlet/9.2.22.v20170606/jetty-servlet-9.2.22.v20170606.jar:/home/bedanglot/.m2/repository/org/eclipse/jetty/jetty-security/9.2.22.v20170606/jetty-security-9.2.22.v20170606.jar:/tmp/dspot-experiments/dataset/april-2019/jsoup/target/dspot/dependencies/:/home/bedanglot/.m2/repository/eu/stamp-project/test-runner/2.0.7/test-runner-2.0.7-jar-with-dependencies.jar eu.stamp_project.testrunner.runner.JUnit4Runner --class org.jsoup.helper.DataUtilTest --tests supportsBOMinFiles:discardsSpuriousByteOrderMark:wrongMetaCharsetFallback:discardsSpuriousByteOrderMarkWhenNoCharsetSet 
Parsing --class org.jsoup.helper.DataUtilTest --tests supportsBOMinFiles:discardsSpuriousByteOrderMark:wrongMetaCharsetFallback:discardsSpuriousByteOrderMarkWhenNoCharsetSet
File saved to the following path: /tmp/dspot-experiments/dataset/april-2019/jsoup_parent/target/dspot/TestResult.ser
Loading /tmp/dspot-experiments/dataset/april-2019/jsoup_parent/target/dspot/TestResult.ser
[INFO] Test has been run: discardsSpuriousByteOrderMarkWhenNoCharsetSet,discardsSpuriousByteOrderMark,supportsBOMinFiles,wrongMetaCharsetFallback
[INFO] 0 amplified test methods has been selected to be kept. (global: 0)
[INFO] elapsedTime 8755
[WARNING] DSpot could not obtain any amplified test method.
[WARNING] You can customize the following options: --amplifiers, --test-criterion, --iteration, --budgetizer etc, and retry with a new configuration.
[INFO] Amplification of org.jsoup.integration.ParseTest (12 test(s))
[INFO] Assertion amplification of org.jsoup.integration.ParseTest (12 test(s))
[INFO] Using /tmp/dspot-experiments/dataset/april-2019/jsoup/pom.xml to run maven.
[INFO] Using /usr/share/maven/ for maven home
[INFO] run maven: /usr/share/maven//bin/mvn clean test -DskipTests
[WARN] Maven will be executed in interactive mode, but no input stream has been configured for this MavenInvoker instance.
[INFO] Scanning for projects...
[INFO]                                                                         
[INFO] ------------------------------------------------------------------------
[INFO] Building jsoup Java HTML Parser 1.11.3-SNAPSHOT
[INFO] ------------------------------------------------------------------------
[INFO] 
[INFO] --- maven-clean-plugin:2.5:clean (default-clean) @ jsoup ---
[INFO] Deleting /tmp/dspot-experiments/dataset/april-2019/jsoup/target
[INFO] 
[INFO] --- maven-resources-plugin:3.0.1:resources (default-resources) @ jsoup ---
[INFO] Using 'UTF-8' encoding to copy filtered resources.
[INFO] Copying 0 resource
[INFO] Copying 3 resources to META-INF/
[INFO] 
[INFO] --- maven-compiler-plugin:3.5.1:compile (default-compile) @ jsoup ---
[INFO] Changes detected - recompiling the module!
[INFO] Compiling 67 source files to /tmp/dspot-experiments/dataset/april-2019/jsoup/target/classes
[INFO] /tmp/dspot-experiments/dataset/april-2019/jsoup/src/main/java/org/jsoup/nodes/Attributes.java: Some input files use or override a deprecated API.
[INFO] /tmp/dspot-experiments/dataset/april-2019/jsoup/src/main/java/org/jsoup/nodes/Attributes.java: Recompile with -Xlint:deprecation for details.
[INFO] 
[INFO] --- animal-sniffer-maven-plugin:1.16:check (animal-sniffer) @ jsoup ---
[INFO] Checking unresolved references to net.sf.androidscents.signature:android-api-level-8:2.2_r3
[INFO] 
[INFO] >>> maven-bundle-plugin:2.5.4:manifest (bundle-manifest) > process-classes @ jsoup >>>
[INFO] 
[INFO] --- maven-resources-plugin:3.0.1:resources (default-resources) @ jsoup ---
[INFO] Using 'UTF-8' encoding to copy filtered resources.
[INFO] Copying 0 resource
[INFO] Copying 3 resources to META-INF/
[INFO] 
[INFO] --- maven-compiler-plugin:3.5.1:compile (default-compile) @ jsoup ---
[INFO] Changes detected - recompiling the module!
[INFO] Compiling 67 source files to /tmp/dspot-experiments/dataset/april-2019/jsoup/target/classes
[INFO] /tmp/dspot-experiments/dataset/april-2019/jsoup/src/main/java/org/jsoup/nodes/Attributes.java: Some input files use or override a deprecated API.
[INFO] /tmp/dspot-experiments/dataset/april-2019/jsoup/src/main/java/org/jsoup/nodes/Attributes.java: Recompile with -Xlint:deprecation for details.
[INFO] 
[INFO] --- animal-sniffer-maven-plugin:1.16:check (animal-sniffer) @ jsoup ---
[INFO] Checking unresolved references to net.sf.androidscents.signature:android-api-level-8:2.2_r3
[INFO] 
[INFO] <<< maven-bundle-plugin:2.5.4:manifest (bundle-manifest) < process-classes @ jsoup <<<
[INFO] 
[INFO] --- maven-bundle-plugin:2.5.4:manifest (bundle-manifest) @ jsoup ---
[INFO] 
[INFO] --- maven-resources-plugin:3.0.1:testResources (default-testResources) @ jsoup ---
[INFO] Using 'UTF-8' encoding to copy filtered resources.
[INFO] Copying 23 resources
[INFO] 
[INFO] --- maven-compiler-plugin:3.5.1:testCompile (default-testCompile) @ jsoup ---
[INFO] Changes detected - recompiling the module!
[INFO] Compiling 45 source files to /tmp/dspot-experiments/dataset/april-2019/jsoup/target/test-classes
[INFO] /tmp/dspot-experiments/dataset/april-2019/jsoup/src/test/java/org/jsoup/parser/AttributeParseTest.java: Some input files use or override a deprecated API.
[INFO] /tmp/dspot-experiments/dataset/april-2019/jsoup/src/test/java/org/jsoup/parser/AttributeParseTest.java: Recompile with -Xlint:deprecation for details.
[INFO] 
[INFO] --- maven-surefire-plugin:2.17:test (default-test) @ jsoup ---
[INFO] Tests are skipped.
[INFO] ------------------------------------------------------------------------
[INFO] BUILD SUCCESS
[INFO] ------------------------------------------------------------------------
[INFO] Total time: 4.890 s
[INFO] Finished at: 2019-05-07T17:58:17+02:00
[INFO] Final Memory: 28M/1963M
[INFO] ------------------------------------------------------------------------
[INFO] Compiling with -proceedOnError -encoding UTF-8 -cp /tmp/dspot-experiments/dataset/april-2019/jsoup_parent/target/dspot/tmp_test_sources:/home/bedanglot/.m2/repository/junit/junit/4.12/junit-4.12.jar:/home/bedanglot/.m2/repository/org/hamcrest/hamcrest-core/1.3/hamcrest-core-1.3.jar:/home/bedanglot/.m2/repository/com/google/code/gson/gson/2.7/gson-2.7.jar:/home/bedanglot/.m2/repository/org/eclipse/jetty/jetty-server/9.2.22.v20170606/jetty-server-9.2.22.v20170606.jar:/home/bedanglot/.m2/repository/javax/servlet/javax.servlet-api/3.1.0/javax.servlet-api-3.1.0.jar:/home/bedanglot/.m2/repository/org/eclipse/jetty/jetty-http/9.2.22.v20170606/jetty-http-9.2.22.v20170606.jar:/home/bedanglot/.m2/repository/org/eclipse/jetty/jetty-util/9.2.22.v20170606/jetty-util-9.2.22.v20170606.jar:/home/bedanglot/.m2/repository/org/eclipse/jetty/jetty-io/9.2.22.v20170606/jetty-io-9.2.22.v20170606.jar:/home/bedanglot/.m2/repository/org/eclipse/jetty/jetty-servlet/9.2.22.v20170606/jetty-servlet-9.2.22.v20170606.jar:/home/bedanglot/.m2/repository/org/eclipse/jetty/jetty-security/9.2.22.v20170606/jetty-security-9.2.22.v20170606.jar:/tmp/dspot-experiments/dataset/april-2019/jsoup_parent/target/classes/:/tmp/dspot-experiments/dataset/april-2019/jsoup_parent/target/test-classes/:/tmp/dspot-experiments/dataset/april-2019/jsoup_parent/target/dspot/dependencies/: -d /tmp/dspot-experiments/dataset/april-2019/jsoup_parent/target/test-classes -1.8 -preserveAllLocals -noExit -enableJavadoc -proc:none /tmp/dspot-experiments/dataset/april-2019/jsoup_parent/target/dspot/tmp_test_sources/org/jsoup/integration/ParseTest.java
[INFO] Run: java -classpath /tmp/dspot-experiments/dataset/april-2019/jsoup_parent/target/classes/:/tmp/dspot-experiments/dataset/april-2019/jsoup_parent/target/test-classes:/home/bedanglot/.m2/repository/junit/junit/4.12/junit-4.12.jar:/home/bedanglot/.m2/repository/org/hamcrest/hamcrest-core/1.3/hamcrest-core-1.3.jar:/home/bedanglot/.m2/repository/com/google/code/gson/gson/2.7/gson-2.7.jar:/home/bedanglot/.m2/repository/org/eclipse/jetty/jetty-server/9.2.22.v20170606/jetty-server-9.2.22.v20170606.jar:/home/bedanglot/.m2/repository/javax/servlet/javax.servlet-api/3.1.0/javax.servlet-api-3.1.0.jar:/home/bedanglot/.m2/repository/org/eclipse/jetty/jetty-http/9.2.22.v20170606/jetty-http-9.2.22.v20170606.jar:/home/bedanglot/.m2/repository/org/eclipse/jetty/jetty-util/9.2.22.v20170606/jetty-util-9.2.22.v20170606.jar:/home/bedanglot/.m2/repository/org/eclipse/jetty/jetty-io/9.2.22.v20170606/jetty-io-9.2.22.v20170606.jar:/home/bedanglot/.m2/repository/org/eclipse/jetty/jetty-servlet/9.2.22.v20170606/jetty-servlet-9.2.22.v20170606.jar:/home/bedanglot/.m2/repository/org/eclipse/jetty/jetty-security/9.2.22.v20170606/jetty-security-9.2.22.v20170606.jar:/tmp/dspot-experiments/dataset/april-2019/jsoup_parent/target/dspot/dependencies/:/home/bedanglot/.m2/repository/eu/stamp-project/test-runner/2.0.7/test-runner-2.0.7-jar-with-dependencies.jar eu.stamp_project.testrunner.runner.JUnit4Runner --class org.jsoup.integration.ParseTest --tests testNewsHomepage:testYahooArticle:testSmhBizArticle:testBaiduVariant:testGoogleSearchIpod:testLowercaseUtf8Charset:testYahooJp:testBrokenHtml5CharsetWithASingleDoubleQuote:testHtml5Charset:testNytArticle:testBaidu:testBinary 
Parsing --class org.jsoup.integration.ParseTest --tests testNewsHomepage:testYahooArticle:testSmhBizArticle:testBaiduVariant:testGoogleSearchIpod:testLowercaseUtf8Charset:testYahooJp:testBrokenHtml5CharsetWithASingleDoubleQuote:testHtml5Charset:testNytArticle:testBaidu:testBinary
File saved to the following path: /tmp/dspot-experiments/dataset/april-2019/jsoup_parent/target/dspot/TestResult.ser
Loading /tmp/dspot-experiments/dataset/april-2019/jsoup_parent/target/dspot/TestResult.ser
[INFO] Test has been run: testYahooJp,testBaiduVariant,testGoogleSearchIpod,testBaidu,testSmhBizArticle,testYahooArticle,testBrokenHtml5CharsetWithASingleDoubleQuote,testNytArticle,testLowercaseUtf8Charset,testBinary,testNewsHomepage,testHtml5Charset
[INFO] Run tests. (12)
[INFO] Compiling with -proceedOnError -encoding UTF-8 -cp /tmp/dspot-experiments/dataset/april-2019/jsoup_parent/target/dspot/tmp_test_sources:/home/bedanglot/.m2/repository/junit/junit/4.12/junit-4.12.jar:/home/bedanglot/.m2/repository/org/hamcrest/hamcrest-core/1.3/hamcrest-core-1.3.jar:/home/bedanglot/.m2/repository/com/google/code/gson/gson/2.7/gson-2.7.jar:/home/bedanglot/.m2/repository/org/eclipse/jetty/jetty-server/9.2.22.v20170606/jetty-server-9.2.22.v20170606.jar:/home/bedanglot/.m2/repository/javax/servlet/javax.servlet-api/3.1.0/javax.servlet-api-3.1.0.jar:/home/bedanglot/.m2/repository/org/eclipse/jetty/jetty-http/9.2.22.v20170606/jetty-http-9.2.22.v20170606.jar:/home/bedanglot/.m2/repository/org/eclipse/jetty/jetty-util/9.2.22.v20170606/jetty-util-9.2.22.v20170606.jar:/home/bedanglot/.m2/repository/org/eclipse/jetty/jetty-io/9.2.22.v20170606/jetty-io-9.2.22.v20170606.jar:/home/bedanglot/.m2/repository/org/eclipse/jetty/jetty-servlet/9.2.22.v20170606/jetty-servlet-9.2.22.v20170606.jar:/home/bedanglot/.m2/repository/org/eclipse/jetty/jetty-security/9.2.22.v20170606/jetty-security-9.2.22.v20170606.jar:/tmp/dspot-experiments/dataset/april-2019/jsoup_parent/target/classes/:/tmp/dspot-experiments/dataset/april-2019/jsoup_parent/target/test-classes/:/tmp/dspot-experiments/dataset/april-2019/jsoup_parent/target/dspot/dependencies/: -d /tmp/dspot-experiments/dataset/april-2019/jsoup_parent/target/test-classes -1.8 -preserveAllLocals -noExit -enableJavadoc -proc:none /tmp/dspot-experiments/dataset/april-2019/jsoup_parent/target/dspot/tmp_test_sources/org/jsoup/integration/ParseTest.java
[INFO] Run: java -classpath /tmp/dspot-experiments/dataset/april-2019/jsoup_parent/target/classes/:/tmp/dspot-experiments/dataset/april-2019/jsoup_parent/target/test-classes:/home/bedanglot/.m2/repository/junit/junit/4.12/junit-4.12.jar:/home/bedanglot/.m2/repository/org/hamcrest/hamcrest-core/1.3/hamcrest-core-1.3.jar:/home/bedanglot/.m2/repository/com/google/code/gson/gson/2.7/gson-2.7.jar:/home/bedanglot/.m2/repository/org/eclipse/jetty/jetty-server/9.2.22.v20170606/jetty-server-9.2.22.v20170606.jar:/home/bedanglot/.m2/repository/javax/servlet/javax.servlet-api/3.1.0/javax.servlet-api-3.1.0.jar:/home/bedanglot/.m2/repository/org/eclipse/jetty/jetty-http/9.2.22.v20170606/jetty-http-9.2.22.v20170606.jar:/home/bedanglot/.m2/repository/org/eclipse/jetty/jetty-util/9.2.22.v20170606/jetty-util-9.2.22.v20170606.jar:/home/bedanglot/.m2/repository/org/eclipse/jetty/jetty-io/9.2.22.v20170606/jetty-io-9.2.22.v20170606.jar:/home/bedanglot/.m2/repository/org/eclipse/jetty/jetty-servlet/9.2.22.v20170606/jetty-servlet-9.2.22.v20170606.jar:/home/bedanglot/.m2/repository/org/eclipse/jetty/jetty-security/9.2.22.v20170606/jetty-security-9.2.22.v20170606.jar:/tmp/dspot-experiments/dataset/april-2019/jsoup_parent/target/dspot/dependencies/:/home/bedanglot/.m2/repository/eu/stamp-project/test-runner/2.0.7/test-runner-2.0.7-jar-with-dependencies.jar eu.stamp_project.testrunner.runner.JUnit4Runner --class org.jsoup.integration.ParseTest --tests testNewsHomepage:testYahooArticle:testSmhBizArticle:testBaiduVariant:testGoogleSearchIpod:testLowercaseUtf8Charset:testYahooJp:testBrokenHtml5CharsetWithASingleDoubleQuote:testHtml5Charset:testNytArticle:testBaidu:testBinary 
Parsing --class org.jsoup.integration.ParseTest --tests testNewsHomepage:testYahooArticle:testSmhBizArticle:testBaiduVariant:testGoogleSearchIpod:testLowercaseUtf8Charset:testYahooJp:testBrokenHtml5CharsetWithASingleDoubleQuote:testHtml5Charset:testNytArticle:testBaidu:testBinary
File saved to the following path: /tmp/dspot-experiments/dataset/april-2019/jsoup_parent/target/dspot/TestResult.ser
Loading /tmp/dspot-experiments/dataset/april-2019/jsoup_parent/target/dspot/TestResult.ser
[INFO] Test has been run: testYahooJp,testBaiduVariant,testGoogleSearchIpod,testBaidu,testSmhBizArticle,testYahooArticle,testBrokenHtml5CharsetWithASingleDoubleQuote,testNytArticle,testLowercaseUtf8Charset,testBinary,testNewsHomepage,testHtml5Charset
[INFO] 12 test pass, generating assertion...
[INFO] Add observations points in passing tests.
[INFO] Instrumentation...
  8% |==== ]/ 16% |======== ]- 25% |============ ]\ 33% |================ ]| 41% |==================== ]/ 50% |========================= ]- 58% |============================= ]\ 66% |================================= ]| 75% |===================================== ]/ 83% |========================================= ]- 91% |============================================= ]\100% |================================================== ]|
[INFO] Run instrumented tests. (36)
[INFO] Compiling with -proceedOnError -encoding UTF-8 -cp /tmp/dspot-experiments/dataset/april-2019/jsoup_parent/target/dspot/tmp_test_sources:/home/bedanglot/.m2/repository/junit/junit/4.12/junit-4.12.jar:/home/bedanglot/.m2/repository/org/hamcrest/hamcrest-core/1.3/hamcrest-core-1.3.jar:/home/bedanglot/.m2/repository/com/google/code/gson/gson/2.7/gson-2.7.jar:/home/bedanglot/.m2/repository/org/eclipse/jetty/jetty-server/9.2.22.v20170606/jetty-server-9.2.22.v20170606.jar:/home/bedanglot/.m2/repository/javax/servlet/javax.servlet-api/3.1.0/javax.servlet-api-3.1.0.jar:/home/bedanglot/.m2/repository/org/eclipse/jetty/jetty-http/9.2.22.v20170606/jetty-http-9.2.22.v20170606.jar:/home/bedanglot/.m2/repository/org/eclipse/jetty/jetty-util/9.2.22.v20170606/jetty-util-9.2.22.v20170606.jar:/home/bedanglot/.m2/repository/org/eclipse/jetty/jetty-io/9.2.22.v20170606/jetty-io-9.2.22.v20170606.jar:/home/bedanglot/.m2/repository/org/eclipse/jetty/jetty-servlet/9.2.22.v20170606/jetty-servlet-9.2.22.v20170606.jar:/home/bedanglot/.m2/repository/org/eclipse/jetty/jetty-security/9.2.22.v20170606/jetty-security-9.2.22.v20170606.jar:/tmp/dspot-experiments/dataset/april-2019/jsoup_parent/target/classes/:/tmp/dspot-experiments/dataset/april-2019/jsoup_parent/target/test-classes/:/tmp/dspot-experiments/dataset/april-2019/jsoup_parent/target/dspot/dependencies/: -d /tmp/dspot-experiments/dataset/april-2019/jsoup_parent/target/test-classes -1.8 -preserveAllLocals -noExit -enableJavadoc -proc:none /tmp/dspot-experiments/dataset/april-2019/jsoup_parent/target/dspot/tmp_test_sources/org/jsoup/integration/ParseTest.java
[INFO] Run: java -classpath /tmp/dspot-experiments/dataset/april-2019/jsoup_parent/target/classes/:/tmp/dspot-experiments/dataset/april-2019/jsoup_parent/target/test-classes:/home/bedanglot/.m2/repository/junit/junit/4.12/junit-4.12.jar:/home/bedanglot/.m2/repository/org/hamcrest/hamcrest-core/1.3/hamcrest-core-1.3.jar:/home/bedanglot/.m2/repository/com/google/code/gson/gson/2.7/gson-2.7.jar:/home/bedanglot/.m2/repository/org/eclipse/jetty/jetty-server/9.2.22.v20170606/jetty-server-9.2.22.v20170606.jar:/home/bedanglot/.m2/repository/javax/servlet/javax.servlet-api/3.1.0/javax.servlet-api-3.1.0.jar:/home/bedanglot/.m2/repository/org/eclipse/jetty/jetty-http/9.2.22.v20170606/jetty-http-9.2.22.v20170606.jar:/home/bedanglot/.m2/repository/org/eclipse/jetty/jetty-util/9.2.22.v20170606/jetty-util-9.2.22.v20170606.jar:/home/bedanglot/.m2/repository/org/eclipse/jetty/jetty-io/9.2.22.v20170606/jetty-io-9.2.22.v20170606.jar:/home/bedanglot/.m2/repository/org/eclipse/jetty/jetty-servlet/9.2.22.v20170606/jetty-servlet-9.2.22.v20170606.jar:/home/bedanglot/.m2/repository/org/eclipse/jetty/jetty-security/9.2.22.v20170606/jetty-security-9.2.22.v20170606.jar:/tmp/dspot-experiments/dataset/april-2019/jsoup_parent/target/dspot/dependencies/:/home/bedanglot/.m2/repository/eu/stamp-project/test-runner/2.0.7/test-runner-2.0.7-jar-with-dependencies.jar eu.stamp_project.testrunner.runner.JUnit4Runner --class org.jsoup.integration.ParseTest --tests testNewsHomepage_withlog0:testYahooArticle_withlog0:testSmhBizArticle_withlog0:testBaiduVariant_withlog0:testGoogleSearchIpod_withlog0:testLowercaseUtf8Charset_withlog0:testYahooJp_withlog0:testBrokenHtml5CharsetWithASingleDoubleQuote_withlog0:testHtml5Charset_withlog0:testNytArticle_withlog0:testBaidu_withlog0:testBinary_withlog0:testNewsHomepage_withlog1:testYahooArticle_withlog1:testSmhBizArticle_withlog1:testBaiduVariant_withlog1:testGoogleSearchIpod_withlog1:testLowercaseUtf8Charset_withlog1:testYahooJp_withlog1:testBrokenHtml5CharsetWithASingleDoubleQuote_withlog1:testHtml5Charset_withlog1:testNytArticle_withlog1:testBaidu_withlog1:testBinary_withlog1:testNewsHomepage_withlog2:testYahooArticle_withlog2:testSmhBizArticle_withlog2:testBaiduVariant_withlog2:testGoogleSearchIpod_withlog2:testLowercaseUtf8Charset_withlog2:testYahooJp_withlog2:testBrokenHtml5CharsetWithASingleDoubleQuote_withlog2:testHtml5Charset_withlog2:testNytArticle_withlog2:testBaidu_withlog2:testBinary_withlog2 
Parsing --class org.jsoup.integration.ParseTest --tests testNewsHomepage_withlog0:testYahooArticle_withlog0:testSmhBizArticle_withlog0:testBaiduVariant_withlog0:testGoogleSearchIpod_withlog0:testLowercaseUtf8Charset_withlog0:testYahooJp_withlog0:testBrokenHtml5CharsetWithASingleDoubleQuote_withlog0:testHtml5Charset_withlog0:testNytArticle_withlog0:testBaidu_withlog0:testBinary_withlog0:testNewsHomepage_withlog1:testYahooArticle_withlog1:testSmhBizArticle_withlog1:testBaiduVariant_withlog1:testGoogleSearchIpod_withlog1:testLowercaseUtf8Charset_withlog1:testYahooJp_withlog1:testBrokenHtml5CharsetWithASingleDoubleQuote_withlog1:testHtml5Charset_withlog1:testNytArticle_withlog1:testBaidu_withlog1:testBinary_withlog1:testNewsHomepage_withlog2:testYahooArticle_withlog2:testSmhBizArticle_withlog2:testBaiduVariant_withlog2:testGoogleSearchIpod_withlog2:testLowercaseUtf8Charset_withlog2:testYahooJp_withlog2:testBrokenHtml5CharsetWithASingleDoubleQuote_withlog2:testHtml5Charset_withlog2:testNytArticle_withlog2:testBaidu_withlog2:testBinary_withlog2
File saved to the following path: /tmp/dspot-experiments/dataset/april-2019/jsoup_parent/target/dspot/observations.ser
File saved to the following path: /tmp/dspot-experiments/dataset/april-2019/jsoup_parent/target/dspot/TestResult.ser
Loading /tmp/dspot-experiments/dataset/april-2019/jsoup_parent/target/dspot/TestResult.ser
[INFO] Test has been run: testBrokenHtml5CharsetWithASingleDoubleQuote_withlog0,testBrokenHtml5CharsetWithASingleDoubleQuote_withlog1,testBrokenHtml5CharsetWithASingleDoubleQuote_withlog2,testYahooJp_withlog0,testYahooJp_withlog1,testYahooJp_withlog2,testNytArticle_withlog0,testNytArticle_withlog1,testNytArticle_withlog2,testYahooArticle_withlog0,testYahooArticle_withlog1,testYahooArticle_withlog2,testNewsHomepage_withlog0,testNewsHomepage_withlog1,testNewsHomepage_withlog2,testBinary_withlog0,testBinary_withlog1,testBinary_withlog2,testGoogleSearchIpod_withlog0,testGoogleSearchIpod_withlog1,testGoogleSearchIpod_withlog2,testBaiduVariant_withlog0,testBaiduVariant_withlog1,testBaiduVariant_withlog2,testBaidu_withlog0,testBaidu_withlog1,testBaidu_withlog2,testHtml5Charset_withlog0,testHtml5Charset_withlog1,testHtml5Charset_withlog2,testSmhBizArticle_withlog0,testSmhBizArticle_withlog1,testSmhBizArticle_withlog2,testLowercaseUtf8Charset_withlog0,testLowercaseUtf8Charset_withlog1,testLowercaseUtf8Charset_withlog2
[INFO] Generating assertions...
[INFO] 12 new tests with assertions generated
[INFO] Compiling with -proceedOnError -encoding UTF-8 -cp /tmp/dspot-experiments/dataset/april-2019/jsoup_parent/target/dspot/tmp_test_sources:/home/bedanglot/.m2/repository/junit/junit/4.12/junit-4.12.jar:/home/bedanglot/.m2/repository/org/hamcrest/hamcrest-core/1.3/hamcrest-core-1.3.jar:/home/bedanglot/.m2/repository/com/google/code/gson/gson/2.7/gson-2.7.jar:/home/bedanglot/.m2/repository/org/eclipse/jetty/jetty-server/9.2.22.v20170606/jetty-server-9.2.22.v20170606.jar:/home/bedanglot/.m2/repository/javax/servlet/javax.servlet-api/3.1.0/javax.servlet-api-3.1.0.jar:/home/bedanglot/.m2/repository/org/eclipse/jetty/jetty-http/9.2.22.v20170606/jetty-http-9.2.22.v20170606.jar:/home/bedanglot/.m2/repository/org/eclipse/jetty/jetty-util/9.2.22.v20170606/jetty-util-9.2.22.v20170606.jar:/home/bedanglot/.m2/repository/org/eclipse/jetty/jetty-io/9.2.22.v20170606/jetty-io-9.2.22.v20170606.jar:/home/bedanglot/.m2/repository/org/eclipse/jetty/jetty-servlet/9.2.22.v20170606/jetty-servlet-9.2.22.v20170606.jar:/home/bedanglot/.m2/repository/org/eclipse/jetty/jetty-security/9.2.22.v20170606/jetty-security-9.2.22.v20170606.jar:/tmp/dspot-experiments/dataset/april-2019/jsoup_parent/target/classes/:/tmp/dspot-experiments/dataset/april-2019/jsoup_parent/target/test-classes/:/tmp/dspot-experiments/dataset/april-2019/jsoup_parent/target/dspot/dependencies/: -d /tmp/dspot-experiments/dataset/april-2019/jsoup_parent/target/test-classes -1.8 -preserveAllLocals -noExit -enableJavadoc -proc:none /tmp/dspot-experiments/dataset/april-2019/jsoup_parent/target/dspot/tmp_test_sources/org/jsoup/integration/ParseTest.java
[INFO] Run: java -classpath /tmp/dspot-experiments/dataset/april-2019/jsoup_parent/target/classes/:/tmp/dspot-experiments/dataset/april-2019/jsoup_parent/target/test-classes:/home/bedanglot/.m2/repository/junit/junit/4.12/junit-4.12.jar:/home/bedanglot/.m2/repository/org/hamcrest/hamcrest-core/1.3/hamcrest-core-1.3.jar:/home/bedanglot/.m2/repository/com/google/code/gson/gson/2.7/gson-2.7.jar:/home/bedanglot/.m2/repository/org/eclipse/jetty/jetty-server/9.2.22.v20170606/jetty-server-9.2.22.v20170606.jar:/home/bedanglot/.m2/repository/javax/servlet/javax.servlet-api/3.1.0/javax.servlet-api-3.1.0.jar:/home/bedanglot/.m2/repository/org/eclipse/jetty/jetty-http/9.2.22.v20170606/jetty-http-9.2.22.v20170606.jar:/home/bedanglot/.m2/repository/org/eclipse/jetty/jetty-util/9.2.22.v20170606/jetty-util-9.2.22.v20170606.jar:/home/bedanglot/.m2/repository/org/eclipse/jetty/jetty-io/9.2.22.v20170606/jetty-io-9.2.22.v20170606.jar:/home/bedanglot/.m2/repository/org/eclipse/jetty/jetty-servlet/9.2.22.v20170606/jetty-servlet-9.2.22.v20170606.jar:/home/bedanglot/.m2/repository/org/eclipse/jetty/jetty-security/9.2.22.v20170606/jetty-security-9.2.22.v20170606.jar:/tmp/dspot-experiments/dataset/april-2019/jsoup_parent/target/dspot/dependencies/:/home/bedanglot/.m2/repository/eu/stamp-project/test-runner/2.0.7/test-runner-2.0.7-jar-with-dependencies.jar eu.stamp_project.testrunner.runner.JUnit4Runner --class org.jsoup.integration.ParseTest --tests testNewsHomepage:testYahooArticle:testSmhBizArticle:testBaiduVariant:testGoogleSearchIpod:testLowercaseUtf8Charset:testYahooJp:testBrokenHtml5CharsetWithASingleDoubleQuote:testHtml5Charset:testNytArticle:testBaidu:testBinary 
Parsing --class org.jsoup.integration.ParseTest --tests testNewsHomepage:testYahooArticle:testSmhBizArticle:testBaiduVariant:testGoogleSearchIpod:testLowercaseUtf8Charset:testYahooJp:testBrokenHtml5CharsetWithASingleDoubleQuote:testHtml5Charset:testNytArticle:testBaidu:testBinary
File saved to the following path: /tmp/dspot-experiments/dataset/april-2019/jsoup_parent/target/dspot/TestResult.ser
Loading /tmp/dspot-experiments/dataset/april-2019/jsoup_parent/target/dspot/TestResult.ser
[INFO] Test has been run: testYahooJp,testBaiduVariant,testGoogleSearchIpod,testBaidu,testSmhBizArticle,testYahooArticle,testBrokenHtml5CharsetWithASingleDoubleQuote,testNytArticle,testLowercaseUtf8Charset,testBinary,testNewsHomepage,testHtml5Charset
[INFO] Assertion amplification: 12 test method(s) has been successfully amplified.
[WARN] 2019-05-07 17:58:21 Launcher - You specified the directory /tmp/dspot-experiments/dataset/april-2019/jsoup/target/classes in source classpath, please note that only class files will be considered. Jars and subdirectories will be ignored.
[WARN] 2019-05-07 17:58:21 Launcher - You specified the directory /tmp/dspot-experiments/dataset/april-2019/jsoup/target/test-classes in source classpath, please note that only class files will be considered. Jars and subdirectories will be ignored.
[WARN] 2019-05-07 17:58:21 Launcher - You specified the directory /tmp/dspot-experiments/dataset/april-2019/jsoup/target/dspot/dependencies in source classpath, please note that only class files will be considered. Jars and subdirectories will be ignored.
[INFO] Run: java -classpath /tmp/dspot-experiments/dataset/april-2019/jsoup/target/classes/:/tmp/dspot-experiments/dataset/april-2019/jsoup/target/test-classes/:/home/bedanglot/.m2/repository/junit/junit/4.12/junit-4.12.jar:/home/bedanglot/.m2/repository/org/hamcrest/hamcrest-core/1.3/hamcrest-core-1.3.jar:/home/bedanglot/.m2/repository/com/google/code/gson/gson/2.7/gson-2.7.jar:/home/bedanglot/.m2/repository/org/eclipse/jetty/jetty-server/9.2.22.v20170606/jetty-server-9.2.22.v20170606.jar:/home/bedanglot/.m2/repository/javax/servlet/javax.servlet-api/3.1.0/javax.servlet-api-3.1.0.jar:/home/bedanglot/.m2/repository/org/eclipse/jetty/jetty-http/9.2.22.v20170606/jetty-http-9.2.22.v20170606.jar:/home/bedanglot/.m2/repository/org/eclipse/jetty/jetty-util/9.2.22.v20170606/jetty-util-9.2.22.v20170606.jar:/home/bedanglot/.m2/repository/org/eclipse/jetty/jetty-io/9.2.22.v20170606/jetty-io-9.2.22.v20170606.jar:/home/bedanglot/.m2/repository/org/eclipse/jetty/jetty-servlet/9.2.22.v20170606/jetty-servlet-9.2.22.v20170606.jar:/home/bedanglot/.m2/repository/org/eclipse/jetty/jetty-security/9.2.22.v20170606/jetty-security-9.2.22.v20170606.jar:/tmp/dspot-experiments/dataset/april-2019/jsoup/target/dspot/dependencies/:/home/bedanglot/.m2/repository/eu/stamp-project/test-runner/2.0.7/test-runner-2.0.7-jar-with-dependencies.jar eu.stamp_project.testrunner.runner.JUnit4Runner --class org.jsoup.integration.ParseTest --tests testNewsHomepage:testYahooArticle:testSmhBizArticle:testBaiduVariant:testGoogleSearchIpod:testLowercaseUtf8Charset:testYahooJp:testBrokenHtml5CharsetWithASingleDoubleQuote:testHtml5Charset:testNytArticle:testBaidu:testBinary 
Parsing --class org.jsoup.integration.ParseTest --tests testNewsHomepage:testYahooArticle:testSmhBizArticle:testBaiduVariant:testGoogleSearchIpod:testLowercaseUtf8Charset:testYahooJp:testBrokenHtml5CharsetWithASingleDoubleQuote:testHtml5Charset:testNytArticle:testBaidu:testBinary
File saved to the following path: /tmp/dspot-experiments/dataset/april-2019/jsoup_parent/target/dspot/TestResult.ser
Loading /tmp/dspot-experiments/dataset/april-2019/jsoup_parent/target/dspot/TestResult.ser
[INFO] Test has been run: testYahooJp,testBaiduVariant,testGoogleSearchIpod,testBaidu,testSmhBizArticle,testYahooArticle,testBrokenHtml5CharsetWithASingleDoubleQuote,testNytArticle,testLowercaseUtf8Charset,testBinary,testNewsHomepage,testHtml5Charset
[INFO] 0 amplified test methods has been selected to be kept. (global: 0)
[INFO] elapsedTime 10049
[WARNING] DSpot could not obtain any amplified test method.
[WARNING] You can customize the following options: --amplifiers, --test-criterion, --iteration, --budgetizer etc, and retry with a new configuration.
[INFO] Amplification of org.jsoup.integration.ConnectTest (17 test(s))
[INFO] Assertion amplification of org.jsoup.integration.ConnectTest (17 test(s))
[INFO] Using /tmp/dspot-experiments/dataset/april-2019/jsoup/pom.xml to run maven.
[INFO] Using /usr/share/maven/ for maven home
[INFO] run maven: /usr/share/maven//bin/mvn clean test -DskipTests
[WARN] Maven will be executed in interactive mode, but no input stream has been configured for this MavenInvoker instance.
[INFO] Scanning for projects...
[INFO]                                                                         
[INFO] ------------------------------------------------------------------------
[INFO] Building jsoup Java HTML Parser 1.11.3-SNAPSHOT
[INFO] ------------------------------------------------------------------------
[INFO] 
[INFO] --- maven-clean-plugin:2.5:clean (default-clean) @ jsoup ---
[INFO] Deleting /tmp/dspot-experiments/dataset/april-2019/jsoup/target
[INFO] 
[INFO] --- maven-resources-plugin:3.0.1:resources (default-resources) @ jsoup ---
[INFO] Using 'UTF-8' encoding to copy filtered resources.
[INFO] Copying 0 resource
[INFO] Copying 3 resources to META-INF/
[INFO] 
[INFO] --- maven-compiler-plugin:3.5.1:compile (default-compile) @ jsoup ---
[INFO] Changes detected - recompiling the module!
[INFO] Compiling 67 source files to /tmp/dspot-experiments/dataset/april-2019/jsoup/target/classes
[INFO] /tmp/dspot-experiments/dataset/april-2019/jsoup/src/main/java/org/jsoup/nodes/Attributes.java: Some input files use or override a deprecated API.
[INFO] /tmp/dspot-experiments/dataset/april-2019/jsoup/src/main/java/org/jsoup/nodes/Attributes.java: Recompile with -Xlint:deprecation for details.
[INFO] 
[INFO] --- animal-sniffer-maven-plugin:1.16:check (animal-sniffer) @ jsoup ---
[INFO] Checking unresolved references to net.sf.androidscents.signature:android-api-level-8:2.2_r3
[INFO] 
[INFO] >>> maven-bundle-plugin:2.5.4:manifest (bundle-manifest) > process-classes @ jsoup >>>
[INFO] 
[INFO] --- maven-resources-plugin:3.0.1:resources (default-resources) @ jsoup ---
[INFO] Using 'UTF-8' encoding to copy filtered resources.
[INFO] Copying 0 resource
[INFO] Copying 3 resources to META-INF/
[INFO] 
[INFO] --- maven-compiler-plugin:3.5.1:compile (default-compile) @ jsoup ---
[INFO] Changes detected - recompiling the module!
[INFO] Compiling 67 source files to /tmp/dspot-experiments/dataset/april-2019/jsoup/target/classes
[INFO] /tmp/dspot-experiments/dataset/april-2019/jsoup/src/main/java/org/jsoup/nodes/Attributes.java: Some input files use or override a deprecated API.
[INFO] /tmp/dspot-experiments/dataset/april-2019/jsoup/src/main/java/org/jsoup/nodes/Attributes.java: Recompile with -Xlint:deprecation for details.
[INFO] 
[INFO] --- animal-sniffer-maven-plugin:1.16:check (animal-sniffer) @ jsoup ---
[INFO] Checking unresolved references to net.sf.androidscents.signature:android-api-level-8:2.2_r3
[INFO] 
[INFO] <<< maven-bundle-plugin:2.5.4:manifest (bundle-manifest) < process-classes @ jsoup <<<
[INFO] 
[INFO] --- maven-bundle-plugin:2.5.4:manifest (bundle-manifest) @ jsoup ---
[INFO] 
[INFO] --- maven-resources-plugin:3.0.1:testResources (default-testResources) @ jsoup ---
[INFO] Using 'UTF-8' encoding to copy filtered resources.
[INFO] Copying 23 resources
[INFO] 
[INFO] --- maven-compiler-plugin:3.5.1:testCompile (default-testCompile) @ jsoup ---
[INFO] Changes detected - recompiling the module!
[INFO] Compiling 45 source files to /tmp/dspot-experiments/dataset/april-2019/jsoup/target/test-classes
[INFO] /tmp/dspot-experiments/dataset/april-2019/jsoup/src/test/java/org/jsoup/parser/AttributeParseTest.java: Some input files use or override a deprecated API.
[INFO] /tmp/dspot-experiments/dataset/april-2019/jsoup/src/test/java/org/jsoup/parser/AttributeParseTest.java: Recompile with -Xlint:deprecation for details.
[INFO] 
[INFO] --- maven-surefire-plugin:2.17:test (default-test) @ jsoup ---
[INFO] Tests are skipped.
[INFO] ------------------------------------------------------------------------
[INFO] BUILD SUCCESS
[INFO] ------------------------------------------------------------------------
[INFO] Total time: 4.772 s
[INFO] Finished at: 2019-05-07T17:58:27+02:00
[INFO] Final Memory: 33M/1963M
[INFO] ------------------------------------------------------------------------
[INFO] Compiling with -proceedOnError -encoding UTF-8 -cp /tmp/dspot-experiments/dataset/april-2019/jsoup_parent/target/dspot/tmp_test_sources:/home/bedanglot/.m2/repository/junit/junit/4.12/junit-4.12.jar:/home/bedanglot/.m2/repository/org/hamcrest/hamcrest-core/1.3/hamcrest-core-1.3.jar:/home/bedanglot/.m2/repository/com/google/code/gson/gson/2.7/gson-2.7.jar:/home/bedanglot/.m2/repository/org/eclipse/jetty/jetty-server/9.2.22.v20170606/jetty-server-9.2.22.v20170606.jar:/home/bedanglot/.m2/repository/javax/servlet/javax.servlet-api/3.1.0/javax.servlet-api-3.1.0.jar:/home/bedanglot/.m2/repository/org/eclipse/jetty/jetty-http/9.2.22.v20170606/jetty-http-9.2.22.v20170606.jar:/home/bedanglot/.m2/repository/org/eclipse/jetty/jetty-util/9.2.22.v20170606/jetty-util-9.2.22.v20170606.jar:/home/bedanglot/.m2/repository/org/eclipse/jetty/jetty-io/9.2.22.v20170606/jetty-io-9.2.22.v20170606.jar:/home/bedanglot/.m2/repository/org/eclipse/jetty/jetty-servlet/9.2.22.v20170606/jetty-servlet-9.2.22.v20170606.jar:/home/bedanglot/.m2/repository/org/eclipse/jetty/jetty-security/9.2.22.v20170606/jetty-security-9.2.22.v20170606.jar:/tmp/dspot-experiments/dataset/april-2019/jsoup_parent/target/classes/:/tmp/dspot-experiments/dataset/april-2019/jsoup_parent/target/test-classes/:/tmp/dspot-experiments/dataset/april-2019/jsoup_parent/target/dspot/dependencies/: -d /tmp/dspot-experiments/dataset/april-2019/jsoup_parent/target/test-classes -1.8 -preserveAllLocals -noExit -enableJavadoc -proc:none /tmp/dspot-experiments/dataset/april-2019/jsoup_parent/target/dspot/tmp_test_sources/org/jsoup/integration/ConnectTest.java
[ERROR] Error(s) during compilation:
[ERROR] Pb(2) org.jsoup.integration.ParseTest cannot be resolved to a type
[ERROR] Pb(2) org.jsoup.integration.ParseTest cannot be resolved to a type
[INFO] Compiling with -proceedOnError -encoding UTF-8 -cp /tmp/dspot-experiments/dataset/april-2019/jsoup_parent/target/dspot/tmp_test_sources:/home/bedanglot/.m2/repository/junit/junit/4.12/junit-4.12.jar:/home/bedanglot/.m2/repository/org/hamcrest/hamcrest-core/1.3/hamcrest-core-1.3.jar:/home/bedanglot/.m2/repository/com/google/code/gson/gson/2.7/gson-2.7.jar:/home/bedanglot/.m2/repository/org/eclipse/jetty/jetty-server/9.2.22.v20170606/jetty-server-9.2.22.v20170606.jar:/home/bedanglot/.m2/repository/javax/servlet/javax.servlet-api/3.1.0/javax.servlet-api-3.1.0.jar:/home/bedanglot/.m2/repository/org/eclipse/jetty/jetty-http/9.2.22.v20170606/jetty-http-9.2.22.v20170606.jar:/home/bedanglot/.m2/repository/org/eclipse/jetty/jetty-util/9.2.22.v20170606/jetty-util-9.2.22.v20170606.jar:/home/bedanglot/.m2/repository/org/eclipse/jetty/jetty-io/9.2.22.v20170606/jetty-io-9.2.22.v20170606.jar:/home/bedanglot/.m2/repository/org/eclipse/jetty/jetty-servlet/9.2.22.v20170606/jetty-servlet-9.2.22.v20170606.jar:/home/bedanglot/.m2/repository/org/eclipse/jetty/jetty-security/9.2.22.v20170606/jetty-security-9.2.22.v20170606.jar:/tmp/dspot-experiments/dataset/april-2019/jsoup_parent/target/classes/:/tmp/dspot-experiments/dataset/april-2019/jsoup_parent/target/test-classes/:/tmp/dspot-experiments/dataset/april-2019/jsoup_parent/target/dspot/dependencies/: -d /tmp/dspot-experiments/dataset/april-2019/jsoup_parent/target/test-classes -1.8 -preserveAllLocals -noExit -enableJavadoc -proc:none /tmp/dspot-experiments/dataset/april-2019/jsoup_parent/target/dspot/tmp_test_sources/org/jsoup/integration/ConnectTest.java
[INFO] Run: java -classpath /tmp/dspot-experiments/dataset/april-2019/jsoup_parent/target/classes/:/tmp/dspot-experiments/dataset/april-2019/jsoup_parent/target/test-classes:/home/bedanglot/.m2/repository/junit/junit/4.12/junit-4.12.jar:/home/bedanglot/.m2/repository/org/hamcrest/hamcrest-core/1.3/hamcrest-core-1.3.jar:/home/bedanglot/.m2/repository/com/google/code/gson/gson/2.7/gson-2.7.jar:/home/bedanglot/.m2/repository/org/eclipse/jetty/jetty-server/9.2.22.v20170606/jetty-server-9.2.22.v20170606.jar:/home/bedanglot/.m2/repository/javax/servlet/javax.servlet-api/3.1.0/javax.servlet-api-3.1.0.jar:/home/bedanglot/.m2/repository/org/eclipse/jetty/jetty-http/9.2.22.v20170606/jetty-http-9.2.22.v20170606.jar:/home/bedanglot/.m2/repository/org/eclipse/jetty/jetty-util/9.2.22.v20170606/jetty-util-9.2.22.v20170606.jar:/home/bedanglot/.m2/repository/org/eclipse/jetty/jetty-io/9.2.22.v20170606/jetty-io-9.2.22.v20170606.jar:/home/bedanglot/.m2/repository/org/eclipse/jetty/jetty-servlet/9.2.22.v20170606/jetty-servlet-9.2.22.v20170606.jar:/home/bedanglot/.m2/repository/org/eclipse/jetty/jetty-security/9.2.22.v20170606/jetty-security-9.2.22.v20170606.jar:/tmp/dspot-experiments/dataset/april-2019/jsoup_parent/target/dspot/dependencies/:/home/bedanglot/.m2/repository/eu/stamp-project/test-runner/2.0.7/test-runner-2.0.7-jar-with-dependencies.jar eu.stamp_project.testrunner.runner.JUnit4Runner --class org.jsoup.integration.ConnectTest --tests doesGet:doesPost:sendsRequestBody:multiCookieSet:sendsRequestBodyJsonWithData:doesPut:sendsRequestBodyWithUrlParams:canConnectToLocalServer:multipleParsesOkAfterBufferUp:sendsRequestBodyJsonWithoutData:parseParseThrowsValidates:fetchURl:supportsDeflate:fetchURIWithWihtespace:bodyAfterParseThrowsValidationError:bodyAndBytesAvailableBeforeParse 
Parsing --class org.jsoup.integration.ConnectTest --tests doesGet:doesPost:sendsRequestBody:multiCookieSet:sendsRequestBodyJsonWithData:doesPut:sendsRequestBodyWithUrlParams:canConnectToLocalServer:multipleParsesOkAfterBufferUp:sendsRequestBodyJsonWithoutData:parseParseThrowsValidates:fetchURl:supportsDeflate:fetchURIWithWihtespace:bodyAfterParseThrowsValidationError:bodyAndBytesAvailableBeforeParse
[0] INFO log - Logging initialized @286ms
[35] INFO Server - jetty-9.2.22.v20170606
[71] INFO ServerConnector - Started ServerConnector@215be6bb{HTTP/1.1}{0.0.0.0:33173}
[71] INFO Server - Started @359ms
[829] INFO ServerConnector - Stopped ServerConnector@215be6bb{HTTP/1.1}{0.0.0.0:0}
File saved to the following path: /tmp/dspot-experiments/dataset/april-2019/jsoup_parent/target/dspot/TestResult.ser
Loading /tmp/dspot-experiments/dataset/april-2019/jsoup_parent/target/dspot/TestResult.ser
[INFO] Test has been run: multipleParsesOkAfterBufferUp,multiCookieSet,bodyAndBytesAvailableBeforeParse,parseParseThrowsValidates,fetchURIWithWihtespace,sendsRequestBodyWithUrlParams,fetchURl,sendsRequestBody,bodyAfterParseThrowsValidationError,doesPost,supportsDeflate,sendsRequestBodyJsonWithoutData,sendsRequestBodyJsonWithData,canConnectToLocalServer,doesGet,doesPut
[INFO] Run tests. (16)
[INFO] Compiling with -proceedOnError -encoding UTF-8 -cp /tmp/dspot-experiments/dataset/april-2019/jsoup_parent/target/dspot/tmp_test_sources:/home/bedanglot/.m2/repository/junit/junit/4.12/junit-4.12.jar:/home/bedanglot/.m2/repository/org/hamcrest/hamcrest-core/1.3/hamcrest-core-1.3.jar:/home/bedanglot/.m2/repository/com/google/code/gson/gson/2.7/gson-2.7.jar:/home/bedanglot/.m2/repository/org/eclipse/jetty/jetty-server/9.2.22.v20170606/jetty-server-9.2.22.v20170606.jar:/home/bedanglot/.m2/repository/javax/servlet/javax.servlet-api/3.1.0/javax.servlet-api-3.1.0.jar:/home/bedanglot/.m2/repository/org/eclipse/jetty/jetty-http/9.2.22.v20170606/jetty-http-9.2.22.v20170606.jar:/home/bedanglot/.m2/repository/org/eclipse/jetty/jetty-util/9.2.22.v20170606/jetty-util-9.2.22.v20170606.jar:/home/bedanglot/.m2/repository/org/eclipse/jetty/jetty-io/9.2.22.v20170606/jetty-io-9.2.22.v20170606.jar:/home/bedanglot/.m2/repository/org/eclipse/jetty/jetty-servlet/9.2.22.v20170606/jetty-servlet-9.2.22.v20170606.jar:/home/bedanglot/.m2/repository/org/eclipse/jetty/jetty-security/9.2.22.v20170606/jetty-security-9.2.22.v20170606.jar:/tmp/dspot-experiments/dataset/april-2019/jsoup_parent/target/classes/:/tmp/dspot-experiments/dataset/april-2019/jsoup_parent/target/test-classes/:/tmp/dspot-experiments/dataset/april-2019/jsoup_parent/target/dspot/dependencies/: -d /tmp/dspot-experiments/dataset/april-2019/jsoup_parent/target/test-classes -1.8 -preserveAllLocals -noExit -enableJavadoc -proc:none /tmp/dspot-experiments/dataset/april-2019/jsoup_parent/target/dspot/tmp_test_sources/org/jsoup/integration/ConnectTest.java
[ERROR] Error(s) during compilation:
[ERROR] Pb(2) org.jsoup.integration.ParseTest cannot be resolved to a type
[ERROR] Pb(2) org.jsoup.integration.ParseTest cannot be resolved to a type
[INFO] Compiling with -proceedOnError -encoding UTF-8 -cp /tmp/dspot-experiments/dataset/april-2019/jsoup_parent/target/dspot/tmp_test_sources:/home/bedanglot/.m2/repository/junit/junit/4.12/junit-4.12.jar:/home/bedanglot/.m2/repository/org/hamcrest/hamcrest-core/1.3/hamcrest-core-1.3.jar:/home/bedanglot/.m2/repository/com/google/code/gson/gson/2.7/gson-2.7.jar:/home/bedanglot/.m2/repository/org/eclipse/jetty/jetty-server/9.2.22.v20170606/jetty-server-9.2.22.v20170606.jar:/home/bedanglot/.m2/repository/javax/servlet/javax.servlet-api/3.1.0/javax.servlet-api-3.1.0.jar:/home/bedanglot/.m2/repository/org/eclipse/jetty/jetty-http/9.2.22.v20170606/jetty-http-9.2.22.v20170606.jar:/home/bedanglot/.m2/repository/org/eclipse/jetty/jetty-util/9.2.22.v20170606/jetty-util-9.2.22.v20170606.jar:/home/bedanglot/.m2/repository/org/eclipse/jetty/jetty-io/9.2.22.v20170606/jetty-io-9.2.22.v20170606.jar:/home/bedanglot/.m2/repository/org/eclipse/jetty/jetty-servlet/9.2.22.v20170606/jetty-servlet-9.2.22.v20170606.jar:/home/bedanglot/.m2/repository/org/eclipse/jetty/jetty-security/9.2.22.v20170606/jetty-security-9.2.22.v20170606.jar:/tmp/dspot-experiments/dataset/april-2019/jsoup_parent/target/classes/:/tmp/dspot-experiments/dataset/april-2019/jsoup_parent/target/test-classes/:/tmp/dspot-experiments/dataset/april-2019/jsoup_parent/target/dspot/dependencies/: -d /tmp/dspot-experiments/dataset/april-2019/jsoup_parent/target/test-classes -1.8 -preserveAllLocals -noExit -enableJavadoc -proc:none /tmp/dspot-experiments/dataset/april-2019/jsoup_parent/target/dspot/tmp_test_sources/org/jsoup/integration/ConnectTest.java
[INFO] Run: java -classpath /tmp/dspot-experiments/dataset/april-2019/jsoup_parent/target/classes/:/tmp/dspot-experiments/dataset/april-2019/jsoup_parent/target/test-classes:/home/bedanglot/.m2/repository/junit/junit/4.12/junit-4.12.jar:/home/bedanglot/.m2/repository/org/hamcrest/hamcrest-core/1.3/hamcrest-core-1.3.jar:/home/bedanglot/.m2/repository/com/google/code/gson/gson/2.7/gson-2.7.jar:/home/bedanglot/.m2/repository/org/eclipse/jetty/jetty-server/9.2.22.v20170606/jetty-server-9.2.22.v20170606.jar:/home/bedanglot/.m2/repository/javax/servlet/javax.servlet-api/3.1.0/javax.servlet-api-3.1.0.jar:/home/bedanglot/.m2/repository/org/eclipse/jetty/jetty-http/9.2.22.v20170606/jetty-http-9.2.22.v20170606.jar:/home/bedanglot/.m2/repository/org/eclipse/jetty/jetty-util/9.2.22.v20170606/jetty-util-9.2.22.v20170606.jar:/home/bedanglot/.m2/repository/org/eclipse/jetty/jetty-io/9.2.22.v20170606/jetty-io-9.2.22.v20170606.jar:/home/bedanglot/.m2/repository/org/eclipse/jetty/jetty-servlet/9.2.22.v20170606/jetty-servlet-9.2.22.v20170606.jar:/home/bedanglot/.m2/repository/org/eclipse/jetty/jetty-security/9.2.22.v20170606/jetty-security-9.2.22.v20170606.jar:/tmp/dspot-experiments/dataset/april-2019/jsoup_parent/target/dspot/dependencies/:/home/bedanglot/.m2/repository/eu/stamp-project/test-runner/2.0.7/test-runner-2.0.7-jar-with-dependencies.jar eu.stamp_project.testrunner.runner.JUnit4Runner --class org.jsoup.integration.ConnectTest --tests doesGet:doesPost:sendsRequestBody:multiCookieSet:sendsRequestBodyJsonWithData:doesPut:sendsRequestBodyWithUrlParams:canConnectToLocalServer:multipleParsesOkAfterBufferUp:sendsRequestBodyJsonWithoutData:parseParseThrowsValidates:fetchURl:supportsDeflate:fetchURIWithWihtespace:bodyAfterParseThrowsValidationError:bodyAndBytesAvailableBeforeParse 
Parsing --class org.jsoup.integration.ConnectTest --tests doesGet:doesPost:sendsRequestBody:multiCookieSet:sendsRequestBodyJsonWithData:doesPut:sendsRequestBodyWithUrlParams:canConnectToLocalServer:multipleParsesOkAfterBufferUp:sendsRequestBodyJsonWithoutData:parseParseThrowsValidates:fetchURl:supportsDeflate:fetchURIWithWihtespace:bodyAfterParseThrowsValidationError:bodyAndBytesAvailableBeforeParse
[0] INFO log - Logging initialized @269ms
[33] INFO Server - jetty-9.2.22.v20170606
[74] INFO ServerConnector - Started ServerConnector@64d98cec{HTTP/1.1}{0.0.0.0:43507}
[74] INFO Server - Started @345ms
[690] INFO ServerConnector - Stopped ServerConnector@64d98cec{HTTP/1.1}{0.0.0.0:0}
File saved to the following path: /tmp/dspot-experiments/dataset/april-2019/jsoup_parent/target/dspot/TestResult.ser
Loading /tmp/dspot-experiments/dataset/april-2019/jsoup_parent/target/dspot/TestResult.ser
[INFO] Test has been run: multipleParsesOkAfterBufferUp,multiCookieSet,bodyAndBytesAvailableBeforeParse,fetchURIWithWihtespace,sendsRequestBodyWithUrlParams,fetchURl,sendsRequestBody,doesPost,supportsDeflate,sendsRequestBodyJsonWithoutData,sendsRequestBodyJsonWithData,canConnectToLocalServer,doesGet,doesPut,parseParseThrowsValidates(org.jsoup.integration.ConnectTest): Input stream already read and parsed, cannot re-read.,bodyAfterParseThrowsValidationError(org.jsoup.integration.ConnectTest): Request has already been read (with .parse())
[INFO] 14 test pass, generating assertion...
[INFO] Add observations points in passing tests.
[INFO] Instrumentation...
  7% |=== ]/ 14% |======= ]- 21% |========== ]\ 28% |============== ]| 35% |================= ]/ 42% |===================== ]- 50% |========================= ]\ 57% |============================ ]| 64% |================================ ]/ 71% |=================================== ]- 78% |======================================= ]\ 85% |========================================== ]| 92% |============================================== ]/100% |================================================== ]-
[INFO] Run instrumented tests. (42)
[INFO] Compiling with -proceedOnError -encoding UTF-8 -cp /tmp/dspot-experiments/dataset/april-2019/jsoup_parent/target/dspot/tmp_test_sources:/home/bedanglot/.m2/repository/junit/junit/4.12/junit-4.12.jar:/home/bedanglot/.m2/repository/org/hamcrest/hamcrest-core/1.3/hamcrest-core-1.3.jar:/home/bedanglot/.m2/repository/com/google/code/gson/gson/2.7/gson-2.7.jar:/home/bedanglot/.m2/repository/org/eclipse/jetty/jetty-server/9.2.22.v20170606/jetty-server-9.2.22.v20170606.jar:/home/bedanglot/.m2/repository/javax/servlet/javax.servlet-api/3.1.0/javax.servlet-api-3.1.0.jar:/home/bedanglot/.m2/repository/org/eclipse/jetty/jetty-http/9.2.22.v20170606/jetty-http-9.2.22.v20170606.jar:/home/bedanglot/.m2/repository/org/eclipse/jetty/jetty-util/9.2.22.v20170606/jetty-util-9.2.22.v20170606.jar:/home/bedanglot/.m2/repository/org/eclipse/jetty/jetty-io/9.2.22.v20170606/jetty-io-9.2.22.v20170606.jar:/home/bedanglot/.m2/repository/org/eclipse/jetty/jetty-servlet/9.2.22.v20170606/jetty-servlet-9.2.22.v20170606.jar:/home/bedanglot/.m2/repository/org/eclipse/jetty/jetty-security/9.2.22.v20170606/jetty-security-9.2.22.v20170606.jar:/tmp/dspot-experiments/dataset/april-2019/jsoup_parent/target/classes/:/tmp/dspot-experiments/dataset/april-2019/jsoup_parent/target/test-classes/:/tmp/dspot-experiments/dataset/april-2019/jsoup_parent/target/dspot/dependencies/: -d /tmp/dspot-experiments/dataset/april-2019/jsoup_parent/target/test-classes -1.8 -preserveAllLocals -noExit -enableJavadoc -proc:none /tmp/dspot-experiments/dataset/april-2019/jsoup_parent/target/dspot/tmp_test_sources/org/jsoup/integration/ConnectTest.java
[INFO] Run: java -classpath /tmp/dspot-experiments/dataset/april-2019/jsoup_parent/target/classes/:/tmp/dspot-experiments/dataset/april-2019/jsoup_parent/target/test-classes:/home/bedanglot/.m2/repository/junit/junit/4.12/junit-4.12.jar:/home/bedanglot/.m2/repository/org/hamcrest/hamcrest-core/1.3/hamcrest-core-1.3.jar:/home/bedanglot/.m2/repository/com/google/code/gson/gson/2.7/gson-2.7.jar:/home/bedanglot/.m2/repository/org/eclipse/jetty/jetty-server/9.2.22.v20170606/jetty-server-9.2.22.v20170606.jar:/home/bedanglot/.m2/repository/javax/servlet/javax.servlet-api/3.1.0/javax.servlet-api-3.1.0.jar:/home/bedanglot/.m2/repository/org/eclipse/jetty/jetty-http/9.2.22.v20170606/jetty-http-9.2.22.v20170606.jar:/home/bedanglot/.m2/repository/org/eclipse/jetty/jetty-util/9.2.22.v20170606/jetty-util-9.2.22.v20170606.jar:/home/bedanglot/.m2/repository/org/eclipse/jetty/jetty-io/9.2.22.v20170606/jetty-io-9.2.22.v20170606.jar:/home/bedanglot/.m2/repository/org/eclipse/jetty/jetty-servlet/9.2.22.v20170606/jetty-servlet-9.2.22.v20170606.jar:/home/bedanglot/.m2/repository/org/eclipse/jetty/jetty-security/9.2.22.v20170606/jetty-security-9.2.22.v20170606.jar:/tmp/dspot-experiments/dataset/april-2019/jsoup_parent/target/dspot/dependencies/:/home/bedanglot/.m2/repository/eu/stamp-project/test-runner/2.0.7/test-runner-2.0.7-jar-with-dependencies.jar eu.stamp_project.testrunner.runner.JUnit4Runner --class org.jsoup.integration.ConnectTest --tests doesGet_withlog0:doesPost_withlog0:sendsRequestBody_withlog0:multiCookieSet_withlog0:sendsRequestBodyJsonWithData_withlog0:doesPut_withlog0:sendsRequestBodyWithUrlParams_withlog0:canConnectToLocalServer_withlog0:multipleParsesOkAfterBufferUp_withlog0:sendsRequestBodyJsonWithoutData_withlog0:fetchURl_withlog0:supportsDeflate_withlog0:fetchURIWithWihtespace_withlog0:bodyAndBytesAvailableBeforeParse_withlog0:doesGet_withlog1:doesPost_withlog1:sendsRequestBody_withlog1:multiCookieSet_withlog1:sendsRequestBodyJsonWithData_withlog1:doesPut_withlog1:sendsRequestBodyWithUrlParams_withlog1:canConnectToLocalServer_withlog1:multipleParsesOkAfterBufferUp_withlog1:sendsRequestBodyJsonWithoutData_withlog1:fetchURl_withlog1:supportsDeflate_withlog1:fetchURIWithWihtespace_withlog1:bodyAndBytesAvailableBeforeParse_withlog1:doesGet_withlog2:doesPost_withlog2:sendsRequestBody_withlog2:multiCookieSet_withlog2:sendsRequestBodyJsonWithData_withlog2:doesPut_withlog2:sendsRequestBodyWithUrlParams_withlog2:canConnectToLocalServer_withlog2:multipleParsesOkAfterBufferUp_withlog2:sendsRequestBodyJsonWithoutData_withlog2:fetchURl_withlog2:supportsDeflate_withlog2:fetchURIWithWihtespace_withlog2:bodyAndBytesAvailableBeforeParse_withlog2 
Parsing --class org.jsoup.integration.ConnectTest --tests doesGet_withlog0:doesPost_withlog0:sendsRequestBody_withlog0:multiCookieSet_withlog0:sendsRequestBodyJsonWithData_withlog0:doesPut_withlog0:sendsRequestBodyWithUrlParams_withlog0:canConnectToLocalServer_withlog0:multipleParsesOkAfterBufferUp_withlog0:sendsRequestBodyJsonWithoutData_withlog0:fetchURl_withlog0:supportsDeflate_withlog0:fetchURIWithWihtespace_withlog0:bodyAndBytesAvailableBeforeParse_withlog0:doesGet_withlog1:doesPost_withlog1:sendsRequestBody_withlog1:multiCookieSet_withlog1:sendsRequestBodyJsonWithData_withlog1:doesPut_withlog1:sendsRequestBodyWithUrlParams_withlog1:canConnectToLocalServer_withlog1:multipleParsesOkAfterBufferUp_withlog1:sendsRequestBodyJsonWithoutData_withlog1:fetchURl_withlog1:supportsDeflate_withlog1:fetchURIWithWihtespace_withlog1:bodyAndBytesAvailableBeforeParse_withlog1:doesGet_withlog2:doesPost_withlog2:sendsRequestBody_withlog2:multiCookieSet_withlog2:sendsRequestBodyJsonWithData_withlog2:doesPut_withlog2:sendsRequestBodyWithUrlParams_withlog2:canConnectToLocalServer_withlog2:multipleParsesOkAfterBufferUp_withlog2:sendsRequestBodyJsonWithoutData_withlog2:fetchURl_withlog2:supportsDeflate_withlog2:fetchURIWithWihtespace_withlog2:bodyAndBytesAvailableBeforeParse_withlog2
[0] INFO log - Logging initialized @325ms
[36] INFO Server - jetty-9.2.22.v20170606
[72] INFO ServerConnector - Started ServerConnector@2abe2919{HTTP/1.1}{0.0.0.0:45605}
[72] INFO Server - Started @398ms
[1510] INFO ServerConnector - Stopped ServerConnector@2abe2919{HTTP/1.1}{0.0.0.0:0}
File saved to the following path: /tmp/dspot-experiments/dataset/april-2019/jsoup_parent/target/dspot/observations.ser
File saved to the following path: /tmp/dspot-experiments/dataset/april-2019/jsoup_parent/target/dspot/TestResult.ser
Loading /tmp/dspot-experiments/dataset/april-2019/jsoup_parent/target/dspot/TestResult.ser
[INFO] Test has been run: sendsRequestBodyJsonWithoutData_withlog0,sendsRequestBodyJsonWithoutData_withlog1,sendsRequestBodyJsonWithoutData_withlog2,bodyAndBytesAvailableBeforeParse_withlog0,bodyAndBytesAvailableBeforeParse_withlog1,bodyAndBytesAvailableBeforeParse_withlog2,sendsRequestBodyJsonWithData_withlog0,sendsRequestBodyJsonWithData_withlog1,sendsRequestBodyJsonWithData_withlog2,doesGet_withlog0,doesGet_withlog1,doesGet_withlog2,multipleParsesOkAfterBufferUp_withlog0,multipleParsesOkAfterBufferUp_withlog1,multipleParsesOkAfterBufferUp_withlog2,sendsRequestBody_withlog0,sendsRequestBody_withlog1,sendsRequestBody_withlog2,sendsRequestBodyWithUrlParams_withlog0,sendsRequestBodyWithUrlParams_withlog1,sendsRequestBodyWithUrlParams_withlog2,multiCookieSet_withlog0,multiCookieSet_withlog1,multiCookieSet_withlog2,fetchURIWithWihtespace_withlog0,fetchURIWithWihtespace_withlog1,fetchURIWithWihtespace_withlog2,fetchURl_withlog0,fetchURl_withlog1,fetchURl_withlog2,doesPut_withlog0,doesPut_withlog1,doesPut_withlog2,supportsDeflate_withlog0,supportsDeflate_withlog1,supportsDeflate_withlog2,canConnectToLocalServer_withlog0,canConnectToLocalServer_withlog1,canConnectToLocalServer_withlog2,doesPost_withlog0,doesPost_withlog1,doesPost_withlog2
[INFO] Generating assertions...
[INFO] 2 test fail, generating try/catch/fail blocks...
[INFO] 16 new tests with assertions generated
[INFO] Compiling with -proceedOnError -encoding UTF-8 -cp /tmp/dspot-experiments/dataset/april-2019/jsoup_parent/target/dspot/tmp_test_sources:/home/bedanglot/.m2/repository/junit/junit/4.12/junit-4.12.jar:/home/bedanglot/.m2/repository/org/hamcrest/hamcrest-core/1.3/hamcrest-core-1.3.jar:/home/bedanglot/.m2/repository/com/google/code/gson/gson/2.7/gson-2.7.jar:/home/bedanglot/.m2/repository/org/eclipse/jetty/jetty-server/9.2.22.v20170606/jetty-server-9.2.22.v20170606.jar:/home/bedanglot/.m2/repository/javax/servlet/javax.servlet-api/3.1.0/javax.servlet-api-3.1.0.jar:/home/bedanglot/.m2/repository/org/eclipse/jetty/jetty-http/9.2.22.v20170606/jetty-http-9.2.22.v20170606.jar:/home/bedanglot/.m2/repository/org/eclipse/jetty/jetty-util/9.2.22.v20170606/jetty-util-9.2.22.v20170606.jar:/home/bedanglot/.m2/repository/org/eclipse/jetty/jetty-io/9.2.22.v20170606/jetty-io-9.2.22.v20170606.jar:/home/bedanglot/.m2/repository/org/eclipse/jetty/jetty-servlet/9.2.22.v20170606/jetty-servlet-9.2.22.v20170606.jar:/home/bedanglot/.m2/repository/org/eclipse/jetty/jetty-security/9.2.22.v20170606/jetty-security-9.2.22.v20170606.jar:/tmp/dspot-experiments/dataset/april-2019/jsoup_parent/target/classes/:/tmp/dspot-experiments/dataset/april-2019/jsoup_parent/target/test-classes/:/tmp/dspot-experiments/dataset/april-2019/jsoup_parent/target/dspot/dependencies/: -d /tmp/dspot-experiments/dataset/april-2019/jsoup_parent/target/test-classes -1.8 -preserveAllLocals -noExit -enableJavadoc -proc:none /tmp/dspot-experiments/dataset/april-2019/jsoup_parent/target/dspot/tmp_test_sources/org/jsoup/integration/ConnectTest.java
[ERROR] Error(s) during compilation:
[ERROR] Pb(2) org.jsoup.integration.ParseTest cannot be resolved to a type
[ERROR] Pb(2) org.jsoup.integration.ParseTest cannot be resolved to a type
[INFO] Compiling with -proceedOnError -encoding UTF-8 -cp /tmp/dspot-experiments/dataset/april-2019/jsoup_parent/target/dspot/tmp_test_sources:/home/bedanglot/.m2/repository/junit/junit/4.12/junit-4.12.jar:/home/bedanglot/.m2/repository/org/hamcrest/hamcrest-core/1.3/hamcrest-core-1.3.jar:/home/bedanglot/.m2/repository/com/google/code/gson/gson/2.7/gson-2.7.jar:/home/bedanglot/.m2/repository/org/eclipse/jetty/jetty-server/9.2.22.v20170606/jetty-server-9.2.22.v20170606.jar:/home/bedanglot/.m2/repository/javax/servlet/javax.servlet-api/3.1.0/javax.servlet-api-3.1.0.jar:/home/bedanglot/.m2/repository/org/eclipse/jetty/jetty-http/9.2.22.v20170606/jetty-http-9.2.22.v20170606.jar:/home/bedanglot/.m2/repository/org/eclipse/jetty/jetty-util/9.2.22.v20170606/jetty-util-9.2.22.v20170606.jar:/home/bedanglot/.m2/repository/org/eclipse/jetty/jetty-io/9.2.22.v20170606/jetty-io-9.2.22.v20170606.jar:/home/bedanglot/.m2/repository/org/eclipse/jetty/jetty-servlet/9.2.22.v20170606/jetty-servlet-9.2.22.v20170606.jar:/home/bedanglot/.m2/repository/org/eclipse/jetty/jetty-security/9.2.22.v20170606/jetty-security-9.2.22.v20170606.jar:/tmp/dspot-experiments/dataset/april-2019/jsoup_parent/target/classes/:/tmp/dspot-experiments/dataset/april-2019/jsoup_parent/target/test-classes/:/tmp/dspot-experiments/dataset/april-2019/jsoup_parent/target/dspot/dependencies/: -d /tmp/dspot-experiments/dataset/april-2019/jsoup_parent/target/test-classes -1.8 -preserveAllLocals -noExit -enableJavadoc -proc:none /tmp/dspot-experiments/dataset/april-2019/jsoup_parent/target/dspot/tmp_test_sources/org/jsoup/integration/ConnectTest.java
[INFO] Run: java -classpath /tmp/dspot-experiments/dataset/april-2019/jsoup_parent/target/classes/:/tmp/dspot-experiments/dataset/april-2019/jsoup_parent/target/test-classes:/home/bedanglot/.m2/repository/junit/junit/4.12/junit-4.12.jar:/home/bedanglot/.m2/repository/org/hamcrest/hamcrest-core/1.3/hamcrest-core-1.3.jar:/home/bedanglot/.m2/repository/com/google/code/gson/gson/2.7/gson-2.7.jar:/home/bedanglot/.m2/repository/org/eclipse/jetty/jetty-server/9.2.22.v20170606/jetty-server-9.2.22.v20170606.jar:/home/bedanglot/.m2/repository/javax/servlet/javax.servlet-api/3.1.0/javax.servlet-api-3.1.0.jar:/home/bedanglot/.m2/repository/org/eclipse/jetty/jetty-http/9.2.22.v20170606/jetty-http-9.2.22.v20170606.jar:/home/bedanglot/.m2/repository/org/eclipse/jetty/jetty-util/9.2.22.v20170606/jetty-util-9.2.22.v20170606.jar:/home/bedanglot/.m2/repository/org/eclipse/jetty/jetty-io/9.2.22.v20170606/jetty-io-9.2.22.v20170606.jar:/home/bedanglot/.m2/repository/org/eclipse/jetty/jetty-servlet/9.2.22.v20170606/jetty-servlet-9.2.22.v20170606.jar:/home/bedanglot/.m2/repository/org/eclipse/jetty/jetty-security/9.2.22.v20170606/jetty-security-9.2.22.v20170606.jar:/tmp/dspot-experiments/dataset/april-2019/jsoup_parent/target/dspot/dependencies/:/home/bedanglot/.m2/repository/eu/stamp-project/test-runner/2.0.7/test-runner-2.0.7-jar-with-dependencies.jar eu.stamp_project.testrunner.runner.JUnit4Runner --class org.jsoup.integration.ConnectTest --tests doesGet:doesPost:sendsRequestBody:multiCookieSet:sendsRequestBodyJsonWithData:doesPut:sendsRequestBodyWithUrlParams:canConnectToLocalServer:multipleParsesOkAfterBufferUp:sendsRequestBodyJsonWithoutData:fetchURl:supportsDeflate:fetchURIWithWihtespace:bodyAndBytesAvailableBeforeParse:parseParseThrowsValidates_failAssert0:bodyAfterParseThrowsValidationError_failAssert0 
Parsing --class org.jsoup.integration.ConnectTest --tests doesGet:doesPost:sendsRequestBody:multiCookieSet:sendsRequestBodyJsonWithData:doesPut:sendsRequestBodyWithUrlParams:canConnectToLocalServer:multipleParsesOkAfterBufferUp:sendsRequestBodyJsonWithoutData:fetchURl:supportsDeflate:fetchURIWithWihtespace:bodyAndBytesAvailableBeforeParse:parseParseThrowsValidates_failAssert0:bodyAfterParseThrowsValidationError_failAssert0
[1] INFO log - Logging initialized @286ms
[35] INFO Server - jetty-9.2.22.v20170606
[70] INFO ServerConnector - Started ServerConnector@1a95c059{HTTP/1.1}{0.0.0.0:36429}
[70] INFO Server - Started @357ms
[684] INFO ServerConnector - Stopped ServerConnector@1a95c059{HTTP/1.1}{0.0.0.0:0}
File saved to the following path: /tmp/dspot-experiments/dataset/april-2019/jsoup_parent/target/dspot/TestResult.ser
Loading /tmp/dspot-experiments/dataset/april-2019/jsoup_parent/target/dspot/TestResult.ser
[INFO] Test has been run: multipleParsesOkAfterBufferUp,bodyAfterParseThrowsValidationError_failAssert0,multiCookieSet,fetchURIWithWihtespace,sendsRequestBodyWithUrlParams,fetchURl,sendsRequestBody,doesPost,supportsDeflate,sendsRequestBodyJsonWithoutData,sendsRequestBodyJsonWithData,doesGet,doesPut,parseParseThrowsValidates_failAssert0,bodyAndBytesAvailableBeforeParse(org.jsoup.integration.ConnectTest): expected:<...t</th><td>localhost:[45605]</td></tr>
<tr><th>A...> but was:<...t</th><td>localhost:[36429]</td></tr>
<tr><th>A...>,canConnectToLocalServer(org.jsoup.integration.ConnectTest): expected:<http://localhost:[45605]/HelloServlet> but was:<http://localhost:[36429]/HelloServlet>
[INFO] Assertion amplification: 14 test method(s) has been successfully amplified.
[WARN] 2019-05-07 17:58:34 Launcher - You specified the directory /tmp/dspot-experiments/dataset/april-2019/jsoup/target/classes in source classpath, please note that only class files will be considered. Jars and subdirectories will be ignored.
[WARN] 2019-05-07 17:58:34 Launcher - You specified the directory /tmp/dspot-experiments/dataset/april-2019/jsoup/target/test-classes in source classpath, please note that only class files will be considered. Jars and subdirectories will be ignored.
[WARN] 2019-05-07 17:58:34 Launcher - You specified the directory /tmp/dspot-experiments/dataset/april-2019/jsoup/target/dspot/dependencies in source classpath, please note that only class files will be considered. Jars and subdirectories will be ignored.
[INFO] Run: java -classpath /tmp/dspot-experiments/dataset/april-2019/jsoup/target/classes/:/tmp/dspot-experiments/dataset/april-2019/jsoup/target/test-classes/:/home/bedanglot/.m2/repository/junit/junit/4.12/junit-4.12.jar:/home/bedanglot/.m2/repository/org/hamcrest/hamcrest-core/1.3/hamcrest-core-1.3.jar:/home/bedanglot/.m2/repository/com/google/code/gson/gson/2.7/gson-2.7.jar:/home/bedanglot/.m2/repository/org/eclipse/jetty/jetty-server/9.2.22.v20170606/jetty-server-9.2.22.v20170606.jar:/home/bedanglot/.m2/repository/javax/servlet/javax.servlet-api/3.1.0/javax.servlet-api-3.1.0.jar:/home/bedanglot/.m2/repository/org/eclipse/jetty/jetty-http/9.2.22.v20170606/jetty-http-9.2.22.v20170606.jar:/home/bedanglot/.m2/repository/org/eclipse/jetty/jetty-util/9.2.22.v20170606/jetty-util-9.2.22.v20170606.jar:/home/bedanglot/.m2/repository/org/eclipse/jetty/jetty-io/9.2.22.v20170606/jetty-io-9.2.22.v20170606.jar:/home/bedanglot/.m2/repository/org/eclipse/jetty/jetty-servlet/9.2.22.v20170606/jetty-servlet-9.2.22.v20170606.jar:/home/bedanglot/.m2/repository/org/eclipse/jetty/jetty-security/9.2.22.v20170606/jetty-security-9.2.22.v20170606.jar:/tmp/dspot-experiments/dataset/april-2019/jsoup/target/dspot/dependencies/:/home/bedanglot/.m2/repository/eu/stamp-project/test-runner/2.0.7/test-runner-2.0.7-jar-with-dependencies.jar eu.stamp_project.testrunner.runner.JUnit4Runner --class org.jsoup.integration.ConnectTest --tests doesGet:doesPost:sendsRequestBody:multiCookieSet:sendsRequestBodyJsonWithData:doesPut:sendsRequestBodyWithUrlParams:multipleParsesOkAfterBufferUp:sendsRequestBodyJsonWithoutData:fetchURl:supportsDeflate:fetchURIWithWihtespace:parseParseThrowsValidates_failAssert0:bodyAfterParseThrowsValidationError_failAssert0 
Parsing --class org.jsoup.integration.ConnectTest --tests doesGet:doesPost:sendsRequestBody:multiCookieSet:sendsRequestBodyJsonWithData:doesPut:sendsRequestBodyWithUrlParams:multipleParsesOkAfterBufferUp:sendsRequestBodyJsonWithoutData:fetchURl:supportsDeflate:fetchURIWithWihtespace:parseParseThrowsValidates_failAssert0:bodyAfterParseThrowsValidationError_failAssert0
[0] INFO log - Logging initialized @267ms
[34] INFO Server - jetty-9.2.22.v20170606
[68] INFO ServerConnector - Started ServerConnector@34c3a8af{HTTP/1.1}{0.0.0.0:46293}
[69] INFO Server - Started @337ms
[658] INFO ServerConnector - Stopped ServerConnector@34c3a8af{HTTP/1.1}{0.0.0.0:0}
File saved to the following path: /tmp/dspot-experiments/dataset/april-2019/jsoup_parent/target/dspot/TestResult.ser
Loading /tmp/dspot-experiments/dataset/april-2019/jsoup_parent/target/dspot/TestResult.ser
[INFO] Test has been run: multipleParsesOkAfterBufferUp,bodyAfterParseThrowsValidationError_failAssert0,multiCookieSet,fetchURIWithWihtespace,sendsRequestBodyWithUrlParams,fetchURl,sendsRequestBody,doesPost,supportsDeflate,sendsRequestBodyJsonWithoutData,sendsRequestBodyJsonWithData,doesGet,doesPut,parseParseThrowsValidates_failAssert0
[INFO] 0 amplified test methods has been selected to be kept. (global: 0)
[INFO] elapsedTime 13541
[WARNING] DSpot could not obtain any amplified test method.
[WARNING] You can customize the following options: --amplifiers, --test-criterion, --iteration, --budgetizer etc, and retry with a new configuration.
[INFO] Amplification succeed.
[INFO] Elapsed time 70679 ms
[INFO] 
0 amplified test fails on the new versions.
0 amplified test fails on the new versions.
0 amplified test fails on the new versions.
0 amplified test fails on the new versions.
0 amplified test fails on the new versions.
0 amplified test fails on the new versions.
0 amplified test fails on the new versions.
[INFO] Writing report in /tmp/dspot-experiments/results/april-2019/jsoup/commit_6_2c4e79b/assert_amplification/report.txt
[INFO] DSpot amplified your test suite without errors. (no errors report will be outputted)
[INFO] The amplification ends up with 0 amplified test methods over 0 test classes.
[INFO] ------------------------------------------------------------------------
[INFO] BUILD SUCCESS
[INFO] ------------------------------------------------------------------------
[INFO] Total time: 01:21 min
[INFO] Finished at: 2019-05-07T17:58:35+02:00
[INFO] Final Memory: 56M/2044M
[INFO] ------------------------------------------------------------------------
