Apache Maven 3.3.9
Maven home: /usr/share/maven
Java version: 1.8.0_212, vendor: Oracle Corporation
Java home: /usr/lib/jvm/java-8-openjdk-amd64/jre
Default locale: en_US, platform encoding: UTF-8
OS name: "linux", version: "4.9.0-9-amd64", arch: "amd64", family: "unix"
[DEBUG] Created new class realm maven.api
[DEBUG] Importing foreign packages into class realm maven.api
[DEBUG]   Imported: javax.enterprise.inject.* < plexus.core
[DEBUG]   Imported: javax.enterprise.util.* < plexus.core
[DEBUG]   Imported: javax.inject.* < plexus.core
[DEBUG]   Imported: org.apache.maven.* < plexus.core
[DEBUG]   Imported: org.apache.maven.artifact < plexus.core
[DEBUG]   Imported: org.apache.maven.classrealm < plexus.core
[DEBUG]   Imported: org.apache.maven.cli < plexus.core
[DEBUG]   Imported: org.apache.maven.configuration < plexus.core
[DEBUG]   Imported: org.apache.maven.exception < plexus.core
[DEBUG]   Imported: org.apache.maven.execution < plexus.core
[DEBUG]   Imported: org.apache.maven.execution.scope < plexus.core
[DEBUG]   Imported: org.apache.maven.lifecycle < plexus.core
[DEBUG]   Imported: org.apache.maven.model < plexus.core
[DEBUG]   Imported: org.apache.maven.monitor < plexus.core
[DEBUG]   Imported: org.apache.maven.plugin < plexus.core
[DEBUG]   Imported: org.apache.maven.profiles < plexus.core
[DEBUG]   Imported: org.apache.maven.project < plexus.core
[DEBUG]   Imported: org.apache.maven.reporting < plexus.core
[DEBUG]   Imported: org.apache.maven.repository < plexus.core
[DEBUG]   Imported: org.apache.maven.rtinfo < plexus.core
[DEBUG]   Imported: org.apache.maven.settings < plexus.core
[DEBUG]   Imported: org.apache.maven.toolchain < plexus.core
[DEBUG]   Imported: org.apache.maven.usability < plexus.core
[DEBUG]   Imported: org.apache.maven.wagon.* < plexus.core
[DEBUG]   Imported: org.apache.maven.wagon.authentication < plexus.core
[DEBUG]   Imported: org.apache.maven.wagon.authorization < plexus.core
[DEBUG]   Imported: org.apache.maven.wagon.events < plexus.core
[DEBUG]   Imported: org.apache.maven.wagon.observers < plexus.core
[DEBUG]   Imported: org.apache.maven.wagon.proxy < plexus.core
[DEBUG]   Imported: org.apache.maven.wagon.repository < plexus.core
[DEBUG]   Imported: org.apache.maven.wagon.resource < plexus.core
[DEBUG]   Imported: org.codehaus.classworlds < plexus.core
[DEBUG]   Imported: org.codehaus.plexus.* < plexus.core
[DEBUG]   Imported: org.codehaus.plexus.classworlds < plexus.core
[DEBUG]   Imported: org.codehaus.plexus.component < plexus.core
[DEBUG]   Imported: org.codehaus.plexus.configuration < plexus.core
[DEBUG]   Imported: org.codehaus.plexus.container < plexus.core
[DEBUG]   Imported: org.codehaus.plexus.context < plexus.core
[DEBUG]   Imported: org.codehaus.plexus.lifecycle < plexus.core
[DEBUG]   Imported: org.codehaus.plexus.logging < plexus.core
[DEBUG]   Imported: org.codehaus.plexus.personality < plexus.core
[DEBUG]   Imported: org.codehaus.plexus.util.xml.Xpp3Dom < plexus.core
[DEBUG]   Imported: org.codehaus.plexus.util.xml.pull.XmlPullParser < plexus.core
[DEBUG]   Imported: org.codehaus.plexus.util.xml.pull.XmlPullParserException < plexus.core
[DEBUG]   Imported: org.codehaus.plexus.util.xml.pull.XmlSerializer < plexus.core
[DEBUG]   Imported: org.eclipse.aether.* < plexus.core
[DEBUG]   Imported: org.eclipse.aether.artifact < plexus.core
[DEBUG]   Imported: org.eclipse.aether.collection < plexus.core
[DEBUG]   Imported: org.eclipse.aether.deployment < plexus.core
[DEBUG]   Imported: org.eclipse.aether.graph < plexus.core
[DEBUG]   Imported: org.eclipse.aether.impl < plexus.core
[DEBUG]   Imported: org.eclipse.aether.installation < plexus.core
[DEBUG]   Imported: org.eclipse.aether.internal.impl < plexus.core
[DEBUG]   Imported: org.eclipse.aether.metadata < plexus.core
[DEBUG]   Imported: org.eclipse.aether.repository < plexus.core
[DEBUG]   Imported: org.eclipse.aether.resolution < plexus.core
[DEBUG]   Imported: org.eclipse.aether.spi < plexus.core
[DEBUG]   Imported: org.eclipse.aether.transfer < plexus.core
[DEBUG]   Imported: org.eclipse.aether.version < plexus.core
[DEBUG]   Imported: org.slf4j.* < plexus.core
[DEBUG]   Imported: org.slf4j.helpers.* < plexus.core
[DEBUG]   Imported: org.slf4j.spi.* < plexus.core
[DEBUG] Populating class realm maven.api
[INFO] Error stacktraces are turned on.
[DEBUG] Reading global settings from /usr/share/maven/conf/settings.xml
[DEBUG] Reading user settings from /home/bedanglot/.m2/settings.xml
[DEBUG] Reading global toolchains from /usr/share/maven/conf/toolchains.xml
[DEBUG] Reading user toolchains from /home/bedanglot/.m2/toolchains.xml
[DEBUG] Using local repository at /home/bedanglot/.m2/repository
[DEBUG] Using manager EnhancedLocalRepositoryManager with priority 10.0 for /home/bedanglot/.m2/repository
[INFO] Scanning for projects...
[DEBUG] Extension realms for project com.github.spullara.mustache.java:compiler:jar:0.9.6-SNAPSHOT: (none)
[DEBUG] Looking up lifecyle mappings for packaging jar from ClassRealm[plexus.core, parent: null]
[DEBUG] Extension realms for project com.github.spullara.mustache.java:mustache.java:pom:0.9.6-SNAPSHOT: (none)
[DEBUG] Looking up lifecyle mappings for packaging pom from ClassRealm[plexus.core, parent: null]
[DEBUG] === REACTOR BUILD PLAN ================================================
[DEBUG] Project: com.github.spullara.mustache.java:compiler:jar:0.9.6-SNAPSHOT
[DEBUG] Tasks:   [eu.stamp-project:dspot-maven:2.1.1-SNAPSHOT:amplify-unit-tests]
[DEBUG] Style:   Regular
[DEBUG] =======================================================================
[INFO]                                                                         
[INFO] ------------------------------------------------------------------------
[INFO] Building compiler 0.9.6-SNAPSHOT
[INFO] ------------------------------------------------------------------------
[DEBUG] Lifecycle default -> [validate, initialize, generate-sources, process-sources, generate-resources, process-resources, compile, process-classes, generate-test-sources, process-test-sources, generate-test-resources, process-test-resources, test-compile, process-test-classes, test, prepare-package, package, pre-integration-test, integration-test, post-integration-test, verify, install, deploy]
[DEBUG] Lifecycle clean -> [pre-clean, clean, post-clean]
[DEBUG] Lifecycle site -> [pre-site, site, post-site, site-deploy]
[DEBUG] === PROJECT BUILD PLAN ================================================
[DEBUG] Project:       com.github.spullara.mustache.java:compiler:0.9.6-SNAPSHOT
[DEBUG] Dependencies (collect): []
[DEBUG] Dependencies (resolve): [test]
[DEBUG] Repositories (dependencies): [Twitter (http://maven.twttr.com/, default, releases+snapshots), central (https://repo.maven.apache.org/maven2, default, releases)]
[DEBUG] Repositories (plugins)     : [central (https://repo.maven.apache.org/maven2, default, releases)]
[DEBUG] -----------------------------------------------------------------------
[DEBUG] Goal:          eu.stamp-project:dspot-maven:2.1.1-SNAPSHOT:amplify-unit-tests (default-cli)
[DEBUG] Style:         Regular
[DEBUG] Configuration: <?xml version="1.0" encoding="UTF-8"?>
<configuration>
  <allowPathInAssertions default-value="false">${allow-path-in-assertions}</allowPathInAssertions>
  <amplifiers default-value="None">${amplifiers}</amplifiers>
  <automaticBuilder default-value="MavenBuilder">${automatic-builder}</automaticBuilder>
  <budgetizer default-value="RandomBudgetizer">${budgetizer}</budgetizer>
  <cases>${cases}</cases>
  <clean default-value="false">${clean}</clean>
  <descartes default-value="true">${descartes}</descartes>
  <example default-value="false">${example}</example>
  <generateNewTestClass default-value="false">${generate-new-test-class}</generateNewTestClass>
  <help default-value="false">${help}</help>
  <iteration default-value="3">${iteration}</iteration>
  <keepOriginalTestMethods default-value="false">${keep-original-test-methods}</keepOriginalTestMethods>
  <mavenHome>${maven-home}</mavenHome>
  <maxTestAmplified default-value="200">${max-test-amplified}</maxTestAmplified>
  <noMinimize default-value="false">${no-minimize}</noMinimize>
  <outputPath default-value="target/dspot/output">${output-path}</outputPath>
  <pathPitResult>${path-pit-result}</pathPitResult>
  <pathToProperties default-value="">${path-to-properties}</pathToProperties>
  <pathToSecondVersion default-value="">${path-to-second-version}</pathToSecondVersion>
  <pathToTestListCsv default-value="">${path-to-test-list-csv}</pathToTestListCsv>
  <project default-value="${project}"/>
  <randomSeed default-value="23">${randomSeed}</randomSeed>
  <targetOneTestClass default-value="false">${targetOneTestClass}</targetOneTestClass>
  <test default-value="all">${test}</test>
  <testCriterion default-value="PitMutantScoreSelector">${test-criterion}</testCriterion>
  <timeOut default-value="10000">${timeOut}</timeOut>
  <useMavenToExeTest default-value="false">${use-maven-to-exe-test}</useMavenToExeTest>
  <verbose default-value="false">${verbose}</verbose>
  <withComment default-value="false">${with-comment}</withComment>
  <workingDirectory default-value="false">${working-directory}</workingDirectory>
</configuration>
[DEBUG] =======================================================================
[DEBUG] Dependency collection stats: {ConflictMarker.analyzeTime=1, ConflictMarker.markTime=0, ConflictMarker.nodeCount=10, ConflictIdSorter.graphTime=1, ConflictIdSorter.topsortTime=0, ConflictIdSorter.conflictIdCount=8, ConflictIdSorter.conflictIdCycleCount=0, ConflictResolver.totalTime=3, ConflictResolver.conflictItemCount=9, DefaultDependencyCollector.collectTime=62, DefaultDependencyCollector.transformTime=6}
[DEBUG] com.github.spullara.mustache.java:compiler:jar:0.9.6-SNAPSHOT
[DEBUG]    junit:junit:jar:4.11:test
[DEBUG]       org.hamcrest:hamcrest-core:jar:1.3:test
[DEBUG]    com.fasterxml.jackson.core:jackson-databind:jar:2.7.4:test
[DEBUG]       com.fasterxml.jackson.core:jackson-annotations:jar:2.7.0:test
[DEBUG]       com.fasterxml.jackson.core:jackson-core:jar:2.7.4:test
[DEBUG]    com.fasterxml.jackson.dataformat:jackson-dataformat-yaml:jar:2.7.4:test
[DEBUG]       org.yaml:snakeyaml:jar:1.15:test
[DEBUG]    com.google.guava:guava:jar:20.0:test
[INFO] 
[INFO] --- dspot-maven:2.1.1-SNAPSHOT:amplify-unit-tests (default-cli) @ compiler ---
[DEBUG] Skipped remote request for eu.stamp-project:dspot:2.1.1-SNAPSHOT/maven-metadata.xml, locally installed metadata up-to-date.
[DEBUG] Skipped remote request for eu.stamp-project:dspot:2.1.1-SNAPSHOT/maven-metadata.xml, locally installed metadata up-to-date.
[DEBUG] Skipped remote request for eu.stamp-project:dspot:2.1.1-SNAPSHOT/maven-metadata.xml, locally installed metadata up-to-date.
[DEBUG] Skipped remote request for eu.stamp-project:dspot:2.1.1-SNAPSHOT/maven-metadata.xml, locally installed metadata up-to-date.
[DEBUG] Could not find metadata org.eclipse.platform:org.eclipse.core.resources/maven-metadata.xml in local (/home/bedanglot/.m2/repository)
[DEBUG] Skipped remote request for org.eclipse.platform:org.eclipse.core.resources/maven-metadata.xml, locally cached metadata up-to-date.
[DEBUG] Failure to find org.eclipse.platform:org.eclipse.core.resources/maven-metadata.xml in https://repo.gradle.org/gradle/libs-releases-local/ was cached in the local repository, resolution will not be reattempted until the update interval of gradle-repo has elapsed or updates are forced
[DEBUG] Failure to find org.eclipse.platform:org.eclipse.core.resources/maven-metadata.xml in https://oss.sonatype.org/content/repositories/snapshots was cached in the local repository, resolution will not be reattempted until the update interval of sonatype-nexus-snapshots has elapsed or updates are forced
[DEBUG] Failure to find org.eclipse.platform:org.eclipse.core.resources/maven-metadata.xml in http://maven.inria.fr/artifactory/spoon-public-snapshot was cached in the local repository, resolution will not be reattempted until the update interval of maven.inria.fr-snapshot has elapsed or updates are forced
[DEBUG] Could not find metadata org.eclipse.platform:org.eclipse.core.expressions/maven-metadata.xml in local (/home/bedanglot/.m2/repository)
[DEBUG] Skipped remote request for org.eclipse.platform:org.eclipse.core.expressions/maven-metadata.xml, locally cached metadata up-to-date.
[DEBUG] Failure to find org.eclipse.platform:org.eclipse.core.expressions/maven-metadata.xml in https://repo.gradle.org/gradle/libs-releases-local/ was cached in the local repository, resolution will not be reattempted until the update interval of gradle-repo has elapsed or updates are forced
[DEBUG] Failure to find org.eclipse.platform:org.eclipse.core.expressions/maven-metadata.xml in https://oss.sonatype.org/content/repositories/snapshots was cached in the local repository, resolution will not be reattempted until the update interval of sonatype-nexus-snapshots has elapsed or updates are forced
[DEBUG] Failure to find org.eclipse.platform:org.eclipse.core.expressions/maven-metadata.xml in http://maven.inria.fr/artifactory/spoon-public-snapshot was cached in the local repository, resolution will not be reattempted until the update interval of maven.inria.fr-snapshot has elapsed or updates are forced
[DEBUG] Could not find metadata org.eclipse.platform:org.eclipse.core.runtime/maven-metadata.xml in local (/home/bedanglot/.m2/repository)
[DEBUG] Skipped remote request for org.eclipse.platform:org.eclipse.core.runtime/maven-metadata.xml, locally cached metadata up-to-date.
[DEBUG] Failure to find org.eclipse.platform:org.eclipse.core.runtime/maven-metadata.xml in https://repo.gradle.org/gradle/libs-releases-local/ was cached in the local repository, resolution will not be reattempted until the update interval of gradle-repo has elapsed or updates are forced
[DEBUG] Failure to find org.eclipse.platform:org.eclipse.core.runtime/maven-metadata.xml in https://oss.sonatype.org/content/repositories/snapshots was cached in the local repository, resolution will not be reattempted until the update interval of sonatype-nexus-snapshots has elapsed or updates are forced
[DEBUG] Failure to find org.eclipse.platform:org.eclipse.core.runtime/maven-metadata.xml in http://maven.inria.fr/artifactory/spoon-public-snapshot was cached in the local repository, resolution will not be reattempted until the update interval of maven.inria.fr-snapshot has elapsed or updates are forced
[DEBUG] Could not find metadata org.eclipse.platform:org.eclipse.osgi/maven-metadata.xml in local (/home/bedanglot/.m2/repository)
[DEBUG] Skipped remote request for org.eclipse.platform:org.eclipse.osgi/maven-metadata.xml, locally cached metadata up-to-date.
[DEBUG] Failure to find org.eclipse.platform:org.eclipse.osgi/maven-metadata.xml in https://repo.gradle.org/gradle/libs-releases-local/ was cached in the local repository, resolution will not be reattempted until the update interval of gradle-repo has elapsed or updates are forced
[DEBUG] Failure to find org.eclipse.platform:org.eclipse.osgi/maven-metadata.xml in https://oss.sonatype.org/content/repositories/snapshots was cached in the local repository, resolution will not be reattempted until the update interval of sonatype-nexus-snapshots has elapsed or updates are forced
[DEBUG] Failure to find org.eclipse.platform:org.eclipse.osgi/maven-metadata.xml in http://maven.inria.fr/artifactory/spoon-public-snapshot was cached in the local repository, resolution will not be reattempted until the update interval of maven.inria.fr-snapshot has elapsed or updates are forced
[DEBUG] Could not find metadata org.eclipse.platform:org.eclipse.equinox.common/maven-metadata.xml in local (/home/bedanglot/.m2/repository)
[DEBUG] Skipped remote request for org.eclipse.platform:org.eclipse.equinox.common/maven-metadata.xml, locally cached metadata up-to-date.
[DEBUG] Failure to find org.eclipse.platform:org.eclipse.equinox.common/maven-metadata.xml in https://repo.gradle.org/gradle/libs-releases-local/ was cached in the local repository, resolution will not be reattempted until the update interval of gradle-repo has elapsed or updates are forced
[DEBUG] Failure to find org.eclipse.platform:org.eclipse.equinox.common/maven-metadata.xml in https://oss.sonatype.org/content/repositories/snapshots was cached in the local repository, resolution will not be reattempted until the update interval of sonatype-nexus-snapshots has elapsed or updates are forced
[DEBUG] Failure to find org.eclipse.platform:org.eclipse.equinox.common/maven-metadata.xml in http://maven.inria.fr/artifactory/spoon-public-snapshot was cached in the local repository, resolution will not be reattempted until the update interval of maven.inria.fr-snapshot has elapsed or updates are forced
[DEBUG] Could not find metadata org.eclipse.platform:org.eclipse.core.jobs/maven-metadata.xml in local (/home/bedanglot/.m2/repository)
[DEBUG] Skipped remote request for org.eclipse.platform:org.eclipse.core.jobs/maven-metadata.xml, locally cached metadata up-to-date.
[DEBUG] Failure to find org.eclipse.platform:org.eclipse.core.jobs/maven-metadata.xml in https://repo.gradle.org/gradle/libs-releases-local/ was cached in the local repository, resolution will not be reattempted until the update interval of gradle-repo has elapsed or updates are forced
[DEBUG] Failure to find org.eclipse.platform:org.eclipse.core.jobs/maven-metadata.xml in https://oss.sonatype.org/content/repositories/snapshots was cached in the local repository, resolution will not be reattempted until the update interval of sonatype-nexus-snapshots has elapsed or updates are forced
[DEBUG] Failure to find org.eclipse.platform:org.eclipse.core.jobs/maven-metadata.xml in http://maven.inria.fr/artifactory/spoon-public-snapshot was cached in the local repository, resolution will not be reattempted until the update interval of maven.inria.fr-snapshot has elapsed or updates are forced
[DEBUG] Could not find metadata org.eclipse.platform:org.eclipse.equinox.registry/maven-metadata.xml in local (/home/bedanglot/.m2/repository)
[DEBUG] Skipped remote request for org.eclipse.platform:org.eclipse.equinox.registry/maven-metadata.xml, locally cached metadata up-to-date.
[DEBUG] Failure to find org.eclipse.platform:org.eclipse.equinox.registry/maven-metadata.xml in https://repo.gradle.org/gradle/libs-releases-local/ was cached in the local repository, resolution will not be reattempted until the update interval of gradle-repo has elapsed or updates are forced
[DEBUG] Failure to find org.eclipse.platform:org.eclipse.equinox.registry/maven-metadata.xml in https://oss.sonatype.org/content/repositories/snapshots was cached in the local repository, resolution will not be reattempted until the update interval of sonatype-nexus-snapshots has elapsed or updates are forced
[DEBUG] Failure to find org.eclipse.platform:org.eclipse.equinox.registry/maven-metadata.xml in http://maven.inria.fr/artifactory/spoon-public-snapshot was cached in the local repository, resolution will not be reattempted until the update interval of maven.inria.fr-snapshot has elapsed or updates are forced
[DEBUG] Could not find metadata org.eclipse.platform:org.eclipse.equinox.common/maven-metadata.xml in local (/home/bedanglot/.m2/repository)
[DEBUG] Skipped remote request for org.eclipse.platform:org.eclipse.equinox.common/maven-metadata.xml, locally cached metadata up-to-date.
[DEBUG] Failure to find org.eclipse.platform:org.eclipse.equinox.common/maven-metadata.xml in https://repo.gradle.org/gradle/libs-releases-local/ was cached in the local repository, resolution will not be reattempted until the update interval of gradle-repo has elapsed or updates are forced
[DEBUG] Failure to find org.eclipse.platform:org.eclipse.equinox.common/maven-metadata.xml in https://oss.sonatype.org/content/repositories/snapshots was cached in the local repository, resolution will not be reattempted until the update interval of sonatype-nexus-snapshots has elapsed or updates are forced
[DEBUG] Failure to find org.eclipse.platform:org.eclipse.equinox.common/maven-metadata.xml in http://maven.inria.fr/artifactory/spoon-public-snapshot was cached in the local repository, resolution will not be reattempted until the update interval of maven.inria.fr-snapshot has elapsed or updates are forced
[DEBUG] Could not find metadata org.eclipse.platform:org.eclipse.equinox.preferences/maven-metadata.xml in local (/home/bedanglot/.m2/repository)
[DEBUG] Skipped remote request for org.eclipse.platform:org.eclipse.equinox.preferences/maven-metadata.xml, locally cached metadata up-to-date.
[DEBUG] Failure to find org.eclipse.platform:org.eclipse.equinox.preferences/maven-metadata.xml in https://repo.gradle.org/gradle/libs-releases-local/ was cached in the local repository, resolution will not be reattempted until the update interval of gradle-repo has elapsed or updates are forced
[DEBUG] Failure to find org.eclipse.platform:org.eclipse.equinox.preferences/maven-metadata.xml in https://oss.sonatype.org/content/repositories/snapshots was cached in the local repository, resolution will not be reattempted until the update interval of sonatype-nexus-snapshots has elapsed or updates are forced
[DEBUG] Failure to find org.eclipse.platform:org.eclipse.equinox.preferences/maven-metadata.xml in http://maven.inria.fr/artifactory/spoon-public-snapshot was cached in the local repository, resolution will not be reattempted until the update interval of maven.inria.fr-snapshot has elapsed or updates are forced
[DEBUG] Could not find metadata org.eclipse.platform:org.eclipse.equinox.common/maven-metadata.xml in local (/home/bedanglot/.m2/repository)
[DEBUG] Skipped remote request for org.eclipse.platform:org.eclipse.equinox.common/maven-metadata.xml, locally cached metadata up-to-date.
[DEBUG] Failure to find org.eclipse.platform:org.eclipse.equinox.common/maven-metadata.xml in https://repo.gradle.org/gradle/libs-releases-local/ was cached in the local repository, resolution will not be reattempted until the update interval of gradle-repo has elapsed or updates are forced
[DEBUG] Failure to find org.eclipse.platform:org.eclipse.equinox.common/maven-metadata.xml in https://oss.sonatype.org/content/repositories/snapshots was cached in the local repository, resolution will not be reattempted until the update interval of sonatype-nexus-snapshots has elapsed or updates are forced
[DEBUG] Failure to find org.eclipse.platform:org.eclipse.equinox.common/maven-metadata.xml in http://maven.inria.fr/artifactory/spoon-public-snapshot was cached in the local repository, resolution will not be reattempted until the update interval of maven.inria.fr-snapshot has elapsed or updates are forced
[DEBUG] Could not find metadata org.eclipse.platform:org.eclipse.core.contenttype/maven-metadata.xml in local (/home/bedanglot/.m2/repository)
[DEBUG] Skipped remote request for org.eclipse.platform:org.eclipse.core.contenttype/maven-metadata.xml, locally cached metadata up-to-date.
[DEBUG] Failure to find org.eclipse.platform:org.eclipse.core.contenttype/maven-metadata.xml in https://repo.gradle.org/gradle/libs-releases-local/ was cached in the local repository, resolution will not be reattempted until the update interval of gradle-repo has elapsed or updates are forced
[DEBUG] Failure to find org.eclipse.platform:org.eclipse.core.contenttype/maven-metadata.xml in https://oss.sonatype.org/content/repositories/snapshots was cached in the local repository, resolution will not be reattempted until the update interval of sonatype-nexus-snapshots has elapsed or updates are forced
[DEBUG] Failure to find org.eclipse.platform:org.eclipse.core.contenttype/maven-metadata.xml in http://maven.inria.fr/artifactory/spoon-public-snapshot was cached in the local repository, resolution will not be reattempted until the update interval of maven.inria.fr-snapshot has elapsed or updates are forced
[DEBUG] Could not find metadata org.eclipse.platform:org.eclipse.equinox.preferences/maven-metadata.xml in local (/home/bedanglot/.m2/repository)
[DEBUG] Skipped remote request for org.eclipse.platform:org.eclipse.equinox.preferences/maven-metadata.xml, locally cached metadata up-to-date.
[DEBUG] Failure to find org.eclipse.platform:org.eclipse.equinox.preferences/maven-metadata.xml in https://repo.gradle.org/gradle/libs-releases-local/ was cached in the local repository, resolution will not be reattempted until the update interval of gradle-repo has elapsed or updates are forced
[DEBUG] Failure to find org.eclipse.platform:org.eclipse.equinox.preferences/maven-metadata.xml in https://oss.sonatype.org/content/repositories/snapshots was cached in the local repository, resolution will not be reattempted until the update interval of sonatype-nexus-snapshots has elapsed or updates are forced
[DEBUG] Failure to find org.eclipse.platform:org.eclipse.equinox.preferences/maven-metadata.xml in http://maven.inria.fr/artifactory/spoon-public-snapshot was cached in the local repository, resolution will not be reattempted until the update interval of maven.inria.fr-snapshot has elapsed or updates are forced
[DEBUG] Could not find metadata org.eclipse.platform:org.eclipse.equinox.registry/maven-metadata.xml in local (/home/bedanglot/.m2/repository)
[DEBUG] Skipped remote request for org.eclipse.platform:org.eclipse.equinox.registry/maven-metadata.xml, locally cached metadata up-to-date.
[DEBUG] Failure to find org.eclipse.platform:org.eclipse.equinox.registry/maven-metadata.xml in https://repo.gradle.org/gradle/libs-releases-local/ was cached in the local repository, resolution will not be reattempted until the update interval of gradle-repo has elapsed or updates are forced
[DEBUG] Failure to find org.eclipse.platform:org.eclipse.equinox.registry/maven-metadata.xml in https://oss.sonatype.org/content/repositories/snapshots was cached in the local repository, resolution will not be reattempted until the update interval of sonatype-nexus-snapshots has elapsed or updates are forced
[DEBUG] Failure to find org.eclipse.platform:org.eclipse.equinox.registry/maven-metadata.xml in http://maven.inria.fr/artifactory/spoon-public-snapshot was cached in the local repository, resolution will not be reattempted until the update interval of maven.inria.fr-snapshot has elapsed or updates are forced
[DEBUG] Could not find metadata org.eclipse.platform:org.eclipse.equinox.app/maven-metadata.xml in local (/home/bedanglot/.m2/repository)
[DEBUG] Skipped remote request for org.eclipse.platform:org.eclipse.equinox.app/maven-metadata.xml, locally cached metadata up-to-date.
[DEBUG] Failure to find org.eclipse.platform:org.eclipse.equinox.app/maven-metadata.xml in https://repo.gradle.org/gradle/libs-releases-local/ was cached in the local repository, resolution will not be reattempted until the update interval of gradle-repo has elapsed or updates are forced
[DEBUG] Failure to find org.eclipse.platform:org.eclipse.equinox.app/maven-metadata.xml in https://oss.sonatype.org/content/repositories/snapshots was cached in the local repository, resolution will not be reattempted until the update interval of sonatype-nexus-snapshots has elapsed or updates are forced
[DEBUG] Failure to find org.eclipse.platform:org.eclipse.equinox.app/maven-metadata.xml in http://maven.inria.fr/artifactory/spoon-public-snapshot was cached in the local repository, resolution will not be reattempted until the update interval of maven.inria.fr-snapshot has elapsed or updates are forced
[DEBUG] Could not find metadata org.eclipse.platform:org.eclipse.equinox.registry/maven-metadata.xml in local (/home/bedanglot/.m2/repository)
[DEBUG] Skipped remote request for org.eclipse.platform:org.eclipse.equinox.registry/maven-metadata.xml, locally cached metadata up-to-date.
[DEBUG] Failure to find org.eclipse.platform:org.eclipse.equinox.registry/maven-metadata.xml in https://repo.gradle.org/gradle/libs-releases-local/ was cached in the local repository, resolution will not be reattempted until the update interval of gradle-repo has elapsed or updates are forced
[DEBUG] Failure to find org.eclipse.platform:org.eclipse.equinox.registry/maven-metadata.xml in https://oss.sonatype.org/content/repositories/snapshots was cached in the local repository, resolution will not be reattempted until the update interval of sonatype-nexus-snapshots has elapsed or updates are forced
[DEBUG] Failure to find org.eclipse.platform:org.eclipse.equinox.registry/maven-metadata.xml in http://maven.inria.fr/artifactory/spoon-public-snapshot was cached in the local repository, resolution will not be reattempted until the update interval of maven.inria.fr-snapshot has elapsed or updates are forced
[DEBUG] Could not find metadata org.eclipse.platform:org.eclipse.osgi/maven-metadata.xml in local (/home/bedanglot/.m2/repository)
[DEBUG] Skipped remote request for org.eclipse.platform:org.eclipse.osgi/maven-metadata.xml, locally cached metadata up-to-date.
[DEBUG] Failure to find org.eclipse.platform:org.eclipse.osgi/maven-metadata.xml in https://repo.gradle.org/gradle/libs-releases-local/ was cached in the local repository, resolution will not be reattempted until the update interval of gradle-repo has elapsed or updates are forced
[DEBUG] Failure to find org.eclipse.platform:org.eclipse.osgi/maven-metadata.xml in https://oss.sonatype.org/content/repositories/snapshots was cached in the local repository, resolution will not be reattempted until the update interval of sonatype-nexus-snapshots has elapsed or updates are forced
[DEBUG] Failure to find org.eclipse.platform:org.eclipse.osgi/maven-metadata.xml in http://maven.inria.fr/artifactory/spoon-public-snapshot was cached in the local repository, resolution will not be reattempted until the update interval of maven.inria.fr-snapshot has elapsed or updates are forced
[DEBUG] Could not find metadata org.eclipse.platform:org.eclipse.equinox.common/maven-metadata.xml in local (/home/bedanglot/.m2/repository)
[DEBUG] Skipped remote request for org.eclipse.platform:org.eclipse.equinox.common/maven-metadata.xml, locally cached metadata up-to-date.
[DEBUG] Failure to find org.eclipse.platform:org.eclipse.equinox.common/maven-metadata.xml in https://repo.gradle.org/gradle/libs-releases-local/ was cached in the local repository, resolution will not be reattempted until the update interval of gradle-repo has elapsed or updates are forced
[DEBUG] Failure to find org.eclipse.platform:org.eclipse.equinox.common/maven-metadata.xml in https://oss.sonatype.org/content/repositories/snapshots was cached in the local repository, resolution will not be reattempted until the update interval of sonatype-nexus-snapshots has elapsed or updates are forced
[DEBUG] Failure to find org.eclipse.platform:org.eclipse.equinox.common/maven-metadata.xml in http://maven.inria.fr/artifactory/spoon-public-snapshot was cached in the local repository, resolution will not be reattempted until the update interval of maven.inria.fr-snapshot has elapsed or updates are forced
[DEBUG] Could not find metadata org.eclipse.platform:org.eclipse.core.jobs/maven-metadata.xml in local (/home/bedanglot/.m2/repository)
[DEBUG] Skipped remote request for org.eclipse.platform:org.eclipse.core.jobs/maven-metadata.xml, locally cached metadata up-to-date.
[DEBUG] Failure to find org.eclipse.platform:org.eclipse.core.jobs/maven-metadata.xml in https://repo.gradle.org/gradle/libs-releases-local/ was cached in the local repository, resolution will not be reattempted until the update interval of gradle-repo has elapsed or updates are forced
[DEBUG] Failure to find org.eclipse.platform:org.eclipse.core.jobs/maven-metadata.xml in https://oss.sonatype.org/content/repositories/snapshots was cached in the local repository, resolution will not be reattempted until the update interval of sonatype-nexus-snapshots has elapsed or updates are forced
[DEBUG] Failure to find org.eclipse.platform:org.eclipse.core.jobs/maven-metadata.xml in http://maven.inria.fr/artifactory/spoon-public-snapshot was cached in the local repository, resolution will not be reattempted until the update interval of maven.inria.fr-snapshot has elapsed or updates are forced
[DEBUG] Could not find metadata org.eclipse.platform:org.eclipse.equinox.preferences/maven-metadata.xml in local (/home/bedanglot/.m2/repository)
[DEBUG] Skipped remote request for org.eclipse.platform:org.eclipse.equinox.preferences/maven-metadata.xml, locally cached metadata up-to-date.
[DEBUG] Failure to find org.eclipse.platform:org.eclipse.equinox.preferences/maven-metadata.xml in https://repo.gradle.org/gradle/libs-releases-local/ was cached in the local repository, resolution will not be reattempted until the update interval of gradle-repo has elapsed or updates are forced
[DEBUG] Failure to find org.eclipse.platform:org.eclipse.equinox.preferences/maven-metadata.xml in https://oss.sonatype.org/content/repositories/snapshots was cached in the local repository, resolution will not be reattempted until the update interval of sonatype-nexus-snapshots has elapsed or updates are forced
[DEBUG] Failure to find org.eclipse.platform:org.eclipse.equinox.preferences/maven-metadata.xml in http://maven.inria.fr/artifactory/spoon-public-snapshot was cached in the local repository, resolution will not be reattempted until the update interval of maven.inria.fr-snapshot has elapsed or updates are forced
[DEBUG] Could not find metadata org.eclipse.platform:org.eclipse.core.contenttype/maven-metadata.xml in local (/home/bedanglot/.m2/repository)
[DEBUG] Skipped remote request for org.eclipse.platform:org.eclipse.core.contenttype/maven-metadata.xml, locally cached metadata up-to-date.
[DEBUG] Failure to find org.eclipse.platform:org.eclipse.core.contenttype/maven-metadata.xml in https://repo.gradle.org/gradle/libs-releases-local/ was cached in the local repository, resolution will not be reattempted until the update interval of gradle-repo has elapsed or updates are forced
[DEBUG] Failure to find org.eclipse.platform:org.eclipse.core.contenttype/maven-metadata.xml in https://oss.sonatype.org/content/repositories/snapshots was cached in the local repository, resolution will not be reattempted until the update interval of sonatype-nexus-snapshots has elapsed or updates are forced
[DEBUG] Failure to find org.eclipse.platform:org.eclipse.core.contenttype/maven-metadata.xml in http://maven.inria.fr/artifactory/spoon-public-snapshot was cached in the local repository, resolution will not be reattempted until the update interval of maven.inria.fr-snapshot has elapsed or updates are forced
[DEBUG] Could not find metadata org.eclipse.platform:org.eclipse.equinox.app/maven-metadata.xml in local (/home/bedanglot/.m2/repository)
[DEBUG] Skipped remote request for org.eclipse.platform:org.eclipse.equinox.app/maven-metadata.xml, locally cached metadata up-to-date.
[DEBUG] Failure to find org.eclipse.platform:org.eclipse.equinox.app/maven-metadata.xml in https://repo.gradle.org/gradle/libs-releases-local/ was cached in the local repository, resolution will not be reattempted until the update interval of gradle-repo has elapsed or updates are forced
[DEBUG] Failure to find org.eclipse.platform:org.eclipse.equinox.app/maven-metadata.xml in https://oss.sonatype.org/content/repositories/snapshots was cached in the local repository, resolution will not be reattempted until the update interval of sonatype-nexus-snapshots has elapsed or updates are forced
[DEBUG] Failure to find org.eclipse.platform:org.eclipse.equinox.app/maven-metadata.xml in http://maven.inria.fr/artifactory/spoon-public-snapshot was cached in the local repository, resolution will not be reattempted until the update interval of maven.inria.fr-snapshot has elapsed or updates are forced
[DEBUG] Could not find metadata org.eclipse.platform:org.eclipse.core.filesystem/maven-metadata.xml in local (/home/bedanglot/.m2/repository)
[DEBUG] Skipped remote request for org.eclipse.platform:org.eclipse.core.filesystem/maven-metadata.xml, locally cached metadata up-to-date.
[DEBUG] Failure to find org.eclipse.platform:org.eclipse.core.filesystem/maven-metadata.xml in https://repo.gradle.org/gradle/libs-releases-local/ was cached in the local repository, resolution will not be reattempted until the update interval of gradle-repo has elapsed or updates are forced
[DEBUG] Failure to find org.eclipse.platform:org.eclipse.core.filesystem/maven-metadata.xml in https://oss.sonatype.org/content/repositories/snapshots was cached in the local repository, resolution will not be reattempted until the update interval of sonatype-nexus-snapshots has elapsed or updates are forced
[DEBUG] Failure to find org.eclipse.platform:org.eclipse.core.filesystem/maven-metadata.xml in http://maven.inria.fr/artifactory/spoon-public-snapshot was cached in the local repository, resolution will not be reattempted until the update interval of maven.inria.fr-snapshot has elapsed or updates are forced
[DEBUG] Could not find metadata org.eclipse.platform:org.eclipse.osgi/maven-metadata.xml in local (/home/bedanglot/.m2/repository)
[DEBUG] Skipped remote request for org.eclipse.platform:org.eclipse.osgi/maven-metadata.xml, locally cached metadata up-to-date.
[DEBUG] Failure to find org.eclipse.platform:org.eclipse.osgi/maven-metadata.xml in https://repo.gradle.org/gradle/libs-releases-local/ was cached in the local repository, resolution will not be reattempted until the update interval of gradle-repo has elapsed or updates are forced
[DEBUG] Failure to find org.eclipse.platform:org.eclipse.osgi/maven-metadata.xml in https://oss.sonatype.org/content/repositories/snapshots was cached in the local repository, resolution will not be reattempted until the update interval of sonatype-nexus-snapshots has elapsed or updates are forced
[DEBUG] Failure to find org.eclipse.platform:org.eclipse.osgi/maven-metadata.xml in http://maven.inria.fr/artifactory/spoon-public-snapshot was cached in the local repository, resolution will not be reattempted until the update interval of maven.inria.fr-snapshot has elapsed or updates are forced
[DEBUG] Could not find metadata org.eclipse.platform:org.eclipse.core.runtime/maven-metadata.xml in local (/home/bedanglot/.m2/repository)
[DEBUG] Skipped remote request for org.eclipse.platform:org.eclipse.core.runtime/maven-metadata.xml, locally cached metadata up-to-date.
[DEBUG] Failure to find org.eclipse.platform:org.eclipse.core.runtime/maven-metadata.xml in https://repo.gradle.org/gradle/libs-releases-local/ was cached in the local repository, resolution will not be reattempted until the update interval of gradle-repo has elapsed or updates are forced
[DEBUG] Failure to find org.eclipse.platform:org.eclipse.core.runtime/maven-metadata.xml in https://oss.sonatype.org/content/repositories/snapshots was cached in the local repository, resolution will not be reattempted until the update interval of sonatype-nexus-snapshots has elapsed or updates are forced
[DEBUG] Failure to find org.eclipse.platform:org.eclipse.core.runtime/maven-metadata.xml in http://maven.inria.fr/artifactory/spoon-public-snapshot was cached in the local repository, resolution will not be reattempted until the update interval of maven.inria.fr-snapshot has elapsed or updates are forced
[DEBUG] Could not find metadata org.eclipse.platform:org.eclipse.core.runtime/maven-metadata.xml in local (/home/bedanglot/.m2/repository)
[DEBUG] Skipped remote request for org.eclipse.platform:org.eclipse.core.runtime/maven-metadata.xml, locally cached metadata up-to-date.
[DEBUG] Failure to find org.eclipse.platform:org.eclipse.core.runtime/maven-metadata.xml in https://repo.gradle.org/gradle/libs-releases-local/ was cached in the local repository, resolution will not be reattempted until the update interval of gradle-repo has elapsed or updates are forced
[DEBUG] Failure to find org.eclipse.platform:org.eclipse.core.runtime/maven-metadata.xml in https://oss.sonatype.org/content/repositories/snapshots was cached in the local repository, resolution will not be reattempted until the update interval of sonatype-nexus-snapshots has elapsed or updates are forced
[DEBUG] Failure to find org.eclipse.platform:org.eclipse.core.runtime/maven-metadata.xml in http://maven.inria.fr/artifactory/spoon-public-snapshot was cached in the local repository, resolution will not be reattempted until the update interval of maven.inria.fr-snapshot has elapsed or updates are forced
[DEBUG] Could not find metadata org.eclipse.platform:org.eclipse.core.filesystem/maven-metadata.xml in local (/home/bedanglot/.m2/repository)
[DEBUG] Skipped remote request for org.eclipse.platform:org.eclipse.core.filesystem/maven-metadata.xml, locally cached metadata up-to-date.
[DEBUG] Failure to find org.eclipse.platform:org.eclipse.core.filesystem/maven-metadata.xml in https://repo.gradle.org/gradle/libs-releases-local/ was cached in the local repository, resolution will not be reattempted until the update interval of gradle-repo has elapsed or updates are forced
[DEBUG] Failure to find org.eclipse.platform:org.eclipse.core.filesystem/maven-metadata.xml in https://oss.sonatype.org/content/repositories/snapshots was cached in the local repository, resolution will not be reattempted until the update interval of sonatype-nexus-snapshots has elapsed or updates are forced
[DEBUG] Failure to find org.eclipse.platform:org.eclipse.core.filesystem/maven-metadata.xml in http://maven.inria.fr/artifactory/spoon-public-snapshot was cached in the local repository, resolution will not be reattempted until the update interval of maven.inria.fr-snapshot has elapsed or updates are forced
[DEBUG] Could not find metadata org.eclipse.platform:org.eclipse.text/maven-metadata.xml in local (/home/bedanglot/.m2/repository)
[DEBUG] Skipped remote request for org.eclipse.platform:org.eclipse.text/maven-metadata.xml, locally cached metadata up-to-date.
[DEBUG] Failure to find org.eclipse.platform:org.eclipse.text/maven-metadata.xml in https://repo.gradle.org/gradle/libs-releases-local/ was cached in the local repository, resolution will not be reattempted until the update interval of gradle-repo has elapsed or updates are forced
[DEBUG] Failure to find org.eclipse.platform:org.eclipse.text/maven-metadata.xml in https://oss.sonatype.org/content/repositories/snapshots was cached in the local repository, resolution will not be reattempted until the update interval of sonatype-nexus-snapshots has elapsed or updates are forced
[DEBUG] Failure to find org.eclipse.platform:org.eclipse.text/maven-metadata.xml in http://maven.inria.fr/artifactory/spoon-public-snapshot was cached in the local repository, resolution will not be reattempted until the update interval of maven.inria.fr-snapshot has elapsed or updates are forced
[DEBUG] Could not find metadata org.eclipse.platform:org.eclipse.core.commands/maven-metadata.xml in local (/home/bedanglot/.m2/repository)
[DEBUG] Skipped remote request for org.eclipse.platform:org.eclipse.core.commands/maven-metadata.xml, locally cached metadata up-to-date.
[DEBUG] Failure to find org.eclipse.platform:org.eclipse.core.commands/maven-metadata.xml in https://repo.gradle.org/gradle/libs-releases-local/ was cached in the local repository, resolution will not be reattempted until the update interval of gradle-repo has elapsed or updates are forced
[DEBUG] Failure to find org.eclipse.platform:org.eclipse.core.commands/maven-metadata.xml in https://oss.sonatype.org/content/repositories/snapshots was cached in the local repository, resolution will not be reattempted until the update interval of sonatype-nexus-snapshots has elapsed or updates are forced
[DEBUG] Failure to find org.eclipse.platform:org.eclipse.core.commands/maven-metadata.xml in http://maven.inria.fr/artifactory/spoon-public-snapshot was cached in the local repository, resolution will not be reattempted until the update interval of maven.inria.fr-snapshot has elapsed or updates are forced
[DEBUG] Could not find metadata org.eclipse.platform:org.eclipse.equinox.common/maven-metadata.xml in local (/home/bedanglot/.m2/repository)
[DEBUG] Skipped remote request for org.eclipse.platform:org.eclipse.equinox.common/maven-metadata.xml, locally cached metadata up-to-date.
[DEBUG] Failure to find org.eclipse.platform:org.eclipse.equinox.common/maven-metadata.xml in https://repo.gradle.org/gradle/libs-releases-local/ was cached in the local repository, resolution will not be reattempted until the update interval of gradle-repo has elapsed or updates are forced
[DEBUG] Failure to find org.eclipse.platform:org.eclipse.equinox.common/maven-metadata.xml in https://oss.sonatype.org/content/repositories/snapshots was cached in the local repository, resolution will not be reattempted until the update interval of sonatype-nexus-snapshots has elapsed or updates are forced
[DEBUG] Failure to find org.eclipse.platform:org.eclipse.equinox.common/maven-metadata.xml in http://maven.inria.fr/artifactory/spoon-public-snapshot was cached in the local repository, resolution will not be reattempted until the update interval of maven.inria.fr-snapshot has elapsed or updates are forced
[DEBUG] Could not find metadata org.eclipse.platform:org.eclipse.core.runtime/maven-metadata.xml in local (/home/bedanglot/.m2/repository)
[DEBUG] Skipped remote request for org.eclipse.platform:org.eclipse.core.runtime/maven-metadata.xml, locally cached metadata up-to-date.
[DEBUG] Failure to find org.eclipse.platform:org.eclipse.core.runtime/maven-metadata.xml in https://repo.gradle.org/gradle/libs-releases-local/ was cached in the local repository, resolution will not be reattempted until the update interval of gradle-repo has elapsed or updates are forced
[DEBUG] Failure to find org.eclipse.platform:org.eclipse.core.runtime/maven-metadata.xml in https://oss.sonatype.org/content/repositories/snapshots was cached in the local repository, resolution will not be reattempted until the update interval of sonatype-nexus-snapshots has elapsed or updates are forced
[DEBUG] Failure to find org.eclipse.platform:org.eclipse.core.runtime/maven-metadata.xml in http://maven.inria.fr/artifactory/spoon-public-snapshot was cached in the local repository, resolution will not be reattempted until the update interval of maven.inria.fr-snapshot has elapsed or updates are forced
[DEBUG] Could not find metadata org.eclipse.platform:org.eclipse.core.resources/maven-metadata.xml in local (/home/bedanglot/.m2/repository)
[DEBUG] Skipped remote request for org.eclipse.platform:org.eclipse.core.resources/maven-metadata.xml, locally cached metadata up-to-date.
[DEBUG] Failure to find org.eclipse.platform:org.eclipse.core.resources/maven-metadata.xml in https://repo.gradle.org/gradle/libs-releases-local/ was cached in the local repository, resolution will not be reattempted until the update interval of gradle-repo has elapsed or updates are forced
[DEBUG] Failure to find org.eclipse.platform:org.eclipse.core.resources/maven-metadata.xml in https://oss.sonatype.org/content/repositories/snapshots was cached in the local repository, resolution will not be reattempted until the update interval of sonatype-nexus-snapshots has elapsed or updates are forced
[DEBUG] Failure to find org.eclipse.platform:org.eclipse.core.resources/maven-metadata.xml in http://maven.inria.fr/artifactory/spoon-public-snapshot was cached in the local repository, resolution will not be reattempted until the update interval of maven.inria.fr-snapshot has elapsed or updates are forced
[DEBUG] Failure to find org.eclipse.platform:org.eclipse.core.resources/maven-metadata.xml in http://maven.inria.fr/artifactory/spoon-public-snapshot/ was cached in the local repository, resolution will not be reattempted until the update interval of gforge.inria.fr-release has elapsed or updates are forced
[DEBUG] Could not find metadata org.eclipse.platform:org.eclipse.core.expressions/maven-metadata.xml in local (/home/bedanglot/.m2/repository)
[DEBUG] Skipped remote request for org.eclipse.platform:org.eclipse.core.expressions/maven-metadata.xml, locally cached metadata up-to-date.
[DEBUG] Failure to find org.eclipse.platform:org.eclipse.core.expressions/maven-metadata.xml in https://repo.gradle.org/gradle/libs-releases-local/ was cached in the local repository, resolution will not be reattempted until the update interval of gradle-repo has elapsed or updates are forced
[DEBUG] Failure to find org.eclipse.platform:org.eclipse.core.expressions/maven-metadata.xml in https://oss.sonatype.org/content/repositories/snapshots was cached in the local repository, resolution will not be reattempted until the update interval of sonatype-nexus-snapshots has elapsed or updates are forced
[DEBUG] Failure to find org.eclipse.platform:org.eclipse.core.expressions/maven-metadata.xml in http://maven.inria.fr/artifactory/spoon-public-snapshot was cached in the local repository, resolution will not be reattempted until the update interval of maven.inria.fr-snapshot has elapsed or updates are forced
[DEBUG] Failure to find org.eclipse.platform:org.eclipse.core.expressions/maven-metadata.xml in http://maven.inria.fr/artifactory/spoon-public-snapshot/ was cached in the local repository, resolution will not be reattempted until the update interval of gforge.inria.fr-release has elapsed or updates are forced
[DEBUG] Could not find metadata org.eclipse.platform:org.eclipse.core.runtime/maven-metadata.xml in local (/home/bedanglot/.m2/repository)
[DEBUG] Skipped remote request for org.eclipse.platform:org.eclipse.core.runtime/maven-metadata.xml, locally cached metadata up-to-date.
[DEBUG] Failure to find org.eclipse.platform:org.eclipse.core.runtime/maven-metadata.xml in https://repo.gradle.org/gradle/libs-releases-local/ was cached in the local repository, resolution will not be reattempted until the update interval of gradle-repo has elapsed or updates are forced
[DEBUG] Failure to find org.eclipse.platform:org.eclipse.core.runtime/maven-metadata.xml in https://oss.sonatype.org/content/repositories/snapshots was cached in the local repository, resolution will not be reattempted until the update interval of sonatype-nexus-snapshots has elapsed or updates are forced
[DEBUG] Failure to find org.eclipse.platform:org.eclipse.core.runtime/maven-metadata.xml in http://maven.inria.fr/artifactory/spoon-public-snapshot was cached in the local repository, resolution will not be reattempted until the update interval of maven.inria.fr-snapshot has elapsed or updates are forced
[DEBUG] Failure to find org.eclipse.platform:org.eclipse.core.runtime/maven-metadata.xml in http://maven.inria.fr/artifactory/spoon-public-snapshot/ was cached in the local repository, resolution will not be reattempted until the update interval of gforge.inria.fr-release has elapsed or updates are forced
[DEBUG] Could not find metadata org.eclipse.platform:org.eclipse.osgi/maven-metadata.xml in local (/home/bedanglot/.m2/repository)
[DEBUG] Skipped remote request for org.eclipse.platform:org.eclipse.osgi/maven-metadata.xml, locally cached metadata up-to-date.
[DEBUG] Failure to find org.eclipse.platform:org.eclipse.osgi/maven-metadata.xml in https://repo.gradle.org/gradle/libs-releases-local/ was cached in the local repository, resolution will not be reattempted until the update interval of gradle-repo has elapsed or updates are forced
[DEBUG] Failure to find org.eclipse.platform:org.eclipse.osgi/maven-metadata.xml in https://oss.sonatype.org/content/repositories/snapshots was cached in the local repository, resolution will not be reattempted until the update interval of sonatype-nexus-snapshots has elapsed or updates are forced
[DEBUG] Failure to find org.eclipse.platform:org.eclipse.osgi/maven-metadata.xml in http://maven.inria.fr/artifactory/spoon-public-snapshot was cached in the local repository, resolution will not be reattempted until the update interval of maven.inria.fr-snapshot has elapsed or updates are forced
[DEBUG] Failure to find org.eclipse.platform:org.eclipse.osgi/maven-metadata.xml in http://maven.inria.fr/artifactory/spoon-public-snapshot/ was cached in the local repository, resolution will not be reattempted until the update interval of gforge.inria.fr-release has elapsed or updates are forced
[DEBUG] Could not find metadata org.eclipse.platform:org.eclipse.equinox.common/maven-metadata.xml in local (/home/bedanglot/.m2/repository)
[DEBUG] Skipped remote request for org.eclipse.platform:org.eclipse.equinox.common/maven-metadata.xml, locally cached metadata up-to-date.
[DEBUG] Failure to find org.eclipse.platform:org.eclipse.equinox.common/maven-metadata.xml in https://repo.gradle.org/gradle/libs-releases-local/ was cached in the local repository, resolution will not be reattempted until the update interval of gradle-repo has elapsed or updates are forced
[DEBUG] Failure to find org.eclipse.platform:org.eclipse.equinox.common/maven-metadata.xml in https://oss.sonatype.org/content/repositories/snapshots was cached in the local repository, resolution will not be reattempted until the update interval of sonatype-nexus-snapshots has elapsed or updates are forced
[DEBUG] Failure to find org.eclipse.platform:org.eclipse.equinox.common/maven-metadata.xml in http://maven.inria.fr/artifactory/spoon-public-snapshot was cached in the local repository, resolution will not be reattempted until the update interval of maven.inria.fr-snapshot has elapsed or updates are forced
[DEBUG] Failure to find org.eclipse.platform:org.eclipse.equinox.common/maven-metadata.xml in http://maven.inria.fr/artifactory/spoon-public-snapshot/ was cached in the local repository, resolution will not be reattempted until the update interval of gforge.inria.fr-release has elapsed or updates are forced
[DEBUG] Could not find metadata org.eclipse.platform:org.eclipse.core.jobs/maven-metadata.xml in local (/home/bedanglot/.m2/repository)
[DEBUG] Skipped remote request for org.eclipse.platform:org.eclipse.core.jobs/maven-metadata.xml, locally cached metadata up-to-date.
[DEBUG] Failure to find org.eclipse.platform:org.eclipse.core.jobs/maven-metadata.xml in https://repo.gradle.org/gradle/libs-releases-local/ was cached in the local repository, resolution will not be reattempted until the update interval of gradle-repo has elapsed or updates are forced
[DEBUG] Failure to find org.eclipse.platform:org.eclipse.core.jobs/maven-metadata.xml in https://oss.sonatype.org/content/repositories/snapshots was cached in the local repository, resolution will not be reattempted until the update interval of sonatype-nexus-snapshots has elapsed or updates are forced
[DEBUG] Failure to find org.eclipse.platform:org.eclipse.core.jobs/maven-metadata.xml in http://maven.inria.fr/artifactory/spoon-public-snapshot was cached in the local repository, resolution will not be reattempted until the update interval of maven.inria.fr-snapshot has elapsed or updates are forced
[DEBUG] Failure to find org.eclipse.platform:org.eclipse.core.jobs/maven-metadata.xml in http://maven.inria.fr/artifactory/spoon-public-snapshot/ was cached in the local repository, resolution will not be reattempted until the update interval of gforge.inria.fr-release has elapsed or updates are forced
[DEBUG] Could not find metadata org.eclipse.platform:org.eclipse.equinox.registry/maven-metadata.xml in local (/home/bedanglot/.m2/repository)
[DEBUG] Skipped remote request for org.eclipse.platform:org.eclipse.equinox.registry/maven-metadata.xml, locally cached metadata up-to-date.
[DEBUG] Failure to find org.eclipse.platform:org.eclipse.equinox.registry/maven-metadata.xml in https://repo.gradle.org/gradle/libs-releases-local/ was cached in the local repository, resolution will not be reattempted until the update interval of gradle-repo has elapsed or updates are forced
[DEBUG] Failure to find org.eclipse.platform:org.eclipse.equinox.registry/maven-metadata.xml in https://oss.sonatype.org/content/repositories/snapshots was cached in the local repository, resolution will not be reattempted until the update interval of sonatype-nexus-snapshots has elapsed or updates are forced
[DEBUG] Failure to find org.eclipse.platform:org.eclipse.equinox.registry/maven-metadata.xml in http://maven.inria.fr/artifactory/spoon-public-snapshot was cached in the local repository, resolution will not be reattempted until the update interval of maven.inria.fr-snapshot has elapsed or updates are forced
[DEBUG] Failure to find org.eclipse.platform:org.eclipse.equinox.registry/maven-metadata.xml in http://maven.inria.fr/artifactory/spoon-public-snapshot/ was cached in the local repository, resolution will not be reattempted until the update interval of gforge.inria.fr-release has elapsed or updates are forced
[DEBUG] Could not find metadata org.eclipse.platform:org.eclipse.equinox.common/maven-metadata.xml in local (/home/bedanglot/.m2/repository)
[DEBUG] Skipped remote request for org.eclipse.platform:org.eclipse.equinox.common/maven-metadata.xml, locally cached metadata up-to-date.
[DEBUG] Failure to find org.eclipse.platform:org.eclipse.equinox.common/maven-metadata.xml in https://repo.gradle.org/gradle/libs-releases-local/ was cached in the local repository, resolution will not be reattempted until the update interval of gradle-repo has elapsed or updates are forced
[DEBUG] Failure to find org.eclipse.platform:org.eclipse.equinox.common/maven-metadata.xml in https://oss.sonatype.org/content/repositories/snapshots was cached in the local repository, resolution will not be reattempted until the update interval of sonatype-nexus-snapshots has elapsed or updates are forced
[DEBUG] Failure to find org.eclipse.platform:org.eclipse.equinox.common/maven-metadata.xml in http://maven.inria.fr/artifactory/spoon-public-snapshot was cached in the local repository, resolution will not be reattempted until the update interval of maven.inria.fr-snapshot has elapsed or updates are forced
[DEBUG] Failure to find org.eclipse.platform:org.eclipse.equinox.common/maven-metadata.xml in http://maven.inria.fr/artifactory/spoon-public-snapshot/ was cached in the local repository, resolution will not be reattempted until the update interval of gforge.inria.fr-release has elapsed or updates are forced
[DEBUG] Could not find metadata org.eclipse.platform:org.eclipse.equinox.preferences/maven-metadata.xml in local (/home/bedanglot/.m2/repository)
[DEBUG] Skipped remote request for org.eclipse.platform:org.eclipse.equinox.preferences/maven-metadata.xml, locally cached metadata up-to-date.
[DEBUG] Failure to find org.eclipse.platform:org.eclipse.equinox.preferences/maven-metadata.xml in https://repo.gradle.org/gradle/libs-releases-local/ was cached in the local repository, resolution will not be reattempted until the update interval of gradle-repo has elapsed or updates are forced
[DEBUG] Failure to find org.eclipse.platform:org.eclipse.equinox.preferences/maven-metadata.xml in https://oss.sonatype.org/content/repositories/snapshots was cached in the local repository, resolution will not be reattempted until the update interval of sonatype-nexus-snapshots has elapsed or updates are forced
[DEBUG] Failure to find org.eclipse.platform:org.eclipse.equinox.preferences/maven-metadata.xml in http://maven.inria.fr/artifactory/spoon-public-snapshot was cached in the local repository, resolution will not be reattempted until the update interval of maven.inria.fr-snapshot has elapsed or updates are forced
[DEBUG] Failure to find org.eclipse.platform:org.eclipse.equinox.preferences/maven-metadata.xml in http://maven.inria.fr/artifactory/spoon-public-snapshot/ was cached in the local repository, resolution will not be reattempted until the update interval of gforge.inria.fr-release has elapsed or updates are forced
[DEBUG] Could not find metadata org.eclipse.platform:org.eclipse.equinox.common/maven-metadata.xml in local (/home/bedanglot/.m2/repository)
[DEBUG] Skipped remote request for org.eclipse.platform:org.eclipse.equinox.common/maven-metadata.xml, locally cached metadata up-to-date.
[DEBUG] Failure to find org.eclipse.platform:org.eclipse.equinox.common/maven-metadata.xml in https://repo.gradle.org/gradle/libs-releases-local/ was cached in the local repository, resolution will not be reattempted until the update interval of gradle-repo has elapsed or updates are forced
[DEBUG] Failure to find org.eclipse.platform:org.eclipse.equinox.common/maven-metadata.xml in https://oss.sonatype.org/content/repositories/snapshots was cached in the local repository, resolution will not be reattempted until the update interval of sonatype-nexus-snapshots has elapsed or updates are forced
[DEBUG] Failure to find org.eclipse.platform:org.eclipse.equinox.common/maven-metadata.xml in http://maven.inria.fr/artifactory/spoon-public-snapshot was cached in the local repository, resolution will not be reattempted until the update interval of maven.inria.fr-snapshot has elapsed or updates are forced
[DEBUG] Failure to find org.eclipse.platform:org.eclipse.equinox.common/maven-metadata.xml in http://maven.inria.fr/artifactory/spoon-public-snapshot/ was cached in the local repository, resolution will not be reattempted until the update interval of gforge.inria.fr-release has elapsed or updates are forced
[DEBUG] Could not find metadata org.eclipse.platform:org.eclipse.core.contenttype/maven-metadata.xml in local (/home/bedanglot/.m2/repository)
[DEBUG] Skipped remote request for org.eclipse.platform:org.eclipse.core.contenttype/maven-metadata.xml, locally cached metadata up-to-date.
[DEBUG] Failure to find org.eclipse.platform:org.eclipse.core.contenttype/maven-metadata.xml in https://repo.gradle.org/gradle/libs-releases-local/ was cached in the local repository, resolution will not be reattempted until the update interval of gradle-repo has elapsed or updates are forced
[DEBUG] Failure to find org.eclipse.platform:org.eclipse.core.contenttype/maven-metadata.xml in https://oss.sonatype.org/content/repositories/snapshots was cached in the local repository, resolution will not be reattempted until the update interval of sonatype-nexus-snapshots has elapsed or updates are forced
[DEBUG] Failure to find org.eclipse.platform:org.eclipse.core.contenttype/maven-metadata.xml in http://maven.inria.fr/artifactory/spoon-public-snapshot was cached in the local repository, resolution will not be reattempted until the update interval of maven.inria.fr-snapshot has elapsed or updates are forced
[DEBUG] Failure to find org.eclipse.platform:org.eclipse.core.contenttype/maven-metadata.xml in http://maven.inria.fr/artifactory/spoon-public-snapshot/ was cached in the local repository, resolution will not be reattempted until the update interval of gforge.inria.fr-release has elapsed or updates are forced
[DEBUG] Could not find metadata org.eclipse.platform:org.eclipse.equinox.preferences/maven-metadata.xml in local (/home/bedanglot/.m2/repository)
[DEBUG] Skipped remote request for org.eclipse.platform:org.eclipse.equinox.preferences/maven-metadata.xml, locally cached metadata up-to-date.
[DEBUG] Failure to find org.eclipse.platform:org.eclipse.equinox.preferences/maven-metadata.xml in https://repo.gradle.org/gradle/libs-releases-local/ was cached in the local repository, resolution will not be reattempted until the update interval of gradle-repo has elapsed or updates are forced
[DEBUG] Failure to find org.eclipse.platform:org.eclipse.equinox.preferences/maven-metadata.xml in https://oss.sonatype.org/content/repositories/snapshots was cached in the local repository, resolution will not be reattempted until the update interval of sonatype-nexus-snapshots has elapsed or updates are forced
[DEBUG] Failure to find org.eclipse.platform:org.eclipse.equinox.preferences/maven-metadata.xml in http://maven.inria.fr/artifactory/spoon-public-snapshot was cached in the local repository, resolution will not be reattempted until the update interval of maven.inria.fr-snapshot has elapsed or updates are forced
[DEBUG] Failure to find org.eclipse.platform:org.eclipse.equinox.preferences/maven-metadata.xml in http://maven.inria.fr/artifactory/spoon-public-snapshot/ was cached in the local repository, resolution will not be reattempted until the update interval of gforge.inria.fr-release has elapsed or updates are forced
[DEBUG] Could not find metadata org.eclipse.platform:org.eclipse.equinox.registry/maven-metadata.xml in local (/home/bedanglot/.m2/repository)
[DEBUG] Skipped remote request for org.eclipse.platform:org.eclipse.equinox.registry/maven-metadata.xml, locally cached metadata up-to-date.
[DEBUG] Failure to find org.eclipse.platform:org.eclipse.equinox.registry/maven-metadata.xml in https://repo.gradle.org/gradle/libs-releases-local/ was cached in the local repository, resolution will not be reattempted until the update interval of gradle-repo has elapsed or updates are forced
[DEBUG] Failure to find org.eclipse.platform:org.eclipse.equinox.registry/maven-metadata.xml in https://oss.sonatype.org/content/repositories/snapshots was cached in the local repository, resolution will not be reattempted until the update interval of sonatype-nexus-snapshots has elapsed or updates are forced
[DEBUG] Failure to find org.eclipse.platform:org.eclipse.equinox.registry/maven-metadata.xml in http://maven.inria.fr/artifactory/spoon-public-snapshot was cached in the local repository, resolution will not be reattempted until the update interval of maven.inria.fr-snapshot has elapsed or updates are forced
[DEBUG] Failure to find org.eclipse.platform:org.eclipse.equinox.registry/maven-metadata.xml in http://maven.inria.fr/artifactory/spoon-public-snapshot/ was cached in the local repository, resolution will not be reattempted until the update interval of gforge.inria.fr-release has elapsed or updates are forced
[DEBUG] Could not find metadata org.eclipse.platform:org.eclipse.equinox.app/maven-metadata.xml in local (/home/bedanglot/.m2/repository)
[DEBUG] Skipped remote request for org.eclipse.platform:org.eclipse.equinox.app/maven-metadata.xml, locally cached metadata up-to-date.
[DEBUG] Failure to find org.eclipse.platform:org.eclipse.equinox.app/maven-metadata.xml in https://repo.gradle.org/gradle/libs-releases-local/ was cached in the local repository, resolution will not be reattempted until the update interval of gradle-repo has elapsed or updates are forced
[DEBUG] Failure to find org.eclipse.platform:org.eclipse.equinox.app/maven-metadata.xml in https://oss.sonatype.org/content/repositories/snapshots was cached in the local repository, resolution will not be reattempted until the update interval of sonatype-nexus-snapshots has elapsed or updates are forced
[DEBUG] Failure to find org.eclipse.platform:org.eclipse.equinox.app/maven-metadata.xml in http://maven.inria.fr/artifactory/spoon-public-snapshot was cached in the local repository, resolution will not be reattempted until the update interval of maven.inria.fr-snapshot has elapsed or updates are forced
[DEBUG] Failure to find org.eclipse.platform:org.eclipse.equinox.app/maven-metadata.xml in http://maven.inria.fr/artifactory/spoon-public-snapshot/ was cached in the local repository, resolution will not be reattempted until the update interval of gforge.inria.fr-release has elapsed or updates are forced
[DEBUG] Could not find metadata org.eclipse.platform:org.eclipse.equinox.registry/maven-metadata.xml in local (/home/bedanglot/.m2/repository)
[DEBUG] Skipped remote request for org.eclipse.platform:org.eclipse.equinox.registry/maven-metadata.xml, locally cached metadata up-to-date.
[DEBUG] Failure to find org.eclipse.platform:org.eclipse.equinox.registry/maven-metadata.xml in https://repo.gradle.org/gradle/libs-releases-local/ was cached in the local repository, resolution will not be reattempted until the update interval of gradle-repo has elapsed or updates are forced
[DEBUG] Failure to find org.eclipse.platform:org.eclipse.equinox.registry/maven-metadata.xml in https://oss.sonatype.org/content/repositories/snapshots was cached in the local repository, resolution will not be reattempted until the update interval of sonatype-nexus-snapshots has elapsed or updates are forced
[DEBUG] Failure to find org.eclipse.platform:org.eclipse.equinox.registry/maven-metadata.xml in http://maven.inria.fr/artifactory/spoon-public-snapshot was cached in the local repository, resolution will not be reattempted until the update interval of maven.inria.fr-snapshot has elapsed or updates are forced
[DEBUG] Failure to find org.eclipse.platform:org.eclipse.equinox.registry/maven-metadata.xml in http://maven.inria.fr/artifactory/spoon-public-snapshot/ was cached in the local repository, resolution will not be reattempted until the update interval of gforge.inria.fr-release has elapsed or updates are forced
[DEBUG] Could not find metadata org.eclipse.platform:org.eclipse.osgi/maven-metadata.xml in local (/home/bedanglot/.m2/repository)
[DEBUG] Skipped remote request for org.eclipse.platform:org.eclipse.osgi/maven-metadata.xml, locally cached metadata up-to-date.
[DEBUG] Failure to find org.eclipse.platform:org.eclipse.osgi/maven-metadata.xml in https://repo.gradle.org/gradle/libs-releases-local/ was cached in the local repository, resolution will not be reattempted until the update interval of gradle-repo has elapsed or updates are forced
[DEBUG] Failure to find org.eclipse.platform:org.eclipse.osgi/maven-metadata.xml in https://oss.sonatype.org/content/repositories/snapshots was cached in the local repository, resolution will not be reattempted until the update interval of sonatype-nexus-snapshots has elapsed or updates are forced
[DEBUG] Failure to find org.eclipse.platform:org.eclipse.osgi/maven-metadata.xml in http://maven.inria.fr/artifactory/spoon-public-snapshot was cached in the local repository, resolution will not be reattempted until the update interval of maven.inria.fr-snapshot has elapsed or updates are forced
[DEBUG] Failure to find org.eclipse.platform:org.eclipse.osgi/maven-metadata.xml in http://maven.inria.fr/artifactory/spoon-public-snapshot/ was cached in the local repository, resolution will not be reattempted until the update interval of gforge.inria.fr-release has elapsed or updates are forced
[DEBUG] Could not find metadata org.eclipse.platform:org.eclipse.equinox.common/maven-metadata.xml in local (/home/bedanglot/.m2/repository)
[DEBUG] Skipped remote request for org.eclipse.platform:org.eclipse.equinox.common/maven-metadata.xml, locally cached metadata up-to-date.
[DEBUG] Failure to find org.eclipse.platform:org.eclipse.equinox.common/maven-metadata.xml in https://repo.gradle.org/gradle/libs-releases-local/ was cached in the local repository, resolution will not be reattempted until the update interval of gradle-repo has elapsed or updates are forced
[DEBUG] Failure to find org.eclipse.platform:org.eclipse.equinox.common/maven-metadata.xml in https://oss.sonatype.org/content/repositories/snapshots was cached in the local repository, resolution will not be reattempted until the update interval of sonatype-nexus-snapshots has elapsed or updates are forced
[DEBUG] Failure to find org.eclipse.platform:org.eclipse.equinox.common/maven-metadata.xml in http://maven.inria.fr/artifactory/spoon-public-snapshot was cached in the local repository, resolution will not be reattempted until the update interval of maven.inria.fr-snapshot has elapsed or updates are forced
[DEBUG] Failure to find org.eclipse.platform:org.eclipse.equinox.common/maven-metadata.xml in http://maven.inria.fr/artifactory/spoon-public-snapshot/ was cached in the local repository, resolution will not be reattempted until the update interval of gforge.inria.fr-release has elapsed or updates are forced
[DEBUG] Could not find metadata org.eclipse.platform:org.eclipse.core.jobs/maven-metadata.xml in local (/home/bedanglot/.m2/repository)
[DEBUG] Skipped remote request for org.eclipse.platform:org.eclipse.core.jobs/maven-metadata.xml, locally cached metadata up-to-date.
[DEBUG] Failure to find org.eclipse.platform:org.eclipse.core.jobs/maven-metadata.xml in https://repo.gradle.org/gradle/libs-releases-local/ was cached in the local repository, resolution will not be reattempted until the update interval of gradle-repo has elapsed or updates are forced
[DEBUG] Failure to find org.eclipse.platform:org.eclipse.core.jobs/maven-metadata.xml in https://oss.sonatype.org/content/repositories/snapshots was cached in the local repository, resolution will not be reattempted until the update interval of sonatype-nexus-snapshots has elapsed or updates are forced
[DEBUG] Failure to find org.eclipse.platform:org.eclipse.core.jobs/maven-metadata.xml in http://maven.inria.fr/artifactory/spoon-public-snapshot was cached in the local repository, resolution will not be reattempted until the update interval of maven.inria.fr-snapshot has elapsed or updates are forced
[DEBUG] Failure to find org.eclipse.platform:org.eclipse.core.jobs/maven-metadata.xml in http://maven.inria.fr/artifactory/spoon-public-snapshot/ was cached in the local repository, resolution will not be reattempted until the update interval of gforge.inria.fr-release has elapsed or updates are forced
[DEBUG] Could not find metadata org.eclipse.platform:org.eclipse.equinox.preferences/maven-metadata.xml in local (/home/bedanglot/.m2/repository)
[DEBUG] Skipped remote request for org.eclipse.platform:org.eclipse.equinox.preferences/maven-metadata.xml, locally cached metadata up-to-date.
[DEBUG] Failure to find org.eclipse.platform:org.eclipse.equinox.preferences/maven-metadata.xml in https://repo.gradle.org/gradle/libs-releases-local/ was cached in the local repository, resolution will not be reattempted until the update interval of gradle-repo has elapsed or updates are forced
[DEBUG] Failure to find org.eclipse.platform:org.eclipse.equinox.preferences/maven-metadata.xml in https://oss.sonatype.org/content/repositories/snapshots was cached in the local repository, resolution will not be reattempted until the update interval of sonatype-nexus-snapshots has elapsed or updates are forced
[DEBUG] Failure to find org.eclipse.platform:org.eclipse.equinox.preferences/maven-metadata.xml in http://maven.inria.fr/artifactory/spoon-public-snapshot was cached in the local repository, resolution will not be reattempted until the update interval of maven.inria.fr-snapshot has elapsed or updates are forced
[DEBUG] Failure to find org.eclipse.platform:org.eclipse.equinox.preferences/maven-metadata.xml in http://maven.inria.fr/artifactory/spoon-public-snapshot/ was cached in the local repository, resolution will not be reattempted until the update interval of gforge.inria.fr-release has elapsed or updates are forced
[DEBUG] Could not find metadata org.eclipse.platform:org.eclipse.core.contenttype/maven-metadata.xml in local (/home/bedanglot/.m2/repository)
[DEBUG] Skipped remote request for org.eclipse.platform:org.eclipse.core.contenttype/maven-metadata.xml, locally cached metadata up-to-date.
[DEBUG] Failure to find org.eclipse.platform:org.eclipse.core.contenttype/maven-metadata.xml in https://repo.gradle.org/gradle/libs-releases-local/ was cached in the local repository, resolution will not be reattempted until the update interval of gradle-repo has elapsed or updates are forced
[DEBUG] Failure to find org.eclipse.platform:org.eclipse.core.contenttype/maven-metadata.xml in https://oss.sonatype.org/content/repositories/snapshots was cached in the local repository, resolution will not be reattempted until the update interval of sonatype-nexus-snapshots has elapsed or updates are forced
[DEBUG] Failure to find org.eclipse.platform:org.eclipse.core.contenttype/maven-metadata.xml in http://maven.inria.fr/artifactory/spoon-public-snapshot was cached in the local repository, resolution will not be reattempted until the update interval of maven.inria.fr-snapshot has elapsed or updates are forced
[DEBUG] Failure to find org.eclipse.platform:org.eclipse.core.contenttype/maven-metadata.xml in http://maven.inria.fr/artifactory/spoon-public-snapshot/ was cached in the local repository, resolution will not be reattempted until the update interval of gforge.inria.fr-release has elapsed or updates are forced
[DEBUG] Could not find metadata org.eclipse.platform:org.eclipse.equinox.app/maven-metadata.xml in local (/home/bedanglot/.m2/repository)
[DEBUG] Skipped remote request for org.eclipse.platform:org.eclipse.equinox.app/maven-metadata.xml, locally cached metadata up-to-date.
[DEBUG] Failure to find org.eclipse.platform:org.eclipse.equinox.app/maven-metadata.xml in https://repo.gradle.org/gradle/libs-releases-local/ was cached in the local repository, resolution will not be reattempted until the update interval of gradle-repo has elapsed or updates are forced
[DEBUG] Failure to find org.eclipse.platform:org.eclipse.equinox.app/maven-metadata.xml in https://oss.sonatype.org/content/repositories/snapshots was cached in the local repository, resolution will not be reattempted until the update interval of sonatype-nexus-snapshots has elapsed or updates are forced
[DEBUG] Failure to find org.eclipse.platform:org.eclipse.equinox.app/maven-metadata.xml in http://maven.inria.fr/artifactory/spoon-public-snapshot was cached in the local repository, resolution will not be reattempted until the update interval of maven.inria.fr-snapshot has elapsed or updates are forced
[DEBUG] Failure to find org.eclipse.platform:org.eclipse.equinox.app/maven-metadata.xml in http://maven.inria.fr/artifactory/spoon-public-snapshot/ was cached in the local repository, resolution will not be reattempted until the update interval of gforge.inria.fr-release has elapsed or updates are forced
[DEBUG] Could not find metadata org.eclipse.platform:org.eclipse.core.filesystem/maven-metadata.xml in local (/home/bedanglot/.m2/repository)
[DEBUG] Skipped remote request for org.eclipse.platform:org.eclipse.core.filesystem/maven-metadata.xml, locally cached metadata up-to-date.
[DEBUG] Failure to find org.eclipse.platform:org.eclipse.core.filesystem/maven-metadata.xml in https://repo.gradle.org/gradle/libs-releases-local/ was cached in the local repository, resolution will not be reattempted until the update interval of gradle-repo has elapsed or updates are forced
[DEBUG] Failure to find org.eclipse.platform:org.eclipse.core.filesystem/maven-metadata.xml in https://oss.sonatype.org/content/repositories/snapshots was cached in the local repository, resolution will not be reattempted until the update interval of sonatype-nexus-snapshots has elapsed or updates are forced
[DEBUG] Failure to find org.eclipse.platform:org.eclipse.core.filesystem/maven-metadata.xml in http://maven.inria.fr/artifactory/spoon-public-snapshot was cached in the local repository, resolution will not be reattempted until the update interval of maven.inria.fr-snapshot has elapsed or updates are forced
[DEBUG] Failure to find org.eclipse.platform:org.eclipse.core.filesystem/maven-metadata.xml in http://maven.inria.fr/artifactory/spoon-public-snapshot/ was cached in the local repository, resolution will not be reattempted until the update interval of gforge.inria.fr-release has elapsed or updates are forced
[DEBUG] Could not find metadata org.eclipse.platform:org.eclipse.osgi/maven-metadata.xml in local (/home/bedanglot/.m2/repository)
[DEBUG] Skipped remote request for org.eclipse.platform:org.eclipse.osgi/maven-metadata.xml, locally cached metadata up-to-date.
[DEBUG] Failure to find org.eclipse.platform:org.eclipse.osgi/maven-metadata.xml in https://repo.gradle.org/gradle/libs-releases-local/ was cached in the local repository, resolution will not be reattempted until the update interval of gradle-repo has elapsed or updates are forced
[DEBUG] Failure to find org.eclipse.platform:org.eclipse.osgi/maven-metadata.xml in https://oss.sonatype.org/content/repositories/snapshots was cached in the local repository, resolution will not be reattempted until the update interval of sonatype-nexus-snapshots has elapsed or updates are forced
[DEBUG] Failure to find org.eclipse.platform:org.eclipse.osgi/maven-metadata.xml in http://maven.inria.fr/artifactory/spoon-public-snapshot was cached in the local repository, resolution will not be reattempted until the update interval of maven.inria.fr-snapshot has elapsed or updates are forced
[DEBUG] Failure to find org.eclipse.platform:org.eclipse.osgi/maven-metadata.xml in http://maven.inria.fr/artifactory/spoon-public-snapshot/ was cached in the local repository, resolution will not be reattempted until the update interval of gforge.inria.fr-release has elapsed or updates are forced
[DEBUG] Could not find metadata org.eclipse.platform:org.eclipse.core.runtime/maven-metadata.xml in local (/home/bedanglot/.m2/repository)
[DEBUG] Skipped remote request for org.eclipse.platform:org.eclipse.core.runtime/maven-metadata.xml, locally cached metadata up-to-date.
[DEBUG] Failure to find org.eclipse.platform:org.eclipse.core.runtime/maven-metadata.xml in https://repo.gradle.org/gradle/libs-releases-local/ was cached in the local repository, resolution will not be reattempted until the update interval of gradle-repo has elapsed or updates are forced
[DEBUG] Failure to find org.eclipse.platform:org.eclipse.core.runtime/maven-metadata.xml in https://oss.sonatype.org/content/repositories/snapshots was cached in the local repository, resolution will not be reattempted until the update interval of sonatype-nexus-snapshots has elapsed or updates are forced
[DEBUG] Failure to find org.eclipse.platform:org.eclipse.core.runtime/maven-metadata.xml in http://maven.inria.fr/artifactory/spoon-public-snapshot was cached in the local repository, resolution will not be reattempted until the update interval of maven.inria.fr-snapshot has elapsed or updates are forced
[DEBUG] Failure to find org.eclipse.platform:org.eclipse.core.runtime/maven-metadata.xml in http://maven.inria.fr/artifactory/spoon-public-snapshot/ was cached in the local repository, resolution will not be reattempted until the update interval of gforge.inria.fr-release has elapsed or updates are forced
[DEBUG] Could not find metadata org.eclipse.platform:org.eclipse.core.runtime/maven-metadata.xml in local (/home/bedanglot/.m2/repository)
[DEBUG] Skipped remote request for org.eclipse.platform:org.eclipse.core.runtime/maven-metadata.xml, locally cached metadata up-to-date.
[DEBUG] Failure to find org.eclipse.platform:org.eclipse.core.runtime/maven-metadata.xml in https://repo.gradle.org/gradle/libs-releases-local/ was cached in the local repository, resolution will not be reattempted until the update interval of gradle-repo has elapsed or updates are forced
[DEBUG] Failure to find org.eclipse.platform:org.eclipse.core.runtime/maven-metadata.xml in https://oss.sonatype.org/content/repositories/snapshots was cached in the local repository, resolution will not be reattempted until the update interval of sonatype-nexus-snapshots has elapsed or updates are forced
[DEBUG] Failure to find org.eclipse.platform:org.eclipse.core.runtime/maven-metadata.xml in http://maven.inria.fr/artifactory/spoon-public-snapshot was cached in the local repository, resolution will not be reattempted until the update interval of maven.inria.fr-snapshot has elapsed or updates are forced
[DEBUG] Failure to find org.eclipse.platform:org.eclipse.core.runtime/maven-metadata.xml in http://maven.inria.fr/artifactory/spoon-public-snapshot/ was cached in the local repository, resolution will not be reattempted until the update interval of gforge.inria.fr-release has elapsed or updates are forced
[DEBUG] Could not find metadata org.eclipse.platform:org.eclipse.core.filesystem/maven-metadata.xml in local (/home/bedanglot/.m2/repository)
[DEBUG] Skipped remote request for org.eclipse.platform:org.eclipse.core.filesystem/maven-metadata.xml, locally cached metadata up-to-date.
[DEBUG] Failure to find org.eclipse.platform:org.eclipse.core.filesystem/maven-metadata.xml in https://repo.gradle.org/gradle/libs-releases-local/ was cached in the local repository, resolution will not be reattempted until the update interval of gradle-repo has elapsed or updates are forced
[DEBUG] Failure to find org.eclipse.platform:org.eclipse.core.filesystem/maven-metadata.xml in https://oss.sonatype.org/content/repositories/snapshots was cached in the local repository, resolution will not be reattempted until the update interval of sonatype-nexus-snapshots has elapsed or updates are forced
[DEBUG] Failure to find org.eclipse.platform:org.eclipse.core.filesystem/maven-metadata.xml in http://maven.inria.fr/artifactory/spoon-public-snapshot was cached in the local repository, resolution will not be reattempted until the update interval of maven.inria.fr-snapshot has elapsed or updates are forced
[DEBUG] Failure to find org.eclipse.platform:org.eclipse.core.filesystem/maven-metadata.xml in http://maven.inria.fr/artifactory/spoon-public-snapshot/ was cached in the local repository, resolution will not be reattempted until the update interval of gforge.inria.fr-release has elapsed or updates are forced
[DEBUG] Could not find metadata org.eclipse.platform:org.eclipse.text/maven-metadata.xml in local (/home/bedanglot/.m2/repository)
[DEBUG] Skipped remote request for org.eclipse.platform:org.eclipse.text/maven-metadata.xml, locally cached metadata up-to-date.
[DEBUG] Failure to find org.eclipse.platform:org.eclipse.text/maven-metadata.xml in https://repo.gradle.org/gradle/libs-releases-local/ was cached in the local repository, resolution will not be reattempted until the update interval of gradle-repo has elapsed or updates are forced
[DEBUG] Failure to find org.eclipse.platform:org.eclipse.text/maven-metadata.xml in https://oss.sonatype.org/content/repositories/snapshots was cached in the local repository, resolution will not be reattempted until the update interval of sonatype-nexus-snapshots has elapsed or updates are forced
[DEBUG] Failure to find org.eclipse.platform:org.eclipse.text/maven-metadata.xml in http://maven.inria.fr/artifactory/spoon-public-snapshot was cached in the local repository, resolution will not be reattempted until the update interval of maven.inria.fr-snapshot has elapsed or updates are forced
[DEBUG] Failure to find org.eclipse.platform:org.eclipse.text/maven-metadata.xml in http://maven.inria.fr/artifactory/spoon-public-snapshot/ was cached in the local repository, resolution will not be reattempted until the update interval of gforge.inria.fr-release has elapsed or updates are forced
[DEBUG] Could not find metadata org.eclipse.platform:org.eclipse.core.commands/maven-metadata.xml in local (/home/bedanglot/.m2/repository)
[DEBUG] Skipped remote request for org.eclipse.platform:org.eclipse.core.commands/maven-metadata.xml, locally cached metadata up-to-date.
[DEBUG] Failure to find org.eclipse.platform:org.eclipse.core.commands/maven-metadata.xml in https://repo.gradle.org/gradle/libs-releases-local/ was cached in the local repository, resolution will not be reattempted until the update interval of gradle-repo has elapsed or updates are forced
[DEBUG] Failure to find org.eclipse.platform:org.eclipse.core.commands/maven-metadata.xml in https://oss.sonatype.org/content/repositories/snapshots was cached in the local repository, resolution will not be reattempted until the update interval of sonatype-nexus-snapshots has elapsed or updates are forced
[DEBUG] Failure to find org.eclipse.platform:org.eclipse.core.commands/maven-metadata.xml in http://maven.inria.fr/artifactory/spoon-public-snapshot was cached in the local repository, resolution will not be reattempted until the update interval of maven.inria.fr-snapshot has elapsed or updates are forced
[DEBUG] Failure to find org.eclipse.platform:org.eclipse.core.commands/maven-metadata.xml in http://maven.inria.fr/artifactory/spoon-public-snapshot/ was cached in the local repository, resolution will not be reattempted until the update interval of gforge.inria.fr-release has elapsed or updates are forced
[DEBUG] Could not find metadata org.eclipse.platform:org.eclipse.equinox.common/maven-metadata.xml in local (/home/bedanglot/.m2/repository)
[DEBUG] Skipped remote request for org.eclipse.platform:org.eclipse.equinox.common/maven-metadata.xml, locally cached metadata up-to-date.
[DEBUG] Failure to find org.eclipse.platform:org.eclipse.equinox.common/maven-metadata.xml in https://repo.gradle.org/gradle/libs-releases-local/ was cached in the local repository, resolution will not be reattempted until the update interval of gradle-repo has elapsed or updates are forced
[DEBUG] Failure to find org.eclipse.platform:org.eclipse.equinox.common/maven-metadata.xml in https://oss.sonatype.org/content/repositories/snapshots was cached in the local repository, resolution will not be reattempted until the update interval of sonatype-nexus-snapshots has elapsed or updates are forced
[DEBUG] Failure to find org.eclipse.platform:org.eclipse.equinox.common/maven-metadata.xml in http://maven.inria.fr/artifactory/spoon-public-snapshot was cached in the local repository, resolution will not be reattempted until the update interval of maven.inria.fr-snapshot has elapsed or updates are forced
[DEBUG] Failure to find org.eclipse.platform:org.eclipse.equinox.common/maven-metadata.xml in http://maven.inria.fr/artifactory/spoon-public-snapshot/ was cached in the local repository, resolution will not be reattempted until the update interval of gforge.inria.fr-release has elapsed or updates are forced
[DEBUG] Could not find metadata org.eclipse.platform:org.eclipse.core.runtime/maven-metadata.xml in local (/home/bedanglot/.m2/repository)
[DEBUG] Skipped remote request for org.eclipse.platform:org.eclipse.core.runtime/maven-metadata.xml, locally cached metadata up-to-date.
[DEBUG] Failure to find org.eclipse.platform:org.eclipse.core.runtime/maven-metadata.xml in https://repo.gradle.org/gradle/libs-releases-local/ was cached in the local repository, resolution will not be reattempted until the update interval of gradle-repo has elapsed or updates are forced
[DEBUG] Failure to find org.eclipse.platform:org.eclipse.core.runtime/maven-metadata.xml in https://oss.sonatype.org/content/repositories/snapshots was cached in the local repository, resolution will not be reattempted until the update interval of sonatype-nexus-snapshots has elapsed or updates are forced
[DEBUG] Failure to find org.eclipse.platform:org.eclipse.core.runtime/maven-metadata.xml in http://maven.inria.fr/artifactory/spoon-public-snapshot was cached in the local repository, resolution will not be reattempted until the update interval of maven.inria.fr-snapshot has elapsed or updates are forced
[DEBUG] Failure to find org.eclipse.platform:org.eclipse.core.runtime/maven-metadata.xml in http://maven.inria.fr/artifactory/spoon-public-snapshot/ was cached in the local repository, resolution will not be reattempted until the update interval of gforge.inria.fr-release has elapsed or updates are forced
[DEBUG] Dependency collection stats: {ConflictMarker.analyzeTime=5, ConflictMarker.markTime=1, ConflictMarker.nodeCount=2021, ConflictIdSorter.graphTime=3, ConflictIdSorter.topsortTime=0, ConflictIdSorter.conflictIdCount=117, ConflictIdSorter.conflictIdCycleCount=0, ConflictResolver.totalTime=9, ConflictResolver.conflictItemCount=393, DefaultDependencyCollector.collectTime=923, DefaultDependencyCollector.transformTime=18}
[DEBUG] eu.stamp-project:dspot-maven:jar:2.1.1-SNAPSHOT:
[DEBUG]    eu.stamp-project:dspot:jar:2.1.1-SNAPSHOT:compile
[DEBUG]       fr.inria.gforge.spoon:spoon-core:jar:7.3.0:compile
[DEBUG]          org.eclipse.jdt:org.eclipse.jdt.core:jar:3.15.0:compile
[DEBUG]             org.eclipse.platform:org.eclipse.core.resources:jar:3.13.300:compile
[DEBUG]                org.eclipse.platform:org.eclipse.core.expressions:jar:3.6.300:compile
[DEBUG]             org.eclipse.platform:org.eclipse.core.runtime:jar:3.15.200:compile
[DEBUG]                org.eclipse.platform:org.eclipse.osgi:jar:3.13.300:compile
[DEBUG]                org.eclipse.platform:org.eclipse.equinox.common:jar:3.10.300:compile
[DEBUG]                org.eclipse.platform:org.eclipse.core.jobs:jar:3.10.300:compile
[DEBUG]                org.eclipse.platform:org.eclipse.equinox.registry:jar:3.8.300:compile
[DEBUG]                org.eclipse.platform:org.eclipse.equinox.preferences:jar:3.7.300:compile
[DEBUG]                org.eclipse.platform:org.eclipse.core.contenttype:jar:3.7.300:compile
[DEBUG]                org.eclipse.platform:org.eclipse.equinox.app:jar:1.4.100:compile
[DEBUG]             org.eclipse.platform:org.eclipse.core.filesystem:jar:1.7.300:compile
[DEBUG]             org.eclipse.platform:org.eclipse.text:jar:3.8.100:compile
[DEBUG]                org.eclipse.platform:org.eclipse.core.commands:jar:3.9.300:compile
[DEBUG]          com.martiansoftware:jsap:jar:2.1:compile
[DEBUG]          log4j:log4j:jar:1.2.17:compile
[DEBUG]          org.tukaani:xz:jar:1.8:compile
[DEBUG]          com.fasterxml.jackson.core:jackson-databind:jar:2.9.8:compile
[DEBUG]             com.fasterxml.jackson.core:jackson-annotations:jar:2.9.0:compile
[DEBUG]             com.fasterxml.jackson.core:jackson-core:jar:2.9.8:compile
[DEBUG]          org.apache.commons:commons-compress:jar:1.18:compile
[DEBUG]       junit:junit:jar:4.12:compile
[DEBUG]          org.hamcrest:hamcrest-core:jar:1.3:compile
[DEBUG]       com.google.code.gson:gson:jar:2.8.0:compile
[DEBUG]       org.apache.maven.shared:maven-invoker:jar:3.0.0:compile
[DEBUG]       org.slf4j:slf4j-api:jar:1.7.25:compile
[DEBUG]       org.slf4j:slf4j-log4j12:jar:1.7.25:compile
[DEBUG]       org.jacoco:org.jacoco.core:jar:0.7.9:compile
[DEBUG]          org.ow2.asm:asm-debug-all:jar:5.2:compile
[DEBUG]       eu.stamp-project:descartes:jar:1.1:compile
[DEBUG]          org.pitest:pitest:jar:1.2.0:compile
[DEBUG]          org.pitest:pitest-entry:jar:1.2.0:compile
[DEBUG]             com.thoughtworks.xstream:xstream:jar:1.4.8:compile
[DEBUG]                xmlpull:xmlpull:jar:1.1.3.1:compile
[DEBUG]                xpp3:xpp3_min:jar:1.1.4c:compile
[DEBUG]       org.gradle:gradle-tooling-api:jar:4.0.1:compile
[DEBUG]       org.mockito:mockito-core:jar:2.10.0:compile
[DEBUG]          net.bytebuddy:byte-buddy:jar:1.7.4:runtime
[DEBUG]          net.bytebuddy:byte-buddy-agent:jar:1.7.4:runtime
[DEBUG]          org.objenesis:objenesis:jar:2.6:runtime
[DEBUG]       eu.stamp-project:test-runner:jar:jar-with-dependencies:2.0.7:compile
[DEBUG]          org.junit.jupiter:junit-jupiter-api:jar:5.3.2:compile
[DEBUG]             org.apiguardian:apiguardian-api:jar:1.0.0:compile
[DEBUG]             org.opentest4j:opentest4j:jar:1.1.1:compile
[DEBUG]             org.junit.platform:junit-platform-commons:jar:1.3.2:compile
[DEBUG]          org.junit.jupiter:junit-jupiter-engine:jar:5.3.2:compile
[DEBUG]             org.junit.platform:junit-platform-engine:jar:1.3.2:compile
[DEBUG]          org.junit.platform:junit-platform-launcher:jar:1.3.2:compile
[DEBUG]          org.junit.jupiter:junit-jupiter-params:jar:5.3.2:compile
[DEBUG]       org.openclover:clover:jar:4.2.1:compile
[DEBUG]       fr.inria.gforge.spoon.labs:gumtree-spoon-ast-diff:jar:1.5:compile
[DEBUG]          com.github.gumtreediff:core:jar:2.1.0:compile
[DEBUG]             com.github.mpkorstanje:simmetrics-core:jar:3.2.3:compile
[DEBUG]                commons-codec:commons-codec:jar:1.10:compile
[DEBUG]             net.sf.trove4j:trove4j:jar:3.0.3:compile
[DEBUG]             org.jgrapht:jgrapht-core:jar:1.0.1:compile
[DEBUG]       org.ehcache:ehcache:jar:3.6.1:compile
[DEBUG]       org.apache.cxf:cxf-common-utilities:jar:2.4.1:compile
[DEBUG]          org.apache.ws.xmlschema:xmlschema-core:jar:2.0:compile
[DEBUG]          org.codehaus.woodstox:woodstox-core-asl:jar:4.1.1:runtime
[DEBUG]             org.codehaus.woodstox:stax2-api:jar:3.1.1:runtime
[DEBUG]    org.apache.maven:maven-plugin-api:jar:3.5.4:compile
[DEBUG]       org.apache.maven:maven-artifact:jar:3.5.4:compile
[DEBUG]       org.eclipse.sisu:org.eclipse.sisu.plexus:jar:0.3.3:compile
[DEBUG]          javax.enterprise:cdi-api:jar:1.0:compile
[DEBUG]             javax.annotation:jsr250-api:jar:1.0:compile
[DEBUG]       org.codehaus.plexus:plexus-utils:jar:3.1.0:compile
[DEBUG]       org.codehaus.plexus:plexus-classworlds:jar:2.5.2:compile
[DEBUG]    org.apache.maven.plugin-testing:maven-plugin-testing-harness:jar:3.3.0:compile
[DEBUG]       commons-io:commons-io:jar:2.2:compile
[DEBUG]       org.codehaus.plexus:plexus-archiver:jar:2.2:compile
[DEBUG]          org.codehaus.plexus:plexus-io:jar:2.0.4:compile
[DEBUG]    org.apache.maven:maven-compat:jar:3.5.4:compile
[DEBUG]       org.apache.maven:maven-model-builder:jar:3.5.4:compile
[DEBUG]       org.apache.maven:maven-settings:jar:3.5.4:compile
[DEBUG]       org.apache.maven:maven-settings-builder:jar:3.5.4:compile
[DEBUG]          org.sonatype.plexus:plexus-sec-dispatcher:jar:1.4:compile
[DEBUG]             org.sonatype.plexus:plexus-cipher:jar:1.4:compile
[DEBUG]       org.apache.maven:maven-resolver-provider:jar:3.5.4:compile
[DEBUG]       org.apache.maven:maven-repository-metadata:jar:3.5.4:compile
[DEBUG]       org.apache.maven.resolver:maven-resolver-api:jar:1.1.1:compile
[DEBUG]       org.apache.maven.resolver:maven-resolver-util:jar:1.1.1:compile
[DEBUG]       org.apache.maven.resolver:maven-resolver-impl:jar:1.1.1:compile
[DEBUG]       org.codehaus.plexus:plexus-interpolation:jar:1.24:compile
[DEBUG]       org.codehaus.plexus:plexus-component-annotations:jar:1.7.1:compile
[DEBUG]       org.apache.maven.wagon:wagon-provider-api:jar:3.1.0:compile
[DEBUG]    org.apache.maven:maven-core:jar:3.5.4:compile
[DEBUG]       org.apache.maven:maven-builder-support:jar:3.5.4:compile
[DEBUG]       org.apache.maven.resolver:maven-resolver-spi:jar:1.1.1:compile
[DEBUG]       org.apache.maven.shared:maven-shared-utils:jar:3.2.1:compile
[DEBUG]       org.eclipse.sisu:org.eclipse.sisu.inject:jar:0.3.3:compile
[DEBUG]       com.google.inject:guice:jar:no_aop:4.2.0:compile
[DEBUG]          aopalliance:aopalliance:jar:1.0:compile
[DEBUG]       com.google.guava:guava:jar:20.0:compile
[DEBUG]       javax.inject:javax.inject:jar:1:compile
[DEBUG]       org.apache.commons:commons-lang3:jar:3.5:compile
[DEBUG]    org.apache.maven:maven-model:jar:3.5.4:compile
[DEBUG]    org.apache.maven:maven-aether-provider:jar:3.3.9:compile
[DEBUG]       org.eclipse.aether:aether-api:jar:1.0.2.v20150114:compile
[DEBUG]       org.eclipse.aether:aether-spi:jar:1.0.2.v20150114:compile
[DEBUG]       org.eclipse.aether:aether-util:jar:1.0.2.v20150114:compile
[DEBUG]       org.eclipse.aether:aether-impl:jar:1.0.2.v20150114:compile
[DEBUG]    org.apache.maven:maven-project:jar:2.2.1:compile
[DEBUG]       org.apache.maven:maven-profile:jar:2.2.1:compile
[DEBUG]       org.apache.maven:maven-artifact-manager:jar:2.2.1:compile
[DEBUG]          backport-util-concurrent:backport-util-concurrent:jar:3.1:compile
[DEBUG]       org.apache.maven:maven-plugin-registry:jar:2.2.1:compile
[DEBUG]       org.codehaus.plexus:plexus-container-default:jar:1.0-alpha-9-stable-1:compile
[DEBUG]          classworlds:classworlds:jar:1.1-alpha-2:compile
[DEBUG] Created new class realm plugin>eu.stamp-project:dspot-maven:2.1.1-SNAPSHOT
[DEBUG] Importing foreign packages into class realm plugin>eu.stamp-project:dspot-maven:2.1.1-SNAPSHOT
[DEBUG]   Imported:  < maven.api
[DEBUG] Populating class realm plugin>eu.stamp-project:dspot-maven:2.1.1-SNAPSHOT
[DEBUG]   Included: eu.stamp-project:dspot-maven:jar:2.1.1-SNAPSHOT
[DEBUG]   Included: eu.stamp-project:dspot:jar:2.1.1-SNAPSHOT
[DEBUG]   Included: fr.inria.gforge.spoon:spoon-core:jar:7.3.0
[DEBUG]   Included: org.eclipse.jdt:org.eclipse.jdt.core:jar:3.15.0
[DEBUG]   Included: org.eclipse.platform:org.eclipse.core.resources:jar:3.13.300
[DEBUG]   Included: org.eclipse.platform:org.eclipse.core.expressions:jar:3.6.300
[DEBUG]   Included: org.eclipse.platform:org.eclipse.core.runtime:jar:3.15.200
[DEBUG]   Included: org.eclipse.platform:org.eclipse.osgi:jar:3.13.300
[DEBUG]   Included: org.eclipse.platform:org.eclipse.equinox.common:jar:3.10.300
[DEBUG]   Included: org.eclipse.platform:org.eclipse.core.jobs:jar:3.10.300
[DEBUG]   Included: org.eclipse.platform:org.eclipse.equinox.registry:jar:3.8.300
[DEBUG]   Included: org.eclipse.platform:org.eclipse.equinox.preferences:jar:3.7.300
[DEBUG]   Included: org.eclipse.platform:org.eclipse.core.contenttype:jar:3.7.300
[DEBUG]   Included: org.eclipse.platform:org.eclipse.equinox.app:jar:1.4.100
[DEBUG]   Included: org.eclipse.platform:org.eclipse.core.filesystem:jar:1.7.300
[DEBUG]   Included: org.eclipse.platform:org.eclipse.text:jar:3.8.100
[DEBUG]   Included: org.eclipse.platform:org.eclipse.core.commands:jar:3.9.300
[DEBUG]   Included: com.martiansoftware:jsap:jar:2.1
[DEBUG]   Included: log4j:log4j:jar:1.2.17
[DEBUG]   Included: org.tukaani:xz:jar:1.8
[DEBUG]   Included: com.fasterxml.jackson.core:jackson-databind:jar:2.9.8
[DEBUG]   Included: com.fasterxml.jackson.core:jackson-annotations:jar:2.9.0
[DEBUG]   Included: com.fasterxml.jackson.core:jackson-core:jar:2.9.8
[DEBUG]   Included: org.apache.commons:commons-compress:jar:1.18
[DEBUG]   Included: junit:junit:jar:4.12
[DEBUG]   Included: org.hamcrest:hamcrest-core:jar:1.3
[DEBUG]   Included: com.google.code.gson:gson:jar:2.8.0
[DEBUG]   Included: org.apache.maven.shared:maven-invoker:jar:3.0.0
[DEBUG]   Included: org.slf4j:slf4j-log4j12:jar:1.7.25
[DEBUG]   Included: org.jacoco:org.jacoco.core:jar:0.7.9
[DEBUG]   Included: org.ow2.asm:asm-debug-all:jar:5.2
[DEBUG]   Included: eu.stamp-project:descartes:jar:1.1
[DEBUG]   Included: org.pitest:pitest:jar:1.2.0
[DEBUG]   Included: org.pitest:pitest-entry:jar:1.2.0
[DEBUG]   Included: com.thoughtworks.xstream:xstream:jar:1.4.8
[DEBUG]   Included: xmlpull:xmlpull:jar:1.1.3.1
[DEBUG]   Included: xpp3:xpp3_min:jar:1.1.4c
[DEBUG]   Included: org.gradle:gradle-tooling-api:jar:4.0.1
[DEBUG]   Included: org.mockito:mockito-core:jar:2.10.0
[DEBUG]   Included: net.bytebuddy:byte-buddy:jar:1.7.4
[DEBUG]   Included: net.bytebuddy:byte-buddy-agent:jar:1.7.4
[DEBUG]   Included: org.objenesis:objenesis:jar:2.6
[DEBUG]   Included: eu.stamp-project:test-runner:jar:jar-with-dependencies:2.0.7
[DEBUG]   Included: org.junit.jupiter:junit-jupiter-api:jar:5.3.2
[DEBUG]   Included: org.apiguardian:apiguardian-api:jar:1.0.0
[DEBUG]   Included: org.opentest4j:opentest4j:jar:1.1.1
[DEBUG]   Included: org.junit.platform:junit-platform-commons:jar:1.3.2
[DEBUG]   Included: org.junit.jupiter:junit-jupiter-engine:jar:5.3.2
[DEBUG]   Included: org.junit.platform:junit-platform-engine:jar:1.3.2
[DEBUG]   Included: org.junit.platform:junit-platform-launcher:jar:1.3.2
[DEBUG]   Included: org.junit.jupiter:junit-jupiter-params:jar:5.3.2
[DEBUG]   Included: org.openclover:clover:jar:4.2.1
[DEBUG]   Included: fr.inria.gforge.spoon.labs:gumtree-spoon-ast-diff:jar:1.5
[DEBUG]   Included: com.github.gumtreediff:core:jar:2.1.0
[DEBUG]   Included: com.github.mpkorstanje:simmetrics-core:jar:3.2.3
[DEBUG]   Included: commons-codec:commons-codec:jar:1.10
[DEBUG]   Included: net.sf.trove4j:trove4j:jar:3.0.3
[DEBUG]   Included: org.jgrapht:jgrapht-core:jar:1.0.1
[DEBUG]   Included: org.ehcache:ehcache:jar:3.6.1
[DEBUG]   Included: org.apache.cxf:cxf-common-utilities:jar:2.4.1
[DEBUG]   Included: org.apache.ws.xmlschema:xmlschema-core:jar:2.0
[DEBUG]   Included: org.codehaus.woodstox:woodstox-core-asl:jar:4.1.1
[DEBUG]   Included: org.codehaus.woodstox:stax2-api:jar:3.1.1
[DEBUG]   Included: javax.enterprise:cdi-api:jar:1.0
[DEBUG]   Included: javax.annotation:jsr250-api:jar:1.0
[DEBUG]   Included: org.codehaus.plexus:plexus-utils:jar:3.1.0
[DEBUG]   Included: org.apache.maven.plugin-testing:maven-plugin-testing-harness:jar:3.3.0
[DEBUG]   Included: commons-io:commons-io:jar:2.2
[DEBUG]   Included: org.codehaus.plexus:plexus-archiver:jar:2.2
[DEBUG]   Included: org.codehaus.plexus:plexus-io:jar:2.0.4
[DEBUG]   Included: org.sonatype.plexus:plexus-sec-dispatcher:jar:1.4
[DEBUG]   Included: org.sonatype.plexus:plexus-cipher:jar:1.4
[DEBUG]   Included: org.apache.maven:maven-resolver-provider:jar:3.5.4
[DEBUG]   Included: org.apache.maven.resolver:maven-resolver-api:jar:1.1.1
[DEBUG]   Included: org.apache.maven.resolver:maven-resolver-util:jar:1.1.1
[DEBUG]   Included: org.apache.maven.resolver:maven-resolver-impl:jar:1.1.1
[DEBUG]   Included: org.codehaus.plexus:plexus-interpolation:jar:1.24
[DEBUG]   Included: org.codehaus.plexus:plexus-component-annotations:jar:1.7.1
[DEBUG]   Included: org.apache.maven:maven-builder-support:jar:3.5.4
[DEBUG]   Included: org.apache.maven.resolver:maven-resolver-spi:jar:1.1.1
[DEBUG]   Included: org.apache.maven.shared:maven-shared-utils:jar:3.2.1
[DEBUG]   Included: org.eclipse.sisu:org.eclipse.sisu.inject:jar:0.3.3
[DEBUG]   Included: com.google.inject:guice:jar:no_aop:4.2.0
[DEBUG]   Included: aopalliance:aopalliance:jar:1.0
[DEBUG]   Included: com.google.guava:guava:jar:20.0
[DEBUG]   Included: org.apache.commons:commons-lang3:jar:3.5
[DEBUG]   Included: org.eclipse.aether:aether-util:jar:1.0.2.v20150114
[DEBUG]   Included: backport-util-concurrent:backport-util-concurrent:jar:3.1
[DEBUG] Configuring mojo eu.stamp-project:dspot-maven:2.1.1-SNAPSHOT:amplify-unit-tests from plugin realm ClassRealm[plugin>eu.stamp-project:dspot-maven:2.1.1-SNAPSHOT, parent: sun.misc.Launcher$AppClassLoader@1b6d3586]
[DEBUG] Configuring mojo 'eu.stamp-project:dspot-maven:2.1.1-SNAPSHOT:amplify-unit-tests' with basic configurator -->
[DEBUG]   (f) allowPathInAssertions = false
[DEBUG]   (f) amplifiers = [TestDataMutator, MethodAdd, MethodRemove, NullifierAmplifier]
[DEBUG]   (f) automaticBuilder = MavenBuilder
[DEBUG]   (f) budgetizer = SimpleBudgetizer
[DEBUG]   (f) cases = []
[DEBUG]   (f) clean = true
[DEBUG]   (f) descartes = true
[DEBUG]   (f) example = false
[DEBUG]   (f) generateNewTestClass = true
[DEBUG]   (f) help = false
[DEBUG]   (f) iteration = 1
[DEBUG]   (f) keepOriginalTestMethods = false
[DEBUG]   (f) maxTestAmplified = 100
[DEBUG]   (f) noMinimize = false
[DEBUG]   (f) outputPath = /tmp/dspot-experiments/results/april-2019/mustache.java/commit_0_a1197f7/seeds//33474231/
[DEBUG]   (f) pathToSecondVersion = /tmp/dspot-experiments/dataset/april-2019/mustache.java/compiler
[DEBUG]   (f) pathToTestListCsv = /tmp/dspot-experiments/results/april-2019/mustache.java/commit_0_a1197f7/parent_coverage_testsThatExecuteTheChanges.csv
[DEBUG]   (f) project = MavenProject: com.github.spullara.mustache.java:compiler:0.9.6-SNAPSHOT @ /tmp/dspot-experiments/dataset/april-2019/mustache.java_parent/compiler/pom.xml
[DEBUG]   (f) randomSeed = 33474231
[DEBUG]   (f) targetOneTestClass = false
[DEBUG]   (f) test = [all]
[DEBUG]   (f) testCriterion = ChangeDetectorSelector
[DEBUG]   (f) timeOut = 10000
[DEBUG]   (f) useMavenToExeTest = false
[DEBUG]   (f) verbose = true
[DEBUG]   (f) withComment = false
[DEBUG]   (f) workingDirectory = true
[DEBUG] -- end configuration --
[INFO] Path to runner Classes: /home/bedanglot/.m2/repository/eu/stamp-project/test-runner/2.0.7/test-runner-2.0.7-jar-with-dependencies.jar
[INFO] /home/bedanglot/.m2/repository/org/jacoco/org.jacoco.core/0.7.9/org.jacoco.core-0.7.9.jar
[INFO] /home/bedanglot/.m2/repository/org/ow2/asm/asm-debug-all/5.2/asm-debug-all-5.2.jar
[INFO] /home/bedanglot/.m2/repository/eu/stamp-project/test-runner/2.0.7/test-runner-2.0.7-jar-with-dependencies.jar
[WARNING] : unknown automatic builder specified in configuration, going to default.
[INFO] Default: provided Maven automatic builder.
[INFO] Using /tmp/dspot-experiments/dataset/april-2019/mustache.java_parent/compiler/pom.xml to run maven.
[INFO] Using /usr/share/maven/ for maven home
[INFO] run maven: /usr/share/maven//bin/mvn clean test -DskipTests dependency:build-classpath -Dmdep.outputFile=target/dspot/classpath
[WARN] Maven will be executed in interactive mode, but no input stream has been configured for this MavenInvoker instance.
[INFO] Scanning for projects...
[INFO]                                                                         
[INFO] ------------------------------------------------------------------------
[INFO] Building compiler 0.9.6-SNAPSHOT
[INFO] ------------------------------------------------------------------------
[INFO] 
[INFO] --- maven-clean-plugin:2.5:clean (default-clean) @ compiler ---
[INFO] Deleting /tmp/dspot-experiments/dataset/april-2019/mustache.java_parent/compiler/target
[INFO] 
[INFO] --- maven-resources-plugin:2.6:resources (default-resources) @ compiler ---
[INFO] Using 'UTF-8' encoding to copy filtered resources.
[INFO] skip non existing resourceDirectory /tmp/dspot-experiments/dataset/april-2019/mustache.java_parent/compiler/src/main/resources
[INFO] 
[INFO] --- maven-compiler-plugin:3.5.1:compile (default-compile) @ compiler ---
[INFO] Changes detected - recompiling the module!
[INFO] Compiling 60 source files to /tmp/dspot-experiments/dataset/april-2019/mustache.java_parent/compiler/target/classes
[INFO] 
[INFO] --- maven-resources-plugin:2.6:testResources (default-testResources) @ compiler ---
[INFO] Using 'UTF-8' encoding to copy filtered resources.
[INFO] Copying 118 resources
[INFO] 
[INFO] --- maven-compiler-plugin:3.5.1:testCompile (default-testCompile) @ compiler ---
[INFO] Changes detected - recompiling the module!
[INFO] Compiling 43 source files to /tmp/dspot-experiments/dataset/april-2019/mustache.java_parent/compiler/target/test-classes
[INFO] /tmp/dspot-experiments/dataset/april-2019/mustache.java_parent/compiler/src/test/java/com/github/mustachejava/FallbackTest.java: Some input files use or override a deprecated API.
[INFO] /tmp/dspot-experiments/dataset/april-2019/mustache.java_parent/compiler/src/test/java/com/github/mustachejava/FallbackTest.java: Recompile with -Xlint:deprecation for details.
[INFO] /tmp/dspot-experiments/dataset/april-2019/mustache.java_parent/compiler/src/test/java/com/github/mustachejava/FallbackTest.java: Some input files use unchecked or unsafe operations.
[INFO] /tmp/dspot-experiments/dataset/april-2019/mustache.java_parent/compiler/src/test/java/com/github/mustachejava/FallbackTest.java: Recompile with -Xlint:unchecked for details.
[INFO] 
[INFO] --- maven-surefire-plugin:2.19.1:test (default-test) @ compiler ---
[INFO] Tests are skipped.
[INFO] 
[INFO] --- maven-dependency-plugin:2.8:build-classpath (default-cli) @ compiler ---
[INFO] Wrote classpath file '/tmp/dspot-experiments/dataset/april-2019/mustache.java_parent/compiler/target/dspot/classpath'.
[INFO] ------------------------------------------------------------------------
[INFO] BUILD SUCCESS
[INFO] ------------------------------------------------------------------------
[INFO] Total time: 3.311 s
[INFO] Finished at: 2019-05-22T20:59:29+02:00
[INFO] Final Memory: 30M/1963M
[INFO] ------------------------------------------------------------------------
[WARNING] Could not find any test class that match the given regular expression.
Your input:
	com.github.mustachejava.simple.SimpleSpecTest
[WARNING] Could not find any test class that match the given regular expression.
Your input:
	com.github.mustachejavabenchmarks.simple.SimpleBenchmarkTest
[WARNING] Could not find any test class that match the given regular expression.
Your input:
	com.github.mustachejavabenchmarks.simple.SimpleJsonInterpreterTest
[INFO] Amplification of com.github.mustachejava.InterpreterTest (56 test(s))
[INFO] Assertion amplification of com.github.mustachejava.InterpreterTest (56 test(s))
[DEBUG] Starting 15 Services...
[DEBUG] All Services successfully started, 15 Services in 6ms
[DEBUG] Creating Cache 'frameworkCache' in EhcacheManager.
[DEBUG] Serializer for <java.lang.String> : org.ehcache.impl.serialization.StringSerializer@33324c05
[DEBUG] Could not create serializers for frameworkCache
org.ehcache.spi.serialization.UnsupportedTypeException: No serializer found for type 'eu.stamp_project.test_framework.TestFrameworkSupport'
	at org.ehcache.impl.internal.spi.serialization.DefaultSerializationProvider.getSerializerClassFor(DefaultSerializationProvider.java:136)
	at org.ehcache.impl.internal.spi.serialization.DefaultSerializationProvider.createSerializer(DefaultSerializationProvider.java:98)
	at org.ehcache.impl.internal.spi.serialization.DefaultSerializationProvider.createValueSerializer(DefaultSerializationProvider.java:90)
	at org.ehcache.core.EhcacheManager.getStore(EhcacheManager.java:478)
	at org.ehcache.core.EhcacheManager.createNewEhcache(EhcacheManager.java:317)
	at org.ehcache.core.EhcacheManager.createCache(EhcacheManager.java:266)
	at org.ehcache.core.EhcacheManager.init(EhcacheManager.java:582)
	at org.ehcache.config.builders.CacheManagerBuilder.build(CacheManagerBuilder.java:72)
	at eu.stamp_project.utils.DSpotCache.<clinit>(DSpotCache.java:21)
	at eu.stamp_project.test_framework.TestFramework.getTestFramework(TestFramework.java:128)
	at eu.stamp_project.test_framework.TestFramework.isJUnit5(TestFramework.java:67)
	at eu.stamp_project.dspot.Amplification.amplification(Amplification.java:84)
	at eu.stamp_project.dspot.DSpot._amplify(DSpot.java:274)
	at eu.stamp_project.dspot.DSpot.lambda$amplifyTestClassesTestMethods$5(DSpot.java:255)
	at java.util.stream.ReferencePipeline$3$1.accept(ReferencePipeline.java:193)
	at java.util.ArrayList$ArrayListSpliterator.forEachRemaining(ArrayList.java:1382)
	at java.util.stream.AbstractPipeline.copyInto(AbstractPipeline.java:482)
	at java.util.stream.AbstractPipeline.wrapAndCopyInto(AbstractPipeline.java:472)
	at java.util.stream.ReduceOps$ReduceOp.evaluateSequential(ReduceOps.java:708)
	at java.util.stream.AbstractPipeline.evaluate(AbstractPipeline.java:234)
	at java.util.stream.ReferencePipeline.collect(ReferencePipeline.java:499)
	at eu.stamp_project.dspot.DSpot.amplifyTestClassesTestMethods(DSpot.java:256)
	at eu.stamp_project.Main.run(Main.java:65)
	at eu.stamp_project.DSpotMojo.execute(DSpotMojo.java:311)
	at org.apache.maven.plugin.DefaultBuildPluginManager.executeMojo(DefaultBuildPluginManager.java:134)
	at org.apache.maven.lifecycle.internal.MojoExecutor.execute(MojoExecutor.java:207)
	at org.apache.maven.lifecycle.internal.MojoExecutor.execute(MojoExecutor.java:153)
	at org.apache.maven.lifecycle.internal.MojoExecutor.execute(MojoExecutor.java:145)
	at org.apache.maven.lifecycle.internal.LifecycleModuleBuilder.buildProject(LifecycleModuleBuilder.java:116)
	at org.apache.maven.lifecycle.internal.LifecycleModuleBuilder.buildProject(LifecycleModuleBuilder.java:80)
	at org.apache.maven.lifecycle.internal.builder.singlethreaded.SingleThreadedBuilder.build(SingleThreadedBuilder.java:51)
	at org.apache.maven.lifecycle.internal.LifecycleStarter.execute(LifecycleStarter.java:128)
	at org.apache.maven.DefaultMaven.doExecute(DefaultMaven.java:307)
	at org.apache.maven.DefaultMaven.doExecute(DefaultMaven.java:193)
	at org.apache.maven.DefaultMaven.execute(DefaultMaven.java:106)
	at org.apache.maven.cli.MavenCli.execute(MavenCli.java:863)
	at org.apache.maven.cli.MavenCli.doMain(MavenCli.java:288)
	at org.apache.maven.cli.MavenCli.main(MavenCli.java:199)
	at sun.reflect.NativeMethodAccessorImpl.invoke0(Native Method)
	at sun.reflect.NativeMethodAccessorImpl.invoke(NativeMethodAccessorImpl.java:62)
	at sun.reflect.DelegatingMethodAccessorImpl.invoke(DelegatingMethodAccessorImpl.java:43)
	at java.lang.reflect.Method.invoke(Method.java:498)
	at org.codehaus.plexus.classworlds.launcher.Launcher.launchEnhanced(Launcher.java:289)
	at org.codehaus.plexus.classworlds.launcher.Launcher.launch(Launcher.java:229)
	at org.codehaus.plexus.classworlds.launcher.Launcher.mainWithExitCode(Launcher.java:415)
	at org.codehaus.plexus.classworlds.launcher.Launcher.main(Launcher.java:356)
[DEBUG] Copier for <java.lang.String> : org.ehcache.impl.copy.IdentityCopier@39652a30
[DEBUG] Copier for <eu.stamp_project.test_framework.TestFrameworkSupport> : org.ehcache.impl.copy.IdentityCopier@5763a655
[DEBUG] Initialize successful.
[INFO] Cache 'frameworkCache' created in EhcacheManager.
[DEBUG] Initialize successful.
[WARNING] You gave an empty filter. To use PIT, it is recommend to specify a filter, at least, the top package of your program, otherwise, PIT may take a long time or could not be run.
[INFO] A new filter has been computed on the fly: com.github.mustachejava.*
[INFO] Using /tmp/dspot-experiments/dataset/april-2019/mustache.java/compiler/pom.xml to run maven.
[INFO] Using /usr/share/maven/ for maven home
[INFO] run maven: /usr/share/maven//bin/mvn clean test -DskipTests
[WARN] Maven will be executed in interactive mode, but no input stream has been configured for this MavenInvoker instance.
[INFO] Scanning for projects...
[INFO]                                                                         
[INFO] ------------------------------------------------------------------------
[INFO] Building compiler 0.9.6-SNAPSHOT
[INFO] ------------------------------------------------------------------------
[INFO] 
[INFO] --- maven-clean-plugin:2.5:clean (default-clean) @ compiler ---
[INFO] Deleting /tmp/dspot-experiments/dataset/april-2019/mustache.java/compiler/target
[INFO] 
[INFO] --- maven-resources-plugin:2.6:resources (default-resources) @ compiler ---
[INFO] Using 'UTF-8' encoding to copy filtered resources.
[INFO] skip non existing resourceDirectory /tmp/dspot-experiments/dataset/april-2019/mustache.java/compiler/src/main/resources
[INFO] 
[INFO] --- maven-compiler-plugin:3.5.1:compile (default-compile) @ compiler ---
[INFO] Changes detected - recompiling the module!
[INFO] Compiling 61 source files to /tmp/dspot-experiments/dataset/april-2019/mustache.java/compiler/target/classes
[INFO] 
[INFO] --- maven-resources-plugin:2.6:testResources (default-testResources) @ compiler ---
[INFO] Using 'UTF-8' encoding to copy filtered resources.
[INFO] Copying 118 resources
[INFO] 
[INFO] --- maven-compiler-plugin:3.5.1:testCompile (default-testCompile) @ compiler ---
[INFO] Changes detected - recompiling the module!
[INFO] Compiling 43 source files to /tmp/dspot-experiments/dataset/april-2019/mustache.java/compiler/target/test-classes
[INFO] /tmp/dspot-experiments/dataset/april-2019/mustache.java/compiler/src/test/java/com/github/mustachejava/ConcurrencyTest.java: Some input files use or override a deprecated API.
[INFO] /tmp/dspot-experiments/dataset/april-2019/mustache.java/compiler/src/test/java/com/github/mustachejava/ConcurrencyTest.java: Recompile with -Xlint:deprecation for details.
[INFO] /tmp/dspot-experiments/dataset/april-2019/mustache.java/compiler/src/test/java/com/github/mustachejava/functions/CommentTest.java: Some input files use unchecked or unsafe operations.
[INFO] /tmp/dspot-experiments/dataset/april-2019/mustache.java/compiler/src/test/java/com/github/mustachejava/functions/CommentTest.java: Recompile with -Xlint:unchecked for details.
[INFO] 
[INFO] --- maven-surefire-plugin:2.19.1:test (default-test) @ compiler ---
[INFO] Tests are skipped.
[INFO] ------------------------------------------------------------------------
[INFO] BUILD SUCCESS
[INFO] ------------------------------------------------------------------------
[INFO] Total time: 2.640 s
[INFO] Finished at: 2019-05-22T20:59:36+02:00
[INFO] Final Memory: 24M/1963M
[INFO] ------------------------------------------------------------------------
[INFO] Compiling with -proceedOnError -encoding UTF-8 -cp /tmp/dspot-experiments/dataset/april-2019/mustache.java_parent/compiler/target/dspot/tmp_test_sources:/home/bedanglot/.m2/repository/junit/junit/4.11/junit-4.11.jar:/home/bedanglot/.m2/repository/org/hamcrest/hamcrest-core/1.3/hamcrest-core-1.3.jar:/home/bedanglot/.m2/repository/com/fasterxml/jackson/core/jackson-databind/2.7.4/jackson-databind-2.7.4.jar:/home/bedanglot/.m2/repository/com/fasterxml/jackson/core/jackson-annotations/2.7.0/jackson-annotations-2.7.0.jar:/home/bedanglot/.m2/repository/com/fasterxml/jackson/core/jackson-core/2.7.4/jackson-core-2.7.4.jar:/home/bedanglot/.m2/repository/com/fasterxml/jackson/dataformat/jackson-dataformat-yaml/2.7.4/jackson-dataformat-yaml-2.7.4.jar:/home/bedanglot/.m2/repository/org/yaml/snakeyaml/1.15/snakeyaml-1.15.jar:/home/bedanglot/.m2/repository/com/google/guava/guava/20.0/guava-20.0.jar:/tmp/dspot-experiments/dataset/april-2019/mustache.java_parent/compiler/target/classes/:/tmp/dspot-experiments/dataset/april-2019/mustache.java_parent/compiler/target/test-classes/:/tmp/dspot-experiments/dataset/april-2019/mustache.java_parent/compiler/target/dspot/dependencies/: -d /tmp/dspot-experiments/dataset/april-2019/mustache.java_parent/compiler/target/test-classes -1.8 -preserveAllLocals -noExit -enableJavadoc -proc:none /tmp/dspot-experiments/dataset/april-2019/mustache.java_parent/compiler/target/dspot/tmp_test_sources/com/github/mustachejava/InterpreterTest.java
[INFO] Run: java -classpath /tmp/dspot-experiments/dataset/april-2019/mustache.java_parent/compiler/target/classes/:/tmp/dspot-experiments/dataset/april-2019/mustache.java_parent/compiler/target/test-classes:/home/bedanglot/.m2/repository/junit/junit/4.11/junit-4.11.jar:/home/bedanglot/.m2/repository/org/hamcrest/hamcrest-core/1.3/hamcrest-core-1.3.jar:/home/bedanglot/.m2/repository/com/fasterxml/jackson/core/jackson-databind/2.7.4/jackson-databind-2.7.4.jar:/home/bedanglot/.m2/repository/com/fasterxml/jackson/core/jackson-annotations/2.7.0/jackson-annotations-2.7.0.jar:/home/bedanglot/.m2/repository/com/fasterxml/jackson/core/jackson-core/2.7.4/jackson-core-2.7.4.jar:/home/bedanglot/.m2/repository/com/fasterxml/jackson/dataformat/jackson-dataformat-yaml/2.7.4/jackson-dataformat-yaml-2.7.4.jar:/home/bedanglot/.m2/repository/org/yaml/snakeyaml/1.15/snakeyaml-1.15.jar:/home/bedanglot/.m2/repository/com/google/guava/guava/20.0/guava-20.0.jar:/tmp/dspot-experiments/dataset/april-2019/mustache.java_parent/compiler/target/dspot/dependencies/:/home/bedanglot/.m2/repository/eu/stamp-project/test-runner/2.0.7/test-runner-2.0.7-jar-with-dependencies.jar eu.stamp_project.testrunner.runner.JUnit4Runner --class com.github.mustachejava.InterpreterTest --tests testObjectArray:testReadmeSerial:testVariableInhertiance:testNestedLatches:testPathsWithExtension:testNumber0IsFalse:testReadme:testConcurrency:testSimpleWithMap:testSimpleI18N:testTypedSimple:testIsNotEmpty:testRelativePathFail:testComplexParallel:testRelativePathsRootDir:testFunctions:testSerialCallable:testIterator:testImmutableList:testDynamicPartial:testNestedLatchesIterable:testPartialRecursionWithInheritance:testSimple:testRecurision:testPartialWithTF:testPrivate:testOptional:testSimplePragma:testComment:testSuperField:testSimpleFiltered:testRelativePathsTemplateFunction:testLimitedDepthRecursion:testRelativePathsDotDotDir:testNestedAccessWithSimpleObjectHandler:testProperties:testMap:testMultipleWrappers:testTemplateFunctionWithData:testChainedInheritance:testReadmeParallel:testBaseArray:testIdentitySimple:testTemplateFunctionWithImplicitParams:testTemplateFunction:testRelativePathsSameDir:testMalformedTag:testRecursionWithInheritance:testIssue191:testEmptyString:testImplicitIteratorWithScope:testNotIterableCallable:testRelativePathsDotDotDirOverride:testComplex:testComplex:testComplex 
Parsing --class com.github.mustachejava.InterpreterTest --tests testObjectArray:testReadmeSerial:testVariableInhertiance:testNestedLatches:testPathsWithExtension:testNumber0IsFalse:testReadme:testConcurrency:testSimpleWithMap:testSimpleI18N:testTypedSimple:testIsNotEmpty:testRelativePathFail:testComplexParallel:testRelativePathsRootDir:testFunctions:testSerialCallable:testIterator:testImmutableList:testDynamicPartial:testNestedLatchesIterable:testPartialRecursionWithInheritance:testSimple:testRecurision:testPartialWithTF:testPrivate:testOptional:testSimplePragma:testComment:testSuperField:testSimpleFiltered:testRelativePathsTemplateFunction:testLimitedDepthRecursion:testRelativePathsDotDotDir:testNestedAccessWithSimpleObjectHandler:testProperties:testMap:testMultipleWrappers:testTemplateFunctionWithData:testChainedInheritance:testReadmeParallel:testBaseArray:testIdentitySimple:testTemplateFunctionWithImplicitParams:testTemplateFunction:testRelativePathsSameDir:testMalformedTag:testRecursionWithInheritance:testIssue191:testEmptyString:testImplicitIteratorWithScope:testNotIterableCallable:testRelativePathsDotDotDirOverride:testComplex:testComplex:testComplex
<h2>First Name : firstName</h2> <h2>Last Name : lastName</h2><h2>First Name : firstName 1</h2> <h2>Last Name : lastName 1</h2>May 22, 2019 8:59:42 PM com.github.mustachejava.DefaultMustacheVisitor pragma
WARNING: Unimplemented pragma: UNKNOWN-PRAGMA
File saved to the following path: /tmp/dspot-experiments/dataset/april-2019/mustache.java_parent/compiler/target/dspot/TestResult.ser
Loading /tmp/dspot-experiments/dataset/april-2019/mustache.java_parent/compiler/target/dspot/TestResult.ser
[INFO] Test has been run: testSimpleI18N,testObjectArray,testComplexParallel,testNotIterableCallable,testReadmeSerial,testPathsWithExtension,testDynamicPartial,testRecursionWithInheritance,testMultipleWrappers,testProperties,testRelativePathsDotDotDir,testMap,testIdentitySimple,testRelativePathsDotDotDirOverride,testBaseArray,testTemplateFunctionWithData,testNumber0IsFalse,testChainedInheritance,testPartialWithTF,testImplicitIteratorWithScope,testSimpleFiltered,testRelativePathsRootDir,testPrivate,testSerialCallable,testTypedSimple,testSimplePragma,testRelativePathsSameDir,testNestedLatches,testIsNotEmpty,testLimitedDepthRecursion,testEmptyString,testFunctions,testImmutableList,testTemplateFunction,testComment,testComplex,testOptional,testConcurrency,testRecurision,testSimpleWithMap,testReadmeParallel,testRelativePathsTemplateFunction,testRelativePathFail,testNestedLatchesIterable,testIssue191,testNestedAccessWithSimpleObjectHandler,testPartialRecursionWithInheritance,testReadme,testSimple,testMalformedTag,testTemplateFunctionWithImplicitParams,testSuperField,testIterator,testVariableInhertiance
[INFO] Run tests. (56)
[INFO] Compiling with -proceedOnError -encoding UTF-8 -cp /tmp/dspot-experiments/dataset/april-2019/mustache.java_parent/compiler/target/dspot/tmp_test_sources:/home/bedanglot/.m2/repository/junit/junit/4.11/junit-4.11.jar:/home/bedanglot/.m2/repository/org/hamcrest/hamcrest-core/1.3/hamcrest-core-1.3.jar:/home/bedanglot/.m2/repository/com/fasterxml/jackson/core/jackson-databind/2.7.4/jackson-databind-2.7.4.jar:/home/bedanglot/.m2/repository/com/fasterxml/jackson/core/jackson-annotations/2.7.0/jackson-annotations-2.7.0.jar:/home/bedanglot/.m2/repository/com/fasterxml/jackson/core/jackson-core/2.7.4/jackson-core-2.7.4.jar:/home/bedanglot/.m2/repository/com/fasterxml/jackson/dataformat/jackson-dataformat-yaml/2.7.4/jackson-dataformat-yaml-2.7.4.jar:/home/bedanglot/.m2/repository/org/yaml/snakeyaml/1.15/snakeyaml-1.15.jar:/home/bedanglot/.m2/repository/com/google/guava/guava/20.0/guava-20.0.jar:/tmp/dspot-experiments/dataset/april-2019/mustache.java_parent/compiler/target/classes/:/tmp/dspot-experiments/dataset/april-2019/mustache.java_parent/compiler/target/test-classes/:/tmp/dspot-experiments/dataset/april-2019/mustache.java_parent/compiler/target/dspot/dependencies/: -d /tmp/dspot-experiments/dataset/april-2019/mustache.java_parent/compiler/target/test-classes -1.8 -preserveAllLocals -noExit -enableJavadoc -proc:none /tmp/dspot-experiments/dataset/april-2019/mustache.java_parent/compiler/target/dspot/tmp_test_sources/com/github/mustachejava/InterpreterTest.java
[ERROR] Error(s) during compilation:
[ERROR] Pb(161) Unreachable code
[ERROR] Pb(161) Unreachable code
[INFO] Compiling with -proceedOnError -encoding UTF-8 -cp /tmp/dspot-experiments/dataset/april-2019/mustache.java_parent/compiler/target/dspot/tmp_test_sources:/home/bedanglot/.m2/repository/junit/junit/4.11/junit-4.11.jar:/home/bedanglot/.m2/repository/org/hamcrest/hamcrest-core/1.3/hamcrest-core-1.3.jar:/home/bedanglot/.m2/repository/com/fasterxml/jackson/core/jackson-databind/2.7.4/jackson-databind-2.7.4.jar:/home/bedanglot/.m2/repository/com/fasterxml/jackson/core/jackson-annotations/2.7.0/jackson-annotations-2.7.0.jar:/home/bedanglot/.m2/repository/com/fasterxml/jackson/core/jackson-core/2.7.4/jackson-core-2.7.4.jar:/home/bedanglot/.m2/repository/com/fasterxml/jackson/dataformat/jackson-dataformat-yaml/2.7.4/jackson-dataformat-yaml-2.7.4.jar:/home/bedanglot/.m2/repository/org/yaml/snakeyaml/1.15/snakeyaml-1.15.jar:/home/bedanglot/.m2/repository/com/google/guava/guava/20.0/guava-20.0.jar:/tmp/dspot-experiments/dataset/april-2019/mustache.java_parent/compiler/target/classes/:/tmp/dspot-experiments/dataset/april-2019/mustache.java_parent/compiler/target/test-classes/:/tmp/dspot-experiments/dataset/april-2019/mustache.java_parent/compiler/target/dspot/dependencies/: -d /tmp/dspot-experiments/dataset/april-2019/mustache.java_parent/compiler/target/test-classes -1.8 -preserveAllLocals -noExit -enableJavadoc -proc:none /tmp/dspot-experiments/dataset/april-2019/mustache.java_parent/compiler/target/dspot/tmp_test_sources/com/github/mustachejava/InterpreterTest.java
[INFO] Run: java -classpath /tmp/dspot-experiments/dataset/april-2019/mustache.java_parent/compiler/target/classes/:/tmp/dspot-experiments/dataset/april-2019/mustache.java_parent/compiler/target/test-classes:/home/bedanglot/.m2/repository/junit/junit/4.11/junit-4.11.jar:/home/bedanglot/.m2/repository/org/hamcrest/hamcrest-core/1.3/hamcrest-core-1.3.jar:/home/bedanglot/.m2/repository/com/fasterxml/jackson/core/jackson-databind/2.7.4/jackson-databind-2.7.4.jar:/home/bedanglot/.m2/repository/com/fasterxml/jackson/core/jackson-annotations/2.7.0/jackson-annotations-2.7.0.jar:/home/bedanglot/.m2/repository/com/fasterxml/jackson/core/jackson-core/2.7.4/jackson-core-2.7.4.jar:/home/bedanglot/.m2/repository/com/fasterxml/jackson/dataformat/jackson-dataformat-yaml/2.7.4/jackson-dataformat-yaml-2.7.4.jar:/home/bedanglot/.m2/repository/org/yaml/snakeyaml/1.15/snakeyaml-1.15.jar:/home/bedanglot/.m2/repository/com/google/guava/guava/20.0/guava-20.0.jar:/tmp/dspot-experiments/dataset/april-2019/mustache.java_parent/compiler/target/dspot/dependencies/:/home/bedanglot/.m2/repository/eu/stamp-project/test-runner/2.0.7/test-runner-2.0.7-jar-with-dependencies.jar eu.stamp_project.testrunner.runner.JUnit4Runner --class com.github.mustachejava.InterpreterTest --tests testObjectArray:testReadmeSerial:testVariableInhertiance:testNestedLatches:testPathsWithExtension:testNumber0IsFalse:testReadme:testConcurrency:testSimpleWithMap:testSimpleI18N:testTypedSimple:testIsNotEmpty:testRelativePathFail:testComplexParallel:testRelativePathsRootDir:testFunctions:testSerialCallable:testIterator:testImmutableList:testDynamicPartial:testNestedLatchesIterable:testPartialRecursionWithInheritance:testSimple:testRecurision:testPartialWithTF:testPrivate:testOptional:testSimplePragma:testComment:testSuperField:testSimpleFiltered:testRelativePathsTemplateFunction:testLimitedDepthRecursion:testRelativePathsDotDotDir:testNestedAccessWithSimpleObjectHandler:testProperties:testMap:testMultipleWrappers:testTemplateFunctionWithData:testChainedInheritance:testReadmeParallel:testBaseArray:testIdentitySimple:testTemplateFunction:testRelativePathsSameDir:testMalformedTag:testRecursionWithInheritance:testIssue191:testEmptyString:testImplicitIteratorWithScope:testNotIterableCallable:testRelativePathsDotDotDirOverride:testComplex:testComplex:testComplex 
Parsing --class com.github.mustachejava.InterpreterTest --tests testObjectArray:testReadmeSerial:testVariableInhertiance:testNestedLatches:testPathsWithExtension:testNumber0IsFalse:testReadme:testConcurrency:testSimpleWithMap:testSimpleI18N:testTypedSimple:testIsNotEmpty:testRelativePathFail:testComplexParallel:testRelativePathsRootDir:testFunctions:testSerialCallable:testIterator:testImmutableList:testDynamicPartial:testNestedLatchesIterable:testPartialRecursionWithInheritance:testSimple:testRecurision:testPartialWithTF:testPrivate:testOptional:testSimplePragma:testComment:testSuperField:testSimpleFiltered:testRelativePathsTemplateFunction:testLimitedDepthRecursion:testRelativePathsDotDotDir:testNestedAccessWithSimpleObjectHandler:testProperties:testMap:testMultipleWrappers:testTemplateFunctionWithData:testChainedInheritance:testReadmeParallel:testBaseArray:testIdentitySimple:testTemplateFunction:testRelativePathsSameDir:testMalformedTag:testRecursionWithInheritance:testIssue191:testEmptyString:testImplicitIteratorWithScope:testNotIterableCallable:testRelativePathsDotDotDirOverride:testComplex:testComplex:testComplex
<h2>First Name : firstName</h2> <h2>Last Name : lastName</h2><h2>First Name : firstName 1</h2> <h2>Last Name : lastName 1</h2>May 22, 2019 9:00:51 PM com.github.mustachejava.DefaultMustacheVisitor pragma
WARNING: Unimplemented pragma: UNKNOWN-PRAGMA
File saved to the following path: /tmp/dspot-experiments/dataset/april-2019/mustache.java_parent/compiler/target/dspot/TestResult.ser
Loading /tmp/dspot-experiments/dataset/april-2019/mustache.java_parent/compiler/target/dspot/TestResult.ser
[INFO] Test has been run: testSimpleI18N,testObjectArray,testComplexParallel,testNotIterableCallable,testReadmeSerial,testPathsWithExtension,testDynamicPartial,testRecursionWithInheritance,testMultipleWrappers,testProperties,testRelativePathsDotDotDir,testMap,testIdentitySimple,testRelativePathsDotDotDirOverride,testBaseArray,testTemplateFunctionWithData,testNumber0IsFalse,testChainedInheritance,testPartialWithTF,testImplicitIteratorWithScope,testSimpleFiltered,testRelativePathsRootDir,testPrivate,testSerialCallable,testTypedSimple,testSimplePragma,testRelativePathsSameDir,testNestedLatches,testIsNotEmpty,testEmptyString,testFunctions,testImmutableList,testTemplateFunction,testComment,testComplex,testOptional,testConcurrency,testRecurision,testSimpleWithMap,testReadmeParallel,testRelativePathsTemplateFunction,testNestedLatchesIterable,testIssue191,testNestedAccessWithSimpleObjectHandler,testPartialRecursionWithInheritance,testReadme,testSimple,testSuperField,testIterator,testVariableInhertiance,testLimitedDepthRecursion(com.github.mustachejava.InterpreterTest): Maximum partial recursion limit reached: 100 @[infiniteparent.html:1],testRelativePathFail(com.github.mustachejava.InterpreterTest): Template relative/relative/include.html not found,testMalformedTag(com.github.mustachejava.InterpreterTest): Failed to close 'value' tag @[test:2]
[INFO] 50 test pass, generating assertion...
[INFO] Add observations points in passing tests.
[INFO] Instrumentation...
  1% | ]/  3% |= ]-  5% |== ]\  7% |=== ]|  9% |==== ]/ 11% |===== ]- 13% |====== ]\ 15% |======= ]| 17% |======== ]/ 19% |========= ]- 21% |========== ]\ 23% |=========== ]| 25% |============ ]/ 26% |============= ]- 28% |============== ]\ 30% |=============== ]| 32% |================ ]/ 34% |================= ]- 36% |================== ]\ 38% |=================== ]| 40% |==================== ]/ 42% |===================== ]- 44% |====================== ]\ 46% |======================= ]| 48% |======================== ]/ 50% |========================= ]- 51% |========================= ]\ 53% |========================== ]| 55% |=========================== ]/ 57% |============================ ]- 59% |============================= ]\ 61% |============================== ]| 63% |=============================== ]/ 65% |================================ ]- 67% |================================= ]\ 69% |================================== ]| 71% |=================================== ]/ 73% |==================================== ]- 75% |===================================== ]\ 76% |====================================== ]| 78% |======================================= ]/ 80% |======================================== ]- 82% |========================================= ]\ 84% |========================================== ]| 86% |=========================================== ]/ 88% |============================================ ]- 90% |============================================= ]\ 92% |============================================== ]| 94% |=============================================== ]/ 96% |================================================ ]- 96% |================================================ ]- 96% |================================================ ]-[INFO] Run instrumented tests. (156)
[INFO] Compiling with -proceedOnError -encoding UTF-8 -cp /tmp/dspot-experiments/dataset/april-2019/mustache.java_parent/compiler/target/dspot/tmp_test_sources:/home/bedanglot/.m2/repository/junit/junit/4.11/junit-4.11.jar:/home/bedanglot/.m2/repository/org/hamcrest/hamcrest-core/1.3/hamcrest-core-1.3.jar:/home/bedanglot/.m2/repository/com/fasterxml/jackson/core/jackson-databind/2.7.4/jackson-databind-2.7.4.jar:/home/bedanglot/.m2/repository/com/fasterxml/jackson/core/jackson-annotations/2.7.0/jackson-annotations-2.7.0.jar:/home/bedanglot/.m2/repository/com/fasterxml/jackson/core/jackson-core/2.7.4/jackson-core-2.7.4.jar:/home/bedanglot/.m2/repository/com/fasterxml/jackson/dataformat/jackson-dataformat-yaml/2.7.4/jackson-dataformat-yaml-2.7.4.jar:/home/bedanglot/.m2/repository/org/yaml/snakeyaml/1.15/snakeyaml-1.15.jar:/home/bedanglot/.m2/repository/com/google/guava/guava/20.0/guava-20.0.jar:/tmp/dspot-experiments/dataset/april-2019/mustache.java_parent/compiler/target/classes/:/tmp/dspot-experiments/dataset/april-2019/mustache.java_parent/compiler/target/test-classes/:/tmp/dspot-experiments/dataset/april-2019/mustache.java_parent/compiler/target/dspot/dependencies/: -d /tmp/dspot-experiments/dataset/april-2019/mustache.java_parent/compiler/target/test-classes -1.8 -preserveAllLocals -noExit -enableJavadoc -proc:none /tmp/dspot-experiments/dataset/april-2019/mustache.java_parent/compiler/target/dspot/tmp_test_sources/com/github/mustachejava/InterpreterTest.java
[ERROR] Error(s) during compilation:
[ERROR] Pb(161) Unreachable code
[ERROR] Pb(161) Unreachable code
[ERROR] Pb(161) Unreachable code
[ERROR] Pb(161) Unreachable code
[ERROR] Pb(161) Unreachable code
[ERROR] Pb(161) Unreachable code
[ERROR] Pb(161) Unreachable code
[ERROR] Pb(161) Unreachable code
[ERROR] Pb(161) Unreachable code
[ERROR] Pb(161) Unreachable code
[ERROR] Pb(161) Unreachable code
[ERROR] Pb(161) Unreachable code
[ERROR] Pb(161) Unreachable code
[ERROR] Pb(161) Unreachable code
[ERROR] Pb(161) Unreachable code
[ERROR] Pb(161) Unreachable code
[ERROR] Pb(161) Unreachable code
[ERROR] Pb(161) Unreachable code
[ERROR] Pb(161) Unreachable code
[ERROR] Pb(161) Unreachable code
[INFO] Compiling with -proceedOnError -encoding UTF-8 -cp /tmp/dspot-experiments/dataset/april-2019/mustache.java_parent/compiler/target/dspot/tmp_test_sources:/home/bedanglot/.m2/repository/junit/junit/4.11/junit-4.11.jar:/home/bedanglot/.m2/repository/org/hamcrest/hamcrest-core/1.3/hamcrest-core-1.3.jar:/home/bedanglot/.m2/repository/com/fasterxml/jackson/core/jackson-databind/2.7.4/jackson-databind-2.7.4.jar:/home/bedanglot/.m2/repository/com/fasterxml/jackson/core/jackson-annotations/2.7.0/jackson-annotations-2.7.0.jar:/home/bedanglot/.m2/repository/com/fasterxml/jackson/core/jackson-core/2.7.4/jackson-core-2.7.4.jar:/home/bedanglot/.m2/repository/com/fasterxml/jackson/dataformat/jackson-dataformat-yaml/2.7.4/jackson-dataformat-yaml-2.7.4.jar:/home/bedanglot/.m2/repository/org/yaml/snakeyaml/1.15/snakeyaml-1.15.jar:/home/bedanglot/.m2/repository/com/google/guava/guava/20.0/guava-20.0.jar:/tmp/dspot-experiments/dataset/april-2019/mustache.java_parent/compiler/target/classes/:/tmp/dspot-experiments/dataset/april-2019/mustache.java_parent/compiler/target/test-classes/:/tmp/dspot-experiments/dataset/april-2019/mustache.java_parent/compiler/target/dspot/dependencies/: -d /tmp/dspot-experiments/dataset/april-2019/mustache.java_parent/compiler/target/test-classes -1.8 -preserveAllLocals -noExit -enableJavadoc -proc:none /tmp/dspot-experiments/dataset/april-2019/mustache.java_parent/compiler/target/dspot/tmp_test_sources/com/github/mustachejava/InterpreterTest.java
[INFO] Run: java -classpath /tmp/dspot-experiments/dataset/april-2019/mustache.java_parent/compiler/target/classes/:/tmp/dspot-experiments/dataset/april-2019/mustache.java_parent/compiler/target/test-classes:/home/bedanglot/.m2/repository/junit/junit/4.11/junit-4.11.jar:/home/bedanglot/.m2/repository/org/hamcrest/hamcrest-core/1.3/hamcrest-core-1.3.jar:/home/bedanglot/.m2/repository/com/fasterxml/jackson/core/jackson-databind/2.7.4/jackson-databind-2.7.4.jar:/home/bedanglot/.m2/repository/com/fasterxml/jackson/core/jackson-annotations/2.7.0/jackson-annotations-2.7.0.jar:/home/bedanglot/.m2/repository/com/fasterxml/jackson/core/jackson-core/2.7.4/jackson-core-2.7.4.jar:/home/bedanglot/.m2/repository/com/fasterxml/jackson/dataformat/jackson-dataformat-yaml/2.7.4/jackson-dataformat-yaml-2.7.4.jar:/home/bedanglot/.m2/repository/org/yaml/snakeyaml/1.15/snakeyaml-1.15.jar:/home/bedanglot/.m2/repository/com/google/guava/guava/20.0/guava-20.0.jar:/tmp/dspot-experiments/dataset/april-2019/mustache.java_parent/compiler/target/dspot/dependencies/:/home/bedanglot/.m2/repository/eu/stamp-project/test-runner/2.0.7/test-runner-2.0.7-jar-with-dependencies.jar eu.stamp_project.testrunner.runner.JUnit4Runner --class com.github.mustachejava.InterpreterTest --tests testObjectArray_withlog0:testReadmeSerial_withlog0:testNestedLatches_withlog0:testPathsWithExtension_withlog0:testNumber0IsFalse_withlog0:testReadme_withlog0:testConcurrency_withlog0:testSimpleWithMap_withlog0:testSimpleI18N_withlog0:testTypedSimple_withlog0:testIsNotEmpty_withlog0:testComplexParallel_withlog0:testRelativePathsRootDir_withlog0:testFunctions_withlog0:testSerialCallable_withlog0:testIterator_withlog0:testImmutableList_withlog0:testDynamicPartial_withlog0:testPartialRecursionWithInheritance_withlog0:testSimple_withlog0:testRecurision_withlog0:testPartialWithTF_withlog0:testPrivate_withlog0:testOptional_withlog0:testSimplePragma_withlog0:testComment_withlog0:testSuperField_withlog0:testSimpleFiltered_withlog0:testRelativePathsTemplateFunction_withlog0:testRelativePathsDotDotDir_withlog0:testNestedAccessWithSimpleObjectHandler_withlog0:testProperties_withlog0:testMap_withlog0:testMultipleWrappers_withlog0:testTemplateFunctionWithData_withlog0:testChainedInheritance_withlog0:testReadmeParallel_withlog0:testBaseArray_withlog0:testIdentitySimple_withlog0:testTemplateFunction_withlog0:testRelativePathsSameDir_withlog0:testRecursionWithInheritance_withlog0:testIssue191_withlog0:testEmptyString_withlog0:testImplicitIteratorWithScope_withlog0:testNotIterableCallable_withlog0:testRelativePathsDotDotDirOverride_withlog0:testComplex_withlog0:testComplex_withlog0:testComplex_withlog0:testObjectArray_withlog1:testReadmeSerial_withlog1:testNestedLatches_withlog1:testPathsWithExtension_withlog1:testNumber0IsFalse_withlog1:testReadme_withlog1:testConcurrency_withlog1:testSimpleWithMap_withlog1:testSimpleI18N_withlog1:testTypedSimple_withlog1:testIsNotEmpty_withlog1:testComplexParallel_withlog1:testRelativePathsRootDir_withlog1:testFunctions_withlog1:testSerialCallable_withlog1:testIterator_withlog1:testImmutableList_withlog1:testDynamicPartial_withlog1:testPartialRecursionWithInheritance_withlog1:testSimple_withlog1:testRecurision_withlog1:testPartialWithTF_withlog1:testPrivate_withlog1:testOptional_withlog1:testSimplePragma_withlog1:testComment_withlog1:testSuperField_withlog1:testSimpleFiltered_withlog1:testRelativePathsTemplateFunction_withlog1:testRelativePathsDotDotDir_withlog1:testNestedAccessWithSimpleObjectHandler_withlog1:testProperties_withlog1:testMap_withlog1:testMultipleWrappers_withlog1:testTemplateFunctionWithData_withlog1:testChainedInheritance_withlog1:testReadmeParallel_withlog1:testBaseArray_withlog1:testIdentitySimple_withlog1:testTemplateFunction_withlog1:testRelativePathsSameDir_withlog1:testRecursionWithInheritance_withlog1:testIssue191_withlog1:testEmptyString_withlog1:testImplicitIteratorWithScope_withlog1:testNotIterableCallable_withlog1:testRelativePathsDotDotDirOverride_withlog1:testComplex_withlog1:testComplex_withlog1:testComplex_withlog1:testObjectArray_withlog2:testReadmeSerial_withlog2:testNestedLatches_withlog2:testPathsWithExtension_withlog2:testNumber0IsFalse_withlog2:testReadme_withlog2:testConcurrency_withlog2:testSimpleWithMap_withlog2:testSimpleI18N_withlog2:testTypedSimple_withlog2:testIsNotEmpty_withlog2:testComplexParallel_withlog2:testRelativePathsRootDir_withlog2:testFunctions_withlog2:testSerialCallable_withlog2:testIterator_withlog2:testImmutableList_withlog2:testDynamicPartial_withlog2:testPartialRecursionWithInheritance_withlog2:testSimple_withlog2:testRecurision_withlog2:testPartialWithTF_withlog2:testPrivate_withlog2:testOptional_withlog2:testSimplePragma_withlog2:testComment_withlog2:testSuperField_withlog2:testSimpleFiltered_withlog2:testRelativePathsTemplateFunction_withlog2:testRelativePathsDotDotDir_withlog2:testNestedAccessWithSimpleObjectHandler_withlog2:testProperties_withlog2:testMap_withlog2:testMultipleWrappers_withlog2:testTemplateFunctionWithData_withlog2:testChainedInheritance_withlog2:testReadmeParallel_withlog2:testBaseArray_withlog2:testIdentitySimple_withlog2:testTemplateFunction_withlog2:testRelativePathsSameDir_withlog2:testRecursionWithInheritance_withlog2:testIssue191_withlog2:testEmptyString_withlog2:testImplicitIteratorWithScope_withlog2:testNotIterableCallable_withlog2:testRelativePathsDotDotDirOverride_withlog2:testComplex_withlog2:testComplex_withlog2:testComplex_withlog2 
Parsing --class com.github.mustachejava.InterpreterTest --tests testObjectArray_withlog0:testReadmeSerial_withlog0:testNestedLatches_withlog0:testPathsWithExtension_withlog0:testNumber0IsFalse_withlog0:testReadme_withlog0:testConcurrency_withlog0:testSimpleWithMap_withlog0:testSimpleI18N_withlog0:testTypedSimple_withlog0:testIsNotEmpty_withlog0:testComplexParallel_withlog0:testRelativePathsRootDir_withlog0:testFunctions_withlog0:testSerialCallable_withlog0:testIterator_withlog0:testImmutableList_withlog0:testDynamicPartial_withlog0:testPartialRecursionWithInheritance_withlog0:testSimple_withlog0:testRecurision_withlog0:testPartialWithTF_withlog0:testPrivate_withlog0:testOptional_withlog0:testSimplePragma_withlog0:testComment_withlog0:testSuperField_withlog0:testSimpleFiltered_withlog0:testRelativePathsTemplateFunction_withlog0:testRelativePathsDotDotDir_withlog0:testNestedAccessWithSimpleObjectHandler_withlog0:testProperties_withlog0:testMap_withlog0:testMultipleWrappers_withlog0:testTemplateFunctionWithData_withlog0:testChainedInheritance_withlog0:testReadmeParallel_withlog0:testBaseArray_withlog0:testIdentitySimple_withlog0:testTemplateFunction_withlog0:testRelativePathsSameDir_withlog0:testRecursionWithInheritance_withlog0:testIssue191_withlog0:testEmptyString_withlog0:testImplicitIteratorWithScope_withlog0:testNotIterableCallable_withlog0:testRelativePathsDotDotDirOverride_withlog0:testComplex_withlog0:testComplex_withlog0:testComplex_withlog0:testObjectArray_withlog1:testReadmeSerial_withlog1:testNestedLatches_withlog1:testPathsWithExtension_withlog1:testNumber0IsFalse_withlog1:testReadme_withlog1:testConcurrency_withlog1:testSimpleWithMap_withlog1:testSimpleI18N_withlog1:testTypedSimple_withlog1:testIsNotEmpty_withlog1:testComplexParallel_withlog1:testRelativePathsRootDir_withlog1:testFunctions_withlog1:testSerialCallable_withlog1:testIterator_withlog1:testImmutableList_withlog1:testDynamicPartial_withlog1:testPartialRecursionWithInheritance_withlog1:testSimple_withlog1:testRecurision_withlog1:testPartialWithTF_withlog1:testPrivate_withlog1:testOptional_withlog1:testSimplePragma_withlog1:testComment_withlog1:testSuperField_withlog1:testSimpleFiltered_withlog1:testRelativePathsTemplateFunction_withlog1:testRelativePathsDotDotDir_withlog1:testNestedAccessWithSimpleObjectHandler_withlog1:testProperties_withlog1:testMap_withlog1:testMultipleWrappers_withlog1:testTemplateFunctionWithData_withlog1:testChainedInheritance_withlog1:testReadmeParallel_withlog1:testBaseArray_withlog1:testIdentitySimple_withlog1:testTemplateFunction_withlog1:testRelativePathsSameDir_withlog1:testRecursionWithInheritance_withlog1:testIssue191_withlog1:testEmptyString_withlog1:testImplicitIteratorWithScope_withlog1:testNotIterableCallable_withlog1:testRelativePathsDotDotDirOverride_withlog1:testComplex_withlog1:testComplex_withlog1:testComplex_withlog1:testObjectArray_withlog2:testReadmeSerial_withlog2:testNestedLatches_withlog2:testPathsWithExtension_withlog2:testNumber0IsFalse_withlog2:testReadme_withlog2:testConcurrency_withlog2:testSimpleWithMap_withlog2:testSimpleI18N_withlog2:testTypedSimple_withlog2:testIsNotEmpty_withlog2:testComplexParallel_withlog2:testRelativePathsRootDir_withlog2:testFunctions_withlog2:testSerialCallable_withlog2:testIterator_withlog2:testImmutableList_withlog2:testDynamicPartial_withlog2:testPartialRecursionWithInheritance_withlog2:testSimple_withlog2:testRecurision_withlog2:testPartialWithTF_withlog2:testPrivate_withlog2:testOptional_withlog2:testSimplePragma_withlog2:testComment_withlog2:testSuperField_withlog2:testSimpleFiltered_withlog2:testRelativePathsTemplateFunction_withlog2:testRelativePathsDotDotDir_withlog2:testNestedAccessWithSimpleObjectHandler_withlog2:testProperties_withlog2:testMap_withlog2:testMultipleWrappers_withlog2:testTemplateFunctionWithData_withlog2:testChainedInheritance_withlog2:testReadmeParallel_withlog2:testBaseArray_withlog2:testIdentitySimple_withlog2:testTemplateFunction_withlog2:testRelativePathsSameDir_withlog2:testRecursionWithInheritance_withlog2:testIssue191_withlog2:testEmptyString_withlog2:testImplicitIteratorWithScope_withlog2:testNotIterableCallable_withlog2:testRelativePathsDotDotDirOverride_withlog2:testComplex_withlog2:testComplex_withlog2:testComplex_withlog2
<h2>First Name : firstName</h2> <h2>Last Name : lastName</h2><h2>First Name : firstName 1</h2> <h2>Last Name : lastName 1</h2><h2>First Name : firstName</h2> <h2>Last Name : lastName</h2><h2>First Name : firstName 1</h2> <h2>Last Name : lastName 1</h2><h2>First Name : firstName</h2> <h2>Last Name : lastName</h2><h2>First Name : firstName 1</h2> <h2>Last Name : lastName 1</h2><h2>First Name : firstName</h2> <h2>Last Name : lastName</h2><h2>First Name : firstName 1</h2> <h2>Last Name : lastName 1</h2>File saved to the following path: /tmp/dspot-experiments/dataset/april-2019/mustache.java_parent/compiler/target/dspot/observations.ser
File saved to the following path: /tmp/dspot-experiments/dataset/april-2019/mustache.java_parent/compiler/target/dspot/TestResult.ser
Loading /tmp/dspot-experiments/dataset/april-2019/mustache.java_parent/compiler/target/dspot/TestResult.ser
[INFO] Test has been run: testSimpleI18N,testImmutableList_withlog0,testImmutableList_withlog1,testImmutableList_withlog2,testClosingReader,testObjectArray,testComplexParallel,testNotIterableCallable,testReadmeSerial,testPathsWithExtension,testDynamicPartial,testRecursionWithInheritance,testPrivate_withlog0,testPrivate_withlog1,testPrivate_withlog2,testMap_withlog0,testMap_withlog1,testMap_withlog2,testMultipleWrappers,testProperties,testImplicitIteratorNoScope,testLeavingAloneMissingVariables,testRelativePathsDotDotDir,testObjectArray_withlog0,testObjectArray_withlog1,testObjectArray_withlog2,testOverrideValueCode,testMap,testBrokenSimple,testEmptyString_withlog0,testEmptyString_withlog1,testEmptyString_withlog2,testOverrideExtension,testIdentitySimple,testChainedInheritance_withlog0,testChainedInheritance_withlog1,testChainedInheritance_withlog2,testRelativePathsDotDotDirOverride,testBaseArray,testMultipleCallsWithDifferentScopes,testDynamicPartial_withlog0,testDynamicPartial_withlog1,testDynamicPartial_withlog2,testIssue191_withlog0,testIssue191_withlog1,testIssue191_withlog2,testComplex_withlog0,testComplex_withlog1,testComplex_withlog2,testTemplateFunctionWithData,testNumber0IsFalse,testSuperField_withlog0,testSuperField_withlog1,testSuperField_withlog2,testChainedInheritance,testCR,testPartialWithTF,testIterator_withlog0,testIterator_withlog1,testIterator_withlog2,testImplicitIteratorWithScope,testSimpleFiltered,testRelativePathsRootDir,testRelativePathsDotDotDirOverride_withlog0,testRelativePathsDotDotDirOverride_withlog1,testRelativePathsDotDotDirOverride_withlog2,testPrivate,testSimpleFiltered_withlog0,testSimpleFiltered_withlog1,testSimpleFiltered_withlog2,testSerialCallable,testPragmaWhiteSpaceHandling,testBaseArray_withlog0,testBaseArray_withlog1,testBaseArray_withlog2,testTypedSimple,testImproperlyClosedVariable,testSimple_withlog0,testSimple_withlog1,testSimple_withlog2,testMismatch,testIsNotEmpty_withlog0,testIsNotEmpty_withlog1,testIsNotEmpty_withlog2,testSimplePragma,testRelativePathsSameDir,testEmptyMustache,testRootCheck,testSimpleI18N_withlog0,testSimpleI18N_withlog1,testSimpleI18N_withlog2,testNotIterableCallable_withlog0,testNotIterableCallable_withlog1,testNotIterableCallable_withlog2,testSerialCallable_withlog0,testSerialCallable_withlog1,testSerialCallable_withlog2,testOutputDelimiters,testReadmeSerial_withlog0,testReadmeSerial_withlog1,testReadmeSerial_withlog2,testNestedLatches,testMustacheNotFoundException,testConcurrency_withlog0,testConcurrency_withlog1,testConcurrency_withlog2,testIsNotEmpty,testRelativePathsDotDotDir_withlog0,testRelativePathsDotDotDir_withlog1,testRelativePathsDotDotDir_withlog2,testRelativePathsRootDir_withlog0,testRelativePathsRootDir_withlog1,testRelativePathsRootDir_withlog2,testReadme_withlog0,testReadme_withlog1,testReadme_withlog2,testTemplateFunction_withlog0,testTemplateFunction_withlog1,testTemplateFunction_withlog2,testInvalidDelimiters,testNestedLatches_withlog0,testNestedLatches_withlog1,testNestedLatches_withlog2,testSimpleWithMap_withlog0,testSimpleWithMap_withlog1,testSimpleWithMap_withlog2,testEmptyString,testFunctions,testComplexParallel_withlog0,testComplexParallel_withlog1,testComplexParallel_withlog2,testImmutableList,testTemplateFunction,testRecursionWithInheritance_withlog0,testRecursionWithInheritance_withlog1,testRecursionWithInheritance_withlog2,testComment,testComplex,testMultipleCallsWithDifferentMapScopes,testOptional,testPropertyWithDot,testIdentitySimple_withlog0,testIdentitySimple_withlog1,testIdentitySimple_withlog2,testPartialWithTF_withlog0,testPartialWithTF_withlog1,testPartialWithTF_withlog2,testRelativePathsTemplateFunction_withlog0,testRelativePathsTemplateFunction_withlog1,testRelativePathsTemplateFunction_withlog2,testAccessTracker,testPathsWithExtension_withlog0,testPathsWithExtension_withlog1,testPathsWithExtension_withlog2,testSimplePragma_withlog0,testSimplePragma_withlog1,testSimplePragma_withlog2,testComment_withlog0,testComment_withlog1,testComment_withlog2,testConcurrency,testReadmeParallel_withlog0,testReadmeParallel_withlog1,testReadmeParallel_withlog2,testRelativePathsSameDir_withlog0,testRelativePathsSameDir_withlog1,testRelativePathsSameDir_withlog2,testRecurision,testSimpleWithMap,testReadmeParallel,testRelativePathsTemplateFunction,testMultipleWrappers_withlog0,testMultipleWrappers_withlog1,testMultipleWrappers_withlog2,testNestedLatchesIterable,testRecurision_withlog0,testRecurision_withlog1,testRecurision_withlog2,testDeferred,testProperties_withlog0,testProperties_withlog1,testProperties_withlog2,testIssue191,testNumber0IsFalse_withlog0,testNumber0IsFalse_withlog1,testNumber0IsFalse_withlog2,testPartialRecursionWithInheritance_withlog0,testPartialRecursionWithInheritance_withlog1,testPartialRecursionWithInheritance_withlog2,testTemplateFunctionWithData_withlog0,testTemplateFunctionWithData_withlog1,testTemplateFunctionWithData_withlog2,testNestedAccessWithSimpleObjectHandler,testPartialRecursionWithInheritance,testPragma,testSecurity,testReadme,testSimple,testImplicitIteratorWithScope_withlog0,testImplicitIteratorWithScope_withlog1,testImplicitIteratorWithScope_withlog2,testSuperField,testSingleCurly,testTypedSimple_withlog0,testTypedSimple_withlog1,testTypedSimple_withlog2,testIterator,testVariableInhertiance,testFunctions_withlog0,testFunctions_withlog1,testFunctions_withlog2,testOptional_withlog0,testOptional_withlog1,testOptional_withlog2,testNestedAccessWithSimpleObjectHandler_withlog0,testNestedAccessWithSimpleObjectHandler_withlog1,testNestedAccessWithSimpleObjectHandler_withlog2,testLimitedDepthRecursion(com.github.mustachejava.InterpreterTest): Maximum partial recursion limit reached: 100 @[infiniteparent.html:1],testRelativePathFail(com.github.mustachejava.InterpreterTest): Template relative/relative/include.html not found,testMalformedTag(com.github.mustachejava.InterpreterTest): Failed to close 'value' tag @[test:2]
[WARNING] Some instrumented test failed!
[INFO] Generating assertions...
[WARNING] Something bad happened during assertion amplification
java.lang.NullPointerException
	at spoon.support.reflect.reference.CtTypeReferenceImpl.isInSamePackage(CtTypeReferenceImpl.java:661)
	at spoon.support.reflect.reference.CtTypeReferenceImpl.canAccess(CtTypeReferenceImpl.java:609)
	at spoon.support.reflect.reference.CtTypeReferenceImpl.getAccessType(CtTypeReferenceImpl.java:687)
	at spoon.reflect.visitor.ImportScannerImpl.visitCtTypeReference(ImportScannerImpl.java:126)
	at spoon.support.reflect.reference.CtTypeReferenceImpl.accept(CtTypeReferenceImpl.java:82)
	at spoon.reflect.visitor.ImportScannerImpl.scan(ImportScannerImpl.java:148)
	at spoon.reflect.visitor.ImportScannerImpl.visitCtExecutableReference(ImportScannerImpl.java:113)
	at spoon.support.reflect.reference.CtExecutableReferenceImpl.accept(CtExecutableReferenceImpl.java:86)
	at spoon.reflect.visitor.ImportScannerImpl.scan(ImportScannerImpl.java:148)
	at spoon.reflect.visitor.CtScanner.scan(CtScanner.java:176)
	at spoon.reflect.visitor.CtScanner.visitCtNewClass(CtScanner.java:604)
	at spoon.support.reflect.code.CtNewClassImpl.accept(CtNewClassImpl.java:34)
	at spoon.reflect.visitor.ImportScannerImpl.scan(ImportScannerImpl.java:148)
	at spoon.reflect.visitor.CtScanner.scan(CtScanner.java:176)
	at spoon.reflect.visitor.CtScanner.visitCtField(CtScanner.java:419)
	at spoon.support.reflect.declaration.CtFieldImpl.accept(CtFieldImpl.java:61)
	at spoon.reflect.visitor.ImportScannerImpl.scan(ImportScannerImpl.java:148)
	at spoon.reflect.visitor.CtScanner.scan(CtScanner.java:176)
	at spoon.reflect.visitor.CtScanner.scan(CtScanner.java:150)
	at spoon.reflect.visitor.CtScanner.visitCtClass(CtScanner.java:341)
	at spoon.reflect.visitor.ImportScannerImpl.visitCtClass(ImportScannerImpl.java:258)
	at spoon.support.reflect.declaration.CtClassImpl.accept(CtClassImpl.java:67)
	at spoon.reflect.visitor.ImportScannerImpl.scan(ImportScannerImpl.java:148)
	at spoon.reflect.visitor.CtScanner.scan(CtScanner.java:176)
	at spoon.reflect.visitor.CtScanner.visitCtNewClass(CtScanner.java:607)
	at spoon.support.reflect.code.CtNewClassImpl.accept(CtNewClassImpl.java:34)
	at spoon.reflect.visitor.ImportScannerImpl.scan(ImportScannerImpl.java:148)
	at spoon.reflect.visitor.CtScanner.scan(CtScanner.java:176)
	at spoon.reflect.visitor.CtScanner.scan(CtScanner.java:150)
	at spoon.reflect.visitor.CtScanner.scan(CtScanner.java:169)
	at spoon.reflect.visitor.ImportScannerImpl.visitCtInvocation(ImportScannerImpl.java:277)
	at spoon.support.reflect.code.CtInvocationImpl.accept(CtInvocationImpl.java:55)
	at spoon.reflect.visitor.ImportScannerImpl.scan(ImportScannerImpl.java:148)
	at spoon.reflect.visitor.ImportScannerImpl.visitCtInvocation(ImportScannerImpl.java:274)
	at spoon.support.reflect.code.CtInvocationImpl.accept(CtInvocationImpl.java:55)
	at spoon.reflect.visitor.ImportScannerImpl.scan(ImportScannerImpl.java:148)
	at spoon.reflect.visitor.CtScanner.scan(CtScanner.java:176)
	at spoon.reflect.visitor.CtScanner.scan(CtScanner.java:150)
	at spoon.reflect.visitor.CtScanner.visitCtBlock(CtScanner.java:305)
	at spoon.support.reflect.code.CtBlockImpl.accept(CtBlockImpl.java:67)
	at spoon.reflect.visitor.ImportScannerImpl.scan(ImportScannerImpl.java:148)
	at spoon.reflect.visitor.ImportScannerImpl.computeImports(ImportScannerImpl.java:315)
	at spoon.support.reflect.declaration.CtElementImpl.toString(CtElementImpl.java:294)
	at eu.stamp_project.dspot.assertgenerator.MethodsAssertGenerator.buildTestWithAssert(MethodsAssertGenerator.java:166)
	at eu.stamp_project.dspot.assertgenerator.MethodsAssertGenerator.lambda$addAssertions$4(MethodsAssertGenerator.java:136)
	at java.util.stream.ReferencePipeline$3$1.accept(ReferencePipeline.java:193)
	at java.util.ArrayList$ArrayListSpliterator.forEachRemaining(ArrayList.java:1382)
	at java.util.stream.AbstractPipeline.copyInto(AbstractPipeline.java:482)
	at java.util.stream.AbstractPipeline.wrapAndCopyInto(AbstractPipeline.java:472)
	at java.util.stream.ReduceOps$ReduceOp.evaluateSequential(ReduceOps.java:708)
	at java.util.stream.AbstractPipeline.evaluate(AbstractPipeline.java:234)
	at java.util.stream.ReferencePipeline.collect(ReferencePipeline.java:499)
	at eu.stamp_project.dspot.assertgenerator.MethodsAssertGenerator.addAssertions(MethodsAssertGenerator.java:137)
	at eu.stamp_project.dspot.assertgenerator.AssertGenerator.innerAssertionAmplification(AssertGenerator.java:136)
	at eu.stamp_project.dspot.assertgenerator.AssertGenerator.assertionAmplification(AssertGenerator.java:76)
	at eu.stamp_project.dspot.Amplification.assertionsAmplification(Amplification.java:214)
	at eu.stamp_project.dspot.Amplification.amplification(Amplification.java:108)
	at eu.stamp_project.dspot.DSpot._amplify(DSpot.java:274)
	at eu.stamp_project.dspot.DSpot.lambda$amplifyTestClassesTestMethods$5(DSpot.java:255)
	at java.util.stream.ReferencePipeline$3$1.accept(ReferencePipeline.java:193)
	at java.util.ArrayList$ArrayListSpliterator.forEachRemaining(ArrayList.java:1382)
	at java.util.stream.AbstractPipeline.copyInto(AbstractPipeline.java:482)
	at java.util.stream.AbstractPipeline.wrapAndCopyInto(AbstractPipeline.java:472)
	at java.util.stream.ReduceOps$ReduceOp.evaluateSequential(ReduceOps.java:708)
	at java.util.stream.AbstractPipeline.evaluate(AbstractPipeline.java:234)
	at java.util.stream.ReferencePipeline.collect(ReferencePipeline.java:499)
	at eu.stamp_project.dspot.DSpot.amplifyTestClassesTestMethods(DSpot.java:256)
	at eu.stamp_project.Main.run(Main.java:65)
	at eu.stamp_project.DSpotMojo.execute(DSpotMojo.java:311)
	at org.apache.maven.plugin.DefaultBuildPluginManager.executeMojo(DefaultBuildPluginManager.java:134)
	at org.apache.maven.lifecycle.internal.MojoExecutor.execute(MojoExecutor.java:207)
	at org.apache.maven.lifecycle.internal.MojoExecutor.execute(MojoExecutor.java:153)
	at org.apache.maven.lifecycle.internal.MojoExecutor.execute(MojoExecutor.java:145)
	at org.apache.maven.lifecycle.internal.LifecycleModuleBuilder.buildProject(LifecycleModuleBuilder.java:116)
	at org.apache.maven.lifecycle.internal.LifecycleModuleBuilder.buildProject(LifecycleModuleBuilder.java:80)
	at org.apache.maven.lifecycle.internal.builder.singlethreaded.SingleThreadedBuilder.build(SingleThreadedBuilder.java:51)
	at org.apache.maven.lifecycle.internal.LifecycleStarter.execute(LifecycleStarter.java:128)
	at org.apache.maven.DefaultMaven.doExecute(DefaultMaven.java:307)
	at org.apache.maven.DefaultMaven.doExecute(DefaultMaven.java:193)
	at org.apache.maven.DefaultMaven.execute(DefaultMaven.java:106)
	at org.apache.maven.cli.MavenCli.execute(MavenCli.java:863)
	at org.apache.maven.cli.MavenCli.doMain(MavenCli.java:288)
	at org.apache.maven.cli.MavenCli.main(MavenCli.java:199)
	at sun.reflect.NativeMethodAccessorImpl.invoke0(Native Method)
	at sun.reflect.NativeMethodAccessorImpl.invoke(NativeMethodAccessorImpl.java:62)
	at sun.reflect.DelegatingMethodAccessorImpl.invoke(DelegatingMethodAccessorImpl.java:43)
	at java.lang.reflect.Method.invoke(Method.java:498)
	at org.codehaus.plexus.classworlds.launcher.Launcher.launchEnhanced(Launcher.java:289)
	at org.codehaus.plexus.classworlds.launcher.Launcher.launch(Launcher.java:229)
	at org.codehaus.plexus.classworlds.launcher.Launcher.mainWithExitCode(Launcher.java:415)
	at org.codehaus.plexus.classworlds.launcher.Launcher.main(Launcher.java:356)

[INFO] 0 amplified test methods has been selected to be kept. (global: 0)
[INFO] Applying Input-amplification and Assertion-amplification test by test.
[INFO] Amplification of testObjectArray, (1/56)
[INFO] iteration 0 / 1
[INFO] 1 tests selected to be amplified over 1 available tests
[INFO] Amplification of inputs...
[INFO] Time to amplify: 34ms
  1% |================================================ ]/ 35% |================================================ ]\[INFO] 36 new tests generated
[INFO] Run tests. (36)
[INFO] Compiling with -proceedOnError -encoding UTF-8 -cp /tmp/dspot-experiments/dataset/april-2019/mustache.java_parent/compiler/target/dspot/tmp_test_sources:/home/bedanglot/.m2/repository/junit/junit/4.11/junit-4.11.jar:/home/bedanglot/.m2/repository/org/hamcrest/hamcrest-core/1.3/hamcrest-core-1.3.jar:/home/bedanglot/.m2/repository/com/fasterxml/jackson/core/jackson-databind/2.7.4/jackson-databind-2.7.4.jar:/home/bedanglot/.m2/repository/com/fasterxml/jackson/core/jackson-annotations/2.7.0/jackson-annotations-2.7.0.jar:/home/bedanglot/.m2/repository/com/fasterxml/jackson/core/jackson-core/2.7.4/jackson-core-2.7.4.jar:/home/bedanglot/.m2/repository/com/fasterxml/jackson/dataformat/jackson-dataformat-yaml/2.7.4/jackson-dataformat-yaml-2.7.4.jar:/home/bedanglot/.m2/repository/org/yaml/snakeyaml/1.15/snakeyaml-1.15.jar:/home/bedanglot/.m2/repository/com/google/guava/guava/20.0/guava-20.0.jar:/tmp/dspot-experiments/dataset/april-2019/mustache.java_parent/compiler/target/classes/:/tmp/dspot-experiments/dataset/april-2019/mustache.java_parent/compiler/target/test-classes/:/tmp/dspot-experiments/dataset/april-2019/mustache.java_parent/compiler/target/dspot/dependencies/: -d /tmp/dspot-experiments/dataset/april-2019/mustache.java_parent/compiler/target/test-classes -1.8 -preserveAllLocals -noExit -enableJavadoc -proc:none /tmp/dspot-experiments/dataset/april-2019/mustache.java_parent/compiler/target/dspot/tmp_test_sources/com/github/mustachejava/InterpreterTest.java
[INFO] Run: java -classpath /tmp/dspot-experiments/dataset/april-2019/mustache.java_parent/compiler/target/classes/:/tmp/dspot-experiments/dataset/april-2019/mustache.java_parent/compiler/target/test-classes:/home/bedanglot/.m2/repository/junit/junit/4.11/junit-4.11.jar:/home/bedanglot/.m2/repository/org/hamcrest/hamcrest-core/1.3/hamcrest-core-1.3.jar:/home/bedanglot/.m2/repository/com/fasterxml/jackson/core/jackson-databind/2.7.4/jackson-databind-2.7.4.jar:/home/bedanglot/.m2/repository/com/fasterxml/jackson/core/jackson-annotations/2.7.0/jackson-annotations-2.7.0.jar:/home/bedanglot/.m2/repository/com/fasterxml/jackson/core/jackson-core/2.7.4/jackson-core-2.7.4.jar:/home/bedanglot/.m2/repository/com/fasterxml/jackson/dataformat/jackson-dataformat-yaml/2.7.4/jackson-dataformat-yaml-2.7.4.jar:/home/bedanglot/.m2/repository/org/yaml/snakeyaml/1.15/snakeyaml-1.15.jar:/home/bedanglot/.m2/repository/com/google/guava/guava/20.0/guava-20.0.jar:/tmp/dspot-experiments/dataset/april-2019/mustache.java_parent/compiler/target/dspot/dependencies/:/home/bedanglot/.m2/repository/eu/stamp-project/test-runner/2.0.7/test-runner-2.0.7-jar-with-dependencies.jar eu.stamp_project.testrunner.runner.JUnit4Runner --class com.github.mustachejava.InterpreterTest --tests testObjectArray_remove34:testObjectArray_remove33:testObjectArray_add30:testObjectArray_add29:testObjectArray_add28:testObjectArray_add32:testObjectArray_add31:testObjectArraynull35:testObjectArraynull36:testObjectArray_literalMutationNumber13:testObjectArray_literalMutationNumber17:testObjectArray_literalMutationString3:testObjectArray_literalMutationNumber23:testObjectArray_literalMutationNumber21:testObjectArray_literalMutationNumber18:testObjectArray_literalMutationString4:testObjectArray_literalMutationNumber27:testObjectArray_literalMutationString8:testObjectArray_literalMutationString9:testObjectArray_literalMutationString5:testObjectArray_literalMutationNumber25:testObjectArray_literalMutationNumber16:testObjectArray_literalMutationNumber24:testObjectArray_literalMutationString12:testObjectArray_literalMutationNumber22:testObjectArray_literalMutationString1:testObjectArray_literalMutationString7:testObjectArray_literalMutationString2:testObjectArray_literalMutationString10:testObjectArray_literalMutationNumber14:testObjectArray_literalMutationNumber26:testObjectArray_literalMutationNumber20:testObjectArray_literalMutationString6:testObjectArray_literalMutationNumber15:testObjectArray_literalMutationNumber19:testObjectArray_literalMutationString11 
Parsing --class com.github.mustachejava.InterpreterTest --tests testObjectArray_remove34:testObjectArray_remove33:testObjectArray_add30:testObjectArray_add29:testObjectArray_add28:testObjectArray_add32:testObjectArray_add31:testObjectArraynull35:testObjectArraynull36:testObjectArray_literalMutationNumber13:testObjectArray_literalMutationNumber17:testObjectArray_literalMutationString3:testObjectArray_literalMutationNumber23:testObjectArray_literalMutationNumber21:testObjectArray_literalMutationNumber18:testObjectArray_literalMutationString4:testObjectArray_literalMutationNumber27:testObjectArray_literalMutationString8:testObjectArray_literalMutationString9:testObjectArray_literalMutationString5:testObjectArray_literalMutationNumber25:testObjectArray_literalMutationNumber16:testObjectArray_literalMutationNumber24:testObjectArray_literalMutationString12:testObjectArray_literalMutationNumber22:testObjectArray_literalMutationString1:testObjectArray_literalMutationString7:testObjectArray_literalMutationString2:testObjectArray_literalMutationString10:testObjectArray_literalMutationNumber14:testObjectArray_literalMutationNumber26:testObjectArray_literalMutationNumber20:testObjectArray_literalMutationString6:testObjectArray_literalMutationNumber15:testObjectArray_literalMutationNumber19:testObjectArray_literalMutationString11
File saved to the following path: /tmp/dspot-experiments/dataset/april-2019/mustache.java_parent/compiler/target/dspot/TestResult.ser
Loading /tmp/dspot-experiments/dataset/april-2019/mustache.java_parent/compiler/target/dspot/TestResult.ser
[INFO] Test has been run: testObjectArraynull35,testObjectArray_literalMutationString2,testObjectArray_literalMutationString4,testObjectArray_literalMutationString6,testObjectArray_literalMutationString7,testObjectArray_literalMutationString8,testObjectArray_literalMutationString9,testObjectArray_remove33,testObjectArray_remove34,testObjectArray_literalMutationString10,testObjectArray_literalMutationString11,testObjectArray_literalMutationString12,testObjectArray_literalMutationNumber13,testObjectArray_literalMutationNumber14,testObjectArray_literalMutationNumber15,testObjectArray_literalMutationNumber16,testObjectArray_literalMutationNumber17,testObjectArray_literalMutationNumber18,testObjectArray_literalMutationNumber19,testObjectArray_literalMutationNumber20,testObjectArray_literalMutationNumber21,testObjectArray_literalMutationNumber22,testObjectArray_literalMutationNumber23,testObjectArray_literalMutationNumber24,testObjectArray_literalMutationNumber25,testObjectArray_literalMutationNumber26,testObjectArray_literalMutationNumber27,testObjectArray_add28,testObjectArray_add29,testObjectArray_add30,testObjectArray_add31,testObjectArray_add32,testObjectArraynull36(com.github.mustachejava.InterpreterTest): Failed to get value for . @[testObjectArray:1],testObjectArray_literalMutationString1(com.github.mustachejava.InterpreterTest): Mismatched start/end tags: valuesr}{{. != values in testObjectArray:1 @[testObjectArray:1],testObjectArray_literalMutationString3(com.github.mustachejava.InterpreterTest): Failed to close 'qualification' tag @[testObjectArray:1],testObjectArray_literalMutationString5(com.github.mustachejava.InterpreterTest): Mismatched start/end tags: values != values}V}{{^values in testObjectArray:1 @[testObjectArray:1]
[INFO] 32 test pass, generating assertion...
[INFO] Add observations points in passing tests.
[INFO] Instrumentation...
  3% |================================================ ]/  6% |================================================ ]-  9% |================================================ ]\ 12% |================================================ ]| 15% |================================================ ]/ 18% |================================================ ]- 21% |================================================ ]\ 25% |================================================ ]| 28% |================================================ ]/ 31% |================================================ ]- 34% |================================================ ]\ 37% |================================================ ]| 40% |================================================ ]/ 43% |================================================ ]- 46% |================================================ ]\ 50% |================================================ ]| 53% |================================================ ]/ 56% |================================================ ]- 59% |================================================ ]\ 62% |================================================ ]| 65% |================================================ ]/ 68% |================================================ ]- 71% |================================================ ]\ 75% |================================================ ]| 78% |================================================ ]/ 81% |================================================ ]- 84% |================================================ ]\ 87% |================================================ ]| 90% |================================================ ]/ 93% |================================================ ]- 96% |================================================ ]\100% |================================================== ]|
[INFO] Run instrumented tests. (96)
[INFO] Compiling with -proceedOnError -encoding UTF-8 -cp /tmp/dspot-experiments/dataset/april-2019/mustache.java_parent/compiler/target/dspot/tmp_test_sources:/home/bedanglot/.m2/repository/junit/junit/4.11/junit-4.11.jar:/home/bedanglot/.m2/repository/org/hamcrest/hamcrest-core/1.3/hamcrest-core-1.3.jar:/home/bedanglot/.m2/repository/com/fasterxml/jackson/core/jackson-databind/2.7.4/jackson-databind-2.7.4.jar:/home/bedanglot/.m2/repository/com/fasterxml/jackson/core/jackson-annotations/2.7.0/jackson-annotations-2.7.0.jar:/home/bedanglot/.m2/repository/com/fasterxml/jackson/core/jackson-core/2.7.4/jackson-core-2.7.4.jar:/home/bedanglot/.m2/repository/com/fasterxml/jackson/dataformat/jackson-dataformat-yaml/2.7.4/jackson-dataformat-yaml-2.7.4.jar:/home/bedanglot/.m2/repository/org/yaml/snakeyaml/1.15/snakeyaml-1.15.jar:/home/bedanglot/.m2/repository/com/google/guava/guava/20.0/guava-20.0.jar:/tmp/dspot-experiments/dataset/april-2019/mustache.java_parent/compiler/target/classes/:/tmp/dspot-experiments/dataset/april-2019/mustache.java_parent/compiler/target/test-classes/:/tmp/dspot-experiments/dataset/april-2019/mustache.java_parent/compiler/target/dspot/dependencies/: -d /tmp/dspot-experiments/dataset/april-2019/mustache.java_parent/compiler/target/test-classes -1.8 -preserveAllLocals -noExit -enableJavadoc -proc:none /tmp/dspot-experiments/dataset/april-2019/mustache.java_parent/compiler/target/dspot/tmp_test_sources/com/github/mustachejava/InterpreterTest.java
[INFO] Run: java -classpath /tmp/dspot-experiments/dataset/april-2019/mustache.java_parent/compiler/target/classes/:/tmp/dspot-experiments/dataset/april-2019/mustache.java_parent/compiler/target/test-classes:/home/bedanglot/.m2/repository/junit/junit/4.11/junit-4.11.jar:/home/bedanglot/.m2/repository/org/hamcrest/hamcrest-core/1.3/hamcrest-core-1.3.jar:/home/bedanglot/.m2/repository/com/fasterxml/jackson/core/jackson-databind/2.7.4/jackson-databind-2.7.4.jar:/home/bedanglot/.m2/repository/com/fasterxml/jackson/core/jackson-annotations/2.7.0/jackson-annotations-2.7.0.jar:/home/bedanglot/.m2/repository/com/fasterxml/jackson/core/jackson-core/2.7.4/jackson-core-2.7.4.jar:/home/bedanglot/.m2/repository/com/fasterxml/jackson/dataformat/jackson-dataformat-yaml/2.7.4/jackson-dataformat-yaml-2.7.4.jar:/home/bedanglot/.m2/repository/org/yaml/snakeyaml/1.15/snakeyaml-1.15.jar:/home/bedanglot/.m2/repository/com/google/guava/guava/20.0/guava-20.0.jar:/tmp/dspot-experiments/dataset/april-2019/mustache.java_parent/compiler/target/dspot/dependencies/:/home/bedanglot/.m2/repository/eu/stamp-project/test-runner/2.0.7/test-runner-2.0.7-jar-with-dependencies.jar eu.stamp_project.testrunner.runner.JUnit4Runner --class com.github.mustachejava.InterpreterTest --tests testObjectArray_remove34_withlog0:testObjectArray_remove33_withlog0:testObjectArray_add30_withlog0:testObjectArray_add29_withlog0:testObjectArray_add28_withlog0:testObjectArray_add32_withlog0:testObjectArray_add31_withlog0:testObjectArraynull35_withlog0:testObjectArray_literalMutationNumber13_withlog0:testObjectArray_literalMutationNumber17_withlog0:testObjectArray_literalMutationNumber23_withlog0:testObjectArray_literalMutationNumber21_withlog0:testObjectArray_literalMutationNumber18_withlog0:testObjectArray_literalMutationString4_withlog0:testObjectArray_literalMutationNumber27_withlog0:testObjectArray_literalMutationString8_withlog0:testObjectArray_literalMutationString9_withlog0:testObjectArray_literalMutationNumber25_withlog0:testObjectArray_literalMutationNumber16_withlog0:testObjectArray_literalMutationNumber24_withlog0:testObjectArray_literalMutationString12_withlog0:testObjectArray_literalMutationNumber22_withlog0:testObjectArray_literalMutationString7_withlog0:testObjectArray_literalMutationString2_withlog0:testObjectArray_literalMutationString10_withlog0:testObjectArray_literalMutationNumber14_withlog0:testObjectArray_literalMutationNumber26_withlog0:testObjectArray_literalMutationNumber20_withlog0:testObjectArray_literalMutationString6_withlog0:testObjectArray_literalMutationNumber15_withlog0:testObjectArray_literalMutationNumber19_withlog0:testObjectArray_literalMutationString11_withlog0:testObjectArray_remove34_withlog1:testObjectArray_remove33_withlog1:testObjectArray_add30_withlog1:testObjectArray_add29_withlog1:testObjectArray_add28_withlog1:testObjectArray_add32_withlog1:testObjectArray_add31_withlog1:testObjectArraynull35_withlog1:testObjectArray_literalMutationNumber13_withlog1:testObjectArray_literalMutationNumber17_withlog1:testObjectArray_literalMutationNumber23_withlog1:testObjectArray_literalMutationNumber21_withlog1:testObjectArray_literalMutationNumber18_withlog1:testObjectArray_literalMutationString4_withlog1:testObjectArray_literalMutationNumber27_withlog1:testObjectArray_literalMutationString8_withlog1:testObjectArray_literalMutationString9_withlog1:testObjectArray_literalMutationNumber25_withlog1:testObjectArray_literalMutationNumber16_withlog1:testObjectArray_literalMutationNumber24_withlog1:testObjectArray_literalMutationString12_withlog1:testObjectArray_literalMutationNumber22_withlog1:testObjectArray_literalMutationString7_withlog1:testObjectArray_literalMutationString2_withlog1:testObjectArray_literalMutationString10_withlog1:testObjectArray_literalMutationNumber14_withlog1:testObjectArray_literalMutationNumber26_withlog1:testObjectArray_literalMutationNumber20_withlog1:testObjectArray_literalMutationString6_withlog1:testObjectArray_literalMutationNumber15_withlog1:testObjectArray_literalMutationNumber19_withlog1:testObjectArray_literalMutationString11_withlog1:testObjectArray_remove34_withlog2:testObjectArray_remove33_withlog2:testObjectArray_add30_withlog2:testObjectArray_add29_withlog2:testObjectArray_add28_withlog2:testObjectArray_add32_withlog2:testObjectArray_add31_withlog2:testObjectArraynull35_withlog2:testObjectArray_literalMutationNumber13_withlog2:testObjectArray_literalMutationNumber17_withlog2:testObjectArray_literalMutationNumber23_withlog2:testObjectArray_literalMutationNumber21_withlog2:testObjectArray_literalMutationNumber18_withlog2:testObjectArray_literalMutationString4_withlog2:testObjectArray_literalMutationNumber27_withlog2:testObjectArray_literalMutationString8_withlog2:testObjectArray_literalMutationString9_withlog2:testObjectArray_literalMutationNumber25_withlog2:testObjectArray_literalMutationNumber16_withlog2:testObjectArray_literalMutationNumber24_withlog2:testObjectArray_literalMutationString12_withlog2:testObjectArray_literalMutationNumber22_withlog2:testObjectArray_literalMutationString7_withlog2:testObjectArray_literalMutationString2_withlog2:testObjectArray_literalMutationString10_withlog2:testObjectArray_literalMutationNumber14_withlog2:testObjectArray_literalMutationNumber26_withlog2:testObjectArray_literalMutationNumber20_withlog2:testObjectArray_literalMutationString6_withlog2:testObjectArray_literalMutationNumber15_withlog2:testObjectArray_literalMutationNumber19_withlog2:testObjectArray_literalMutationString11_withlog2 
Parsing --class com.github.mustachejava.InterpreterTest --tests testObjectArray_remove34_withlog0:testObjectArray_remove33_withlog0:testObjectArray_add30_withlog0:testObjectArray_add29_withlog0:testObjectArray_add28_withlog0:testObjectArray_add32_withlog0:testObjectArray_add31_withlog0:testObjectArraynull35_withlog0:testObjectArray_literalMutationNumber13_withlog0:testObjectArray_literalMutationNumber17_withlog0:testObjectArray_literalMutationNumber23_withlog0:testObjectArray_literalMutationNumber21_withlog0:testObjectArray_literalMutationNumber18_withlog0:testObjectArray_literalMutationString4_withlog0:testObjectArray_literalMutationNumber27_withlog0:testObjectArray_literalMutationString8_withlog0:testObjectArray_literalMutationString9_withlog0:testObjectArray_literalMutationNumber25_withlog0:testObjectArray_literalMutationNumber16_withlog0:testObjectArray_literalMutationNumber24_withlog0:testObjectArray_literalMutationString12_withlog0:testObjectArray_literalMutationNumber22_withlog0:testObjectArray_literalMutationString7_withlog0:testObjectArray_literalMutationString2_withlog0:testObjectArray_literalMutationString10_withlog0:testObjectArray_literalMutationNumber14_withlog0:testObjectArray_literalMutationNumber26_withlog0:testObjectArray_literalMutationNumber20_withlog0:testObjectArray_literalMutationString6_withlog0:testObjectArray_literalMutationNumber15_withlog0:testObjectArray_literalMutationNumber19_withlog0:testObjectArray_literalMutationString11_withlog0:testObjectArray_remove34_withlog1:testObjectArray_remove33_withlog1:testObjectArray_add30_withlog1:testObjectArray_add29_withlog1:testObjectArray_add28_withlog1:testObjectArray_add32_withlog1:testObjectArray_add31_withlog1:testObjectArraynull35_withlog1:testObjectArray_literalMutationNumber13_withlog1:testObjectArray_literalMutationNumber17_withlog1:testObjectArray_literalMutationNumber23_withlog1:testObjectArray_literalMutationNumber21_withlog1:testObjectArray_literalMutationNumber18_withlog1:testObjectArray_literalMutationString4_withlog1:testObjectArray_literalMutationNumber27_withlog1:testObjectArray_literalMutationString8_withlog1:testObjectArray_literalMutationString9_withlog1:testObjectArray_literalMutationNumber25_withlog1:testObjectArray_literalMutationNumber16_withlog1:testObjectArray_literalMutationNumber24_withlog1:testObjectArray_literalMutationString12_withlog1:testObjectArray_literalMutationNumber22_withlog1:testObjectArray_literalMutationString7_withlog1:testObjectArray_literalMutationString2_withlog1:testObjectArray_literalMutationString10_withlog1:testObjectArray_literalMutationNumber14_withlog1:testObjectArray_literalMutationNumber26_withlog1:testObjectArray_literalMutationNumber20_withlog1:testObjectArray_literalMutationString6_withlog1:testObjectArray_literalMutationNumber15_withlog1:testObjectArray_literalMutationNumber19_withlog1:testObjectArray_literalMutationString11_withlog1:testObjectArray_remove34_withlog2:testObjectArray_remove33_withlog2:testObjectArray_add30_withlog2:testObjectArray_add29_withlog2:testObjectArray_add28_withlog2:testObjectArray_add32_withlog2:testObjectArray_add31_withlog2:testObjectArraynull35_withlog2:testObjectArray_literalMutationNumber13_withlog2:testObjectArray_literalMutationNumber17_withlog2:testObjectArray_literalMutationNumber23_withlog2:testObjectArray_literalMutationNumber21_withlog2:testObjectArray_literalMutationNumber18_withlog2:testObjectArray_literalMutationString4_withlog2:testObjectArray_literalMutationNumber27_withlog2:testObjectArray_literalMutationString8_withlog2:testObjectArray_literalMutationString9_withlog2:testObjectArray_literalMutationNumber25_withlog2:testObjectArray_literalMutationNumber16_withlog2:testObjectArray_literalMutationNumber24_withlog2:testObjectArray_literalMutationString12_withlog2:testObjectArray_literalMutationNumber22_withlog2:testObjectArray_literalMutationString7_withlog2:testObjectArray_literalMutationString2_withlog2:testObjectArray_literalMutationString10_withlog2:testObjectArray_literalMutationNumber14_withlog2:testObjectArray_literalMutationNumber26_withlog2:testObjectArray_literalMutationNumber20_withlog2:testObjectArray_literalMutationString6_withlog2:testObjectArray_literalMutationNumber15_withlog2:testObjectArray_literalMutationNumber19_withlog2:testObjectArray_literalMutationString11_withlog2
<h2>First Name : firstName</h2> <h2>Last Name : lastName</h2><h2>First Name : firstName 1</h2> <h2>Last Name : lastName 1</h2>File saved to the following path: /tmp/dspot-experiments/dataset/april-2019/mustache.java_parent/compiler/target/dspot/observations.ser
File saved to the following path: /tmp/dspot-experiments/dataset/april-2019/mustache.java_parent/compiler/target/dspot/TestResult.ser
Loading /tmp/dspot-experiments/dataset/april-2019/mustache.java_parent/compiler/target/dspot/TestResult.ser
[INFO] Test has been run: testSimpleI18N,testObjectArray_literalMutationNumber26_withlog0,testObjectArray_literalMutationNumber26_withlog1,testObjectArray_literalMutationNumber26_withlog2,testClosingReader,testObjectArray,testComplexParallel,testObjectArray_literalMutationNumber25_withlog0,testObjectArray_literalMutationNumber25_withlog1,testObjectArray_literalMutationNumber25_withlog2,testNotIterableCallable,testReadmeSerial,testObjectArraynull35,testPathsWithExtension,testDynamicPartial,testRecursionWithInheritance,testObjectArray_remove34_withlog0,testObjectArray_remove34_withlog1,testObjectArray_remove34_withlog2,testObjectArray_literalMutationNumber24_withlog0,testObjectArray_literalMutationNumber24_withlog1,testObjectArray_literalMutationNumber24_withlog2,testMultipleWrappers,testProperties,testObjectArray_literalMutationString2,testObjectArray_literalMutationString4,testObjectArray_literalMutationString6,testObjectArray_literalMutationString7,testObjectArray_literalMutationString8,testObjectArray_literalMutationString9,testImplicitIteratorNoScope,testLeavingAloneMissingVariables,testRelativePathsDotDotDir,testObjectArray_remove33_withlog0,testObjectArray_remove33_withlog1,testObjectArray_remove33_withlog2,testOverrideValueCode,testObjectArray_literalMutationNumber23_withlog0,testObjectArray_literalMutationNumber23_withlog1,testObjectArray_literalMutationNumber23_withlog2,testMap,testObjectArray_add32_withlog0,testObjectArray_add32_withlog1,testObjectArray_add32_withlog2,testBrokenSimple,testOverrideExtension,testIdentitySimple,testRelativePathsDotDotDirOverride,testObjectArray_literalMutationNumber22_withlog0,testObjectArray_literalMutationNumber22_withlog1,testObjectArray_literalMutationNumber22_withlog2,testObjectArray_add31_withlog0,testObjectArray_add31_withlog1,testObjectArray_add31_withlog2,testBaseArray,testMultipleCallsWithDifferentScopes,testObjectArray_literalMutationNumber21_withlog0,testObjectArray_literalMutationNumber21_withlog1,testObjectArray_literalMutationNumber21_withlog2,testObjectArray_remove33,testObjectArray_remove34,testObjectArray_add30_withlog0,testObjectArray_add30_withlog1,testObjectArray_add30_withlog2,testObjectArray_add29_withlog0,testObjectArray_add29_withlog1,testObjectArray_add29_withlog2,testTemplateFunctionWithData,testObjectArray_literalMutationNumber20_withlog0,testObjectArray_literalMutationNumber20_withlog1,testObjectArray_literalMutationNumber20_withlog2,testNumber0IsFalse,testChainedInheritance,testObjectArray_literalMutationNumber19_withlog0,testObjectArray_literalMutationNumber19_withlog1,testObjectArray_literalMutationNumber19_withlog2,testObjectArray_literalMutationString12_withlog0,testObjectArray_literalMutationString12_withlog1,testObjectArray_literalMutationString12_withlog2,testCR,testPartialWithTF,testImplicitIteratorWithScope,testObjectArray_add28_withlog0,testObjectArray_add28_withlog1,testObjectArray_add28_withlog2,testSimpleFiltered,testRelativePathsRootDir,testPrivate,testObjectArray_literalMutationNumber18_withlog0,testObjectArray_literalMutationNumber18_withlog1,testObjectArray_literalMutationNumber18_withlog2,testObjectArray_literalMutationString11_withlog0,testObjectArray_literalMutationString11_withlog1,testObjectArray_literalMutationString11_withlog2,testSerialCallable,testPragmaWhiteSpaceHandling,testTypedSimple,testImproperlyClosedVariable,testMismatch,testObjectArray_literalMutationNumber17_withlog0,testObjectArray_literalMutationNumber17_withlog1,testObjectArray_literalMutationNumber17_withlog2,testObjectArray_literalMutationString10_withlog0,testObjectArray_literalMutationString10_withlog1,testObjectArray_literalMutationString10_withlog2,testSimplePragma,testObjectArray_literalMutationNumber16_withlog0,testObjectArray_literalMutationNumber16_withlog1,testObjectArray_literalMutationNumber16_withlog2,testRelativePathsSameDir,testEmptyMustache,testRootCheck,testOutputDelimiters,testObjectArray_literalMutationNumber15_withlog0,testObjectArray_literalMutationNumber15_withlog1,testObjectArray_literalMutationNumber15_withlog2,testNestedLatches,testMustacheNotFoundException,testIsNotEmpty,testObjectArray_literalMutationNumber14_withlog0,testObjectArray_literalMutationNumber14_withlog1,testObjectArray_literalMutationNumber14_withlog2,testObjectArray_literalMutationString9_withlog0,testObjectArray_literalMutationString9_withlog1,testObjectArray_literalMutationString9_withlog2,testObjectArray_literalMutationNumber13_withlog0,testObjectArray_literalMutationNumber13_withlog1,testObjectArray_literalMutationNumber13_withlog2,testInvalidDelimiters,testLimitedDepthRecursion,testObjectArray_literalMutationString8_withlog0,testObjectArray_literalMutationString8_withlog1,testObjectArray_literalMutationString8_withlog2,testEmptyString,testFunctions,testImmutableList,testTemplateFunction,testComment,testComplex,testObjectArraynull35_withlog0,testObjectArraynull35_withlog1,testObjectArraynull35_withlog2,testMultipleCallsWithDifferentMapScopes,testOptional,testObjectArray_literalMutationString7_withlog0,testObjectArray_literalMutationString7_withlog1,testObjectArray_literalMutationString7_withlog2,testPropertyWithDot,testAccessTracker,testConcurrency,testObjectArray_literalMutationString6_withlog0,testObjectArray_literalMutationString6_withlog1,testObjectArray_literalMutationString6_withlog2,testObjectArray_literalMutationString10,testObjectArray_literalMutationString11,testObjectArray_literalMutationString12,testRecurision,testSimpleWithMap,testReadmeParallel,testRelativePathsTemplateFunction,testRelativePathFail,testObjectArray_literalMutationString4_withlog0,testObjectArray_literalMutationString4_withlog1,testObjectArray_literalMutationString4_withlog2,testNestedLatchesIterable,testDeferred,testIssue191,testObjectArray_literalMutationNumber13,testObjectArray_literalMutationNumber14,testObjectArray_literalMutationNumber15,testObjectArray_literalMutationNumber16,testObjectArray_literalMutationNumber17,testObjectArray_literalMutationNumber18,testObjectArray_literalMutationNumber19,testObjectArray_literalMutationNumber20,testObjectArray_literalMutationNumber21,testObjectArray_literalMutationNumber22,testObjectArray_literalMutationNumber23,testObjectArray_literalMutationNumber24,testObjectArray_literalMutationNumber25,testObjectArray_literalMutationNumber26,testObjectArray_literalMutationNumber27,testNestedAccessWithSimpleObjectHandler,testObjectArray_literalMutationString2_withlog0,testObjectArray_literalMutationString2_withlog1,testObjectArray_literalMutationString2_withlog2,testPartialRecursionWithInheritance,testPragma,testSecurity,testReadme,testSimple,testMalformedTag,testTemplateFunctionWithImplicitParams,testSuperField,testSingleCurly,testIterator,testObjectArray_literalMutationNumber27_withlog0,testObjectArray_literalMutationNumber27_withlog1,testObjectArray_literalMutationNumber27_withlog2,testObjectArray_add28,testObjectArray_add29,testObjectArray_add30,testObjectArray_add31,testObjectArray_add32,testVariableInhertiance,testObjectArraynull36(com.github.mustachejava.InterpreterTest): Failed to get value for . @[testObjectArray:1],testObjectArray_literalMutationString1(com.github.mustachejava.InterpreterTest): Mismatched start/end tags: valuesr}{{. != values in testObjectArray:1 @[testObjectArray:1],testObjectArray_literalMutationString3(com.github.mustachejava.InterpreterTest): Failed to close 'qualification' tag @[testObjectArray:1],testObjectArray_literalMutationString5(com.github.mustachejava.InterpreterTest): Mismatched start/end tags: values != values}V}{{^values in testObjectArray:1 @[testObjectArray:1]
[WARNING] Some instrumented test failed!
[INFO] Generating assertions...
[INFO] 4 test fail, generating try/catch/fail blocks...
[INFO] 36 new tests with assertions generated
[INFO] ------------------------------------------------------------------------
[INFO] BUILD FAILURE
[INFO] ------------------------------------------------------------------------
[INFO] Total time: 05:06 min
[INFO] Finished at: 2019-05-22T21:04:30+02:00
[INFO] Final Memory: 53M/2013M
[INFO] ------------------------------------------------------------------------
[ERROR] Failed to execute goal eu.stamp-project:dspot-maven:2.1.1-SNAPSHOT:amplify-unit-tests (default-cli) on project compiler: Execution default-cli of goal eu.stamp-project:dspot-maven:2.1.1-SNAPSHOT:amplify-unit-tests failed: java.lang.RuntimeException: java.util.zip.ZipException: invalid LOC header (bad signature) -> [Help 1]
org.apache.maven.lifecycle.LifecycleExecutionException: Failed to execute goal eu.stamp-project:dspot-maven:2.1.1-SNAPSHOT:amplify-unit-tests (default-cli) on project compiler: Execution default-cli of goal eu.stamp-project:dspot-maven:2.1.1-SNAPSHOT:amplify-unit-tests failed: java.lang.RuntimeException: java.util.zip.ZipException: invalid LOC header (bad signature)
	at org.apache.maven.lifecycle.internal.MojoExecutor.execute(MojoExecutor.java:212)
	at org.apache.maven.lifecycle.internal.MojoExecutor.execute(MojoExecutor.java:153)
	at org.apache.maven.lifecycle.internal.MojoExecutor.execute(MojoExecutor.java:145)
	at org.apache.maven.lifecycle.internal.LifecycleModuleBuilder.buildProject(LifecycleModuleBuilder.java:116)
	at org.apache.maven.lifecycle.internal.LifecycleModuleBuilder.buildProject(LifecycleModuleBuilder.java:80)
	at org.apache.maven.lifecycle.internal.builder.singlethreaded.SingleThreadedBuilder.build(SingleThreadedBuilder.java:51)
	at org.apache.maven.lifecycle.internal.LifecycleStarter.execute(LifecycleStarter.java:128)
	at org.apache.maven.DefaultMaven.doExecute(DefaultMaven.java:307)
	at org.apache.maven.DefaultMaven.doExecute(DefaultMaven.java:193)
	at org.apache.maven.DefaultMaven.execute(DefaultMaven.java:106)
	at org.apache.maven.cli.MavenCli.execute(MavenCli.java:863)
	at org.apache.maven.cli.MavenCli.doMain(MavenCli.java:288)
	at org.apache.maven.cli.MavenCli.main(MavenCli.java:199)
	at sun.reflect.NativeMethodAccessorImpl.invoke0(Native Method)
	at sun.reflect.NativeMethodAccessorImpl.invoke(NativeMethodAccessorImpl.java:62)
	at sun.reflect.DelegatingMethodAccessorImpl.invoke(DelegatingMethodAccessorImpl.java:43)
	at java.lang.reflect.Method.invoke(Method.java:498)
	at org.codehaus.plexus.classworlds.launcher.Launcher.launchEnhanced(Launcher.java:289)
	at org.codehaus.plexus.classworlds.launcher.Launcher.launch(Launcher.java:229)
	at org.codehaus.plexus.classworlds.launcher.Launcher.mainWithExitCode(Launcher.java:415)
	at org.codehaus.plexus.classworlds.launcher.Launcher.main(Launcher.java:356)
Caused by: org.apache.maven.plugin.PluginExecutionException: Execution default-cli of goal eu.stamp-project:dspot-maven:2.1.1-SNAPSHOT:amplify-unit-tests failed: java.lang.RuntimeException: java.util.zip.ZipException: invalid LOC header (bad signature)
	at org.apache.maven.plugin.DefaultBuildPluginManager.executeMojo(DefaultBuildPluginManager.java:145)
	at org.apache.maven.lifecycle.internal.MojoExecutor.execute(MojoExecutor.java:207)
	... 20 more
Caused by: java.lang.RuntimeException: java.lang.RuntimeException: java.util.zip.ZipException: invalid LOC header (bad signature)
	at eu.stamp_project.DSpotMojo.execute(DSpotMojo.java:313)
	at org.apache.maven.plugin.DefaultBuildPluginManager.executeMojo(DefaultBuildPluginManager.java:134)
	... 21 more
Caused by: java.lang.RuntimeException: java.util.zip.ZipException: invalid LOC header (bad signature)
	at eu.stamp_project.utils.DSpotUtils.lambda$copyPackageFromResources$1(DSpotUtils.java:199)
	at java.util.Spliterators$ArraySpliterator.forEachRemaining(Spliterators.java:948)
	at java.util.stream.ReferencePipeline$Head.forEach(ReferencePipeline.java:580)
	at eu.stamp_project.utils.DSpotUtils.copyPackageFromResources(DSpotUtils.java:181)
	at eu.stamp_project.utils.compilation.TestCompiler.compileAndRun(TestCompiler.java:92)
	at eu.stamp_project.utils.compilation.TestCompiler.compileRunAndDiscardUncompilableAndFailingTestMethods(TestCompiler.java:55)
	at eu.stamp_project.dspot.Amplification.assertionsAmplification(Amplification.java:225)
	at eu.stamp_project.dspot.Amplification.amplification(Amplification.java:186)
	at eu.stamp_project.dspot.Amplification.amplification(Amplification.java:131)
	at eu.stamp_project.dspot.DSpot._amplify(DSpot.java:274)
	at eu.stamp_project.dspot.DSpot.lambda$amplifyTestClassesTestMethods$5(DSpot.java:255)
	at java.util.stream.ReferencePipeline$3$1.accept(ReferencePipeline.java:193)
	at java.util.ArrayList$ArrayListSpliterator.forEachRemaining(ArrayList.java:1382)
	at java.util.stream.AbstractPipeline.copyInto(AbstractPipeline.java:482)
	at java.util.stream.AbstractPipeline.wrapAndCopyInto(AbstractPipeline.java:472)
	at java.util.stream.ReduceOps$ReduceOp.evaluateSequential(ReduceOps.java:708)
	at java.util.stream.AbstractPipeline.evaluate(AbstractPipeline.java:234)
	at java.util.stream.ReferencePipeline.collect(ReferencePipeline.java:499)
	at eu.stamp_project.dspot.DSpot.amplifyTestClassesTestMethods(DSpot.java:256)
	at eu.stamp_project.Main.run(Main.java:65)
	at eu.stamp_project.DSpotMojo.execute(DSpotMojo.java:311)
	... 22 more
Caused by: java.util.zip.ZipException: invalid LOC header (bad signature)
	at java.util.zip.ZipFile.read(Native Method)
	at java.util.zip.ZipFile.access$1400(ZipFile.java:60)
	at java.util.zip.ZipFile$ZipFileInputStream.read(ZipFile.java:734)
	at java.util.zip.ZipFile$ZipFileInflaterInputStream.fill(ZipFile.java:434)
	at java.util.zip.InflaterInputStream.read(InflaterInputStream.java:158)
	at java.io.FilterInputStream.read(FilterInputStream.java:133)
	at java.io.FilterInputStream.read(FilterInputStream.java:107)
	at eu.stamp_project.utils.DSpotUtils.lambda$copyPackageFromResources$1(DSpotUtils.java:194)
	... 42 more
[ERROR] 
[ERROR] 
[ERROR] For more information about the errors and possible solutions, please read the following articles:
[ERROR] [Help 1] http://cwiki.apache.org/confluence/display/MAVEN/PluginExecutionException
