[INFO] Scanning for projects...
[INFO]                                                                         
[INFO] ------------------------------------------------------------------------
[INFO] Building compiler 0.9.6-SNAPSHOT
[INFO] ------------------------------------------------------------------------
[INFO] 
[INFO] --- dspot-maven:2.0.1-SNAPSHOT:amplify-unit-tests (default-cli) @ compiler ---
[INFO] Path to runner Classes: /home/bedanglot/.m2/repository/eu/stamp-project/test-runner/2.0.7/test-runner-2.0.7-jar-with-dependencies.jar
[INFO] /home/bedanglot/.m2/repository/org/jacoco/org.jacoco.core/0.7.9/org.jacoco.core-0.7.9.jar
[INFO] /home/bedanglot/.m2/repository/org/ow2/asm/asm-debug-all/5.2/asm-debug-all-5.2.jar
[INFO] /home/bedanglot/.m2/repository/eu/stamp-project/test-runner/2.0.7/test-runner-2.0.7-jar-with-dependencies.jar
[WARNING] : unknown automatic builder specified in configuration, going to default.
[INFO] Default: provided Maven automatic builder.
[INFO] Using /tmp/dspot-experiments/dataset/april-2019/mustache.java_parent/compiler/pom.xml to run maven.
[INFO] Using /usr/share/maven/ for maven home
[INFO] run maven: /usr/share/maven//bin/mvn clean test -DskipTests dependency:build-classpath -Dmdep.outputFile=target/dspot/classpath
[WARN] Maven will be executed in interactive mode, but no input stream has been configured for this MavenInvoker instance.
[INFO] Scanning for projects...
[INFO]                                                                         
[INFO] ------------------------------------------------------------------------
[INFO] Building compiler 0.9.6-SNAPSHOT
[INFO] ------------------------------------------------------------------------
[INFO] 
[INFO] --- maven-clean-plugin:2.5:clean (default-clean) @ compiler ---
[INFO] Deleting /tmp/dspot-experiments/dataset/april-2019/mustache.java_parent/compiler/target
[INFO] 
[INFO] --- maven-resources-plugin:2.6:resources (default-resources) @ compiler ---
[INFO] Using 'UTF-8' encoding to copy filtered resources.
[INFO] skip non existing resourceDirectory /tmp/dspot-experiments/dataset/april-2019/mustache.java_parent/compiler/src/main/resources
[INFO] 
[INFO] --- maven-compiler-plugin:3.5.1:compile (default-compile) @ compiler ---
[INFO] Changes detected - recompiling the module!
[INFO] Compiling 60 source files to /tmp/dspot-experiments/dataset/april-2019/mustache.java_parent/compiler/target/classes
[INFO] 
[INFO] --- maven-resources-plugin:2.6:testResources (default-testResources) @ compiler ---
[INFO] Using 'UTF-8' encoding to copy filtered resources.
[INFO] Copying 112 resources
[INFO] 
[INFO] --- maven-compiler-plugin:3.5.1:testCompile (default-testCompile) @ compiler ---
[INFO] Changes detected - recompiling the module!
[INFO] Compiling 43 source files to /tmp/dspot-experiments/dataset/april-2019/mustache.java_parent/compiler/target/test-classes
[INFO] /tmp/dspot-experiments/dataset/april-2019/mustache.java_parent/compiler/src/test/java/com/github/mustachejava/FallbackTest.java: Some input files use or override a deprecated API.
[INFO] /tmp/dspot-experiments/dataset/april-2019/mustache.java_parent/compiler/src/test/java/com/github/mustachejava/FallbackTest.java: Recompile with -Xlint:deprecation for details.
[INFO] /tmp/dspot-experiments/dataset/april-2019/mustache.java_parent/compiler/src/test/java/com/github/mustachejava/FallbackTest.java: Some input files use unchecked or unsafe operations.
[INFO] /tmp/dspot-experiments/dataset/april-2019/mustache.java_parent/compiler/src/test/java/com/github/mustachejava/FallbackTest.java: Recompile with -Xlint:unchecked for details.
[INFO] 
[INFO] --- maven-surefire-plugin:2.19.1:test (default-test) @ compiler ---
[INFO] Tests are skipped.
[INFO] 
[INFO] --- maven-dependency-plugin:2.8:build-classpath (default-cli) @ compiler ---
[INFO] Wrote classpath file '/tmp/dspot-experiments/dataset/april-2019/mustache.java_parent/compiler/target/dspot/classpath'.
[INFO] ------------------------------------------------------------------------
[INFO] BUILD SUCCESS
[INFO] ------------------------------------------------------------------------
[INFO] Total time: 3.181 s
[INFO] Finished at: 2019-05-07T17:52:59+02:00
[INFO] Final Memory: 29M/1963M
[INFO] ------------------------------------------------------------------------
[WARNING] Could not find any test class that match the given regular expression.
Your input:
	com.github.mustachejava.simple.SimpleSpecTest
[WARNING] Could not find any test class that match the given regular expression.
Your input:
	com.github.mustachejavabenchmarks.simple.SimpleJsonInterpreterTest
[INFO] Amplification of com.github.mustachejava.InterpreterTest (15 test(s))
[INFO] Assertion amplification of com.github.mustachejava.InterpreterTest (15 test(s))
[INFO] Cache 'frameworkCache' created in EhcacheManager.
[WARNING] You gave an empty filter. To use PIT, it is recommend to specify a filter, at least, the top package of your program, otherwise, PIT may take a long time or could not be run.
[INFO] A new filter has been computed on the fly: com.github.mustachejava.*
[INFO] Using /tmp/dspot-experiments/dataset/april-2019/mustache.java/compiler/pom.xml to run maven.
[INFO] Using /usr/share/maven/ for maven home
[INFO] run maven: /usr/share/maven//bin/mvn clean test -DskipTests
[WARN] Maven will be executed in interactive mode, but no input stream has been configured for this MavenInvoker instance.
[INFO] Scanning for projects...
[INFO]                                                                         
[INFO] ------------------------------------------------------------------------
[INFO] Building compiler 0.9.6-SNAPSHOT
[INFO] ------------------------------------------------------------------------
[INFO] 
[INFO] --- maven-clean-plugin:2.5:clean (default-clean) @ compiler ---
[INFO] Deleting /tmp/dspot-experiments/dataset/april-2019/mustache.java/compiler/target
[INFO] 
[INFO] --- maven-resources-plugin:2.6:resources (default-resources) @ compiler ---
[INFO] Using 'UTF-8' encoding to copy filtered resources.
[INFO] skip non existing resourceDirectory /tmp/dspot-experiments/dataset/april-2019/mustache.java/compiler/src/main/resources
[INFO] 
[INFO] --- maven-compiler-plugin:3.5.1:compile (default-compile) @ compiler ---
[INFO] Changes detected - recompiling the module!
[INFO] Compiling 60 source files to /tmp/dspot-experiments/dataset/april-2019/mustache.java/compiler/target/classes
[INFO] 
[INFO] --- maven-resources-plugin:2.6:testResources (default-testResources) @ compiler ---
[INFO] Using 'UTF-8' encoding to copy filtered resources.
[INFO] Copying 116 resources
[INFO] 
[INFO] --- maven-compiler-plugin:3.5.1:testCompile (default-testCompile) @ compiler ---
[INFO] Changes detected - recompiling the module!
[INFO] Compiling 43 source files to /tmp/dspot-experiments/dataset/april-2019/mustache.java/compiler/target/test-classes
[INFO] /tmp/dspot-experiments/dataset/april-2019/mustache.java/compiler/src/test/java/com/github/mustachejava/ConcurrencyTest.java: Some input files use or override a deprecated API.
[INFO] /tmp/dspot-experiments/dataset/april-2019/mustache.java/compiler/src/test/java/com/github/mustachejava/ConcurrencyTest.java: Recompile with -Xlint:deprecation for details.
[INFO] /tmp/dspot-experiments/dataset/april-2019/mustache.java/compiler/src/test/java/com/github/mustachejava/functions/CommentTest.java: Some input files use unchecked or unsafe operations.
[INFO] /tmp/dspot-experiments/dataset/april-2019/mustache.java/compiler/src/test/java/com/github/mustachejava/functions/CommentTest.java: Recompile with -Xlint:unchecked for details.
[INFO] 
[INFO] --- maven-surefire-plugin:2.19.1:test (default-test) @ compiler ---
[INFO] Tests are skipped.
[INFO] ------------------------------------------------------------------------
[INFO] BUILD SUCCESS
[INFO] ------------------------------------------------------------------------
[INFO] Total time: 2.685 s
[INFO] Finished at: 2019-05-07T17:53:06+02:00
[INFO] Final Memory: 24M/1963M
[INFO] ------------------------------------------------------------------------
[INFO] Compiling with -proceedOnError -encoding UTF-8 -cp /tmp/dspot-experiments/dataset/april-2019/mustache.java_parent/compiler/target/dspot/tmp_test_sources:/home/bedanglot/.m2/repository/junit/junit/4.11/junit-4.11.jar:/home/bedanglot/.m2/repository/org/hamcrest/hamcrest-core/1.3/hamcrest-core-1.3.jar:/home/bedanglot/.m2/repository/com/fasterxml/jackson/core/jackson-databind/2.7.4/jackson-databind-2.7.4.jar:/home/bedanglot/.m2/repository/com/fasterxml/jackson/core/jackson-annotations/2.7.0/jackson-annotations-2.7.0.jar:/home/bedanglot/.m2/repository/com/fasterxml/jackson/core/jackson-core/2.7.4/jackson-core-2.7.4.jar:/home/bedanglot/.m2/repository/com/fasterxml/jackson/dataformat/jackson-dataformat-yaml/2.7.4/jackson-dataformat-yaml-2.7.4.jar:/home/bedanglot/.m2/repository/org/yaml/snakeyaml/1.15/snakeyaml-1.15.jar:/home/bedanglot/.m2/repository/com/google/guava/guava/20.0/guava-20.0.jar:/tmp/dspot-experiments/dataset/april-2019/mustache.java_parent/compiler/target/classes/:/tmp/dspot-experiments/dataset/april-2019/mustache.java_parent/compiler/target/test-classes/:/tmp/dspot-experiments/dataset/april-2019/mustache.java_parent/compiler/target/dspot/dependencies/: -d /tmp/dspot-experiments/dataset/april-2019/mustache.java_parent/compiler/target/test-classes -1.8 -preserveAllLocals -noExit -enableJavadoc -proc:none /tmp/dspot-experiments/dataset/april-2019/mustache.java_parent/compiler/target/dspot/tmp_test_sources/com/github/mustachejava/InterpreterTest.java
[INFO] Run: java -classpath /tmp/dspot-experiments/dataset/april-2019/mustache.java_parent/compiler/target/classes/:/tmp/dspot-experiments/dataset/april-2019/mustache.java_parent/compiler/target/test-classes:/home/bedanglot/.m2/repository/junit/junit/4.11/junit-4.11.jar:/home/bedanglot/.m2/repository/org/hamcrest/hamcrest-core/1.3/hamcrest-core-1.3.jar:/home/bedanglot/.m2/repository/com/fasterxml/jackson/core/jackson-databind/2.7.4/jackson-databind-2.7.4.jar:/home/bedanglot/.m2/repository/com/fasterxml/jackson/core/jackson-annotations/2.7.0/jackson-annotations-2.7.0.jar:/home/bedanglot/.m2/repository/com/fasterxml/jackson/core/jackson-core/2.7.4/jackson-core-2.7.4.jar:/home/bedanglot/.m2/repository/com/fasterxml/jackson/dataformat/jackson-dataformat-yaml/2.7.4/jackson-dataformat-yaml-2.7.4.jar:/home/bedanglot/.m2/repository/org/yaml/snakeyaml/1.15/snakeyaml-1.15.jar:/home/bedanglot/.m2/repository/com/google/guava/guava/20.0/guava-20.0.jar:/tmp/dspot-experiments/dataset/april-2019/mustache.java_parent/compiler/target/dspot/dependencies/:/home/bedanglot/.m2/repository/eu/stamp-project/test-runner/2.0.7/test-runner-2.0.7-jar-with-dependencies.jar eu.stamp_project.testrunner.runner.JUnit4Runner --class com.github.mustachejava.InterpreterTest --tests testDeferred:testChainedInheritance:testPathsWithExtension:testPartialWithTF:testRelativePathsSameDir:testLimitedDepthRecursion:testRelativePathsTemplateFunction:testSimpleFiltered:testRecursionWithInheritance:testRelativePathsDotDotDir:testPartialRecursionWithInheritance:testIssue191:testRecurision:testRelativePathFail:testRelativePathsRootDir 
Parsing --class com.github.mustachejava.InterpreterTest --tests testDeferred:testChainedInheritance:testPathsWithExtension:testPartialWithTF:testRelativePathsSameDir:testLimitedDepthRecursion:testRelativePathsTemplateFunction:testSimpleFiltered:testRecursionWithInheritance:testRelativePathsDotDotDir:testPartialRecursionWithInheritance:testIssue191:testRecurision:testRelativePathFail:testRelativePathsRootDir
File saved to the following path: /tmp/dspot-experiments/dataset/april-2019/mustache.java_parent/compiler/target/dspot/TestResult.ser
Loading /tmp/dspot-experiments/dataset/april-2019/mustache.java_parent/compiler/target/dspot/TestResult.ser
[INFO] Test has been run: testPathsWithExtension,testRecursionWithInheritance,testRelativePathsDotDotDir,testChainedInheritance,testPartialWithTF,testSimpleFiltered,testRelativePathsRootDir,testRelativePathsSameDir,testLimitedDepthRecursion,testRecurision,testRelativePathsTemplateFunction,testRelativePathFail,testDeferred,testIssue191,testPartialRecursionWithInheritance
[INFO] Run tests. (15)
[INFO] Compiling with -proceedOnError -encoding UTF-8 -cp /tmp/dspot-experiments/dataset/april-2019/mustache.java_parent/compiler/target/dspot/tmp_test_sources:/home/bedanglot/.m2/repository/junit/junit/4.11/junit-4.11.jar:/home/bedanglot/.m2/repository/org/hamcrest/hamcrest-core/1.3/hamcrest-core-1.3.jar:/home/bedanglot/.m2/repository/com/fasterxml/jackson/core/jackson-databind/2.7.4/jackson-databind-2.7.4.jar:/home/bedanglot/.m2/repository/com/fasterxml/jackson/core/jackson-annotations/2.7.0/jackson-annotations-2.7.0.jar:/home/bedanglot/.m2/repository/com/fasterxml/jackson/core/jackson-core/2.7.4/jackson-core-2.7.4.jar:/home/bedanglot/.m2/repository/com/fasterxml/jackson/dataformat/jackson-dataformat-yaml/2.7.4/jackson-dataformat-yaml-2.7.4.jar:/home/bedanglot/.m2/repository/org/yaml/snakeyaml/1.15/snakeyaml-1.15.jar:/home/bedanglot/.m2/repository/com/google/guava/guava/20.0/guava-20.0.jar:/tmp/dspot-experiments/dataset/april-2019/mustache.java_parent/compiler/target/classes/:/tmp/dspot-experiments/dataset/april-2019/mustache.java_parent/compiler/target/test-classes/:/tmp/dspot-experiments/dataset/april-2019/mustache.java_parent/compiler/target/dspot/dependencies/: -d /tmp/dspot-experiments/dataset/april-2019/mustache.java_parent/compiler/target/test-classes -1.8 -preserveAllLocals -noExit -enableJavadoc -proc:none /tmp/dspot-experiments/dataset/april-2019/mustache.java_parent/compiler/target/dspot/tmp_test_sources/com/github/mustachejava/InterpreterTest.java
[INFO] Run: java -classpath /tmp/dspot-experiments/dataset/april-2019/mustache.java_parent/compiler/target/classes/:/tmp/dspot-experiments/dataset/april-2019/mustache.java_parent/compiler/target/test-classes:/home/bedanglot/.m2/repository/junit/junit/4.11/junit-4.11.jar:/home/bedanglot/.m2/repository/org/hamcrest/hamcrest-core/1.3/hamcrest-core-1.3.jar:/home/bedanglot/.m2/repository/com/fasterxml/jackson/core/jackson-databind/2.7.4/jackson-databind-2.7.4.jar:/home/bedanglot/.m2/repository/com/fasterxml/jackson/core/jackson-annotations/2.7.0/jackson-annotations-2.7.0.jar:/home/bedanglot/.m2/repository/com/fasterxml/jackson/core/jackson-core/2.7.4/jackson-core-2.7.4.jar:/home/bedanglot/.m2/repository/com/fasterxml/jackson/dataformat/jackson-dataformat-yaml/2.7.4/jackson-dataformat-yaml-2.7.4.jar:/home/bedanglot/.m2/repository/org/yaml/snakeyaml/1.15/snakeyaml-1.15.jar:/home/bedanglot/.m2/repository/com/google/guava/guava/20.0/guava-20.0.jar:/tmp/dspot-experiments/dataset/april-2019/mustache.java_parent/compiler/target/dspot/dependencies/:/home/bedanglot/.m2/repository/eu/stamp-project/test-runner/2.0.7/test-runner-2.0.7-jar-with-dependencies.jar eu.stamp_project.testrunner.runner.JUnit4Runner --class com.github.mustachejava.InterpreterTest --tests testDeferred:testChainedInheritance:testPathsWithExtension:testPartialWithTF:testRelativePathsSameDir:testLimitedDepthRecursion:testRelativePathsTemplateFunction:testSimpleFiltered:testRecursionWithInheritance:testRelativePathsDotDotDir:testPartialRecursionWithInheritance:testIssue191:testRecurision:testRelativePathFail:testRelativePathsRootDir 
Parsing --class com.github.mustachejava.InterpreterTest --tests testDeferred:testChainedInheritance:testPathsWithExtension:testPartialWithTF:testRelativePathsSameDir:testLimitedDepthRecursion:testRelativePathsTemplateFunction:testSimpleFiltered:testRecursionWithInheritance:testRelativePathsDotDotDir:testPartialRecursionWithInheritance:testIssue191:testRecurision:testRelativePathFail:testRelativePathsRootDir
File saved to the following path: /tmp/dspot-experiments/dataset/april-2019/mustache.java_parent/compiler/target/dspot/TestResult.ser
Loading /tmp/dspot-experiments/dataset/april-2019/mustache.java_parent/compiler/target/dspot/TestResult.ser
[INFO] Test has been run: testPathsWithExtension,testRecursionWithInheritance,testRelativePathsDotDotDir,testChainedInheritance,testPartialWithTF,testSimpleFiltered,testRelativePathsRootDir,testRelativePathsSameDir,testRecurision,testRelativePathsTemplateFunction,testDeferred,testIssue191,testPartialRecursionWithInheritance,testLimitedDepthRecursion(com.github.mustachejava.InterpreterTest): Maximum partial recursion limit reached: 100 @[infiniteparent.html:1],testRelativePathFail(com.github.mustachejava.InterpreterTest): Template relative/relative/include.html not found
[INFO] 13 test pass, generating assertion...
[INFO] Add observations points in passing tests.
[INFO] Instrumentation...
  7% |=== ]/ 15% |======= ]- 23% |=========== ]\ 30% |=============== ]| 38% |=================== ]/ 46% |======================= ]- 53% |========================== ]\ 61% |============================== ]| 69% |================================== ]/ 76% |====================================== ]- 84% |========================================== ]\ 92% |============================================== ]|100% |================================================== ]/
[INFO] Run instrumented tests. (39)
[INFO] Compiling with -proceedOnError -encoding UTF-8 -cp /tmp/dspot-experiments/dataset/april-2019/mustache.java_parent/compiler/target/dspot/tmp_test_sources:/home/bedanglot/.m2/repository/junit/junit/4.11/junit-4.11.jar:/home/bedanglot/.m2/repository/org/hamcrest/hamcrest-core/1.3/hamcrest-core-1.3.jar:/home/bedanglot/.m2/repository/com/fasterxml/jackson/core/jackson-databind/2.7.4/jackson-databind-2.7.4.jar:/home/bedanglot/.m2/repository/com/fasterxml/jackson/core/jackson-annotations/2.7.0/jackson-annotations-2.7.0.jar:/home/bedanglot/.m2/repository/com/fasterxml/jackson/core/jackson-core/2.7.4/jackson-core-2.7.4.jar:/home/bedanglot/.m2/repository/com/fasterxml/jackson/dataformat/jackson-dataformat-yaml/2.7.4/jackson-dataformat-yaml-2.7.4.jar:/home/bedanglot/.m2/repository/org/yaml/snakeyaml/1.15/snakeyaml-1.15.jar:/home/bedanglot/.m2/repository/com/google/guava/guava/20.0/guava-20.0.jar:/tmp/dspot-experiments/dataset/april-2019/mustache.java_parent/compiler/target/classes/:/tmp/dspot-experiments/dataset/april-2019/mustache.java_parent/compiler/target/test-classes/:/tmp/dspot-experiments/dataset/april-2019/mustache.java_parent/compiler/target/dspot/dependencies/: -d /tmp/dspot-experiments/dataset/april-2019/mustache.java_parent/compiler/target/test-classes -1.8 -preserveAllLocals -noExit -enableJavadoc -proc:none /tmp/dspot-experiments/dataset/april-2019/mustache.java_parent/compiler/target/dspot/tmp_test_sources/com/github/mustachejava/InterpreterTest.java
[INFO] Run: java -classpath /tmp/dspot-experiments/dataset/april-2019/mustache.java_parent/compiler/target/classes/:/tmp/dspot-experiments/dataset/april-2019/mustache.java_parent/compiler/target/test-classes:/home/bedanglot/.m2/repository/junit/junit/4.11/junit-4.11.jar:/home/bedanglot/.m2/repository/org/hamcrest/hamcrest-core/1.3/hamcrest-core-1.3.jar:/home/bedanglot/.m2/repository/com/fasterxml/jackson/core/jackson-databind/2.7.4/jackson-databind-2.7.4.jar:/home/bedanglot/.m2/repository/com/fasterxml/jackson/core/jackson-annotations/2.7.0/jackson-annotations-2.7.0.jar:/home/bedanglot/.m2/repository/com/fasterxml/jackson/core/jackson-core/2.7.4/jackson-core-2.7.4.jar:/home/bedanglot/.m2/repository/com/fasterxml/jackson/dataformat/jackson-dataformat-yaml/2.7.4/jackson-dataformat-yaml-2.7.4.jar:/home/bedanglot/.m2/repository/org/yaml/snakeyaml/1.15/snakeyaml-1.15.jar:/home/bedanglot/.m2/repository/com/google/guava/guava/20.0/guava-20.0.jar:/tmp/dspot-experiments/dataset/april-2019/mustache.java_parent/compiler/target/dspot/dependencies/:/home/bedanglot/.m2/repository/eu/stamp-project/test-runner/2.0.7/test-runner-2.0.7-jar-with-dependencies.jar eu.stamp_project.testrunner.runner.JUnit4Runner --class com.github.mustachejava.InterpreterTest --tests testDeferred_withlog0:testChainedInheritance_withlog0:testPathsWithExtension_withlog0:testPartialWithTF_withlog0:testRelativePathsSameDir_withlog0:testRelativePathsTemplateFunction_withlog0:testSimpleFiltered_withlog0:testRecursionWithInheritance_withlog0:testRelativePathsDotDotDir_withlog0:testPartialRecursionWithInheritance_withlog0:testIssue191_withlog0:testRecurision_withlog0:testRelativePathsRootDir_withlog0:testDeferred_withlog1:testChainedInheritance_withlog1:testPathsWithExtension_withlog1:testPartialWithTF_withlog1:testRelativePathsSameDir_withlog1:testRelativePathsTemplateFunction_withlog1:testSimpleFiltered_withlog1:testRecursionWithInheritance_withlog1:testRelativePathsDotDotDir_withlog1:testPartialRecursionWithInheritance_withlog1:testIssue191_withlog1:testRecurision_withlog1:testRelativePathsRootDir_withlog1:testDeferred_withlog2:testChainedInheritance_withlog2:testPathsWithExtension_withlog2:testPartialWithTF_withlog2:testRelativePathsSameDir_withlog2:testRelativePathsTemplateFunction_withlog2:testSimpleFiltered_withlog2:testRecursionWithInheritance_withlog2:testRelativePathsDotDotDir_withlog2:testPartialRecursionWithInheritance_withlog2:testIssue191_withlog2:testRecurision_withlog2:testRelativePathsRootDir_withlog2 
Parsing --class com.github.mustachejava.InterpreterTest --tests testDeferred_withlog0:testChainedInheritance_withlog0:testPathsWithExtension_withlog0:testPartialWithTF_withlog0:testRelativePathsSameDir_withlog0:testRelativePathsTemplateFunction_withlog0:testSimpleFiltered_withlog0:testRecursionWithInheritance_withlog0:testRelativePathsDotDotDir_withlog0:testPartialRecursionWithInheritance_withlog0:testIssue191_withlog0:testRecurision_withlog0:testRelativePathsRootDir_withlog0:testDeferred_withlog1:testChainedInheritance_withlog1:testPathsWithExtension_withlog1:testPartialWithTF_withlog1:testRelativePathsSameDir_withlog1:testRelativePathsTemplateFunction_withlog1:testSimpleFiltered_withlog1:testRecursionWithInheritance_withlog1:testRelativePathsDotDotDir_withlog1:testPartialRecursionWithInheritance_withlog1:testIssue191_withlog1:testRecurision_withlog1:testRelativePathsRootDir_withlog1:testDeferred_withlog2:testChainedInheritance_withlog2:testPathsWithExtension_withlog2:testPartialWithTF_withlog2:testRelativePathsSameDir_withlog2:testRelativePathsTemplateFunction_withlog2:testSimpleFiltered_withlog2:testRecursionWithInheritance_withlog2:testRelativePathsDotDotDir_withlog2:testPartialRecursionWithInheritance_withlog2:testIssue191_withlog2:testRecurision_withlog2:testRelativePathsRootDir_withlog2
<h2>First Name : firstName</h2> <h2>Last Name : lastName</h2><h2>First Name : firstName 1</h2> <h2>Last Name : lastName 1</h2>File saved to the following path: /tmp/dspot-experiments/dataset/april-2019/mustache.java_parent/compiler/target/dspot/observations.ser
File saved to the following path: /tmp/dspot-experiments/dataset/april-2019/mustache.java_parent/compiler/target/dspot/TestResult.ser
Loading /tmp/dspot-experiments/dataset/april-2019/mustache.java_parent/compiler/target/dspot/TestResult.ser
[INFO] Test has been run: testSimpleI18N,testClosingReader,testObjectArray,testComplexParallel,testNotIterableCallable,testReadmeSerial,testPathsWithExtension,testDynamicPartial,testRecursionWithInheritance,testMultipleWrappers,testProperties,testImplicitIteratorNoScope,testLeavingAloneMissingVariables,testRelativePathsDotDotDir,testOverrideValueCode,testMap,testBrokenSimple,testOverrideExtension,testIdentitySimple,testChainedInheritance_withlog0,testChainedInheritance_withlog1,testChainedInheritance_withlog2,testRelativePathsDotDotDirOverride,testBaseArray,testMultipleCallsWithDifferentScopes,testIssue191_withlog0,testIssue191_withlog1,testIssue191_withlog2,testTemplateFunctionWithData,testNumber0IsFalse,testChainedInheritance,testCR,testPartialWithTF,testImplicitIteratorWithScope,testSimpleFiltered,testRelativePathsRootDir,testPrivate,testSimpleFiltered_withlog0,testSimpleFiltered_withlog1,testSimpleFiltered_withlog2,testSerialCallable,testPragmaWhiteSpaceHandling,testTypedSimple,testImproperlyClosedVariable,testMismatch,testSimplePragma,testRelativePathsSameDir,testEmptyMustache,testRootCheck,testOutputDelimiters,testNestedLatches,testMustacheNotFoundException,testIsNotEmpty,testRelativePathsDotDotDir_withlog0,testRelativePathsDotDotDir_withlog1,testRelativePathsDotDotDir_withlog2,testRelativePathsRootDir_withlog0,testRelativePathsRootDir_withlog1,testRelativePathsRootDir_withlog2,testInvalidDelimiters,testEmptyString,testFunctions,testImmutableList,testTemplateFunction,testRecursionWithInheritance_withlog0,testRecursionWithInheritance_withlog1,testRecursionWithInheritance_withlog2,testComment,testComplex,testMultipleCallsWithDifferentMapScopes,testOptional,testPropertyWithDot,testPartialWithTF_withlog0,testPartialWithTF_withlog1,testPartialWithTF_withlog2,testRelativePathsTemplateFunction_withlog0,testRelativePathsTemplateFunction_withlog1,testRelativePathsTemplateFunction_withlog2,testAccessTracker,testPathsWithExtension_withlog0,testPathsWithExtension_withlog1,testPathsWithExtension_withlog2,testConcurrency,testRelativePathsSameDir_withlog0,testRelativePathsSameDir_withlog1,testRelativePathsSameDir_withlog2,testRecurision,testSimpleWithMap,testReadmeParallel,testRelativePathsTemplateFunction,testNestedLatchesIterable,testRecurision_withlog0,testRecurision_withlog1,testRecurision_withlog2,testDeferred,testIssue191,testPartialRecursionWithInheritance_withlog0,testPartialRecursionWithInheritance_withlog1,testPartialRecursionWithInheritance_withlog2,testNestedAccessWithSimpleObjectHandler,testPartialRecursionWithInheritance,testPragma,testSecurity,testReadme,testSimple,testMalformedTag,testTemplateFunctionWithImplicitParams,testSuperField,testSingleCurly,testIterator,testDeferred_withlog0,testDeferred_withlog1,testDeferred_withlog2,testLimitedDepthRecursion(com.github.mustachejava.InterpreterTest): Maximum partial recursion limit reached: 100 @[infiniteparent.html:1],testRelativePathFail(com.github.mustachejava.InterpreterTest): Template relative/relative/include.html not found
[WARNING] Some instrumented test failed!
[INFO] Generating assertions...
[INFO] 2 test fail, generating try/catch/fail blocks...
[INFO] 15 new tests with assertions generated
[INFO] Compiling with -proceedOnError -encoding UTF-8 -cp /tmp/dspot-experiments/dataset/april-2019/mustache.java_parent/compiler/target/dspot/tmp_test_sources:/home/bedanglot/.m2/repository/junit/junit/4.11/junit-4.11.jar:/home/bedanglot/.m2/repository/org/hamcrest/hamcrest-core/1.3/hamcrest-core-1.3.jar:/home/bedanglot/.m2/repository/com/fasterxml/jackson/core/jackson-databind/2.7.4/jackson-databind-2.7.4.jar:/home/bedanglot/.m2/repository/com/fasterxml/jackson/core/jackson-annotations/2.7.0/jackson-annotations-2.7.0.jar:/home/bedanglot/.m2/repository/com/fasterxml/jackson/core/jackson-core/2.7.4/jackson-core-2.7.4.jar:/home/bedanglot/.m2/repository/com/fasterxml/jackson/dataformat/jackson-dataformat-yaml/2.7.4/jackson-dataformat-yaml-2.7.4.jar:/home/bedanglot/.m2/repository/org/yaml/snakeyaml/1.15/snakeyaml-1.15.jar:/home/bedanglot/.m2/repository/com/google/guava/guava/20.0/guava-20.0.jar:/tmp/dspot-experiments/dataset/april-2019/mustache.java_parent/compiler/target/classes/:/tmp/dspot-experiments/dataset/april-2019/mustache.java_parent/compiler/target/test-classes/:/tmp/dspot-experiments/dataset/april-2019/mustache.java_parent/compiler/target/dspot/dependencies/: -d /tmp/dspot-experiments/dataset/april-2019/mustache.java_parent/compiler/target/test-classes -1.8 -preserveAllLocals -noExit -enableJavadoc -proc:none /tmp/dspot-experiments/dataset/april-2019/mustache.java_parent/compiler/target/dspot/tmp_test_sources/com/github/mustachejava/InterpreterTest.java
[ERROR] Error(s) during compilation:
[ERROR] Pb(156) Cannot cast from MustacheFactory to int
[ERROR] Pb(156) Cannot cast from MustacheFactory to int
[INFO] Compiling with -proceedOnError -encoding UTF-8 -cp /tmp/dspot-experiments/dataset/april-2019/mustache.java_parent/compiler/target/dspot/tmp_test_sources:/home/bedanglot/.m2/repository/junit/junit/4.11/junit-4.11.jar:/home/bedanglot/.m2/repository/org/hamcrest/hamcrest-core/1.3/hamcrest-core-1.3.jar:/home/bedanglot/.m2/repository/com/fasterxml/jackson/core/jackson-databind/2.7.4/jackson-databind-2.7.4.jar:/home/bedanglot/.m2/repository/com/fasterxml/jackson/core/jackson-annotations/2.7.0/jackson-annotations-2.7.0.jar:/home/bedanglot/.m2/repository/com/fasterxml/jackson/core/jackson-core/2.7.4/jackson-core-2.7.4.jar:/home/bedanglot/.m2/repository/com/fasterxml/jackson/dataformat/jackson-dataformat-yaml/2.7.4/jackson-dataformat-yaml-2.7.4.jar:/home/bedanglot/.m2/repository/org/yaml/snakeyaml/1.15/snakeyaml-1.15.jar:/home/bedanglot/.m2/repository/com/google/guava/guava/20.0/guava-20.0.jar:/tmp/dspot-experiments/dataset/april-2019/mustache.java_parent/compiler/target/classes/:/tmp/dspot-experiments/dataset/april-2019/mustache.java_parent/compiler/target/test-classes/:/tmp/dspot-experiments/dataset/april-2019/mustache.java_parent/compiler/target/dspot/dependencies/: -d /tmp/dspot-experiments/dataset/april-2019/mustache.java_parent/compiler/target/test-classes -1.8 -preserveAllLocals -noExit -enableJavadoc -proc:none /tmp/dspot-experiments/dataset/april-2019/mustache.java_parent/compiler/target/dspot/tmp_test_sources/com/github/mustachejava/InterpreterTest.java
[INFO] Run: java -classpath /tmp/dspot-experiments/dataset/april-2019/mustache.java_parent/compiler/target/classes/:/tmp/dspot-experiments/dataset/april-2019/mustache.java_parent/compiler/target/test-classes:/home/bedanglot/.m2/repository/junit/junit/4.11/junit-4.11.jar:/home/bedanglot/.m2/repository/org/hamcrest/hamcrest-core/1.3/hamcrest-core-1.3.jar:/home/bedanglot/.m2/repository/com/fasterxml/jackson/core/jackson-databind/2.7.4/jackson-databind-2.7.4.jar:/home/bedanglot/.m2/repository/com/fasterxml/jackson/core/jackson-annotations/2.7.0/jackson-annotations-2.7.0.jar:/home/bedanglot/.m2/repository/com/fasterxml/jackson/core/jackson-core/2.7.4/jackson-core-2.7.4.jar:/home/bedanglot/.m2/repository/com/fasterxml/jackson/dataformat/jackson-dataformat-yaml/2.7.4/jackson-dataformat-yaml-2.7.4.jar:/home/bedanglot/.m2/repository/org/yaml/snakeyaml/1.15/snakeyaml-1.15.jar:/home/bedanglot/.m2/repository/com/google/guava/guava/20.0/guava-20.0.jar:/tmp/dspot-experiments/dataset/april-2019/mustache.java_parent/compiler/target/dspot/dependencies/:/home/bedanglot/.m2/repository/eu/stamp-project/test-runner/2.0.7/test-runner-2.0.7-jar-with-dependencies.jar eu.stamp_project.testrunner.runner.JUnit4Runner --class com.github.mustachejava.InterpreterTest --tests testDeferred:testChainedInheritance:testPathsWithExtension:testPartialWithTF:testRelativePathsSameDir:testRelativePathsTemplateFunction:testRecursionWithInheritance:testRelativePathsDotDotDir:testPartialRecursionWithInheritance:testIssue191:testRecurision:testRelativePathsRootDir:testLimitedDepthRecursion_failAssert0:testRelativePathFail_failAssert0 
Parsing --class com.github.mustachejava.InterpreterTest --tests testDeferred:testChainedInheritance:testPathsWithExtension:testPartialWithTF:testRelativePathsSameDir:testRelativePathsTemplateFunction:testRecursionWithInheritance:testRelativePathsDotDotDir:testPartialRecursionWithInheritance:testIssue191:testRecurision:testRelativePathsRootDir:testLimitedDepthRecursion_failAssert0:testRelativePathFail_failAssert0
File saved to the following path: /tmp/dspot-experiments/dataset/april-2019/mustache.java_parent/compiler/target/dspot/TestResult.ser
Loading /tmp/dspot-experiments/dataset/april-2019/mustache.java_parent/compiler/target/dspot/TestResult.ser
[INFO] Test has been run: testPathsWithExtension,testRecursionWithInheritance,testRelativePathsDotDotDir,testChainedInheritance,testPartialWithTF,testRelativePathsRootDir,testRelativePathsSameDir,testRelativePathFail_failAssert0,testRecurision,testRelativePathsTemplateFunction,testLimitedDepthRecursion_failAssert0,testDeferred,testIssue191,testPartialRecursionWithInheritance
[INFO] Assertion amplification: 14 test method(s) has been successfully amplified.
[WARN] 2019-05-07 17:57:18 Launcher - You specified the directory /tmp/dspot-experiments/dataset/april-2019/mustache.java/compiler/target/classes in source classpath, please note that only class files will be considered. Jars and subdirectories will be ignored.
[WARN] 2019-05-07 17:57:18 Launcher - You specified the directory /tmp/dspot-experiments/dataset/april-2019/mustache.java/compiler/target/test-classes in source classpath, please note that only class files will be considered. Jars and subdirectories will be ignored.
[WARN] 2019-05-07 17:57:18 Launcher - You specified the directory /tmp/dspot-experiments/dataset/april-2019/mustache.java/compiler/target/dspot/dependencies in source classpath, please note that only class files will be considered. Jars and subdirectories will be ignored.
[INFO] Run: java -classpath /tmp/dspot-experiments/dataset/april-2019/mustache.java/compiler/target/classes/:/tmp/dspot-experiments/dataset/april-2019/mustache.java/compiler/target/test-classes/:/home/bedanglot/.m2/repository/junit/junit/4.11/junit-4.11.jar:/home/bedanglot/.m2/repository/org/hamcrest/hamcrest-core/1.3/hamcrest-core-1.3.jar:/home/bedanglot/.m2/repository/com/fasterxml/jackson/core/jackson-databind/2.7.4/jackson-databind-2.7.4.jar:/home/bedanglot/.m2/repository/com/fasterxml/jackson/core/jackson-annotations/2.7.0/jackson-annotations-2.7.0.jar:/home/bedanglot/.m2/repository/com/fasterxml/jackson/core/jackson-core/2.7.4/jackson-core-2.7.4.jar:/home/bedanglot/.m2/repository/com/fasterxml/jackson/dataformat/jackson-dataformat-yaml/2.7.4/jackson-dataformat-yaml-2.7.4.jar:/home/bedanglot/.m2/repository/org/yaml/snakeyaml/1.15/snakeyaml-1.15.jar:/home/bedanglot/.m2/repository/com/google/guava/guava/20.0/guava-20.0.jar:/tmp/dspot-experiments/dataset/april-2019/mustache.java/compiler/target/dspot/dependencies/:/home/bedanglot/.m2/repository/eu/stamp-project/test-runner/2.0.7/test-runner-2.0.7-jar-with-dependencies.jar eu.stamp_project.testrunner.runner.JUnit4Runner --class com.github.mustachejava.InterpreterTest --tests testDeferred:testChainedInheritance:testPathsWithExtension:testPartialWithTF:testRelativePathsSameDir:testRelativePathsTemplateFunction:testRecursionWithInheritance:testRelativePathsDotDotDir:testPartialRecursionWithInheritance:testIssue191:testRecurision:testRelativePathsRootDir:testLimitedDepthRecursion_failAssert0:testRelativePathFail_failAssert0 
Parsing --class com.github.mustachejava.InterpreterTest --tests testDeferred:testChainedInheritance:testPathsWithExtension:testPartialWithTF:testRelativePathsSameDir:testRelativePathsTemplateFunction:testRecursionWithInheritance:testRelativePathsDotDotDir:testPartialRecursionWithInheritance:testIssue191:testRecurision:testRelativePathsRootDir:testLimitedDepthRecursion_failAssert0:testRelativePathFail_failAssert0
File saved to the following path: /tmp/dspot-experiments/dataset/april-2019/mustache.java_parent/compiler/target/dspot/TestResult.ser
Loading /tmp/dspot-experiments/dataset/april-2019/mustache.java_parent/compiler/target/dspot/TestResult.ser
[INFO] Test has been run: testPathsWithExtension,testRecursionWithInheritance,testRelativePathsDotDotDir,testChainedInheritance,testPartialWithTF,testRelativePathsRootDir,testRelativePathsSameDir,testRelativePathFail_failAssert0,testRecurision,testRelativePathsTemplateFunction,testLimitedDepthRecursion_failAssert0,testDeferred,testIssue191,testPartialRecursionWithInheritance
[INFO] 0 amplified test methods has been selected to be kept. (global: 0)
[INFO] elapsedTime 316641
[WARNING] DSpot could not obtain any amplified test method.
[WARNING] You can customize the following options: --amplifiers, --test-criterion, --iteration, --budgetizer etc, and retry with a new configuration.
[INFO] Amplification of com.github.mustachejavabenchmarks.JsonInterpreterTest (8 test(s))
[INFO] Assertion amplification of com.github.mustachejavabenchmarks.JsonInterpreterTest (8 test(s))
[INFO] Using /tmp/dspot-experiments/dataset/april-2019/mustache.java/compiler/pom.xml to run maven.
[INFO] Using /usr/share/maven/ for maven home
[INFO] run maven: /usr/share/maven//bin/mvn clean test -DskipTests
[WARN] Maven will be executed in interactive mode, but no input stream has been configured for this MavenInvoker instance.
[INFO] Scanning for projects...
[INFO]                                                                         
[INFO] ------------------------------------------------------------------------
[INFO] Building compiler 0.9.6-SNAPSHOT
[INFO] ------------------------------------------------------------------------
[INFO] 
[INFO] --- maven-clean-plugin:2.5:clean (default-clean) @ compiler ---
[INFO] Deleting /tmp/dspot-experiments/dataset/april-2019/mustache.java/compiler/target
[INFO] 
[INFO] --- maven-resources-plugin:2.6:resources (default-resources) @ compiler ---
[INFO] Using 'UTF-8' encoding to copy filtered resources.
[INFO] skip non existing resourceDirectory /tmp/dspot-experiments/dataset/april-2019/mustache.java/compiler/src/main/resources
[INFO] 
[INFO] --- maven-compiler-plugin:3.5.1:compile (default-compile) @ compiler ---
[INFO] Changes detected - recompiling the module!
[INFO] Compiling 60 source files to /tmp/dspot-experiments/dataset/april-2019/mustache.java/compiler/target/classes
[INFO] 
[INFO] --- maven-resources-plugin:2.6:testResources (default-testResources) @ compiler ---
[INFO] Using 'UTF-8' encoding to copy filtered resources.
[INFO] Copying 116 resources
[INFO] 
[INFO] --- maven-compiler-plugin:3.5.1:testCompile (default-testCompile) @ compiler ---
[INFO] Changes detected - recompiling the module!
[INFO] Compiling 43 source files to /tmp/dspot-experiments/dataset/april-2019/mustache.java/compiler/target/test-classes
[INFO] /tmp/dspot-experiments/dataset/april-2019/mustache.java/compiler/src/test/java/com/github/mustachejava/ConcurrencyTest.java: Some input files use or override a deprecated API.
[INFO] /tmp/dspot-experiments/dataset/april-2019/mustache.java/compiler/src/test/java/com/github/mustachejava/ConcurrencyTest.java: Recompile with -Xlint:deprecation for details.
[INFO] /tmp/dspot-experiments/dataset/april-2019/mustache.java/compiler/src/test/java/com/github/mustachejava/functions/CommentTest.java: Some input files use unchecked or unsafe operations.
[INFO] /tmp/dspot-experiments/dataset/april-2019/mustache.java/compiler/src/test/java/com/github/mustachejava/functions/CommentTest.java: Recompile with -Xlint:unchecked for details.
[INFO] 
[INFO] --- maven-surefire-plugin:2.19.1:test (default-test) @ compiler ---
[INFO] Tests are skipped.
[INFO] ------------------------------------------------------------------------
[INFO] BUILD SUCCESS
[INFO] ------------------------------------------------------------------------
[INFO] Total time: 2.697 s
[INFO] Finished at: 2019-05-07T17:58:23+02:00
[INFO] Final Memory: 24M/1963M
[INFO] ------------------------------------------------------------------------
[INFO] Compiling with -proceedOnError -encoding UTF-8 -cp /tmp/dspot-experiments/dataset/april-2019/mustache.java_parent/compiler/target/dspot/tmp_test_sources:/home/bedanglot/.m2/repository/junit/junit/4.11/junit-4.11.jar:/home/bedanglot/.m2/repository/org/hamcrest/hamcrest-core/1.3/hamcrest-core-1.3.jar:/home/bedanglot/.m2/repository/com/fasterxml/jackson/core/jackson-databind/2.7.4/jackson-databind-2.7.4.jar:/home/bedanglot/.m2/repository/com/fasterxml/jackson/core/jackson-annotations/2.7.0/jackson-annotations-2.7.0.jar:/home/bedanglot/.m2/repository/com/fasterxml/jackson/core/jackson-core/2.7.4/jackson-core-2.7.4.jar:/home/bedanglot/.m2/repository/com/fasterxml/jackson/dataformat/jackson-dataformat-yaml/2.7.4/jackson-dataformat-yaml-2.7.4.jar:/home/bedanglot/.m2/repository/org/yaml/snakeyaml/1.15/snakeyaml-1.15.jar:/home/bedanglot/.m2/repository/com/google/guava/guava/20.0/guava-20.0.jar:/tmp/dspot-experiments/dataset/april-2019/mustache.java_parent/compiler/target/classes/:/tmp/dspot-experiments/dataset/april-2019/mustache.java_parent/compiler/target/test-classes/:/tmp/dspot-experiments/dataset/april-2019/mustache.java_parent/compiler/target/dspot/dependencies/: -d /tmp/dspot-experiments/dataset/april-2019/mustache.java_parent/compiler/target/test-classes -1.8 -preserveAllLocals -noExit -enableJavadoc -proc:none /tmp/dspot-experiments/dataset/april-2019/mustache.java_parent/compiler/target/dspot/tmp_test_sources/com/github/mustachejavabenchmarks/JsonInterpreterTest.java
[INFO] Run: java -classpath /tmp/dspot-experiments/dataset/april-2019/mustache.java_parent/compiler/target/classes/:/tmp/dspot-experiments/dataset/april-2019/mustache.java_parent/compiler/target/test-classes:/home/bedanglot/.m2/repository/junit/junit/4.11/junit-4.11.jar:/home/bedanglot/.m2/repository/org/hamcrest/hamcrest-core/1.3/hamcrest-core-1.3.jar:/home/bedanglot/.m2/repository/com/fasterxml/jackson/core/jackson-databind/2.7.4/jackson-databind-2.7.4.jar:/home/bedanglot/.m2/repository/com/fasterxml/jackson/core/jackson-annotations/2.7.0/jackson-annotations-2.7.0.jar:/home/bedanglot/.m2/repository/com/fasterxml/jackson/core/jackson-core/2.7.4/jackson-core-2.7.4.jar:/home/bedanglot/.m2/repository/com/fasterxml/jackson/dataformat/jackson-dataformat-yaml/2.7.4/jackson-dataformat-yaml-2.7.4.jar:/home/bedanglot/.m2/repository/org/yaml/snakeyaml/1.15/snakeyaml-1.15.jar:/home/bedanglot/.m2/repository/com/google/guava/guava/20.0/guava-20.0.jar:/tmp/dspot-experiments/dataset/april-2019/mustache.java_parent/compiler/target/dspot/dependencies/:/home/bedanglot/.m2/repository/eu/stamp-project/test-runner/2.0.7/test-runner-2.0.7-jar-with-dependencies.jar eu.stamp_project.testrunner.runner.JUnit4Runner --class com.github.mustachejavabenchmarks.JsonInterpreterTest --tests testSingleThreadedClass:testCompiler:testMultithreaded:testSingleThreaded:testSingleThreadedClass:testCompiler:testMultithreaded:testSingleThreaded 
Parsing --class com.github.mustachejavabenchmarks.JsonInterpreterTest --tests testSingleThreadedClass:testCompiler:testMultithreaded:testSingleThreaded:testSingleThreadedClass:testCompiler:testMultithreaded:testSingleThreaded
Compilations: 2361/s
Compilations: 3094/s
Compilations: 5237/s
{in_reply_to_status_id_str=null, in_reply_to_status_id=null, possibly_sensitive=false, coordinates=null, in_reply_to_user_id_str=null, truncated=false, annotations=null, created_at=Thu Sep 15 03:17:38 +0000 2011, source=<a href="http://twitter.com" rel="nofollow">Twitter for  iPhone</a>, retweet_count=0, retweeted=false, geo=null, in_reply_to_screen_name=null, entities={urls=[], hashtags=[], media=[{display_url=pic.twitter.com/wJxLOTOR, indices=[22, 42], sizes={small={w=340, h=254, resize=fit}, large={w=1024, h=765, resize=fit}, thumb={w=150, h=150, resize=crop}, medium={w=600, h=448, resize=fit}}, id_str=114176016615878656, expanded_url=http://twitter.com/richardhenry/status/114176016611684353/photo/1, media_url_https=https://p.twimg.com/AZWie3BCMAAcQJj.jpg, id=1.1417601661588E17, type=photo, media_url=http://p.twimg.com/AZWie3BCMAAcQJj.jpg, url=http://t.co/wJxLOTOR}], user_mentions=[]}, id_str=114176016611684353, in_reply_to_user_id=null, contributors=null, place=null, id=1.1417601661168E17, text=LOOK AT WHAT ARRIVED. http://t.co/wJxLOTOR, user={utc_offset=-28800, friends_count=184, display_url=null, profile_image_url_https=https://si0.twimg.com/profile_images/1192563998/Photo_on_2010-02-22_at_23.32_normal.jpeg, profile_background_image_url=http://a0.twimg.com/images/themes/theme1/bg.png, listed_count=144, default_profile_image=false, favourites_count=98, description=Husband to @chelsea. Designer at @twitter. English expat living in California., is_translator=false, created_at=Wed Nov 29 22:40:31 +0000 2006, profile_background_image_url_https=https://si0.twimg.com/images/themes/theme1/bg.png, protected=false, screen_name=richardhenry, id_str=31393, profile_link_color=0084B4, show_all_inline_media=true, geo_enabled=true, profile_background_color=404040, id=31393, lang=en, profile_sidebar_border_color=C0DEED, profile_text_color=333333, verified=false, profile_image_url=http://a3.twimg.com/profile_images/1192563998/Photo_on_2010-02-22_at_23.32_normal.jpeg, time_zone=Pacific Time (US & Canada), url=null, contributors_enabled=false, profile_background_tile=false, entities={urls=[], hashtags=[], user_mentions=[{indices=[11, 19], screen_name=chelsea, id_str=16447200, name=Chelsea Henry, id=16447200}, {indices=[33, 41], screen_name=twitter, id_str=783214, name=Twitter, id=783214}]}, statuses_count=5327, follow_request_sent=false, profile_use_background_image=false, default_profile=false, following=true, followers_count=2895, name=Richard Henry, expanded_url=null, location=San Francisco, CA, profile_sidebar_fill_color=DDEEF6, notifications=false}, favorited=false}
0
210
181
204
timeline.html evaluations:
NullWriter Serial: 3873/s
StringWriter Serial: 2469/s
NullWriter Serial: 4169/s
StringWriter Serial: 2784/s
{in_reply_to_status_id_str=null, in_reply_to_status_id=null, possibly_sensitive=false, coordinates=null, in_reply_to_user_id_str=null, truncated=false, annotations=null, created_at=Thu Sep 15 03:17:38 +0000 2011, source=<a href="http://twitter.com" rel="nofollow">Twitter for  iPhone</a>, retweet_count=0, retweeted=false, geo=null, in_reply_to_screen_name=null, entities={urls=[], hashtags=[], media=[{display_url=pic.twitter.com/wJxLOTOR, indices=[22, 42], sizes={small={w=340, h=254, resize=fit}, large={w=1024, h=765, resize=fit}, thumb={w=150, h=150, resize=crop}, medium={w=600, h=448, resize=fit}}, id_str=114176016615878656, expanded_url=http://twitter.com/richardhenry/status/114176016611684353/photo/1, media_url_https=https://p.twimg.com/AZWie3BCMAAcQJj.jpg, id=1.1417601661588E17, type=photo, media_url=http://p.twimg.com/AZWie3BCMAAcQJj.jpg, url=http://t.co/wJxLOTOR}], user_mentions=[]}, id_str=114176016611684353, in_reply_to_user_id=null, contributors=null, place=null, id=1.1417601661168E17, text=LOOK AT WHAT ARRIVED. http://t.co/wJxLOTOR, user={utc_offset=-28800, friends_count=184, display_url=null, profile_image_url_https=https://si0.twimg.com/profile_images/1192563998/Photo_on_2010-02-22_at_23.32_normal.jpeg, profile_background_image_url=http://a0.twimg.com/images/themes/theme1/bg.png, listed_count=144, default_profile_image=false, favourites_count=98, description=Husband to @chelsea. Designer at @twitter. English expat living in California., is_translator=false, created_at=Wed Nov 29 22:40:31 +0000 2006, profile_background_image_url_https=https://si0.twimg.com/images/themes/theme1/bg.png, protected=false, screen_name=richardhenry, id_str=31393, profile_link_color=0084B4, show_all_inline_media=true, geo_enabled=true, profile_background_color=404040, id=31393, lang=en, profile_sidebar_border_color=C0DEED, profile_text_color=333333, verified=false, profile_image_url=http://a3.twimg.com/profile_images/1192563998/Photo_on_2010-02-22_at_23.32_normal.jpeg, time_zone=Pacific Time (US & Canada), url=null, contributors_enabled=false, profile_background_tile=false, entities={urls=[], hashtags=[], user_mentions=[{indices=[11, 19], screen_name=chelsea, id_str=16447200, name=Chelsea Henry, id=16447200}, {indices=[33, 41], screen_name=twitter, id_str=783214, name=Twitter, id=783214}]}, statuses_count=5327, follow_request_sent=false, profile_use_background_image=false, default_profile=false, following=true, followers_count=2895, name=Richard Henry, expanded_url=null, location=San Francisco, CA, profile_sidebar_fill_color=DDEEF6, notifications=false}, favorited=false}
NullWriter Serial with 1 threads: 3266/s  per thread: 3266
NullWriter Serial with 2 threads: 6396/s  per thread: 3198
NullWriter Serial with 3 threads: 8839/s  per thread: 2946
NullWriter Serial with 4 threads: 11739/s  per thread: 2934
NullWriter Serial with 5 threads: 15133/s  per thread: 3026
NullWriter Serial with 6 threads: 17977/s  per thread: 2996
NullWriter Serial with 7 threads: 19739/s  per thread: 2819
NullWriter Serial with 8 threads: 23602/s  per thread: 2950
NullWriter Serial with 9 threads: 25900/s  per thread: 2877
NullWriter Serial with 10 threads: 28580/s  per thread: 2858
NullWriter Serial with 11 threads: 30328/s  per thread: 2757
NullWriter Serial with 12 threads: 31334/s  per thread: 2611
NullWriter Serial with 13 threads: 34823/s  per thread: 2678
NullWriter Serial with 14 threads: 36265/s  per thread: 2590
NullWriter Serial with 15 threads: 37667/s  per thread: 2511
NullWriter Serial with 16 threads: 36726/s  per thread: 2295
NullWriter Serial with 17 threads: 37172/s  per thread: 2186
NullWriter Serial with 18 threads: 38523/s  per thread: 2140
NullWriter Serial with 19 threads: 38570/s  per thread: 2030
NullWriter Serial with 20 threads: 40136/s  per thread: 2006
NullWriter Serial with 21 threads: 41982/s  per thread: 1999
NullWriter Serial with 22 threads: 44206/s  per thread: 2009
NullWriter Serial with 23 threads: 46473/s  per thread: 2020
NullWriter Serial with 24 threads: 48337/s  per thread: 2014
NullWriter Serial with 25 threads: 51596/s  per thread: 2063
NullWriter Serial with 26 threads: 51131/s  per thread: 1966
NullWriter Serial with 27 threads: 56229/s  per thread: 2082
NullWriter Serial with 28 threads: 59500/s  per thread: 2125
NullWriter Serial with 29 threads: 61033/s  per thread: 2104
NullWriter Serial with 30 threads: 61262/s  per thread: 2042
NullWriter Serial with 31 threads: 64617/s  per thread: 2084
[WARNING] Something bad happened when DSpot tried to execute the tests before starting the amplification.
java.lang.RuntimeException: Forked process did not finished correctly
	at eu.stamp_project.testrunner.EntryPoint.runGivenCommandLine(EntryPoint.java:417)
	at eu.stamp_project.testrunner.EntryPoint.runTests(EntryPoint.java:198)
	at eu.stamp_project.testrunner.EntryPoint.runTests(EntryPoint.java:193)
	at eu.stamp_project.testrunner.EntryPoint.runTests(EntryPoint.java:154)
	at eu.stamp_project.utils.execution.TestRunner.run(TestRunner.java:98)
	at eu.stamp_project.utils.execution.TestRunner.runGivenTestMethods(TestRunner.java:66)
	at eu.stamp_project.utils.compilation.TestCompiler.compileAndRun(TestCompiler.java:99)
	at eu.stamp_project.utils.compilation.TestCompiler.compileRunAndDiscardUncompilableAndFailingTestMethods(TestCompiler.java:55)
	at eu.stamp_project.dspot.Amplification.amplification(Amplification.java:92)
	at eu.stamp_project.dspot.DSpot._amplify(DSpot.java:273)
	at eu.stamp_project.dspot.DSpot.lambda$amplifyTestClassesTestMethods$5(DSpot.java:254)
	at java.util.stream.ReferencePipeline$3$1.accept(ReferencePipeline.java:193)
	at java.util.ArrayList$ArrayListSpliterator.forEachRemaining(ArrayList.java:1382)
	at java.util.stream.AbstractPipeline.copyInto(AbstractPipeline.java:482)
	at java.util.stream.AbstractPipeline.wrapAndCopyInto(AbstractPipeline.java:472)
	at java.util.stream.ReduceOps$ReduceOp.evaluateSequential(ReduceOps.java:708)
	at java.util.stream.AbstractPipeline.evaluate(AbstractPipeline.java:234)
	at java.util.stream.ReferencePipeline.collect(ReferencePipeline.java:499)
	at eu.stamp_project.dspot.DSpot.amplifyTestClassesTestMethods(DSpot.java:255)
	at eu.stamp_project.Main.run(Main.java:65)
	at eu.stamp_project.DSpotMojo.execute(DSpotMojo.java:305)
	at org.apache.maven.plugin.DefaultBuildPluginManager.executeMojo(DefaultBuildPluginManager.java:134)
	at org.apache.maven.lifecycle.internal.MojoExecutor.execute(MojoExecutor.java:207)
	at org.apache.maven.lifecycle.internal.MojoExecutor.execute(MojoExecutor.java:153)
	at org.apache.maven.lifecycle.internal.MojoExecutor.execute(MojoExecutor.java:145)
	at org.apache.maven.lifecycle.internal.LifecycleModuleBuilder.buildProject(LifecycleModuleBuilder.java:116)
	at org.apache.maven.lifecycle.internal.LifecycleModuleBuilder.buildProject(LifecycleModuleBuilder.java:80)
	at org.apache.maven.lifecycle.internal.builder.singlethreaded.SingleThreadedBuilder.build(SingleThreadedBuilder.java:51)
	at org.apache.maven.lifecycle.internal.LifecycleStarter.execute(LifecycleStarter.java:128)
	at org.apache.maven.DefaultMaven.doExecute(DefaultMaven.java:307)
	at org.apache.maven.DefaultMaven.doExecute(DefaultMaven.java:193)
	at org.apache.maven.DefaultMaven.execute(DefaultMaven.java:106)
	at org.apache.maven.cli.MavenCli.execute(MavenCli.java:863)
	at org.apache.maven.cli.MavenCli.doMain(MavenCli.java:288)
	at org.apache.maven.cli.MavenCli.main(MavenCli.java:199)
	at sun.reflect.NativeMethodAccessorImpl.invoke0(Native Method)
	at sun.reflect.NativeMethodAccessorImpl.invoke(NativeMethodAccessorImpl.java:62)
	at sun.reflect.DelegatingMethodAccessorImpl.invoke(DelegatingMethodAccessorImpl.java:43)
	at java.lang.reflect.Method.invoke(Method.java:498)
	at org.codehaus.plexus.classworlds.launcher.Launcher.launchEnhanced(Launcher.java:289)
	at org.codehaus.plexus.classworlds.launcher.Launcher.launch(Launcher.java:229)
	at org.codehaus.plexus.classworlds.launcher.Launcher.mainWithExitCode(Launcher.java:415)
	at org.codehaus.plexus.classworlds.launcher.Launcher.main(Launcher.java:356)

[INFO] elapsedTime 85110
[WARNING] DSpot could not obtain any amplified test method.
[WARNING] You can customize the following options: --amplifiers, --test-criterion, --iteration, --budgetizer etc, and retry with a new configuration.
[INFO] Amplification of com.github.mustachejava.ExtensionTest (12 test(s))
[INFO] Assertion amplification of com.github.mustachejava.ExtensionTest (12 test(s))
[INFO] Using /tmp/dspot-experiments/dataset/april-2019/mustache.java/compiler/pom.xml to run maven.
[INFO] Using /usr/share/maven/ for maven home
[INFO] run maven: /usr/share/maven//bin/mvn clean test -DskipTests
[WARN] Maven will be executed in interactive mode, but no input stream has been configured for this MavenInvoker instance.
[INFO] Scanning for projects...
[INFO]                                                                         
[INFO] ------------------------------------------------------------------------
[INFO] Building compiler 0.9.6-SNAPSHOT
[INFO] ------------------------------------------------------------------------
[INFO] 
[INFO] --- maven-clean-plugin:2.5:clean (default-clean) @ compiler ---
[INFO] Deleting /tmp/dspot-experiments/dataset/april-2019/mustache.java/compiler/target
[INFO] 
[INFO] --- maven-resources-plugin:2.6:resources (default-resources) @ compiler ---
[INFO] Using 'UTF-8' encoding to copy filtered resources.
[INFO] skip non existing resourceDirectory /tmp/dspot-experiments/dataset/april-2019/mustache.java/compiler/src/main/resources
[INFO] 
[INFO] --- maven-compiler-plugin:3.5.1:compile (default-compile) @ compiler ---
[INFO] Changes detected - recompiling the module!
[INFO] Compiling 60 source files to /tmp/dspot-experiments/dataset/april-2019/mustache.java/compiler/target/classes
[INFO] 
[INFO] --- maven-resources-plugin:2.6:testResources (default-testResources) @ compiler ---
[INFO] Using 'UTF-8' encoding to copy filtered resources.
[INFO] Copying 116 resources
[INFO] 
[INFO] --- maven-compiler-plugin:3.5.1:testCompile (default-testCompile) @ compiler ---
[INFO] Changes detected - recompiling the module!
[INFO] Compiling 43 source files to /tmp/dspot-experiments/dataset/april-2019/mustache.java/compiler/target/test-classes
[INFO] /tmp/dspot-experiments/dataset/april-2019/mustache.java/compiler/src/test/java/com/github/mustachejava/ConcurrencyTest.java: Some input files use or override a deprecated API.
[INFO] /tmp/dspot-experiments/dataset/april-2019/mustache.java/compiler/src/test/java/com/github/mustachejava/ConcurrencyTest.java: Recompile with -Xlint:deprecation for details.
[INFO] /tmp/dspot-experiments/dataset/april-2019/mustache.java/compiler/src/test/java/com/github/mustachejava/functions/CommentTest.java: Some input files use unchecked or unsafe operations.
[INFO] /tmp/dspot-experiments/dataset/april-2019/mustache.java/compiler/src/test/java/com/github/mustachejava/functions/CommentTest.java: Recompile with -Xlint:unchecked for details.
[INFO] 
[INFO] --- maven-surefire-plugin:2.19.1:test (default-test) @ compiler ---
[INFO] Tests are skipped.
[INFO] ------------------------------------------------------------------------
[INFO] BUILD SUCCESS
[INFO] ------------------------------------------------------------------------
[INFO] Total time: 2.697 s
[INFO] Finished at: 2019-05-07T17:59:48+02:00
[INFO] Final Memory: 24M/1963M
[INFO] ------------------------------------------------------------------------
[INFO] Compiling with -proceedOnError -encoding UTF-8 -cp /tmp/dspot-experiments/dataset/april-2019/mustache.java_parent/compiler/target/dspot/tmp_test_sources:/home/bedanglot/.m2/repository/junit/junit/4.11/junit-4.11.jar:/home/bedanglot/.m2/repository/org/hamcrest/hamcrest-core/1.3/hamcrest-core-1.3.jar:/home/bedanglot/.m2/repository/com/fasterxml/jackson/core/jackson-databind/2.7.4/jackson-databind-2.7.4.jar:/home/bedanglot/.m2/repository/com/fasterxml/jackson/core/jackson-annotations/2.7.0/jackson-annotations-2.7.0.jar:/home/bedanglot/.m2/repository/com/fasterxml/jackson/core/jackson-core/2.7.4/jackson-core-2.7.4.jar:/home/bedanglot/.m2/repository/com/fasterxml/jackson/dataformat/jackson-dataformat-yaml/2.7.4/jackson-dataformat-yaml-2.7.4.jar:/home/bedanglot/.m2/repository/org/yaml/snakeyaml/1.15/snakeyaml-1.15.jar:/home/bedanglot/.m2/repository/com/google/guava/guava/20.0/guava-20.0.jar:/tmp/dspot-experiments/dataset/april-2019/mustache.java_parent/compiler/target/classes/:/tmp/dspot-experiments/dataset/april-2019/mustache.java_parent/compiler/target/test-classes/:/tmp/dspot-experiments/dataset/april-2019/mustache.java_parent/compiler/target/dspot/dependencies/: -d /tmp/dspot-experiments/dataset/april-2019/mustache.java_parent/compiler/target/test-classes -1.8 -preserveAllLocals -noExit -enableJavadoc -proc:none /tmp/dspot-experiments/dataset/april-2019/mustache.java_parent/compiler/target/dspot/tmp_test_sources/com/github/mustachejava/ExtensionTest.java
[INFO] Run: java -classpath /tmp/dspot-experiments/dataset/april-2019/mustache.java_parent/compiler/target/classes/:/tmp/dspot-experiments/dataset/april-2019/mustache.java_parent/compiler/target/test-classes:/home/bedanglot/.m2/repository/junit/junit/4.11/junit-4.11.jar:/home/bedanglot/.m2/repository/org/hamcrest/hamcrest-core/1.3/hamcrest-core-1.3.jar:/home/bedanglot/.m2/repository/com/fasterxml/jackson/core/jackson-databind/2.7.4/jackson-databind-2.7.4.jar:/home/bedanglot/.m2/repository/com/fasterxml/jackson/core/jackson-annotations/2.7.0/jackson-annotations-2.7.0.jar:/home/bedanglot/.m2/repository/com/fasterxml/jackson/core/jackson-core/2.7.4/jackson-core-2.7.4.jar:/home/bedanglot/.m2/repository/com/fasterxml/jackson/dataformat/jackson-dataformat-yaml/2.7.4/jackson-dataformat-yaml-2.7.4.jar:/home/bedanglot/.m2/repository/org/yaml/snakeyaml/1.15/snakeyaml-1.15.jar:/home/bedanglot/.m2/repository/com/google/guava/guava/20.0/guava-20.0.jar:/tmp/dspot-experiments/dataset/april-2019/mustache.java_parent/compiler/target/dspot/dependencies/:/home/bedanglot/.m2/repository/eu/stamp-project/test-runner/2.0.7/test-runner-2.0.7-jar-with-dependencies.jar eu.stamp_project.testrunner.runner.JUnit4Runner --class com.github.mustachejava.ExtensionTest --tests testFollow:testSubInPartial:testSubSub:testSubBlockCaching:testParentReplace:testMultipleExtensions:testSub:testSubSubCaching2:testNested:testPartialInSub:testSubSubCaching:testClientMethod 
Parsing --class com.github.mustachejava.ExtensionTest --tests testFollow:testSubInPartial:testSubSub:testSubBlockCaching:testParentReplace:testMultipleExtensions:testSub:testSubSubCaching2:testNested:testPartialInSub:testSubSubCaching:testClientMethod
File saved to the following path: /tmp/dspot-experiments/dataset/april-2019/mustache.java_parent/compiler/target/dspot/TestResult.ser
Loading /tmp/dspot-experiments/dataset/april-2019/mustache.java_parent/compiler/target/dspot/TestResult.ser
[INFO] Test has been run: testSub,testSubSubCaching2,testParentReplace,testSubBlockCaching,testClientMethod,testMultipleExtensions,testFollow,testSubSubCaching,testNested,testPartialInSub,testSubInPartial,testSubSub
[INFO] Run tests. (12)
[INFO] Compiling with -proceedOnError -encoding UTF-8 -cp /tmp/dspot-experiments/dataset/april-2019/mustache.java_parent/compiler/target/dspot/tmp_test_sources:/home/bedanglot/.m2/repository/junit/junit/4.11/junit-4.11.jar:/home/bedanglot/.m2/repository/org/hamcrest/hamcrest-core/1.3/hamcrest-core-1.3.jar:/home/bedanglot/.m2/repository/com/fasterxml/jackson/core/jackson-databind/2.7.4/jackson-databind-2.7.4.jar:/home/bedanglot/.m2/repository/com/fasterxml/jackson/core/jackson-annotations/2.7.0/jackson-annotations-2.7.0.jar:/home/bedanglot/.m2/repository/com/fasterxml/jackson/core/jackson-core/2.7.4/jackson-core-2.7.4.jar:/home/bedanglot/.m2/repository/com/fasterxml/jackson/dataformat/jackson-dataformat-yaml/2.7.4/jackson-dataformat-yaml-2.7.4.jar:/home/bedanglot/.m2/repository/org/yaml/snakeyaml/1.15/snakeyaml-1.15.jar:/home/bedanglot/.m2/repository/com/google/guava/guava/20.0/guava-20.0.jar:/tmp/dspot-experiments/dataset/april-2019/mustache.java_parent/compiler/target/classes/:/tmp/dspot-experiments/dataset/april-2019/mustache.java_parent/compiler/target/test-classes/:/tmp/dspot-experiments/dataset/april-2019/mustache.java_parent/compiler/target/dspot/dependencies/: -d /tmp/dspot-experiments/dataset/april-2019/mustache.java_parent/compiler/target/test-classes -1.8 -preserveAllLocals -noExit -enableJavadoc -proc:none /tmp/dspot-experiments/dataset/april-2019/mustache.java_parent/compiler/target/dspot/tmp_test_sources/com/github/mustachejava/ExtensionTest.java
[INFO] Run: java -classpath /tmp/dspot-experiments/dataset/april-2019/mustache.java_parent/compiler/target/classes/:/tmp/dspot-experiments/dataset/april-2019/mustache.java_parent/compiler/target/test-classes:/home/bedanglot/.m2/repository/junit/junit/4.11/junit-4.11.jar:/home/bedanglot/.m2/repository/org/hamcrest/hamcrest-core/1.3/hamcrest-core-1.3.jar:/home/bedanglot/.m2/repository/com/fasterxml/jackson/core/jackson-databind/2.7.4/jackson-databind-2.7.4.jar:/home/bedanglot/.m2/repository/com/fasterxml/jackson/core/jackson-annotations/2.7.0/jackson-annotations-2.7.0.jar:/home/bedanglot/.m2/repository/com/fasterxml/jackson/core/jackson-core/2.7.4/jackson-core-2.7.4.jar:/home/bedanglot/.m2/repository/com/fasterxml/jackson/dataformat/jackson-dataformat-yaml/2.7.4/jackson-dataformat-yaml-2.7.4.jar:/home/bedanglot/.m2/repository/org/yaml/snakeyaml/1.15/snakeyaml-1.15.jar:/home/bedanglot/.m2/repository/com/google/guava/guava/20.0/guava-20.0.jar:/tmp/dspot-experiments/dataset/april-2019/mustache.java_parent/compiler/target/dspot/dependencies/:/home/bedanglot/.m2/repository/eu/stamp-project/test-runner/2.0.7/test-runner-2.0.7-jar-with-dependencies.jar eu.stamp_project.testrunner.runner.JUnit4Runner --class com.github.mustachejava.ExtensionTest --tests testFollow:testSubInPartial:testSubSub:testSubBlockCaching:testParentReplace:testMultipleExtensions:testSub:testSubSubCaching2:testNested:testPartialInSub:testSubSubCaching:testClientMethod 
Parsing --class com.github.mustachejava.ExtensionTest --tests testFollow:testSubInPartial:testSubSub:testSubBlockCaching:testParentReplace:testMultipleExtensions:testSub:testSubSubCaching2:testNested:testPartialInSub:testSubSubCaching:testClientMethod
File saved to the following path: /tmp/dspot-experiments/dataset/april-2019/mustache.java_parent/compiler/target/dspot/TestResult.ser
Loading /tmp/dspot-experiments/dataset/april-2019/mustache.java_parent/compiler/target/dspot/TestResult.ser
[INFO] Test has been run: testSub,testSubSubCaching2,testParentReplace,testSubBlockCaching,testClientMethod,testMultipleExtensions,testFollow,testSubSubCaching,testNested,testPartialInSub,testSubInPartial,testSubSub
[INFO] 12 test pass, generating assertion...
[INFO] Add observations points in passing tests.
[INFO] Instrumentation...
  8% |==== ]/ 16% |======== ]- 25% |============ ]\ 33% |================ ]| 41% |==================== ]/ 50% |========================= ]- 58% |============================= ]\ 66% |================================= ]| 75% |===================================== ]/ 83% |========================================= ]- 91% |============================================= ]\100% |================================================== ]|
[INFO] Run instrumented tests. (36)
[INFO] Compiling with -proceedOnError -encoding UTF-8 -cp /tmp/dspot-experiments/dataset/april-2019/mustache.java_parent/compiler/target/dspot/tmp_test_sources:/home/bedanglot/.m2/repository/junit/junit/4.11/junit-4.11.jar:/home/bedanglot/.m2/repository/org/hamcrest/hamcrest-core/1.3/hamcrest-core-1.3.jar:/home/bedanglot/.m2/repository/com/fasterxml/jackson/core/jackson-databind/2.7.4/jackson-databind-2.7.4.jar:/home/bedanglot/.m2/repository/com/fasterxml/jackson/core/jackson-annotations/2.7.0/jackson-annotations-2.7.0.jar:/home/bedanglot/.m2/repository/com/fasterxml/jackson/core/jackson-core/2.7.4/jackson-core-2.7.4.jar:/home/bedanglot/.m2/repository/com/fasterxml/jackson/dataformat/jackson-dataformat-yaml/2.7.4/jackson-dataformat-yaml-2.7.4.jar:/home/bedanglot/.m2/repository/org/yaml/snakeyaml/1.15/snakeyaml-1.15.jar:/home/bedanglot/.m2/repository/com/google/guava/guava/20.0/guava-20.0.jar:/tmp/dspot-experiments/dataset/april-2019/mustache.java_parent/compiler/target/classes/:/tmp/dspot-experiments/dataset/april-2019/mustache.java_parent/compiler/target/test-classes/:/tmp/dspot-experiments/dataset/april-2019/mustache.java_parent/compiler/target/dspot/dependencies/: -d /tmp/dspot-experiments/dataset/april-2019/mustache.java_parent/compiler/target/test-classes -1.8 -preserveAllLocals -noExit -enableJavadoc -proc:none /tmp/dspot-experiments/dataset/april-2019/mustache.java_parent/compiler/target/dspot/tmp_test_sources/com/github/mustachejava/ExtensionTest.java
[INFO] Run: java -classpath /tmp/dspot-experiments/dataset/april-2019/mustache.java_parent/compiler/target/classes/:/tmp/dspot-experiments/dataset/april-2019/mustache.java_parent/compiler/target/test-classes:/home/bedanglot/.m2/repository/junit/junit/4.11/junit-4.11.jar:/home/bedanglot/.m2/repository/org/hamcrest/hamcrest-core/1.3/hamcrest-core-1.3.jar:/home/bedanglot/.m2/repository/com/fasterxml/jackson/core/jackson-databind/2.7.4/jackson-databind-2.7.4.jar:/home/bedanglot/.m2/repository/com/fasterxml/jackson/core/jackson-annotations/2.7.0/jackson-annotations-2.7.0.jar:/home/bedanglot/.m2/repository/com/fasterxml/jackson/core/jackson-core/2.7.4/jackson-core-2.7.4.jar:/home/bedanglot/.m2/repository/com/fasterxml/jackson/dataformat/jackson-dataformat-yaml/2.7.4/jackson-dataformat-yaml-2.7.4.jar:/home/bedanglot/.m2/repository/org/yaml/snakeyaml/1.15/snakeyaml-1.15.jar:/home/bedanglot/.m2/repository/com/google/guava/guava/20.0/guava-20.0.jar:/tmp/dspot-experiments/dataset/april-2019/mustache.java_parent/compiler/target/dspot/dependencies/:/home/bedanglot/.m2/repository/eu/stamp-project/test-runner/2.0.7/test-runner-2.0.7-jar-with-dependencies.jar eu.stamp_project.testrunner.runner.JUnit4Runner --class com.github.mustachejava.ExtensionTest --tests testFollow_withlog0:testSubInPartial_withlog0:testSubSub_withlog0:testSubBlockCaching_withlog0:testParentReplace_withlog0:testMultipleExtensions_withlog0:testSub_withlog0:testSubSubCaching2_withlog0:testNested_withlog0:testPartialInSub_withlog0:testSubSubCaching_withlog0:testClientMethod_withlog0:testFollow_withlog1:testSubInPartial_withlog1:testSubSub_withlog1:testSubBlockCaching_withlog1:testParentReplace_withlog1:testMultipleExtensions_withlog1:testSub_withlog1:testSubSubCaching2_withlog1:testNested_withlog1:testPartialInSub_withlog1:testSubSubCaching_withlog1:testClientMethod_withlog1:testFollow_withlog2:testSubInPartial_withlog2:testSubSub_withlog2:testSubBlockCaching_withlog2:testParentReplace_withlog2:testMultipleExtensions_withlog2:testSub_withlog2:testSubSubCaching2_withlog2:testNested_withlog2:testPartialInSub_withlog2:testSubSubCaching_withlog2:testClientMethod_withlog2 
Parsing --class com.github.mustachejava.ExtensionTest --tests testFollow_withlog0:testSubInPartial_withlog0:testSubSub_withlog0:testSubBlockCaching_withlog0:testParentReplace_withlog0:testMultipleExtensions_withlog0:testSub_withlog0:testSubSubCaching2_withlog0:testNested_withlog0:testPartialInSub_withlog0:testSubSubCaching_withlog0:testClientMethod_withlog0:testFollow_withlog1:testSubInPartial_withlog1:testSubSub_withlog1:testSubBlockCaching_withlog1:testParentReplace_withlog1:testMultipleExtensions_withlog1:testSub_withlog1:testSubSubCaching2_withlog1:testNested_withlog1:testPartialInSub_withlog1:testSubSubCaching_withlog1:testClientMethod_withlog1:testFollow_withlog2:testSubInPartial_withlog2:testSubSub_withlog2:testSubBlockCaching_withlog2:testParentReplace_withlog2:testMultipleExtensions_withlog2:testSub_withlog2:testSubSubCaching2_withlog2:testNested_withlog2:testPartialInSub_withlog2:testSubSubCaching_withlog2:testClientMethod_withlog2
File saved to the following path: /tmp/dspot-experiments/dataset/april-2019/mustache.java_parent/compiler/target/dspot/observations.ser
File saved to the following path: /tmp/dspot-experiments/dataset/april-2019/mustache.java_parent/compiler/target/dspot/TestResult.ser
Loading /tmp/dspot-experiments/dataset/april-2019/mustache.java_parent/compiler/target/dspot/TestResult.ser
[INFO] Test has been run: testClientMethod_withlog0,testClientMethod_withlog1,testClientMethod_withlog2,testSubSubCaching2_withlog0,testSubSubCaching2_withlog1,testSubSubCaching2_withlog2,testSubInPartial_withlog0,testSubInPartial_withlog1,testSubInPartial_withlog2,testSubSub_withlog0,testSubSub_withlog1,testSubSub_withlog2,testParentReplace_withlog0,testParentReplace_withlog1,testParentReplace_withlog2,testSubSubCaching_withlog0,testSubSubCaching_withlog1,testSubSubCaching_withlog2,testSubBlockCaching_withlog0,testSubBlockCaching_withlog1,testSubBlockCaching_withlog2,testSub_withlog0,testSub_withlog1,testSub_withlog2,testPartialInSub_withlog0,testPartialInSub_withlog1,testPartialInSub_withlog2,testNested_withlog0,testNested_withlog1,testNested_withlog2,testMultipleExtensions_withlog0,testMultipleExtensions_withlog1,testMultipleExtensions_withlog2,testFollow_withlog0,testFollow_withlog1,testFollow_withlog2
[INFO] Generating assertions...
[INFO] 12 new tests with assertions generated
[INFO] Compiling with -proceedOnError -encoding UTF-8 -cp /tmp/dspot-experiments/dataset/april-2019/mustache.java_parent/compiler/target/dspot/tmp_test_sources:/home/bedanglot/.m2/repository/junit/junit/4.11/junit-4.11.jar:/home/bedanglot/.m2/repository/org/hamcrest/hamcrest-core/1.3/hamcrest-core-1.3.jar:/home/bedanglot/.m2/repository/com/fasterxml/jackson/core/jackson-databind/2.7.4/jackson-databind-2.7.4.jar:/home/bedanglot/.m2/repository/com/fasterxml/jackson/core/jackson-annotations/2.7.0/jackson-annotations-2.7.0.jar:/home/bedanglot/.m2/repository/com/fasterxml/jackson/core/jackson-core/2.7.4/jackson-core-2.7.4.jar:/home/bedanglot/.m2/repository/com/fasterxml/jackson/dataformat/jackson-dataformat-yaml/2.7.4/jackson-dataformat-yaml-2.7.4.jar:/home/bedanglot/.m2/repository/org/yaml/snakeyaml/1.15/snakeyaml-1.15.jar:/home/bedanglot/.m2/repository/com/google/guava/guava/20.0/guava-20.0.jar:/tmp/dspot-experiments/dataset/april-2019/mustache.java_parent/compiler/target/classes/:/tmp/dspot-experiments/dataset/april-2019/mustache.java_parent/compiler/target/test-classes/:/tmp/dspot-experiments/dataset/april-2019/mustache.java_parent/compiler/target/dspot/dependencies/: -d /tmp/dspot-experiments/dataset/april-2019/mustache.java_parent/compiler/target/test-classes -1.8 -preserveAllLocals -noExit -enableJavadoc -proc:none /tmp/dspot-experiments/dataset/april-2019/mustache.java_parent/compiler/target/dspot/tmp_test_sources/com/github/mustachejava/ExtensionTest.java
[INFO] Run: java -classpath /tmp/dspot-experiments/dataset/april-2019/mustache.java_parent/compiler/target/classes/:/tmp/dspot-experiments/dataset/april-2019/mustache.java_parent/compiler/target/test-classes:/home/bedanglot/.m2/repository/junit/junit/4.11/junit-4.11.jar:/home/bedanglot/.m2/repository/org/hamcrest/hamcrest-core/1.3/hamcrest-core-1.3.jar:/home/bedanglot/.m2/repository/com/fasterxml/jackson/core/jackson-databind/2.7.4/jackson-databind-2.7.4.jar:/home/bedanglot/.m2/repository/com/fasterxml/jackson/core/jackson-annotations/2.7.0/jackson-annotations-2.7.0.jar:/home/bedanglot/.m2/repository/com/fasterxml/jackson/core/jackson-core/2.7.4/jackson-core-2.7.4.jar:/home/bedanglot/.m2/repository/com/fasterxml/jackson/dataformat/jackson-dataformat-yaml/2.7.4/jackson-dataformat-yaml-2.7.4.jar:/home/bedanglot/.m2/repository/org/yaml/snakeyaml/1.15/snakeyaml-1.15.jar:/home/bedanglot/.m2/repository/com/google/guava/guava/20.0/guava-20.0.jar:/tmp/dspot-experiments/dataset/april-2019/mustache.java_parent/compiler/target/dspot/dependencies/:/home/bedanglot/.m2/repository/eu/stamp-project/test-runner/2.0.7/test-runner-2.0.7-jar-with-dependencies.jar eu.stamp_project.testrunner.runner.JUnit4Runner --class com.github.mustachejava.ExtensionTest --tests testFollow:testSubInPartial:testSubSub:testSubBlockCaching:testParentReplace:testMultipleExtensions:testSub:testSubSubCaching2:testNested:testPartialInSub:testSubSubCaching:testClientMethod 
Parsing --class com.github.mustachejava.ExtensionTest --tests testFollow:testSubInPartial:testSubSub:testSubBlockCaching:testParentReplace:testMultipleExtensions:testSub:testSubSubCaching2:testNested:testPartialInSub:testSubSubCaching:testClientMethod
File saved to the following path: /tmp/dspot-experiments/dataset/april-2019/mustache.java_parent/compiler/target/dspot/TestResult.ser
Loading /tmp/dspot-experiments/dataset/april-2019/mustache.java_parent/compiler/target/dspot/TestResult.ser
[INFO] Test has been run: testSub,testSubSubCaching2,testParentReplace,testSubBlockCaching,testClientMethod,testMultipleExtensions,testFollow,testSubSubCaching,testNested,testPartialInSub,testSubInPartial,testSubSub
[INFO] Assertion amplification: 12 test method(s) has been successfully amplified.
[WARN] 2019-05-07 17:59:51 Launcher - You specified the directory /tmp/dspot-experiments/dataset/april-2019/mustache.java/compiler/target/classes in source classpath, please note that only class files will be considered. Jars and subdirectories will be ignored.
[WARN] 2019-05-07 17:59:51 Launcher - You specified the directory /tmp/dspot-experiments/dataset/april-2019/mustache.java/compiler/target/test-classes in source classpath, please note that only class files will be considered. Jars and subdirectories will be ignored.
[WARN] 2019-05-07 17:59:51 Launcher - You specified the directory /tmp/dspot-experiments/dataset/april-2019/mustache.java/compiler/target/dspot/dependencies in source classpath, please note that only class files will be considered. Jars and subdirectories will be ignored.
[INFO] Run: java -classpath /tmp/dspot-experiments/dataset/april-2019/mustache.java/compiler/target/classes/:/tmp/dspot-experiments/dataset/april-2019/mustache.java/compiler/target/test-classes/:/home/bedanglot/.m2/repository/junit/junit/4.11/junit-4.11.jar:/home/bedanglot/.m2/repository/org/hamcrest/hamcrest-core/1.3/hamcrest-core-1.3.jar:/home/bedanglot/.m2/repository/com/fasterxml/jackson/core/jackson-databind/2.7.4/jackson-databind-2.7.4.jar:/home/bedanglot/.m2/repository/com/fasterxml/jackson/core/jackson-annotations/2.7.0/jackson-annotations-2.7.0.jar:/home/bedanglot/.m2/repository/com/fasterxml/jackson/core/jackson-core/2.7.4/jackson-core-2.7.4.jar:/home/bedanglot/.m2/repository/com/fasterxml/jackson/dataformat/jackson-dataformat-yaml/2.7.4/jackson-dataformat-yaml-2.7.4.jar:/home/bedanglot/.m2/repository/org/yaml/snakeyaml/1.15/snakeyaml-1.15.jar:/home/bedanglot/.m2/repository/com/google/guava/guava/20.0/guava-20.0.jar:/tmp/dspot-experiments/dataset/april-2019/mustache.java/compiler/target/dspot/dependencies/:/home/bedanglot/.m2/repository/eu/stamp-project/test-runner/2.0.7/test-runner-2.0.7-jar-with-dependencies.jar eu.stamp_project.testrunner.runner.JUnit4Runner --class com.github.mustachejava.ExtensionTest --tests testFollow:testSubInPartial:testSubSub:testSubBlockCaching:testParentReplace:testMultipleExtensions:testSub:testSubSubCaching2:testNested:testPartialInSub:testSubSubCaching:testClientMethod 
Parsing --class com.github.mustachejava.ExtensionTest --tests testFollow:testSubInPartial:testSubSub:testSubBlockCaching:testParentReplace:testMultipleExtensions:testSub:testSubSubCaching2:testNested:testPartialInSub:testSubSubCaching:testClientMethod
File saved to the following path: /tmp/dspot-experiments/dataset/april-2019/mustache.java_parent/compiler/target/dspot/TestResult.ser
Loading /tmp/dspot-experiments/dataset/april-2019/mustache.java_parent/compiler/target/dspot/TestResult.ser
[INFO] Test has been run: testSub,testSubSubCaching2,testParentReplace,testSubBlockCaching,testClientMethod,testMultipleExtensions,testFollow,testSubSubCaching,testNested,testPartialInSub,testSubInPartial,testSubSub
[INFO] 0 amplified test methods has been selected to be kept. (global: 0)
[INFO] elapsedTime 6592
[WARNING] DSpot could not obtain any amplified test method.
[WARNING] You can customize the following options: --amplifiers, --test-criterion, --iteration, --budgetizer etc, and retry with a new configuration.
[INFO] Amplification of com.github.mustachejava.functions.CommentTest (1 test(s))
[INFO] Assertion amplification of com.github.mustachejava.functions.CommentTest (1 test(s))
[INFO] Using /tmp/dspot-experiments/dataset/april-2019/mustache.java/compiler/pom.xml to run maven.
[INFO] Using /usr/share/maven/ for maven home
[INFO] run maven: /usr/share/maven//bin/mvn clean test -DskipTests
[WARN] Maven will be executed in interactive mode, but no input stream has been configured for this MavenInvoker instance.
[INFO] Scanning for projects...
[INFO]                                                                         
[INFO] ------------------------------------------------------------------------
[INFO] Building compiler 0.9.6-SNAPSHOT
[INFO] ------------------------------------------------------------------------
[INFO] 
[INFO] --- maven-clean-plugin:2.5:clean (default-clean) @ compiler ---
[INFO] Deleting /tmp/dspot-experiments/dataset/april-2019/mustache.java/compiler/target
[INFO] 
[INFO] --- maven-resources-plugin:2.6:resources (default-resources) @ compiler ---
[INFO] Using 'UTF-8' encoding to copy filtered resources.
[INFO] skip non existing resourceDirectory /tmp/dspot-experiments/dataset/april-2019/mustache.java/compiler/src/main/resources
[INFO] 
[INFO] --- maven-compiler-plugin:3.5.1:compile (default-compile) @ compiler ---
[INFO] Changes detected - recompiling the module!
[INFO] Compiling 60 source files to /tmp/dspot-experiments/dataset/april-2019/mustache.java/compiler/target/classes
[INFO] 
[INFO] --- maven-resources-plugin:2.6:testResources (default-testResources) @ compiler ---
[INFO] Using 'UTF-8' encoding to copy filtered resources.
[INFO] Copying 116 resources
[INFO] 
[INFO] --- maven-compiler-plugin:3.5.1:testCompile (default-testCompile) @ compiler ---
[INFO] Changes detected - recompiling the module!
[INFO] Compiling 43 source files to /tmp/dspot-experiments/dataset/april-2019/mustache.java/compiler/target/test-classes
[INFO] /tmp/dspot-experiments/dataset/april-2019/mustache.java/compiler/src/test/java/com/github/mustachejava/ConcurrencyTest.java: Some input files use or override a deprecated API.
[INFO] /tmp/dspot-experiments/dataset/april-2019/mustache.java/compiler/src/test/java/com/github/mustachejava/ConcurrencyTest.java: Recompile with -Xlint:deprecation for details.
[INFO] /tmp/dspot-experiments/dataset/april-2019/mustache.java/compiler/src/test/java/com/github/mustachejava/functions/CommentTest.java: Some input files use unchecked or unsafe operations.
[INFO] /tmp/dspot-experiments/dataset/april-2019/mustache.java/compiler/src/test/java/com/github/mustachejava/functions/CommentTest.java: Recompile with -Xlint:unchecked for details.
[INFO] 
[INFO] --- maven-surefire-plugin:2.19.1:test (default-test) @ compiler ---
[INFO] Tests are skipped.
[INFO] ------------------------------------------------------------------------
[INFO] BUILD SUCCESS
[INFO] ------------------------------------------------------------------------
[INFO] Total time: 2.632 s
[INFO] Finished at: 2019-05-07T17:59:55+02:00
[INFO] Final Memory: 24M/1963M
[INFO] ------------------------------------------------------------------------
[INFO] Compiling with -proceedOnError -encoding UTF-8 -cp /tmp/dspot-experiments/dataset/april-2019/mustache.java_parent/compiler/target/dspot/tmp_test_sources:/home/bedanglot/.m2/repository/junit/junit/4.11/junit-4.11.jar:/home/bedanglot/.m2/repository/org/hamcrest/hamcrest-core/1.3/hamcrest-core-1.3.jar:/home/bedanglot/.m2/repository/com/fasterxml/jackson/core/jackson-databind/2.7.4/jackson-databind-2.7.4.jar:/home/bedanglot/.m2/repository/com/fasterxml/jackson/core/jackson-annotations/2.7.0/jackson-annotations-2.7.0.jar:/home/bedanglot/.m2/repository/com/fasterxml/jackson/core/jackson-core/2.7.4/jackson-core-2.7.4.jar:/home/bedanglot/.m2/repository/com/fasterxml/jackson/dataformat/jackson-dataformat-yaml/2.7.4/jackson-dataformat-yaml-2.7.4.jar:/home/bedanglot/.m2/repository/org/yaml/snakeyaml/1.15/snakeyaml-1.15.jar:/home/bedanglot/.m2/repository/com/google/guava/guava/20.0/guava-20.0.jar:/tmp/dspot-experiments/dataset/april-2019/mustache.java_parent/compiler/target/classes/:/tmp/dspot-experiments/dataset/april-2019/mustache.java_parent/compiler/target/test-classes/:/tmp/dspot-experiments/dataset/april-2019/mustache.java_parent/compiler/target/dspot/dependencies/: -d /tmp/dspot-experiments/dataset/april-2019/mustache.java_parent/compiler/target/test-classes -1.8 -preserveAllLocals -noExit -enableJavadoc -proc:none /tmp/dspot-experiments/dataset/april-2019/mustache.java_parent/compiler/target/dspot/tmp_test_sources/com/github/mustachejava/functions/CommentTest.java
[INFO] Run: java -classpath /tmp/dspot-experiments/dataset/april-2019/mustache.java_parent/compiler/target/classes/:/tmp/dspot-experiments/dataset/april-2019/mustache.java_parent/compiler/target/test-classes:/home/bedanglot/.m2/repository/junit/junit/4.11/junit-4.11.jar:/home/bedanglot/.m2/repository/org/hamcrest/hamcrest-core/1.3/hamcrest-core-1.3.jar:/home/bedanglot/.m2/repository/com/fasterxml/jackson/core/jackson-databind/2.7.4/jackson-databind-2.7.4.jar:/home/bedanglot/.m2/repository/com/fasterxml/jackson/core/jackson-annotations/2.7.0/jackson-annotations-2.7.0.jar:/home/bedanglot/.m2/repository/com/fasterxml/jackson/core/jackson-core/2.7.4/jackson-core-2.7.4.jar:/home/bedanglot/.m2/repository/com/fasterxml/jackson/dataformat/jackson-dataformat-yaml/2.7.4/jackson-dataformat-yaml-2.7.4.jar:/home/bedanglot/.m2/repository/org/yaml/snakeyaml/1.15/snakeyaml-1.15.jar:/home/bedanglot/.m2/repository/com/google/guava/guava/20.0/guava-20.0.jar:/tmp/dspot-experiments/dataset/april-2019/mustache.java_parent/compiler/target/dspot/dependencies/:/home/bedanglot/.m2/repository/eu/stamp-project/test-runner/2.0.7/test-runner-2.0.7-jar-with-dependencies.jar eu.stamp_project.testrunner.runner.JUnit4Runner --class com.github.mustachejava.functions.CommentTest --tests testInlineCommentWithinExtendCodeBlock 
Parsing --class com.github.mustachejava.functions.CommentTest --tests testInlineCommentWithinExtendCodeBlock
File saved to the following path: /tmp/dspot-experiments/dataset/april-2019/mustache.java_parent/compiler/target/dspot/TestResult.ser
Loading /tmp/dspot-experiments/dataset/april-2019/mustache.java_parent/compiler/target/dspot/TestResult.ser
[INFO] Test has been run: testInlineCommentWithinExtendCodeBlock
[INFO] Run tests. (1)
[INFO] Compiling with -proceedOnError -encoding UTF-8 -cp /tmp/dspot-experiments/dataset/april-2019/mustache.java_parent/compiler/target/dspot/tmp_test_sources:/home/bedanglot/.m2/repository/junit/junit/4.11/junit-4.11.jar:/home/bedanglot/.m2/repository/org/hamcrest/hamcrest-core/1.3/hamcrest-core-1.3.jar:/home/bedanglot/.m2/repository/com/fasterxml/jackson/core/jackson-databind/2.7.4/jackson-databind-2.7.4.jar:/home/bedanglot/.m2/repository/com/fasterxml/jackson/core/jackson-annotations/2.7.0/jackson-annotations-2.7.0.jar:/home/bedanglot/.m2/repository/com/fasterxml/jackson/core/jackson-core/2.7.4/jackson-core-2.7.4.jar:/home/bedanglot/.m2/repository/com/fasterxml/jackson/dataformat/jackson-dataformat-yaml/2.7.4/jackson-dataformat-yaml-2.7.4.jar:/home/bedanglot/.m2/repository/org/yaml/snakeyaml/1.15/snakeyaml-1.15.jar:/home/bedanglot/.m2/repository/com/google/guava/guava/20.0/guava-20.0.jar:/tmp/dspot-experiments/dataset/april-2019/mustache.java_parent/compiler/target/classes/:/tmp/dspot-experiments/dataset/april-2019/mustache.java_parent/compiler/target/test-classes/:/tmp/dspot-experiments/dataset/april-2019/mustache.java_parent/compiler/target/dspot/dependencies/: -d /tmp/dspot-experiments/dataset/april-2019/mustache.java_parent/compiler/target/test-classes -1.8 -preserveAllLocals -noExit -enableJavadoc -proc:none /tmp/dspot-experiments/dataset/april-2019/mustache.java_parent/compiler/target/dspot/tmp_test_sources/com/github/mustachejava/functions/CommentTest.java
[INFO] Run: java -classpath /tmp/dspot-experiments/dataset/april-2019/mustache.java_parent/compiler/target/classes/:/tmp/dspot-experiments/dataset/april-2019/mustache.java_parent/compiler/target/test-classes:/home/bedanglot/.m2/repository/junit/junit/4.11/junit-4.11.jar:/home/bedanglot/.m2/repository/org/hamcrest/hamcrest-core/1.3/hamcrest-core-1.3.jar:/home/bedanglot/.m2/repository/com/fasterxml/jackson/core/jackson-databind/2.7.4/jackson-databind-2.7.4.jar:/home/bedanglot/.m2/repository/com/fasterxml/jackson/core/jackson-annotations/2.7.0/jackson-annotations-2.7.0.jar:/home/bedanglot/.m2/repository/com/fasterxml/jackson/core/jackson-core/2.7.4/jackson-core-2.7.4.jar:/home/bedanglot/.m2/repository/com/fasterxml/jackson/dataformat/jackson-dataformat-yaml/2.7.4/jackson-dataformat-yaml-2.7.4.jar:/home/bedanglot/.m2/repository/org/yaml/snakeyaml/1.15/snakeyaml-1.15.jar:/home/bedanglot/.m2/repository/com/google/guava/guava/20.0/guava-20.0.jar:/tmp/dspot-experiments/dataset/april-2019/mustache.java_parent/compiler/target/dspot/dependencies/:/home/bedanglot/.m2/repository/eu/stamp-project/test-runner/2.0.7/test-runner-2.0.7-jar-with-dependencies.jar eu.stamp_project.testrunner.runner.JUnit4Runner --class com.github.mustachejava.functions.CommentTest --tests testInlineCommentWithinExtendCodeBlock 
Parsing --class com.github.mustachejava.functions.CommentTest --tests testInlineCommentWithinExtendCodeBlock
File saved to the following path: /tmp/dspot-experiments/dataset/april-2019/mustache.java_parent/compiler/target/dspot/TestResult.ser
Loading /tmp/dspot-experiments/dataset/april-2019/mustache.java_parent/compiler/target/dspot/TestResult.ser
[INFO] Test has been run: testInlineCommentWithinExtendCodeBlock
[INFO] 1 test pass, generating assertion...
[INFO] Add observations points in passing tests.
[INFO] Instrumentation...
100% |================================================== ]/
[INFO] Run instrumented tests. (3)
[INFO] Compiling with -proceedOnError -encoding UTF-8 -cp /tmp/dspot-experiments/dataset/april-2019/mustache.java_parent/compiler/target/dspot/tmp_test_sources:/home/bedanglot/.m2/repository/junit/junit/4.11/junit-4.11.jar:/home/bedanglot/.m2/repository/org/hamcrest/hamcrest-core/1.3/hamcrest-core-1.3.jar:/home/bedanglot/.m2/repository/com/fasterxml/jackson/core/jackson-databind/2.7.4/jackson-databind-2.7.4.jar:/home/bedanglot/.m2/repository/com/fasterxml/jackson/core/jackson-annotations/2.7.0/jackson-annotations-2.7.0.jar:/home/bedanglot/.m2/repository/com/fasterxml/jackson/core/jackson-core/2.7.4/jackson-core-2.7.4.jar:/home/bedanglot/.m2/repository/com/fasterxml/jackson/dataformat/jackson-dataformat-yaml/2.7.4/jackson-dataformat-yaml-2.7.4.jar:/home/bedanglot/.m2/repository/org/yaml/snakeyaml/1.15/snakeyaml-1.15.jar:/home/bedanglot/.m2/repository/com/google/guava/guava/20.0/guava-20.0.jar:/tmp/dspot-experiments/dataset/april-2019/mustache.java_parent/compiler/target/classes/:/tmp/dspot-experiments/dataset/april-2019/mustache.java_parent/compiler/target/test-classes/:/tmp/dspot-experiments/dataset/april-2019/mustache.java_parent/compiler/target/dspot/dependencies/: -d /tmp/dspot-experiments/dataset/april-2019/mustache.java_parent/compiler/target/test-classes -1.8 -preserveAllLocals -noExit -enableJavadoc -proc:none /tmp/dspot-experiments/dataset/april-2019/mustache.java_parent/compiler/target/dspot/tmp_test_sources/com/github/mustachejava/functions/CommentTest.java
[INFO] Run: java -classpath /tmp/dspot-experiments/dataset/april-2019/mustache.java_parent/compiler/target/classes/:/tmp/dspot-experiments/dataset/april-2019/mustache.java_parent/compiler/target/test-classes:/home/bedanglot/.m2/repository/junit/junit/4.11/junit-4.11.jar:/home/bedanglot/.m2/repository/org/hamcrest/hamcrest-core/1.3/hamcrest-core-1.3.jar:/home/bedanglot/.m2/repository/com/fasterxml/jackson/core/jackson-databind/2.7.4/jackson-databind-2.7.4.jar:/home/bedanglot/.m2/repository/com/fasterxml/jackson/core/jackson-annotations/2.7.0/jackson-annotations-2.7.0.jar:/home/bedanglot/.m2/repository/com/fasterxml/jackson/core/jackson-core/2.7.4/jackson-core-2.7.4.jar:/home/bedanglot/.m2/repository/com/fasterxml/jackson/dataformat/jackson-dataformat-yaml/2.7.4/jackson-dataformat-yaml-2.7.4.jar:/home/bedanglot/.m2/repository/org/yaml/snakeyaml/1.15/snakeyaml-1.15.jar:/home/bedanglot/.m2/repository/com/google/guava/guava/20.0/guava-20.0.jar:/tmp/dspot-experiments/dataset/april-2019/mustache.java_parent/compiler/target/dspot/dependencies/:/home/bedanglot/.m2/repository/eu/stamp-project/test-runner/2.0.7/test-runner-2.0.7-jar-with-dependencies.jar eu.stamp_project.testrunner.runner.JUnit4Runner --class com.github.mustachejava.functions.CommentTest --tests testInlineCommentWithinExtendCodeBlock_withlog0:testInlineCommentWithinExtendCodeBlock_withlog1:testInlineCommentWithinExtendCodeBlock_withlog2 
Parsing --class com.github.mustachejava.functions.CommentTest --tests testInlineCommentWithinExtendCodeBlock_withlog0:testInlineCommentWithinExtendCodeBlock_withlog1:testInlineCommentWithinExtendCodeBlock_withlog2
File saved to the following path: /tmp/dspot-experiments/dataset/april-2019/mustache.java_parent/compiler/target/dspot/observations.ser
File saved to the following path: /tmp/dspot-experiments/dataset/april-2019/mustache.java_parent/compiler/target/dspot/TestResult.ser
Loading /tmp/dspot-experiments/dataset/april-2019/mustache.java_parent/compiler/target/dspot/TestResult.ser
[INFO] Test has been run: testInlineCommentWithinExtendCodeBlock_withlog0,testInlineCommentWithinExtendCodeBlock_withlog1,testInlineCommentWithinExtendCodeBlock_withlog2
[INFO] Generating assertions...
[INFO] 1 new tests with assertions generated
[INFO] Compiling with -proceedOnError -encoding UTF-8 -cp /tmp/dspot-experiments/dataset/april-2019/mustache.java_parent/compiler/target/dspot/tmp_test_sources:/home/bedanglot/.m2/repository/junit/junit/4.11/junit-4.11.jar:/home/bedanglot/.m2/repository/org/hamcrest/hamcrest-core/1.3/hamcrest-core-1.3.jar:/home/bedanglot/.m2/repository/com/fasterxml/jackson/core/jackson-databind/2.7.4/jackson-databind-2.7.4.jar:/home/bedanglot/.m2/repository/com/fasterxml/jackson/core/jackson-annotations/2.7.0/jackson-annotations-2.7.0.jar:/home/bedanglot/.m2/repository/com/fasterxml/jackson/core/jackson-core/2.7.4/jackson-core-2.7.4.jar:/home/bedanglot/.m2/repository/com/fasterxml/jackson/dataformat/jackson-dataformat-yaml/2.7.4/jackson-dataformat-yaml-2.7.4.jar:/home/bedanglot/.m2/repository/org/yaml/snakeyaml/1.15/snakeyaml-1.15.jar:/home/bedanglot/.m2/repository/com/google/guava/guava/20.0/guava-20.0.jar:/tmp/dspot-experiments/dataset/april-2019/mustache.java_parent/compiler/target/classes/:/tmp/dspot-experiments/dataset/april-2019/mustache.java_parent/compiler/target/test-classes/:/tmp/dspot-experiments/dataset/april-2019/mustache.java_parent/compiler/target/dspot/dependencies/: -d /tmp/dspot-experiments/dataset/april-2019/mustache.java_parent/compiler/target/test-classes -1.8 -preserveAllLocals -noExit -enableJavadoc -proc:none /tmp/dspot-experiments/dataset/april-2019/mustache.java_parent/compiler/target/dspot/tmp_test_sources/com/github/mustachejava/functions/CommentTest.java
[INFO] Run: java -classpath /tmp/dspot-experiments/dataset/april-2019/mustache.java_parent/compiler/target/classes/:/tmp/dspot-experiments/dataset/april-2019/mustache.java_parent/compiler/target/test-classes:/home/bedanglot/.m2/repository/junit/junit/4.11/junit-4.11.jar:/home/bedanglot/.m2/repository/org/hamcrest/hamcrest-core/1.3/hamcrest-core-1.3.jar:/home/bedanglot/.m2/repository/com/fasterxml/jackson/core/jackson-databind/2.7.4/jackson-databind-2.7.4.jar:/home/bedanglot/.m2/repository/com/fasterxml/jackson/core/jackson-annotations/2.7.0/jackson-annotations-2.7.0.jar:/home/bedanglot/.m2/repository/com/fasterxml/jackson/core/jackson-core/2.7.4/jackson-core-2.7.4.jar:/home/bedanglot/.m2/repository/com/fasterxml/jackson/dataformat/jackson-dataformat-yaml/2.7.4/jackson-dataformat-yaml-2.7.4.jar:/home/bedanglot/.m2/repository/org/yaml/snakeyaml/1.15/snakeyaml-1.15.jar:/home/bedanglot/.m2/repository/com/google/guava/guava/20.0/guava-20.0.jar:/tmp/dspot-experiments/dataset/april-2019/mustache.java_parent/compiler/target/dspot/dependencies/:/home/bedanglot/.m2/repository/eu/stamp-project/test-runner/2.0.7/test-runner-2.0.7-jar-with-dependencies.jar eu.stamp_project.testrunner.runner.JUnit4Runner --class com.github.mustachejava.functions.CommentTest --tests testInlineCommentWithinExtendCodeBlock 
Parsing --class com.github.mustachejava.functions.CommentTest --tests testInlineCommentWithinExtendCodeBlock
File saved to the following path: /tmp/dspot-experiments/dataset/april-2019/mustache.java_parent/compiler/target/dspot/TestResult.ser
Loading /tmp/dspot-experiments/dataset/april-2019/mustache.java_parent/compiler/target/dspot/TestResult.ser
[INFO] Test has been run: testInlineCommentWithinExtendCodeBlock
[INFO] Assertion amplification: 1 test method(s) has been successfully amplified.
[WARN] 2019-05-07 17:59:56 Launcher - You specified the directory /tmp/dspot-experiments/dataset/april-2019/mustache.java/compiler/target/classes in source classpath, please note that only class files will be considered. Jars and subdirectories will be ignored.
[WARN] 2019-05-07 17:59:56 Launcher - You specified the directory /tmp/dspot-experiments/dataset/april-2019/mustache.java/compiler/target/test-classes in source classpath, please note that only class files will be considered. Jars and subdirectories will be ignored.
[WARN] 2019-05-07 17:59:56 Launcher - You specified the directory /tmp/dspot-experiments/dataset/april-2019/mustache.java/compiler/target/dspot/dependencies in source classpath, please note that only class files will be considered. Jars and subdirectories will be ignored.
[INFO] Run: java -classpath /tmp/dspot-experiments/dataset/april-2019/mustache.java/compiler/target/classes/:/tmp/dspot-experiments/dataset/april-2019/mustache.java/compiler/target/test-classes/:/home/bedanglot/.m2/repository/junit/junit/4.11/junit-4.11.jar:/home/bedanglot/.m2/repository/org/hamcrest/hamcrest-core/1.3/hamcrest-core-1.3.jar:/home/bedanglot/.m2/repository/com/fasterxml/jackson/core/jackson-databind/2.7.4/jackson-databind-2.7.4.jar:/home/bedanglot/.m2/repository/com/fasterxml/jackson/core/jackson-annotations/2.7.0/jackson-annotations-2.7.0.jar:/home/bedanglot/.m2/repository/com/fasterxml/jackson/core/jackson-core/2.7.4/jackson-core-2.7.4.jar:/home/bedanglot/.m2/repository/com/fasterxml/jackson/dataformat/jackson-dataformat-yaml/2.7.4/jackson-dataformat-yaml-2.7.4.jar:/home/bedanglot/.m2/repository/org/yaml/snakeyaml/1.15/snakeyaml-1.15.jar:/home/bedanglot/.m2/repository/com/google/guava/guava/20.0/guava-20.0.jar:/tmp/dspot-experiments/dataset/april-2019/mustache.java/compiler/target/dspot/dependencies/:/home/bedanglot/.m2/repository/eu/stamp-project/test-runner/2.0.7/test-runner-2.0.7-jar-with-dependencies.jar eu.stamp_project.testrunner.runner.JUnit4Runner --class com.github.mustachejava.functions.CommentTest --tests testInlineCommentWithinExtendCodeBlock 
Parsing --class com.github.mustachejava.functions.CommentTest --tests testInlineCommentWithinExtendCodeBlock
File saved to the following path: /tmp/dspot-experiments/dataset/april-2019/mustache.java_parent/compiler/target/dspot/TestResult.ser
Loading /tmp/dspot-experiments/dataset/april-2019/mustache.java_parent/compiler/target/dspot/TestResult.ser
[INFO] Test has been run: testInlineCommentWithinExtendCodeBlock
[INFO] 0 amplified test methods has been selected to be kept. (global: 0)
[INFO] elapsedTime 5367
[WARNING] DSpot could not obtain any amplified test method.
[WARNING] You can customize the following options: --amplifiers, --test-criterion, --iteration, --budgetizer etc, and retry with a new configuration.
[INFO] Amplification of com.github.mustachejava.SpecTest (4 test(s))
[INFO] Assertion amplification of com.github.mustachejava.SpecTest (4 test(s))
[INFO] Using /tmp/dspot-experiments/dataset/april-2019/mustache.java/compiler/pom.xml to run maven.
[INFO] Using /usr/share/maven/ for maven home
[INFO] run maven: /usr/share/maven//bin/mvn clean test -DskipTests
[WARN] Maven will be executed in interactive mode, but no input stream has been configured for this MavenInvoker instance.
[INFO] Scanning for projects...
[INFO]                                                                         
[INFO] ------------------------------------------------------------------------
[INFO] Building compiler 0.9.6-SNAPSHOT
[INFO] ------------------------------------------------------------------------
[INFO] 
[INFO] --- maven-clean-plugin:2.5:clean (default-clean) @ compiler ---
[INFO] Deleting /tmp/dspot-experiments/dataset/april-2019/mustache.java/compiler/target
[INFO] 
[INFO] --- maven-resources-plugin:2.6:resources (default-resources) @ compiler ---
[INFO] Using 'UTF-8' encoding to copy filtered resources.
[INFO] skip non existing resourceDirectory /tmp/dspot-experiments/dataset/april-2019/mustache.java/compiler/src/main/resources
[INFO] 
[INFO] --- maven-compiler-plugin:3.5.1:compile (default-compile) @ compiler ---
[INFO] Changes detected - recompiling the module!
[INFO] Compiling 60 source files to /tmp/dspot-experiments/dataset/april-2019/mustache.java/compiler/target/classes
[INFO] 
[INFO] --- maven-resources-plugin:2.6:testResources (default-testResources) @ compiler ---
[INFO] Using 'UTF-8' encoding to copy filtered resources.
[INFO] Copying 116 resources
[INFO] 
[INFO] --- maven-compiler-plugin:3.5.1:testCompile (default-testCompile) @ compiler ---
[INFO] Changes detected - recompiling the module!
[INFO] Compiling 43 source files to /tmp/dspot-experiments/dataset/april-2019/mustache.java/compiler/target/test-classes
[INFO] /tmp/dspot-experiments/dataset/april-2019/mustache.java/compiler/src/test/java/com/github/mustachejava/ConcurrencyTest.java: Some input files use or override a deprecated API.
[INFO] /tmp/dspot-experiments/dataset/april-2019/mustache.java/compiler/src/test/java/com/github/mustachejava/ConcurrencyTest.java: Recompile with -Xlint:deprecation for details.
[INFO] /tmp/dspot-experiments/dataset/april-2019/mustache.java/compiler/src/test/java/com/github/mustachejava/functions/CommentTest.java: Some input files use unchecked or unsafe operations.
[INFO] /tmp/dspot-experiments/dataset/april-2019/mustache.java/compiler/src/test/java/com/github/mustachejava/functions/CommentTest.java: Recompile with -Xlint:unchecked for details.
[INFO] 
[INFO] --- maven-surefire-plugin:2.19.1:test (default-test) @ compiler ---
[INFO] Tests are skipped.
[INFO] ------------------------------------------------------------------------
[INFO] BUILD SUCCESS
[INFO] ------------------------------------------------------------------------
[INFO] Total time: 2.728 s
[INFO] Finished at: 2019-05-07T18:00:01+02:00
[INFO] Final Memory: 27M/2099M
[INFO] ------------------------------------------------------------------------
[INFO] Compiling with -proceedOnError -encoding UTF-8 -cp /tmp/dspot-experiments/dataset/april-2019/mustache.java_parent/compiler/target/dspot/tmp_test_sources:/home/bedanglot/.m2/repository/junit/junit/4.11/junit-4.11.jar:/home/bedanglot/.m2/repository/org/hamcrest/hamcrest-core/1.3/hamcrest-core-1.3.jar:/home/bedanglot/.m2/repository/com/fasterxml/jackson/core/jackson-databind/2.7.4/jackson-databind-2.7.4.jar:/home/bedanglot/.m2/repository/com/fasterxml/jackson/core/jackson-annotations/2.7.0/jackson-annotations-2.7.0.jar:/home/bedanglot/.m2/repository/com/fasterxml/jackson/core/jackson-core/2.7.4/jackson-core-2.7.4.jar:/home/bedanglot/.m2/repository/com/fasterxml/jackson/dataformat/jackson-dataformat-yaml/2.7.4/jackson-dataformat-yaml-2.7.4.jar:/home/bedanglot/.m2/repository/org/yaml/snakeyaml/1.15/snakeyaml-1.15.jar:/home/bedanglot/.m2/repository/com/google/guava/guava/20.0/guava-20.0.jar:/tmp/dspot-experiments/dataset/april-2019/mustache.java_parent/compiler/target/classes/:/tmp/dspot-experiments/dataset/april-2019/mustache.java_parent/compiler/target/test-classes/:/tmp/dspot-experiments/dataset/april-2019/mustache.java_parent/compiler/target/dspot/dependencies/: -d /tmp/dspot-experiments/dataset/april-2019/mustache.java_parent/compiler/target/test-classes -1.8 -preserveAllLocals -noExit -enableJavadoc -proc:none /tmp/dspot-experiments/dataset/april-2019/mustache.java_parent/compiler/target/dspot/tmp_test_sources/com/github/mustachejava/SpecTest.java
[INFO] Run: java -classpath /tmp/dspot-experiments/dataset/april-2019/mustache.java_parent/compiler/target/classes/:/tmp/dspot-experiments/dataset/april-2019/mustache.java_parent/compiler/target/test-classes:/home/bedanglot/.m2/repository/junit/junit/4.11/junit-4.11.jar:/home/bedanglot/.m2/repository/org/hamcrest/hamcrest-core/1.3/hamcrest-core-1.3.jar:/home/bedanglot/.m2/repository/com/fasterxml/jackson/core/jackson-databind/2.7.4/jackson-databind-2.7.4.jar:/home/bedanglot/.m2/repository/com/fasterxml/jackson/core/jackson-annotations/2.7.0/jackson-annotations-2.7.0.jar:/home/bedanglot/.m2/repository/com/fasterxml/jackson/core/jackson-core/2.7.4/jackson-core-2.7.4.jar:/home/bedanglot/.m2/repository/com/fasterxml/jackson/dataformat/jackson-dataformat-yaml/2.7.4/jackson-dataformat-yaml-2.7.4.jar:/home/bedanglot/.m2/repository/org/yaml/snakeyaml/1.15/snakeyaml-1.15.jar:/home/bedanglot/.m2/repository/com/google/guava/guava/20.0/guava-20.0.jar:/tmp/dspot-experiments/dataset/april-2019/mustache.java_parent/compiler/target/dspot/dependencies/:/home/bedanglot/.m2/repository/eu/stamp-project/test-runner/2.0.7/test-runner-2.0.7-jar-with-dependencies.jar eu.stamp_project.testrunner.runner.JUnit4Runner --class com.github.mustachejava.SpecTest --tests delimiters:partials:delimiters:partials 
Parsing --class com.github.mustachejava.SpecTest --tests delimiters:partials:delimiters:partials
Running Pair Behavior - The equals sign (used on both sides) should permit delimiter changes.: success!
Running Special Characters - Characters with special meaning regexen should be valid delimiters.: success!
Running Sections - Delimiters set outside sections should persist.: success, whitespace differences.
Running Inverted Sections - Delimiters set outside inverted sections should persist.: success, whitespace differences.
Running Partial Inheritence - Delimiters set in a parent template should not affect a partial.: success, whitespace differences.
Running Post-Partial Behavior - Delimiters set in a partial should not affect the parent template.: success!
Running Surrounding Whitespace - Surrounding whitespace should be left untouched.: success!
Running Outlying Whitespace (Inline) - Whitespace should be left untouched.: success!
Running Standalone Tag - Standalone lines should be removed from the template.: success, whitespace differences.
Running Indented Standalone Tag - Indented standalone lines should be removed from the template.: success, whitespace differences.
Running Standalone Line Endings - "\r\n" should be considered a newline for standalone tags.: success, whitespace differences.
Running Standalone Without Previous Line - Standalone tags should not require a newline to precede them.: success, whitespace differences.
Running Standalone Without Newline - Standalone tags should not require a newline to follow them.: success, whitespace differences.
Running Pair with Padding - Superfluous in-tag whitespace should be ignored.: success!
Success: 14 Whitespace: 8 Fail: 0
Running Basic Behavior - The greater-than operator should expand to the named partial.: success!
Running Failed Lookup - The empty string should be used when the named partial is not found.: success!
Running Context - The greater-than operator should operate within the current context.: success!
Running Recursion - The greater-than operator should properly recurse.: success!
Running Surrounding Whitespace - The greater-than operator should not alter surrounding whitespace.: success!
Running Inline Indentation - Whitespace should be left untouched.: success!
Running Standalone Line Endings - "\r\n" should be considered a newline for standalone tags.: success, whitespace differences.
Running Standalone Without Previous Line - Standalone tags should not require a newline to precede them.: success, whitespace differences.
Running Standalone Without Newline - Standalone tags should not require a newline to follow them.: success, whitespace differences.
Running Standalone Indentation - Each line of the partial should be indented before rendering.: success, whitespace differences.
Running Padding Whitespace - Superfluous in-tag whitespace should be ignored.: success!
Success: 11 Whitespace: 4 Fail: 0
File saved to the following path: /tmp/dspot-experiments/dataset/april-2019/mustache.java_parent/compiler/target/dspot/TestResult.ser
Loading /tmp/dspot-experiments/dataset/april-2019/mustache.java_parent/compiler/target/dspot/TestResult.ser
[INFO] Test has been run: delimiters,partials
[INFO] Run tests. (4)
[INFO] Compiling with -proceedOnError -encoding UTF-8 -cp /tmp/dspot-experiments/dataset/april-2019/mustache.java_parent/compiler/target/dspot/tmp_test_sources:/home/bedanglot/.m2/repository/junit/junit/4.11/junit-4.11.jar:/home/bedanglot/.m2/repository/org/hamcrest/hamcrest-core/1.3/hamcrest-core-1.3.jar:/home/bedanglot/.m2/repository/com/fasterxml/jackson/core/jackson-databind/2.7.4/jackson-databind-2.7.4.jar:/home/bedanglot/.m2/repository/com/fasterxml/jackson/core/jackson-annotations/2.7.0/jackson-annotations-2.7.0.jar:/home/bedanglot/.m2/repository/com/fasterxml/jackson/core/jackson-core/2.7.4/jackson-core-2.7.4.jar:/home/bedanglot/.m2/repository/com/fasterxml/jackson/dataformat/jackson-dataformat-yaml/2.7.4/jackson-dataformat-yaml-2.7.4.jar:/home/bedanglot/.m2/repository/org/yaml/snakeyaml/1.15/snakeyaml-1.15.jar:/home/bedanglot/.m2/repository/com/google/guava/guava/20.0/guava-20.0.jar:/tmp/dspot-experiments/dataset/april-2019/mustache.java_parent/compiler/target/classes/:/tmp/dspot-experiments/dataset/april-2019/mustache.java_parent/compiler/target/test-classes/:/tmp/dspot-experiments/dataset/april-2019/mustache.java_parent/compiler/target/dspot/dependencies/: -d /tmp/dspot-experiments/dataset/april-2019/mustache.java_parent/compiler/target/test-classes -1.8 -preserveAllLocals -noExit -enableJavadoc -proc:none /tmp/dspot-experiments/dataset/april-2019/mustache.java_parent/compiler/target/dspot/tmp_test_sources/com/github/mustachejava/SpecTest.java
[INFO] Run: java -classpath /tmp/dspot-experiments/dataset/april-2019/mustache.java_parent/compiler/target/classes/:/tmp/dspot-experiments/dataset/april-2019/mustache.java_parent/compiler/target/test-classes:/home/bedanglot/.m2/repository/junit/junit/4.11/junit-4.11.jar:/home/bedanglot/.m2/repository/org/hamcrest/hamcrest-core/1.3/hamcrest-core-1.3.jar:/home/bedanglot/.m2/repository/com/fasterxml/jackson/core/jackson-databind/2.7.4/jackson-databind-2.7.4.jar:/home/bedanglot/.m2/repository/com/fasterxml/jackson/core/jackson-annotations/2.7.0/jackson-annotations-2.7.0.jar:/home/bedanglot/.m2/repository/com/fasterxml/jackson/core/jackson-core/2.7.4/jackson-core-2.7.4.jar:/home/bedanglot/.m2/repository/com/fasterxml/jackson/dataformat/jackson-dataformat-yaml/2.7.4/jackson-dataformat-yaml-2.7.4.jar:/home/bedanglot/.m2/repository/org/yaml/snakeyaml/1.15/snakeyaml-1.15.jar:/home/bedanglot/.m2/repository/com/google/guava/guava/20.0/guava-20.0.jar:/tmp/dspot-experiments/dataset/april-2019/mustache.java_parent/compiler/target/dspot/dependencies/:/home/bedanglot/.m2/repository/eu/stamp-project/test-runner/2.0.7/test-runner-2.0.7-jar-with-dependencies.jar eu.stamp_project.testrunner.runner.JUnit4Runner --class com.github.mustachejava.SpecTest --tests delimiters:partials:delimiters:partials 
Parsing --class com.github.mustachejava.SpecTest --tests delimiters:partials:delimiters:partials
Running Pair Behavior - The equals sign (used on both sides) should permit delimiter changes.: success!
Running Special Characters - Characters with special meaning regexen should be valid delimiters.: success!
Running Sections - Delimiters set outside sections should persist.: success, whitespace differences.
Running Inverted Sections - Delimiters set outside inverted sections should persist.: success, whitespace differences.
Running Partial Inheritence - Delimiters set in a parent template should not affect a partial.: success, whitespace differences.
Running Post-Partial Behavior - Delimiters set in a partial should not affect the parent template.: success!
Running Surrounding Whitespace - Surrounding whitespace should be left untouched.: success!
Running Outlying Whitespace (Inline) - Whitespace should be left untouched.: success!
Running Standalone Tag - Standalone lines should be removed from the template.: success, whitespace differences.
Running Indented Standalone Tag - Indented standalone lines should be removed from the template.: success, whitespace differences.
Running Standalone Line Endings - "\r\n" should be considered a newline for standalone tags.: success, whitespace differences.
Running Standalone Without Previous Line - Standalone tags should not require a newline to precede them.: success, whitespace differences.
Running Standalone Without Newline - Standalone tags should not require a newline to follow them.: success, whitespace differences.
Running Pair with Padding - Superfluous in-tag whitespace should be ignored.: success!
Success: 14 Whitespace: 8 Fail: 0
Running Basic Behavior - The greater-than operator should expand to the named partial.: success!
Running Failed Lookup - The empty string should be used when the named partial is not found.: success!
Running Context - The greater-than operator should operate within the current context.: success!
Running Recursion - The greater-than operator should properly recurse.: success!
Running Surrounding Whitespace - The greater-than operator should not alter surrounding whitespace.: success!
Running Inline Indentation - Whitespace should be left untouched.: success!
Running Standalone Line Endings - "\r\n" should be considered a newline for standalone tags.: success, whitespace differences.
Running Standalone Without Previous Line - Standalone tags should not require a newline to precede them.: success, whitespace differences.
Running Standalone Without Newline - Standalone tags should not require a newline to follow them.: success, whitespace differences.
Running Standalone Indentation - Each line of the partial should be indented before rendering.: success, whitespace differences.
Running Padding Whitespace - Superfluous in-tag whitespace should be ignored.: success!
Success: 11 Whitespace: 4 Fail: 0
File saved to the following path: /tmp/dspot-experiments/dataset/april-2019/mustache.java_parent/compiler/target/dspot/TestResult.ser
Loading /tmp/dspot-experiments/dataset/april-2019/mustache.java_parent/compiler/target/dspot/TestResult.ser
[INFO] Test has been run: delimiters,partials
[INFO] 2 test pass, generating assertion...
[INFO] Add observations points in passing tests.
[INFO] Instrumentation...
 25% |============ ]/ 50% |========================= ]- 25% |========================= ]/ 50% |========================= ]-[INFO] Run instrumented tests. (12)
[INFO] Compiling with -proceedOnError -encoding UTF-8 -cp /tmp/dspot-experiments/dataset/april-2019/mustache.java_parent/compiler/target/dspot/tmp_test_sources:/home/bedanglot/.m2/repository/junit/junit/4.11/junit-4.11.jar:/home/bedanglot/.m2/repository/org/hamcrest/hamcrest-core/1.3/hamcrest-core-1.3.jar:/home/bedanglot/.m2/repository/com/fasterxml/jackson/core/jackson-databind/2.7.4/jackson-databind-2.7.4.jar:/home/bedanglot/.m2/repository/com/fasterxml/jackson/core/jackson-annotations/2.7.0/jackson-annotations-2.7.0.jar:/home/bedanglot/.m2/repository/com/fasterxml/jackson/core/jackson-core/2.7.4/jackson-core-2.7.4.jar:/home/bedanglot/.m2/repository/com/fasterxml/jackson/dataformat/jackson-dataformat-yaml/2.7.4/jackson-dataformat-yaml-2.7.4.jar:/home/bedanglot/.m2/repository/org/yaml/snakeyaml/1.15/snakeyaml-1.15.jar:/home/bedanglot/.m2/repository/com/google/guava/guava/20.0/guava-20.0.jar:/tmp/dspot-experiments/dataset/april-2019/mustache.java_parent/compiler/target/classes/:/tmp/dspot-experiments/dataset/april-2019/mustache.java_parent/compiler/target/test-classes/:/tmp/dspot-experiments/dataset/april-2019/mustache.java_parent/compiler/target/dspot/dependencies/: -d /tmp/dspot-experiments/dataset/april-2019/mustache.java_parent/compiler/target/test-classes -1.8 -preserveAllLocals -noExit -enableJavadoc -proc:none /tmp/dspot-experiments/dataset/april-2019/mustache.java_parent/compiler/target/dspot/tmp_test_sources/com/github/mustachejava/SpecTest.java
[INFO] Run: java -classpath /tmp/dspot-experiments/dataset/april-2019/mustache.java_parent/compiler/target/classes/:/tmp/dspot-experiments/dataset/april-2019/mustache.java_parent/compiler/target/test-classes:/home/bedanglot/.m2/repository/junit/junit/4.11/junit-4.11.jar:/home/bedanglot/.m2/repository/org/hamcrest/hamcrest-core/1.3/hamcrest-core-1.3.jar:/home/bedanglot/.m2/repository/com/fasterxml/jackson/core/jackson-databind/2.7.4/jackson-databind-2.7.4.jar:/home/bedanglot/.m2/repository/com/fasterxml/jackson/core/jackson-annotations/2.7.0/jackson-annotations-2.7.0.jar:/home/bedanglot/.m2/repository/com/fasterxml/jackson/core/jackson-core/2.7.4/jackson-core-2.7.4.jar:/home/bedanglot/.m2/repository/com/fasterxml/jackson/dataformat/jackson-dataformat-yaml/2.7.4/jackson-dataformat-yaml-2.7.4.jar:/home/bedanglot/.m2/repository/org/yaml/snakeyaml/1.15/snakeyaml-1.15.jar:/home/bedanglot/.m2/repository/com/google/guava/guava/20.0/guava-20.0.jar:/tmp/dspot-experiments/dataset/april-2019/mustache.java_parent/compiler/target/dspot/dependencies/:/home/bedanglot/.m2/repository/eu/stamp-project/test-runner/2.0.7/test-runner-2.0.7-jar-with-dependencies.jar eu.stamp_project.testrunner.runner.JUnit4Runner --class com.github.mustachejava.SpecTest --tests delimiters_withlog0:partials_withlog0:delimiters_withlog0:partials_withlog0:delimiters_withlog1:partials_withlog1:delimiters_withlog1:partials_withlog1:delimiters_withlog2:partials_withlog2:delimiters_withlog2:partials_withlog2 
Parsing --class com.github.mustachejava.SpecTest --tests delimiters_withlog0:partials_withlog0:delimiters_withlog0:partials_withlog0:delimiters_withlog1:partials_withlog1:delimiters_withlog1:partials_withlog1:delimiters_withlog2:partials_withlog2:delimiters_withlog2:partials_withlog2
Running Basic Behavior - The greater-than operator should expand to the named partial.: success!
Running Failed Lookup - The empty string should be used when the named partial is not found.: success!
Running Context - The greater-than operator should operate within the current context.: success!
Running Recursion - The greater-than operator should properly recurse.: success!
Running Surrounding Whitespace - The greater-than operator should not alter surrounding whitespace.: success!
Running Inline Indentation - Whitespace should be left untouched.: success!
Running Standalone Line Endings - "\r\n" should be considered a newline for standalone tags.: success, whitespace differences.
Running Standalone Without Previous Line - Standalone tags should not require a newline to precede them.: success, whitespace differences.
Running Standalone Without Newline - Standalone tags should not require a newline to follow them.: success, whitespace differences.
Running Standalone Indentation - Each line of the partial should be indented before rendering.: success, whitespace differences.
Running Padding Whitespace - Superfluous in-tag whitespace should be ignored.: success!
Success: 11 Whitespace: 4 Fail: 0
Running Basic Behavior - The greater-than operator should expand to the named partial.: success!
Running Failed Lookup - The empty string should be used when the named partial is not found.: success!
Running Context - The greater-than operator should operate within the current context.: success!
Running Recursion - The greater-than operator should properly recurse.: success!
Running Surrounding Whitespace - The greater-than operator should not alter surrounding whitespace.: success!
Running Inline Indentation - Whitespace should be left untouched.: success!
Running Standalone Line Endings - "\r\n" should be considered a newline for standalone tags.: success, whitespace differences.
Running Standalone Without Previous Line - Standalone tags should not require a newline to precede them.: success, whitespace differences.
Running Standalone Without Newline - Standalone tags should not require a newline to follow them.: success, whitespace differences.
Running Standalone Indentation - Each line of the partial should be indented before rendering.: success, whitespace differences.
Running Padding Whitespace - Superfluous in-tag whitespace should be ignored.: success!
Success: 11 Whitespace: 4 Fail: 0
Running Basic Behavior - The greater-than operator should expand to the named partial.: success!
Running Failed Lookup - The empty string should be used when the named partial is not found.: success!
Running Context - The greater-than operator should operate within the current context.: success!
Running Recursion - The greater-than operator should properly recurse.: success!
Running Surrounding Whitespace - The greater-than operator should not alter surrounding whitespace.: success!
Running Inline Indentation - Whitespace should be left untouched.: success!
Running Standalone Line Endings - "\r\n" should be considered a newline for standalone tags.: success, whitespace differences.
Running Standalone Without Previous Line - Standalone tags should not require a newline to precede them.: success, whitespace differences.
Running Standalone Without Newline - Standalone tags should not require a newline to follow them.: success, whitespace differences.
Running Standalone Indentation - Each line of the partial should be indented before rendering.: success, whitespace differences.
Running Padding Whitespace - Superfluous in-tag whitespace should be ignored.: success!
Success: 11 Whitespace: 4 Fail: 0
Running Pair Behavior - The equals sign (used on both sides) should permit delimiter changes.: success!
Running Special Characters - Characters with special meaning regexen should be valid delimiters.: success!
Running Sections - Delimiters set outside sections should persist.: success, whitespace differences.
Running Inverted Sections - Delimiters set outside inverted sections should persist.: success, whitespace differences.
Running Partial Inheritence - Delimiters set in a parent template should not affect a partial.: success, whitespace differences.
Running Post-Partial Behavior - Delimiters set in a partial should not affect the parent template.: success!
Running Surrounding Whitespace - Surrounding whitespace should be left untouched.: success!
Running Outlying Whitespace (Inline) - Whitespace should be left untouched.: success!
Running Standalone Tag - Standalone lines should be removed from the template.: success, whitespace differences.
Running Indented Standalone Tag - Indented standalone lines should be removed from the template.: success, whitespace differences.
Running Standalone Line Endings - "\r\n" should be considered a newline for standalone tags.: success, whitespace differences.
Running Standalone Without Previous Line - Standalone tags should not require a newline to precede them.: success, whitespace differences.
Running Standalone Without Newline - Standalone tags should not require a newline to follow them.: success, whitespace differences.
Running Pair with Padding - Superfluous in-tag whitespace should be ignored.: success!
Success: 14 Whitespace: 8 Fail: 0
Running Pair Behavior - The equals sign (used on both sides) should permit delimiter changes.: success!
Running Special Characters - Characters with special meaning regexen should be valid delimiters.: success!
Running Sections - Delimiters set outside sections should persist.: success, whitespace differences.
Running Inverted Sections - Delimiters set outside inverted sections should persist.: success, whitespace differences.
Running Partial Inheritence - Delimiters set in a parent template should not affect a partial.: success, whitespace differences.
Running Post-Partial Behavior - Delimiters set in a partial should not affect the parent template.: success!
Running Surrounding Whitespace - Surrounding whitespace should be left untouched.: success!
Running Outlying Whitespace (Inline) - Whitespace should be left untouched.: success!
Running Standalone Tag - Standalone lines should be removed from the template.: success, whitespace differences.
Running Indented Standalone Tag - Indented standalone lines should be removed from the template.: success, whitespace differences.
Running Standalone Line Endings - "\r\n" should be considered a newline for standalone tags.: success, whitespace differences.
Running Standalone Without Previous Line - Standalone tags should not require a newline to precede them.: success, whitespace differences.
Running Standalone Without Newline - Standalone tags should not require a newline to follow them.: success, whitespace differences.
Running Pair with Padding - Superfluous in-tag whitespace should be ignored.: success!
Success: 14 Whitespace: 8 Fail: 0
Running Pair Behavior - The equals sign (used on both sides) should permit delimiter changes.: success!
Running Special Characters - Characters with special meaning regexen should be valid delimiters.: success!
Running Sections - Delimiters set outside sections should persist.: success, whitespace differences.
Running Inverted Sections - Delimiters set outside inverted sections should persist.: success, whitespace differences.
Running Partial Inheritence - Delimiters set in a parent template should not affect a partial.: success, whitespace differences.
Running Post-Partial Behavior - Delimiters set in a partial should not affect the parent template.: success!
Running Surrounding Whitespace - Surrounding whitespace should be left untouched.: success!
Running Outlying Whitespace (Inline) - Whitespace should be left untouched.: success!
Running Standalone Tag - Standalone lines should be removed from the template.: success, whitespace differences.
Running Indented Standalone Tag - Indented standalone lines should be removed from the template.: success, whitespace differences.
Running Standalone Line Endings - "\r\n" should be considered a newline for standalone tags.: success, whitespace differences.
Running Standalone Without Previous Line - Standalone tags should not require a newline to precede them.: success, whitespace differences.
Running Standalone Without Newline - Standalone tags should not require a newline to follow them.: success, whitespace differences.
Running Pair with Padding - Superfluous in-tag whitespace should be ignored.: success!
Success: 14 Whitespace: 8 Fail: 0
File saved to the following path: /tmp/dspot-experiments/dataset/april-2019/mustache.java_parent/compiler/target/dspot/observations.ser
File saved to the following path: /tmp/dspot-experiments/dataset/april-2019/mustache.java_parent/compiler/target/dspot/TestResult.ser
Loading /tmp/dspot-experiments/dataset/april-2019/mustache.java_parent/compiler/target/dspot/TestResult.ser
[INFO] Test has been run: partials_withlog0,partials_withlog1,partials_withlog2,delimiters_withlog0,delimiters_withlog1,delimiters_withlog2
[INFO] Generating assertions...
[INFO] Could not generate any test with assertions
[INFO] 0 amplified test methods has been selected to be kept. (global: 0)
[INFO] elapsedTime 5939
[WARNING] DSpot could not obtain any amplified test method.
[WARNING] You can customize the following options: --amplifiers, --test-criterion, --iteration, --budgetizer etc, and retry with a new configuration.
[INFO] Amplification of com.github.mustachejava.NestedPartialTest (1 test(s))
[INFO] Assertion amplification of com.github.mustachejava.NestedPartialTest (1 test(s))
[INFO] Using /tmp/dspot-experiments/dataset/april-2019/mustache.java/compiler/pom.xml to run maven.
[INFO] Using /usr/share/maven/ for maven home
[INFO] run maven: /usr/share/maven//bin/mvn clean test -DskipTests
[WARN] Maven will be executed in interactive mode, but no input stream has been configured for this MavenInvoker instance.
[INFO] Scanning for projects...
[INFO]                                                                         
[INFO] ------------------------------------------------------------------------
[INFO] Building compiler 0.9.6-SNAPSHOT
[INFO] ------------------------------------------------------------------------
[INFO] 
[INFO] --- maven-clean-plugin:2.5:clean (default-clean) @ compiler ---
[INFO] Deleting /tmp/dspot-experiments/dataset/april-2019/mustache.java/compiler/target
[INFO] 
[INFO] --- maven-resources-plugin:2.6:resources (default-resources) @ compiler ---
[INFO] Using 'UTF-8' encoding to copy filtered resources.
[INFO] skip non existing resourceDirectory /tmp/dspot-experiments/dataset/april-2019/mustache.java/compiler/src/main/resources
[INFO] 
[INFO] --- maven-compiler-plugin:3.5.1:compile (default-compile) @ compiler ---
[INFO] Changes detected - recompiling the module!
[INFO] Compiling 60 source files to /tmp/dspot-experiments/dataset/april-2019/mustache.java/compiler/target/classes
[INFO] 
[INFO] --- maven-resources-plugin:2.6:testResources (default-testResources) @ compiler ---
[INFO] Using 'UTF-8' encoding to copy filtered resources.
[INFO] Copying 116 resources
[INFO] 
[INFO] --- maven-compiler-plugin:3.5.1:testCompile (default-testCompile) @ compiler ---
[INFO] Changes detected - recompiling the module!
[INFO] Compiling 43 source files to /tmp/dspot-experiments/dataset/april-2019/mustache.java/compiler/target/test-classes
[INFO] /tmp/dspot-experiments/dataset/april-2019/mustache.java/compiler/src/test/java/com/github/mustachejava/ConcurrencyTest.java: Some input files use or override a deprecated API.
[INFO] /tmp/dspot-experiments/dataset/april-2019/mustache.java/compiler/src/test/java/com/github/mustachejava/ConcurrencyTest.java: Recompile with -Xlint:deprecation for details.
[INFO] /tmp/dspot-experiments/dataset/april-2019/mustache.java/compiler/src/test/java/com/github/mustachejava/functions/CommentTest.java: Some input files use unchecked or unsafe operations.
[INFO] /tmp/dspot-experiments/dataset/april-2019/mustache.java/compiler/src/test/java/com/github/mustachejava/functions/CommentTest.java: Recompile with -Xlint:unchecked for details.
[INFO] 
[INFO] --- maven-surefire-plugin:2.19.1:test (default-test) @ compiler ---
[INFO] Tests are skipped.
[INFO] ------------------------------------------------------------------------
[INFO] BUILD SUCCESS
[INFO] ------------------------------------------------------------------------
[INFO] Total time: 2.604 s
[INFO] Finished at: 2019-05-07T18:00:07+02:00
[INFO] Final Memory: 24M/1963M
[INFO] ------------------------------------------------------------------------
[INFO] Compiling with -proceedOnError -encoding UTF-8 -cp /tmp/dspot-experiments/dataset/april-2019/mustache.java_parent/compiler/target/dspot/tmp_test_sources:/home/bedanglot/.m2/repository/junit/junit/4.11/junit-4.11.jar:/home/bedanglot/.m2/repository/org/hamcrest/hamcrest-core/1.3/hamcrest-core-1.3.jar:/home/bedanglot/.m2/repository/com/fasterxml/jackson/core/jackson-databind/2.7.4/jackson-databind-2.7.4.jar:/home/bedanglot/.m2/repository/com/fasterxml/jackson/core/jackson-annotations/2.7.0/jackson-annotations-2.7.0.jar:/home/bedanglot/.m2/repository/com/fasterxml/jackson/core/jackson-core/2.7.4/jackson-core-2.7.4.jar:/home/bedanglot/.m2/repository/com/fasterxml/jackson/dataformat/jackson-dataformat-yaml/2.7.4/jackson-dataformat-yaml-2.7.4.jar:/home/bedanglot/.m2/repository/org/yaml/snakeyaml/1.15/snakeyaml-1.15.jar:/home/bedanglot/.m2/repository/com/google/guava/guava/20.0/guava-20.0.jar:/tmp/dspot-experiments/dataset/april-2019/mustache.java_parent/compiler/target/classes/:/tmp/dspot-experiments/dataset/april-2019/mustache.java_parent/compiler/target/test-classes/:/tmp/dspot-experiments/dataset/april-2019/mustache.java_parent/compiler/target/dspot/dependencies/: -d /tmp/dspot-experiments/dataset/april-2019/mustache.java_parent/compiler/target/test-classes -1.8 -preserveAllLocals -noExit -enableJavadoc -proc:none /tmp/dspot-experiments/dataset/april-2019/mustache.java_parent/compiler/target/dspot/tmp_test_sources/com/github/mustachejava/NestedPartialTest.java
[INFO] Run: java -classpath /tmp/dspot-experiments/dataset/april-2019/mustache.java_parent/compiler/target/classes/:/tmp/dspot-experiments/dataset/april-2019/mustache.java_parent/compiler/target/test-classes:/home/bedanglot/.m2/repository/junit/junit/4.11/junit-4.11.jar:/home/bedanglot/.m2/repository/org/hamcrest/hamcrest-core/1.3/hamcrest-core-1.3.jar:/home/bedanglot/.m2/repository/com/fasterxml/jackson/core/jackson-databind/2.7.4/jackson-databind-2.7.4.jar:/home/bedanglot/.m2/repository/com/fasterxml/jackson/core/jackson-annotations/2.7.0/jackson-annotations-2.7.0.jar:/home/bedanglot/.m2/repository/com/fasterxml/jackson/core/jackson-core/2.7.4/jackson-core-2.7.4.jar:/home/bedanglot/.m2/repository/com/fasterxml/jackson/dataformat/jackson-dataformat-yaml/2.7.4/jackson-dataformat-yaml-2.7.4.jar:/home/bedanglot/.m2/repository/org/yaml/snakeyaml/1.15/snakeyaml-1.15.jar:/home/bedanglot/.m2/repository/com/google/guava/guava/20.0/guava-20.0.jar:/tmp/dspot-experiments/dataset/april-2019/mustache.java_parent/compiler/target/dspot/dependencies/:/home/bedanglot/.m2/repository/eu/stamp-project/test-runner/2.0.7/test-runner-2.0.7-jar-with-dependencies.jar eu.stamp_project.testrunner.runner.JUnit4Runner --class com.github.mustachejava.NestedPartialTest --tests should_handle_more_than_one_level_of_partial_nesting 
Parsing --class com.github.mustachejava.NestedPartialTest --tests should_handle_more_than_one_level_of_partial_nesting
File saved to the following path: /tmp/dspot-experiments/dataset/april-2019/mustache.java_parent/compiler/target/dspot/TestResult.ser
Loading /tmp/dspot-experiments/dataset/april-2019/mustache.java_parent/compiler/target/dspot/TestResult.ser
[INFO] Test has been run: should_handle_more_than_one_level_of_partial_nesting
[INFO] Run tests. (1)
[INFO] Compiling with -proceedOnError -encoding UTF-8 -cp /tmp/dspot-experiments/dataset/april-2019/mustache.java_parent/compiler/target/dspot/tmp_test_sources:/home/bedanglot/.m2/repository/junit/junit/4.11/junit-4.11.jar:/home/bedanglot/.m2/repository/org/hamcrest/hamcrest-core/1.3/hamcrest-core-1.3.jar:/home/bedanglot/.m2/repository/com/fasterxml/jackson/core/jackson-databind/2.7.4/jackson-databind-2.7.4.jar:/home/bedanglot/.m2/repository/com/fasterxml/jackson/core/jackson-annotations/2.7.0/jackson-annotations-2.7.0.jar:/home/bedanglot/.m2/repository/com/fasterxml/jackson/core/jackson-core/2.7.4/jackson-core-2.7.4.jar:/home/bedanglot/.m2/repository/com/fasterxml/jackson/dataformat/jackson-dataformat-yaml/2.7.4/jackson-dataformat-yaml-2.7.4.jar:/home/bedanglot/.m2/repository/org/yaml/snakeyaml/1.15/snakeyaml-1.15.jar:/home/bedanglot/.m2/repository/com/google/guava/guava/20.0/guava-20.0.jar:/tmp/dspot-experiments/dataset/april-2019/mustache.java_parent/compiler/target/classes/:/tmp/dspot-experiments/dataset/april-2019/mustache.java_parent/compiler/target/test-classes/:/tmp/dspot-experiments/dataset/april-2019/mustache.java_parent/compiler/target/dspot/dependencies/: -d /tmp/dspot-experiments/dataset/april-2019/mustache.java_parent/compiler/target/test-classes -1.8 -preserveAllLocals -noExit -enableJavadoc -proc:none /tmp/dspot-experiments/dataset/april-2019/mustache.java_parent/compiler/target/dspot/tmp_test_sources/com/github/mustachejava/NestedPartialTest.java
[INFO] Run: java -classpath /tmp/dspot-experiments/dataset/april-2019/mustache.java_parent/compiler/target/classes/:/tmp/dspot-experiments/dataset/april-2019/mustache.java_parent/compiler/target/test-classes:/home/bedanglot/.m2/repository/junit/junit/4.11/junit-4.11.jar:/home/bedanglot/.m2/repository/org/hamcrest/hamcrest-core/1.3/hamcrest-core-1.3.jar:/home/bedanglot/.m2/repository/com/fasterxml/jackson/core/jackson-databind/2.7.4/jackson-databind-2.7.4.jar:/home/bedanglot/.m2/repository/com/fasterxml/jackson/core/jackson-annotations/2.7.0/jackson-annotations-2.7.0.jar:/home/bedanglot/.m2/repository/com/fasterxml/jackson/core/jackson-core/2.7.4/jackson-core-2.7.4.jar:/home/bedanglot/.m2/repository/com/fasterxml/jackson/dataformat/jackson-dataformat-yaml/2.7.4/jackson-dataformat-yaml-2.7.4.jar:/home/bedanglot/.m2/repository/org/yaml/snakeyaml/1.15/snakeyaml-1.15.jar:/home/bedanglot/.m2/repository/com/google/guava/guava/20.0/guava-20.0.jar:/tmp/dspot-experiments/dataset/april-2019/mustache.java_parent/compiler/target/dspot/dependencies/:/home/bedanglot/.m2/repository/eu/stamp-project/test-runner/2.0.7/test-runner-2.0.7-jar-with-dependencies.jar eu.stamp_project.testrunner.runner.JUnit4Runner --class com.github.mustachejava.NestedPartialTest --tests should_handle_more_than_one_level_of_partial_nesting 
Parsing --class com.github.mustachejava.NestedPartialTest --tests should_handle_more_than_one_level_of_partial_nesting
File saved to the following path: /tmp/dspot-experiments/dataset/april-2019/mustache.java_parent/compiler/target/dspot/TestResult.ser
Loading /tmp/dspot-experiments/dataset/april-2019/mustache.java_parent/compiler/target/dspot/TestResult.ser
[INFO] Test has been run: should_handle_more_than_one_level_of_partial_nesting
[INFO] 1 test pass, generating assertion...
[INFO] Add observations points in passing tests.
[INFO] Instrumentation...
100% |================================================== ]/
[INFO] Run instrumented tests. (3)
[INFO] Compiling with -proceedOnError -encoding UTF-8 -cp /tmp/dspot-experiments/dataset/april-2019/mustache.java_parent/compiler/target/dspot/tmp_test_sources:/home/bedanglot/.m2/repository/junit/junit/4.11/junit-4.11.jar:/home/bedanglot/.m2/repository/org/hamcrest/hamcrest-core/1.3/hamcrest-core-1.3.jar:/home/bedanglot/.m2/repository/com/fasterxml/jackson/core/jackson-databind/2.7.4/jackson-databind-2.7.4.jar:/home/bedanglot/.m2/repository/com/fasterxml/jackson/core/jackson-annotations/2.7.0/jackson-annotations-2.7.0.jar:/home/bedanglot/.m2/repository/com/fasterxml/jackson/core/jackson-core/2.7.4/jackson-core-2.7.4.jar:/home/bedanglot/.m2/repository/com/fasterxml/jackson/dataformat/jackson-dataformat-yaml/2.7.4/jackson-dataformat-yaml-2.7.4.jar:/home/bedanglot/.m2/repository/org/yaml/snakeyaml/1.15/snakeyaml-1.15.jar:/home/bedanglot/.m2/repository/com/google/guava/guava/20.0/guava-20.0.jar:/tmp/dspot-experiments/dataset/april-2019/mustache.java_parent/compiler/target/classes/:/tmp/dspot-experiments/dataset/april-2019/mustache.java_parent/compiler/target/test-classes/:/tmp/dspot-experiments/dataset/april-2019/mustache.java_parent/compiler/target/dspot/dependencies/: -d /tmp/dspot-experiments/dataset/april-2019/mustache.java_parent/compiler/target/test-classes -1.8 -preserveAllLocals -noExit -enableJavadoc -proc:none /tmp/dspot-experiments/dataset/april-2019/mustache.java_parent/compiler/target/dspot/tmp_test_sources/com/github/mustachejava/NestedPartialTest.java
[INFO] Run: java -classpath /tmp/dspot-experiments/dataset/april-2019/mustache.java_parent/compiler/target/classes/:/tmp/dspot-experiments/dataset/april-2019/mustache.java_parent/compiler/target/test-classes:/home/bedanglot/.m2/repository/junit/junit/4.11/junit-4.11.jar:/home/bedanglot/.m2/repository/org/hamcrest/hamcrest-core/1.3/hamcrest-core-1.3.jar:/home/bedanglot/.m2/repository/com/fasterxml/jackson/core/jackson-databind/2.7.4/jackson-databind-2.7.4.jar:/home/bedanglot/.m2/repository/com/fasterxml/jackson/core/jackson-annotations/2.7.0/jackson-annotations-2.7.0.jar:/home/bedanglot/.m2/repository/com/fasterxml/jackson/core/jackson-core/2.7.4/jackson-core-2.7.4.jar:/home/bedanglot/.m2/repository/com/fasterxml/jackson/dataformat/jackson-dataformat-yaml/2.7.4/jackson-dataformat-yaml-2.7.4.jar:/home/bedanglot/.m2/repository/org/yaml/snakeyaml/1.15/snakeyaml-1.15.jar:/home/bedanglot/.m2/repository/com/google/guava/guava/20.0/guava-20.0.jar:/tmp/dspot-experiments/dataset/april-2019/mustache.java_parent/compiler/target/dspot/dependencies/:/home/bedanglot/.m2/repository/eu/stamp-project/test-runner/2.0.7/test-runner-2.0.7-jar-with-dependencies.jar eu.stamp_project.testrunner.runner.JUnit4Runner --class com.github.mustachejava.NestedPartialTest --tests should_handle_more_than_one_level_of_partial_nesting_withlog0:should_handle_more_than_one_level_of_partial_nesting_withlog1:should_handle_more_than_one_level_of_partial_nesting_withlog2 
Parsing --class com.github.mustachejava.NestedPartialTest --tests should_handle_more_than_one_level_of_partial_nesting_withlog0:should_handle_more_than_one_level_of_partial_nesting_withlog1:should_handle_more_than_one_level_of_partial_nesting_withlog2
File saved to the following path: /tmp/dspot-experiments/dataset/april-2019/mustache.java_parent/compiler/target/dspot/observations.ser
File saved to the following path: /tmp/dspot-experiments/dataset/april-2019/mustache.java_parent/compiler/target/dspot/TestResult.ser
Loading /tmp/dspot-experiments/dataset/april-2019/mustache.java_parent/compiler/target/dspot/TestResult.ser
[INFO] Test has been run: should_handle_more_than_one_level_of_partial_nesting_withlog0,should_handle_more_than_one_level_of_partial_nesting_withlog1,should_handle_more_than_one_level_of_partial_nesting_withlog2
[INFO] Generating assertions...
[INFO] 1 new tests with assertions generated
[INFO] Compiling with -proceedOnError -encoding UTF-8 -cp /tmp/dspot-experiments/dataset/april-2019/mustache.java_parent/compiler/target/dspot/tmp_test_sources:/home/bedanglot/.m2/repository/junit/junit/4.11/junit-4.11.jar:/home/bedanglot/.m2/repository/org/hamcrest/hamcrest-core/1.3/hamcrest-core-1.3.jar:/home/bedanglot/.m2/repository/com/fasterxml/jackson/core/jackson-databind/2.7.4/jackson-databind-2.7.4.jar:/home/bedanglot/.m2/repository/com/fasterxml/jackson/core/jackson-annotations/2.7.0/jackson-annotations-2.7.0.jar:/home/bedanglot/.m2/repository/com/fasterxml/jackson/core/jackson-core/2.7.4/jackson-core-2.7.4.jar:/home/bedanglot/.m2/repository/com/fasterxml/jackson/dataformat/jackson-dataformat-yaml/2.7.4/jackson-dataformat-yaml-2.7.4.jar:/home/bedanglot/.m2/repository/org/yaml/snakeyaml/1.15/snakeyaml-1.15.jar:/home/bedanglot/.m2/repository/com/google/guava/guava/20.0/guava-20.0.jar:/tmp/dspot-experiments/dataset/april-2019/mustache.java_parent/compiler/target/classes/:/tmp/dspot-experiments/dataset/april-2019/mustache.java_parent/compiler/target/test-classes/:/tmp/dspot-experiments/dataset/april-2019/mustache.java_parent/compiler/target/dspot/dependencies/: -d /tmp/dspot-experiments/dataset/april-2019/mustache.java_parent/compiler/target/test-classes -1.8 -preserveAllLocals -noExit -enableJavadoc -proc:none /tmp/dspot-experiments/dataset/april-2019/mustache.java_parent/compiler/target/dspot/tmp_test_sources/com/github/mustachejava/NestedPartialTest.java
[INFO] Run: java -classpath /tmp/dspot-experiments/dataset/april-2019/mustache.java_parent/compiler/target/classes/:/tmp/dspot-experiments/dataset/april-2019/mustache.java_parent/compiler/target/test-classes:/home/bedanglot/.m2/repository/junit/junit/4.11/junit-4.11.jar:/home/bedanglot/.m2/repository/org/hamcrest/hamcrest-core/1.3/hamcrest-core-1.3.jar:/home/bedanglot/.m2/repository/com/fasterxml/jackson/core/jackson-databind/2.7.4/jackson-databind-2.7.4.jar:/home/bedanglot/.m2/repository/com/fasterxml/jackson/core/jackson-annotations/2.7.0/jackson-annotations-2.7.0.jar:/home/bedanglot/.m2/repository/com/fasterxml/jackson/core/jackson-core/2.7.4/jackson-core-2.7.4.jar:/home/bedanglot/.m2/repository/com/fasterxml/jackson/dataformat/jackson-dataformat-yaml/2.7.4/jackson-dataformat-yaml-2.7.4.jar:/home/bedanglot/.m2/repository/org/yaml/snakeyaml/1.15/snakeyaml-1.15.jar:/home/bedanglot/.m2/repository/com/google/guava/guava/20.0/guava-20.0.jar:/tmp/dspot-experiments/dataset/april-2019/mustache.java_parent/compiler/target/dspot/dependencies/:/home/bedanglot/.m2/repository/eu/stamp-project/test-runner/2.0.7/test-runner-2.0.7-jar-with-dependencies.jar eu.stamp_project.testrunner.runner.JUnit4Runner --class com.github.mustachejava.NestedPartialTest --tests should_handle_more_than_one_level_of_partial_nesting 
Parsing --class com.github.mustachejava.NestedPartialTest --tests should_handle_more_than_one_level_of_partial_nesting
File saved to the following path: /tmp/dspot-experiments/dataset/april-2019/mustache.java_parent/compiler/target/dspot/TestResult.ser
Loading /tmp/dspot-experiments/dataset/april-2019/mustache.java_parent/compiler/target/dspot/TestResult.ser
[INFO] Test has been run: should_handle_more_than_one_level_of_partial_nesting
[INFO] Assertion amplification: 1 test method(s) has been successfully amplified.
[WARN] 2019-05-07 18:00:08 Launcher - You specified the directory /tmp/dspot-experiments/dataset/april-2019/mustache.java/compiler/target/classes in source classpath, please note that only class files will be considered. Jars and subdirectories will be ignored.
[WARN] 2019-05-07 18:00:08 Launcher - You specified the directory /tmp/dspot-experiments/dataset/april-2019/mustache.java/compiler/target/test-classes in source classpath, please note that only class files will be considered. Jars and subdirectories will be ignored.
[WARN] 2019-05-07 18:00:08 Launcher - You specified the directory /tmp/dspot-experiments/dataset/april-2019/mustache.java/compiler/target/dspot/dependencies in source classpath, please note that only class files will be considered. Jars and subdirectories will be ignored.
[INFO] Run: java -classpath /tmp/dspot-experiments/dataset/april-2019/mustache.java/compiler/target/classes/:/tmp/dspot-experiments/dataset/april-2019/mustache.java/compiler/target/test-classes/:/home/bedanglot/.m2/repository/junit/junit/4.11/junit-4.11.jar:/home/bedanglot/.m2/repository/org/hamcrest/hamcrest-core/1.3/hamcrest-core-1.3.jar:/home/bedanglot/.m2/repository/com/fasterxml/jackson/core/jackson-databind/2.7.4/jackson-databind-2.7.4.jar:/home/bedanglot/.m2/repository/com/fasterxml/jackson/core/jackson-annotations/2.7.0/jackson-annotations-2.7.0.jar:/home/bedanglot/.m2/repository/com/fasterxml/jackson/core/jackson-core/2.7.4/jackson-core-2.7.4.jar:/home/bedanglot/.m2/repository/com/fasterxml/jackson/dataformat/jackson-dataformat-yaml/2.7.4/jackson-dataformat-yaml-2.7.4.jar:/home/bedanglot/.m2/repository/org/yaml/snakeyaml/1.15/snakeyaml-1.15.jar:/home/bedanglot/.m2/repository/com/google/guava/guava/20.0/guava-20.0.jar:/tmp/dspot-experiments/dataset/april-2019/mustache.java/compiler/target/dspot/dependencies/:/home/bedanglot/.m2/repository/eu/stamp-project/test-runner/2.0.7/test-runner-2.0.7-jar-with-dependencies.jar eu.stamp_project.testrunner.runner.JUnit4Runner --class com.github.mustachejava.NestedPartialTest --tests should_handle_more_than_one_level_of_partial_nesting 
Parsing --class com.github.mustachejava.NestedPartialTest --tests should_handle_more_than_one_level_of_partial_nesting
File saved to the following path: /tmp/dspot-experiments/dataset/april-2019/mustache.java_parent/compiler/target/dspot/TestResult.ser
Loading /tmp/dspot-experiments/dataset/april-2019/mustache.java_parent/compiler/target/dspot/TestResult.ser
[INFO] Test has been run: should_handle_more_than_one_level_of_partial_nesting
[INFO] 0 amplified test methods has been selected to be kept. (global: 0)
[INFO] elapsedTime 5341
[WARNING] DSpot could not obtain any amplified test method.
[WARNING] You can customize the following options: --amplifiers, --test-criterion, --iteration, --budgetizer etc, and retry with a new configuration.
[INFO] Amplification of com.github.mustachejava.MultipleRecursivePartialsTest (1 test(s))
[INFO] Assertion amplification of com.github.mustachejava.MultipleRecursivePartialsTest (1 test(s))
[INFO] Using /tmp/dspot-experiments/dataset/april-2019/mustache.java/compiler/pom.xml to run maven.
[INFO] Using /usr/share/maven/ for maven home
[INFO] run maven: /usr/share/maven//bin/mvn clean test -DskipTests
[WARN] Maven will be executed in interactive mode, but no input stream has been configured for this MavenInvoker instance.
[INFO] Scanning for projects...
[INFO]                                                                         
[INFO] ------------------------------------------------------------------------
[INFO] Building compiler 0.9.6-SNAPSHOT
[INFO] ------------------------------------------------------------------------
[INFO] 
[INFO] --- maven-clean-plugin:2.5:clean (default-clean) @ compiler ---
[INFO] Deleting /tmp/dspot-experiments/dataset/april-2019/mustache.java/compiler/target
[INFO] 
[INFO] --- maven-resources-plugin:2.6:resources (default-resources) @ compiler ---
[INFO] Using 'UTF-8' encoding to copy filtered resources.
[INFO] skip non existing resourceDirectory /tmp/dspot-experiments/dataset/april-2019/mustache.java/compiler/src/main/resources
[INFO] 
[INFO] --- maven-compiler-plugin:3.5.1:compile (default-compile) @ compiler ---
[INFO] Changes detected - recompiling the module!
[INFO] Compiling 60 source files to /tmp/dspot-experiments/dataset/april-2019/mustache.java/compiler/target/classes
[INFO] 
[INFO] --- maven-resources-plugin:2.6:testResources (default-testResources) @ compiler ---
[INFO] Using 'UTF-8' encoding to copy filtered resources.
[INFO] Copying 116 resources
[INFO] 
[INFO] --- maven-compiler-plugin:3.5.1:testCompile (default-testCompile) @ compiler ---
[INFO] Changes detected - recompiling the module!
[INFO] Compiling 43 source files to /tmp/dspot-experiments/dataset/april-2019/mustache.java/compiler/target/test-classes
[INFO] /tmp/dspot-experiments/dataset/april-2019/mustache.java/compiler/src/test/java/com/github/mustachejava/ConcurrencyTest.java: Some input files use or override a deprecated API.
[INFO] /tmp/dspot-experiments/dataset/april-2019/mustache.java/compiler/src/test/java/com/github/mustachejava/ConcurrencyTest.java: Recompile with -Xlint:deprecation for details.
[INFO] /tmp/dspot-experiments/dataset/april-2019/mustache.java/compiler/src/test/java/com/github/mustachejava/functions/CommentTest.java: Some input files use unchecked or unsafe operations.
[INFO] /tmp/dspot-experiments/dataset/april-2019/mustache.java/compiler/src/test/java/com/github/mustachejava/functions/CommentTest.java: Recompile with -Xlint:unchecked for details.
[INFO] 
[INFO] --- maven-surefire-plugin:2.19.1:test (default-test) @ compiler ---
[INFO] Tests are skipped.
[INFO] ------------------------------------------------------------------------
[INFO] BUILD SUCCESS
[INFO] ------------------------------------------------------------------------
[INFO] Total time: 2.608 s
[INFO] Finished at: 2019-05-07T18:00:12+02:00
[INFO] Final Memory: 24M/1963M
[INFO] ------------------------------------------------------------------------
[INFO] Compiling with -proceedOnError -encoding UTF-8 -cp /tmp/dspot-experiments/dataset/april-2019/mustache.java_parent/compiler/target/dspot/tmp_test_sources:/home/bedanglot/.m2/repository/junit/junit/4.11/junit-4.11.jar:/home/bedanglot/.m2/repository/org/hamcrest/hamcrest-core/1.3/hamcrest-core-1.3.jar:/home/bedanglot/.m2/repository/com/fasterxml/jackson/core/jackson-databind/2.7.4/jackson-databind-2.7.4.jar:/home/bedanglot/.m2/repository/com/fasterxml/jackson/core/jackson-annotations/2.7.0/jackson-annotations-2.7.0.jar:/home/bedanglot/.m2/repository/com/fasterxml/jackson/core/jackson-core/2.7.4/jackson-core-2.7.4.jar:/home/bedanglot/.m2/repository/com/fasterxml/jackson/dataformat/jackson-dataformat-yaml/2.7.4/jackson-dataformat-yaml-2.7.4.jar:/home/bedanglot/.m2/repository/org/yaml/snakeyaml/1.15/snakeyaml-1.15.jar:/home/bedanglot/.m2/repository/com/google/guava/guava/20.0/guava-20.0.jar:/tmp/dspot-experiments/dataset/april-2019/mustache.java_parent/compiler/target/classes/:/tmp/dspot-experiments/dataset/april-2019/mustache.java_parent/compiler/target/test-classes/:/tmp/dspot-experiments/dataset/april-2019/mustache.java_parent/compiler/target/dspot/dependencies/: -d /tmp/dspot-experiments/dataset/april-2019/mustache.java_parent/compiler/target/test-classes -1.8 -preserveAllLocals -noExit -enableJavadoc -proc:none /tmp/dspot-experiments/dataset/april-2019/mustache.java_parent/compiler/target/dspot/tmp_test_sources/com/github/mustachejava/MultipleRecursivePartialsTest.java
[INFO] Run: java -classpath /tmp/dspot-experiments/dataset/april-2019/mustache.java_parent/compiler/target/classes/:/tmp/dspot-experiments/dataset/april-2019/mustache.java_parent/compiler/target/test-classes:/home/bedanglot/.m2/repository/junit/junit/4.11/junit-4.11.jar:/home/bedanglot/.m2/repository/org/hamcrest/hamcrest-core/1.3/hamcrest-core-1.3.jar:/home/bedanglot/.m2/repository/com/fasterxml/jackson/core/jackson-databind/2.7.4/jackson-databind-2.7.4.jar:/home/bedanglot/.m2/repository/com/fasterxml/jackson/core/jackson-annotations/2.7.0/jackson-annotations-2.7.0.jar:/home/bedanglot/.m2/repository/com/fasterxml/jackson/core/jackson-core/2.7.4/jackson-core-2.7.4.jar:/home/bedanglot/.m2/repository/com/fasterxml/jackson/dataformat/jackson-dataformat-yaml/2.7.4/jackson-dataformat-yaml-2.7.4.jar:/home/bedanglot/.m2/repository/org/yaml/snakeyaml/1.15/snakeyaml-1.15.jar:/home/bedanglot/.m2/repository/com/google/guava/guava/20.0/guava-20.0.jar:/tmp/dspot-experiments/dataset/april-2019/mustache.java_parent/compiler/target/dspot/dependencies/:/home/bedanglot/.m2/repository/eu/stamp-project/test-runner/2.0.7/test-runner-2.0.7-jar-with-dependencies.jar eu.stamp_project.testrunner.runner.JUnit4Runner --class com.github.mustachejava.MultipleRecursivePartialsTest --tests shouldHandleTemplateWithMultipleRecursivePartials 
Parsing --class com.github.mustachejava.MultipleRecursivePartialsTest --tests shouldHandleTemplateWithMultipleRecursivePartials
File saved to the following path: /tmp/dspot-experiments/dataset/april-2019/mustache.java_parent/compiler/target/dspot/TestResult.ser
Loading /tmp/dspot-experiments/dataset/april-2019/mustache.java_parent/compiler/target/dspot/TestResult.ser
[INFO] Test has been run: shouldHandleTemplateWithMultipleRecursivePartials
[INFO] Run tests. (1)
[INFO] Compiling with -proceedOnError -encoding UTF-8 -cp /tmp/dspot-experiments/dataset/april-2019/mustache.java_parent/compiler/target/dspot/tmp_test_sources:/home/bedanglot/.m2/repository/junit/junit/4.11/junit-4.11.jar:/home/bedanglot/.m2/repository/org/hamcrest/hamcrest-core/1.3/hamcrest-core-1.3.jar:/home/bedanglot/.m2/repository/com/fasterxml/jackson/core/jackson-databind/2.7.4/jackson-databind-2.7.4.jar:/home/bedanglot/.m2/repository/com/fasterxml/jackson/core/jackson-annotations/2.7.0/jackson-annotations-2.7.0.jar:/home/bedanglot/.m2/repository/com/fasterxml/jackson/core/jackson-core/2.7.4/jackson-core-2.7.4.jar:/home/bedanglot/.m2/repository/com/fasterxml/jackson/dataformat/jackson-dataformat-yaml/2.7.4/jackson-dataformat-yaml-2.7.4.jar:/home/bedanglot/.m2/repository/org/yaml/snakeyaml/1.15/snakeyaml-1.15.jar:/home/bedanglot/.m2/repository/com/google/guava/guava/20.0/guava-20.0.jar:/tmp/dspot-experiments/dataset/april-2019/mustache.java_parent/compiler/target/classes/:/tmp/dspot-experiments/dataset/april-2019/mustache.java_parent/compiler/target/test-classes/:/tmp/dspot-experiments/dataset/april-2019/mustache.java_parent/compiler/target/dspot/dependencies/: -d /tmp/dspot-experiments/dataset/april-2019/mustache.java_parent/compiler/target/test-classes -1.8 -preserveAllLocals -noExit -enableJavadoc -proc:none /tmp/dspot-experiments/dataset/april-2019/mustache.java_parent/compiler/target/dspot/tmp_test_sources/com/github/mustachejava/MultipleRecursivePartialsTest.java
[INFO] Run: java -classpath /tmp/dspot-experiments/dataset/april-2019/mustache.java_parent/compiler/target/classes/:/tmp/dspot-experiments/dataset/april-2019/mustache.java_parent/compiler/target/test-classes:/home/bedanglot/.m2/repository/junit/junit/4.11/junit-4.11.jar:/home/bedanglot/.m2/repository/org/hamcrest/hamcrest-core/1.3/hamcrest-core-1.3.jar:/home/bedanglot/.m2/repository/com/fasterxml/jackson/core/jackson-databind/2.7.4/jackson-databind-2.7.4.jar:/home/bedanglot/.m2/repository/com/fasterxml/jackson/core/jackson-annotations/2.7.0/jackson-annotations-2.7.0.jar:/home/bedanglot/.m2/repository/com/fasterxml/jackson/core/jackson-core/2.7.4/jackson-core-2.7.4.jar:/home/bedanglot/.m2/repository/com/fasterxml/jackson/dataformat/jackson-dataformat-yaml/2.7.4/jackson-dataformat-yaml-2.7.4.jar:/home/bedanglot/.m2/repository/org/yaml/snakeyaml/1.15/snakeyaml-1.15.jar:/home/bedanglot/.m2/repository/com/google/guava/guava/20.0/guava-20.0.jar:/tmp/dspot-experiments/dataset/april-2019/mustache.java_parent/compiler/target/dspot/dependencies/:/home/bedanglot/.m2/repository/eu/stamp-project/test-runner/2.0.7/test-runner-2.0.7-jar-with-dependencies.jar eu.stamp_project.testrunner.runner.JUnit4Runner --class com.github.mustachejava.MultipleRecursivePartialsTest --tests shouldHandleTemplateWithMultipleRecursivePartials 
Parsing --class com.github.mustachejava.MultipleRecursivePartialsTest --tests shouldHandleTemplateWithMultipleRecursivePartials
File saved to the following path: /tmp/dspot-experiments/dataset/april-2019/mustache.java_parent/compiler/target/dspot/TestResult.ser
Loading /tmp/dspot-experiments/dataset/april-2019/mustache.java_parent/compiler/target/dspot/TestResult.ser
[INFO] Test has been run: shouldHandleTemplateWithMultipleRecursivePartials
[INFO] 1 test pass, generating assertion...
[INFO] Add observations points in passing tests.
[INFO] Instrumentation...
100% |================================================== ]/
[INFO] Run instrumented tests. (3)
[INFO] Compiling with -proceedOnError -encoding UTF-8 -cp /tmp/dspot-experiments/dataset/april-2019/mustache.java_parent/compiler/target/dspot/tmp_test_sources:/home/bedanglot/.m2/repository/junit/junit/4.11/junit-4.11.jar:/home/bedanglot/.m2/repository/org/hamcrest/hamcrest-core/1.3/hamcrest-core-1.3.jar:/home/bedanglot/.m2/repository/com/fasterxml/jackson/core/jackson-databind/2.7.4/jackson-databind-2.7.4.jar:/home/bedanglot/.m2/repository/com/fasterxml/jackson/core/jackson-annotations/2.7.0/jackson-annotations-2.7.0.jar:/home/bedanglot/.m2/repository/com/fasterxml/jackson/core/jackson-core/2.7.4/jackson-core-2.7.4.jar:/home/bedanglot/.m2/repository/com/fasterxml/jackson/dataformat/jackson-dataformat-yaml/2.7.4/jackson-dataformat-yaml-2.7.4.jar:/home/bedanglot/.m2/repository/org/yaml/snakeyaml/1.15/snakeyaml-1.15.jar:/home/bedanglot/.m2/repository/com/google/guava/guava/20.0/guava-20.0.jar:/tmp/dspot-experiments/dataset/april-2019/mustache.java_parent/compiler/target/classes/:/tmp/dspot-experiments/dataset/april-2019/mustache.java_parent/compiler/target/test-classes/:/tmp/dspot-experiments/dataset/april-2019/mustache.java_parent/compiler/target/dspot/dependencies/: -d /tmp/dspot-experiments/dataset/april-2019/mustache.java_parent/compiler/target/test-classes -1.8 -preserveAllLocals -noExit -enableJavadoc -proc:none /tmp/dspot-experiments/dataset/april-2019/mustache.java_parent/compiler/target/dspot/tmp_test_sources/com/github/mustachejava/MultipleRecursivePartialsTest.java
[INFO] Run: java -classpath /tmp/dspot-experiments/dataset/april-2019/mustache.java_parent/compiler/target/classes/:/tmp/dspot-experiments/dataset/april-2019/mustache.java_parent/compiler/target/test-classes:/home/bedanglot/.m2/repository/junit/junit/4.11/junit-4.11.jar:/home/bedanglot/.m2/repository/org/hamcrest/hamcrest-core/1.3/hamcrest-core-1.3.jar:/home/bedanglot/.m2/repository/com/fasterxml/jackson/core/jackson-databind/2.7.4/jackson-databind-2.7.4.jar:/home/bedanglot/.m2/repository/com/fasterxml/jackson/core/jackson-annotations/2.7.0/jackson-annotations-2.7.0.jar:/home/bedanglot/.m2/repository/com/fasterxml/jackson/core/jackson-core/2.7.4/jackson-core-2.7.4.jar:/home/bedanglot/.m2/repository/com/fasterxml/jackson/dataformat/jackson-dataformat-yaml/2.7.4/jackson-dataformat-yaml-2.7.4.jar:/home/bedanglot/.m2/repository/org/yaml/snakeyaml/1.15/snakeyaml-1.15.jar:/home/bedanglot/.m2/repository/com/google/guava/guava/20.0/guava-20.0.jar:/tmp/dspot-experiments/dataset/april-2019/mustache.java_parent/compiler/target/dspot/dependencies/:/home/bedanglot/.m2/repository/eu/stamp-project/test-runner/2.0.7/test-runner-2.0.7-jar-with-dependencies.jar eu.stamp_project.testrunner.runner.JUnit4Runner --class com.github.mustachejava.MultipleRecursivePartialsTest --tests shouldHandleTemplateWithMultipleRecursivePartials_withlog0:shouldHandleTemplateWithMultipleRecursivePartials_withlog1:shouldHandleTemplateWithMultipleRecursivePartials_withlog2 
Parsing --class com.github.mustachejava.MultipleRecursivePartialsTest --tests shouldHandleTemplateWithMultipleRecursivePartials_withlog0:shouldHandleTemplateWithMultipleRecursivePartials_withlog1:shouldHandleTemplateWithMultipleRecursivePartials_withlog2
File saved to the following path: /tmp/dspot-experiments/dataset/april-2019/mustache.java_parent/compiler/target/dspot/observations.ser
File saved to the following path: /tmp/dspot-experiments/dataset/april-2019/mustache.java_parent/compiler/target/dspot/TestResult.ser
Loading /tmp/dspot-experiments/dataset/april-2019/mustache.java_parent/compiler/target/dspot/TestResult.ser
[INFO] Test has been run: shouldHandleTemplateWithMultipleRecursivePartials_withlog0,shouldHandleTemplateWithMultipleRecursivePartials_withlog1,shouldHandleTemplateWithMultipleRecursivePartials_withlog2
[INFO] Generating assertions...
[INFO] 1 new tests with assertions generated
[INFO] Compiling with -proceedOnError -encoding UTF-8 -cp /tmp/dspot-experiments/dataset/april-2019/mustache.java_parent/compiler/target/dspot/tmp_test_sources:/home/bedanglot/.m2/repository/junit/junit/4.11/junit-4.11.jar:/home/bedanglot/.m2/repository/org/hamcrest/hamcrest-core/1.3/hamcrest-core-1.3.jar:/home/bedanglot/.m2/repository/com/fasterxml/jackson/core/jackson-databind/2.7.4/jackson-databind-2.7.4.jar:/home/bedanglot/.m2/repository/com/fasterxml/jackson/core/jackson-annotations/2.7.0/jackson-annotations-2.7.0.jar:/home/bedanglot/.m2/repository/com/fasterxml/jackson/core/jackson-core/2.7.4/jackson-core-2.7.4.jar:/home/bedanglot/.m2/repository/com/fasterxml/jackson/dataformat/jackson-dataformat-yaml/2.7.4/jackson-dataformat-yaml-2.7.4.jar:/home/bedanglot/.m2/repository/org/yaml/snakeyaml/1.15/snakeyaml-1.15.jar:/home/bedanglot/.m2/repository/com/google/guava/guava/20.0/guava-20.0.jar:/tmp/dspot-experiments/dataset/april-2019/mustache.java_parent/compiler/target/classes/:/tmp/dspot-experiments/dataset/april-2019/mustache.java_parent/compiler/target/test-classes/:/tmp/dspot-experiments/dataset/april-2019/mustache.java_parent/compiler/target/dspot/dependencies/: -d /tmp/dspot-experiments/dataset/april-2019/mustache.java_parent/compiler/target/test-classes -1.8 -preserveAllLocals -noExit -enableJavadoc -proc:none /tmp/dspot-experiments/dataset/april-2019/mustache.java_parent/compiler/target/dspot/tmp_test_sources/com/github/mustachejava/MultipleRecursivePartialsTest.java
[INFO] Run: java -classpath /tmp/dspot-experiments/dataset/april-2019/mustache.java_parent/compiler/target/classes/:/tmp/dspot-experiments/dataset/april-2019/mustache.java_parent/compiler/target/test-classes:/home/bedanglot/.m2/repository/junit/junit/4.11/junit-4.11.jar:/home/bedanglot/.m2/repository/org/hamcrest/hamcrest-core/1.3/hamcrest-core-1.3.jar:/home/bedanglot/.m2/repository/com/fasterxml/jackson/core/jackson-databind/2.7.4/jackson-databind-2.7.4.jar:/home/bedanglot/.m2/repository/com/fasterxml/jackson/core/jackson-annotations/2.7.0/jackson-annotations-2.7.0.jar:/home/bedanglot/.m2/repository/com/fasterxml/jackson/core/jackson-core/2.7.4/jackson-core-2.7.4.jar:/home/bedanglot/.m2/repository/com/fasterxml/jackson/dataformat/jackson-dataformat-yaml/2.7.4/jackson-dataformat-yaml-2.7.4.jar:/home/bedanglot/.m2/repository/org/yaml/snakeyaml/1.15/snakeyaml-1.15.jar:/home/bedanglot/.m2/repository/com/google/guava/guava/20.0/guava-20.0.jar:/tmp/dspot-experiments/dataset/april-2019/mustache.java_parent/compiler/target/dspot/dependencies/:/home/bedanglot/.m2/repository/eu/stamp-project/test-runner/2.0.7/test-runner-2.0.7-jar-with-dependencies.jar eu.stamp_project.testrunner.runner.JUnit4Runner --class com.github.mustachejava.MultipleRecursivePartialsTest --tests shouldHandleTemplateWithMultipleRecursivePartials 
Parsing --class com.github.mustachejava.MultipleRecursivePartialsTest --tests shouldHandleTemplateWithMultipleRecursivePartials
File saved to the following path: /tmp/dspot-experiments/dataset/april-2019/mustache.java_parent/compiler/target/dspot/TestResult.ser
Loading /tmp/dspot-experiments/dataset/april-2019/mustache.java_parent/compiler/target/dspot/TestResult.ser
[INFO] Test has been run: shouldHandleTemplateWithMultipleRecursivePartials
[INFO] Assertion amplification: 1 test method(s) has been successfully amplified.
[WARN] 2019-05-07 18:00:14 Launcher - You specified the directory /tmp/dspot-experiments/dataset/april-2019/mustache.java/compiler/target/classes in source classpath, please note that only class files will be considered. Jars and subdirectories will be ignored.
[WARN] 2019-05-07 18:00:14 Launcher - You specified the directory /tmp/dspot-experiments/dataset/april-2019/mustache.java/compiler/target/test-classes in source classpath, please note that only class files will be considered. Jars and subdirectories will be ignored.
[WARN] 2019-05-07 18:00:14 Launcher - You specified the directory /tmp/dspot-experiments/dataset/april-2019/mustache.java/compiler/target/dspot/dependencies in source classpath, please note that only class files will be considered. Jars and subdirectories will be ignored.
[INFO] Run: java -classpath /tmp/dspot-experiments/dataset/april-2019/mustache.java/compiler/target/classes/:/tmp/dspot-experiments/dataset/april-2019/mustache.java/compiler/target/test-classes/:/home/bedanglot/.m2/repository/junit/junit/4.11/junit-4.11.jar:/home/bedanglot/.m2/repository/org/hamcrest/hamcrest-core/1.3/hamcrest-core-1.3.jar:/home/bedanglot/.m2/repository/com/fasterxml/jackson/core/jackson-databind/2.7.4/jackson-databind-2.7.4.jar:/home/bedanglot/.m2/repository/com/fasterxml/jackson/core/jackson-annotations/2.7.0/jackson-annotations-2.7.0.jar:/home/bedanglot/.m2/repository/com/fasterxml/jackson/core/jackson-core/2.7.4/jackson-core-2.7.4.jar:/home/bedanglot/.m2/repository/com/fasterxml/jackson/dataformat/jackson-dataformat-yaml/2.7.4/jackson-dataformat-yaml-2.7.4.jar:/home/bedanglot/.m2/repository/org/yaml/snakeyaml/1.15/snakeyaml-1.15.jar:/home/bedanglot/.m2/repository/com/google/guava/guava/20.0/guava-20.0.jar:/tmp/dspot-experiments/dataset/april-2019/mustache.java/compiler/target/dspot/dependencies/:/home/bedanglot/.m2/repository/eu/stamp-project/test-runner/2.0.7/test-runner-2.0.7-jar-with-dependencies.jar eu.stamp_project.testrunner.runner.JUnit4Runner --class com.github.mustachejava.MultipleRecursivePartialsTest --tests shouldHandleTemplateWithMultipleRecursivePartials 
Parsing --class com.github.mustachejava.MultipleRecursivePartialsTest --tests shouldHandleTemplateWithMultipleRecursivePartials
File saved to the following path: /tmp/dspot-experiments/dataset/april-2019/mustache.java_parent/compiler/target/dspot/TestResult.ser
Loading /tmp/dspot-experiments/dataset/april-2019/mustache.java_parent/compiler/target/dspot/TestResult.ser
[INFO] Test has been run: shouldHandleTemplateWithMultipleRecursivePartials
[INFO] 0 amplified test methods has been selected to be kept. (global: 0)
[INFO] elapsedTime 5426
[WARNING] DSpot could not obtain any amplified test method.
[WARNING] You can customize the following options: --amplifiers, --test-criterion, --iteration, --budgetizer etc, and retry with a new configuration.
[INFO] Amplification of com.github.mustachejava.AbsolutePartialReferenceTest (2 test(s))
[INFO] Assertion amplification of com.github.mustachejava.AbsolutePartialReferenceTest (2 test(s))
[INFO] Using /tmp/dspot-experiments/dataset/april-2019/mustache.java/compiler/pom.xml to run maven.
[INFO] Using /usr/share/maven/ for maven home
[INFO] run maven: /usr/share/maven//bin/mvn clean test -DskipTests
[WARN] Maven will be executed in interactive mode, but no input stream has been configured for this MavenInvoker instance.
[INFO] Scanning for projects...
[INFO]                                                                         
[INFO] ------------------------------------------------------------------------
[INFO] Building compiler 0.9.6-SNAPSHOT
[INFO] ------------------------------------------------------------------------
[INFO] 
[INFO] --- maven-clean-plugin:2.5:clean (default-clean) @ compiler ---
[INFO] Deleting /tmp/dspot-experiments/dataset/april-2019/mustache.java/compiler/target
[INFO] 
[INFO] --- maven-resources-plugin:2.6:resources (default-resources) @ compiler ---
[INFO] Using 'UTF-8' encoding to copy filtered resources.
[INFO] skip non existing resourceDirectory /tmp/dspot-experiments/dataset/april-2019/mustache.java/compiler/src/main/resources
[INFO] 
[INFO] --- maven-compiler-plugin:3.5.1:compile (default-compile) @ compiler ---
[INFO] Changes detected - recompiling the module!
[INFO] Compiling 60 source files to /tmp/dspot-experiments/dataset/april-2019/mustache.java/compiler/target/classes
[INFO] 
[INFO] --- maven-resources-plugin:2.6:testResources (default-testResources) @ compiler ---
[INFO] Using 'UTF-8' encoding to copy filtered resources.
[INFO] Copying 116 resources
[INFO] 
[INFO] --- maven-compiler-plugin:3.5.1:testCompile (default-testCompile) @ compiler ---
[INFO] Changes detected - recompiling the module!
[INFO] Compiling 43 source files to /tmp/dspot-experiments/dataset/april-2019/mustache.java/compiler/target/test-classes
[INFO] /tmp/dspot-experiments/dataset/april-2019/mustache.java/compiler/src/test/java/com/github/mustachejava/ConcurrencyTest.java: Some input files use or override a deprecated API.
[INFO] /tmp/dspot-experiments/dataset/april-2019/mustache.java/compiler/src/test/java/com/github/mustachejava/ConcurrencyTest.java: Recompile with -Xlint:deprecation for details.
[INFO] /tmp/dspot-experiments/dataset/april-2019/mustache.java/compiler/src/test/java/com/github/mustachejava/functions/CommentTest.java: Some input files use unchecked or unsafe operations.
[INFO] /tmp/dspot-experiments/dataset/april-2019/mustache.java/compiler/src/test/java/com/github/mustachejava/functions/CommentTest.java: Recompile with -Xlint:unchecked for details.
[INFO] 
[INFO] --- maven-surefire-plugin:2.19.1:test (default-test) @ compiler ---
[INFO] Tests are skipped.
[INFO] ------------------------------------------------------------------------
[INFO] BUILD SUCCESS
[INFO] ------------------------------------------------------------------------
[INFO] Total time: 2.533 s
[INFO] Finished at: 2019-05-07T18:00:18+02:00
[INFO] Final Memory: 24M/1963M
[INFO] ------------------------------------------------------------------------
[INFO] Compiling with -proceedOnError -encoding UTF-8 -cp /tmp/dspot-experiments/dataset/april-2019/mustache.java_parent/compiler/target/dspot/tmp_test_sources:/home/bedanglot/.m2/repository/junit/junit/4.11/junit-4.11.jar:/home/bedanglot/.m2/repository/org/hamcrest/hamcrest-core/1.3/hamcrest-core-1.3.jar:/home/bedanglot/.m2/repository/com/fasterxml/jackson/core/jackson-databind/2.7.4/jackson-databind-2.7.4.jar:/home/bedanglot/.m2/repository/com/fasterxml/jackson/core/jackson-annotations/2.7.0/jackson-annotations-2.7.0.jar:/home/bedanglot/.m2/repository/com/fasterxml/jackson/core/jackson-core/2.7.4/jackson-core-2.7.4.jar:/home/bedanglot/.m2/repository/com/fasterxml/jackson/dataformat/jackson-dataformat-yaml/2.7.4/jackson-dataformat-yaml-2.7.4.jar:/home/bedanglot/.m2/repository/org/yaml/snakeyaml/1.15/snakeyaml-1.15.jar:/home/bedanglot/.m2/repository/com/google/guava/guava/20.0/guava-20.0.jar:/tmp/dspot-experiments/dataset/april-2019/mustache.java_parent/compiler/target/classes/:/tmp/dspot-experiments/dataset/april-2019/mustache.java_parent/compiler/target/test-classes/:/tmp/dspot-experiments/dataset/april-2019/mustache.java_parent/compiler/target/dspot/dependencies/: -d /tmp/dspot-experiments/dataset/april-2019/mustache.java_parent/compiler/target/test-classes -1.8 -preserveAllLocals -noExit -enableJavadoc -proc:none /tmp/dspot-experiments/dataset/april-2019/mustache.java_parent/compiler/target/dspot/tmp_test_sources/com/github/mustachejava/AbsolutePartialReferenceTest.java
[INFO] Run: java -classpath /tmp/dspot-experiments/dataset/april-2019/mustache.java_parent/compiler/target/classes/:/tmp/dspot-experiments/dataset/april-2019/mustache.java_parent/compiler/target/test-classes:/home/bedanglot/.m2/repository/junit/junit/4.11/junit-4.11.jar:/home/bedanglot/.m2/repository/org/hamcrest/hamcrest-core/1.3/hamcrest-core-1.3.jar:/home/bedanglot/.m2/repository/com/fasterxml/jackson/core/jackson-databind/2.7.4/jackson-databind-2.7.4.jar:/home/bedanglot/.m2/repository/com/fasterxml/jackson/core/jackson-annotations/2.7.0/jackson-annotations-2.7.0.jar:/home/bedanglot/.m2/repository/com/fasterxml/jackson/core/jackson-core/2.7.4/jackson-core-2.7.4.jar:/home/bedanglot/.m2/repository/com/fasterxml/jackson/dataformat/jackson-dataformat-yaml/2.7.4/jackson-dataformat-yaml-2.7.4.jar:/home/bedanglot/.m2/repository/org/yaml/snakeyaml/1.15/snakeyaml-1.15.jar:/home/bedanglot/.m2/repository/com/google/guava/guava/20.0/guava-20.0.jar:/tmp/dspot-experiments/dataset/april-2019/mustache.java_parent/compiler/target/dspot/dependencies/:/home/bedanglot/.m2/repository/eu/stamp-project/test-runner/2.0.7/test-runner-2.0.7-jar-with-dependencies.jar eu.stamp_project.testrunner.runner.JUnit4Runner --class com.github.mustachejava.AbsolutePartialReferenceTest --tests should_load_teamplates_with_absolute_references_using_classloader:should_load_teamplates_with_absolute_references_using_filepath 
Parsing --class com.github.mustachejava.AbsolutePartialReferenceTest --tests should_load_teamplates_with_absolute_references_using_classloader:should_load_teamplates_with_absolute_references_using_filepath
File saved to the following path: /tmp/dspot-experiments/dataset/april-2019/mustache.java_parent/compiler/target/dspot/TestResult.ser
Loading /tmp/dspot-experiments/dataset/april-2019/mustache.java_parent/compiler/target/dspot/TestResult.ser
[INFO] Test has been run: should_load_teamplates_with_absolute_references_using_filepath,should_load_teamplates_with_absolute_references_using_classloader(com.github.mustachejava.AbsolutePartialReferenceTest): Template absolute_partials_template.html not found
[INFO] Run tests. (1)
[INFO] Compiling with -proceedOnError -encoding UTF-8 -cp /tmp/dspot-experiments/dataset/april-2019/mustache.java_parent/compiler/target/dspot/tmp_test_sources:/home/bedanglot/.m2/repository/junit/junit/4.11/junit-4.11.jar:/home/bedanglot/.m2/repository/org/hamcrest/hamcrest-core/1.3/hamcrest-core-1.3.jar:/home/bedanglot/.m2/repository/com/fasterxml/jackson/core/jackson-databind/2.7.4/jackson-databind-2.7.4.jar:/home/bedanglot/.m2/repository/com/fasterxml/jackson/core/jackson-annotations/2.7.0/jackson-annotations-2.7.0.jar:/home/bedanglot/.m2/repository/com/fasterxml/jackson/core/jackson-core/2.7.4/jackson-core-2.7.4.jar:/home/bedanglot/.m2/repository/com/fasterxml/jackson/dataformat/jackson-dataformat-yaml/2.7.4/jackson-dataformat-yaml-2.7.4.jar:/home/bedanglot/.m2/repository/org/yaml/snakeyaml/1.15/snakeyaml-1.15.jar:/home/bedanglot/.m2/repository/com/google/guava/guava/20.0/guava-20.0.jar:/tmp/dspot-experiments/dataset/april-2019/mustache.java_parent/compiler/target/classes/:/tmp/dspot-experiments/dataset/april-2019/mustache.java_parent/compiler/target/test-classes/:/tmp/dspot-experiments/dataset/april-2019/mustache.java_parent/compiler/target/dspot/dependencies/: -d /tmp/dspot-experiments/dataset/april-2019/mustache.java_parent/compiler/target/test-classes -1.8 -preserveAllLocals -noExit -enableJavadoc -proc:none /tmp/dspot-experiments/dataset/april-2019/mustache.java_parent/compiler/target/dspot/tmp_test_sources/com/github/mustachejava/AbsolutePartialReferenceTest.java
[INFO] Run: java -classpath /tmp/dspot-experiments/dataset/april-2019/mustache.java_parent/compiler/target/classes/:/tmp/dspot-experiments/dataset/april-2019/mustache.java_parent/compiler/target/test-classes:/home/bedanglot/.m2/repository/junit/junit/4.11/junit-4.11.jar:/home/bedanglot/.m2/repository/org/hamcrest/hamcrest-core/1.3/hamcrest-core-1.3.jar:/home/bedanglot/.m2/repository/com/fasterxml/jackson/core/jackson-databind/2.7.4/jackson-databind-2.7.4.jar:/home/bedanglot/.m2/repository/com/fasterxml/jackson/core/jackson-annotations/2.7.0/jackson-annotations-2.7.0.jar:/home/bedanglot/.m2/repository/com/fasterxml/jackson/core/jackson-core/2.7.4/jackson-core-2.7.4.jar:/home/bedanglot/.m2/repository/com/fasterxml/jackson/dataformat/jackson-dataformat-yaml/2.7.4/jackson-dataformat-yaml-2.7.4.jar:/home/bedanglot/.m2/repository/org/yaml/snakeyaml/1.15/snakeyaml-1.15.jar:/home/bedanglot/.m2/repository/com/google/guava/guava/20.0/guava-20.0.jar:/tmp/dspot-experiments/dataset/april-2019/mustache.java_parent/compiler/target/dspot/dependencies/:/home/bedanglot/.m2/repository/eu/stamp-project/test-runner/2.0.7/test-runner-2.0.7-jar-with-dependencies.jar eu.stamp_project.testrunner.runner.JUnit4Runner --class com.github.mustachejava.AbsolutePartialReferenceTest --tests should_load_teamplates_with_absolute_references_using_filepath 
Parsing --class com.github.mustachejava.AbsolutePartialReferenceTest --tests should_load_teamplates_with_absolute_references_using_filepath
File saved to the following path: /tmp/dspot-experiments/dataset/april-2019/mustache.java_parent/compiler/target/dspot/TestResult.ser
Loading /tmp/dspot-experiments/dataset/april-2019/mustache.java_parent/compiler/target/dspot/TestResult.ser
[INFO] Test has been run: should_load_teamplates_with_absolute_references_using_filepath
[INFO] 1 test pass, generating assertion...
[INFO] Add observations points in passing tests.
[INFO] Instrumentation...
100% |================================================== ]/
[INFO] Run instrumented tests. (3)
[INFO] Compiling with -proceedOnError -encoding UTF-8 -cp /tmp/dspot-experiments/dataset/april-2019/mustache.java_parent/compiler/target/dspot/tmp_test_sources:/home/bedanglot/.m2/repository/junit/junit/4.11/junit-4.11.jar:/home/bedanglot/.m2/repository/org/hamcrest/hamcrest-core/1.3/hamcrest-core-1.3.jar:/home/bedanglot/.m2/repository/com/fasterxml/jackson/core/jackson-databind/2.7.4/jackson-databind-2.7.4.jar:/home/bedanglot/.m2/repository/com/fasterxml/jackson/core/jackson-annotations/2.7.0/jackson-annotations-2.7.0.jar:/home/bedanglot/.m2/repository/com/fasterxml/jackson/core/jackson-core/2.7.4/jackson-core-2.7.4.jar:/home/bedanglot/.m2/repository/com/fasterxml/jackson/dataformat/jackson-dataformat-yaml/2.7.4/jackson-dataformat-yaml-2.7.4.jar:/home/bedanglot/.m2/repository/org/yaml/snakeyaml/1.15/snakeyaml-1.15.jar:/home/bedanglot/.m2/repository/com/google/guava/guava/20.0/guava-20.0.jar:/tmp/dspot-experiments/dataset/april-2019/mustache.java_parent/compiler/target/classes/:/tmp/dspot-experiments/dataset/april-2019/mustache.java_parent/compiler/target/test-classes/:/tmp/dspot-experiments/dataset/april-2019/mustache.java_parent/compiler/target/dspot/dependencies/: -d /tmp/dspot-experiments/dataset/april-2019/mustache.java_parent/compiler/target/test-classes -1.8 -preserveAllLocals -noExit -enableJavadoc -proc:none /tmp/dspot-experiments/dataset/april-2019/mustache.java_parent/compiler/target/dspot/tmp_test_sources/com/github/mustachejava/AbsolutePartialReferenceTest.java
[INFO] Run: java -classpath /tmp/dspot-experiments/dataset/april-2019/mustache.java_parent/compiler/target/classes/:/tmp/dspot-experiments/dataset/april-2019/mustache.java_parent/compiler/target/test-classes:/home/bedanglot/.m2/repository/junit/junit/4.11/junit-4.11.jar:/home/bedanglot/.m2/repository/org/hamcrest/hamcrest-core/1.3/hamcrest-core-1.3.jar:/home/bedanglot/.m2/repository/com/fasterxml/jackson/core/jackson-databind/2.7.4/jackson-databind-2.7.4.jar:/home/bedanglot/.m2/repository/com/fasterxml/jackson/core/jackson-annotations/2.7.0/jackson-annotations-2.7.0.jar:/home/bedanglot/.m2/repository/com/fasterxml/jackson/core/jackson-core/2.7.4/jackson-core-2.7.4.jar:/home/bedanglot/.m2/repository/com/fasterxml/jackson/dataformat/jackson-dataformat-yaml/2.7.4/jackson-dataformat-yaml-2.7.4.jar:/home/bedanglot/.m2/repository/org/yaml/snakeyaml/1.15/snakeyaml-1.15.jar:/home/bedanglot/.m2/repository/com/google/guava/guava/20.0/guava-20.0.jar:/tmp/dspot-experiments/dataset/april-2019/mustache.java_parent/compiler/target/dspot/dependencies/:/home/bedanglot/.m2/repository/eu/stamp-project/test-runner/2.0.7/test-runner-2.0.7-jar-with-dependencies.jar eu.stamp_project.testrunner.runner.JUnit4Runner --class com.github.mustachejava.AbsolutePartialReferenceTest --tests should_load_teamplates_with_absolute_references_using_filepath_withlog0:should_load_teamplates_with_absolute_references_using_filepath_withlog1:should_load_teamplates_with_absolute_references_using_filepath_withlog2 
Parsing --class com.github.mustachejava.AbsolutePartialReferenceTest --tests should_load_teamplates_with_absolute_references_using_filepath_withlog0:should_load_teamplates_with_absolute_references_using_filepath_withlog1:should_load_teamplates_with_absolute_references_using_filepath_withlog2
File saved to the following path: /tmp/dspot-experiments/dataset/april-2019/mustache.java_parent/compiler/target/dspot/observations.ser
File saved to the following path: /tmp/dspot-experiments/dataset/april-2019/mustache.java_parent/compiler/target/dspot/TestResult.ser
Loading /tmp/dspot-experiments/dataset/april-2019/mustache.java_parent/compiler/target/dspot/TestResult.ser
[INFO] Test has been run: should_load_teamplates_with_absolute_references_using_filepath_withlog0,should_load_teamplates_with_absolute_references_using_filepath_withlog1,should_load_teamplates_with_absolute_references_using_filepath_withlog2
[INFO] Generating assertions...
[INFO] 1 new tests with assertions generated
[INFO] Compiling with -proceedOnError -encoding UTF-8 -cp /tmp/dspot-experiments/dataset/april-2019/mustache.java_parent/compiler/target/dspot/tmp_test_sources:/home/bedanglot/.m2/repository/junit/junit/4.11/junit-4.11.jar:/home/bedanglot/.m2/repository/org/hamcrest/hamcrest-core/1.3/hamcrest-core-1.3.jar:/home/bedanglot/.m2/repository/com/fasterxml/jackson/core/jackson-databind/2.7.4/jackson-databind-2.7.4.jar:/home/bedanglot/.m2/repository/com/fasterxml/jackson/core/jackson-annotations/2.7.0/jackson-annotations-2.7.0.jar:/home/bedanglot/.m2/repository/com/fasterxml/jackson/core/jackson-core/2.7.4/jackson-core-2.7.4.jar:/home/bedanglot/.m2/repository/com/fasterxml/jackson/dataformat/jackson-dataformat-yaml/2.7.4/jackson-dataformat-yaml-2.7.4.jar:/home/bedanglot/.m2/repository/org/yaml/snakeyaml/1.15/snakeyaml-1.15.jar:/home/bedanglot/.m2/repository/com/google/guava/guava/20.0/guava-20.0.jar:/tmp/dspot-experiments/dataset/april-2019/mustache.java_parent/compiler/target/classes/:/tmp/dspot-experiments/dataset/april-2019/mustache.java_parent/compiler/target/test-classes/:/tmp/dspot-experiments/dataset/april-2019/mustache.java_parent/compiler/target/dspot/dependencies/: -d /tmp/dspot-experiments/dataset/april-2019/mustache.java_parent/compiler/target/test-classes -1.8 -preserveAllLocals -noExit -enableJavadoc -proc:none /tmp/dspot-experiments/dataset/april-2019/mustache.java_parent/compiler/target/dspot/tmp_test_sources/com/github/mustachejava/AbsolutePartialReferenceTest.java
[INFO] Run: java -classpath /tmp/dspot-experiments/dataset/april-2019/mustache.java_parent/compiler/target/classes/:/tmp/dspot-experiments/dataset/april-2019/mustache.java_parent/compiler/target/test-classes:/home/bedanglot/.m2/repository/junit/junit/4.11/junit-4.11.jar:/home/bedanglot/.m2/repository/org/hamcrest/hamcrest-core/1.3/hamcrest-core-1.3.jar:/home/bedanglot/.m2/repository/com/fasterxml/jackson/core/jackson-databind/2.7.4/jackson-databind-2.7.4.jar:/home/bedanglot/.m2/repository/com/fasterxml/jackson/core/jackson-annotations/2.7.0/jackson-annotations-2.7.0.jar:/home/bedanglot/.m2/repository/com/fasterxml/jackson/core/jackson-core/2.7.4/jackson-core-2.7.4.jar:/home/bedanglot/.m2/repository/com/fasterxml/jackson/dataformat/jackson-dataformat-yaml/2.7.4/jackson-dataformat-yaml-2.7.4.jar:/home/bedanglot/.m2/repository/org/yaml/snakeyaml/1.15/snakeyaml-1.15.jar:/home/bedanglot/.m2/repository/com/google/guava/guava/20.0/guava-20.0.jar:/tmp/dspot-experiments/dataset/april-2019/mustache.java_parent/compiler/target/dspot/dependencies/:/home/bedanglot/.m2/repository/eu/stamp-project/test-runner/2.0.7/test-runner-2.0.7-jar-with-dependencies.jar eu.stamp_project.testrunner.runner.JUnit4Runner --class com.github.mustachejava.AbsolutePartialReferenceTest --tests should_load_teamplates_with_absolute_references_using_filepath 
Parsing --class com.github.mustachejava.AbsolutePartialReferenceTest --tests should_load_teamplates_with_absolute_references_using_filepath
File saved to the following path: /tmp/dspot-experiments/dataset/april-2019/mustache.java_parent/compiler/target/dspot/TestResult.ser
Loading /tmp/dspot-experiments/dataset/april-2019/mustache.java_parent/compiler/target/dspot/TestResult.ser
[INFO] Test has been run: should_load_teamplates_with_absolute_references_using_filepath
[INFO] Assertion amplification: 1 test method(s) has been successfully amplified.
[WARN] 2019-05-07 18:00:19 Launcher - You specified the directory /tmp/dspot-experiments/dataset/april-2019/mustache.java/compiler/target/classes in source classpath, please note that only class files will be considered. Jars and subdirectories will be ignored.
[WARN] 2019-05-07 18:00:19 Launcher - You specified the directory /tmp/dspot-experiments/dataset/april-2019/mustache.java/compiler/target/test-classes in source classpath, please note that only class files will be considered. Jars and subdirectories will be ignored.
[WARN] 2019-05-07 18:00:19 Launcher - You specified the directory /tmp/dspot-experiments/dataset/april-2019/mustache.java/compiler/target/dspot/dependencies in source classpath, please note that only class files will be considered. Jars and subdirectories will be ignored.
[INFO] Run: java -classpath /tmp/dspot-experiments/dataset/april-2019/mustache.java/compiler/target/classes/:/tmp/dspot-experiments/dataset/april-2019/mustache.java/compiler/target/test-classes/:/home/bedanglot/.m2/repository/junit/junit/4.11/junit-4.11.jar:/home/bedanglot/.m2/repository/org/hamcrest/hamcrest-core/1.3/hamcrest-core-1.3.jar:/home/bedanglot/.m2/repository/com/fasterxml/jackson/core/jackson-databind/2.7.4/jackson-databind-2.7.4.jar:/home/bedanglot/.m2/repository/com/fasterxml/jackson/core/jackson-annotations/2.7.0/jackson-annotations-2.7.0.jar:/home/bedanglot/.m2/repository/com/fasterxml/jackson/core/jackson-core/2.7.4/jackson-core-2.7.4.jar:/home/bedanglot/.m2/repository/com/fasterxml/jackson/dataformat/jackson-dataformat-yaml/2.7.4/jackson-dataformat-yaml-2.7.4.jar:/home/bedanglot/.m2/repository/org/yaml/snakeyaml/1.15/snakeyaml-1.15.jar:/home/bedanglot/.m2/repository/com/google/guava/guava/20.0/guava-20.0.jar:/tmp/dspot-experiments/dataset/april-2019/mustache.java/compiler/target/dspot/dependencies/:/home/bedanglot/.m2/repository/eu/stamp-project/test-runner/2.0.7/test-runner-2.0.7-jar-with-dependencies.jar eu.stamp_project.testrunner.runner.JUnit4Runner --class com.github.mustachejava.AbsolutePartialReferenceTest --tests should_load_teamplates_with_absolute_references_using_filepath 
Parsing --class com.github.mustachejava.AbsolutePartialReferenceTest --tests should_load_teamplates_with_absolute_references_using_filepath
File saved to the following path: /tmp/dspot-experiments/dataset/april-2019/mustache.java_parent/compiler/target/dspot/TestResult.ser
Loading /tmp/dspot-experiments/dataset/april-2019/mustache.java_parent/compiler/target/dspot/TestResult.ser
[INFO] Test has been run: should_load_teamplates_with_absolute_references_using_filepath
[INFO] 0 amplified test methods has been selected to be kept. (global: 0)
[INFO] elapsedTime 5465
[WARNING] DSpot could not obtain any amplified test method.
[WARNING] You can customize the following options: --amplifiers, --test-criterion, --iteration, --budgetizer etc, and retry with a new configuration.
[INFO] Amplification of com.github.mustachejava.FallbackTest (3 test(s))
[INFO] Assertion amplification of com.github.mustachejava.FallbackTest (3 test(s))
[INFO] Using /tmp/dspot-experiments/dataset/april-2019/mustache.java/compiler/pom.xml to run maven.
[INFO] Using /usr/share/maven/ for maven home
[INFO] run maven: /usr/share/maven//bin/mvn clean test -DskipTests
[WARN] Maven will be executed in interactive mode, but no input stream has been configured for this MavenInvoker instance.
[INFO] Scanning for projects...
[INFO]                                                                         
[INFO] ------------------------------------------------------------------------
[INFO] Building compiler 0.9.6-SNAPSHOT
[INFO] ------------------------------------------------------------------------
[INFO] 
[INFO] --- maven-clean-plugin:2.5:clean (default-clean) @ compiler ---
[INFO] Deleting /tmp/dspot-experiments/dataset/april-2019/mustache.java/compiler/target
[INFO] 
[INFO] --- maven-resources-plugin:2.6:resources (default-resources) @ compiler ---
[INFO] Using 'UTF-8' encoding to copy filtered resources.
[INFO] skip non existing resourceDirectory /tmp/dspot-experiments/dataset/april-2019/mustache.java/compiler/src/main/resources
[INFO] 
[INFO] --- maven-compiler-plugin:3.5.1:compile (default-compile) @ compiler ---
[INFO] Changes detected - recompiling the module!
[INFO] Compiling 60 source files to /tmp/dspot-experiments/dataset/april-2019/mustache.java/compiler/target/classes
[INFO] 
[INFO] --- maven-resources-plugin:2.6:testResources (default-testResources) @ compiler ---
[INFO] Using 'UTF-8' encoding to copy filtered resources.
[INFO] Copying 116 resources
[INFO] 
[INFO] --- maven-compiler-plugin:3.5.1:testCompile (default-testCompile) @ compiler ---
[INFO] Changes detected - recompiling the module!
[INFO] Compiling 43 source files to /tmp/dspot-experiments/dataset/april-2019/mustache.java/compiler/target/test-classes
[INFO] /tmp/dspot-experiments/dataset/april-2019/mustache.java/compiler/src/test/java/com/github/mustachejava/ConcurrencyTest.java: Some input files use or override a deprecated API.
[INFO] /tmp/dspot-experiments/dataset/april-2019/mustache.java/compiler/src/test/java/com/github/mustachejava/ConcurrencyTest.java: Recompile with -Xlint:deprecation for details.
[INFO] /tmp/dspot-experiments/dataset/april-2019/mustache.java/compiler/src/test/java/com/github/mustachejava/functions/CommentTest.java: Some input files use unchecked or unsafe operations.
[INFO] /tmp/dspot-experiments/dataset/april-2019/mustache.java/compiler/src/test/java/com/github/mustachejava/functions/CommentTest.java: Recompile with -Xlint:unchecked for details.
[INFO] 
[INFO] --- maven-surefire-plugin:2.19.1:test (default-test) @ compiler ---
[INFO] Tests are skipped.
[INFO] ------------------------------------------------------------------------
[INFO] BUILD SUCCESS
[INFO] ------------------------------------------------------------------------
[INFO] Total time: 2.518 s
[INFO] Finished at: 2019-05-07T18:00:23+02:00
[INFO] Final Memory: 24M/1963M
[INFO] ------------------------------------------------------------------------
[INFO] Compiling with -proceedOnError -encoding UTF-8 -cp /tmp/dspot-experiments/dataset/april-2019/mustache.java_parent/compiler/target/dspot/tmp_test_sources:/home/bedanglot/.m2/repository/junit/junit/4.11/junit-4.11.jar:/home/bedanglot/.m2/repository/org/hamcrest/hamcrest-core/1.3/hamcrest-core-1.3.jar:/home/bedanglot/.m2/repository/com/fasterxml/jackson/core/jackson-databind/2.7.4/jackson-databind-2.7.4.jar:/home/bedanglot/.m2/repository/com/fasterxml/jackson/core/jackson-annotations/2.7.0/jackson-annotations-2.7.0.jar:/home/bedanglot/.m2/repository/com/fasterxml/jackson/core/jackson-core/2.7.4/jackson-core-2.7.4.jar:/home/bedanglot/.m2/repository/com/fasterxml/jackson/dataformat/jackson-dataformat-yaml/2.7.4/jackson-dataformat-yaml-2.7.4.jar:/home/bedanglot/.m2/repository/org/yaml/snakeyaml/1.15/snakeyaml-1.15.jar:/home/bedanglot/.m2/repository/com/google/guava/guava/20.0/guava-20.0.jar:/tmp/dspot-experiments/dataset/april-2019/mustache.java_parent/compiler/target/classes/:/tmp/dspot-experiments/dataset/april-2019/mustache.java_parent/compiler/target/test-classes/:/tmp/dspot-experiments/dataset/april-2019/mustache.java_parent/compiler/target/dspot/dependencies/: -d /tmp/dspot-experiments/dataset/april-2019/mustache.java_parent/compiler/target/test-classes -1.8 -preserveAllLocals -noExit -enableJavadoc -proc:none /tmp/dspot-experiments/dataset/april-2019/mustache.java_parent/compiler/target/dspot/tmp_test_sources/com/github/mustachejava/FallbackTest.java
[INFO] Run: java -classpath /tmp/dspot-experiments/dataset/april-2019/mustache.java_parent/compiler/target/classes/:/tmp/dspot-experiments/dataset/april-2019/mustache.java_parent/compiler/target/test-classes:/home/bedanglot/.m2/repository/junit/junit/4.11/junit-4.11.jar:/home/bedanglot/.m2/repository/org/hamcrest/hamcrest-core/1.3/hamcrest-core-1.3.jar:/home/bedanglot/.m2/repository/com/fasterxml/jackson/core/jackson-databind/2.7.4/jackson-databind-2.7.4.jar:/home/bedanglot/.m2/repository/com/fasterxml/jackson/core/jackson-annotations/2.7.0/jackson-annotations-2.7.0.jar:/home/bedanglot/.m2/repository/com/fasterxml/jackson/core/jackson-core/2.7.4/jackson-core-2.7.4.jar:/home/bedanglot/.m2/repository/com/fasterxml/jackson/dataformat/jackson-dataformat-yaml/2.7.4/jackson-dataformat-yaml-2.7.4.jar:/home/bedanglot/.m2/repository/org/yaml/snakeyaml/1.15/snakeyaml-1.15.jar:/home/bedanglot/.m2/repository/com/google/guava/guava/20.0/guava-20.0.jar:/tmp/dspot-experiments/dataset/april-2019/mustache.java_parent/compiler/target/dspot/dependencies/:/home/bedanglot/.m2/repository/eu/stamp-project/test-runner/2.0.7/test-runner-2.0.7-jar-with-dependencies.jar eu.stamp_project.testrunner.runner.JUnit4Runner --class com.github.mustachejava.FallbackTest --tests testOverridePage2:testOverridePage1:testDefaultPage1 
Parsing --class com.github.mustachejava.FallbackTest --tests testOverridePage2:testOverridePage1:testDefaultPage1
File saved to the following path: /tmp/dspot-experiments/dataset/april-2019/mustache.java_parent/compiler/target/dspot/TestResult.ser
Loading /tmp/dspot-experiments/dataset/april-2019/mustache.java_parent/compiler/target/dspot/TestResult.ser
[INFO] Test has been run: testOverridePage1,testOverridePage2,testDefaultPage1
[INFO] Run tests. (3)
[INFO] Compiling with -proceedOnError -encoding UTF-8 -cp /tmp/dspot-experiments/dataset/april-2019/mustache.java_parent/compiler/target/dspot/tmp_test_sources:/home/bedanglot/.m2/repository/junit/junit/4.11/junit-4.11.jar:/home/bedanglot/.m2/repository/org/hamcrest/hamcrest-core/1.3/hamcrest-core-1.3.jar:/home/bedanglot/.m2/repository/com/fasterxml/jackson/core/jackson-databind/2.7.4/jackson-databind-2.7.4.jar:/home/bedanglot/.m2/repository/com/fasterxml/jackson/core/jackson-annotations/2.7.0/jackson-annotations-2.7.0.jar:/home/bedanglot/.m2/repository/com/fasterxml/jackson/core/jackson-core/2.7.4/jackson-core-2.7.4.jar:/home/bedanglot/.m2/repository/com/fasterxml/jackson/dataformat/jackson-dataformat-yaml/2.7.4/jackson-dataformat-yaml-2.7.4.jar:/home/bedanglot/.m2/repository/org/yaml/snakeyaml/1.15/snakeyaml-1.15.jar:/home/bedanglot/.m2/repository/com/google/guava/guava/20.0/guava-20.0.jar:/tmp/dspot-experiments/dataset/april-2019/mustache.java_parent/compiler/target/classes/:/tmp/dspot-experiments/dataset/april-2019/mustache.java_parent/compiler/target/test-classes/:/tmp/dspot-experiments/dataset/april-2019/mustache.java_parent/compiler/target/dspot/dependencies/: -d /tmp/dspot-experiments/dataset/april-2019/mustache.java_parent/compiler/target/test-classes -1.8 -preserveAllLocals -noExit -enableJavadoc -proc:none /tmp/dspot-experiments/dataset/april-2019/mustache.java_parent/compiler/target/dspot/tmp_test_sources/com/github/mustachejava/FallbackTest.java
[INFO] Run: java -classpath /tmp/dspot-experiments/dataset/april-2019/mustache.java_parent/compiler/target/classes/:/tmp/dspot-experiments/dataset/april-2019/mustache.java_parent/compiler/target/test-classes:/home/bedanglot/.m2/repository/junit/junit/4.11/junit-4.11.jar:/home/bedanglot/.m2/repository/org/hamcrest/hamcrest-core/1.3/hamcrest-core-1.3.jar:/home/bedanglot/.m2/repository/com/fasterxml/jackson/core/jackson-databind/2.7.4/jackson-databind-2.7.4.jar:/home/bedanglot/.m2/repository/com/fasterxml/jackson/core/jackson-annotations/2.7.0/jackson-annotations-2.7.0.jar:/home/bedanglot/.m2/repository/com/fasterxml/jackson/core/jackson-core/2.7.4/jackson-core-2.7.4.jar:/home/bedanglot/.m2/repository/com/fasterxml/jackson/dataformat/jackson-dataformat-yaml/2.7.4/jackson-dataformat-yaml-2.7.4.jar:/home/bedanglot/.m2/repository/org/yaml/snakeyaml/1.15/snakeyaml-1.15.jar:/home/bedanglot/.m2/repository/com/google/guava/guava/20.0/guava-20.0.jar:/tmp/dspot-experiments/dataset/april-2019/mustache.java_parent/compiler/target/dspot/dependencies/:/home/bedanglot/.m2/repository/eu/stamp-project/test-runner/2.0.7/test-runner-2.0.7-jar-with-dependencies.jar eu.stamp_project.testrunner.runner.JUnit4Runner --class com.github.mustachejava.FallbackTest --tests testOverridePage2:testOverridePage1:testDefaultPage1 
Parsing --class com.github.mustachejava.FallbackTest --tests testOverridePage2:testOverridePage1:testDefaultPage1
File saved to the following path: /tmp/dspot-experiments/dataset/april-2019/mustache.java_parent/compiler/target/dspot/TestResult.ser
Loading /tmp/dspot-experiments/dataset/april-2019/mustache.java_parent/compiler/target/dspot/TestResult.ser
[INFO] Test has been run: testOverridePage1,testOverridePage2,testDefaultPage1
[INFO] 3 test pass, generating assertion...
[INFO] Add observations points in passing tests.
[INFO] Instrumentation...
 33% |================ ]/ 66% |================================= ]-100% |================================================== ]\
[INFO] Run instrumented tests. (9)
[INFO] Compiling with -proceedOnError -encoding UTF-8 -cp /tmp/dspot-experiments/dataset/april-2019/mustache.java_parent/compiler/target/dspot/tmp_test_sources:/home/bedanglot/.m2/repository/junit/junit/4.11/junit-4.11.jar:/home/bedanglot/.m2/repository/org/hamcrest/hamcrest-core/1.3/hamcrest-core-1.3.jar:/home/bedanglot/.m2/repository/com/fasterxml/jackson/core/jackson-databind/2.7.4/jackson-databind-2.7.4.jar:/home/bedanglot/.m2/repository/com/fasterxml/jackson/core/jackson-annotations/2.7.0/jackson-annotations-2.7.0.jar:/home/bedanglot/.m2/repository/com/fasterxml/jackson/core/jackson-core/2.7.4/jackson-core-2.7.4.jar:/home/bedanglot/.m2/repository/com/fasterxml/jackson/dataformat/jackson-dataformat-yaml/2.7.4/jackson-dataformat-yaml-2.7.4.jar:/home/bedanglot/.m2/repository/org/yaml/snakeyaml/1.15/snakeyaml-1.15.jar:/home/bedanglot/.m2/repository/com/google/guava/guava/20.0/guava-20.0.jar:/tmp/dspot-experiments/dataset/april-2019/mustache.java_parent/compiler/target/classes/:/tmp/dspot-experiments/dataset/april-2019/mustache.java_parent/compiler/target/test-classes/:/tmp/dspot-experiments/dataset/april-2019/mustache.java_parent/compiler/target/dspot/dependencies/: -d /tmp/dspot-experiments/dataset/april-2019/mustache.java_parent/compiler/target/test-classes -1.8 -preserveAllLocals -noExit -enableJavadoc -proc:none /tmp/dspot-experiments/dataset/april-2019/mustache.java_parent/compiler/target/dspot/tmp_test_sources/com/github/mustachejava/FallbackTest.java
[INFO] Run: java -classpath /tmp/dspot-experiments/dataset/april-2019/mustache.java_parent/compiler/target/classes/:/tmp/dspot-experiments/dataset/april-2019/mustache.java_parent/compiler/target/test-classes:/home/bedanglot/.m2/repository/junit/junit/4.11/junit-4.11.jar:/home/bedanglot/.m2/repository/org/hamcrest/hamcrest-core/1.3/hamcrest-core-1.3.jar:/home/bedanglot/.m2/repository/com/fasterxml/jackson/core/jackson-databind/2.7.4/jackson-databind-2.7.4.jar:/home/bedanglot/.m2/repository/com/fasterxml/jackson/core/jackson-annotations/2.7.0/jackson-annotations-2.7.0.jar:/home/bedanglot/.m2/repository/com/fasterxml/jackson/core/jackson-core/2.7.4/jackson-core-2.7.4.jar:/home/bedanglot/.m2/repository/com/fasterxml/jackson/dataformat/jackson-dataformat-yaml/2.7.4/jackson-dataformat-yaml-2.7.4.jar:/home/bedanglot/.m2/repository/org/yaml/snakeyaml/1.15/snakeyaml-1.15.jar:/home/bedanglot/.m2/repository/com/google/guava/guava/20.0/guava-20.0.jar:/tmp/dspot-experiments/dataset/april-2019/mustache.java_parent/compiler/target/dspot/dependencies/:/home/bedanglot/.m2/repository/eu/stamp-project/test-runner/2.0.7/test-runner-2.0.7-jar-with-dependencies.jar eu.stamp_project.testrunner.runner.JUnit4Runner --class com.github.mustachejava.FallbackTest --tests testOverridePage2_withlog0:testOverridePage1_withlog0:testDefaultPage1_withlog0:testOverridePage2_withlog1:testOverridePage1_withlog1:testDefaultPage1_withlog1:testOverridePage2_withlog2:testOverridePage1_withlog2:testDefaultPage1_withlog2 
Parsing --class com.github.mustachejava.FallbackTest --tests testOverridePage2_withlog0:testOverridePage1_withlog0:testDefaultPage1_withlog0:testOverridePage2_withlog1:testOverridePage1_withlog1:testDefaultPage1_withlog1:testOverridePage2_withlog2:testOverridePage1_withlog2:testDefaultPage1_withlog2
File saved to the following path: /tmp/dspot-experiments/dataset/april-2019/mustache.java_parent/compiler/target/dspot/observations.ser
File saved to the following path: /tmp/dspot-experiments/dataset/april-2019/mustache.java_parent/compiler/target/dspot/TestResult.ser
Loading /tmp/dspot-experiments/dataset/april-2019/mustache.java_parent/compiler/target/dspot/TestResult.ser
[INFO] Test has been run: testOverridePage2_withlog0,testOverridePage2_withlog1,testOverridePage2_withlog2,testOverridePage1_withlog0,testOverridePage1_withlog1,testOverridePage1_withlog2,testDefaultPage1_withlog0,testDefaultPage1_withlog1,testDefaultPage1_withlog2
[INFO] Generating assertions...
[INFO] 3 new tests with assertions generated
[INFO] Compiling with -proceedOnError -encoding UTF-8 -cp /tmp/dspot-experiments/dataset/april-2019/mustache.java_parent/compiler/target/dspot/tmp_test_sources:/home/bedanglot/.m2/repository/junit/junit/4.11/junit-4.11.jar:/home/bedanglot/.m2/repository/org/hamcrest/hamcrest-core/1.3/hamcrest-core-1.3.jar:/home/bedanglot/.m2/repository/com/fasterxml/jackson/core/jackson-databind/2.7.4/jackson-databind-2.7.4.jar:/home/bedanglot/.m2/repository/com/fasterxml/jackson/core/jackson-annotations/2.7.0/jackson-annotations-2.7.0.jar:/home/bedanglot/.m2/repository/com/fasterxml/jackson/core/jackson-core/2.7.4/jackson-core-2.7.4.jar:/home/bedanglot/.m2/repository/com/fasterxml/jackson/dataformat/jackson-dataformat-yaml/2.7.4/jackson-dataformat-yaml-2.7.4.jar:/home/bedanglot/.m2/repository/org/yaml/snakeyaml/1.15/snakeyaml-1.15.jar:/home/bedanglot/.m2/repository/com/google/guava/guava/20.0/guava-20.0.jar:/tmp/dspot-experiments/dataset/april-2019/mustache.java_parent/compiler/target/classes/:/tmp/dspot-experiments/dataset/april-2019/mustache.java_parent/compiler/target/test-classes/:/tmp/dspot-experiments/dataset/april-2019/mustache.java_parent/compiler/target/dspot/dependencies/: -d /tmp/dspot-experiments/dataset/april-2019/mustache.java_parent/compiler/target/test-classes -1.8 -preserveAllLocals -noExit -enableJavadoc -proc:none /tmp/dspot-experiments/dataset/april-2019/mustache.java_parent/compiler/target/dspot/tmp_test_sources/com/github/mustachejava/FallbackTest.java
[INFO] Run: java -classpath /tmp/dspot-experiments/dataset/april-2019/mustache.java_parent/compiler/target/classes/:/tmp/dspot-experiments/dataset/april-2019/mustache.java_parent/compiler/target/test-classes:/home/bedanglot/.m2/repository/junit/junit/4.11/junit-4.11.jar:/home/bedanglot/.m2/repository/org/hamcrest/hamcrest-core/1.3/hamcrest-core-1.3.jar:/home/bedanglot/.m2/repository/com/fasterxml/jackson/core/jackson-databind/2.7.4/jackson-databind-2.7.4.jar:/home/bedanglot/.m2/repository/com/fasterxml/jackson/core/jackson-annotations/2.7.0/jackson-annotations-2.7.0.jar:/home/bedanglot/.m2/repository/com/fasterxml/jackson/core/jackson-core/2.7.4/jackson-core-2.7.4.jar:/home/bedanglot/.m2/repository/com/fasterxml/jackson/dataformat/jackson-dataformat-yaml/2.7.4/jackson-dataformat-yaml-2.7.4.jar:/home/bedanglot/.m2/repository/org/yaml/snakeyaml/1.15/snakeyaml-1.15.jar:/home/bedanglot/.m2/repository/com/google/guava/guava/20.0/guava-20.0.jar:/tmp/dspot-experiments/dataset/april-2019/mustache.java_parent/compiler/target/dspot/dependencies/:/home/bedanglot/.m2/repository/eu/stamp-project/test-runner/2.0.7/test-runner-2.0.7-jar-with-dependencies.jar eu.stamp_project.testrunner.runner.JUnit4Runner --class com.github.mustachejava.FallbackTest --tests testOverridePage2:testOverridePage1:testDefaultPage1 
Parsing --class com.github.mustachejava.FallbackTest --tests testOverridePage2:testOverridePage1:testDefaultPage1
File saved to the following path: /tmp/dspot-experiments/dataset/april-2019/mustache.java_parent/compiler/target/dspot/TestResult.ser
Loading /tmp/dspot-experiments/dataset/april-2019/mustache.java_parent/compiler/target/dspot/TestResult.ser
[INFO] Test has been run: testOverridePage1,testOverridePage2,testDefaultPage1
[INFO] Assertion amplification: 3 test method(s) has been successfully amplified.
[WARN] 2019-05-07 18:00:25 Launcher - You specified the directory /tmp/dspot-experiments/dataset/april-2019/mustache.java/compiler/target/classes in source classpath, please note that only class files will be considered. Jars and subdirectories will be ignored.
[WARN] 2019-05-07 18:00:25 Launcher - You specified the directory /tmp/dspot-experiments/dataset/april-2019/mustache.java/compiler/target/test-classes in source classpath, please note that only class files will be considered. Jars and subdirectories will be ignored.
[WARN] 2019-05-07 18:00:25 Launcher - You specified the directory /tmp/dspot-experiments/dataset/april-2019/mustache.java/compiler/target/dspot/dependencies in source classpath, please note that only class files will be considered. Jars and subdirectories will be ignored.
[INFO] Run: java -classpath /tmp/dspot-experiments/dataset/april-2019/mustache.java/compiler/target/classes/:/tmp/dspot-experiments/dataset/april-2019/mustache.java/compiler/target/test-classes/:/home/bedanglot/.m2/repository/junit/junit/4.11/junit-4.11.jar:/home/bedanglot/.m2/repository/org/hamcrest/hamcrest-core/1.3/hamcrest-core-1.3.jar:/home/bedanglot/.m2/repository/com/fasterxml/jackson/core/jackson-databind/2.7.4/jackson-databind-2.7.4.jar:/home/bedanglot/.m2/repository/com/fasterxml/jackson/core/jackson-annotations/2.7.0/jackson-annotations-2.7.0.jar:/home/bedanglot/.m2/repository/com/fasterxml/jackson/core/jackson-core/2.7.4/jackson-core-2.7.4.jar:/home/bedanglot/.m2/repository/com/fasterxml/jackson/dataformat/jackson-dataformat-yaml/2.7.4/jackson-dataformat-yaml-2.7.4.jar:/home/bedanglot/.m2/repository/org/yaml/snakeyaml/1.15/snakeyaml-1.15.jar:/home/bedanglot/.m2/repository/com/google/guava/guava/20.0/guava-20.0.jar:/tmp/dspot-experiments/dataset/april-2019/mustache.java/compiler/target/dspot/dependencies/:/home/bedanglot/.m2/repository/eu/stamp-project/test-runner/2.0.7/test-runner-2.0.7-jar-with-dependencies.jar eu.stamp_project.testrunner.runner.JUnit4Runner --class com.github.mustachejava.FallbackTest --tests testOverridePage2:testOverridePage1:testDefaultPage1 
Parsing --class com.github.mustachejava.FallbackTest --tests testOverridePage2:testOverridePage1:testDefaultPage1
File saved to the following path: /tmp/dspot-experiments/dataset/april-2019/mustache.java_parent/compiler/target/dspot/TestResult.ser
Loading /tmp/dspot-experiments/dataset/april-2019/mustache.java_parent/compiler/target/dspot/TestResult.ser
[INFO] Test has been run: testOverridePage1,testOverridePage2,testDefaultPage1
[INFO] 0 amplified test methods has been selected to be kept. (global: 0)
[INFO] elapsedTime 5517
[WARNING] DSpot could not obtain any amplified test method.
[WARNING] You can customize the following options: --amplifiers, --test-criterion, --iteration, --budgetizer etc, and retry with a new configuration.
[INFO] Amplification succeed.
[INFO] Elapsed time 443413 ms
[INFO] 
0 amplified test fails on the new versions.
0 amplified test fails on the new versions.
0 amplified test fails on the new versions.
0 amplified test fails on the new versions.
0 amplified test fails on the new versions.
0 amplified test fails on the new versions.
0 amplified test fails on the new versions.
0 amplified test fails on the new versions.
0 amplified test fails on the new versions.
[INFO] Writing report in /tmp/dspot-experiments/results/april-2019/mustache.java/commit_1_8877027/assert_amplification/report.txt
[WARNING] DSpot encountered some errors during amplification.
[WARNING] DSpot encountered 3 error(s) during amplification.
Could not find any test class that match the given regular expression.
Your input:
	com.github.mustachejava.simple.SimpleSpecTest
Could not find any test class that match the given regular expression.
Your input:
	com.github.mustachejavabenchmarks.simple.SimpleJsonInterpreterTest
Something bad happened when DSpot tried to execute the tests before starting the amplification.
java.lang.RuntimeException: Forked process did not finished correctly
	at eu.stamp_project.testrunner.EntryPoint.runGivenCommandLine(EntryPoint.java:417)
	at eu.stamp_project.testrunner.EntryPoint.runTests(EntryPoint.java:198)
	at eu.stamp_project.testrunner.EntryPoint.runTests(EntryPoint.java:193)
	at eu.stamp_project.testrunner.EntryPoint.runTests(EntryPoint.java:154)
	at eu.stamp_project.utils.execution.TestRunner.run(TestRunner.java:98)
	at eu.stamp_project.utils.execution.TestRunner.runGivenTestMethods(TestRunner.java:66)
	at eu.stamp_project.utils.compilation.TestCompiler.compileAndRun(TestCompiler.java:99)
	at eu.stamp_project.utils.compilation.TestCompiler.compileRunAndDiscardUncompilableAndFailingTestMethods(TestCompiler.java:55)
	at eu.stamp_project.dspot.Amplification.amplification(Amplification.java:92)
	at eu.stamp_project.dspot.DSpot._amplify(DSpot.java:273)
	at eu.stamp_project.dspot.DSpot.lambda$amplifyTestClassesTestMethods$5(DSpot.java:254)
	at java.util.stream.ReferencePipeline$3$1.accept(ReferencePipeline.java:193)
	at java.util.ArrayList$ArrayListSpliterator.forEachRemaining(ArrayList.java:1382)
	at java.util.stream.AbstractPipeline.copyInto(AbstractPipeline.java:482)
	at java.util.stream.AbstractPipeline.wrapAndCopyInto(AbstractPipeline.java:472)
	at java.util.stream.ReduceOps$ReduceOp.evaluateSequential(ReduceOps.java:708)
	at java.util.stream.AbstractPipeline.evaluate(AbstractPipeline.java:234)
	at java.util.stream.ReferencePipeline.collect(ReferencePipeline.java:499)
	at eu.stamp_project.dspot.DSpot.amplifyTestClassesTestMethods(DSpot.java:255)
	at eu.stamp_project.Main.run(Main.java:65)
	at eu.stamp_project.DSpotMojo.execute(DSpotMojo.java:305)
	at org.apache.maven.plugin.DefaultBuildPluginManager.executeMojo(DefaultBuildPluginManager.java:134)
	at org.apache.maven.lifecycle.internal.MojoExecutor.execute(MojoExecutor.java:207)
	at org.apache.maven.lifecycle.internal.MojoExecutor.execute(MojoExecutor.java:153)
	at org.apache.maven.lifecycle.internal.MojoExecutor.execute(MojoExecutor.java:145)
	at org.apache.maven.lifecycle.internal.LifecycleModuleBuilder.buildProject(LifecycleModuleBuilder.java:116)
	at org.apache.maven.lifecycle.internal.LifecycleModuleBuilder.buildProject(LifecycleModuleBuilder.java:80)
	at org.apache.maven.lifecycle.internal.builder.singlethreaded.SingleThreadedBuilder.build(SingleThreadedBuilder.java:51)
	at org.apache.maven.lifecycle.internal.LifecycleStarter.execute(LifecycleStarter.java:128)
	at org.apache.maven.DefaultMaven.doExecute(DefaultMaven.java:307)
	at org.apache.maven.DefaultMaven.doExecute(DefaultMaven.java:193)
	at org.apache.maven.DefaultMaven.execute(DefaultMaven.java:106)
	at org.apache.maven.cli.MavenCli.execute(MavenCli.java:863)
	at org.apache.maven.cli.MavenCli.doMain(MavenCli.java:288)
	at org.apache.maven.cli.MavenCli.main(MavenCli.java:199)
	at sun.reflect.NativeMethodAccessorImpl.invoke0(Native Method)
	at sun.reflect.NativeMethodAccessorImpl.invoke(NativeMethodAccessorImpl.java:62)
	at sun.reflect.DelegatingMethodAccessorImpl.invoke(DelegatingMethodAccessorImpl.java:43)
	at java.lang.reflect.Method.invoke(Method.java:498)
	at org.codehaus.plexus.classworlds.launcher.Launcher.launchEnhanced(Launcher.java:289)
	at org.codehaus.plexus.classworlds.launcher.Launcher.launch(Launcher.java:229)
	at org.codehaus.plexus.classworlds.launcher.Launcher.mainWithExitCode(Launcher.java:415)
	at org.codehaus.plexus.classworlds.launcher.Launcher.main(Launcher.java:356)

[INFO] The amplification ends up with 0 amplified test methods over 0 test classes.
[INFO] ------------------------------------------------------------------------
[INFO] BUILD SUCCESS
[INFO] ------------------------------------------------------------------------
[INFO] Total time: 07:31 min
[INFO] Finished at: 2019-05-07T18:00:25+02:00
[INFO] Final Memory: 41M/2204M
[INFO] ------------------------------------------------------------------------
