1 amplified test fails on the new versions.
testParser_literalMutationString5_failAssert0(com.github.mustachejava.inverter.InverterTest): Illegal character in path at index 4: This is a good dayjava.lang.IllegalArgumentException: Illegal character in path at index 4: This is a good day
	at java.net.URI.create(URI.java:852)
	at com.github.mustachejava.resolver.ClasspathResolver.getReader(ClasspathResolver.java:37)
	at com.github.mustachejava.resolver.DefaultResolver.getReader(DefaultResolver.java:44)
	at com.github.mustachejava.DefaultMustacheFactory.getReader(DefaultMustacheFactory.java:115)
	at com.github.mustachejava.MustacheParser.compile(MustacheParser.java:26)
	at java.util.concurrent.ConcurrentHashMap.computeIfAbsent(ConcurrentHashMap.java:1660)
	at com.github.mustachejava.DefaultMustacheFactory.compile(DefaultMustacheFactory.java:176)
	at com.github.mustachejava.inverter.InverterTest.testParser_literalMutationString5_failAssert0(InverterTest.java:202)
	at sun.reflect.NativeMethodAccessorImpl.invoke0(Native Method)
	at sun.reflect.NativeMethodAccessorImpl.invoke(NativeMethodAccessorImpl.java:62)
	at sun.reflect.DelegatingMethodAccessorImpl.invoke(DelegatingMethodAccessorImpl.java:43)
	at java.lang.reflect.Method.invoke(Method.java:498)
	at org.junit.runners.model.FrameworkMethod$1.runReflectiveCall(FrameworkMethod.java:47)
	at org.junit.internal.runners.model.ReflectiveCallable.run(ReflectiveCallable.java:12)
	at org.junit.runners.model.FrameworkMethod.invokeExplosively(FrameworkMethod.java:44)
	at org.junit.internal.runners.statements.InvokeMethod.evaluate(InvokeMethod.java:17)
	at org.junit.internal.runners.statements.FailOnTimeout$StatementThread.run(FailOnTimeout.java:74)
Caused by: java.net.URISyntaxException: Illegal character in path at index 4: This is a good day
	at java.net.URI$Parser.fail(URI.java:2848)
	at java.net.URI$Parser.checkChars(URI.java:3021)
	at java.net.URI$Parser.parseHierarchical(URI.java:3105)
	at java.net.URI$Parser.parse(URI.java:3063)
	at java.net.URI.<init>(URI.java:588)
	at java.net.URI.create(URI.java:850)
	... 16 more

1 amplified test fails on the new versions.
testParser_literalMutationString5_failAssert0(com.github.mustachejava.inverter.InverterTest): Illegal character in path at index 4: This is a good dayjava.lang.IllegalArgumentException: Illegal character in path at index 4: This is a good day
	at java.net.URI.create(URI.java:852)
	at com.github.mustachejava.resolver.ClasspathResolver.getReader(ClasspathResolver.java:37)
	at com.github.mustachejava.resolver.DefaultResolver.getReader(DefaultResolver.java:44)
	at com.github.mustachejava.DefaultMustacheFactory.getReader(DefaultMustacheFactory.java:115)
	at com.github.mustachejava.MustacheParser.compile(MustacheParser.java:26)
	at java.util.concurrent.ConcurrentHashMap.computeIfAbsent(ConcurrentHashMap.java:1660)
	at com.github.mustachejava.DefaultMustacheFactory.compile(DefaultMustacheFactory.java:176)
	at com.github.mustachejava.inverter.InverterTest.testParser_literalMutationString5_failAssert0(InverterTest.java:202)
	at sun.reflect.NativeMethodAccessorImpl.invoke0(Native Method)
	at sun.reflect.NativeMethodAccessorImpl.invoke(NativeMethodAccessorImpl.java:62)
	at sun.reflect.DelegatingMethodAccessorImpl.invoke(DelegatingMethodAccessorImpl.java:43)
	at java.lang.reflect.Method.invoke(Method.java:498)
	at org.junit.runners.model.FrameworkMethod$1.runReflectiveCall(FrameworkMethod.java:47)
	at org.junit.internal.runners.model.ReflectiveCallable.run(ReflectiveCallable.java:12)
	at org.junit.runners.model.FrameworkMethod.invokeExplosively(FrameworkMethod.java:44)
	at org.junit.internal.runners.statements.InvokeMethod.evaluate(InvokeMethod.java:17)
	at org.junit.internal.runners.statements.FailOnTimeout$StatementThread.run(FailOnTimeout.java:74)
Caused by: java.net.URISyntaxException: Illegal character in path at index 4: This is a good day
	at java.net.URI$Parser.fail(URI.java:2848)
	at java.net.URI$Parser.checkChars(URI.java:3021)
	at java.net.URI$Parser.parseHierarchical(URI.java:3105)
	at java.net.URI$Parser.parse(URI.java:3063)
	at java.net.URI.<init>(URI.java:588)
	at java.net.URI.create(URI.java:850)
	... 16 more

1 amplified test fails on the new versions.
testPretranslate_literalMutationString14_failAssert0(com.github.mustachejava.PreTranslateTest): Malformed escape pair at index 6: DkQ?AA%hVV/@[n_(4java.lang.IllegalArgumentException: Malformed escape pair at index 6: DkQ?AA%hVV/@[n_(4
	at java.net.URI.create(URI.java:852)
	at com.github.mustachejava.resolver.ClasspathResolver.getReader(ClasspathResolver.java:37)
	at com.github.mustachejava.resolver.DefaultResolver.getReader(DefaultResolver.java:44)
	at com.github.mustachejava.DefaultMustacheFactory.getReader(DefaultMustacheFactory.java:115)
	at com.github.mustachejava.MustacheParser.compile(MustacheParser.java:26)
	at com.github.mustachejava.PreTranslateTest$37.lambda$0(PreTranslateTest.java:576)
	at java.util.concurrent.ConcurrentHashMap.computeIfAbsent(ConcurrentHashMap.java:1660)
	at com.github.mustachejava.DefaultMustacheFactory.compile(DefaultMustacheFactory.java:176)
	at com.github.mustachejava.PreTranslateTest.testPretranslate_literalMutationString14_failAssert0(PreTranslateTest.java:582)
	at sun.reflect.NativeMethodAccessorImpl.invoke0(Native Method)
	at sun.reflect.NativeMethodAccessorImpl.invoke(NativeMethodAccessorImpl.java:62)
	at sun.reflect.DelegatingMethodAccessorImpl.invoke(DelegatingMethodAccessorImpl.java:43)
	at java.lang.reflect.Method.invoke(Method.java:498)
	at org.junit.runners.model.FrameworkMethod$1.runReflectiveCall(FrameworkMethod.java:47)
	at org.junit.internal.runners.model.ReflectiveCallable.run(ReflectiveCallable.java:12)
	at org.junit.runners.model.FrameworkMethod.invokeExplosively(FrameworkMethod.java:44)
	at org.junit.internal.runners.statements.InvokeMethod.evaluate(InvokeMethod.java:17)
	at org.junit.internal.runners.statements.FailOnTimeout$StatementThread.run(FailOnTimeout.java:74)
Caused by: java.net.URISyntaxException: Malformed escape pair at index 6: DkQ?AA%hVV/@[n_(4
	at java.net.URI$Parser.fail(URI.java:2848)
	at java.net.URI$Parser.scanEscape(URI.java:2978)
	at java.net.URI$Parser.scan(URI.java:3001)
	at java.net.URI$Parser.checkChars(URI.java:3019)
	at java.net.URI$Parser.parseHierarchical(URI.java:3111)
	at java.net.URI$Parser.parse(URI.java:3063)
	at java.net.URI.<init>(URI.java:588)
	at java.net.URI.create(URI.java:850)
	... 17 more

5 amplified test fails on the new versions.
testPostNullLabels_literalMutationString6_failAssert0(com.github.mustachejava.functions.BundleFunctionsTest): Illegal character in path at index 0: }[{0c_z}F>j#
testPostLabels_literalMutationString289_failAssert0(com.github.mustachejava.functions.BundleFunctionsTest): Illegal character in path at index 10: bundles.ht{ml
testPostLabels_literalMutationString290_failAssert0(com.github.mustachejava.functions.BundleFunctionsTest): Illegal character in path at index 1: (<(6vaIWI4yj
testPreLabels_literalMutationString116_failAssert0(com.github.mustachejava.functions.BundleFunctionsTest): Illegal character in opaque part at index 6: a:9yTL<h.g g
testPreNullLabels_literalMutationString459_failAssert0(com.github.mustachejava.functions.BundleFunctionsTest): Malformed escape pair at index 0: %m &&m<)<$f!java.lang.IllegalArgumentException: Illegal character in path at index 0: }[{0c_z}F>j#
	at java.net.URI.create(URI.java:852)
	at com.github.mustachejava.resolver.ClasspathResolver.getReader(ClasspathResolver.java:37)
	at com.github.mustachejava.resolver.DefaultResolver.getReader(DefaultResolver.java:44)
	at com.github.mustachejava.DefaultMustacheFactory.getReader(DefaultMustacheFactory.java:115)
	at com.github.mustachejava.MustacheParser.compile(MustacheParser.java:26)
	at java.util.concurrent.ConcurrentHashMap.computeIfAbsent(ConcurrentHashMap.java:1660)
	at com.github.mustachejava.DefaultMustacheFactory.compile(DefaultMustacheFactory.java:176)
	at com.github.mustachejava.functions.BundleFunctionsTest.testPostNullLabels_literalMutationString6_failAssert0(BundleFunctionsTest.java:501)
	at sun.reflect.NativeMethodAccessorImpl.invoke0(Native Method)
	at sun.reflect.NativeMethodAccessorImpl.invoke(NativeMethodAccessorImpl.java:62)
	at sun.reflect.DelegatingMethodAccessorImpl.invoke(DelegatingMethodAccessorImpl.java:43)
	at java.lang.reflect.Method.invoke(Method.java:498)
	at org.junit.runners.model.FrameworkMethod$1.runReflectiveCall(FrameworkMethod.java:47)
	at org.junit.internal.runners.model.ReflectiveCallable.run(ReflectiveCallable.java:12)
	at org.junit.runners.model.FrameworkMethod.invokeExplosively(FrameworkMethod.java:44)
	at org.junit.internal.runners.statements.InvokeMethod.evaluate(InvokeMethod.java:17)
	at org.junit.internal.runners.statements.FailOnTimeout$StatementThread.run(FailOnTimeout.java:74)
Caused by: java.net.URISyntaxException: Illegal character in path at index 0: }[{0c_z}F>j#
	at java.net.URI$Parser.fail(URI.java:2848)
	at java.net.URI$Parser.checkChars(URI.java:3021)
	at java.net.URI$Parser.parseHierarchical(URI.java:3105)
	at java.net.URI$Parser.parse(URI.java:3063)
	at java.net.URI.<init>(URI.java:588)
	at java.net.URI.create(URI.java:850)
	... 16 more
java.lang.IllegalArgumentException: Illegal character in path at index 10: bundles.ht{ml
	at java.net.URI.create(URI.java:852)
	at com.github.mustachejava.resolver.ClasspathResolver.getReader(ClasspathResolver.java:37)
	at com.github.mustachejava.resolver.DefaultResolver.getReader(DefaultResolver.java:44)
	at com.github.mustachejava.DefaultMustacheFactory.getReader(DefaultMustacheFactory.java:115)
	at com.github.mustachejava.MustacheParser.compile(MustacheParser.java:26)
	at java.util.concurrent.ConcurrentHashMap.computeIfAbsent(ConcurrentHashMap.java:1660)
	at com.github.mustachejava.DefaultMustacheFactory.compile(DefaultMustacheFactory.java:176)
	at com.github.mustachejava.functions.BundleFunctionsTest.testPostLabels_literalMutationString289_failAssert0(BundleFunctionsTest.java:975)
	at sun.reflect.NativeMethodAccessorImpl.invoke0(Native Method)
	at sun.reflect.NativeMethodAccessorImpl.invoke(NativeMethodAccessorImpl.java:62)
	at sun.reflect.DelegatingMethodAccessorImpl.invoke(DelegatingMethodAccessorImpl.java:43)
	at java.lang.reflect.Method.invoke(Method.java:498)
	at org.junit.runners.model.FrameworkMethod$1.runReflectiveCall(FrameworkMethod.java:47)
	at org.junit.internal.runners.model.ReflectiveCallable.run(ReflectiveCallable.java:12)
	at org.junit.runners.model.FrameworkMethod.invokeExplosively(FrameworkMethod.java:44)
	at org.junit.internal.runners.statements.InvokeMethod.evaluate(InvokeMethod.java:17)
	at org.junit.internal.runners.statements.FailOnTimeout$StatementThread.run(FailOnTimeout.java:74)
Caused by: java.net.URISyntaxException: Illegal character in path at index 10: bundles.ht{ml
	at java.net.URI$Parser.fail(URI.java:2848)
	at java.net.URI$Parser.checkChars(URI.java:3021)
	at java.net.URI$Parser.parseHierarchical(URI.java:3105)
	at java.net.URI$Parser.parse(URI.java:3063)
	at java.net.URI.<init>(URI.java:588)
	at java.net.URI.create(URI.java:850)
	... 16 more
java.lang.IllegalArgumentException: Illegal character in path at index 1: (<(6vaIWI4yj
	at java.net.URI.create(URI.java:852)
	at com.github.mustachejava.resolver.ClasspathResolver.getReader(ClasspathResolver.java:37)
	at com.github.mustachejava.resolver.DefaultResolver.getReader(DefaultResolver.java:44)
	at com.github.mustachejava.DefaultMustacheFactory.getReader(DefaultMustacheFactory.java:115)
	at com.github.mustachejava.MustacheParser.compile(MustacheParser.java:26)
	at java.util.concurrent.ConcurrentHashMap.computeIfAbsent(ConcurrentHashMap.java:1660)
	at com.github.mustachejava.DefaultMustacheFactory.compile(DefaultMustacheFactory.java:176)
	at com.github.mustachejava.functions.BundleFunctionsTest.testPostLabels_literalMutationString290_failAssert0(BundleFunctionsTest.java:993)
	at sun.reflect.NativeMethodAccessorImpl.invoke0(Native Method)
	at sun.reflect.NativeMethodAccessorImpl.invoke(NativeMethodAccessorImpl.java:62)
	at sun.reflect.DelegatingMethodAccessorImpl.invoke(DelegatingMethodAccessorImpl.java:43)
	at java.lang.reflect.Method.invoke(Method.java:498)
	at org.junit.runners.model.FrameworkMethod$1.runReflectiveCall(FrameworkMethod.java:47)
	at org.junit.internal.runners.model.ReflectiveCallable.run(ReflectiveCallable.java:12)
	at org.junit.runners.model.FrameworkMethod.invokeExplosively(FrameworkMethod.java:44)
	at org.junit.internal.runners.statements.InvokeMethod.evaluate(InvokeMethod.java:17)
	at org.junit.internal.runners.statements.FailOnTimeout$StatementThread.run(FailOnTimeout.java:74)
Caused by: java.net.URISyntaxException: Illegal character in path at index 1: (<(6vaIWI4yj
	at java.net.URI$Parser.fail(URI.java:2848)
	at java.net.URI$Parser.checkChars(URI.java:3021)
	at java.net.URI$Parser.parseHierarchical(URI.java:3105)
	at java.net.URI$Parser.parse(URI.java:3063)
	at java.net.URI.<init>(URI.java:588)
	at java.net.URI.create(URI.java:850)
	... 16 more
java.lang.IllegalArgumentException: Illegal character in opaque part at index 6: a:9yTL<h.g g
	at java.net.URI.create(URI.java:852)
	at com.github.mustachejava.resolver.ClasspathResolver.getReader(ClasspathResolver.java:37)
	at com.github.mustachejava.resolver.DefaultResolver.getReader(DefaultResolver.java:44)
	at com.github.mustachejava.DefaultMustacheFactory.getReader(DefaultMustacheFactory.java:115)
	at com.github.mustachejava.MustacheParser.compile(MustacheParser.java:26)
	at java.util.concurrent.ConcurrentHashMap.computeIfAbsent(ConcurrentHashMap.java:1660)
	at com.github.mustachejava.DefaultMustacheFactory.compile(DefaultMustacheFactory.java:176)
	at com.github.mustachejava.functions.BundleFunctionsTest.testPreLabels_literalMutationString116_failAssert0(BundleFunctionsTest.java:1035)
	at sun.reflect.NativeMethodAccessorImpl.invoke0(Native Method)
	at sun.reflect.NativeMethodAccessorImpl.invoke(NativeMethodAccessorImpl.java:62)
	at sun.reflect.DelegatingMethodAccessorImpl.invoke(DelegatingMethodAccessorImpl.java:43)
	at java.lang.reflect.Method.invoke(Method.java:498)
	at org.junit.runners.model.FrameworkMethod$1.runReflectiveCall(FrameworkMethod.java:47)
	at org.junit.internal.runners.model.ReflectiveCallable.run(ReflectiveCallable.java:12)
	at org.junit.runners.model.FrameworkMethod.invokeExplosively(FrameworkMethod.java:44)
	at org.junit.internal.runners.statements.InvokeMethod.evaluate(InvokeMethod.java:17)
	at org.junit.internal.runners.statements.FailOnTimeout$StatementThread.run(FailOnTimeout.java:74)
Caused by: java.net.URISyntaxException: Illegal character in opaque part at index 6: a:9yTL<h.g g
	at java.net.URI$Parser.fail(URI.java:2848)
	at java.net.URI$Parser.checkChars(URI.java:3021)
	at java.net.URI$Parser.parse(URI.java:3058)
	at java.net.URI.<init>(URI.java:588)
	at java.net.URI.create(URI.java:850)
	... 16 more
java.lang.IllegalArgumentException: Malformed escape pair at index 0: %m &&m<)<$f!
	at java.net.URI.create(URI.java:852)
	at com.github.mustachejava.resolver.ClasspathResolver.getReader(ClasspathResolver.java:37)
	at com.github.mustachejava.resolver.DefaultResolver.getReader(DefaultResolver.java:44)
	at com.github.mustachejava.DefaultMustacheFactory.getReader(DefaultMustacheFactory.java:115)
	at com.github.mustachejava.MustacheParser.compile(MustacheParser.java:26)
	at java.util.concurrent.ConcurrentHashMap.computeIfAbsent(ConcurrentHashMap.java:1660)
	at com.github.mustachejava.DefaultMustacheFactory.compile(DefaultMustacheFactory.java:176)
	at com.github.mustachejava.functions.BundleFunctionsTest.testPreNullLabels_literalMutationString459_failAssert0(BundleFunctionsTest.java:909)
	at sun.reflect.NativeMethodAccessorImpl.invoke0(Native Method)
	at sun.reflect.NativeMethodAccessorImpl.invoke(NativeMethodAccessorImpl.java:62)
	at sun.reflect.DelegatingMethodAccessorImpl.invoke(DelegatingMethodAccessorImpl.java:43)
	at java.lang.reflect.Method.invoke(Method.java:498)
	at org.junit.runners.model.FrameworkMethod$1.runReflectiveCall(FrameworkMethod.java:47)
	at org.junit.internal.runners.model.ReflectiveCallable.run(ReflectiveCallable.java:12)
	at org.junit.runners.model.FrameworkMethod.invokeExplosively(FrameworkMethod.java:44)
	at org.junit.internal.runners.statements.InvokeMethod.evaluate(InvokeMethod.java:17)
	at org.junit.internal.runners.statements.FailOnTimeout$StatementThread.run(FailOnTimeout.java:74)
Caused by: java.net.URISyntaxException: Malformed escape pair at index 0: %m &&m<)<$f!
	at java.net.URI$Parser.fail(URI.java:2848)
	at java.net.URI$Parser.scanEscape(URI.java:2978)
	at java.net.URI$Parser.scan(URI.java:3001)
	at java.net.URI$Parser.checkChars(URI.java:3019)
	at java.net.URI$Parser.parseHierarchical(URI.java:3105)
	at java.net.URI$Parser.parse(URI.java:3063)
	at java.net.URI.<init>(URI.java:588)
	at java.net.URI.create(URI.java:850)
	... 16 more

11 amplified test fails on the new versions.
testToJson3_literalMutationString2_failAssert0(com.github.mustachejava.inverter.InvertToJsonTest): Illegal character in path at index 2: LR`}omEh5|zN(XYjv
testToJson5_literalMutationString439_failAssert0(com.github.mustachejava.inverter.InvertToJsonTest): Illegal character in scheme name at index 2: hU]:QBp!)A$5_,kp
testToJson3_literalMutationString3_failAssert0(com.github.mustachejava.inverter.InvertToJsonTest): Illegal character in path at index 4: This is a good day
testToJson4_literalMutationString98_failAssert0(com.github.mustachejava.inverter.InvertToJsonTest): Illegal character in path at index 1: 0^d_+ y]n*UITxwK
testToJson_literalMutationString253_failAssert0(com.github.mustachejava.inverter.InvertToJsonTest): Illegal character in path at index 1: =>3|Le(8^eiCT8I
testToJson_literalMutationString255_failAssert0(com.github.mustachejava.inverter.InvertToJsonTest): Illegal character in path at index 4: This is a good day
testToJson2_literalMutationString349_failAssert0(com.github.mustachejava.inverter.InvertToJsonTest): Illegal character in path at index 4: This is a good day
testToJson2_literalMutationString351_failAssert0(com.github.mustachejava.inverter.InvertToJsonTest): Illegal character in path at index 1: s<lvD(|2IjGc}RJ6
testToJson4_literalMutationString97_failAssert0(com.github.mustachejava.inverter.InvertToJsonTest): Illegal character in path at index 4: This is a good day
testToJson2_literalMutationString350_failAssert0(com.github.mustachejava.inverter.InvertToJsonTest): Illegal character in path at index 5: fdbcl 2.mustache
testToJson5_literalMutationString442_failAssert0(com.github.mustachejava.inverter.InvertToJsonTest): Illegal character in path at index 4: This is a good dayjava.lang.IllegalArgumentException: Illegal character in path at index 2: LR`}omEh5|zN(XYjv
	at java.net.URI.create(URI.java:852)
	at com.github.mustachejava.resolver.ClasspathResolver.getReader(ClasspathResolver.java:37)
	at com.github.mustachejava.resolver.DefaultResolver.getReader(DefaultResolver.java:44)
	at com.github.mustachejava.DefaultMustacheFactory.getReader(DefaultMustacheFactory.java:115)
	at com.github.mustachejava.MustacheParser.compile(MustacheParser.java:26)
	at java.util.concurrent.ConcurrentHashMap.computeIfAbsent(ConcurrentHashMap.java:1660)
	at com.github.mustachejava.DefaultMustacheFactory.compile(DefaultMustacheFactory.java:176)
	at com.github.mustachejava.inverter.InvertToJsonTest.testToJson3_literalMutationString2_failAssert0(InvertToJsonTest.java:316)
	at sun.reflect.NativeMethodAccessorImpl.invoke0(Native Method)
	at sun.reflect.NativeMethodAccessorImpl.invoke(NativeMethodAccessorImpl.java:62)
	at sun.reflect.DelegatingMethodAccessorImpl.invoke(DelegatingMethodAccessorImpl.java:43)
	at java.lang.reflect.Method.invoke(Method.java:498)
	at org.junit.runners.model.FrameworkMethod$1.runReflectiveCall(FrameworkMethod.java:47)
	at org.junit.internal.runners.model.ReflectiveCallable.run(ReflectiveCallable.java:12)
	at org.junit.runners.model.FrameworkMethod.invokeExplosively(FrameworkMethod.java:44)
	at org.junit.internal.runners.statements.InvokeMethod.evaluate(InvokeMethod.java:17)
	at org.junit.internal.runners.statements.FailOnTimeout$StatementThread.run(FailOnTimeout.java:74)
Caused by: java.net.URISyntaxException: Illegal character in path at index 2: LR`}omEh5|zN(XYjv
	at java.net.URI$Parser.fail(URI.java:2848)
	at java.net.URI$Parser.checkChars(URI.java:3021)
	at java.net.URI$Parser.parseHierarchical(URI.java:3105)
	at java.net.URI$Parser.parse(URI.java:3063)
	at java.net.URI.<init>(URI.java:588)
	at java.net.URI.create(URI.java:850)
	... 16 more
java.lang.IllegalArgumentException: Illegal character in scheme name at index 2: hU]:QBp!)A$5_,kp
	at java.net.URI.create(URI.java:852)
	at com.github.mustachejava.resolver.ClasspathResolver.getReader(ClasspathResolver.java:37)
	at com.github.mustachejava.resolver.DefaultResolver.getReader(DefaultResolver.java:44)
	at com.github.mustachejava.DefaultMustacheFactory.getReader(DefaultMustacheFactory.java:115)
	at com.github.mustachejava.MustacheParser.compile(MustacheParser.java:26)
	at java.util.concurrent.ConcurrentHashMap.computeIfAbsent(ConcurrentHashMap.java:1660)
	at com.github.mustachejava.DefaultMustacheFactory.compile(DefaultMustacheFactory.java:176)
	at com.github.mustachejava.inverter.InvertToJsonTest.testToJson5_literalMutationString439_failAssert0(InvertToJsonTest.java:223)
	at sun.reflect.NativeMethodAccessorImpl.invoke0(Native Method)
	at sun.reflect.NativeMethodAccessorImpl.invoke(NativeMethodAccessorImpl.java:62)
	at sun.reflect.DelegatingMethodAccessorImpl.invoke(DelegatingMethodAccessorImpl.java:43)
	at java.lang.reflect.Method.invoke(Method.java:498)
	at org.junit.runners.model.FrameworkMethod$1.runReflectiveCall(FrameworkMethod.java:47)
	at org.junit.internal.runners.model.ReflectiveCallable.run(ReflectiveCallable.java:12)
	at org.junit.runners.model.FrameworkMethod.invokeExplosively(FrameworkMethod.java:44)
	at org.junit.internal.runners.statements.InvokeMethod.evaluate(InvokeMethod.java:17)
	at org.junit.internal.runners.statements.FailOnTimeout$StatementThread.run(FailOnTimeout.java:74)
Caused by: java.net.URISyntaxException: Illegal character in scheme name at index 2: hU]:QBp!)A$5_,kp
	at java.net.URI$Parser.fail(URI.java:2848)
	at java.net.URI$Parser.checkChars(URI.java:3021)
	at java.net.URI$Parser.parse(URI.java:3048)
	at java.net.URI.<init>(URI.java:588)
	at java.net.URI.create(URI.java:850)
	... 16 more
java.lang.IllegalArgumentException: Illegal character in path at index 4: This is a good day
	at java.net.URI.create(URI.java:852)
	at com.github.mustachejava.resolver.ClasspathResolver.getReader(ClasspathResolver.java:37)
	at com.github.mustachejava.resolver.DefaultResolver.getReader(DefaultResolver.java:44)
	at com.github.mustachejava.DefaultMustacheFactory.getReader(DefaultMustacheFactory.java:115)
	at com.github.mustachejava.MustacheParser.compile(MustacheParser.java:26)
	at java.util.concurrent.ConcurrentHashMap.computeIfAbsent(ConcurrentHashMap.java:1660)
	at com.github.mustachejava.DefaultMustacheFactory.compile(DefaultMustacheFactory.java:176)
	at com.github.mustachejava.inverter.InvertToJsonTest.testToJson3_literalMutationString3_failAssert0(InvertToJsonTest.java:166)
	at sun.reflect.NativeMethodAccessorImpl.invoke0(Native Method)
	at sun.reflect.NativeMethodAccessorImpl.invoke(NativeMethodAccessorImpl.java:62)
	at sun.reflect.DelegatingMethodAccessorImpl.invoke(DelegatingMethodAccessorImpl.java:43)
	at java.lang.reflect.Method.invoke(Method.java:498)
	at org.junit.runners.model.FrameworkMethod$1.runReflectiveCall(FrameworkMethod.java:47)
	at org.junit.internal.runners.model.ReflectiveCallable.run(ReflectiveCallable.java:12)
	at org.junit.runners.model.FrameworkMethod.invokeExplosively(FrameworkMethod.java:44)
	at org.junit.internal.runners.statements.InvokeMethod.evaluate(InvokeMethod.java:17)
	at org.junit.internal.runners.statements.FailOnTimeout$StatementThread.run(FailOnTimeout.java:74)
Caused by: java.net.URISyntaxException: Illegal character in path at index 4: This is a good day
	at java.net.URI$Parser.fail(URI.java:2848)
	at java.net.URI$Parser.checkChars(URI.java:3021)
	at java.net.URI$Parser.parseHierarchical(URI.java:3105)
	at java.net.URI$Parser.parse(URI.java:3063)
	at java.net.URI.<init>(URI.java:588)
	at java.net.URI.create(URI.java:850)
	... 16 more
java.lang.IllegalArgumentException: Illegal character in path at index 1: 0^d_+ y]n*UITxwK
	at java.net.URI.create(URI.java:852)
	at com.github.mustachejava.resolver.ClasspathResolver.getReader(ClasspathResolver.java:37)
	at com.github.mustachejava.resolver.DefaultResolver.getReader(DefaultResolver.java:44)
	at com.github.mustachejava.DefaultMustacheFactory.getReader(DefaultMustacheFactory.java:115)
	at com.github.mustachejava.MustacheParser.compile(MustacheParser.java:26)
	at java.util.concurrent.ConcurrentHashMap.computeIfAbsent(ConcurrentHashMap.java:1660)
	at com.github.mustachejava.DefaultMustacheFactory.compile(DefaultMustacheFactory.java:176)
	at com.github.mustachejava.inverter.InvertToJsonTest.testToJson4_literalMutationString98_failAssert0(InvertToJsonTest.java:550)
	at sun.reflect.NativeMethodAccessorImpl.invoke0(Native Method)
	at sun.reflect.NativeMethodAccessorImpl.invoke(NativeMethodAccessorImpl.java:62)
	at sun.reflect.DelegatingMethodAccessorImpl.invoke(DelegatingMethodAccessorImpl.java:43)
	at java.lang.reflect.Method.invoke(Method.java:498)
	at org.junit.runners.model.FrameworkMethod$1.runReflectiveCall(FrameworkMethod.java:47)
	at org.junit.internal.runners.model.ReflectiveCallable.run(ReflectiveCallable.java:12)
	at org.junit.runners.model.FrameworkMethod.invokeExplosively(FrameworkMethod.java:44)
	at org.junit.internal.runners.statements.InvokeMethod.evaluate(InvokeMethod.java:17)
	at org.junit.internal.runners.statements.FailOnTimeout$StatementThread.run(FailOnTimeout.java:74)
Caused by: java.net.URISyntaxException: Illegal character in path at index 1: 0^d_+ y]n*UITxwK
	at java.net.URI$Parser.fail(URI.java:2848)
	at java.net.URI$Parser.checkChars(URI.java:3021)
	at java.net.URI$Parser.parseHierarchical(URI.java:3105)
	at java.net.URI$Parser.parse(URI.java:3063)
	at java.net.URI.<init>(URI.java:588)
	at java.net.URI.create(URI.java:850)
	... 16 more
java.lang.IllegalArgumentException: Illegal character in path at index 1: =>3|Le(8^eiCT8I
	at java.net.URI.create(URI.java:852)
	at com.github.mustachejava.resolver.ClasspathResolver.getReader(ClasspathResolver.java:37)
	at com.github.mustachejava.resolver.DefaultResolver.getReader(DefaultResolver.java:44)
	at com.github.mustachejava.DefaultMustacheFactory.getReader(DefaultMustacheFactory.java:115)
	at com.github.mustachejava.MustacheParser.compile(MustacheParser.java:26)
	at java.util.concurrent.ConcurrentHashMap.computeIfAbsent(ConcurrentHashMap.java:1660)
	at com.github.mustachejava.DefaultMustacheFactory.compile(DefaultMustacheFactory.java:176)
	at com.github.mustachejava.inverter.InvertToJsonTest.testToJson_literalMutationString253_failAssert0(InvertToJsonTest.java:376)
	at sun.reflect.NativeMethodAccessorImpl.invoke0(Native Method)
	at sun.reflect.NativeMethodAccessorImpl.invoke(NativeMethodAccessorImpl.java:62)
	at sun.reflect.DelegatingMethodAccessorImpl.invoke(DelegatingMethodAccessorImpl.java:43)
	at java.lang.reflect.Method.invoke(Method.java:498)
	at org.junit.runners.model.FrameworkMethod$1.runReflectiveCall(FrameworkMethod.java:47)
	at org.junit.internal.runners.model.ReflectiveCallable.run(ReflectiveCallable.java:12)
	at org.junit.runners.model.FrameworkMethod.invokeExplosively(FrameworkMethod.java:44)
	at org.junit.internal.runners.statements.InvokeMethod.evaluate(InvokeMethod.java:17)
	at org.junit.internal.runners.statements.FailOnTimeout$StatementThread.run(FailOnTimeout.java:74)
Caused by: java.net.URISyntaxException: Illegal character in path at index 1: =>3|Le(8^eiCT8I
	at java.net.URI$Parser.fail(URI.java:2848)
	at java.net.URI$Parser.checkChars(URI.java:3021)
	at java.net.URI$Parser.parseHierarchical(URI.java:3105)
	at java.net.URI$Parser.parse(URI.java:3063)
	at java.net.URI.<init>(URI.java:588)
	at java.net.URI.create(URI.java:850)
	... 16 more
java.lang.IllegalArgumentException: Illegal character in path at index 4: This is a good day
	at java.net.URI.create(URI.java:852)
	at com.github.mustachejava.resolver.ClasspathResolver.getReader(ClasspathResolver.java:37)
	at com.github.mustachejava.resolver.DefaultResolver.getReader(DefaultResolver.java:44)
	at com.github.mustachejava.DefaultMustacheFactory.getReader(DefaultMustacheFactory.java:115)
	at com.github.mustachejava.MustacheParser.compile(MustacheParser.java:26)
	at java.util.concurrent.ConcurrentHashMap.computeIfAbsent(ConcurrentHashMap.java:1660)
	at com.github.mustachejava.DefaultMustacheFactory.compile(DefaultMustacheFactory.java:176)
	at com.github.mustachejava.inverter.InvertToJsonTest.testToJson_literalMutationString255_failAssert0(InvertToJsonTest.java:241)
	at sun.reflect.NativeMethodAccessorImpl.invoke0(Native Method)
	at sun.reflect.NativeMethodAccessorImpl.invoke(NativeMethodAccessorImpl.java:62)
	at sun.reflect.DelegatingMethodAccessorImpl.invoke(DelegatingMethodAccessorImpl.java:43)
	at java.lang.reflect.Method.invoke(Method.java:498)
	at org.junit.runners.model.FrameworkMethod$1.runReflectiveCall(FrameworkMethod.java:47)
	at org.junit.internal.runners.model.ReflectiveCallable.run(ReflectiveCallable.java:12)
	at org.junit.runners.model.FrameworkMethod.invokeExplosively(FrameworkMethod.java:44)
	at org.junit.internal.runners.statements.InvokeMethod.evaluate(InvokeMethod.java:17)
	at org.junit.internal.runners.statements.FailOnTimeout$StatementThread.run(FailOnTimeout.java:74)
Caused by: java.net.URISyntaxException: Illegal character in path at index 4: This is a good day
	at java.net.URI$Parser.fail(URI.java:2848)
	at java.net.URI$Parser.checkChars(URI.java:3021)
	at java.net.URI$Parser.parseHierarchical(URI.java:3105)
	at java.net.URI$Parser.parse(URI.java:3063)
	at java.net.URI.<init>(URI.java:588)
	at java.net.URI.create(URI.java:850)
	... 16 more
java.lang.IllegalArgumentException: Illegal character in path at index 4: This is a good day
	at java.net.URI.create(URI.java:852)
	at com.github.mustachejava.resolver.ClasspathResolver.getReader(ClasspathResolver.java:37)
	at com.github.mustachejava.resolver.DefaultResolver.getReader(DefaultResolver.java:44)
	at com.github.mustachejava.DefaultMustacheFactory.getReader(DefaultMustacheFactory.java:115)
	at com.github.mustachejava.MustacheParser.compile(MustacheParser.java:26)
	at java.util.concurrent.ConcurrentHashMap.computeIfAbsent(ConcurrentHashMap.java:1660)
	at com.github.mustachejava.DefaultMustacheFactory.compile(DefaultMustacheFactory.java:176)
	at com.github.mustachejava.inverter.InvertToJsonTest.testToJson2_literalMutationString349_failAssert0(InvertToJsonTest.java:376)
	at sun.reflect.NativeMethodAccessorImpl.invoke0(Native Method)
	at sun.reflect.NativeMethodAccessorImpl.invoke(NativeMethodAccessorImpl.java:62)
	at sun.reflect.DelegatingMethodAccessorImpl.invoke(DelegatingMethodAccessorImpl.java:43)
	at java.lang.reflect.Method.invoke(Method.java:498)
	at org.junit.runners.model.FrameworkMethod$1.runReflectiveCall(FrameworkMethod.java:47)
	at org.junit.internal.runners.model.ReflectiveCallable.run(ReflectiveCallable.java:12)
	at org.junit.runners.model.FrameworkMethod.invokeExplosively(FrameworkMethod.java:44)
	at org.junit.internal.runners.statements.InvokeMethod.evaluate(InvokeMethod.java:17)
	at org.junit.internal.runners.statements.FailOnTimeout$StatementThread.run(FailOnTimeout.java:74)
Caused by: java.net.URISyntaxException: Illegal character in path at index 4: This is a good day
	at java.net.URI$Parser.fail(URI.java:2848)
	at java.net.URI$Parser.checkChars(URI.java:3021)
	at java.net.URI$Parser.parseHierarchical(URI.java:3105)
	at java.net.URI$Parser.parse(URI.java:3063)
	at java.net.URI.<init>(URI.java:588)
	at java.net.URI.create(URI.java:850)
	... 16 more
java.lang.IllegalArgumentException: Illegal character in path at index 1: s<lvD(|2IjGc}RJ6
	at java.net.URI.create(URI.java:852)
	at com.github.mustachejava.resolver.ClasspathResolver.getReader(ClasspathResolver.java:37)
	at com.github.mustachejava.resolver.DefaultResolver.getReader(DefaultResolver.java:44)
	at com.github.mustachejava.DefaultMustacheFactory.getReader(DefaultMustacheFactory.java:115)
	at com.github.mustachejava.MustacheParser.compile(MustacheParser.java:26)
	at java.util.concurrent.ConcurrentHashMap.computeIfAbsent(ConcurrentHashMap.java:1660)
	at com.github.mustachejava.DefaultMustacheFactory.compile(DefaultMustacheFactory.java:176)
	at com.github.mustachejava.inverter.InvertToJsonTest.testToJson2_literalMutationString351_failAssert0(InvertToJsonTest.java:211)
	at sun.reflect.NativeMethodAccessorImpl.invoke0(Native Method)
	at sun.reflect.NativeMethodAccessorImpl.invoke(NativeMethodAccessorImpl.java:62)
	at sun.reflect.DelegatingMethodAccessorImpl.invoke(DelegatingMethodAccessorImpl.java:43)
	at java.lang.reflect.Method.invoke(Method.java:498)
	at org.junit.runners.model.FrameworkMethod$1.runReflectiveCall(FrameworkMethod.java:47)
	at org.junit.internal.runners.model.ReflectiveCallable.run(ReflectiveCallable.java:12)
	at org.junit.runners.model.FrameworkMethod.invokeExplosively(FrameworkMethod.java:44)
	at org.junit.internal.runners.statements.InvokeMethod.evaluate(InvokeMethod.java:17)
	at org.junit.internal.runners.statements.FailOnTimeout$StatementThread.run(FailOnTimeout.java:74)
Caused by: java.net.URISyntaxException: Illegal character in path at index 1: s<lvD(|2IjGc}RJ6
	at java.net.URI$Parser.fail(URI.java:2848)
	at java.net.URI$Parser.checkChars(URI.java:3021)
	at java.net.URI$Parser.parseHierarchical(URI.java:3105)
	at java.net.URI$Parser.parse(URI.java:3063)
	at java.net.URI.<init>(URI.java:588)
	at java.net.URI.create(URI.java:850)
	... 16 more
java.lang.IllegalArgumentException: Illegal character in path at index 4: This is a good day
	at java.net.URI.create(URI.java:852)
	at com.github.mustachejava.resolver.ClasspathResolver.getReader(ClasspathResolver.java:37)
	at com.github.mustachejava.resolver.DefaultResolver.getReader(DefaultResolver.java:44)
	at com.github.mustachejava.DefaultMustacheFactory.getReader(DefaultMustacheFactory.java:115)
	at com.github.mustachejava.MustacheParser.compile(MustacheParser.java:26)
	at java.util.concurrent.ConcurrentHashMap.computeIfAbsent(ConcurrentHashMap.java:1660)
	at com.github.mustachejava.DefaultMustacheFactory.compile(DefaultMustacheFactory.java:176)
	at com.github.mustachejava.inverter.InvertToJsonTest.testToJson4_literalMutationString97_failAssert0(InvertToJsonTest.java:604)
	at sun.reflect.NativeMethodAccessorImpl.invoke0(Native Method)
	at sun.reflect.NativeMethodAccessorImpl.invoke(NativeMethodAccessorImpl.java:62)
	at sun.reflect.DelegatingMethodAccessorImpl.invoke(DelegatingMethodAccessorImpl.java:43)
	at java.lang.reflect.Method.invoke(Method.java:498)
	at org.junit.runners.model.FrameworkMethod$1.runReflectiveCall(FrameworkMethod.java:47)
	at org.junit.internal.runners.model.ReflectiveCallable.run(ReflectiveCallable.java:12)
	at org.junit.runners.model.FrameworkMethod.invokeExplosively(FrameworkMethod.java:44)
	at org.junit.internal.runners.statements.InvokeMethod.evaluate(InvokeMethod.java:17)
	at org.junit.internal.runners.statements.FailOnTimeout$StatementThread.run(FailOnTimeout.java:74)
Caused by: java.net.URISyntaxException: Illegal character in path at index 4: This is a good day
	at java.net.URI$Parser.fail(URI.java:2848)
	at java.net.URI$Parser.checkChars(URI.java:3021)
	at java.net.URI$Parser.parseHierarchical(URI.java:3105)
	at java.net.URI$Parser.parse(URI.java:3063)
	at java.net.URI.<init>(URI.java:588)
	at java.net.URI.create(URI.java:850)
	... 16 more
java.lang.IllegalArgumentException: Illegal character in path at index 5: fdbcl 2.mustache
	at java.net.URI.create(URI.java:852)
	at com.github.mustachejava.resolver.ClasspathResolver.getReader(ClasspathResolver.java:37)
	at com.github.mustachejava.resolver.DefaultResolver.getReader(DefaultResolver.java:44)
	at com.github.mustachejava.DefaultMustacheFactory.getReader(DefaultMustacheFactory.java:115)
	at com.github.mustachejava.MustacheParser.compile(MustacheParser.java:26)
	at java.util.concurrent.ConcurrentHashMap.computeIfAbsent(ConcurrentHashMap.java:1660)
	at com.github.mustachejava.DefaultMustacheFactory.compile(DefaultMustacheFactory.java:176)
	at com.github.mustachejava.inverter.InvertToJsonTest.testToJson2_literalMutationString350_failAssert0(InvertToJsonTest.java:346)
	at sun.reflect.NativeMethodAccessorImpl.invoke0(Native Method)
	at sun.reflect.NativeMethodAccessorImpl.invoke(NativeMethodAccessorImpl.java:62)
	at sun.reflect.DelegatingMethodAccessorImpl.invoke(DelegatingMethodAccessorImpl.java:43)
	at java.lang.reflect.Method.invoke(Method.java:498)
	at org.junit.runners.model.FrameworkMethod$1.runReflectiveCall(FrameworkMethod.java:47)
	at org.junit.internal.runners.model.ReflectiveCallable.run(ReflectiveCallable.java:12)
	at org.junit.runners.model.FrameworkMethod.invokeExplosively(FrameworkMethod.java:44)
	at org.junit.internal.runners.statements.InvokeMethod.evaluate(InvokeMethod.java:17)
	at org.junit.internal.runners.statements.FailOnTimeout$StatementThread.run(FailOnTimeout.java:74)
Caused by: java.net.URISyntaxException: Illegal character in path at index 5: fdbcl 2.mustache
	at java.net.URI$Parser.fail(URI.java:2848)
	at java.net.URI$Parser.checkChars(URI.java:3021)
	at java.net.URI$Parser.parseHierarchical(URI.java:3105)
	at java.net.URI$Parser.parse(URI.java:3063)
	at java.net.URI.<init>(URI.java:588)
	at java.net.URI.create(URI.java:850)
	... 16 more
java.lang.IllegalArgumentException: Illegal character in path at index 4: This is a good day
	at java.net.URI.create(URI.java:852)
	at com.github.mustachejava.resolver.ClasspathResolver.getReader(ClasspathResolver.java:37)
	at com.github.mustachejava.resolver.DefaultResolver.getReader(DefaultResolver.java:44)
	at com.github.mustachejava.DefaultMustacheFactory.getReader(DefaultMustacheFactory.java:115)
	at com.github.mustachejava.MustacheParser.compile(MustacheParser.java:26)
	at java.util.concurrent.ConcurrentHashMap.computeIfAbsent(ConcurrentHashMap.java:1660)
	at com.github.mustachejava.DefaultMustacheFactory.compile(DefaultMustacheFactory.java:176)
	at com.github.mustachejava.inverter.InvertToJsonTest.testToJson5_literalMutationString442_failAssert0(InvertToJsonTest.java:178)
	at sun.reflect.NativeMethodAccessorImpl.invoke0(Native Method)
	at sun.reflect.NativeMethodAccessorImpl.invoke(NativeMethodAccessorImpl.java:62)
	at sun.reflect.DelegatingMethodAccessorImpl.invoke(DelegatingMethodAccessorImpl.java:43)
	at java.lang.reflect.Method.invoke(Method.java:498)
	at org.junit.runners.model.FrameworkMethod$1.runReflectiveCall(FrameworkMethod.java:47)
	at org.junit.internal.runners.model.ReflectiveCallable.run(ReflectiveCallable.java:12)
	at org.junit.runners.model.FrameworkMethod.invokeExplosively(FrameworkMethod.java:44)
	at org.junit.internal.runners.statements.InvokeMethod.evaluate(InvokeMethod.java:17)
	at org.junit.internal.runners.statements.FailOnTimeout$StatementThread.run(FailOnTimeout.java:74)
Caused by: java.net.URISyntaxException: Illegal character in path at index 4: This is a good day
	at java.net.URI$Parser.fail(URI.java:2848)
	at java.net.URI$Parser.checkChars(URI.java:3021)
	at java.net.URI$Parser.parseHierarchical(URI.java:3105)
	at java.net.URI$Parser.parse(URI.java:3063)
	at java.net.URI.<init>(URI.java:588)
	at java.net.URI.create(URI.java:850)
	... 16 more
