Apache Maven 3.5.4 (1edded0938998edf8bf061f1ceb3cfdeccf443fe; 2018-06-17T20:33:14+02:00)
Maven home: /home/spirals/danglot/apache-maven-3.5.4
Java version: 1.8.0_121, vendor: Oracle Corporation, runtime: /home/spirals/danglot/jdk1.8.0_121/jre
Default locale: en_US, platform encoding: ANSI_X3.4-1968
OS name: "linux", version: "3.16.0-4-amd64", arch: "amd64", family: "unix"
[DEBUG] Created new class realm maven.api
[DEBUG] Importing foreign packages into class realm maven.api
[DEBUG]   Imported: javax.annotation.* < plexus.core
[DEBUG]   Imported: javax.annotation.security.* < plexus.core
[DEBUG]   Imported: javax.enterprise.inject.* < plexus.core
[DEBUG]   Imported: javax.enterprise.util.* < plexus.core
[DEBUG]   Imported: javax.inject.* < plexus.core
[DEBUG]   Imported: org.apache.maven.* < plexus.core
[DEBUG]   Imported: org.apache.maven.artifact < plexus.core
[DEBUG]   Imported: org.apache.maven.classrealm < plexus.core
[DEBUG]   Imported: org.apache.maven.cli < plexus.core
[DEBUG]   Imported: org.apache.maven.configuration < plexus.core
[DEBUG]   Imported: org.apache.maven.exception < plexus.core
[DEBUG]   Imported: org.apache.maven.execution < plexus.core
[DEBUG]   Imported: org.apache.maven.execution.scope < plexus.core
[DEBUG]   Imported: org.apache.maven.lifecycle < plexus.core
[DEBUG]   Imported: org.apache.maven.model < plexus.core
[DEBUG]   Imported: org.apache.maven.monitor < plexus.core
[DEBUG]   Imported: org.apache.maven.plugin < plexus.core
[DEBUG]   Imported: org.apache.maven.profiles < plexus.core
[DEBUG]   Imported: org.apache.maven.project < plexus.core
[DEBUG]   Imported: org.apache.maven.reporting < plexus.core
[DEBUG]   Imported: org.apache.maven.repository < plexus.core
[DEBUG]   Imported: org.apache.maven.rtinfo < plexus.core
[DEBUG]   Imported: org.apache.maven.settings < plexus.core
[DEBUG]   Imported: org.apache.maven.toolchain < plexus.core
[DEBUG]   Imported: org.apache.maven.usability < plexus.core
[DEBUG]   Imported: org.apache.maven.wagon.* < plexus.core
[DEBUG]   Imported: org.apache.maven.wagon.authentication < plexus.core
[DEBUG]   Imported: org.apache.maven.wagon.authorization < plexus.core
[DEBUG]   Imported: org.apache.maven.wagon.events < plexus.core
[DEBUG]   Imported: org.apache.maven.wagon.observers < plexus.core
[DEBUG]   Imported: org.apache.maven.wagon.proxy < plexus.core
[DEBUG]   Imported: org.apache.maven.wagon.repository < plexus.core
[DEBUG]   Imported: org.apache.maven.wagon.resource < plexus.core
[DEBUG]   Imported: org.codehaus.classworlds < plexus.core
[DEBUG]   Imported: org.codehaus.plexus.* < plexus.core
[DEBUG]   Imported: org.codehaus.plexus.classworlds < plexus.core
[DEBUG]   Imported: org.codehaus.plexus.component < plexus.core
[DEBUG]   Imported: org.codehaus.plexus.configuration < plexus.core
[DEBUG]   Imported: org.codehaus.plexus.container < plexus.core
[DEBUG]   Imported: org.codehaus.plexus.context < plexus.core
[DEBUG]   Imported: org.codehaus.plexus.lifecycle < plexus.core
[DEBUG]   Imported: org.codehaus.plexus.logging < plexus.core
[DEBUG]   Imported: org.codehaus.plexus.personality < plexus.core
[DEBUG]   Imported: org.codehaus.plexus.util.xml.Xpp3Dom < plexus.core
[DEBUG]   Imported: org.codehaus.plexus.util.xml.pull.XmlPullParser < plexus.core
[DEBUG]   Imported: org.codehaus.plexus.util.xml.pull.XmlPullParserException < plexus.core
[DEBUG]   Imported: org.codehaus.plexus.util.xml.pull.XmlSerializer < plexus.core
[DEBUG]   Imported: org.eclipse.aether.* < plexus.core
[DEBUG]   Imported: org.eclipse.aether.artifact < plexus.core
[DEBUG]   Imported: org.eclipse.aether.collection < plexus.core
[DEBUG]   Imported: org.eclipse.aether.deployment < plexus.core
[DEBUG]   Imported: org.eclipse.aether.graph < plexus.core
[DEBUG]   Imported: org.eclipse.aether.impl < plexus.core
[DEBUG]   Imported: org.eclipse.aether.installation < plexus.core
[DEBUG]   Imported: org.eclipse.aether.internal.impl < plexus.core
[DEBUG]   Imported: org.eclipse.aether.metadata < plexus.core
[DEBUG]   Imported: org.eclipse.aether.repository < plexus.core
[DEBUG]   Imported: org.eclipse.aether.resolution < plexus.core
[DEBUG]   Imported: org.eclipse.aether.spi < plexus.core
[DEBUG]   Imported: org.eclipse.aether.transfer < plexus.core
[DEBUG]   Imported: org.eclipse.aether.version < plexus.core
[DEBUG]   Imported: org.fusesource.jansi.* < plexus.core
[DEBUG]   Imported: org.slf4j.* < plexus.core
[DEBUG]   Imported: org.slf4j.helpers.* < plexus.core
[DEBUG]   Imported: org.slf4j.spi.* < plexus.core
[DEBUG] Populating class realm maven.api
[INFO] Error stacktraces are turned on.
[DEBUG] Message scheme: color
[DEBUG] Message styles: debug info warning error success failure strong mojo project
[DEBUG] Reading global settings from /home/spirals/danglot/apache-maven-3.5.4/conf/settings.xml
[DEBUG] Reading user settings from /home/spirals/danglot/.m2/settings.xml
[DEBUG] Reading global toolchains from /home/spirals/danglot/apache-maven-3.5.4/conf/toolchains.xml
[DEBUG] Reading user toolchains from /home/spirals/danglot/.m2/toolchains.xml
[DEBUG] Using local repository at /home/spirals/danglot/.m2/repository
[DEBUG] Using manager EnhancedLocalRepositoryManager with priority 10.0 for /home/spirals/danglot/.m2/repository
[INFO] Scanning for projects...
[DEBUG] Extension realms for project com.google.code.gson:gson:jar:2.8.1-SNAPSHOT: (none)
[DEBUG] Looking up lifecycle mappings for packaging jar from ClassRealm[plexus.core, parent: null]
[DEBUG] Extension realms for project com.google.code.gson:gson-parent:pom:2.8.1-SNAPSHOT: (none)
[DEBUG] Looking up lifecycle mappings for packaging pom from ClassRealm[plexus.core, parent: null]
[DEBUG] Extension realms for project org.sonatype.oss:oss-parent:pom:7: (none)
[DEBUG] Looking up lifecycle mappings for packaging pom from ClassRealm[plexus.core, parent: null]
[DEBUG] === REACTOR BUILD PLAN ================================================
[DEBUG] Project: com.google.code.gson:gson:jar:2.8.1-SNAPSHOT
[DEBUG] Tasks:   [eu.stamp-project:dspot-maven:2.0.1-SNAPSHOT:amplify-unit-tests]
[DEBUG] Style:   Regular
[DEBUG] =======================================================================
[INFO] 
[INFO] ---------------------< com.google.code.gson:gson >----------------------
[INFO] Building Gson 2.8.1-SNAPSHOT
[INFO] --------------------------------[ jar ]---------------------------------
[DEBUG] Lifecycle default -> [validate, initialize, generate-sources, process-sources, generate-resources, process-resources, compile, process-classes, generate-test-sources, process-test-sources, generate-test-resources, process-test-resources, test-compile, process-test-classes, test, prepare-package, package, pre-integration-test, integration-test, post-integration-test, verify, install, deploy]
[DEBUG] Lifecycle clean -> [pre-clean, clean, post-clean]
[DEBUG] Lifecycle site -> [pre-site, site, post-site, site-deploy]
[DEBUG] === PROJECT BUILD PLAN ================================================
[DEBUG] Project:       com.google.code.gson:gson:2.8.1-SNAPSHOT
[DEBUG] Dependencies (collect): []
[DEBUG] Dependencies (resolve): [test]
[DEBUG] Repositories (dependencies): [sonatype-nexus-snapshots (https://oss.sonatype.org/content/repositories/snapshots, default, snapshots), central (https://repo.maven.apache.org/maven2, default, releases)]
[DEBUG] Repositories (plugins)     : [central (https://repo.maven.apache.org/maven2, default, releases)]
[DEBUG] -----------------------------------------------------------------------
[DEBUG] Goal:          eu.stamp-project:dspot-maven:2.0.1-SNAPSHOT:amplify-unit-tests (default-cli)
[DEBUG] Style:         Regular
[DEBUG] Configuration: <?xml version="1.0" encoding="UTF-8"?>
<configuration>
  <amplifiers default-value="None">${amplifiers}</amplifiers>
  <automaticBuilder default-value="MavenBuilder">${automatic-builder}</automaticBuilder>
  <budgetizer default-value="NoBudgetizer">${budgetizer}</budgetizer>
  <cases>${cases}</cases>
  <clean default-value="false">${clean}</clean>
  <descartes default-value="true">${descartes}</descartes>
  <example default-value="false">${example}</example>
  <generateNewTestClass default-value="false">${generate-new-test-class}</generateNewTestClass>
  <help default-value="false">${help}</help>
  <iteration default-value="3">${iteration}</iteration>
  <keepOriginalTestMethods default-value="false">${keep-original-test-methods}</keepOriginalTestMethods>
  <mavenHome>${maven-home}</mavenHome>
  <maxTestAmplified default-value="200">${max-test-amplified}</maxTestAmplified>
  <noMinimize default-value="false">${no-minimize}</noMinimize>
  <outputPath default-value="target/dspot/output">${output-path}</outputPath>
  <pathPitResult>${path-pit-result}</pathPitResult>
  <pathToProperties default-value="">${path-to-properties}</pathToProperties>
  <pathToSecondVersion default-value="">${path-to-second-version}</pathToSecondVersion>
  <pathToTestListCsv default-value="">${path-to-test-list-csv}</pathToTestListCsv>
  <project default-value="${project}"/>
  <randomSeed default-value="23">${randomSeed}</randomSeed>
  <targetOneTestClass default-value="false">${targetOneTestClass}</targetOneTestClass>
  <test default-value="all">${test}</test>
  <testCriterion default-value="PitMutantScoreSelector">${test-criterion}</testCriterion>
  <timeOut default-value="10000">${timeOut}</timeOut>
  <useMavenToExeTest default-value="false">${use-maven-to-exe-test}</useMavenToExeTest>
  <verbose default-value="false">${verbose}</verbose>
  <withComment default-value="false">${with-comment}</withComment>
  <workingDirectory default-value="false">${working-directory}</workingDirectory>
</configuration>
[DEBUG] =======================================================================
[DEBUG] Dependency collection stats: {ConflictMarker.analyzeTime=679216, ConflictMarker.markTime=696261, ConflictMarker.nodeCount=3, ConflictIdSorter.graphTime=423640, ConflictIdSorter.topsortTime=343145, ConflictIdSorter.conflictIdCount=2, ConflictIdSorter.conflictIdCycleCount=0, ConflictResolver.totalTime=3011310, ConflictResolver.conflictItemCount=2, DefaultDependencyCollector.collectTime=24752258, DefaultDependencyCollector.transformTime=7331247}
[DEBUG] com.google.code.gson:gson:jar:2.8.1-SNAPSHOT
[DEBUG]    junit:junit:jar:4.12:test
[DEBUG]       org.hamcrest:hamcrest-core:jar:1.3:test
[INFO] 
[INFO] --- dspot-maven:2.0.1-SNAPSHOT:amplify-unit-tests (default-cli) @ gson ---
[DEBUG] Failure to find eu.stamp-project:dspot:2.0.1-SNAPSHOT/maven-metadata.xml in https://repo.gradle.org/gradle/libs-releases-local/ was cached in the local repository, resolution will not be reattempted until the update interval of gradle-repo has elapsed or updates are forced
[DEBUG] Skipped remote request for eu.stamp-project:dspot:2.0.1-SNAPSHOT/maven-metadata.xml, locally cached metadata up-to-date.
[DEBUG] Failure to find eu.stamp-project:dspot:2.0.1-SNAPSHOT/maven-metadata.xml in https://repo.gradle.org/gradle/libs-releases-local/ was cached in the local repository, resolution will not be reattempted until the update interval of gradle-repo has elapsed or updates are forced
[DEBUG] Skipped remote request for eu.stamp-project:dspot:2.0.1-SNAPSHOT/maven-metadata.xml, locally cached metadata up-to-date.
[DEBUG] Could not find metadata org.eclipse.platform:org.eclipse.core.resources/maven-metadata.xml in local (/home/spirals/danglot/.m2/repository)
[DEBUG] Skipped remote request for org.eclipse.platform:org.eclipse.core.resources/maven-metadata.xml, locally cached metadata up-to-date.
[DEBUG] Failure to find org.eclipse.platform:org.eclipse.core.resources/maven-metadata.xml in https://repo.gradle.org/gradle/libs-releases-local/ was cached in the local repository, resolution will not be reattempted until the update interval of gradle-repo has elapsed or updates are forced
[DEBUG] Failure to find org.eclipse.platform:org.eclipse.core.resources/maven-metadata.xml in https://oss.sonatype.org/content/repositories/snapshots was cached in the local repository, resolution will not be reattempted until the update interval of sonatype-nexus-snapshots has elapsed or updates are forced
[DEBUG] Failure to find org.eclipse.platform:org.eclipse.core.resources/maven-metadata.xml in http://maven.inria.fr/artifactory/spoon-public-snapshot was cached in the local repository, resolution will not be reattempted until the update interval of maven.inria.fr-snapshot has elapsed or updates are forced
[DEBUG] Could not find metadata org.eclipse.platform:org.eclipse.core.expressions/maven-metadata.xml in local (/home/spirals/danglot/.m2/repository)
[DEBUG] Skipped remote request for org.eclipse.platform:org.eclipse.core.expressions/maven-metadata.xml, locally cached metadata up-to-date.
[DEBUG] Failure to find org.eclipse.platform:org.eclipse.core.expressions/maven-metadata.xml in https://repo.gradle.org/gradle/libs-releases-local/ was cached in the local repository, resolution will not be reattempted until the update interval of gradle-repo has elapsed or updates are forced
[DEBUG] Failure to find org.eclipse.platform:org.eclipse.core.expressions/maven-metadata.xml in https://oss.sonatype.org/content/repositories/snapshots was cached in the local repository, resolution will not be reattempted until the update interval of sonatype-nexus-snapshots has elapsed or updates are forced
[DEBUG] Failure to find org.eclipse.platform:org.eclipse.core.expressions/maven-metadata.xml in http://maven.inria.fr/artifactory/spoon-public-snapshot was cached in the local repository, resolution will not be reattempted until the update interval of maven.inria.fr-snapshot has elapsed or updates are forced
[DEBUG] Could not find metadata org.eclipse.platform:org.eclipse.core.runtime/maven-metadata.xml in local (/home/spirals/danglot/.m2/repository)
[DEBUG] Skipped remote request for org.eclipse.platform:org.eclipse.core.runtime/maven-metadata.xml, locally cached metadata up-to-date.
[DEBUG] Failure to find org.eclipse.platform:org.eclipse.core.runtime/maven-metadata.xml in https://repo.gradle.org/gradle/libs-releases-local/ was cached in the local repository, resolution will not be reattempted until the update interval of gradle-repo has elapsed or updates are forced
[DEBUG] Failure to find org.eclipse.platform:org.eclipse.core.runtime/maven-metadata.xml in https://oss.sonatype.org/content/repositories/snapshots was cached in the local repository, resolution will not be reattempted until the update interval of sonatype-nexus-snapshots has elapsed or updates are forced
[DEBUG] Failure to find org.eclipse.platform:org.eclipse.core.runtime/maven-metadata.xml in http://maven.inria.fr/artifactory/spoon-public-snapshot was cached in the local repository, resolution will not be reattempted until the update interval of maven.inria.fr-snapshot has elapsed or updates are forced
[DEBUG] Could not find metadata org.eclipse.platform:org.eclipse.osgi/maven-metadata.xml in local (/home/spirals/danglot/.m2/repository)
[DEBUG] Skipped remote request for org.eclipse.platform:org.eclipse.osgi/maven-metadata.xml, locally cached metadata up-to-date.
[DEBUG] Failure to find org.eclipse.platform:org.eclipse.osgi/maven-metadata.xml in https://repo.gradle.org/gradle/libs-releases-local/ was cached in the local repository, resolution will not be reattempted until the update interval of gradle-repo has elapsed or updates are forced
[DEBUG] Failure to find org.eclipse.platform:org.eclipse.osgi/maven-metadata.xml in https://oss.sonatype.org/content/repositories/snapshots was cached in the local repository, resolution will not be reattempted until the update interval of sonatype-nexus-snapshots has elapsed or updates are forced
[DEBUG] Failure to find org.eclipse.platform:org.eclipse.osgi/maven-metadata.xml in http://maven.inria.fr/artifactory/spoon-public-snapshot was cached in the local repository, resolution will not be reattempted until the update interval of maven.inria.fr-snapshot has elapsed or updates are forced
[DEBUG] Could not find metadata org.eclipse.platform:org.eclipse.equinox.common/maven-metadata.xml in local (/home/spirals/danglot/.m2/repository)
[DEBUG] Skipped remote request for org.eclipse.platform:org.eclipse.equinox.common/maven-metadata.xml, locally cached metadata up-to-date.
[DEBUG] Failure to find org.eclipse.platform:org.eclipse.equinox.common/maven-metadata.xml in https://repo.gradle.org/gradle/libs-releases-local/ was cached in the local repository, resolution will not be reattempted until the update interval of gradle-repo has elapsed or updates are forced
[DEBUG] Failure to find org.eclipse.platform:org.eclipse.equinox.common/maven-metadata.xml in https://oss.sonatype.org/content/repositories/snapshots was cached in the local repository, resolution will not be reattempted until the update interval of sonatype-nexus-snapshots has elapsed or updates are forced
[DEBUG] Failure to find org.eclipse.platform:org.eclipse.equinox.common/maven-metadata.xml in http://maven.inria.fr/artifactory/spoon-public-snapshot was cached in the local repository, resolution will not be reattempted until the update interval of maven.inria.fr-snapshot has elapsed or updates are forced
[DEBUG] Could not find metadata org.eclipse.platform:org.eclipse.core.jobs/maven-metadata.xml in local (/home/spirals/danglot/.m2/repository)
[DEBUG] Skipped remote request for org.eclipse.platform:org.eclipse.core.jobs/maven-metadata.xml, locally cached metadata up-to-date.
[DEBUG] Failure to find org.eclipse.platform:org.eclipse.core.jobs/maven-metadata.xml in https://repo.gradle.org/gradle/libs-releases-local/ was cached in the local repository, resolution will not be reattempted until the update interval of gradle-repo has elapsed or updates are forced
[DEBUG] Failure to find org.eclipse.platform:org.eclipse.core.jobs/maven-metadata.xml in https://oss.sonatype.org/content/repositories/snapshots was cached in the local repository, resolution will not be reattempted until the update interval of sonatype-nexus-snapshots has elapsed or updates are forced
[DEBUG] Failure to find org.eclipse.platform:org.eclipse.core.jobs/maven-metadata.xml in http://maven.inria.fr/artifactory/spoon-public-snapshot was cached in the local repository, resolution will not be reattempted until the update interval of maven.inria.fr-snapshot has elapsed or updates are forced
[DEBUG] Could not find metadata org.eclipse.platform:org.eclipse.equinox.registry/maven-metadata.xml in local (/home/spirals/danglot/.m2/repository)
[DEBUG] Skipped remote request for org.eclipse.platform:org.eclipse.equinox.registry/maven-metadata.xml, locally cached metadata up-to-date.
[DEBUG] Failure to find org.eclipse.platform:org.eclipse.equinox.registry/maven-metadata.xml in https://repo.gradle.org/gradle/libs-releases-local/ was cached in the local repository, resolution will not be reattempted until the update interval of gradle-repo has elapsed or updates are forced
[DEBUG] Failure to find org.eclipse.platform:org.eclipse.equinox.registry/maven-metadata.xml in https://oss.sonatype.org/content/repositories/snapshots was cached in the local repository, resolution will not be reattempted until the update interval of sonatype-nexus-snapshots has elapsed or updates are forced
[DEBUG] Failure to find org.eclipse.platform:org.eclipse.equinox.registry/maven-metadata.xml in http://maven.inria.fr/artifactory/spoon-public-snapshot was cached in the local repository, resolution will not be reattempted until the update interval of maven.inria.fr-snapshot has elapsed or updates are forced
[DEBUG] Could not find metadata org.eclipse.platform:org.eclipse.equinox.common/maven-metadata.xml in local (/home/spirals/danglot/.m2/repository)
[DEBUG] Skipped remote request for org.eclipse.platform:org.eclipse.equinox.common/maven-metadata.xml, locally cached metadata up-to-date.
[DEBUG] Failure to find org.eclipse.platform:org.eclipse.equinox.common/maven-metadata.xml in https://repo.gradle.org/gradle/libs-releases-local/ was cached in the local repository, resolution will not be reattempted until the update interval of gradle-repo has elapsed or updates are forced
[DEBUG] Failure to find org.eclipse.platform:org.eclipse.equinox.common/maven-metadata.xml in https://oss.sonatype.org/content/repositories/snapshots was cached in the local repository, resolution will not be reattempted until the update interval of sonatype-nexus-snapshots has elapsed or updates are forced
[DEBUG] Failure to find org.eclipse.platform:org.eclipse.equinox.common/maven-metadata.xml in http://maven.inria.fr/artifactory/spoon-public-snapshot was cached in the local repository, resolution will not be reattempted until the update interval of maven.inria.fr-snapshot has elapsed or updates are forced
[DEBUG] Could not find metadata org.eclipse.platform:org.eclipse.equinox.preferences/maven-metadata.xml in local (/home/spirals/danglot/.m2/repository)
[DEBUG] Skipped remote request for org.eclipse.platform:org.eclipse.equinox.preferences/maven-metadata.xml, locally cached metadata up-to-date.
[DEBUG] Failure to find org.eclipse.platform:org.eclipse.equinox.preferences/maven-metadata.xml in https://repo.gradle.org/gradle/libs-releases-local/ was cached in the local repository, resolution will not be reattempted until the update interval of gradle-repo has elapsed or updates are forced
[DEBUG] Failure to find org.eclipse.platform:org.eclipse.equinox.preferences/maven-metadata.xml in https://oss.sonatype.org/content/repositories/snapshots was cached in the local repository, resolution will not be reattempted until the update interval of sonatype-nexus-snapshots has elapsed or updates are forced
[DEBUG] Failure to find org.eclipse.platform:org.eclipse.equinox.preferences/maven-metadata.xml in http://maven.inria.fr/artifactory/spoon-public-snapshot was cached in the local repository, resolution will not be reattempted until the update interval of maven.inria.fr-snapshot has elapsed or updates are forced
[DEBUG] Could not find metadata org.eclipse.platform:org.eclipse.equinox.common/maven-metadata.xml in local (/home/spirals/danglot/.m2/repository)
[DEBUG] Skipped remote request for org.eclipse.platform:org.eclipse.equinox.common/maven-metadata.xml, locally cached metadata up-to-date.
[DEBUG] Failure to find org.eclipse.platform:org.eclipse.equinox.common/maven-metadata.xml in https://repo.gradle.org/gradle/libs-releases-local/ was cached in the local repository, resolution will not be reattempted until the update interval of gradle-repo has elapsed or updates are forced
[DEBUG] Failure to find org.eclipse.platform:org.eclipse.equinox.common/maven-metadata.xml in https://oss.sonatype.org/content/repositories/snapshots was cached in the local repository, resolution will not be reattempted until the update interval of sonatype-nexus-snapshots has elapsed or updates are forced
[DEBUG] Failure to find org.eclipse.platform:org.eclipse.equinox.common/maven-metadata.xml in http://maven.inria.fr/artifactory/spoon-public-snapshot was cached in the local repository, resolution will not be reattempted until the update interval of maven.inria.fr-snapshot has elapsed or updates are forced
[DEBUG] Could not find metadata org.eclipse.platform:org.eclipse.core.contenttype/maven-metadata.xml in local (/home/spirals/danglot/.m2/repository)
[DEBUG] Skipped remote request for org.eclipse.platform:org.eclipse.core.contenttype/maven-metadata.xml, locally cached metadata up-to-date.
[DEBUG] Failure to find org.eclipse.platform:org.eclipse.core.contenttype/maven-metadata.xml in https://repo.gradle.org/gradle/libs-releases-local/ was cached in the local repository, resolution will not be reattempted until the update interval of gradle-repo has elapsed or updates are forced
[DEBUG] Failure to find org.eclipse.platform:org.eclipse.core.contenttype/maven-metadata.xml in https://oss.sonatype.org/content/repositories/snapshots was cached in the local repository, resolution will not be reattempted until the update interval of sonatype-nexus-snapshots has elapsed or updates are forced
[DEBUG] Failure to find org.eclipse.platform:org.eclipse.core.contenttype/maven-metadata.xml in http://maven.inria.fr/artifactory/spoon-public-snapshot was cached in the local repository, resolution will not be reattempted until the update interval of maven.inria.fr-snapshot has elapsed or updates are forced
[DEBUG] Could not find metadata org.eclipse.platform:org.eclipse.equinox.preferences/maven-metadata.xml in local (/home/spirals/danglot/.m2/repository)
[DEBUG] Skipped remote request for org.eclipse.platform:org.eclipse.equinox.preferences/maven-metadata.xml, locally cached metadata up-to-date.
[DEBUG] Failure to find org.eclipse.platform:org.eclipse.equinox.preferences/maven-metadata.xml in https://repo.gradle.org/gradle/libs-releases-local/ was cached in the local repository, resolution will not be reattempted until the update interval of gradle-repo has elapsed or updates are forced
[DEBUG] Failure to find org.eclipse.platform:org.eclipse.equinox.preferences/maven-metadata.xml in https://oss.sonatype.org/content/repositories/snapshots was cached in the local repository, resolution will not be reattempted until the update interval of sonatype-nexus-snapshots has elapsed or updates are forced
[DEBUG] Failure to find org.eclipse.platform:org.eclipse.equinox.preferences/maven-metadata.xml in http://maven.inria.fr/artifactory/spoon-public-snapshot was cached in the local repository, resolution will not be reattempted until the update interval of maven.inria.fr-snapshot has elapsed or updates are forced
[DEBUG] Could not find metadata org.eclipse.platform:org.eclipse.equinox.registry/maven-metadata.xml in local (/home/spirals/danglot/.m2/repository)
[DEBUG] Skipped remote request for org.eclipse.platform:org.eclipse.equinox.registry/maven-metadata.xml, locally cached metadata up-to-date.
[DEBUG] Failure to find org.eclipse.platform:org.eclipse.equinox.registry/maven-metadata.xml in https://repo.gradle.org/gradle/libs-releases-local/ was cached in the local repository, resolution will not be reattempted until the update interval of gradle-repo has elapsed or updates are forced
[DEBUG] Failure to find org.eclipse.platform:org.eclipse.equinox.registry/maven-metadata.xml in https://oss.sonatype.org/content/repositories/snapshots was cached in the local repository, resolution will not be reattempted until the update interval of sonatype-nexus-snapshots has elapsed or updates are forced
[DEBUG] Failure to find org.eclipse.platform:org.eclipse.equinox.registry/maven-metadata.xml in http://maven.inria.fr/artifactory/spoon-public-snapshot was cached in the local repository, resolution will not be reattempted until the update interval of maven.inria.fr-snapshot has elapsed or updates are forced
[DEBUG] Could not find metadata org.eclipse.platform:org.eclipse.equinox.app/maven-metadata.xml in local (/home/spirals/danglot/.m2/repository)
[DEBUG] Skipped remote request for org.eclipse.platform:org.eclipse.equinox.app/maven-metadata.xml, locally cached metadata up-to-date.
[DEBUG] Failure to find org.eclipse.platform:org.eclipse.equinox.app/maven-metadata.xml in https://repo.gradle.org/gradle/libs-releases-local/ was cached in the local repository, resolution will not be reattempted until the update interval of gradle-repo has elapsed or updates are forced
[DEBUG] Failure to find org.eclipse.platform:org.eclipse.equinox.app/maven-metadata.xml in https://oss.sonatype.org/content/repositories/snapshots was cached in the local repository, resolution will not be reattempted until the update interval of sonatype-nexus-snapshots has elapsed or updates are forced
[DEBUG] Failure to find org.eclipse.platform:org.eclipse.equinox.app/maven-metadata.xml in http://maven.inria.fr/artifactory/spoon-public-snapshot was cached in the local repository, resolution will not be reattempted until the update interval of maven.inria.fr-snapshot has elapsed or updates are forced
[DEBUG] Could not find metadata org.eclipse.platform:org.eclipse.equinox.registry/maven-metadata.xml in local (/home/spirals/danglot/.m2/repository)
[DEBUG] Skipped remote request for org.eclipse.platform:org.eclipse.equinox.registry/maven-metadata.xml, locally cached metadata up-to-date.
[DEBUG] Failure to find org.eclipse.platform:org.eclipse.equinox.registry/maven-metadata.xml in https://repo.gradle.org/gradle/libs-releases-local/ was cached in the local repository, resolution will not be reattempted until the update interval of gradle-repo has elapsed or updates are forced
[DEBUG] Failure to find org.eclipse.platform:org.eclipse.equinox.registry/maven-metadata.xml in https://oss.sonatype.org/content/repositories/snapshots was cached in the local repository, resolution will not be reattempted until the update interval of sonatype-nexus-snapshots has elapsed or updates are forced
[DEBUG] Failure to find org.eclipse.platform:org.eclipse.equinox.registry/maven-metadata.xml in http://maven.inria.fr/artifactory/spoon-public-snapshot was cached in the local repository, resolution will not be reattempted until the update interval of maven.inria.fr-snapshot has elapsed or updates are forced
[DEBUG] Could not find metadata org.eclipse.platform:org.eclipse.osgi/maven-metadata.xml in local (/home/spirals/danglot/.m2/repository)
[DEBUG] Skipped remote request for org.eclipse.platform:org.eclipse.osgi/maven-metadata.xml, locally cached metadata up-to-date.
[DEBUG] Failure to find org.eclipse.platform:org.eclipse.osgi/maven-metadata.xml in https://repo.gradle.org/gradle/libs-releases-local/ was cached in the local repository, resolution will not be reattempted until the update interval of gradle-repo has elapsed or updates are forced
[DEBUG] Failure to find org.eclipse.platform:org.eclipse.osgi/maven-metadata.xml in https://oss.sonatype.org/content/repositories/snapshots was cached in the local repository, resolution will not be reattempted until the update interval of sonatype-nexus-snapshots has elapsed or updates are forced
[DEBUG] Failure to find org.eclipse.platform:org.eclipse.osgi/maven-metadata.xml in http://maven.inria.fr/artifactory/spoon-public-snapshot was cached in the local repository, resolution will not be reattempted until the update interval of maven.inria.fr-snapshot has elapsed or updates are forced
[DEBUG] Could not find metadata org.eclipse.platform:org.eclipse.equinox.common/maven-metadata.xml in local (/home/spirals/danglot/.m2/repository)
[DEBUG] Skipped remote request for org.eclipse.platform:org.eclipse.equinox.common/maven-metadata.xml, locally cached metadata up-to-date.
[DEBUG] Failure to find org.eclipse.platform:org.eclipse.equinox.common/maven-metadata.xml in https://repo.gradle.org/gradle/libs-releases-local/ was cached in the local repository, resolution will not be reattempted until the update interval of gradle-repo has elapsed or updates are forced
[DEBUG] Failure to find org.eclipse.platform:org.eclipse.equinox.common/maven-metadata.xml in https://oss.sonatype.org/content/repositories/snapshots was cached in the local repository, resolution will not be reattempted until the update interval of sonatype-nexus-snapshots has elapsed or updates are forced
[DEBUG] Failure to find org.eclipse.platform:org.eclipse.equinox.common/maven-metadata.xml in http://maven.inria.fr/artifactory/spoon-public-snapshot was cached in the local repository, resolution will not be reattempted until the update interval of maven.inria.fr-snapshot has elapsed or updates are forced
[DEBUG] Could not find metadata org.eclipse.platform:org.eclipse.core.jobs/maven-metadata.xml in local (/home/spirals/danglot/.m2/repository)
[DEBUG] Skipped remote request for org.eclipse.platform:org.eclipse.core.jobs/maven-metadata.xml, locally cached metadata up-to-date.
[DEBUG] Failure to find org.eclipse.platform:org.eclipse.core.jobs/maven-metadata.xml in https://repo.gradle.org/gradle/libs-releases-local/ was cached in the local repository, resolution will not be reattempted until the update interval of gradle-repo has elapsed or updates are forced
[DEBUG] Failure to find org.eclipse.platform:org.eclipse.core.jobs/maven-metadata.xml in https://oss.sonatype.org/content/repositories/snapshots was cached in the local repository, resolution will not be reattempted until the update interval of sonatype-nexus-snapshots has elapsed or updates are forced
[DEBUG] Failure to find org.eclipse.platform:org.eclipse.core.jobs/maven-metadata.xml in http://maven.inria.fr/artifactory/spoon-public-snapshot was cached in the local repository, resolution will not be reattempted until the update interval of maven.inria.fr-snapshot has elapsed or updates are forced
[DEBUG] Could not find metadata org.eclipse.platform:org.eclipse.equinox.preferences/maven-metadata.xml in local (/home/spirals/danglot/.m2/repository)
[DEBUG] Skipped remote request for org.eclipse.platform:org.eclipse.equinox.preferences/maven-metadata.xml, locally cached metadata up-to-date.
[DEBUG] Failure to find org.eclipse.platform:org.eclipse.equinox.preferences/maven-metadata.xml in https://repo.gradle.org/gradle/libs-releases-local/ was cached in the local repository, resolution will not be reattempted until the update interval of gradle-repo has elapsed or updates are forced
[DEBUG] Failure to find org.eclipse.platform:org.eclipse.equinox.preferences/maven-metadata.xml in https://oss.sonatype.org/content/repositories/snapshots was cached in the local repository, resolution will not be reattempted until the update interval of sonatype-nexus-snapshots has elapsed or updates are forced
[DEBUG] Failure to find org.eclipse.platform:org.eclipse.equinox.preferences/maven-metadata.xml in http://maven.inria.fr/artifactory/spoon-public-snapshot was cached in the local repository, resolution will not be reattempted until the update interval of maven.inria.fr-snapshot has elapsed or updates are forced
[DEBUG] Could not find metadata org.eclipse.platform:org.eclipse.core.contenttype/maven-metadata.xml in local (/home/spirals/danglot/.m2/repository)
[DEBUG] Skipped remote request for org.eclipse.platform:org.eclipse.core.contenttype/maven-metadata.xml, locally cached metadata up-to-date.
[DEBUG] Failure to find org.eclipse.platform:org.eclipse.core.contenttype/maven-metadata.xml in https://repo.gradle.org/gradle/libs-releases-local/ was cached in the local repository, resolution will not be reattempted until the update interval of gradle-repo has elapsed or updates are forced
[DEBUG] Failure to find org.eclipse.platform:org.eclipse.core.contenttype/maven-metadata.xml in https://oss.sonatype.org/content/repositories/snapshots was cached in the local repository, resolution will not be reattempted until the update interval of sonatype-nexus-snapshots has elapsed or updates are forced
[DEBUG] Failure to find org.eclipse.platform:org.eclipse.core.contenttype/maven-metadata.xml in http://maven.inria.fr/artifactory/spoon-public-snapshot was cached in the local repository, resolution will not be reattempted until the update interval of maven.inria.fr-snapshot has elapsed or updates are forced
[DEBUG] Could not find metadata org.eclipse.platform:org.eclipse.equinox.app/maven-metadata.xml in local (/home/spirals/danglot/.m2/repository)
[DEBUG] Skipped remote request for org.eclipse.platform:org.eclipse.equinox.app/maven-metadata.xml, locally cached metadata up-to-date.
[DEBUG] Failure to find org.eclipse.platform:org.eclipse.equinox.app/maven-metadata.xml in https://repo.gradle.org/gradle/libs-releases-local/ was cached in the local repository, resolution will not be reattempted until the update interval of gradle-repo has elapsed or updates are forced
[DEBUG] Failure to find org.eclipse.platform:org.eclipse.equinox.app/maven-metadata.xml in https://oss.sonatype.org/content/repositories/snapshots was cached in the local repository, resolution will not be reattempted until the update interval of sonatype-nexus-snapshots has elapsed or updates are forced
[DEBUG] Failure to find org.eclipse.platform:org.eclipse.equinox.app/maven-metadata.xml in http://maven.inria.fr/artifactory/spoon-public-snapshot was cached in the local repository, resolution will not be reattempted until the update interval of maven.inria.fr-snapshot has elapsed or updates are forced
[DEBUG] Could not find metadata org.eclipse.platform:org.eclipse.core.filesystem/maven-metadata.xml in local (/home/spirals/danglot/.m2/repository)
[DEBUG] Skipped remote request for org.eclipse.platform:org.eclipse.core.filesystem/maven-metadata.xml, locally cached metadata up-to-date.
[DEBUG] Failure to find org.eclipse.platform:org.eclipse.core.filesystem/maven-metadata.xml in https://repo.gradle.org/gradle/libs-releases-local/ was cached in the local repository, resolution will not be reattempted until the update interval of gradle-repo has elapsed or updates are forced
[DEBUG] Failure to find org.eclipse.platform:org.eclipse.core.filesystem/maven-metadata.xml in https://oss.sonatype.org/content/repositories/snapshots was cached in the local repository, resolution will not be reattempted until the update interval of sonatype-nexus-snapshots has elapsed or updates are forced
[DEBUG] Failure to find org.eclipse.platform:org.eclipse.core.filesystem/maven-metadata.xml in http://maven.inria.fr/artifactory/spoon-public-snapshot was cached in the local repository, resolution will not be reattempted until the update interval of maven.inria.fr-snapshot has elapsed or updates are forced
[DEBUG] Could not find metadata org.eclipse.platform:org.eclipse.osgi/maven-metadata.xml in local (/home/spirals/danglot/.m2/repository)
[DEBUG] Skipped remote request for org.eclipse.platform:org.eclipse.osgi/maven-metadata.xml, locally cached metadata up-to-date.
[DEBUG] Failure to find org.eclipse.platform:org.eclipse.osgi/maven-metadata.xml in https://repo.gradle.org/gradle/libs-releases-local/ was cached in the local repository, resolution will not be reattempted until the update interval of gradle-repo has elapsed or updates are forced
[DEBUG] Failure to find org.eclipse.platform:org.eclipse.osgi/maven-metadata.xml in https://oss.sonatype.org/content/repositories/snapshots was cached in the local repository, resolution will not be reattempted until the update interval of sonatype-nexus-snapshots has elapsed or updates are forced
[DEBUG] Failure to find org.eclipse.platform:org.eclipse.osgi/maven-metadata.xml in http://maven.inria.fr/artifactory/spoon-public-snapshot was cached in the local repository, resolution will not be reattempted until the update interval of maven.inria.fr-snapshot has elapsed or updates are forced
[DEBUG] Could not find metadata org.eclipse.platform:org.eclipse.core.runtime/maven-metadata.xml in local (/home/spirals/danglot/.m2/repository)
[DEBUG] Skipped remote request for org.eclipse.platform:org.eclipse.core.runtime/maven-metadata.xml, locally cached metadata up-to-date.
[DEBUG] Failure to find org.eclipse.platform:org.eclipse.core.runtime/maven-metadata.xml in https://repo.gradle.org/gradle/libs-releases-local/ was cached in the local repository, resolution will not be reattempted until the update interval of gradle-repo has elapsed or updates are forced
[DEBUG] Failure to find org.eclipse.platform:org.eclipse.core.runtime/maven-metadata.xml in https://oss.sonatype.org/content/repositories/snapshots was cached in the local repository, resolution will not be reattempted until the update interval of sonatype-nexus-snapshots has elapsed or updates are forced
[DEBUG] Failure to find org.eclipse.platform:org.eclipse.core.runtime/maven-metadata.xml in http://maven.inria.fr/artifactory/spoon-public-snapshot was cached in the local repository, resolution will not be reattempted until the update interval of maven.inria.fr-snapshot has elapsed or updates are forced
[DEBUG] Could not find metadata org.eclipse.platform:org.eclipse.core.runtime/maven-metadata.xml in local (/home/spirals/danglot/.m2/repository)
[DEBUG] Skipped remote request for org.eclipse.platform:org.eclipse.core.runtime/maven-metadata.xml, locally cached metadata up-to-date.
[DEBUG] Failure to find org.eclipse.platform:org.eclipse.core.runtime/maven-metadata.xml in https://repo.gradle.org/gradle/libs-releases-local/ was cached in the local repository, resolution will not be reattempted until the update interval of gradle-repo has elapsed or updates are forced
[DEBUG] Failure to find org.eclipse.platform:org.eclipse.core.runtime/maven-metadata.xml in https://oss.sonatype.org/content/repositories/snapshots was cached in the local repository, resolution will not be reattempted until the update interval of sonatype-nexus-snapshots has elapsed or updates are forced
[DEBUG] Failure to find org.eclipse.platform:org.eclipse.core.runtime/maven-metadata.xml in http://maven.inria.fr/artifactory/spoon-public-snapshot was cached in the local repository, resolution will not be reattempted until the update interval of maven.inria.fr-snapshot has elapsed or updates are forced
[DEBUG] Could not find metadata org.eclipse.platform:org.eclipse.core.filesystem/maven-metadata.xml in local (/home/spirals/danglot/.m2/repository)
[DEBUG] Skipped remote request for org.eclipse.platform:org.eclipse.core.filesystem/maven-metadata.xml, locally cached metadata up-to-date.
[DEBUG] Failure to find org.eclipse.platform:org.eclipse.core.filesystem/maven-metadata.xml in https://repo.gradle.org/gradle/libs-releases-local/ was cached in the local repository, resolution will not be reattempted until the update interval of gradle-repo has elapsed or updates are forced
[DEBUG] Failure to find org.eclipse.platform:org.eclipse.core.filesystem/maven-metadata.xml in https://oss.sonatype.org/content/repositories/snapshots was cached in the local repository, resolution will not be reattempted until the update interval of sonatype-nexus-snapshots has elapsed or updates are forced
[DEBUG] Failure to find org.eclipse.platform:org.eclipse.core.filesystem/maven-metadata.xml in http://maven.inria.fr/artifactory/spoon-public-snapshot was cached in the local repository, resolution will not be reattempted until the update interval of maven.inria.fr-snapshot has elapsed or updates are forced
[DEBUG] Could not find metadata org.eclipse.platform:org.eclipse.text/maven-metadata.xml in local (/home/spirals/danglot/.m2/repository)
[DEBUG] Skipped remote request for org.eclipse.platform:org.eclipse.text/maven-metadata.xml, locally cached metadata up-to-date.
[DEBUG] Failure to find org.eclipse.platform:org.eclipse.text/maven-metadata.xml in https://repo.gradle.org/gradle/libs-releases-local/ was cached in the local repository, resolution will not be reattempted until the update interval of gradle-repo has elapsed or updates are forced
[DEBUG] Failure to find org.eclipse.platform:org.eclipse.text/maven-metadata.xml in https://oss.sonatype.org/content/repositories/snapshots was cached in the local repository, resolution will not be reattempted until the update interval of sonatype-nexus-snapshots has elapsed or updates are forced
[DEBUG] Failure to find org.eclipse.platform:org.eclipse.text/maven-metadata.xml in http://maven.inria.fr/artifactory/spoon-public-snapshot was cached in the local repository, resolution will not be reattempted until the update interval of maven.inria.fr-snapshot has elapsed or updates are forced
[DEBUG] Could not find metadata org.eclipse.platform:org.eclipse.core.commands/maven-metadata.xml in local (/home/spirals/danglot/.m2/repository)
[DEBUG] Skipped remote request for org.eclipse.platform:org.eclipse.core.commands/maven-metadata.xml, locally cached metadata up-to-date.
[DEBUG] Failure to find org.eclipse.platform:org.eclipse.core.commands/maven-metadata.xml in https://repo.gradle.org/gradle/libs-releases-local/ was cached in the local repository, resolution will not be reattempted until the update interval of gradle-repo has elapsed or updates are forced
[DEBUG] Failure to find org.eclipse.platform:org.eclipse.core.commands/maven-metadata.xml in https://oss.sonatype.org/content/repositories/snapshots was cached in the local repository, resolution will not be reattempted until the update interval of sonatype-nexus-snapshots has elapsed or updates are forced
[DEBUG] Failure to find org.eclipse.platform:org.eclipse.core.commands/maven-metadata.xml in http://maven.inria.fr/artifactory/spoon-public-snapshot was cached in the local repository, resolution will not be reattempted until the update interval of maven.inria.fr-snapshot has elapsed or updates are forced
[DEBUG] Could not find metadata org.eclipse.platform:org.eclipse.equinox.common/maven-metadata.xml in local (/home/spirals/danglot/.m2/repository)
[DEBUG] Skipped remote request for org.eclipse.platform:org.eclipse.equinox.common/maven-metadata.xml, locally cached metadata up-to-date.
[DEBUG] Failure to find org.eclipse.platform:org.eclipse.equinox.common/maven-metadata.xml in https://repo.gradle.org/gradle/libs-releases-local/ was cached in the local repository, resolution will not be reattempted until the update interval of gradle-repo has elapsed or updates are forced
[DEBUG] Failure to find org.eclipse.platform:org.eclipse.equinox.common/maven-metadata.xml in https://oss.sonatype.org/content/repositories/snapshots was cached in the local repository, resolution will not be reattempted until the update interval of sonatype-nexus-snapshots has elapsed or updates are forced
[DEBUG] Failure to find org.eclipse.platform:org.eclipse.equinox.common/maven-metadata.xml in http://maven.inria.fr/artifactory/spoon-public-snapshot was cached in the local repository, resolution will not be reattempted until the update interval of maven.inria.fr-snapshot has elapsed or updates are forced
[DEBUG] Could not find metadata org.eclipse.platform:org.eclipse.core.runtime/maven-metadata.xml in local (/home/spirals/danglot/.m2/repository)
[DEBUG] Skipped remote request for org.eclipse.platform:org.eclipse.core.runtime/maven-metadata.xml, locally cached metadata up-to-date.
[DEBUG] Failure to find org.eclipse.platform:org.eclipse.core.runtime/maven-metadata.xml in https://repo.gradle.org/gradle/libs-releases-local/ was cached in the local repository, resolution will not be reattempted until the update interval of gradle-repo has elapsed or updates are forced
[DEBUG] Failure to find org.eclipse.platform:org.eclipse.core.runtime/maven-metadata.xml in https://oss.sonatype.org/content/repositories/snapshots was cached in the local repository, resolution will not be reattempted until the update interval of sonatype-nexus-snapshots has elapsed or updates are forced
[DEBUG] Failure to find org.eclipse.platform:org.eclipse.core.runtime/maven-metadata.xml in http://maven.inria.fr/artifactory/spoon-public-snapshot was cached in the local repository, resolution will not be reattempted until the update interval of maven.inria.fr-snapshot has elapsed or updates are forced
[DEBUG] Could not find metadata org.eclipse.platform:org.eclipse.core.resources/maven-metadata.xml in local (/home/spirals/danglot/.m2/repository)
[DEBUG] Skipped remote request for org.eclipse.platform:org.eclipse.core.resources/maven-metadata.xml, locally cached metadata up-to-date.
[DEBUG] Failure to find org.eclipse.platform:org.eclipse.core.resources/maven-metadata.xml in https://repo.gradle.org/gradle/libs-releases-local/ was cached in the local repository, resolution will not be reattempted until the update interval of gradle-repo has elapsed or updates are forced
[DEBUG] Failure to find org.eclipse.platform:org.eclipse.core.resources/maven-metadata.xml in https://oss.sonatype.org/content/repositories/snapshots was cached in the local repository, resolution will not be reattempted until the update interval of sonatype-nexus-snapshots has elapsed or updates are forced
[DEBUG] Failure to find org.eclipse.platform:org.eclipse.core.resources/maven-metadata.xml in http://maven.inria.fr/artifactory/spoon-public-snapshot was cached in the local repository, resolution will not be reattempted until the update interval of maven.inria.fr-snapshot has elapsed or updates are forced
[DEBUG] Failure to find org.eclipse.platform:org.eclipse.core.resources/maven-metadata.xml in http://maven.inria.fr/artifactory/spoon-public-snapshot/ was cached in the local repository, resolution will not be reattempted until the update interval of gforge.inria.fr-release has elapsed or updates are forced
[DEBUG] Could not find metadata org.eclipse.platform:org.eclipse.core.expressions/maven-metadata.xml in local (/home/spirals/danglot/.m2/repository)
[DEBUG] Skipped remote request for org.eclipse.platform:org.eclipse.core.expressions/maven-metadata.xml, locally cached metadata up-to-date.
[DEBUG] Failure to find org.eclipse.platform:org.eclipse.core.expressions/maven-metadata.xml in https://repo.gradle.org/gradle/libs-releases-local/ was cached in the local repository, resolution will not be reattempted until the update interval of gradle-repo has elapsed or updates are forced
[DEBUG] Failure to find org.eclipse.platform:org.eclipse.core.expressions/maven-metadata.xml in https://oss.sonatype.org/content/repositories/snapshots was cached in the local repository, resolution will not be reattempted until the update interval of sonatype-nexus-snapshots has elapsed or updates are forced
[DEBUG] Failure to find org.eclipse.platform:org.eclipse.core.expressions/maven-metadata.xml in http://maven.inria.fr/artifactory/spoon-public-snapshot was cached in the local repository, resolution will not be reattempted until the update interval of maven.inria.fr-snapshot has elapsed or updates are forced
[DEBUG] Failure to find org.eclipse.platform:org.eclipse.core.expressions/maven-metadata.xml in http://maven.inria.fr/artifactory/spoon-public-snapshot/ was cached in the local repository, resolution will not be reattempted until the update interval of gforge.inria.fr-release has elapsed or updates are forced
[DEBUG] Could not find metadata org.eclipse.platform:org.eclipse.core.runtime/maven-metadata.xml in local (/home/spirals/danglot/.m2/repository)
[DEBUG] Skipped remote request for org.eclipse.platform:org.eclipse.core.runtime/maven-metadata.xml, locally cached metadata up-to-date.
[DEBUG] Failure to find org.eclipse.platform:org.eclipse.core.runtime/maven-metadata.xml in https://repo.gradle.org/gradle/libs-releases-local/ was cached in the local repository, resolution will not be reattempted until the update interval of gradle-repo has elapsed or updates are forced
[DEBUG] Failure to find org.eclipse.platform:org.eclipse.core.runtime/maven-metadata.xml in https://oss.sonatype.org/content/repositories/snapshots was cached in the local repository, resolution will not be reattempted until the update interval of sonatype-nexus-snapshots has elapsed or updates are forced
[DEBUG] Failure to find org.eclipse.platform:org.eclipse.core.runtime/maven-metadata.xml in http://maven.inria.fr/artifactory/spoon-public-snapshot was cached in the local repository, resolution will not be reattempted until the update interval of maven.inria.fr-snapshot has elapsed or updates are forced
[DEBUG] Failure to find org.eclipse.platform:org.eclipse.core.runtime/maven-metadata.xml in http://maven.inria.fr/artifactory/spoon-public-snapshot/ was cached in the local repository, resolution will not be reattempted until the update interval of gforge.inria.fr-release has elapsed or updates are forced
[DEBUG] Could not find metadata org.eclipse.platform:org.eclipse.osgi/maven-metadata.xml in local (/home/spirals/danglot/.m2/repository)
[DEBUG] Skipped remote request for org.eclipse.platform:org.eclipse.osgi/maven-metadata.xml, locally cached metadata up-to-date.
[DEBUG] Failure to find org.eclipse.platform:org.eclipse.osgi/maven-metadata.xml in https://repo.gradle.org/gradle/libs-releases-local/ was cached in the local repository, resolution will not be reattempted until the update interval of gradle-repo has elapsed or updates are forced
[DEBUG] Failure to find org.eclipse.platform:org.eclipse.osgi/maven-metadata.xml in https://oss.sonatype.org/content/repositories/snapshots was cached in the local repository, resolution will not be reattempted until the update interval of sonatype-nexus-snapshots has elapsed or updates are forced
[DEBUG] Failure to find org.eclipse.platform:org.eclipse.osgi/maven-metadata.xml in http://maven.inria.fr/artifactory/spoon-public-snapshot was cached in the local repository, resolution will not be reattempted until the update interval of maven.inria.fr-snapshot has elapsed or updates are forced
[DEBUG] Failure to find org.eclipse.platform:org.eclipse.osgi/maven-metadata.xml in http://maven.inria.fr/artifactory/spoon-public-snapshot/ was cached in the local repository, resolution will not be reattempted until the update interval of gforge.inria.fr-release has elapsed or updates are forced
[DEBUG] Could not find metadata org.eclipse.platform:org.eclipse.equinox.common/maven-metadata.xml in local (/home/spirals/danglot/.m2/repository)
[DEBUG] Skipped remote request for org.eclipse.platform:org.eclipse.equinox.common/maven-metadata.xml, locally cached metadata up-to-date.
[DEBUG] Failure to find org.eclipse.platform:org.eclipse.equinox.common/maven-metadata.xml in https://repo.gradle.org/gradle/libs-releases-local/ was cached in the local repository, resolution will not be reattempted until the update interval of gradle-repo has elapsed or updates are forced
[DEBUG] Failure to find org.eclipse.platform:org.eclipse.equinox.common/maven-metadata.xml in https://oss.sonatype.org/content/repositories/snapshots was cached in the local repository, resolution will not be reattempted until the update interval of sonatype-nexus-snapshots has elapsed or updates are forced
[DEBUG] Failure to find org.eclipse.platform:org.eclipse.equinox.common/maven-metadata.xml in http://maven.inria.fr/artifactory/spoon-public-snapshot was cached in the local repository, resolution will not be reattempted until the update interval of maven.inria.fr-snapshot has elapsed or updates are forced
[DEBUG] Failure to find org.eclipse.platform:org.eclipse.equinox.common/maven-metadata.xml in http://maven.inria.fr/artifactory/spoon-public-snapshot/ was cached in the local repository, resolution will not be reattempted until the update interval of gforge.inria.fr-release has elapsed or updates are forced
[DEBUG] Could not find metadata org.eclipse.platform:org.eclipse.core.jobs/maven-metadata.xml in local (/home/spirals/danglot/.m2/repository)
[DEBUG] Skipped remote request for org.eclipse.platform:org.eclipse.core.jobs/maven-metadata.xml, locally cached metadata up-to-date.
[DEBUG] Failure to find org.eclipse.platform:org.eclipse.core.jobs/maven-metadata.xml in https://repo.gradle.org/gradle/libs-releases-local/ was cached in the local repository, resolution will not be reattempted until the update interval of gradle-repo has elapsed or updates are forced
[DEBUG] Failure to find org.eclipse.platform:org.eclipse.core.jobs/maven-metadata.xml in https://oss.sonatype.org/content/repositories/snapshots was cached in the local repository, resolution will not be reattempted until the update interval of sonatype-nexus-snapshots has elapsed or updates are forced
[DEBUG] Failure to find org.eclipse.platform:org.eclipse.core.jobs/maven-metadata.xml in http://maven.inria.fr/artifactory/spoon-public-snapshot was cached in the local repository, resolution will not be reattempted until the update interval of maven.inria.fr-snapshot has elapsed or updates are forced
[DEBUG] Failure to find org.eclipse.platform:org.eclipse.core.jobs/maven-metadata.xml in http://maven.inria.fr/artifactory/spoon-public-snapshot/ was cached in the local repository, resolution will not be reattempted until the update interval of gforge.inria.fr-release has elapsed or updates are forced
[DEBUG] Could not find metadata org.eclipse.platform:org.eclipse.equinox.registry/maven-metadata.xml in local (/home/spirals/danglot/.m2/repository)
[DEBUG] Skipped remote request for org.eclipse.platform:org.eclipse.equinox.registry/maven-metadata.xml, locally cached metadata up-to-date.
[DEBUG] Failure to find org.eclipse.platform:org.eclipse.equinox.registry/maven-metadata.xml in https://repo.gradle.org/gradle/libs-releases-local/ was cached in the local repository, resolution will not be reattempted until the update interval of gradle-repo has elapsed or updates are forced
[DEBUG] Failure to find org.eclipse.platform:org.eclipse.equinox.registry/maven-metadata.xml in https://oss.sonatype.org/content/repositories/snapshots was cached in the local repository, resolution will not be reattempted until the update interval of sonatype-nexus-snapshots has elapsed or updates are forced
[DEBUG] Failure to find org.eclipse.platform:org.eclipse.equinox.registry/maven-metadata.xml in http://maven.inria.fr/artifactory/spoon-public-snapshot was cached in the local repository, resolution will not be reattempted until the update interval of maven.inria.fr-snapshot has elapsed or updates are forced
[DEBUG] Failure to find org.eclipse.platform:org.eclipse.equinox.registry/maven-metadata.xml in http://maven.inria.fr/artifactory/spoon-public-snapshot/ was cached in the local repository, resolution will not be reattempted until the update interval of gforge.inria.fr-release has elapsed or updates are forced
[DEBUG] Could not find metadata org.eclipse.platform:org.eclipse.equinox.common/maven-metadata.xml in local (/home/spirals/danglot/.m2/repository)
[DEBUG] Skipped remote request for org.eclipse.platform:org.eclipse.equinox.common/maven-metadata.xml, locally cached metadata up-to-date.
[DEBUG] Failure to find org.eclipse.platform:org.eclipse.equinox.common/maven-metadata.xml in https://repo.gradle.org/gradle/libs-releases-local/ was cached in the local repository, resolution will not be reattempted until the update interval of gradle-repo has elapsed or updates are forced
[DEBUG] Failure to find org.eclipse.platform:org.eclipse.equinox.common/maven-metadata.xml in https://oss.sonatype.org/content/repositories/snapshots was cached in the local repository, resolution will not be reattempted until the update interval of sonatype-nexus-snapshots has elapsed or updates are forced
[DEBUG] Failure to find org.eclipse.platform:org.eclipse.equinox.common/maven-metadata.xml in http://maven.inria.fr/artifactory/spoon-public-snapshot was cached in the local repository, resolution will not be reattempted until the update interval of maven.inria.fr-snapshot has elapsed or updates are forced
[DEBUG] Failure to find org.eclipse.platform:org.eclipse.equinox.common/maven-metadata.xml in http://maven.inria.fr/artifactory/spoon-public-snapshot/ was cached in the local repository, resolution will not be reattempted until the update interval of gforge.inria.fr-release has elapsed or updates are forced
[DEBUG] Could not find metadata org.eclipse.platform:org.eclipse.equinox.preferences/maven-metadata.xml in local (/home/spirals/danglot/.m2/repository)
[DEBUG] Skipped remote request for org.eclipse.platform:org.eclipse.equinox.preferences/maven-metadata.xml, locally cached metadata up-to-date.
[DEBUG] Failure to find org.eclipse.platform:org.eclipse.equinox.preferences/maven-metadata.xml in https://repo.gradle.org/gradle/libs-releases-local/ was cached in the local repository, resolution will not be reattempted until the update interval of gradle-repo has elapsed or updates are forced
[DEBUG] Failure to find org.eclipse.platform:org.eclipse.equinox.preferences/maven-metadata.xml in https://oss.sonatype.org/content/repositories/snapshots was cached in the local repository, resolution will not be reattempted until the update interval of sonatype-nexus-snapshots has elapsed or updates are forced
[DEBUG] Failure to find org.eclipse.platform:org.eclipse.equinox.preferences/maven-metadata.xml in http://maven.inria.fr/artifactory/spoon-public-snapshot was cached in the local repository, resolution will not be reattempted until the update interval of maven.inria.fr-snapshot has elapsed or updates are forced
[DEBUG] Failure to find org.eclipse.platform:org.eclipse.equinox.preferences/maven-metadata.xml in http://maven.inria.fr/artifactory/spoon-public-snapshot/ was cached in the local repository, resolution will not be reattempted until the update interval of gforge.inria.fr-release has elapsed or updates are forced
[DEBUG] Could not find metadata org.eclipse.platform:org.eclipse.equinox.common/maven-metadata.xml in local (/home/spirals/danglot/.m2/repository)
[DEBUG] Skipped remote request for org.eclipse.platform:org.eclipse.equinox.common/maven-metadata.xml, locally cached metadata up-to-date.
[DEBUG] Failure to find org.eclipse.platform:org.eclipse.equinox.common/maven-metadata.xml in https://repo.gradle.org/gradle/libs-releases-local/ was cached in the local repository, resolution will not be reattempted until the update interval of gradle-repo has elapsed or updates are forced
[DEBUG] Failure to find org.eclipse.platform:org.eclipse.equinox.common/maven-metadata.xml in https://oss.sonatype.org/content/repositories/snapshots was cached in the local repository, resolution will not be reattempted until the update interval of sonatype-nexus-snapshots has elapsed or updates are forced
[DEBUG] Failure to find org.eclipse.platform:org.eclipse.equinox.common/maven-metadata.xml in http://maven.inria.fr/artifactory/spoon-public-snapshot was cached in the local repository, resolution will not be reattempted until the update interval of maven.inria.fr-snapshot has elapsed or updates are forced
[DEBUG] Failure to find org.eclipse.platform:org.eclipse.equinox.common/maven-metadata.xml in http://maven.inria.fr/artifactory/spoon-public-snapshot/ was cached in the local repository, resolution will not be reattempted until the update interval of gforge.inria.fr-release has elapsed or updates are forced
[DEBUG] Could not find metadata org.eclipse.platform:org.eclipse.core.contenttype/maven-metadata.xml in local (/home/spirals/danglot/.m2/repository)
[DEBUG] Skipped remote request for org.eclipse.platform:org.eclipse.core.contenttype/maven-metadata.xml, locally cached metadata up-to-date.
[DEBUG] Failure to find org.eclipse.platform:org.eclipse.core.contenttype/maven-metadata.xml in https://repo.gradle.org/gradle/libs-releases-local/ was cached in the local repository, resolution will not be reattempted until the update interval of gradle-repo has elapsed or updates are forced
[DEBUG] Failure to find org.eclipse.platform:org.eclipse.core.contenttype/maven-metadata.xml in https://oss.sonatype.org/content/repositories/snapshots was cached in the local repository, resolution will not be reattempted until the update interval of sonatype-nexus-snapshots has elapsed or updates are forced
[DEBUG] Failure to find org.eclipse.platform:org.eclipse.core.contenttype/maven-metadata.xml in http://maven.inria.fr/artifactory/spoon-public-snapshot was cached in the local repository, resolution will not be reattempted until the update interval of maven.inria.fr-snapshot has elapsed or updates are forced
[DEBUG] Failure to find org.eclipse.platform:org.eclipse.core.contenttype/maven-metadata.xml in http://maven.inria.fr/artifactory/spoon-public-snapshot/ was cached in the local repository, resolution will not be reattempted until the update interval of gforge.inria.fr-release has elapsed or updates are forced
[DEBUG] Could not find metadata org.eclipse.platform:org.eclipse.equinox.preferences/maven-metadata.xml in local (/home/spirals/danglot/.m2/repository)
[DEBUG] Skipped remote request for org.eclipse.platform:org.eclipse.equinox.preferences/maven-metadata.xml, locally cached metadata up-to-date.
[DEBUG] Failure to find org.eclipse.platform:org.eclipse.equinox.preferences/maven-metadata.xml in https://repo.gradle.org/gradle/libs-releases-local/ was cached in the local repository, resolution will not be reattempted until the update interval of gradle-repo has elapsed or updates are forced
[DEBUG] Failure to find org.eclipse.platform:org.eclipse.equinox.preferences/maven-metadata.xml in https://oss.sonatype.org/content/repositories/snapshots was cached in the local repository, resolution will not be reattempted until the update interval of sonatype-nexus-snapshots has elapsed or updates are forced
[DEBUG] Failure to find org.eclipse.platform:org.eclipse.equinox.preferences/maven-metadata.xml in http://maven.inria.fr/artifactory/spoon-public-snapshot was cached in the local repository, resolution will not be reattempted until the update interval of maven.inria.fr-snapshot has elapsed or updates are forced
[DEBUG] Failure to find org.eclipse.platform:org.eclipse.equinox.preferences/maven-metadata.xml in http://maven.inria.fr/artifactory/spoon-public-snapshot/ was cached in the local repository, resolution will not be reattempted until the update interval of gforge.inria.fr-release has elapsed or updates are forced
[DEBUG] Could not find metadata org.eclipse.platform:org.eclipse.equinox.registry/maven-metadata.xml in local (/home/spirals/danglot/.m2/repository)
[DEBUG] Skipped remote request for org.eclipse.platform:org.eclipse.equinox.registry/maven-metadata.xml, locally cached metadata up-to-date.
[DEBUG] Failure to find org.eclipse.platform:org.eclipse.equinox.registry/maven-metadata.xml in https://repo.gradle.org/gradle/libs-releases-local/ was cached in the local repository, resolution will not be reattempted until the update interval of gradle-repo has elapsed or updates are forced
[DEBUG] Failure to find org.eclipse.platform:org.eclipse.equinox.registry/maven-metadata.xml in https://oss.sonatype.org/content/repositories/snapshots was cached in the local repository, resolution will not be reattempted until the update interval of sonatype-nexus-snapshots has elapsed or updates are forced
[DEBUG] Failure to find org.eclipse.platform:org.eclipse.equinox.registry/maven-metadata.xml in http://maven.inria.fr/artifactory/spoon-public-snapshot was cached in the local repository, resolution will not be reattempted until the update interval of maven.inria.fr-snapshot has elapsed or updates are forced
[DEBUG] Failure to find org.eclipse.platform:org.eclipse.equinox.registry/maven-metadata.xml in http://maven.inria.fr/artifactory/spoon-public-snapshot/ was cached in the local repository, resolution will not be reattempted until the update interval of gforge.inria.fr-release has elapsed or updates are forced
[DEBUG] Could not find metadata org.eclipse.platform:org.eclipse.equinox.app/maven-metadata.xml in local (/home/spirals/danglot/.m2/repository)
[DEBUG] Skipped remote request for org.eclipse.platform:org.eclipse.equinox.app/maven-metadata.xml, locally cached metadata up-to-date.
[DEBUG] Failure to find org.eclipse.platform:org.eclipse.equinox.app/maven-metadata.xml in https://repo.gradle.org/gradle/libs-releases-local/ was cached in the local repository, resolution will not be reattempted until the update interval of gradle-repo has elapsed or updates are forced
[DEBUG] Failure to find org.eclipse.platform:org.eclipse.equinox.app/maven-metadata.xml in https://oss.sonatype.org/content/repositories/snapshots was cached in the local repository, resolution will not be reattempted until the update interval of sonatype-nexus-snapshots has elapsed or updates are forced
[DEBUG] Failure to find org.eclipse.platform:org.eclipse.equinox.app/maven-metadata.xml in http://maven.inria.fr/artifactory/spoon-public-snapshot was cached in the local repository, resolution will not be reattempted until the update interval of maven.inria.fr-snapshot has elapsed or updates are forced
[DEBUG] Failure to find org.eclipse.platform:org.eclipse.equinox.app/maven-metadata.xml in http://maven.inria.fr/artifactory/spoon-public-snapshot/ was cached in the local repository, resolution will not be reattempted until the update interval of gforge.inria.fr-release has elapsed or updates are forced
[DEBUG] Could not find metadata org.eclipse.platform:org.eclipse.equinox.registry/maven-metadata.xml in local (/home/spirals/danglot/.m2/repository)
[DEBUG] Skipped remote request for org.eclipse.platform:org.eclipse.equinox.registry/maven-metadata.xml, locally cached metadata up-to-date.
[DEBUG] Failure to find org.eclipse.platform:org.eclipse.equinox.registry/maven-metadata.xml in https://repo.gradle.org/gradle/libs-releases-local/ was cached in the local repository, resolution will not be reattempted until the update interval of gradle-repo has elapsed or updates are forced
[DEBUG] Failure to find org.eclipse.platform:org.eclipse.equinox.registry/maven-metadata.xml in https://oss.sonatype.org/content/repositories/snapshots was cached in the local repository, resolution will not be reattempted until the update interval of sonatype-nexus-snapshots has elapsed or updates are forced
[DEBUG] Failure to find org.eclipse.platform:org.eclipse.equinox.registry/maven-metadata.xml in http://maven.inria.fr/artifactory/spoon-public-snapshot was cached in the local repository, resolution will not be reattempted until the update interval of maven.inria.fr-snapshot has elapsed or updates are forced
[DEBUG] Failure to find org.eclipse.platform:org.eclipse.equinox.registry/maven-metadata.xml in http://maven.inria.fr/artifactory/spoon-public-snapshot/ was cached in the local repository, resolution will not be reattempted until the update interval of gforge.inria.fr-release has elapsed or updates are forced
[DEBUG] Could not find metadata org.eclipse.platform:org.eclipse.osgi/maven-metadata.xml in local (/home/spirals/danglot/.m2/repository)
[DEBUG] Skipped remote request for org.eclipse.platform:org.eclipse.osgi/maven-metadata.xml, locally cached metadata up-to-date.
[DEBUG] Failure to find org.eclipse.platform:org.eclipse.osgi/maven-metadata.xml in https://repo.gradle.org/gradle/libs-releases-local/ was cached in the local repository, resolution will not be reattempted until the update interval of gradle-repo has elapsed or updates are forced
[DEBUG] Failure to find org.eclipse.platform:org.eclipse.osgi/maven-metadata.xml in https://oss.sonatype.org/content/repositories/snapshots was cached in the local repository, resolution will not be reattempted until the update interval of sonatype-nexus-snapshots has elapsed or updates are forced
[DEBUG] Failure to find org.eclipse.platform:org.eclipse.osgi/maven-metadata.xml in http://maven.inria.fr/artifactory/spoon-public-snapshot was cached in the local repository, resolution will not be reattempted until the update interval of maven.inria.fr-snapshot has elapsed or updates are forced
[DEBUG] Failure to find org.eclipse.platform:org.eclipse.osgi/maven-metadata.xml in http://maven.inria.fr/artifactory/spoon-public-snapshot/ was cached in the local repository, resolution will not be reattempted until the update interval of gforge.inria.fr-release has elapsed or updates are forced
[DEBUG] Could not find metadata org.eclipse.platform:org.eclipse.equinox.common/maven-metadata.xml in local (/home/spirals/danglot/.m2/repository)
[DEBUG] Skipped remote request for org.eclipse.platform:org.eclipse.equinox.common/maven-metadata.xml, locally cached metadata up-to-date.
[DEBUG] Failure to find org.eclipse.platform:org.eclipse.equinox.common/maven-metadata.xml in https://repo.gradle.org/gradle/libs-releases-local/ was cached in the local repository, resolution will not be reattempted until the update interval of gradle-repo has elapsed or updates are forced
[DEBUG] Failure to find org.eclipse.platform:org.eclipse.equinox.common/maven-metadata.xml in https://oss.sonatype.org/content/repositories/snapshots was cached in the local repository, resolution will not be reattempted until the update interval of sonatype-nexus-snapshots has elapsed or updates are forced
[DEBUG] Failure to find org.eclipse.platform:org.eclipse.equinox.common/maven-metadata.xml in http://maven.inria.fr/artifactory/spoon-public-snapshot was cached in the local repository, resolution will not be reattempted until the update interval of maven.inria.fr-snapshot has elapsed or updates are forced
[DEBUG] Failure to find org.eclipse.platform:org.eclipse.equinox.common/maven-metadata.xml in http://maven.inria.fr/artifactory/spoon-public-snapshot/ was cached in the local repository, resolution will not be reattempted until the update interval of gforge.inria.fr-release has elapsed or updates are forced
[DEBUG] Could not find metadata org.eclipse.platform:org.eclipse.core.jobs/maven-metadata.xml in local (/home/spirals/danglot/.m2/repository)
[DEBUG] Skipped remote request for org.eclipse.platform:org.eclipse.core.jobs/maven-metadata.xml, locally cached metadata up-to-date.
[DEBUG] Failure to find org.eclipse.platform:org.eclipse.core.jobs/maven-metadata.xml in https://repo.gradle.org/gradle/libs-releases-local/ was cached in the local repository, resolution will not be reattempted until the update interval of gradle-repo has elapsed or updates are forced
[DEBUG] Failure to find org.eclipse.platform:org.eclipse.core.jobs/maven-metadata.xml in https://oss.sonatype.org/content/repositories/snapshots was cached in the local repository, resolution will not be reattempted until the update interval of sonatype-nexus-snapshots has elapsed or updates are forced
[DEBUG] Failure to find org.eclipse.platform:org.eclipse.core.jobs/maven-metadata.xml in http://maven.inria.fr/artifactory/spoon-public-snapshot was cached in the local repository, resolution will not be reattempted until the update interval of maven.inria.fr-snapshot has elapsed or updates are forced
[DEBUG] Failure to find org.eclipse.platform:org.eclipse.core.jobs/maven-metadata.xml in http://maven.inria.fr/artifactory/spoon-public-snapshot/ was cached in the local repository, resolution will not be reattempted until the update interval of gforge.inria.fr-release has elapsed or updates are forced
[DEBUG] Could not find metadata org.eclipse.platform:org.eclipse.equinox.preferences/maven-metadata.xml in local (/home/spirals/danglot/.m2/repository)
[DEBUG] Skipped remote request for org.eclipse.platform:org.eclipse.equinox.preferences/maven-metadata.xml, locally cached metadata up-to-date.
[DEBUG] Failure to find org.eclipse.platform:org.eclipse.equinox.preferences/maven-metadata.xml in https://repo.gradle.org/gradle/libs-releases-local/ was cached in the local repository, resolution will not be reattempted until the update interval of gradle-repo has elapsed or updates are forced
[DEBUG] Failure to find org.eclipse.platform:org.eclipse.equinox.preferences/maven-metadata.xml in https://oss.sonatype.org/content/repositories/snapshots was cached in the local repository, resolution will not be reattempted until the update interval of sonatype-nexus-snapshots has elapsed or updates are forced
[DEBUG] Failure to find org.eclipse.platform:org.eclipse.equinox.preferences/maven-metadata.xml in http://maven.inria.fr/artifactory/spoon-public-snapshot was cached in the local repository, resolution will not be reattempted until the update interval of maven.inria.fr-snapshot has elapsed or updates are forced
[DEBUG] Failure to find org.eclipse.platform:org.eclipse.equinox.preferences/maven-metadata.xml in http://maven.inria.fr/artifactory/spoon-public-snapshot/ was cached in the local repository, resolution will not be reattempted until the update interval of gforge.inria.fr-release has elapsed or updates are forced
[DEBUG] Could not find metadata org.eclipse.platform:org.eclipse.core.contenttype/maven-metadata.xml in local (/home/spirals/danglot/.m2/repository)
[DEBUG] Skipped remote request for org.eclipse.platform:org.eclipse.core.contenttype/maven-metadata.xml, locally cached metadata up-to-date.
[DEBUG] Failure to find org.eclipse.platform:org.eclipse.core.contenttype/maven-metadata.xml in https://repo.gradle.org/gradle/libs-releases-local/ was cached in the local repository, resolution will not be reattempted until the update interval of gradle-repo has elapsed or updates are forced
[DEBUG] Failure to find org.eclipse.platform:org.eclipse.core.contenttype/maven-metadata.xml in https://oss.sonatype.org/content/repositories/snapshots was cached in the local repository, resolution will not be reattempted until the update interval of sonatype-nexus-snapshots has elapsed or updates are forced
[DEBUG] Failure to find org.eclipse.platform:org.eclipse.core.contenttype/maven-metadata.xml in http://maven.inria.fr/artifactory/spoon-public-snapshot was cached in the local repository, resolution will not be reattempted until the update interval of maven.inria.fr-snapshot has elapsed or updates are forced
[DEBUG] Failure to find org.eclipse.platform:org.eclipse.core.contenttype/maven-metadata.xml in http://maven.inria.fr/artifactory/spoon-public-snapshot/ was cached in the local repository, resolution will not be reattempted until the update interval of gforge.inria.fr-release has elapsed or updates are forced
[DEBUG] Could not find metadata org.eclipse.platform:org.eclipse.equinox.app/maven-metadata.xml in local (/home/spirals/danglot/.m2/repository)
[DEBUG] Skipped remote request for org.eclipse.platform:org.eclipse.equinox.app/maven-metadata.xml, locally cached metadata up-to-date.
[DEBUG] Failure to find org.eclipse.platform:org.eclipse.equinox.app/maven-metadata.xml in https://repo.gradle.org/gradle/libs-releases-local/ was cached in the local repository, resolution will not be reattempted until the update interval of gradle-repo has elapsed or updates are forced
[DEBUG] Failure to find org.eclipse.platform:org.eclipse.equinox.app/maven-metadata.xml in https://oss.sonatype.org/content/repositories/snapshots was cached in the local repository, resolution will not be reattempted until the update interval of sonatype-nexus-snapshots has elapsed or updates are forced
[DEBUG] Failure to find org.eclipse.platform:org.eclipse.equinox.app/maven-metadata.xml in http://maven.inria.fr/artifactory/spoon-public-snapshot was cached in the local repository, resolution will not be reattempted until the update interval of maven.inria.fr-snapshot has elapsed or updates are forced
[DEBUG] Failure to find org.eclipse.platform:org.eclipse.equinox.app/maven-metadata.xml in http://maven.inria.fr/artifactory/spoon-public-snapshot/ was cached in the local repository, resolution will not be reattempted until the update interval of gforge.inria.fr-release has elapsed or updates are forced
[DEBUG] Could not find metadata org.eclipse.platform:org.eclipse.core.filesystem/maven-metadata.xml in local (/home/spirals/danglot/.m2/repository)
[DEBUG] Skipped remote request for org.eclipse.platform:org.eclipse.core.filesystem/maven-metadata.xml, locally cached metadata up-to-date.
[DEBUG] Failure to find org.eclipse.platform:org.eclipse.core.filesystem/maven-metadata.xml in https://repo.gradle.org/gradle/libs-releases-local/ was cached in the local repository, resolution will not be reattempted until the update interval of gradle-repo has elapsed or updates are forced
[DEBUG] Failure to find org.eclipse.platform:org.eclipse.core.filesystem/maven-metadata.xml in https://oss.sonatype.org/content/repositories/snapshots was cached in the local repository, resolution will not be reattempted until the update interval of sonatype-nexus-snapshots has elapsed or updates are forced
[DEBUG] Failure to find org.eclipse.platform:org.eclipse.core.filesystem/maven-metadata.xml in http://maven.inria.fr/artifactory/spoon-public-snapshot was cached in the local repository, resolution will not be reattempted until the update interval of maven.inria.fr-snapshot has elapsed or updates are forced
[DEBUG] Failure to find org.eclipse.platform:org.eclipse.core.filesystem/maven-metadata.xml in http://maven.inria.fr/artifactory/spoon-public-snapshot/ was cached in the local repository, resolution will not be reattempted until the update interval of gforge.inria.fr-release has elapsed or updates are forced
[DEBUG] Could not find metadata org.eclipse.platform:org.eclipse.osgi/maven-metadata.xml in local (/home/spirals/danglot/.m2/repository)
[DEBUG] Skipped remote request for org.eclipse.platform:org.eclipse.osgi/maven-metadata.xml, locally cached metadata up-to-date.
[DEBUG] Failure to find org.eclipse.platform:org.eclipse.osgi/maven-metadata.xml in https://repo.gradle.org/gradle/libs-releases-local/ was cached in the local repository, resolution will not be reattempted until the update interval of gradle-repo has elapsed or updates are forced
[DEBUG] Failure to find org.eclipse.platform:org.eclipse.osgi/maven-metadata.xml in https://oss.sonatype.org/content/repositories/snapshots was cached in the local repository, resolution will not be reattempted until the update interval of sonatype-nexus-snapshots has elapsed or updates are forced
[DEBUG] Failure to find org.eclipse.platform:org.eclipse.osgi/maven-metadata.xml in http://maven.inria.fr/artifactory/spoon-public-snapshot was cached in the local repository, resolution will not be reattempted until the update interval of maven.inria.fr-snapshot has elapsed or updates are forced
[DEBUG] Failure to find org.eclipse.platform:org.eclipse.osgi/maven-metadata.xml in http://maven.inria.fr/artifactory/spoon-public-snapshot/ was cached in the local repository, resolution will not be reattempted until the update interval of gforge.inria.fr-release has elapsed or updates are forced
[DEBUG] Could not find metadata org.eclipse.platform:org.eclipse.core.runtime/maven-metadata.xml in local (/home/spirals/danglot/.m2/repository)
[DEBUG] Skipped remote request for org.eclipse.platform:org.eclipse.core.runtime/maven-metadata.xml, locally cached metadata up-to-date.
[DEBUG] Failure to find org.eclipse.platform:org.eclipse.core.runtime/maven-metadata.xml in https://repo.gradle.org/gradle/libs-releases-local/ was cached in the local repository, resolution will not be reattempted until the update interval of gradle-repo has elapsed or updates are forced
[DEBUG] Failure to find org.eclipse.platform:org.eclipse.core.runtime/maven-metadata.xml in https://oss.sonatype.org/content/repositories/snapshots was cached in the local repository, resolution will not be reattempted until the update interval of sonatype-nexus-snapshots has elapsed or updates are forced
[DEBUG] Failure to find org.eclipse.platform:org.eclipse.core.runtime/maven-metadata.xml in http://maven.inria.fr/artifactory/spoon-public-snapshot was cached in the local repository, resolution will not be reattempted until the update interval of maven.inria.fr-snapshot has elapsed or updates are forced
[DEBUG] Failure to find org.eclipse.platform:org.eclipse.core.runtime/maven-metadata.xml in http://maven.inria.fr/artifactory/spoon-public-snapshot/ was cached in the local repository, resolution will not be reattempted until the update interval of gforge.inria.fr-release has elapsed or updates are forced
[DEBUG] Could not find metadata org.eclipse.platform:org.eclipse.core.runtime/maven-metadata.xml in local (/home/spirals/danglot/.m2/repository)
[DEBUG] Skipped remote request for org.eclipse.platform:org.eclipse.core.runtime/maven-metadata.xml, locally cached metadata up-to-date.
[DEBUG] Failure to find org.eclipse.platform:org.eclipse.core.runtime/maven-metadata.xml in https://repo.gradle.org/gradle/libs-releases-local/ was cached in the local repository, resolution will not be reattempted until the update interval of gradle-repo has elapsed or updates are forced
[DEBUG] Failure to find org.eclipse.platform:org.eclipse.core.runtime/maven-metadata.xml in https://oss.sonatype.org/content/repositories/snapshots was cached in the local repository, resolution will not be reattempted until the update interval of sonatype-nexus-snapshots has elapsed or updates are forced
[DEBUG] Failure to find org.eclipse.platform:org.eclipse.core.runtime/maven-metadata.xml in http://maven.inria.fr/artifactory/spoon-public-snapshot was cached in the local repository, resolution will not be reattempted until the update interval of maven.inria.fr-snapshot has elapsed or updates are forced
[DEBUG] Failure to find org.eclipse.platform:org.eclipse.core.runtime/maven-metadata.xml in http://maven.inria.fr/artifactory/spoon-public-snapshot/ was cached in the local repository, resolution will not be reattempted until the update interval of gforge.inria.fr-release has elapsed or updates are forced
[DEBUG] Could not find metadata org.eclipse.platform:org.eclipse.core.filesystem/maven-metadata.xml in local (/home/spirals/danglot/.m2/repository)
[DEBUG] Skipped remote request for org.eclipse.platform:org.eclipse.core.filesystem/maven-metadata.xml, locally cached metadata up-to-date.
[DEBUG] Failure to find org.eclipse.platform:org.eclipse.core.filesystem/maven-metadata.xml in https://repo.gradle.org/gradle/libs-releases-local/ was cached in the local repository, resolution will not be reattempted until the update interval of gradle-repo has elapsed or updates are forced
[DEBUG] Failure to find org.eclipse.platform:org.eclipse.core.filesystem/maven-metadata.xml in https://oss.sonatype.org/content/repositories/snapshots was cached in the local repository, resolution will not be reattempted until the update interval of sonatype-nexus-snapshots has elapsed or updates are forced
[DEBUG] Failure to find org.eclipse.platform:org.eclipse.core.filesystem/maven-metadata.xml in http://maven.inria.fr/artifactory/spoon-public-snapshot was cached in the local repository, resolution will not be reattempted until the update interval of maven.inria.fr-snapshot has elapsed or updates are forced
[DEBUG] Failure to find org.eclipse.platform:org.eclipse.core.filesystem/maven-metadata.xml in http://maven.inria.fr/artifactory/spoon-public-snapshot/ was cached in the local repository, resolution will not be reattempted until the update interval of gforge.inria.fr-release has elapsed or updates are forced
[DEBUG] Could not find metadata org.eclipse.platform:org.eclipse.text/maven-metadata.xml in local (/home/spirals/danglot/.m2/repository)
[DEBUG] Skipped remote request for org.eclipse.platform:org.eclipse.text/maven-metadata.xml, locally cached metadata up-to-date.
[DEBUG] Failure to find org.eclipse.platform:org.eclipse.text/maven-metadata.xml in https://repo.gradle.org/gradle/libs-releases-local/ was cached in the local repository, resolution will not be reattempted until the update interval of gradle-repo has elapsed or updates are forced
[DEBUG] Failure to find org.eclipse.platform:org.eclipse.text/maven-metadata.xml in https://oss.sonatype.org/content/repositories/snapshots was cached in the local repository, resolution will not be reattempted until the update interval of sonatype-nexus-snapshots has elapsed or updates are forced
[DEBUG] Failure to find org.eclipse.platform:org.eclipse.text/maven-metadata.xml in http://maven.inria.fr/artifactory/spoon-public-snapshot was cached in the local repository, resolution will not be reattempted until the update interval of maven.inria.fr-snapshot has elapsed or updates are forced
[DEBUG] Failure to find org.eclipse.platform:org.eclipse.text/maven-metadata.xml in http://maven.inria.fr/artifactory/spoon-public-snapshot/ was cached in the local repository, resolution will not be reattempted until the update interval of gforge.inria.fr-release has elapsed or updates are forced
[DEBUG] Could not find metadata org.eclipse.platform:org.eclipse.core.commands/maven-metadata.xml in local (/home/spirals/danglot/.m2/repository)
[DEBUG] Skipped remote request for org.eclipse.platform:org.eclipse.core.commands/maven-metadata.xml, locally cached metadata up-to-date.
[DEBUG] Failure to find org.eclipse.platform:org.eclipse.core.commands/maven-metadata.xml in https://repo.gradle.org/gradle/libs-releases-local/ was cached in the local repository, resolution will not be reattempted until the update interval of gradle-repo has elapsed or updates are forced
[DEBUG] Failure to find org.eclipse.platform:org.eclipse.core.commands/maven-metadata.xml in https://oss.sonatype.org/content/repositories/snapshots was cached in the local repository, resolution will not be reattempted until the update interval of sonatype-nexus-snapshots has elapsed or updates are forced
[DEBUG] Failure to find org.eclipse.platform:org.eclipse.core.commands/maven-metadata.xml in http://maven.inria.fr/artifactory/spoon-public-snapshot was cached in the local repository, resolution will not be reattempted until the update interval of maven.inria.fr-snapshot has elapsed or updates are forced
[DEBUG] Failure to find org.eclipse.platform:org.eclipse.core.commands/maven-metadata.xml in http://maven.inria.fr/artifactory/spoon-public-snapshot/ was cached in the local repository, resolution will not be reattempted until the update interval of gforge.inria.fr-release has elapsed or updates are forced
[DEBUG] Could not find metadata org.eclipse.platform:org.eclipse.equinox.common/maven-metadata.xml in local (/home/spirals/danglot/.m2/repository)
[DEBUG] Skipped remote request for org.eclipse.platform:org.eclipse.equinox.common/maven-metadata.xml, locally cached metadata up-to-date.
[DEBUG] Failure to find org.eclipse.platform:org.eclipse.equinox.common/maven-metadata.xml in https://repo.gradle.org/gradle/libs-releases-local/ was cached in the local repository, resolution will not be reattempted until the update interval of gradle-repo has elapsed or updates are forced
[DEBUG] Failure to find org.eclipse.platform:org.eclipse.equinox.common/maven-metadata.xml in https://oss.sonatype.org/content/repositories/snapshots was cached in the local repository, resolution will not be reattempted until the update interval of sonatype-nexus-snapshots has elapsed or updates are forced
[DEBUG] Failure to find org.eclipse.platform:org.eclipse.equinox.common/maven-metadata.xml in http://maven.inria.fr/artifactory/spoon-public-snapshot was cached in the local repository, resolution will not be reattempted until the update interval of maven.inria.fr-snapshot has elapsed or updates are forced
[DEBUG] Failure to find org.eclipse.platform:org.eclipse.equinox.common/maven-metadata.xml in http://maven.inria.fr/artifactory/spoon-public-snapshot/ was cached in the local repository, resolution will not be reattempted until the update interval of gforge.inria.fr-release has elapsed or updates are forced
[DEBUG] Could not find metadata org.eclipse.platform:org.eclipse.core.runtime/maven-metadata.xml in local (/home/spirals/danglot/.m2/repository)
[DEBUG] Skipped remote request for org.eclipse.platform:org.eclipse.core.runtime/maven-metadata.xml, locally cached metadata up-to-date.
[DEBUG] Failure to find org.eclipse.platform:org.eclipse.core.runtime/maven-metadata.xml in https://repo.gradle.org/gradle/libs-releases-local/ was cached in the local repository, resolution will not be reattempted until the update interval of gradle-repo has elapsed or updates are forced
[DEBUG] Failure to find org.eclipse.platform:org.eclipse.core.runtime/maven-metadata.xml in https://oss.sonatype.org/content/repositories/snapshots was cached in the local repository, resolution will not be reattempted until the update interval of sonatype-nexus-snapshots has elapsed or updates are forced
[DEBUG] Failure to find org.eclipse.platform:org.eclipse.core.runtime/maven-metadata.xml in http://maven.inria.fr/artifactory/spoon-public-snapshot was cached in the local repository, resolution will not be reattempted until the update interval of maven.inria.fr-snapshot has elapsed or updates are forced
[DEBUG] Failure to find org.eclipse.platform:org.eclipse.core.runtime/maven-metadata.xml in http://maven.inria.fr/artifactory/spoon-public-snapshot/ was cached in the local repository, resolution will not be reattempted until the update interval of gforge.inria.fr-release has elapsed or updates are forced
[DEBUG] Dependency collection stats: {ConflictMarker.analyzeTime=8307844, ConflictMarker.markTime=2492003, ConflictMarker.nodeCount=2021, ConflictIdSorter.graphTime=5864532, ConflictIdSorter.topsortTime=161222, ConflictIdSorter.conflictIdCount=117, ConflictIdSorter.conflictIdCycleCount=0, ConflictResolver.totalTime=14840586, ConflictResolver.conflictItemCount=393, DefaultDependencyCollector.collectTime=2697408769, DefaultDependencyCollector.transformTime=31826548}
[DEBUG] eu.stamp-project:dspot-maven:jar:2.0.1-SNAPSHOT:
[DEBUG]    eu.stamp-project:dspot:jar:2.0.1-SNAPSHOT:compile
[DEBUG]       fr.inria.gforge.spoon:spoon-core:jar:7.3.0:compile
[DEBUG]          org.eclipse.jdt:org.eclipse.jdt.core:jar:3.15.0:compile
[DEBUG]             org.eclipse.platform:org.eclipse.core.resources:jar:3.13.300:compile
[DEBUG]                org.eclipse.platform:org.eclipse.core.expressions:jar:3.6.300:compile
[DEBUG]             org.eclipse.platform:org.eclipse.core.runtime:jar:3.15.200:compile
[DEBUG]                org.eclipse.platform:org.eclipse.osgi:jar:3.13.300:compile
[DEBUG]                org.eclipse.platform:org.eclipse.equinox.common:jar:3.10.300:compile
[DEBUG]                org.eclipse.platform:org.eclipse.core.jobs:jar:3.10.300:compile
[DEBUG]                org.eclipse.platform:org.eclipse.equinox.registry:jar:3.8.300:compile
[DEBUG]                org.eclipse.platform:org.eclipse.equinox.preferences:jar:3.7.300:compile
[DEBUG]                org.eclipse.platform:org.eclipse.core.contenttype:jar:3.7.300:compile
[DEBUG]                org.eclipse.platform:org.eclipse.equinox.app:jar:1.4.100:compile
[DEBUG]             org.eclipse.platform:org.eclipse.core.filesystem:jar:1.7.300:compile
[DEBUG]             org.eclipse.platform:org.eclipse.text:jar:3.8.100:compile
[DEBUG]                org.eclipse.platform:org.eclipse.core.commands:jar:3.9.300:compile
[DEBUG]          com.martiansoftware:jsap:jar:2.1:compile
[DEBUG]          log4j:log4j:jar:1.2.17:compile
[DEBUG]          org.tukaani:xz:jar:1.8:compile
[DEBUG]          com.fasterxml.jackson.core:jackson-databind:jar:2.9.8:compile
[DEBUG]             com.fasterxml.jackson.core:jackson-annotations:jar:2.9.0:compile
[DEBUG]             com.fasterxml.jackson.core:jackson-core:jar:2.9.8:compile
[DEBUG]          org.apache.commons:commons-compress:jar:1.18:compile
[DEBUG]       junit:junit:jar:4.12:compile
[DEBUG]          org.hamcrest:hamcrest-core:jar:1.3:compile
[DEBUG]       com.google.code.gson:gson:jar:2.8.0:compile
[DEBUG]       org.apache.maven.shared:maven-invoker:jar:3.0.0:compile
[DEBUG]       org.slf4j:slf4j-api:jar:1.7.25:compile
[DEBUG]       org.slf4j:slf4j-log4j12:jar:1.7.25:compile
[DEBUG]       org.jacoco:org.jacoco.core:jar:0.7.9:compile
[DEBUG]          org.ow2.asm:asm-debug-all:jar:5.2:compile
[DEBUG]       eu.stamp-project:descartes:jar:1.1:compile
[DEBUG]          org.pitest:pitest:jar:1.2.0:compile
[DEBUG]          org.pitest:pitest-entry:jar:1.2.0:compile
[DEBUG]             com.thoughtworks.xstream:xstream:jar:1.4.8:compile
[DEBUG]                xmlpull:xmlpull:jar:1.1.3.1:compile
[DEBUG]                xpp3:xpp3_min:jar:1.1.4c:compile
[DEBUG]       org.gradle:gradle-tooling-api:jar:4.0.1:compile
[DEBUG]       org.mockito:mockito-core:jar:2.10.0:compile
[DEBUG]          net.bytebuddy:byte-buddy:jar:1.7.4:runtime
[DEBUG]          net.bytebuddy:byte-buddy-agent:jar:1.7.4:runtime
[DEBUG]          org.objenesis:objenesis:jar:2.6:runtime
[DEBUG]       eu.stamp-project:test-runner:jar:jar-with-dependencies:2.0.7:compile
[DEBUG]          org.junit.jupiter:junit-jupiter-api:jar:5.3.2:compile
[DEBUG]             org.apiguardian:apiguardian-api:jar:1.0.0:compile
[DEBUG]             org.opentest4j:opentest4j:jar:1.1.1:compile
[DEBUG]             org.junit.platform:junit-platform-commons:jar:1.3.2:compile
[DEBUG]          org.junit.jupiter:junit-jupiter-engine:jar:5.3.2:compile
[DEBUG]             org.junit.platform:junit-platform-engine:jar:1.3.2:compile
[DEBUG]          org.junit.platform:junit-platform-launcher:jar:1.3.2:compile
[DEBUG]          org.junit.jupiter:junit-jupiter-params:jar:5.3.2:compile
[DEBUG]       org.openclover:clover:jar:4.2.1:compile
[DEBUG]       fr.inria.gforge.spoon.labs:gumtree-spoon-ast-diff:jar:1.5:compile
[DEBUG]          com.github.gumtreediff:core:jar:2.1.0:compile
[DEBUG]             com.github.mpkorstanje:simmetrics-core:jar:3.2.3:compile
[DEBUG]                commons-codec:commons-codec:jar:1.10:compile
[DEBUG]             net.sf.trove4j:trove4j:jar:3.0.3:compile
[DEBUG]             org.jgrapht:jgrapht-core:jar:1.0.1:compile
[DEBUG]       org.ehcache:ehcache:jar:3.6.1:compile
[DEBUG]       org.apache.cxf:cxf-common-utilities:jar:2.4.1:compile
[DEBUG]          org.apache.ws.xmlschema:xmlschema-core:jar:2.0:compile
[DEBUG]          org.codehaus.woodstox:woodstox-core-asl:jar:4.1.1:runtime
[DEBUG]             org.codehaus.woodstox:stax2-api:jar:3.1.1:runtime
[DEBUG]    org.apache.maven:maven-plugin-api:jar:3.5.4:compile
[DEBUG]       org.apache.maven:maven-artifact:jar:3.5.4:compile
[DEBUG]       org.eclipse.sisu:org.eclipse.sisu.plexus:jar:0.3.3:compile
[DEBUG]          javax.enterprise:cdi-api:jar:1.0:compile
[DEBUG]             javax.annotation:jsr250-api:jar:1.0:compile
[DEBUG]       org.codehaus.plexus:plexus-utils:jar:3.1.0:compile
[DEBUG]       org.codehaus.plexus:plexus-classworlds:jar:2.5.2:compile
[DEBUG]    org.apache.maven.plugin-testing:maven-plugin-testing-harness:jar:3.3.0:compile
[DEBUG]       commons-io:commons-io:jar:2.2:compile
[DEBUG]       org.codehaus.plexus:plexus-archiver:jar:2.2:compile
[DEBUG]          org.codehaus.plexus:plexus-io:jar:2.0.4:compile
[DEBUG]    org.apache.maven:maven-compat:jar:3.5.4:compile
[DEBUG]       org.apache.maven:maven-model-builder:jar:3.5.4:compile
[DEBUG]       org.apache.maven:maven-settings:jar:3.5.4:compile
[DEBUG]       org.apache.maven:maven-settings-builder:jar:3.5.4:compile
[DEBUG]          org.sonatype.plexus:plexus-sec-dispatcher:jar:1.4:compile
[DEBUG]             org.sonatype.plexus:plexus-cipher:jar:1.4:compile
[DEBUG]       org.apache.maven:maven-resolver-provider:jar:3.5.4:compile
[DEBUG]       org.apache.maven:maven-repository-metadata:jar:3.5.4:compile
[DEBUG]       org.apache.maven.resolver:maven-resolver-api:jar:1.1.1:compile
[DEBUG]       org.apache.maven.resolver:maven-resolver-util:jar:1.1.1:compile
[DEBUG]       org.apache.maven.resolver:maven-resolver-impl:jar:1.1.1:compile
[DEBUG]       org.codehaus.plexus:plexus-interpolation:jar:1.24:compile
[DEBUG]       org.codehaus.plexus:plexus-component-annotations:jar:1.7.1:compile
[DEBUG]       org.apache.maven.wagon:wagon-provider-api:jar:3.1.0:compile
[DEBUG]    org.apache.maven:maven-core:jar:3.5.4:compile
[DEBUG]       org.apache.maven:maven-builder-support:jar:3.5.4:compile
[DEBUG]       org.apache.maven.resolver:maven-resolver-spi:jar:1.1.1:compile
[DEBUG]       org.apache.maven.shared:maven-shared-utils:jar:3.2.1:compile
[DEBUG]       org.eclipse.sisu:org.eclipse.sisu.inject:jar:0.3.3:compile
[DEBUG]       com.google.inject:guice:jar:no_aop:4.2.0:compile
[DEBUG]          aopalliance:aopalliance:jar:1.0:compile
[DEBUG]       com.google.guava:guava:jar:20.0:compile
[DEBUG]       javax.inject:javax.inject:jar:1:compile
[DEBUG]       org.apache.commons:commons-lang3:jar:3.5:compile
[DEBUG]    org.apache.maven:maven-model:jar:3.5.4:compile
[DEBUG]    org.apache.maven:maven-aether-provider:jar:3.3.9:compile
[DEBUG]       org.eclipse.aether:aether-api:jar:1.0.2.v20150114:compile
[DEBUG]       org.eclipse.aether:aether-spi:jar:1.0.2.v20150114:compile
[DEBUG]       org.eclipse.aether:aether-util:jar:1.0.2.v20150114:compile
[DEBUG]       org.eclipse.aether:aether-impl:jar:1.0.2.v20150114:compile
[DEBUG]    org.apache.maven:maven-project:jar:2.2.1:compile
[DEBUG]       org.apache.maven:maven-profile:jar:2.2.1:compile
[DEBUG]       org.apache.maven:maven-artifact-manager:jar:2.2.1:compile
[DEBUG]          backport-util-concurrent:backport-util-concurrent:jar:3.1:compile
[DEBUG]       org.apache.maven:maven-plugin-registry:jar:2.2.1:compile
[DEBUG]       org.codehaus.plexus:plexus-container-default:jar:1.0-alpha-9-stable-1:compile
[DEBUG]          classworlds:classworlds:jar:1.1-alpha-2:compile
[DEBUG] Created new class realm plugin>eu.stamp-project:dspot-maven:2.0.1-SNAPSHOT
[DEBUG] Importing foreign packages into class realm plugin>eu.stamp-project:dspot-maven:2.0.1-SNAPSHOT
[DEBUG]   Imported:  < maven.api
[DEBUG] Populating class realm plugin>eu.stamp-project:dspot-maven:2.0.1-SNAPSHOT
[DEBUG]   Included: eu.stamp-project:dspot-maven:jar:2.0.1-SNAPSHOT
[DEBUG]   Included: eu.stamp-project:dspot:jar:2.0.1-SNAPSHOT
[DEBUG]   Included: fr.inria.gforge.spoon:spoon-core:jar:7.3.0
[DEBUG]   Included: org.eclipse.jdt:org.eclipse.jdt.core:jar:3.15.0
[DEBUG]   Included: org.eclipse.platform:org.eclipse.core.resources:jar:3.13.300
[DEBUG]   Included: org.eclipse.platform:org.eclipse.core.expressions:jar:3.6.300
[DEBUG]   Included: org.eclipse.platform:org.eclipse.core.runtime:jar:3.15.200
[DEBUG]   Included: org.eclipse.platform:org.eclipse.osgi:jar:3.13.300
[DEBUG]   Included: org.eclipse.platform:org.eclipse.equinox.common:jar:3.10.300
[DEBUG]   Included: org.eclipse.platform:org.eclipse.core.jobs:jar:3.10.300
[DEBUG]   Included: org.eclipse.platform:org.eclipse.equinox.registry:jar:3.8.300
[DEBUG]   Included: org.eclipse.platform:org.eclipse.equinox.preferences:jar:3.7.300
[DEBUG]   Included: org.eclipse.platform:org.eclipse.core.contenttype:jar:3.7.300
[DEBUG]   Included: org.eclipse.platform:org.eclipse.equinox.app:jar:1.4.100
[DEBUG]   Included: org.eclipse.platform:org.eclipse.core.filesystem:jar:1.7.300
[DEBUG]   Included: org.eclipse.platform:org.eclipse.text:jar:3.8.100
[DEBUG]   Included: org.eclipse.platform:org.eclipse.core.commands:jar:3.9.300
[DEBUG]   Included: com.martiansoftware:jsap:jar:2.1
[DEBUG]   Included: log4j:log4j:jar:1.2.17
[DEBUG]   Included: org.tukaani:xz:jar:1.8
[DEBUG]   Included: com.fasterxml.jackson.core:jackson-databind:jar:2.9.8
[DEBUG]   Included: com.fasterxml.jackson.core:jackson-annotations:jar:2.9.0
[DEBUG]   Included: com.fasterxml.jackson.core:jackson-core:jar:2.9.8
[DEBUG]   Included: org.apache.commons:commons-compress:jar:1.18
[DEBUG]   Included: junit:junit:jar:4.12
[DEBUG]   Included: org.hamcrest:hamcrest-core:jar:1.3
[DEBUG]   Included: com.google.code.gson:gson:jar:2.8.0
[DEBUG]   Included: org.apache.maven.shared:maven-invoker:jar:3.0.0
[DEBUG]   Included: org.slf4j:slf4j-log4j12:jar:1.7.25
[DEBUG]   Included: org.jacoco:org.jacoco.core:jar:0.7.9
[DEBUG]   Included: org.ow2.asm:asm-debug-all:jar:5.2
[DEBUG]   Included: eu.stamp-project:descartes:jar:1.1
[DEBUG]   Included: org.pitest:pitest:jar:1.2.0
[DEBUG]   Included: org.pitest:pitest-entry:jar:1.2.0
[DEBUG]   Included: com.thoughtworks.xstream:xstream:jar:1.4.8
[DEBUG]   Included: xmlpull:xmlpull:jar:1.1.3.1
[DEBUG]   Included: xpp3:xpp3_min:jar:1.1.4c
[DEBUG]   Included: org.gradle:gradle-tooling-api:jar:4.0.1
[DEBUG]   Included: org.mockito:mockito-core:jar:2.10.0
[DEBUG]   Included: net.bytebuddy:byte-buddy:jar:1.7.4
[DEBUG]   Included: net.bytebuddy:byte-buddy-agent:jar:1.7.4
[DEBUG]   Included: org.objenesis:objenesis:jar:2.6
[DEBUG]   Included: eu.stamp-project:test-runner:jar:jar-with-dependencies:2.0.7
[DEBUG]   Included: org.junit.jupiter:junit-jupiter-api:jar:5.3.2
[DEBUG]   Included: org.apiguardian:apiguardian-api:jar:1.0.0
[DEBUG]   Included: org.opentest4j:opentest4j:jar:1.1.1
[DEBUG]   Included: org.junit.platform:junit-platform-commons:jar:1.3.2
[DEBUG]   Included: org.junit.jupiter:junit-jupiter-engine:jar:5.3.2
[DEBUG]   Included: org.junit.platform:junit-platform-engine:jar:1.3.2
[DEBUG]   Included: org.junit.platform:junit-platform-launcher:jar:1.3.2
[DEBUG]   Included: org.junit.jupiter:junit-jupiter-params:jar:5.3.2
[DEBUG]   Included: org.openclover:clover:jar:4.2.1
[DEBUG]   Included: fr.inria.gforge.spoon.labs:gumtree-spoon-ast-diff:jar:1.5
[DEBUG]   Included: com.github.gumtreediff:core:jar:2.1.0
[DEBUG]   Included: com.github.mpkorstanje:simmetrics-core:jar:3.2.3
[DEBUG]   Included: commons-codec:commons-codec:jar:1.10
[DEBUG]   Included: net.sf.trove4j:trove4j:jar:3.0.3
[DEBUG]   Included: org.jgrapht:jgrapht-core:jar:1.0.1
[DEBUG]   Included: org.ehcache:ehcache:jar:3.6.1
[DEBUG]   Included: org.apache.cxf:cxf-common-utilities:jar:2.4.1
[DEBUG]   Included: org.apache.ws.xmlschema:xmlschema-core:jar:2.0
[DEBUG]   Included: org.codehaus.woodstox:woodstox-core-asl:jar:4.1.1
[DEBUG]   Included: org.codehaus.woodstox:stax2-api:jar:3.1.1
[DEBUG]   Included: javax.enterprise:cdi-api:jar:1.0
[DEBUG]   Included: org.codehaus.plexus:plexus-utils:jar:3.1.0
[DEBUG]   Included: org.apache.maven.plugin-testing:maven-plugin-testing-harness:jar:3.3.0
[DEBUG]   Included: commons-io:commons-io:jar:2.2
[DEBUG]   Included: org.codehaus.plexus:plexus-archiver:jar:2.2
[DEBUG]   Included: org.codehaus.plexus:plexus-io:jar:2.0.4
[DEBUG]   Included: org.sonatype.plexus:plexus-sec-dispatcher:jar:1.4
[DEBUG]   Included: org.sonatype.plexus:plexus-cipher:jar:1.4
[DEBUG]   Included: org.apache.maven.resolver:maven-resolver-util:jar:1.1.1
[DEBUG]   Included: org.codehaus.plexus:plexus-interpolation:jar:1.24
[DEBUG]   Included: org.codehaus.plexus:plexus-component-annotations:jar:1.7.1
[DEBUG]   Included: org.apache.maven:maven-builder-support:jar:3.5.4
[DEBUG]   Included: org.apache.maven.shared:maven-shared-utils:jar:3.2.1
[DEBUG]   Included: org.eclipse.sisu:org.eclipse.sisu.inject:jar:0.3.3
[DEBUG]   Included: com.google.inject:guice:jar:no_aop:4.2.0
[DEBUG]   Included: aopalliance:aopalliance:jar:1.0
[DEBUG]   Included: com.google.guava:guava:jar:20.0
[DEBUG]   Included: org.apache.commons:commons-lang3:jar:3.5
[DEBUG]   Included: org.eclipse.aether:aether-util:jar:1.0.2.v20150114
[DEBUG]   Included: backport-util-concurrent:backport-util-concurrent:jar:3.1
[DEBUG] Configuring mojo eu.stamp-project:dspot-maven:2.0.1-SNAPSHOT:amplify-unit-tests from plugin realm ClassRealm[plugin>eu.stamp-project:dspot-maven:2.0.1-SNAPSHOT, parent: sun.misc.Launcher$AppClassLoader@55f96302]
[DEBUG] Configuring mojo 'eu.stamp-project:dspot-maven:2.0.1-SNAPSHOT:amplify-unit-tests' with basic configurator -->
[DEBUG]   (f) amplifiers = [TestDataMutator, MethodAdd, MethodRemove, NullifierAmplifier]
[DEBUG]   (f) automaticBuilder = MavenBuilder
[DEBUG]   (f) budgetizer = SimpleBudgetizer
[DEBUG]   (f) cases = []
[DEBUG]   (f) clean = true
[DEBUG]   (f) descartes = true
[DEBUG]   (f) example = false
[DEBUG]   (f) generateNewTestClass = true
[DEBUG]   (f) help = false
[DEBUG]   (f) iteration = 1
[DEBUG]   (f) keepOriginalTestMethods = false
[DEBUG]   (f) maxTestAmplified = 200
[DEBUG]   (f) noMinimize = false
[DEBUG]   (f) outputPath = /tmp/dspot-experiments/results/april-2019/gson/commit_8_44cad04/input_amplification/1
[DEBUG]   (f) pathToSecondVersion = /tmp/dspot-experiments/dataset/april-2019/gson/gson
[DEBUG]   (f) pathToTestListCsv = /tmp/dspot-experiments/results/april-2019/gson/commit_8_44cad04/parent_coverage_testsThatExecuteTheChanges.csv
[DEBUG]   (f) project = MavenProject: com.google.code.gson:gson:2.8.1-SNAPSHOT @ /tmp/dspot-experiments/dataset/april-2019/gson_parent/gson/pom.xml
[DEBUG]   (f) randomSeed = 23
[DEBUG]   (f) targetOneTestClass = false
[DEBUG]   (f) test = [all]
[DEBUG]   (f) testCriterion = ChangeDetectorSelector
[DEBUG]   (f) timeOut = 10000
[DEBUG]   (f) useMavenToExeTest = false
[DEBUG]   (f) verbose = true
[DEBUG]   (f) withComment = false
[DEBUG]   (f) workingDirectory = false
[DEBUG] -- end configuration --
[INFO] Path to runner Classes: /home/spirals/danglot/.m2/repository/eu/stamp-project/test-runner/2.0.7/test-runner-2.0.7-jar-with-dependencies.jar
[INFO] /home/spirals/danglot/.m2/repository/org/jacoco/org.jacoco.core/0.7.9/org.jacoco.core-0.7.9.jar
[INFO] /home/spirals/danglot/.m2/repository/org/ow2/asm/asm-debug-all/5.2/asm-debug-all-5.2.jar
[INFO] /home/spirals/danglot/.m2/repository/eu/stamp-project/test-runner/2.0.7/test-runner-2.0.7-jar-with-dependencies.jar
[WARNING] : unknown automatic builder specified in configuration, going to default.
[INFO] Default: provided Maven automatic builder.
[INFO] Using /tmp/dspot-experiments/dataset/april-2019/gson_parent/gson/pom.xml to run maven.
[INFO] Using /home/spirals/danglot/apache-maven-3.5.4 for maven home
[INFO] run maven: /home/spirals/danglot/apache-maven-3.5.4/bin/mvn clean test -DskipTests dependency:build-classpath -Dmdep.outputFile=target/dspot/classpath
[WARN] Maven will be executed in interactive mode, but no input stream has been configured for this MavenInvoker instance.
[INFO] Scanning for projects...
[INFO] 
[INFO] ---------------------< com.google.code.gson:gson >----------------------
[INFO] Building Gson 2.8.1-SNAPSHOT
[INFO] --------------------------------[ jar ]---------------------------------
[INFO] 
[INFO] --- maven-clean-plugin:2.5:clean (default-clean) @ gson ---
[INFO] 
[INFO] --- maven-enforcer-plugin:1.0:enforce (enforce-maven) @ gson ---
[INFO] Skipping Rule Enforcement.
[INFO] 
[INFO] --- maven-resources-plugin:2.6:resources (default-resources) @ gson ---
[INFO] Using 'UTF-8' encoding to copy filtered resources.
[INFO] skip non existing resourceDirectory /tmp/dspot-experiments/dataset/april-2019/gson_parent/gson/src/main/resources
[INFO] 
[INFO] --- maven-compiler-plugin:3.0:compile (default-compile) @ gson ---
[INFO] Changes detected - recompiling the module!
[INFO] Compiling 67 source files to /tmp/dspot-experiments/dataset/april-2019/gson_parent/gson/target/classes
[INFO] 
[INFO] --- bnd-maven-plugin:3.1.0:bnd-process (default) @ gson ---
[WARNING] Export com.google.gson,  has 1,  private references [com.google.gson.internal], 
[INFO] 
[INFO] --- maven-resources-plugin:2.6:testResources (default-testResources) @ gson ---
[INFO] Using 'UTF-8' encoding to copy filtered resources.
[INFO] skip non existing resourceDirectory /tmp/dspot-experiments/dataset/april-2019/gson_parent/gson/src/test/resources
[INFO] 
[INFO] --- maven-compiler-plugin:3.0:testCompile (default-testCompile) @ gson ---
[INFO] Changes detected - recompiling the module!
[INFO] Compiling 95 source files to /tmp/dspot-experiments/dataset/april-2019/gson_parent/gson/target/test-classes
[WARNING] /tmp/dspot-experiments/dataset/april-2019/gson_parent/gson/src/test/java/com/google/gson/common/MoreAsserts.java: Some input files use or override a deprecated API.
[WARNING] /tmp/dspot-experiments/dataset/april-2019/gson_parent/gson/src/test/java/com/google/gson/common/MoreAsserts.java: Recompile with -Xlint:deprecation for details.
[INFO] 
[INFO] --- maven-surefire-plugin:2.12.4:test (default-test) @ gson ---
[INFO] Tests are skipped.
[INFO] 
[INFO] --- maven-dependency-plugin:2.8:build-classpath (default-cli) @ gson ---
[INFO] Wrote classpath file '/tmp/dspot-experiments/dataset/april-2019/gson_parent/gson/target/dspot/classpath'.
[INFO] ------------------------------------------------------------------------
[INFO] BUILD SUCCESS
[INFO] ------------------------------------------------------------------------
[INFO] Total time: 7.180 s
[INFO] Finished at: 2019-04-29T13:11:39+02:00
[INFO] ------------------------------------------------------------------------
[ERROR] 2019-04-29 13:11:43 JDTCommentBuilder - "// Field tag only annotation" cannot be added into the AST, with parent class spoon.support.reflect.declaration.CtAnnotationTypeImplplease report the bug by posting on https://github.com/INRIA/spoon/issues/2482
[INFO] Amplification of com.google.gson.functional.PrimitiveTest (1 test(s))
[INFO] Assertion amplification of com.google.gson.functional.PrimitiveTest (1 test(s))
[DEBUG] Starting 15 Services...
[DEBUG] All Services successfully started, 15 Services in 9ms
[DEBUG] Creating Cache 'frameworkCache' in EhcacheManager.
[DEBUG] Serializer for <java.lang.String> : org.ehcache.impl.serialization.StringSerializer@9f2376f
[DEBUG] Could not create serializers for frameworkCache
org.ehcache.spi.serialization.UnsupportedTypeException: No serializer found for type 'eu.stamp_project.test_framework.TestFrameworkSupport'
    at org.ehcache.impl.internal.spi.serialization.DefaultSerializationProvider.getSerializerClassFor (DefaultSerializationProvider.java:136)
    at org.ehcache.impl.internal.spi.serialization.DefaultSerializationProvider.createSerializer (DefaultSerializationProvider.java:98)
    at org.ehcache.impl.internal.spi.serialization.DefaultSerializationProvider.createValueSerializer (DefaultSerializationProvider.java:90)
    at org.ehcache.core.EhcacheManager.getStore (EhcacheManager.java:478)
    at org.ehcache.core.EhcacheManager.createNewEhcache (EhcacheManager.java:317)
    at org.ehcache.core.EhcacheManager.createCache (EhcacheManager.java:266)
    at org.ehcache.core.EhcacheManager.init (EhcacheManager.java:582)
    at org.ehcache.config.builders.CacheManagerBuilder.build (CacheManagerBuilder.java:72)
    at eu.stamp_project.utils.DSpotCache.<clinit> (DSpotCache.java:21)
    at eu.stamp_project.test_framework.TestFramework.getTestFramework (TestFramework.java:128)
    at eu.stamp_project.test_framework.TestFramework.isJUnit5 (TestFramework.java:67)
    at eu.stamp_project.dspot.Amplification.amplification (Amplification.java:84)
    at eu.stamp_project.dspot.DSpot._amplify (DSpot.java:273)
    at eu.stamp_project.dspot.DSpot.lambda$amplifyTestClassesTestMethods$5 (DSpot.java:254)
    at java.util.stream.ReferencePipeline$3$1.accept (ReferencePipeline.java:193)
    at java.util.ArrayList$ArrayListSpliterator.forEachRemaining (ArrayList.java:1374)
    at java.util.stream.AbstractPipeline.copyInto (AbstractPipeline.java:481)
    at java.util.stream.AbstractPipeline.wrapAndCopyInto (AbstractPipeline.java:471)
    at java.util.stream.ReduceOps$ReduceOp.evaluateSequential (ReduceOps.java:708)
    at java.util.stream.AbstractPipeline.evaluate (AbstractPipeline.java:234)
    at java.util.stream.ReferencePipeline.collect (ReferencePipeline.java:499)
    at eu.stamp_project.dspot.DSpot.amplifyTestClassesTestMethods (DSpot.java:255)
    at eu.stamp_project.Main.run (Main.java:65)
    at eu.stamp_project.DSpotMojo.execute (DSpotMojo.java:306)
    at org.apache.maven.plugin.DefaultBuildPluginManager.executeMojo (DefaultBuildPluginManager.java:137)
    at org.apache.maven.lifecycle.internal.MojoExecutor.execute (MojoExecutor.java:208)
    at org.apache.maven.lifecycle.internal.MojoExecutor.execute (MojoExecutor.java:154)
    at org.apache.maven.lifecycle.internal.MojoExecutor.execute (MojoExecutor.java:146)
    at org.apache.maven.lifecycle.internal.LifecycleModuleBuilder.buildProject (LifecycleModuleBuilder.java:117)
    at org.apache.maven.lifecycle.internal.LifecycleModuleBuilder.buildProject (LifecycleModuleBuilder.java:81)
    at org.apache.maven.lifecycle.internal.builder.singlethreaded.SingleThreadedBuilder.build (SingleThreadedBuilder.java:56)
    at org.apache.maven.lifecycle.internal.LifecycleStarter.execute (LifecycleStarter.java:128)
    at org.apache.maven.DefaultMaven.doExecute (DefaultMaven.java:305)
    at org.apache.maven.DefaultMaven.doExecute (DefaultMaven.java:192)
    at org.apache.maven.DefaultMaven.execute (DefaultMaven.java:105)
    at org.apache.maven.cli.MavenCli.execute (MavenCli.java:954)
    at org.apache.maven.cli.MavenCli.doMain (MavenCli.java:288)
    at org.apache.maven.cli.MavenCli.main (MavenCli.java:192)
    at sun.reflect.NativeMethodAccessorImpl.invoke0 (Native Method)
    at sun.reflect.NativeMethodAccessorImpl.invoke (NativeMethodAccessorImpl.java:62)
    at sun.reflect.DelegatingMethodAccessorImpl.invoke (DelegatingMethodAccessorImpl.java:43)
    at java.lang.reflect.Method.invoke (Method.java:498)
    at org.codehaus.plexus.classworlds.launcher.Launcher.launchEnhanced (Launcher.java:289)
    at org.codehaus.plexus.classworlds.launcher.Launcher.launch (Launcher.java:229)
    at org.codehaus.plexus.classworlds.launcher.Launcher.mainWithExitCode (Launcher.java:415)
    at org.codehaus.plexus.classworlds.launcher.Launcher.main (Launcher.java:356)
[DEBUG] Copier for <java.lang.String> : org.ehcache.impl.copy.IdentityCopier@6a2badb1
[DEBUG] Copier for <eu.stamp_project.test_framework.TestFrameworkSupport> : org.ehcache.impl.copy.IdentityCopier@14201a90
[DEBUG] Initialize successful.
[INFO] Cache 'frameworkCache' created in EhcacheManager.
[DEBUG] Initialize successful.
[WARNING] You gave an empty filter. To use PIT, it is recommend to specify a filter, at least, the top package of your program, otherwise, PIT may take a long time or could not be run.
[INFO] A new filter has been computed on the fly: com.google.gson.*
[INFO] Using /tmp/dspot-experiments/dataset/april-2019/gson/gson/pom.xml to run maven.
[INFO] Using /home/spirals/danglot/apache-maven-3.5.4 for maven home
[INFO] run maven: /home/spirals/danglot/apache-maven-3.5.4/bin/mvn clean test -DskipTests
[WARN] Maven will be executed in interactive mode, but no input stream has been configured for this MavenInvoker instance.
[INFO] Scanning for projects...
[INFO] 
[INFO] ---------------------< com.google.code.gson:gson >----------------------
[INFO] Building Gson 2.8.1-SNAPSHOT
[INFO] --------------------------------[ jar ]---------------------------------
[INFO] 
[INFO] --- maven-clean-plugin:2.5:clean (default-clean) @ gson ---
[INFO] 
[INFO] --- maven-enforcer-plugin:1.0:enforce (enforce-maven) @ gson ---
[INFO] Skipping Rule Enforcement.
[INFO] 
[INFO] --- maven-resources-plugin:2.6:resources (default-resources) @ gson ---
[INFO] Using 'UTF-8' encoding to copy filtered resources.
[INFO] skip non existing resourceDirectory /tmp/dspot-experiments/dataset/april-2019/gson/gson/src/main/resources
[INFO] 
[INFO] --- maven-compiler-plugin:3.0:compile (default-compile) @ gson ---
[INFO] Changes detected - recompiling the module!
[INFO] Compiling 67 source files to /tmp/dspot-experiments/dataset/april-2019/gson/gson/target/classes
[INFO] 
[INFO] --- bnd-maven-plugin:3.1.0:bnd-process (default) @ gson ---
[WARNING] Export com.google.gson,  has 1,  private references [com.google.gson.internal], 
[INFO] 
[INFO] --- maven-resources-plugin:2.6:testResources (default-testResources) @ gson ---
[INFO] Using 'UTF-8' encoding to copy filtered resources.
[INFO] skip non existing resourceDirectory /tmp/dspot-experiments/dataset/april-2019/gson/gson/src/test/resources
[INFO] 
[INFO] --- maven-compiler-plugin:3.0:testCompile (default-testCompile) @ gson ---
[INFO] Changes detected - recompiling the module!
[INFO] Compiling 95 source files to /tmp/dspot-experiments/dataset/april-2019/gson/gson/target/test-classes
[WARNING] /tmp/dspot-experiments/dataset/april-2019/gson/gson/src/test/java/com/google/gson/common/MoreAsserts.java: Some input files use or override a deprecated API.
[WARNING] /tmp/dspot-experiments/dataset/april-2019/gson/gson/src/test/java/com/google/gson/common/MoreAsserts.java: Recompile with -Xlint:deprecation for details.
[INFO] 
[INFO] --- maven-surefire-plugin:2.12.4:test (default-test) @ gson ---
[INFO] Tests are skipped.
[INFO] ------------------------------------------------------------------------
[INFO] BUILD SUCCESS
[INFO] ------------------------------------------------------------------------
[INFO] Total time: 6.486 s
[INFO] Finished at: 2019-04-29T13:11:53+02:00
[INFO] ------------------------------------------------------------------------
[INFO] Compiling with -proceedOnError -encoding UTF-8 -cp /tmp/dspot-experiments/dataset/april-2019/gson_parent/gson/target/dspot/tmp_test_sources:/home/spirals/danglot/.m2/repository/junit/junit/4.12/junit-4.12.jar:/home/spirals/danglot/.m2/repository/org/hamcrest/hamcrest-core/1.3/hamcrest-core-1.3.jar:/tmp/dspot-experiments/dataset/april-2019/gson_parent/gson/target/classes/:/tmp/dspot-experiments/dataset/april-2019/gson_parent/gson/target/test-classes/:/tmp/dspot-experiments/dataset/april-2019/gson_parent/gson/target/dspot/dependencies/: -d /tmp/dspot-experiments/dataset/april-2019/gson_parent/gson/target/test-classes -1.8 -preserveAllLocals -noExit -enableJavadoc -proc:none /tmp/dspot-experiments/dataset/april-2019/gson_parent/gson/target/dspot/tmp_test_sources/com/google/gson/functional/PrimitiveTest.java
[INFO] Run: java -classpath /tmp/dspot-experiments/dataset/april-2019/gson_parent/gson/target/test-classes:/tmp/dspot-experiments/dataset/april-2019/gson_parent/gson/target/classes/:/home/spirals/danglot/.m2/repository/junit/junit/4.12/junit-4.12.jar:/home/spirals/danglot/.m2/repository/org/hamcrest/hamcrest-core/1.3/hamcrest-core-1.3.jar:/tmp/dspot-experiments/dataset/april-2019/gson_parent/gson/target/dspot/dependencies/:/home/spirals/danglot/.m2/repository/eu/stamp-project/test-runner/2.0.7/test-runner-2.0.7-jar-with-dependencies.jar eu.stamp_project.testrunner.runner.JUnit4Runner --class com.google.gson.functional.PrimitiveTest --tests testNumberDeserialization 
Parsing --class com.google.gson.functional.PrimitiveTest --tests testNumberDeserialization
File saved to the following path: /tmp/dspot-experiments/dataset/april-2019/gson_parent/gson/target/dspot/TestResult.ser
Loading /tmp/dspot-experiments/dataset/april-2019/gson_parent/gson/target/dspot/TestResult.ser
[INFO] Test has been run: testNumberDeserialization
[INFO] Run tests. (1)
[INFO] Compiling with -proceedOnError -encoding UTF-8 -cp /tmp/dspot-experiments/dataset/april-2019/gson_parent/gson/target/dspot/tmp_test_sources:/home/spirals/danglot/.m2/repository/junit/junit/4.12/junit-4.12.jar:/home/spirals/danglot/.m2/repository/org/hamcrest/hamcrest-core/1.3/hamcrest-core-1.3.jar:/tmp/dspot-experiments/dataset/april-2019/gson_parent/gson/target/classes/:/tmp/dspot-experiments/dataset/april-2019/gson_parent/gson/target/test-classes/:/tmp/dspot-experiments/dataset/april-2019/gson_parent/gson/target/dspot/dependencies/: -d /tmp/dspot-experiments/dataset/april-2019/gson_parent/gson/target/test-classes -1.8 -preserveAllLocals -noExit -enableJavadoc -proc:none /tmp/dspot-experiments/dataset/april-2019/gson_parent/gson/target/dspot/tmp_test_sources/com/google/gson/functional/PrimitiveTest.java
[INFO] Run: java -classpath /tmp/dspot-experiments/dataset/april-2019/gson_parent/gson/target/test-classes:/tmp/dspot-experiments/dataset/april-2019/gson_parent/gson/target/classes/:/home/spirals/danglot/.m2/repository/junit/junit/4.12/junit-4.12.jar:/home/spirals/danglot/.m2/repository/org/hamcrest/hamcrest-core/1.3/hamcrest-core-1.3.jar:/tmp/dspot-experiments/dataset/april-2019/gson_parent/gson/target/dspot/dependencies/:/home/spirals/danglot/.m2/repository/eu/stamp-project/test-runner/2.0.7/test-runner-2.0.7-jar-with-dependencies.jar eu.stamp_project.testrunner.runner.JUnit4Runner --class com.google.gson.functional.PrimitiveTest --tests testNumberDeserialization 
Parsing --class com.google.gson.functional.PrimitiveTest --tests testNumberDeserialization
File saved to the following path: /tmp/dspot-experiments/dataset/april-2019/gson_parent/gson/target/dspot/TestResult.ser
Loading /tmp/dspot-experiments/dataset/april-2019/gson_parent/gson/target/dspot/TestResult.ser
[INFO] Test has been run: testNumberDeserialization
[INFO] 1 test pass, generating assertion...
[INFO] Add observations points in passing tests.
[INFO] Instrumentation...
100% |================================================== ]/
[INFO] Run instrumented tests. (3)
[INFO] Compiling with -proceedOnError -encoding UTF-8 -cp /tmp/dspot-experiments/dataset/april-2019/gson_parent/gson/target/dspot/tmp_test_sources:/home/spirals/danglot/.m2/repository/junit/junit/4.12/junit-4.12.jar:/home/spirals/danglot/.m2/repository/org/hamcrest/hamcrest-core/1.3/hamcrest-core-1.3.jar:/tmp/dspot-experiments/dataset/april-2019/gson_parent/gson/target/classes/:/tmp/dspot-experiments/dataset/april-2019/gson_parent/gson/target/test-classes/:/tmp/dspot-experiments/dataset/april-2019/gson_parent/gson/target/dspot/dependencies/: -d /tmp/dspot-experiments/dataset/april-2019/gson_parent/gson/target/test-classes -1.8 -preserveAllLocals -noExit -enableJavadoc -proc:none /tmp/dspot-experiments/dataset/april-2019/gson_parent/gson/target/dspot/tmp_test_sources/com/google/gson/functional/PrimitiveTest.java
[INFO] Run: java -classpath /tmp/dspot-experiments/dataset/april-2019/gson_parent/gson/target/test-classes:/tmp/dspot-experiments/dataset/april-2019/gson_parent/gson/target/classes/:/home/spirals/danglot/.m2/repository/junit/junit/4.12/junit-4.12.jar:/home/spirals/danglot/.m2/repository/org/hamcrest/hamcrest-core/1.3/hamcrest-core-1.3.jar:/tmp/dspot-experiments/dataset/april-2019/gson_parent/gson/target/dspot/dependencies/:/home/spirals/danglot/.m2/repository/eu/stamp-project/test-runner/2.0.7/test-runner-2.0.7-jar-with-dependencies.jar eu.stamp_project.testrunner.runner.JUnit4Runner --class com.google.gson.functional.PrimitiveTest --tests testNumberDeserialization_withlog0:testNumberDeserialization_withlog1:testNumberDeserialization_withlog2 
Parsing --class com.google.gson.functional.PrimitiveTest --tests testNumberDeserialization_withlog0:testNumberDeserialization_withlog1:testNumberDeserialization_withlog2
File saved to the following path: /tmp/dspot-experiments/dataset/april-2019/gson_parent/gson/target/dspot/observations.ser
File saved to the following path: /tmp/dspot-experiments/dataset/april-2019/gson_parent/gson/target/dspot/TestResult.ser
Loading /tmp/dspot-experiments/dataset/april-2019/gson_parent/gson/target/dspot/TestResult.ser
[INFO] Test has been run: testDeserializeJsonArrayAsBigDecimal,testDeserializingBigIntegerAsLong,testLongAsStringDeserialization,testBigDecimalPreservePrecisionSerialization,testSmallValueForBigDecimalDeserialization,testFloatNaNSerializationNotSupportedByDefault,testDeserializeJsonArrayAsLongWrapper,testDeserializeJsonArrayAsShortWrapper,testDeserializeJsonObjectAsDoubleWrapper,testDeserializingBigDecimalAsFloat,testNumberDeserialization,testMoreSpecificSerialization,testUnquotedStringDeserializationFails,testDeserializingBigIntegerAsBigDecimal,testQuotedStringSerializationAndDeserialization,testDeserializingBigDecimalAsIntegerFails,testDeserializeJsonArrayAsBigInteger,testBigDecimalNaNDeserializationNotSupported,testDeserializingBigDecimalAsBigIntegerFails,testDeserializeJsonArrayAsFloatWrapper,testDeserializeJsonArrayAsInt,testReallyLongValuesDeserialization,testNegativeInfinityFloatSerializationNotSupportedByDefault,testBigDecimalInASingleElementArraySerialization,testDeserializeJsonObjectAsInteger,testDeserializingBigIntegerAsInteger,testSmallValueForBigIntegerDeserialization,testNegativeInfinityFloatDeserialization,testBadValueForBigIntegerDeserialization,testHtmlCharacterSerialization,testLargeDoubleDeserialization,testDoubleNaNSerializationNotSupportedByDefault,testPrimitiveBooleanAutoboxedInASingleElementArraySerialization,testDeserializeJsonObjectAsFloatPrimitive,testValueVeryCloseToZeroIsZero,testPrimitiveBooleanAutoboxedSerialization,testBigDecimalDeserialization,testPrimitiveLongAutoboxedDeserialization,testDoubleInfinitySerializationNotSupportedByDefault,testNegativeInfinityDeserialization,testSmallValueForBigIntegerSerialization,testNegativeInfinitySerializationNotSupportedByDefault,testBigDecimalNegativeInfinityDeserializationNotSupported,testDeserializeJsonArrayAsDoublePrimitive,testSmallValueForBigDecimalSerialization,testNumberSerialization,testBigDecimalAsStringRepresentationDeserialization,testDeserializeJsonArrayAsByteWrapper,testBigDecimalInfinityDeserializationNotSupported,testFloatNaNSerialization,testDeserializeJsonObjectAsBooleanPrimitive,testByteDeserialization,testPrimitiveIntegerAutoboxedDeserialization,testDeserializeJsonArrayAsBooleanWrapper,testDoubleNoFractAsStringRepresentationDeserialization,testDeserializingBigDecimalAsDouble,testBigIntegerDeserialization,testBigDecimalNoFractAsStringRepresentationDeserialization,testReallyLongValuesSerialization,testDeserializeJsonObjectAsBytePrimitive,testPrimitiveDoubleAutoboxedSerialization,testDeserializeJsonObjectAsBigDecimal,testNegativeInfinitySerialization,testFloatInfinitySerialization,testFloatNaNDeserialization,testDoubleNaNDeserialization,testBigIntegerInASingleElementArraySerialization,testPrimitiveDoubleAutoboxedDeserialization,testStringsAsBooleans,testBigIntegerSerialization,testDeserializingDecimalPointValueZeroSucceeds,testLongAsStringSerialization,testDoubleArrayDeserialization,testDeserializeJsonObjectAsBigInteger,testDeserializePrimitiveWrapperAsObjectField,testPrimitiveClassLiteral,testBigDecimalSerialization,testByteSerialization,testNegativeInfinityFloatSerialization,testPrimitiveIntegerAutoboxedSerialization,testShortSerialization,testPrimitiveIntegerAutoboxedInASingleElementArraySerialization,testFloatInfinitySerializationNotSupportedByDefault,testNumberDeserialization_withlog0,testNumberDeserialization_withlog1,testNumberDeserialization_withlog2,testDoubleInfinityDeserialization,testBigDecimalPreservePrecisionDeserialization,testDeserializeJsonArrayAsNumber,testDoubleNaNSerialization,testBooleanDeserialization,testPrimitiveLongAutoboxedInASingleElementArraySerialization,testDeserializingNonZeroDecimalPointValuesAsIntegerFails,testFloatInfinityDeserialization,testDeserializeJsonObjectAsNumber,testDoubleInfinitySerialization,testPrimitiveDoubleAutoboxedInASingleElementArraySerialization,testDeserializeJsonObjectAsShortPrimitive,testPrimitiveLongAutoboxedSerialization,testDoubleAsStringRepresentationDeserialization,testDeserializeJsonObjectAsLongPrimitive
[INFO] Generating assertions...
[INFO] 1 new tests with assertions generated
[INFO] Compiling with -proceedOnError -encoding UTF-8 -cp /tmp/dspot-experiments/dataset/april-2019/gson_parent/gson/target/dspot/tmp_test_sources:/home/spirals/danglot/.m2/repository/junit/junit/4.12/junit-4.12.jar:/home/spirals/danglot/.m2/repository/org/hamcrest/hamcrest-core/1.3/hamcrest-core-1.3.jar:/tmp/dspot-experiments/dataset/april-2019/gson_parent/gson/target/classes/:/tmp/dspot-experiments/dataset/april-2019/gson_parent/gson/target/test-classes/:/tmp/dspot-experiments/dataset/april-2019/gson_parent/gson/target/dspot/dependencies/: -d /tmp/dspot-experiments/dataset/april-2019/gson_parent/gson/target/test-classes -1.8 -preserveAllLocals -noExit -enableJavadoc -proc:none /tmp/dspot-experiments/dataset/april-2019/gson_parent/gson/target/dspot/tmp_test_sources/com/google/gson/functional/PrimitiveTest.java
[INFO] Run: java -classpath /tmp/dspot-experiments/dataset/april-2019/gson_parent/gson/target/test-classes:/tmp/dspot-experiments/dataset/april-2019/gson_parent/gson/target/classes/:/home/spirals/danglot/.m2/repository/junit/junit/4.12/junit-4.12.jar:/home/spirals/danglot/.m2/repository/org/hamcrest/hamcrest-core/1.3/hamcrest-core-1.3.jar:/tmp/dspot-experiments/dataset/april-2019/gson_parent/gson/target/dspot/dependencies/:/home/spirals/danglot/.m2/repository/eu/stamp-project/test-runner/2.0.7/test-runner-2.0.7-jar-with-dependencies.jar eu.stamp_project.testrunner.runner.JUnit4Runner --class com.google.gson.functional.PrimitiveTest --tests testNumberDeserialization 
Parsing --class com.google.gson.functional.PrimitiveTest --tests testNumberDeserialization
File saved to the following path: /tmp/dspot-experiments/dataset/april-2019/gson_parent/gson/target/dspot/TestResult.ser
Loading /tmp/dspot-experiments/dataset/april-2019/gson_parent/gson/target/dspot/TestResult.ser
[INFO] Test has been run: testNumberDeserialization
[INFO] Assertion amplification: 1 test method(s) has been successfully amplified.
[WARN] 2019-04-29 13:11:56 Launcher - You specified the directory /tmp/dspot-experiments/dataset/april-2019/gson/gson/target/classes in source classpath, please note that only class files will be considered. Jars and subdirectories will be ignored.
[WARN] 2019-04-29 13:11:56 Launcher - You specified the directory /tmp/dspot-experiments/dataset/april-2019/gson/gson/target/test-classes in source classpath, please note that only class files will be considered. Jars and subdirectories will be ignored.
[WARN] 2019-04-29 13:11:56 Launcher - You specified the directory /tmp/dspot-experiments/dataset/april-2019/gson/gson/target/dspot/dependencies in source classpath, please note that only class files will be considered. Jars and subdirectories will be ignored.
[INFO] Run: java -classpath /tmp/dspot-experiments/dataset/april-2019/gson/gson/target/classes/:/tmp/dspot-experiments/dataset/april-2019/gson/gson/target/test-classes/:/home/spirals/danglot/.m2/repository/junit/junit/4.12/junit-4.12.jar:/home/spirals/danglot/.m2/repository/org/hamcrest/hamcrest-core/1.3/hamcrest-core-1.3.jar:/tmp/dspot-experiments/dataset/april-2019/gson/gson/target/dspot/dependencies/:/home/spirals/danglot/.m2/repository/eu/stamp-project/test-runner/2.0.7/test-runner-2.0.7-jar-with-dependencies.jar eu.stamp_project.testrunner.runner.JUnit4Runner --class com.google.gson.functional.PrimitiveTest --tests testNumberDeserialization 
Parsing --class com.google.gson.functional.PrimitiveTest --tests testNumberDeserialization
File saved to the following path: /tmp/dspot-experiments/dataset/april-2019/gson_parent/gson/target/dspot/TestResult.ser
Loading /tmp/dspot-experiments/dataset/april-2019/gson_parent/gson/target/dspot/TestResult.ser
[INFO] Test has been run: testNumberDeserialization
[INFO] 0 amplified test methods has been selected to be kept. (global: 0)
[INFO] Applying Input-amplification and Assertion-amplification test by test.
[INFO] Amplification of testNumberDeserialization, (1/1)
[INFO] iteration 0 / 1
[INFO] 1 tests selected to be amplified over 1 available tests
[INFO] Amplification of inputs...
[INFO] Time to amplify: 58ms
  0% | ]/[INFO] 22 new tests generated
[INFO] Run tests. (22)
[INFO] Compiling with -proceedOnError -encoding UTF-8 -cp /tmp/dspot-experiments/dataset/april-2019/gson_parent/gson/target/dspot/tmp_test_sources:/home/spirals/danglot/.m2/repository/junit/junit/4.12/junit-4.12.jar:/home/spirals/danglot/.m2/repository/org/hamcrest/hamcrest-core/1.3/hamcrest-core-1.3.jar:/tmp/dspot-experiments/dataset/april-2019/gson_parent/gson/target/classes/:/tmp/dspot-experiments/dataset/april-2019/gson_parent/gson/target/test-classes/:/tmp/dspot-experiments/dataset/april-2019/gson_parent/gson/target/dspot/dependencies/: -d /tmp/dspot-experiments/dataset/april-2019/gson_parent/gson/target/test-classes -1.8 -preserveAllLocals -noExit -enableJavadoc -proc:none /tmp/dspot-experiments/dataset/april-2019/gson_parent/gson/target/dspot/tmp_test_sources/com/google/gson/functional/PrimitiveTest.java
[ERROR] Error(s) during compilation:
[ERROR] Pb(102) The method fromJson(String, Class<Number>) is ambiguous for the type Gson
[ERROR] Pb(102) The method fromJson(String, Class<Number>) is ambiguous for the type Gson
[ERROR] Pb(102) The method fromJson(String, Class<Number>) is ambiguous for the type Gson
[INFO] Compiling with -proceedOnError -encoding UTF-8 -cp /tmp/dspot-experiments/dataset/april-2019/gson_parent/gson/target/dspot/tmp_test_sources:/home/spirals/danglot/.m2/repository/junit/junit/4.12/junit-4.12.jar:/home/spirals/danglot/.m2/repository/org/hamcrest/hamcrest-core/1.3/hamcrest-core-1.3.jar:/tmp/dspot-experiments/dataset/april-2019/gson_parent/gson/target/classes/:/tmp/dspot-experiments/dataset/april-2019/gson_parent/gson/target/test-classes/:/tmp/dspot-experiments/dataset/april-2019/gson_parent/gson/target/dspot/dependencies/: -d /tmp/dspot-experiments/dataset/april-2019/gson_parent/gson/target/test-classes -1.8 -preserveAllLocals -noExit -enableJavadoc -proc:none /tmp/dspot-experiments/dataset/april-2019/gson_parent/gson/target/dspot/tmp_test_sources/com/google/gson/functional/PrimitiveTest.java
[INFO] Run: java -classpath /tmp/dspot-experiments/dataset/april-2019/gson_parent/gson/target/test-classes:/tmp/dspot-experiments/dataset/april-2019/gson_parent/gson/target/classes/:/home/spirals/danglot/.m2/repository/junit/junit/4.12/junit-4.12.jar:/home/spirals/danglot/.m2/repository/org/hamcrest/hamcrest-core/1.3/hamcrest-core-1.3.jar:/tmp/dspot-experiments/dataset/april-2019/gson_parent/gson/target/dspot/dependencies/:/home/spirals/danglot/.m2/repository/eu/stamp-project/test-runner/2.0.7/test-runner-2.0.7-jar-with-dependencies.jar eu.stamp_project.testrunner.runner.JUnit4Runner --class com.google.gson.functional.PrimitiveTest --tests testNumberDeserializationnull19:testNumberDeserialization_literalMutationString4:testNumberDeserialization_literalMutationString2:testNumberDeserialization_literalMutationString8:testNumberDeserialization_literalMutationString9:testNumberDeserialization_literalMutationString1:testNumberDeserialization_literalMutationString6:testNumberDeserialization_literalMutationString3:testNumberDeserialization_literalMutationString5:testNumberDeserialization_literalMutationString7:testNumberDeserialization_add13:testNumberDeserialization_add14:testNumberDeserialization_add15:testNumberDeserialization_add16:testNumberDeserialization_add12:testNumberDeserialization_add10:testNumberDeserialization_add11:testNumberDeserialization_add18:testNumberDeserialization_add17 
Parsing --class com.google.gson.functional.PrimitiveTest --tests testNumberDeserializationnull19:testNumberDeserialization_literalMutationString4:testNumberDeserialization_literalMutationString2:testNumberDeserialization_literalMutationString8:testNumberDeserialization_literalMutationString9:testNumberDeserialization_literalMutationString1:testNumberDeserialization_literalMutationString6:testNumberDeserialization_literalMutationString3:testNumberDeserialization_literalMutationString5:testNumberDeserialization_literalMutationString7:testNumberDeserialization_add13:testNumberDeserialization_add14:testNumberDeserialization_add15:testNumberDeserialization_add16:testNumberDeserialization_add12:testNumberDeserialization_add10:testNumberDeserialization_add11:testNumberDeserialization_add18:testNumberDeserialization_add17
File saved to the following path: /tmp/dspot-experiments/dataset/april-2019/gson_parent/gson/target/dspot/TestResult.ser
Loading /tmp/dspot-experiments/dataset/april-2019/gson_parent/gson/target/dspot/TestResult.ser
[INFO] Test has been run: testNumberDeserialization_literalMutationString9,testNumberDeserialization_add10,testNumberDeserialization_add11,testNumberDeserialization_add12,testNumberDeserialization_add13,testNumberDeserialization_add14,testNumberDeserialization_add15,testNumberDeserialization_add16,testNumberDeserialization_add17,testNumberDeserialization_add18,testNumberDeserialization_literalMutationString1(com.google.gson.functional.PrimitiveTest): For input string: "",testNumberDeserialization_literalMutationString2(com.google.gson.functional.PrimitiveTest): For input string: "{'name3':'v3'}",testNumberDeserialization_literalMutationString3(com.google.gson.functional.PrimitiveTest): For input string: "-",testNumberDeserialization_literalMutationString4(com.google.gson.functional.PrimitiveTest): null,testNumberDeserialization_literalMutationString5(com.google.gson.functional.PrimitiveTest): Expecting number, got: BEGIN_OBJECT,testNumberDeserialization_literalMutationString6(com.google.gson.functional.PrimitiveTest): com.google.gson.stream.MalformedJsonException: Use JsonReader.setLenient(true) to accept malformed JSON at line 1 column 3 path $,testNumberDeserialization_literalMutationString7(com.google.gson.functional.PrimitiveTest): Expecting number, got: STRING,testNumberDeserialization_literalMutationString8(com.google.gson.functional.PrimitiveTest): Expecting number, got: STRING,testNumberDeserializationnull19(com.google.gson.functional.PrimitiveTest): null
[INFO] 10 test pass, generating assertion...
[INFO] Add observations points in passing tests.
[INFO] Instrumentation...
 10% |===== ]/ 20% |========== ]- 30% |=============== ]\ 40% |==================== ]| 50% |========================= ]/ 60% |============================== ]- 70% |=================================== ]\ 80% |======================================== ]| 90% |============================================= ]/100% |================================================== ]-
[INFO] Run instrumented tests. (30)
[INFO] Compiling with -proceedOnError -encoding UTF-8 -cp /tmp/dspot-experiments/dataset/april-2019/gson_parent/gson/target/dspot/tmp_test_sources:/home/spirals/danglot/.m2/repository/junit/junit/4.12/junit-4.12.jar:/home/spirals/danglot/.m2/repository/org/hamcrest/hamcrest-core/1.3/hamcrest-core-1.3.jar:/tmp/dspot-experiments/dataset/april-2019/gson_parent/gson/target/classes/:/tmp/dspot-experiments/dataset/april-2019/gson_parent/gson/target/test-classes/:/tmp/dspot-experiments/dataset/april-2019/gson_parent/gson/target/dspot/dependencies/: -d /tmp/dspot-experiments/dataset/april-2019/gson_parent/gson/target/test-classes -1.8 -preserveAllLocals -noExit -enableJavadoc -proc:none /tmp/dspot-experiments/dataset/april-2019/gson_parent/gson/target/dspot/tmp_test_sources/com/google/gson/functional/PrimitiveTest.java
[INFO] Run: java -classpath /tmp/dspot-experiments/dataset/april-2019/gson_parent/gson/target/test-classes:/tmp/dspot-experiments/dataset/april-2019/gson_parent/gson/target/classes/:/home/spirals/danglot/.m2/repository/junit/junit/4.12/junit-4.12.jar:/home/spirals/danglot/.m2/repository/org/hamcrest/hamcrest-core/1.3/hamcrest-core-1.3.jar:/tmp/dspot-experiments/dataset/april-2019/gson_parent/gson/target/dspot/dependencies/:/home/spirals/danglot/.m2/repository/eu/stamp-project/test-runner/2.0.7/test-runner-2.0.7-jar-with-dependencies.jar eu.stamp_project.testrunner.runner.JUnit4Runner --class com.google.gson.functional.PrimitiveTest --tests testNumberDeserialization_literalMutationString9_withlog0:testNumberDeserialization_add13_withlog0:testNumberDeserialization_add14_withlog0:testNumberDeserialization_add15_withlog0:testNumberDeserialization_add16_withlog0:testNumberDeserialization_add12_withlog0:testNumberDeserialization_add10_withlog0:testNumberDeserialization_add11_withlog0:testNumberDeserialization_add18_withlog0:testNumberDeserialization_add17_withlog0:testNumberDeserialization_literalMutationString9_withlog1:testNumberDeserialization_add13_withlog1:testNumberDeserialization_add14_withlog1:testNumberDeserialization_add15_withlog1:testNumberDeserialization_add16_withlog1:testNumberDeserialization_add12_withlog1:testNumberDeserialization_add10_withlog1:testNumberDeserialization_add11_withlog1:testNumberDeserialization_add18_withlog1:testNumberDeserialization_add17_withlog1:testNumberDeserialization_literalMutationString9_withlog2:testNumberDeserialization_add13_withlog2:testNumberDeserialization_add14_withlog2:testNumberDeserialization_add15_withlog2:testNumberDeserialization_add16_withlog2:testNumberDeserialization_add12_withlog2:testNumberDeserialization_add10_withlog2:testNumberDeserialization_add11_withlog2:testNumberDeserialization_add18_withlog2:testNumberDeserialization_add17_withlog2 
Parsing --class com.google.gson.functional.PrimitiveTest --tests testNumberDeserialization_literalMutationString9_withlog0:testNumberDeserialization_add13_withlog0:testNumberDeserialization_add14_withlog0:testNumberDeserialization_add15_withlog0:testNumberDeserialization_add16_withlog0:testNumberDeserialization_add12_withlog0:testNumberDeserialization_add10_withlog0:testNumberDeserialization_add11_withlog0:testNumberDeserialization_add18_withlog0:testNumberDeserialization_add17_withlog0:testNumberDeserialization_literalMutationString9_withlog1:testNumberDeserialization_add13_withlog1:testNumberDeserialization_add14_withlog1:testNumberDeserialization_add15_withlog1:testNumberDeserialization_add16_withlog1:testNumberDeserialization_add12_withlog1:testNumberDeserialization_add10_withlog1:testNumberDeserialization_add11_withlog1:testNumberDeserialization_add18_withlog1:testNumberDeserialization_add17_withlog1:testNumberDeserialization_literalMutationString9_withlog2:testNumberDeserialization_add13_withlog2:testNumberDeserialization_add14_withlog2:testNumberDeserialization_add15_withlog2:testNumberDeserialization_add16_withlog2:testNumberDeserialization_add12_withlog2:testNumberDeserialization_add10_withlog2:testNumberDeserialization_add11_withlog2:testNumberDeserialization_add18_withlog2:testNumberDeserialization_add17_withlog2
File saved to the following path: /tmp/dspot-experiments/dataset/april-2019/gson_parent/gson/target/dspot/observations.ser
File saved to the following path: /tmp/dspot-experiments/dataset/april-2019/gson_parent/gson/target/dspot/TestResult.ser
Loading /tmp/dspot-experiments/dataset/april-2019/gson_parent/gson/target/dspot/TestResult.ser
[INFO] Test has been run: testDeserializeJsonArrayAsBigDecimal,testDeserializingBigIntegerAsLong,testLongAsStringDeserialization,testBigDecimalPreservePrecisionSerialization,testSmallValueForBigDecimalDeserialization,testFloatNaNSerializationNotSupportedByDefault,testDeserializeJsonArrayAsLongWrapper,testDeserializeJsonArrayAsShortWrapper,testDeserializeJsonObjectAsDoubleWrapper,testDeserializingBigDecimalAsFloat,testNumberDeserialization,testMoreSpecificSerialization,testUnquotedStringDeserializationFails,testDeserializingBigIntegerAsBigDecimal,testQuotedStringSerializationAndDeserialization,testDeserializingBigDecimalAsIntegerFails,testDeserializeJsonArrayAsBigInteger,testBigDecimalNaNDeserializationNotSupported,testDeserializingBigDecimalAsBigIntegerFails,testDeserializeJsonArrayAsFloatWrapper,testNumberDeserialization_add18_withlog0,testNumberDeserialization_add18_withlog1,testNumberDeserialization_add18_withlog2,testDeserializeJsonArrayAsInt,testReallyLongValuesDeserialization,testNegativeInfinityFloatSerializationNotSupportedByDefault,testBigDecimalInASingleElementArraySerialization,testNumberDeserialization_add17_withlog0,testNumberDeserialization_add17_withlog1,testNumberDeserialization_add17_withlog2,testDeserializeJsonObjectAsInteger,testDeserializingBigIntegerAsInteger,testNumberDeserialization_literalMutationString9,testSmallValueForBigIntegerDeserialization,testNegativeInfinityFloatDeserialization,testNumberDeserialization_add16_withlog0,testNumberDeserialization_add16_withlog1,testNumberDeserialization_add16_withlog2,testBadValueForBigIntegerDeserialization,testHtmlCharacterSerialization,testLargeDoubleDeserialization,testNumberDeserialization_add15_withlog0,testNumberDeserialization_add15_withlog1,testNumberDeserialization_add15_withlog2,testDoubleNaNSerializationNotSupportedByDefault,testPrimitiveBooleanAutoboxedInASingleElementArraySerialization,testDeserializeJsonObjectAsFloatPrimitive,testValueVeryCloseToZeroIsZero,testPrimitiveBooleanAutoboxedSerialization,testNumberDeserialization_add14_withlog0,testNumberDeserialization_add14_withlog1,testNumberDeserialization_add14_withlog2,testBigDecimalDeserialization,testPrimitiveLongAutoboxedDeserialization,testDoubleInfinitySerializationNotSupportedByDefault,testNegativeInfinityDeserialization,testSmallValueForBigIntegerSerialization,testNumberDeserialization_add13_withlog0,testNumberDeserialization_add13_withlog1,testNumberDeserialization_add13_withlog2,testNegativeInfinitySerializationNotSupportedByDefault,testBigDecimalNegativeInfinityDeserializationNotSupported,testDeserializeJsonArrayAsDoublePrimitive,testSmallValueForBigDecimalSerialization,testNumberSerialization,testBigDecimalAsStringRepresentationDeserialization,testNumberDeserialization_add12_withlog0,testNumberDeserialization_add12_withlog1,testNumberDeserialization_add12_withlog2,testNumberDeserialization_add10,testNumberDeserialization_add11,testNumberDeserialization_add12,testNumberDeserialization_add13,testNumberDeserialization_add14,testNumberDeserialization_add15,testNumberDeserialization_add16,testNumberDeserialization_add17,testNumberDeserialization_add18,testDeserializeJsonArrayAsByteWrapper,testBigDecimalInfinityDeserializationNotSupported,testFloatNaNSerialization,testDeserializeJsonObjectAsBooleanPrimitive,testNumberDeserialization_literalMutationString9_withlog0,testNumberDeserialization_literalMutationString9_withlog1,testNumberDeserialization_literalMutationString9_withlog2,testByteDeserialization,testNumberDeserialization_add11_withlog0,testNumberDeserialization_add11_withlog1,testNumberDeserialization_add11_withlog2,testPrimitiveIntegerAutoboxedDeserialization,testDeserializeJsonArrayAsBooleanWrapper,testDoubleNoFractAsStringRepresentationDeserialization,testDeserializingBigDecimalAsDouble,testNumberDeserialization_add10_withlog0,testNumberDeserialization_add10_withlog1,testNumberDeserialization_add10_withlog2,testBigIntegerDeserialization,testBigDecimalNoFractAsStringRepresentationDeserialization,testReallyLongValuesSerialization,testDeserializeJsonObjectAsBytePrimitive,testPrimitiveDoubleAutoboxedSerialization,testDeserializeJsonObjectAsBigDecimal,testNegativeInfinitySerialization,testFloatInfinitySerialization,testFloatNaNDeserialization,testDoubleNaNDeserialization,testBigIntegerInASingleElementArraySerialization,testPrimitiveDoubleAutoboxedDeserialization,testStringsAsBooleans,testBigIntegerSerialization,testDeserializingDecimalPointValueZeroSucceeds,testLongAsStringSerialization,testDoubleArrayDeserialization,testDeserializeJsonObjectAsBigInteger,testDeserializePrimitiveWrapperAsObjectField,testPrimitiveClassLiteral,testBigDecimalSerialization,testByteSerialization,testNegativeInfinityFloatSerialization,testPrimitiveIntegerAutoboxedSerialization,testShortSerialization,testPrimitiveIntegerAutoboxedInASingleElementArraySerialization,testFloatInfinitySerializationNotSupportedByDefault,testDoubleInfinityDeserialization,testBigDecimalPreservePrecisionDeserialization,testDeserializeJsonArrayAsNumber,testDoubleNaNSerialization,testBooleanDeserialization,testPrimitiveLongAutoboxedInASingleElementArraySerialization,testDeserializingNonZeroDecimalPointValuesAsIntegerFails,testFloatInfinityDeserialization,testDeserializeJsonObjectAsNumber,testDoubleInfinitySerialization,testPrimitiveDoubleAutoboxedInASingleElementArraySerialization,testDeserializeJsonObjectAsShortPrimitive,testPrimitiveLongAutoboxedSerialization,testDoubleAsStringRepresentationDeserialization,testDeserializeJsonObjectAsLongPrimitive,testNumberDeserialization_literalMutationString1(com.google.gson.functional.PrimitiveTest): For input string: "",testNumberDeserialization_literalMutationString2(com.google.gson.functional.PrimitiveTest): For input string: "{'name3':'v3'}",testNumberDeserialization_literalMutationString3(com.google.gson.functional.PrimitiveTest): For input string: "-",testNumberDeserialization_literalMutationString4(com.google.gson.functional.PrimitiveTest): null,testNumberDeserialization_literalMutationString5(com.google.gson.functional.PrimitiveTest): Expecting number, got: BEGIN_OBJECT,testNumberDeserialization_literalMutationString6(com.google.gson.functional.PrimitiveTest): com.google.gson.stream.MalformedJsonException: Use JsonReader.setLenient(true) to accept malformed JSON at line 1 column 3 path $,testNumberDeserialization_literalMutationString7(com.google.gson.functional.PrimitiveTest): Expecting number, got: STRING,testNumberDeserialization_literalMutationString8(com.google.gson.functional.PrimitiveTest): Expecting number, got: STRING,testNumberDeserializationnull19(com.google.gson.functional.PrimitiveTest): null
[WARNING] Some instrumented test failed!
[INFO] Generating assertions...
[INFO] 9 test fail, generating try/catch/fail blocks...
[INFO] 19 new tests with assertions generated
[INFO] Compiling with -proceedOnError -encoding UTF-8 -cp /tmp/dspot-experiments/dataset/april-2019/gson_parent/gson/target/dspot/tmp_test_sources:/home/spirals/danglot/.m2/repository/junit/junit/4.12/junit-4.12.jar:/home/spirals/danglot/.m2/repository/org/hamcrest/hamcrest-core/1.3/hamcrest-core-1.3.jar:/tmp/dspot-experiments/dataset/april-2019/gson_parent/gson/target/classes/:/tmp/dspot-experiments/dataset/april-2019/gson_parent/gson/target/test-classes/:/tmp/dspot-experiments/dataset/april-2019/gson_parent/gson/target/dspot/dependencies/: -d /tmp/dspot-experiments/dataset/april-2019/gson_parent/gson/target/test-classes -1.8 -preserveAllLocals -noExit -enableJavadoc -proc:none /tmp/dspot-experiments/dataset/april-2019/gson_parent/gson/target/dspot/tmp_test_sources/com/google/gson/functional/PrimitiveTest.java
[INFO] Run: java -classpath /tmp/dspot-experiments/dataset/april-2019/gson_parent/gson/target/test-classes:/tmp/dspot-experiments/dataset/april-2019/gson_parent/gson/target/classes/:/home/spirals/danglot/.m2/repository/junit/junit/4.12/junit-4.12.jar:/home/spirals/danglot/.m2/repository/org/hamcrest/hamcrest-core/1.3/hamcrest-core-1.3.jar:/tmp/dspot-experiments/dataset/april-2019/gson_parent/gson/target/dspot/dependencies/:/home/spirals/danglot/.m2/repository/eu/stamp-project/test-runner/2.0.7/test-runner-2.0.7-jar-with-dependencies.jar eu.stamp_project.testrunner.runner.JUnit4Runner --class com.google.gson.functional.PrimitiveTest --tests testNumberDeserialization_literalMutationString9:testNumberDeserialization_add13:testNumberDeserialization_add14:testNumberDeserialization_add15:testNumberDeserialization_add16:testNumberDeserialization_add12:testNumberDeserialization_add10:testNumberDeserialization_add11:testNumberDeserialization_add18:testNumberDeserialization_add17:testNumberDeserializationnull19_failAssert0:testNumberDeserialization_literalMutationString4_failAssert0:testNumberDeserialization_literalMutationString2_failAssert0:testNumberDeserialization_literalMutationString8_failAssert0:testNumberDeserialization_literalMutationString1_failAssert0:testNumberDeserialization_literalMutationString6_failAssert0:testNumberDeserialization_literalMutationString3_failAssert0:testNumberDeserialization_literalMutationString5_failAssert0:testNumberDeserialization_literalMutationString7_failAssert0 
Parsing --class com.google.gson.functional.PrimitiveTest --tests testNumberDeserialization_literalMutationString9:testNumberDeserialization_add13:testNumberDeserialization_add14:testNumberDeserialization_add15:testNumberDeserialization_add16:testNumberDeserialization_add12:testNumberDeserialization_add10:testNumberDeserialization_add11:testNumberDeserialization_add18:testNumberDeserialization_add17:testNumberDeserializationnull19_failAssert0:testNumberDeserialization_literalMutationString4_failAssert0:testNumberDeserialization_literalMutationString2_failAssert0:testNumberDeserialization_literalMutationString8_failAssert0:testNumberDeserialization_literalMutationString1_failAssert0:testNumberDeserialization_literalMutationString6_failAssert0:testNumberDeserialization_literalMutationString3_failAssert0:testNumberDeserialization_literalMutationString5_failAssert0:testNumberDeserialization_literalMutationString7_failAssert0
File saved to the following path: /tmp/dspot-experiments/dataset/april-2019/gson_parent/gson/target/dspot/TestResult.ser
Loading /tmp/dspot-experiments/dataset/april-2019/gson_parent/gson/target/dspot/TestResult.ser
[INFO] Test has been run: testNumberDeserialization_literalMutationString7_failAssert0,testNumberDeserialization_literalMutationString6_failAssert0,testNumberDeserialization_literalMutationString5_failAssert0,testNumberDeserialization_literalMutationString9,testNumberDeserialization_literalMutationString4_failAssert0,testNumberDeserialization_literalMutationString3_failAssert0,testNumberDeserialization_literalMutationString2_failAssert0,testNumberDeserialization_add10,testNumberDeserialization_add11,testNumberDeserialization_add12,testNumberDeserialization_add13,testNumberDeserialization_add14,testNumberDeserialization_add15,testNumberDeserialization_add16,testNumberDeserialization_add17,testNumberDeserialization_add18,testNumberDeserialization_literalMutationString1_failAssert0,testNumberDeserializationnull19_failAssert0,testNumberDeserialization_literalMutationString8_failAssert0
[INFO] Assertion amplification: 19 test method(s) has been successfully amplified.
[WARN] 2019-04-29 13:12:02 Launcher - You specified the directory /tmp/dspot-experiments/dataset/april-2019/gson/gson/target/classes in source classpath, please note that only class files will be considered. Jars and subdirectories will be ignored.
[WARN] 2019-04-29 13:12:02 Launcher - You specified the directory /tmp/dspot-experiments/dataset/april-2019/gson/gson/target/test-classes in source classpath, please note that only class files will be considered. Jars and subdirectories will be ignored.
[WARN] 2019-04-29 13:12:02 Launcher - You specified the directory /tmp/dspot-experiments/dataset/april-2019/gson/gson/target/dspot/dependencies in source classpath, please note that only class files will be considered. Jars and subdirectories will be ignored.
[INFO] Run: java -classpath /tmp/dspot-experiments/dataset/april-2019/gson/gson/target/classes/:/tmp/dspot-experiments/dataset/april-2019/gson/gson/target/test-classes/:/home/spirals/danglot/.m2/repository/junit/junit/4.12/junit-4.12.jar:/home/spirals/danglot/.m2/repository/org/hamcrest/hamcrest-core/1.3/hamcrest-core-1.3.jar:/tmp/dspot-experiments/dataset/april-2019/gson/gson/target/dspot/dependencies/:/home/spirals/danglot/.m2/repository/eu/stamp-project/test-runner/2.0.7/test-runner-2.0.7-jar-with-dependencies.jar eu.stamp_project.testrunner.runner.JUnit4Runner --class com.google.gson.functional.PrimitiveTest --tests testNumberDeserialization_literalMutationString9:testNumberDeserialization_add13:testNumberDeserialization_add14:testNumberDeserialization_add15:testNumberDeserialization_add16:testNumberDeserialization_add12:testNumberDeserialization_add10:testNumberDeserialization_add11:testNumberDeserialization_add18:testNumberDeserialization_add17:testNumberDeserializationnull19_failAssert0:testNumberDeserialization_literalMutationString4_failAssert0:testNumberDeserialization_literalMutationString2_failAssert0:testNumberDeserialization_literalMutationString8_failAssert0:testNumberDeserialization_literalMutationString1_failAssert0:testNumberDeserialization_literalMutationString6_failAssert0:testNumberDeserialization_literalMutationString3_failAssert0:testNumberDeserialization_literalMutationString5_failAssert0:testNumberDeserialization_literalMutationString7_failAssert0 
Parsing --class com.google.gson.functional.PrimitiveTest --tests testNumberDeserialization_literalMutationString9:testNumberDeserialization_add13:testNumberDeserialization_add14:testNumberDeserialization_add15:testNumberDeserialization_add16:testNumberDeserialization_add12:testNumberDeserialization_add10:testNumberDeserialization_add11:testNumberDeserialization_add18:testNumberDeserialization_add17:testNumberDeserializationnull19_failAssert0:testNumberDeserialization_literalMutationString4_failAssert0:testNumberDeserialization_literalMutationString2_failAssert0:testNumberDeserialization_literalMutationString8_failAssert0:testNumberDeserialization_literalMutationString1_failAssert0:testNumberDeserialization_literalMutationString6_failAssert0:testNumberDeserialization_literalMutationString3_failAssert0:testNumberDeserialization_literalMutationString5_failAssert0:testNumberDeserialization_literalMutationString7_failAssert0
File saved to the following path: /tmp/dspot-experiments/dataset/april-2019/gson_parent/gson/target/dspot/TestResult.ser
Loading /tmp/dspot-experiments/dataset/april-2019/gson_parent/gson/target/dspot/TestResult.ser
[INFO] Test has been run: testNumberDeserialization_literalMutationString6_failAssert0,testNumberDeserialization_literalMutationString5_failAssert0,testNumberDeserialization_literalMutationString9,testNumberDeserialization_literalMutationString4_failAssert0,testNumberDeserialization_literalMutationString3_failAssert0,testNumberDeserialization_literalMutationString2_failAssert0,testNumberDeserialization_add10,testNumberDeserialization_add11,testNumberDeserialization_add12,testNumberDeserialization_add13,testNumberDeserialization_add14,testNumberDeserialization_add15,testNumberDeserialization_add16,testNumberDeserialization_add17,testNumberDeserialization_add18,testNumberDeserialization_literalMutationString1_failAssert0,testNumberDeserializationnull19_failAssert0,testNumberDeserialization_literalMutationString7_failAssert0(com.google.gson.functional.PrimitiveTest): null,testNumberDeserialization_literalMutationString8_failAssert0(com.google.gson.functional.PrimitiveTest): null
[INFO] 2 amplified test methods has been selected to be kept.
[INFO] 0 amplified test methods has been selected to be kept. (global: 2)
[INFO] elapsedTime 18365
[DEBUG] OPTIMIZATION: GC invoked
[WARN] 2019-04-29 13:12:03 Launcher - You specified the directory /tmp/dspot-experiments/dataset/april-2019/gson_parent/gson/target/classes in source classpath, please note that only class files will be considered. Jars and subdirectories will be ignored.
[WARN] 2019-04-29 13:12:03 Launcher - You specified the directory /tmp/dspot-experiments/dataset/april-2019/gson_parent/gson/target/test-classes in source classpath, please note that only class files will be considered. Jars and subdirectories will be ignored.
[WARN] 2019-04-29 13:12:03 Launcher - You specified the directory /tmp/dspot-experiments/dataset/april-2019/gson_parent/gson/target/dspot/dependencies in source classpath, please note that only class files will be considered. Jars and subdirectories will be ignored.
[INFO] Amplification of com.google.gson.JavaSerializationTest (1 test(s))
[INFO] Assertion amplification of com.google.gson.JavaSerializationTest (1 test(s))
[INFO] Using /tmp/dspot-experiments/dataset/april-2019/gson/gson/pom.xml to run maven.
[INFO] Using /home/spirals/danglot/apache-maven-3.5.4 for maven home
[INFO] run maven: /home/spirals/danglot/apache-maven-3.5.4/bin/mvn clean test -DskipTests
[WARN] Maven will be executed in interactive mode, but no input stream has been configured for this MavenInvoker instance.
[INFO] Scanning for projects...
[INFO] 
[INFO] ---------------------< com.google.code.gson:gson >----------------------
[INFO] Building Gson 2.8.1-SNAPSHOT
[INFO] --------------------------------[ jar ]---------------------------------
[INFO] 
[INFO] --- maven-clean-plugin:2.5:clean (default-clean) @ gson ---
[INFO] Deleting /tmp/dspot-experiments/dataset/april-2019/gson/gson/target
[INFO] 
[INFO] --- maven-enforcer-plugin:1.0:enforce (enforce-maven) @ gson ---
[INFO] Skipping Rule Enforcement.
[INFO] 
[INFO] --- maven-resources-plugin:2.6:resources (default-resources) @ gson ---
[INFO] Using 'UTF-8' encoding to copy filtered resources.
[INFO] skip non existing resourceDirectory /tmp/dspot-experiments/dataset/april-2019/gson/gson/src/main/resources
[INFO] 
[INFO] --- maven-compiler-plugin:3.0:compile (default-compile) @ gson ---
[INFO] Changes detected - recompiling the module!
[INFO] Compiling 67 source files to /tmp/dspot-experiments/dataset/april-2019/gson/gson/target/classes
[INFO] 
[INFO] --- bnd-maven-plugin:3.1.0:bnd-process (default) @ gson ---
[WARNING] Export com.google.gson,  has 1,  private references [com.google.gson.internal], 
[INFO] 
[INFO] --- maven-resources-plugin:2.6:testResources (default-testResources) @ gson ---
[INFO] Using 'UTF-8' encoding to copy filtered resources.
[INFO] skip non existing resourceDirectory /tmp/dspot-experiments/dataset/april-2019/gson/gson/src/test/resources
[INFO] 
[INFO] --- maven-compiler-plugin:3.0:testCompile (default-testCompile) @ gson ---
[INFO] Changes detected - recompiling the module!
[INFO] Compiling 95 source files to /tmp/dspot-experiments/dataset/april-2019/gson/gson/target/test-classes
[WARNING] /tmp/dspot-experiments/dataset/april-2019/gson/gson/src/test/java/com/google/gson/common/MoreAsserts.java: Some input files use or override a deprecated API.
[WARNING] /tmp/dspot-experiments/dataset/april-2019/gson/gson/src/test/java/com/google/gson/common/MoreAsserts.java: Recompile with -Xlint:deprecation for details.
[INFO] 
[INFO] --- maven-surefire-plugin:2.12.4:test (default-test) @ gson ---
[INFO] Tests are skipped.
[INFO] ------------------------------------------------------------------------
[INFO] BUILD SUCCESS
[INFO] ------------------------------------------------------------------------
[INFO] Total time: 6.100 s
[INFO] Finished at: 2019-04-29T13:12:11+02:00
[INFO] ------------------------------------------------------------------------
[INFO] Compiling with -proceedOnError -encoding UTF-8 -cp /tmp/dspot-experiments/dataset/april-2019/gson_parent/gson/target/dspot/tmp_test_sources:/home/spirals/danglot/.m2/repository/junit/junit/4.12/junit-4.12.jar:/home/spirals/danglot/.m2/repository/org/hamcrest/hamcrest-core/1.3/hamcrest-core-1.3.jar:/tmp/dspot-experiments/dataset/april-2019/gson_parent/gson/target/classes/:/tmp/dspot-experiments/dataset/april-2019/gson_parent/gson/target/test-classes/:/tmp/dspot-experiments/dataset/april-2019/gson_parent/gson/target/dspot/dependencies/: -d /tmp/dspot-experiments/dataset/april-2019/gson_parent/gson/target/test-classes -1.8 -preserveAllLocals -noExit -enableJavadoc -proc:none /tmp/dspot-experiments/dataset/april-2019/gson_parent/gson/target/dspot/tmp_test_sources/com/google/gson/JavaSerializationTest.java
[INFO] Run: java -classpath /tmp/dspot-experiments/dataset/april-2019/gson_parent/gson/target/test-classes:/tmp/dspot-experiments/dataset/april-2019/gson_parent/gson/target/classes/:/home/spirals/danglot/.m2/repository/junit/junit/4.12/junit-4.12.jar:/home/spirals/danglot/.m2/repository/org/hamcrest/hamcrest-core/1.3/hamcrest-core-1.3.jar:/tmp/dspot-experiments/dataset/april-2019/gson_parent/gson/target/dspot/dependencies/:/home/spirals/danglot/.m2/repository/eu/stamp-project/test-runner/2.0.7/test-runner-2.0.7-jar-with-dependencies.jar eu.stamp_project.testrunner.runner.JUnit4Runner --class com.google.gson.JavaSerializationTest --tests testNumberIsSerializable 
Parsing --class com.google.gson.JavaSerializationTest --tests testNumberIsSerializable
File saved to the following path: /tmp/dspot-experiments/dataset/april-2019/gson_parent/gson/target/dspot/TestResult.ser
Loading /tmp/dspot-experiments/dataset/april-2019/gson_parent/gson/target/dspot/TestResult.ser
[INFO] Test has been run: testNumberIsSerializable
[INFO] Run tests. (1)
[INFO] Compiling with -proceedOnError -encoding UTF-8 -cp /tmp/dspot-experiments/dataset/april-2019/gson_parent/gson/target/dspot/tmp_test_sources:/home/spirals/danglot/.m2/repository/junit/junit/4.12/junit-4.12.jar:/home/spirals/danglot/.m2/repository/org/hamcrest/hamcrest-core/1.3/hamcrest-core-1.3.jar:/tmp/dspot-experiments/dataset/april-2019/gson_parent/gson/target/classes/:/tmp/dspot-experiments/dataset/april-2019/gson_parent/gson/target/test-classes/:/tmp/dspot-experiments/dataset/april-2019/gson_parent/gson/target/dspot/dependencies/: -d /tmp/dspot-experiments/dataset/april-2019/gson_parent/gson/target/test-classes -1.8 -preserveAllLocals -noExit -enableJavadoc -proc:none /tmp/dspot-experiments/dataset/april-2019/gson_parent/gson/target/dspot/tmp_test_sources/com/google/gson/JavaSerializationTest.java
[INFO] Run: java -classpath /tmp/dspot-experiments/dataset/april-2019/gson_parent/gson/target/test-classes:/tmp/dspot-experiments/dataset/april-2019/gson_parent/gson/target/classes/:/home/spirals/danglot/.m2/repository/junit/junit/4.12/junit-4.12.jar:/home/spirals/danglot/.m2/repository/org/hamcrest/hamcrest-core/1.3/hamcrest-core-1.3.jar:/tmp/dspot-experiments/dataset/april-2019/gson_parent/gson/target/dspot/dependencies/:/home/spirals/danglot/.m2/repository/eu/stamp-project/test-runner/2.0.7/test-runner-2.0.7-jar-with-dependencies.jar eu.stamp_project.testrunner.runner.JUnit4Runner --class com.google.gson.JavaSerializationTest --tests testNumberIsSerializable 
Parsing --class com.google.gson.JavaSerializationTest --tests testNumberIsSerializable
File saved to the following path: /tmp/dspot-experiments/dataset/april-2019/gson_parent/gson/target/dspot/TestResult.ser
Loading /tmp/dspot-experiments/dataset/april-2019/gson_parent/gson/target/dspot/TestResult.ser
[INFO] Test has been run: testNumberIsSerializable
[INFO] 1 test pass, generating assertion...
[INFO] Add observations points in passing tests.
[INFO] Instrumentation...
100% |================================================== ]/
[INFO] Run instrumented tests. (3)
[INFO] Compiling with -proceedOnError -encoding UTF-8 -cp /tmp/dspot-experiments/dataset/april-2019/gson_parent/gson/target/dspot/tmp_test_sources:/home/spirals/danglot/.m2/repository/junit/junit/4.12/junit-4.12.jar:/home/spirals/danglot/.m2/repository/org/hamcrest/hamcrest-core/1.3/hamcrest-core-1.3.jar:/tmp/dspot-experiments/dataset/april-2019/gson_parent/gson/target/classes/:/tmp/dspot-experiments/dataset/april-2019/gson_parent/gson/target/test-classes/:/tmp/dspot-experiments/dataset/april-2019/gson_parent/gson/target/dspot/dependencies/: -d /tmp/dspot-experiments/dataset/april-2019/gson_parent/gson/target/test-classes -1.8 -preserveAllLocals -noExit -enableJavadoc -proc:none /tmp/dspot-experiments/dataset/april-2019/gson_parent/gson/target/dspot/tmp_test_sources/com/google/gson/JavaSerializationTest.java
[INFO] Run: java -classpath /tmp/dspot-experiments/dataset/april-2019/gson_parent/gson/target/test-classes:/tmp/dspot-experiments/dataset/april-2019/gson_parent/gson/target/classes/:/home/spirals/danglot/.m2/repository/junit/junit/4.12/junit-4.12.jar:/home/spirals/danglot/.m2/repository/org/hamcrest/hamcrest-core/1.3/hamcrest-core-1.3.jar:/tmp/dspot-experiments/dataset/april-2019/gson_parent/gson/target/dspot/dependencies/:/home/spirals/danglot/.m2/repository/eu/stamp-project/test-runner/2.0.7/test-runner-2.0.7-jar-with-dependencies.jar eu.stamp_project.testrunner.runner.JUnit4Runner --class com.google.gson.JavaSerializationTest --tests testNumberIsSerializable_withlog0:testNumberIsSerializable_withlog1:testNumberIsSerializable_withlog2 
Parsing --class com.google.gson.JavaSerializationTest --tests testNumberIsSerializable_withlog0:testNumberIsSerializable_withlog1:testNumberIsSerializable_withlog2
File saved to the following path: /tmp/dspot-experiments/dataset/april-2019/gson_parent/gson/target/dspot/observations.ser
File saved to the following path: /tmp/dspot-experiments/dataset/april-2019/gson_parent/gson/target/dspot/TestResult.ser
Loading /tmp/dspot-experiments/dataset/april-2019/gson_parent/gson/target/dspot/TestResult.ser
[INFO] Test has been run: testNumberIsSerializable,testNumberIsSerializable_withlog0,testNumberIsSerializable_withlog1,testNumberIsSerializable_withlog2,testMapIsSerializable,testListIsSerializable
[INFO] Generating assertions...
[INFO] 1 new tests with assertions generated
[INFO] Compiling with -proceedOnError -encoding UTF-8 -cp /tmp/dspot-experiments/dataset/april-2019/gson_parent/gson/target/dspot/tmp_test_sources:/home/spirals/danglot/.m2/repository/junit/junit/4.12/junit-4.12.jar:/home/spirals/danglot/.m2/repository/org/hamcrest/hamcrest-core/1.3/hamcrest-core-1.3.jar:/tmp/dspot-experiments/dataset/april-2019/gson_parent/gson/target/classes/:/tmp/dspot-experiments/dataset/april-2019/gson_parent/gson/target/test-classes/:/tmp/dspot-experiments/dataset/april-2019/gson_parent/gson/target/dspot/dependencies/: -d /tmp/dspot-experiments/dataset/april-2019/gson_parent/gson/target/test-classes -1.8 -preserveAllLocals -noExit -enableJavadoc -proc:none /tmp/dspot-experiments/dataset/april-2019/gson_parent/gson/target/dspot/tmp_test_sources/com/google/gson/JavaSerializationTest.java
[INFO] Run: java -classpath /tmp/dspot-experiments/dataset/april-2019/gson_parent/gson/target/test-classes:/tmp/dspot-experiments/dataset/april-2019/gson_parent/gson/target/classes/:/home/spirals/danglot/.m2/repository/junit/junit/4.12/junit-4.12.jar:/home/spirals/danglot/.m2/repository/org/hamcrest/hamcrest-core/1.3/hamcrest-core-1.3.jar:/tmp/dspot-experiments/dataset/april-2019/gson_parent/gson/target/dspot/dependencies/:/home/spirals/danglot/.m2/repository/eu/stamp-project/test-runner/2.0.7/test-runner-2.0.7-jar-with-dependencies.jar eu.stamp_project.testrunner.runner.JUnit4Runner --class com.google.gson.JavaSerializationTest --tests testNumberIsSerializable 
Parsing --class com.google.gson.JavaSerializationTest --tests testNumberIsSerializable
File saved to the following path: /tmp/dspot-experiments/dataset/april-2019/gson_parent/gson/target/dspot/TestResult.ser
Loading /tmp/dspot-experiments/dataset/april-2019/gson_parent/gson/target/dspot/TestResult.ser
[INFO] Test has been run: testNumberIsSerializable
[INFO] Assertion amplification: 1 test method(s) has been successfully amplified.
[WARN] 2019-04-29 13:12:13 Launcher - You specified the directory /tmp/dspot-experiments/dataset/april-2019/gson/gson/target/classes in source classpath, please note that only class files will be considered. Jars and subdirectories will be ignored.
[WARN] 2019-04-29 13:12:13 Launcher - You specified the directory /tmp/dspot-experiments/dataset/april-2019/gson/gson/target/test-classes in source classpath, please note that only class files will be considered. Jars and subdirectories will be ignored.
[WARN] 2019-04-29 13:12:13 Launcher - You specified the directory /tmp/dspot-experiments/dataset/april-2019/gson/gson/target/dspot/dependencies in source classpath, please note that only class files will be considered. Jars and subdirectories will be ignored.
[INFO] Run: java -classpath /tmp/dspot-experiments/dataset/april-2019/gson/gson/target/classes/:/tmp/dspot-experiments/dataset/april-2019/gson/gson/target/test-classes/:/home/spirals/danglot/.m2/repository/junit/junit/4.12/junit-4.12.jar:/home/spirals/danglot/.m2/repository/org/hamcrest/hamcrest-core/1.3/hamcrest-core-1.3.jar:/tmp/dspot-experiments/dataset/april-2019/gson/gson/target/dspot/dependencies/:/home/spirals/danglot/.m2/repository/eu/stamp-project/test-runner/2.0.7/test-runner-2.0.7-jar-with-dependencies.jar eu.stamp_project.testrunner.runner.JUnit4Runner --class com.google.gson.JavaSerializationTest --tests testNumberIsSerializable 
Parsing --class com.google.gson.JavaSerializationTest --tests testNumberIsSerializable
File saved to the following path: /tmp/dspot-experiments/dataset/april-2019/gson_parent/gson/target/dspot/TestResult.ser
Loading /tmp/dspot-experiments/dataset/april-2019/gson_parent/gson/target/dspot/TestResult.ser
[INFO] Test has been run: testNumberIsSerializable
[INFO] 0 amplified test methods has been selected to be kept. (global: 0)
[INFO] Applying Input-amplification and Assertion-amplification test by test.
[INFO] Amplification of testNumberIsSerializable, (1/1)
[INFO] iteration 0 / 1
[INFO] 1 tests selected to be amplified over 1 available tests
[INFO] Amplification of inputs...
[INFO] Time to amplify: 43ms
  0% | ]/[INFO] 33 new tests generated
[INFO] Run tests. (33)
[INFO] Compiling with -proceedOnError -encoding UTF-8 -cp /tmp/dspot-experiments/dataset/april-2019/gson_parent/gson/target/dspot/tmp_test_sources:/home/spirals/danglot/.m2/repository/junit/junit/4.12/junit-4.12.jar:/home/spirals/danglot/.m2/repository/org/hamcrest/hamcrest-core/1.3/hamcrest-core-1.3.jar:/tmp/dspot-experiments/dataset/april-2019/gson_parent/gson/target/classes/:/tmp/dspot-experiments/dataset/april-2019/gson_parent/gson/target/test-classes/:/tmp/dspot-experiments/dataset/april-2019/gson_parent/gson/target/dspot/dependencies/: -d /tmp/dspot-experiments/dataset/april-2019/gson_parent/gson/target/test-classes -1.8 -preserveAllLocals -noExit -enableJavadoc -proc:none /tmp/dspot-experiments/dataset/april-2019/gson_parent/gson/target/dspot/tmp_test_sources/com/google/gson/JavaSerializationTest.java
[ERROR] Error(s) during compilation:
[ERROR] Pb(102) The method fromJson(String, Type) is ambiguous for the type Gson
[INFO] Compiling with -proceedOnError -encoding UTF-8 -cp /tmp/dspot-experiments/dataset/april-2019/gson_parent/gson/target/dspot/tmp_test_sources:/home/spirals/danglot/.m2/repository/junit/junit/4.12/junit-4.12.jar:/home/spirals/danglot/.m2/repository/org/hamcrest/hamcrest-core/1.3/hamcrest-core-1.3.jar:/tmp/dspot-experiments/dataset/april-2019/gson_parent/gson/target/classes/:/tmp/dspot-experiments/dataset/april-2019/gson_parent/gson/target/test-classes/:/tmp/dspot-experiments/dataset/april-2019/gson_parent/gson/target/dspot/dependencies/: -d /tmp/dspot-experiments/dataset/april-2019/gson_parent/gson/target/test-classes -1.8 -preserveAllLocals -noExit -enableJavadoc -proc:none /tmp/dspot-experiments/dataset/april-2019/gson_parent/gson/target/dspot/tmp_test_sources/com/google/gson/JavaSerializationTest.java
[INFO] Run: java -classpath /tmp/dspot-experiments/dataset/april-2019/gson_parent/gson/target/test-classes:/tmp/dspot-experiments/dataset/april-2019/gson_parent/gson/target/classes/:/home/spirals/danglot/.m2/repository/junit/junit/4.12/junit-4.12.jar:/home/spirals/danglot/.m2/repository/org/hamcrest/hamcrest-core/1.3/hamcrest-core-1.3.jar:/tmp/dspot-experiments/dataset/april-2019/gson_parent/gson/target/dspot/dependencies/:/home/spirals/danglot/.m2/repository/eu/stamp-project/test-runner/2.0.7/test-runner-2.0.7-jar-with-dependencies.jar eu.stamp_project.testrunner.runner.JUnit4Runner --class com.google.gson.JavaSerializationTest --tests testNumberIsSerializable_remove30:testNumberIsSerializablenull32:testNumberIsSerializablenull33:testNumberIsSerializable_literalMutationNumber14:testNumberIsSerializable_literalMutationNumber11:testNumberIsSerializable_literalMutationNumber19:testNumberIsSerializable_literalMutationNumber9:testNumberIsSerializable_literalMutationNumber16:testNumberIsSerializable_literalMutationString4:testNumberIsSerializable_literalMutationString2:testNumberIsSerializable_literalMutationNumber7:testNumberIsSerializable_literalMutationNumber20:testNumberIsSerializable_literalMutationString3:testNumberIsSerializable_literalMutationNumber12:testNumberIsSerializable_literalMutationNumber13:testNumberIsSerializable_literalMutationNumber18:testNumberIsSerializable_literalMutationNumber8:testNumberIsSerializable_literalMutationString5:testNumberIsSerializable_literalMutationString6:testNumberIsSerializable_literalMutationNumber10:testNumberIsSerializable_literalMutationNumber17:testNumberIsSerializable_literalMutationNumber15:testNumberIsSerializable_literalMutationString1:testNumberIsSerializable_add25:testNumberIsSerializable_add29:testNumberIsSerializable_add24:testNumberIsSerializable_add28:testNumberIsSerializable_add27:testNumberIsSerializable_add26:testNumberIsSerializable_add22:testNumberIsSerializable_add23:testNumberIsSerializable_add21 
Parsing --class com.google.gson.JavaSerializationTest --tests testNumberIsSerializable_remove30:testNumberIsSerializablenull32:testNumberIsSerializablenull33:testNumberIsSerializable_literalMutationNumber14:testNumberIsSerializable_literalMutationNumber11:testNumberIsSerializable_literalMutationNumber19:testNumberIsSerializable_literalMutationNumber9:testNumberIsSerializable_literalMutationNumber16:testNumberIsSerializable_literalMutationString4:testNumberIsSerializable_literalMutationString2:testNumberIsSerializable_literalMutationNumber7:testNumberIsSerializable_literalMutationNumber20:testNumberIsSerializable_literalMutationString3:testNumberIsSerializable_literalMutationNumber12:testNumberIsSerializable_literalMutationNumber13:testNumberIsSerializable_literalMutationNumber18:testNumberIsSerializable_literalMutationNumber8:testNumberIsSerializable_literalMutationString5:testNumberIsSerializable_literalMutationString6:testNumberIsSerializable_literalMutationNumber10:testNumberIsSerializable_literalMutationNumber17:testNumberIsSerializable_literalMutationNumber15:testNumberIsSerializable_literalMutationString1:testNumberIsSerializable_add25:testNumberIsSerializable_add29:testNumberIsSerializable_add24:testNumberIsSerializable_add28:testNumberIsSerializable_add27:testNumberIsSerializable_add26:testNumberIsSerializable_add22:testNumberIsSerializable_add23:testNumberIsSerializable_add21
File saved to the following path: /tmp/dspot-experiments/dataset/april-2019/gson_parent/gson/target/dspot/TestResult.ser
Loading /tmp/dspot-experiments/dataset/april-2019/gson_parent/gson/target/dspot/TestResult.ser
[INFO] Test has been run: testNumberIsSerializable_literalMutationNumber7,testNumberIsSerializable_literalMutationNumber9,testNumberIsSerializable_literalMutationString3,testNumberIsSerializable_literalMutationNumber10,testNumberIsSerializable_literalMutationNumber11,testNumberIsSerializable_literalMutationNumber12,testNumberIsSerializable_literalMutationNumber13,testNumberIsSerializable_literalMutationNumber14,testNumberIsSerializable_literalMutationNumber15,testNumberIsSerializable_literalMutationNumber16,testNumberIsSerializable_literalMutationNumber18,testNumberIsSerializable_literalMutationNumber19,testNumberIsSerializable_add21,testNumberIsSerializable_add22,testNumberIsSerializable_add23,testNumberIsSerializable_add24,testNumberIsSerializable_add25,testNumberIsSerializable_add26,testNumberIsSerializable_add27,testNumberIsSerializable_add28,testNumberIsSerializable_add29,testNumberIsSerializable_remove30,testNumberIsSerializablenull32(com.google.gson.JavaSerializationTest): null,testNumberIsSerializablenull33(com.google.gson.JavaSerializationTest): null,testNumberIsSerializable_literalMutationNumber8(com.google.gson.JavaSerializationTest): -1,testNumberIsSerializable_literalMutationString1(com.google.gson.JavaSerializationTest): null,testNumberIsSerializable_literalMutationString2(com.google.gson.JavaSerializationTest): null,testNumberIsSerializable_literalMutationString4(com.google.gson.JavaSerializationTest): Expecting number, got: BEGIN_OBJECT,testNumberIsSerializable_literalMutationString5(com.google.gson.JavaSerializationTest): Expecting number, got: STRING,testNumberIsSerializable_literalMutationString6(com.google.gson.JavaSerializationTest): Expecting number, got: STRING,testNumberIsSerializable_literalMutationNumber17(com.google.gson.JavaSerializationTest): Index: 4, Size: 3,testNumberIsSerializable_literalMutationNumber20(com.google.gson.JavaSerializationTest): Index: 3, Size: 3
[INFO] 22 test pass, generating assertion...
[INFO] Add observations points in passing tests.
[INFO] Instrumentation...
  4% |== ]/  9% |==== ]- 13% |====== ]\ 18% |========= ]| 22% |=========== ]/ 27% |============= ]- 31% |=============== ]\ 36% |================== ]| 40% |==================== ]/ 45% |====================== ]- 50% |========================= ]\ 54% |=========================== ]| 59% |============================= ]/ 63% |=============================== ]- 68% |================================== ]\ 72% |==================================== ]| 77% |====================================== ]/ 81% |======================================== ]- 86% |=========================================== ]\ 90% |============================================= ]| 95% |=============================================== ]/100% |================================================== ]-
[INFO] Run instrumented tests. (66)
[INFO] Compiling with -proceedOnError -encoding UTF-8 -cp /tmp/dspot-experiments/dataset/april-2019/gson_parent/gson/target/dspot/tmp_test_sources:/home/spirals/danglot/.m2/repository/junit/junit/4.12/junit-4.12.jar:/home/spirals/danglot/.m2/repository/org/hamcrest/hamcrest-core/1.3/hamcrest-core-1.3.jar:/tmp/dspot-experiments/dataset/april-2019/gson_parent/gson/target/classes/:/tmp/dspot-experiments/dataset/april-2019/gson_parent/gson/target/test-classes/:/tmp/dspot-experiments/dataset/april-2019/gson_parent/gson/target/dspot/dependencies/: -d /tmp/dspot-experiments/dataset/april-2019/gson_parent/gson/target/test-classes -1.8 -preserveAllLocals -noExit -enableJavadoc -proc:none /tmp/dspot-experiments/dataset/april-2019/gson_parent/gson/target/dspot/tmp_test_sources/com/google/gson/JavaSerializationTest.java
[INFO] Run: java -classpath /tmp/dspot-experiments/dataset/april-2019/gson_parent/gson/target/test-classes:/tmp/dspot-experiments/dataset/april-2019/gson_parent/gson/target/classes/:/home/spirals/danglot/.m2/repository/junit/junit/4.12/junit-4.12.jar:/home/spirals/danglot/.m2/repository/org/hamcrest/hamcrest-core/1.3/hamcrest-core-1.3.jar:/tmp/dspot-experiments/dataset/april-2019/gson_parent/gson/target/dspot/dependencies/:/home/spirals/danglot/.m2/repository/eu/stamp-project/test-runner/2.0.7/test-runner-2.0.7-jar-with-dependencies.jar eu.stamp_project.testrunner.runner.JUnit4Runner --class com.google.gson.JavaSerializationTest --tests testNumberIsSerializable_remove30_withlog0:testNumberIsSerializable_literalMutationNumber14_withlog0:testNumberIsSerializable_literalMutationNumber11_withlog0:testNumberIsSerializable_literalMutationNumber19_withlog0:testNumberIsSerializable_literalMutationNumber9_withlog0:testNumberIsSerializable_literalMutationNumber16_withlog0:testNumberIsSerializable_literalMutationNumber7_withlog0:testNumberIsSerializable_literalMutationString3_withlog0:testNumberIsSerializable_literalMutationNumber12_withlog0:testNumberIsSerializable_literalMutationNumber13_withlog0:testNumberIsSerializable_literalMutationNumber18_withlog0:testNumberIsSerializable_literalMutationNumber10_withlog0:testNumberIsSerializable_literalMutationNumber15_withlog0:testNumberIsSerializable_add25_withlog0:testNumberIsSerializable_add29_withlog0:testNumberIsSerializable_add24_withlog0:testNumberIsSerializable_add28_withlog0:testNumberIsSerializable_add27_withlog0:testNumberIsSerializable_add26_withlog0:testNumberIsSerializable_add22_withlog0:testNumberIsSerializable_add23_withlog0:testNumberIsSerializable_add21_withlog0:testNumberIsSerializable_remove30_withlog1:testNumberIsSerializable_literalMutationNumber14_withlog1:testNumberIsSerializable_literalMutationNumber11_withlog1:testNumberIsSerializable_literalMutationNumber19_withlog1:testNumberIsSerializable_literalMutationNumber9_withlog1:testNumberIsSerializable_literalMutationNumber16_withlog1:testNumberIsSerializable_literalMutationNumber7_withlog1:testNumberIsSerializable_literalMutationString3_withlog1:testNumberIsSerializable_literalMutationNumber12_withlog1:testNumberIsSerializable_literalMutationNumber13_withlog1:testNumberIsSerializable_literalMutationNumber18_withlog1:testNumberIsSerializable_literalMutationNumber10_withlog1:testNumberIsSerializable_literalMutationNumber15_withlog1:testNumberIsSerializable_add25_withlog1:testNumberIsSerializable_add29_withlog1:testNumberIsSerializable_add24_withlog1:testNumberIsSerializable_add28_withlog1:testNumberIsSerializable_add27_withlog1:testNumberIsSerializable_add26_withlog1:testNumberIsSerializable_add22_withlog1:testNumberIsSerializable_add23_withlog1:testNumberIsSerializable_add21_withlog1:testNumberIsSerializable_remove30_withlog2:testNumberIsSerializable_literalMutationNumber14_withlog2:testNumberIsSerializable_literalMutationNumber11_withlog2:testNumberIsSerializable_literalMutationNumber19_withlog2:testNumberIsSerializable_literalMutationNumber9_withlog2:testNumberIsSerializable_literalMutationNumber16_withlog2:testNumberIsSerializable_literalMutationNumber7_withlog2:testNumberIsSerializable_literalMutationString3_withlog2:testNumberIsSerializable_literalMutationNumber12_withlog2:testNumberIsSerializable_literalMutationNumber13_withlog2:testNumberIsSerializable_literalMutationNumber18_withlog2:testNumberIsSerializable_literalMutationNumber10_withlog2:testNumberIsSerializable_literalMutationNumber15_withlog2:testNumberIsSerializable_add25_withlog2:testNumberIsSerializable_add29_withlog2:testNumberIsSerializable_add24_withlog2:testNumberIsSerializable_add28_withlog2:testNumberIsSerializable_add27_withlog2:testNumberIsSerializable_add26_withlog2:testNumberIsSerializable_add22_withlog2:testNumberIsSerializable_add23_withlog2:testNumberIsSerializable_add21_withlog2 
Parsing --class com.google.gson.JavaSerializationTest --tests testNumberIsSerializable_remove30_withlog0:testNumberIsSerializable_literalMutationNumber14_withlog0:testNumberIsSerializable_literalMutationNumber11_withlog0:testNumberIsSerializable_literalMutationNumber19_withlog0:testNumberIsSerializable_literalMutationNumber9_withlog0:testNumberIsSerializable_literalMutationNumber16_withlog0:testNumberIsSerializable_literalMutationNumber7_withlog0:testNumberIsSerializable_literalMutationString3_withlog0:testNumberIsSerializable_literalMutationNumber12_withlog0:testNumberIsSerializable_literalMutationNumber13_withlog0:testNumberIsSerializable_literalMutationNumber18_withlog0:testNumberIsSerializable_literalMutationNumber10_withlog0:testNumberIsSerializable_literalMutationNumber15_withlog0:testNumberIsSerializable_add25_withlog0:testNumberIsSerializable_add29_withlog0:testNumberIsSerializable_add24_withlog0:testNumberIsSerializable_add28_withlog0:testNumberIsSerializable_add27_withlog0:testNumberIsSerializable_add26_withlog0:testNumberIsSerializable_add22_withlog0:testNumberIsSerializable_add23_withlog0:testNumberIsSerializable_add21_withlog0:testNumberIsSerializable_remove30_withlog1:testNumberIsSerializable_literalMutationNumber14_withlog1:testNumberIsSerializable_literalMutationNumber11_withlog1:testNumberIsSerializable_literalMutationNumber19_withlog1:testNumberIsSerializable_literalMutationNumber9_withlog1:testNumberIsSerializable_literalMutationNumber16_withlog1:testNumberIsSerializable_literalMutationNumber7_withlog1:testNumberIsSerializable_literalMutationString3_withlog1:testNumberIsSerializable_literalMutationNumber12_withlog1:testNumberIsSerializable_literalMutationNumber13_withlog1:testNumberIsSerializable_literalMutationNumber18_withlog1:testNumberIsSerializable_literalMutationNumber10_withlog1:testNumberIsSerializable_literalMutationNumber15_withlog1:testNumberIsSerializable_add25_withlog1:testNumberIsSerializable_add29_withlog1:testNumberIsSerializable_add24_withlog1:testNumberIsSerializable_add28_withlog1:testNumberIsSerializable_add27_withlog1:testNumberIsSerializable_add26_withlog1:testNumberIsSerializable_add22_withlog1:testNumberIsSerializable_add23_withlog1:testNumberIsSerializable_add21_withlog1:testNumberIsSerializable_remove30_withlog2:testNumberIsSerializable_literalMutationNumber14_withlog2:testNumberIsSerializable_literalMutationNumber11_withlog2:testNumberIsSerializable_literalMutationNumber19_withlog2:testNumberIsSerializable_literalMutationNumber9_withlog2:testNumberIsSerializable_literalMutationNumber16_withlog2:testNumberIsSerializable_literalMutationNumber7_withlog2:testNumberIsSerializable_literalMutationString3_withlog2:testNumberIsSerializable_literalMutationNumber12_withlog2:testNumberIsSerializable_literalMutationNumber13_withlog2:testNumberIsSerializable_literalMutationNumber18_withlog2:testNumberIsSerializable_literalMutationNumber10_withlog2:testNumberIsSerializable_literalMutationNumber15_withlog2:testNumberIsSerializable_add25_withlog2:testNumberIsSerializable_add29_withlog2:testNumberIsSerializable_add24_withlog2:testNumberIsSerializable_add28_withlog2:testNumberIsSerializable_add27_withlog2:testNumberIsSerializable_add26_withlog2:testNumberIsSerializable_add22_withlog2:testNumberIsSerializable_add23_withlog2:testNumberIsSerializable_add21_withlog2
File saved to the following path: /tmp/dspot-experiments/dataset/april-2019/gson_parent/gson/target/dspot/observations.ser
File saved to the following path: /tmp/dspot-experiments/dataset/april-2019/gson_parent/gson/target/dspot/TestResult.ser
Loading /tmp/dspot-experiments/dataset/april-2019/gson_parent/gson/target/dspot/TestResult.ser
[INFO] Test has been run: testNumberIsSerializable,testNumberIsSerializable_literalMutationNumber19_withlog0,testNumberIsSerializable_literalMutationNumber19_withlog1,testNumberIsSerializable_literalMutationNumber19_withlog2,testNumberIsSerializable_literalMutationNumber7,testNumberIsSerializable_literalMutationNumber9,testNumberIsSerializable_literalMutationString3,testNumberIsSerializable_literalMutationNumber18_withlog0,testNumberIsSerializable_literalMutationNumber18_withlog1,testNumberIsSerializable_literalMutationNumber18_withlog2,testNumberIsSerializable_literalMutationNumber16_withlog0,testNumberIsSerializable_literalMutationNumber16_withlog1,testNumberIsSerializable_literalMutationNumber16_withlog2,testNumberIsSerializable_literalMutationNumber10,testNumberIsSerializable_literalMutationNumber11,testNumberIsSerializable_literalMutationNumber12,testNumberIsSerializable_literalMutationNumber13,testNumberIsSerializable_literalMutationNumber14,testNumberIsSerializable_literalMutationNumber15,testNumberIsSerializable_literalMutationNumber16,testNumberIsSerializable_literalMutationNumber18,testNumberIsSerializable_literalMutationNumber19,testNumberIsSerializable_literalMutationNumber15_withlog0,testNumberIsSerializable_literalMutationNumber15_withlog1,testNumberIsSerializable_literalMutationNumber15_withlog2,testNumberIsSerializable_literalMutationNumber14_withlog0,testNumberIsSerializable_literalMutationNumber14_withlog1,testNumberIsSerializable_literalMutationNumber14_withlog2,testNumberIsSerializable_literalMutationNumber13_withlog0,testNumberIsSerializable_literalMutationNumber13_withlog1,testNumberIsSerializable_literalMutationNumber13_withlog2,testNumberIsSerializable_literalMutationNumber12_withlog0,testNumberIsSerializable_literalMutationNumber12_withlog1,testNumberIsSerializable_literalMutationNumber12_withlog2,testNumberIsSerializable_literalMutationNumber11_withlog0,testNumberIsSerializable_literalMutationNumber11_withlog1,testNumberIsSerializable_literalMutationNumber11_withlog2,testNumberIsSerializable_literalMutationNumber9_withlog0,testNumberIsSerializable_literalMutationNumber9_withlog1,testNumberIsSerializable_literalMutationNumber9_withlog2,testNumberIsSerializable_literalMutationNumber10_withlog0,testNumberIsSerializable_literalMutationNumber10_withlog1,testNumberIsSerializable_literalMutationNumber10_withlog2,testNumberIsSerializable_add29_withlog0,testNumberIsSerializable_add29_withlog1,testNumberIsSerializable_add29_withlog2,testNumberIsSerializable_literalMutationNumber7_withlog0,testNumberIsSerializable_literalMutationNumber7_withlog1,testNumberIsSerializable_literalMutationNumber7_withlog2,testNumberIsSerializable_add28_withlog0,testNumberIsSerializable_add28_withlog1,testNumberIsSerializable_add28_withlog2,testNumberIsSerializable_literalMutationString3_withlog0,testNumberIsSerializable_literalMutationString3_withlog1,testNumberIsSerializable_literalMutationString3_withlog2,testNumberIsSerializable_add27_withlog0,testNumberIsSerializable_add27_withlog1,testNumberIsSerializable_add27_withlog2,testNumberIsSerializable_add26_withlog0,testNumberIsSerializable_add26_withlog1,testNumberIsSerializable_add26_withlog2,testNumberIsSerializable_add25_withlog0,testNumberIsSerializable_add25_withlog1,testNumberIsSerializable_add25_withlog2,testNumberIsSerializable_add24_withlog0,testNumberIsSerializable_add24_withlog1,testNumberIsSerializable_add24_withlog2,testNumberIsSerializable_add23_withlog0,testNumberIsSerializable_add23_withlog1,testNumberIsSerializable_add23_withlog2,testNumberIsSerializable_add22_withlog0,testNumberIsSerializable_add22_withlog1,testNumberIsSerializable_add22_withlog2,testNumberIsSerializable_remove30_withlog0,testNumberIsSerializable_remove30_withlog1,testNumberIsSerializable_remove30_withlog2,testNumberIsSerializable_add21_withlog0,testNumberIsSerializable_add21_withlog1,testNumberIsSerializable_add21_withlog2,testMapIsSerializable,testNumberIsSerializable_add21,testNumberIsSerializable_add22,testNumberIsSerializable_add23,testNumberIsSerializable_add24,testNumberIsSerializable_add25,testNumberIsSerializable_add26,testNumberIsSerializable_add27,testNumberIsSerializable_add28,testNumberIsSerializable_add29,testListIsSerializable,testNumberIsSerializable_remove30,testNumberIsSerializablenull32(com.google.gson.JavaSerializationTest): null,testNumberIsSerializablenull33(com.google.gson.JavaSerializationTest): null,testNumberIsSerializable_literalMutationNumber8(com.google.gson.JavaSerializationTest): -1,testNumberIsSerializable_literalMutationString1(com.google.gson.JavaSerializationTest): null,testNumberIsSerializable_literalMutationString2(com.google.gson.JavaSerializationTest): null,testNumberIsSerializable_literalMutationString4(com.google.gson.JavaSerializationTest): Expecting number, got: BEGIN_OBJECT,testNumberIsSerializable_literalMutationString5(com.google.gson.JavaSerializationTest): Expecting number, got: STRING,testNumberIsSerializable_literalMutationString6(com.google.gson.JavaSerializationTest): Expecting number, got: STRING,testNumberIsSerializable_literalMutationNumber17(com.google.gson.JavaSerializationTest): Index: 4, Size: 3,testNumberIsSerializable_literalMutationNumber20(com.google.gson.JavaSerializationTest): Index: 3, Size: 3
[WARNING] Some instrumented test failed!
[INFO] Generating assertions...
[INFO] 10 test fail, generating try/catch/fail blocks...
[INFO] 32 new tests with assertions generated
[INFO] Compiling with -proceedOnError -encoding UTF-8 -cp /tmp/dspot-experiments/dataset/april-2019/gson_parent/gson/target/dspot/tmp_test_sources:/home/spirals/danglot/.m2/repository/junit/junit/4.12/junit-4.12.jar:/home/spirals/danglot/.m2/repository/org/hamcrest/hamcrest-core/1.3/hamcrest-core-1.3.jar:/tmp/dspot-experiments/dataset/april-2019/gson_parent/gson/target/classes/:/tmp/dspot-experiments/dataset/april-2019/gson_parent/gson/target/test-classes/:/tmp/dspot-experiments/dataset/april-2019/gson_parent/gson/target/dspot/dependencies/: -d /tmp/dspot-experiments/dataset/april-2019/gson_parent/gson/target/test-classes -1.8 -preserveAllLocals -noExit -enableJavadoc -proc:none /tmp/dspot-experiments/dataset/april-2019/gson_parent/gson/target/dspot/tmp_test_sources/com/google/gson/JavaSerializationTest.java
[INFO] Run: java -classpath /tmp/dspot-experiments/dataset/april-2019/gson_parent/gson/target/test-classes:/tmp/dspot-experiments/dataset/april-2019/gson_parent/gson/target/classes/:/home/spirals/danglot/.m2/repository/junit/junit/4.12/junit-4.12.jar:/home/spirals/danglot/.m2/repository/org/hamcrest/hamcrest-core/1.3/hamcrest-core-1.3.jar:/tmp/dspot-experiments/dataset/april-2019/gson_parent/gson/target/dspot/dependencies/:/home/spirals/danglot/.m2/repository/eu/stamp-project/test-runner/2.0.7/test-runner-2.0.7-jar-with-dependencies.jar eu.stamp_project.testrunner.runner.JUnit4Runner --class com.google.gson.JavaSerializationTest --tests testNumberIsSerializable_remove30:testNumberIsSerializable_literalMutationNumber14:testNumberIsSerializable_literalMutationNumber11:testNumberIsSerializable_literalMutationNumber19:testNumberIsSerializable_literalMutationNumber9:testNumberIsSerializable_literalMutationNumber16:testNumberIsSerializable_literalMutationNumber7:testNumberIsSerializable_literalMutationString3:testNumberIsSerializable_literalMutationNumber12:testNumberIsSerializable_literalMutationNumber13:testNumberIsSerializable_literalMutationNumber18:testNumberIsSerializable_literalMutationNumber10:testNumberIsSerializable_literalMutationNumber15:testNumberIsSerializable_add25:testNumberIsSerializable_add29:testNumberIsSerializable_add24:testNumberIsSerializable_add28:testNumberIsSerializable_add27:testNumberIsSerializable_add26:testNumberIsSerializable_add22:testNumberIsSerializable_add23:testNumberIsSerializable_add21:testNumberIsSerializablenull32_failAssert0:testNumberIsSerializablenull33_failAssert0:testNumberIsSerializable_literalMutationString4_failAssert0:testNumberIsSerializable_literalMutationString2_failAssert0:testNumberIsSerializable_literalMutationNumber20_failAssert0:testNumberIsSerializable_literalMutationNumber8_failAssert0:testNumberIsSerializable_literalMutationString5_failAssert0:testNumberIsSerializable_literalMutationString6_failAssert0:testNumberIsSerializable_literalMutationNumber17_failAssert0:testNumberIsSerializable_literalMutationString1_failAssert0 
Parsing --class com.google.gson.JavaSerializationTest --tests testNumberIsSerializable_remove30:testNumberIsSerializable_literalMutationNumber14:testNumberIsSerializable_literalMutationNumber11:testNumberIsSerializable_literalMutationNumber19:testNumberIsSerializable_literalMutationNumber9:testNumberIsSerializable_literalMutationNumber16:testNumberIsSerializable_literalMutationNumber7:testNumberIsSerializable_literalMutationString3:testNumberIsSerializable_literalMutationNumber12:testNumberIsSerializable_literalMutationNumber13:testNumberIsSerializable_literalMutationNumber18:testNumberIsSerializable_literalMutationNumber10:testNumberIsSerializable_literalMutationNumber15:testNumberIsSerializable_add25:testNumberIsSerializable_add29:testNumberIsSerializable_add24:testNumberIsSerializable_add28:testNumberIsSerializable_add27:testNumberIsSerializable_add26:testNumberIsSerializable_add22:testNumberIsSerializable_add23:testNumberIsSerializable_add21:testNumberIsSerializablenull32_failAssert0:testNumberIsSerializablenull33_failAssert0:testNumberIsSerializable_literalMutationString4_failAssert0:testNumberIsSerializable_literalMutationString2_failAssert0:testNumberIsSerializable_literalMutationNumber20_failAssert0:testNumberIsSerializable_literalMutationNumber8_failAssert0:testNumberIsSerializable_literalMutationString5_failAssert0:testNumberIsSerializable_literalMutationString6_failAssert0:testNumberIsSerializable_literalMutationNumber17_failAssert0:testNumberIsSerializable_literalMutationString1_failAssert0
File saved to the following path: /tmp/dspot-experiments/dataset/april-2019/gson_parent/gson/target/dspot/TestResult.ser
Loading /tmp/dspot-experiments/dataset/april-2019/gson_parent/gson/target/dspot/TestResult.ser
[INFO] Test has been run: testNumberIsSerializablenull33_failAssert0,testNumberIsSerializable_literalMutationNumber7,testNumberIsSerializable_literalMutationNumber9,testNumberIsSerializable_literalMutationString3,testNumberIsSerializablenull32_failAssert0,testNumberIsSerializable_literalMutationString6_failAssert0,testNumberIsSerializable_literalMutationString5_failAssert0,testNumberIsSerializable_literalMutationNumber10,testNumberIsSerializable_literalMutationNumber11,testNumberIsSerializable_literalMutationNumber12,testNumberIsSerializable_literalMutationNumber13,testNumberIsSerializable_literalMutationNumber14,testNumberIsSerializable_literalMutationNumber15,testNumberIsSerializable_literalMutationNumber16,testNumberIsSerializable_literalMutationNumber18,testNumberIsSerializable_literalMutationNumber19,testNumberIsSerializable_literalMutationString4_failAssert0,testNumberIsSerializable_literalMutationString2_failAssert0,testNumberIsSerializable_literalMutationNumber17_failAssert0,testNumberIsSerializable_literalMutationString1_failAssert0,testNumberIsSerializable_literalMutationNumber8_failAssert0,testNumberIsSerializable_literalMutationNumber20_failAssert0,testNumberIsSerializable_add21,testNumberIsSerializable_add22,testNumberIsSerializable_add23,testNumberIsSerializable_add24,testNumberIsSerializable_add25,testNumberIsSerializable_add26,testNumberIsSerializable_add27,testNumberIsSerializable_add28,testNumberIsSerializable_add29,testNumberIsSerializable_remove30
[INFO] Assertion amplification: 32 test method(s) has been successfully amplified.
[WARN] 2019-04-29 13:12:18 Launcher - You specified the directory /tmp/dspot-experiments/dataset/april-2019/gson/gson/target/classes in source classpath, please note that only class files will be considered. Jars and subdirectories will be ignored.
[WARN] 2019-04-29 13:12:18 Launcher - You specified the directory /tmp/dspot-experiments/dataset/april-2019/gson/gson/target/test-classes in source classpath, please note that only class files will be considered. Jars and subdirectories will be ignored.
[WARN] 2019-04-29 13:12:18 Launcher - You specified the directory /tmp/dspot-experiments/dataset/april-2019/gson/gson/target/dspot/dependencies in source classpath, please note that only class files will be considered. Jars and subdirectories will be ignored.
[INFO] Run: java -classpath /tmp/dspot-experiments/dataset/april-2019/gson/gson/target/classes/:/tmp/dspot-experiments/dataset/april-2019/gson/gson/target/test-classes/:/home/spirals/danglot/.m2/repository/junit/junit/4.12/junit-4.12.jar:/home/spirals/danglot/.m2/repository/org/hamcrest/hamcrest-core/1.3/hamcrest-core-1.3.jar:/tmp/dspot-experiments/dataset/april-2019/gson/gson/target/dspot/dependencies/:/home/spirals/danglot/.m2/repository/eu/stamp-project/test-runner/2.0.7/test-runner-2.0.7-jar-with-dependencies.jar eu.stamp_project.testrunner.runner.JUnit4Runner --class com.google.gson.JavaSerializationTest --tests testNumberIsSerializable_remove30:testNumberIsSerializable_literalMutationNumber14:testNumberIsSerializable_literalMutationNumber11:testNumberIsSerializable_literalMutationNumber19:testNumberIsSerializable_literalMutationNumber9:testNumberIsSerializable_literalMutationNumber16:testNumberIsSerializable_literalMutationNumber7:testNumberIsSerializable_literalMutationString3:testNumberIsSerializable_literalMutationNumber12:testNumberIsSerializable_literalMutationNumber13:testNumberIsSerializable_literalMutationNumber18:testNumberIsSerializable_literalMutationNumber10:testNumberIsSerializable_literalMutationNumber15:testNumberIsSerializable_add25:testNumberIsSerializable_add29:testNumberIsSerializable_add24:testNumberIsSerializable_add28:testNumberIsSerializable_add27:testNumberIsSerializable_add26:testNumberIsSerializable_add22:testNumberIsSerializable_add23:testNumberIsSerializable_add21:testNumberIsSerializablenull32_failAssert0:testNumberIsSerializablenull33_failAssert0:testNumberIsSerializable_literalMutationString4_failAssert0:testNumberIsSerializable_literalMutationString2_failAssert0:testNumberIsSerializable_literalMutationNumber20_failAssert0:testNumberIsSerializable_literalMutationNumber8_failAssert0:testNumberIsSerializable_literalMutationString5_failAssert0:testNumberIsSerializable_literalMutationString6_failAssert0:testNumberIsSerializable_literalMutationNumber17_failAssert0:testNumberIsSerializable_literalMutationString1_failAssert0 
Parsing --class com.google.gson.JavaSerializationTest --tests testNumberIsSerializable_remove30:testNumberIsSerializable_literalMutationNumber14:testNumberIsSerializable_literalMutationNumber11:testNumberIsSerializable_literalMutationNumber19:testNumberIsSerializable_literalMutationNumber9:testNumberIsSerializable_literalMutationNumber16:testNumberIsSerializable_literalMutationNumber7:testNumberIsSerializable_literalMutationString3:testNumberIsSerializable_literalMutationNumber12:testNumberIsSerializable_literalMutationNumber13:testNumberIsSerializable_literalMutationNumber18:testNumberIsSerializable_literalMutationNumber10:testNumberIsSerializable_literalMutationNumber15:testNumberIsSerializable_add25:testNumberIsSerializable_add29:testNumberIsSerializable_add24:testNumberIsSerializable_add28:testNumberIsSerializable_add27:testNumberIsSerializable_add26:testNumberIsSerializable_add22:testNumberIsSerializable_add23:testNumberIsSerializable_add21:testNumberIsSerializablenull32_failAssert0:testNumberIsSerializablenull33_failAssert0:testNumberIsSerializable_literalMutationString4_failAssert0:testNumberIsSerializable_literalMutationString2_failAssert0:testNumberIsSerializable_literalMutationNumber20_failAssert0:testNumberIsSerializable_literalMutationNumber8_failAssert0:testNumberIsSerializable_literalMutationString5_failAssert0:testNumberIsSerializable_literalMutationString6_failAssert0:testNumberIsSerializable_literalMutationNumber17_failAssert0:testNumberIsSerializable_literalMutationString1_failAssert0
File saved to the following path: /tmp/dspot-experiments/dataset/april-2019/gson_parent/gson/target/dspot/TestResult.ser
Loading /tmp/dspot-experiments/dataset/april-2019/gson_parent/gson/target/dspot/TestResult.ser
[INFO] Test has been run: testNumberIsSerializablenull33_failAssert0,testNumberIsSerializable_literalMutationNumber7,testNumberIsSerializable_literalMutationNumber9,testNumberIsSerializable_literalMutationString3,testNumberIsSerializablenull32_failAssert0,testNumberIsSerializable_literalMutationNumber10,testNumberIsSerializable_literalMutationNumber11,testNumberIsSerializable_literalMutationNumber12,testNumberIsSerializable_literalMutationNumber13,testNumberIsSerializable_literalMutationNumber14,testNumberIsSerializable_literalMutationNumber15,testNumberIsSerializable_literalMutationNumber16,testNumberIsSerializable_literalMutationNumber18,testNumberIsSerializable_literalMutationNumber19,testNumberIsSerializable_literalMutationString4_failAssert0,testNumberIsSerializable_literalMutationString2_failAssert0,testNumberIsSerializable_literalMutationNumber17_failAssert0,testNumberIsSerializable_literalMutationString1_failAssert0,testNumberIsSerializable_literalMutationNumber8_failAssert0,testNumberIsSerializable_literalMutationNumber20_failAssert0,testNumberIsSerializable_add21,testNumberIsSerializable_add22,testNumberIsSerializable_add23,testNumberIsSerializable_add24,testNumberIsSerializable_add25,testNumberIsSerializable_add26,testNumberIsSerializable_add27,testNumberIsSerializable_add28,testNumberIsSerializable_add29,testNumberIsSerializable_remove30,testNumberIsSerializable_literalMutationString6_failAssert0(com.google.gson.JavaSerializationTest): null,testNumberIsSerializable_literalMutationString5_failAssert0(com.google.gson.JavaSerializationTest): null
[INFO] 2 amplified test methods has been selected to be kept.
[INFO] 0 amplified test methods has been selected to be kept. (global: 2)
[INFO] elapsedTime 15084
[DEBUG] OPTIMIZATION: GC invoked
[WARN] 2019-04-29 13:12:19 Launcher - You specified the directory /tmp/dspot-experiments/dataset/april-2019/gson_parent/gson/target/classes in source classpath, please note that only class files will be considered. Jars and subdirectories will be ignored.
[WARN] 2019-04-29 13:12:19 Launcher - You specified the directory /tmp/dspot-experiments/dataset/april-2019/gson_parent/gson/target/test-classes in source classpath, please note that only class files will be considered. Jars and subdirectories will be ignored.
[WARN] 2019-04-29 13:12:19 Launcher - You specified the directory /tmp/dspot-experiments/dataset/april-2019/gson_parent/gson/target/dspot/dependencies in source classpath, please note that only class files will be considered. Jars and subdirectories will be ignored.
[INFO] Amplification succeed.
[INFO] Elapsed time 35531 ms
[INFO] 
2 amplified test fails on the new versions.
testNumberDeserialization_literalMutationString7_failAssert0(com.google.gson.functional.PrimitiveTest): null
testNumberDeserialization_literalMutationString8_failAssert0(com.google.gson.functional.PrimitiveTest): nulljava.lang.NumberFormatException
	at java.math.BigDecimal.<init>(BigDecimal.java:494)
	at java.math.BigDecimal.<init>(BigDecimal.java:383)
	at java.math.BigDecimal.<init>(BigDecimal.java:806)
	at com.google.gson.internal.LazilyParsedNumber.longValue(LazilyParsedNumber.java:52)
	at com.google.gson.functional.PrimitiveTest.testNumberDeserialization_literalMutationString7_failAssert0(PrimitiveTest.java:538)
	at sun.reflect.NativeMethodAccessorImpl.invoke0(Native Method)
	at sun.reflect.NativeMethodAccessorImpl.invoke(NativeMethodAccessorImpl.java:62)
	at sun.reflect.DelegatingMethodAccessorImpl.invoke(DelegatingMethodAccessorImpl.java:43)
	at java.lang.reflect.Method.invoke(Method.java:498)
	at junit.framework.TestCase.runTest(TestCase.java:176)
	at junit.framework.TestCase.runBare(TestCase.java:141)
	at junit.framework.TestResult$1.protect(TestResult.java:122)
	at junit.framework.TestResult.runProtected(TestResult.java:142)
	at junit.framework.TestResult.run(TestResult.java:125)
	at junit.framework.TestCase.run(TestCase.java:129)
	at junit.framework.TestSuite.runTest(TestSuite.java:252)
	at junit.framework.TestSuite.run(TestSuite.java:247)
	at org.junit.internal.runners.JUnit38ClassRunner.run(JUnit38ClassRunner.java:86)
	at org.junit.runners.Suite.runChild(Suite.java:128)
	at org.junit.runners.Suite.runChild(Suite.java:27)
	at org.junit.runners.ParentRunner$3.run(ParentRunner.java:290)
	at org.junit.runners.ParentRunner$1.schedule(ParentRunner.java:71)
	at org.junit.runners.ParentRunner.runChildren(ParentRunner.java:288)
	at org.junit.runners.ParentRunner.access$000(ParentRunner.java:58)
	at org.junit.runners.ParentRunner$2.evaluate(ParentRunner.java:268)
	at org.junit.runners.ParentRunner.run(ParentRunner.java:363)
	at eu.stamp_project.testrunner.runner.JUnit4Runner.run(JUnit4Runner.java:63)
	at eu.stamp_project.testrunner.runner.JUnit4Runner.main(JUnit4Runner.java:27)
java.lang.NumberFormatException
	at java.math.BigDecimal.<init>(BigDecimal.java:494)
	at java.math.BigDecimal.<init>(BigDecimal.java:383)
	at java.math.BigDecimal.<init>(BigDecimal.java:806)
	at com.google.gson.internal.LazilyParsedNumber.longValue(LazilyParsedNumber.java:52)
	at com.google.gson.functional.PrimitiveTest.testNumberDeserialization_literalMutationString8_failAssert0(PrimitiveTest.java:433)
	at sun.reflect.NativeMethodAccessorImpl.invoke0(Native Method)
	at sun.reflect.NativeMethodAccessorImpl.invoke(NativeMethodAccessorImpl.java:62)
	at sun.reflect.DelegatingMethodAccessorImpl.invoke(DelegatingMethodAccessorImpl.java:43)
	at java.lang.reflect.Method.invoke(Method.java:498)
	at junit.framework.TestCase.runTest(TestCase.java:176)
	at junit.framework.TestCase.runBare(TestCase.java:141)
	at junit.framework.TestResult$1.protect(TestResult.java:122)
	at junit.framework.TestResult.runProtected(TestResult.java:142)
	at junit.framework.TestResult.run(TestResult.java:125)
	at junit.framework.TestCase.run(TestCase.java:129)
	at junit.framework.TestSuite.runTest(TestSuite.java:252)
	at junit.framework.TestSuite.run(TestSuite.java:247)
	at org.junit.internal.runners.JUnit38ClassRunner.run(JUnit38ClassRunner.java:86)
	at org.junit.runners.Suite.runChild(Suite.java:128)
	at org.junit.runners.Suite.runChild(Suite.java:27)
	at org.junit.runners.ParentRunner$3.run(ParentRunner.java:290)
	at org.junit.runners.ParentRunner$1.schedule(ParentRunner.java:71)
	at org.junit.runners.ParentRunner.runChildren(ParentRunner.java:288)
	at org.junit.runners.ParentRunner.access$000(ParentRunner.java:58)
	at org.junit.runners.ParentRunner$2.evaluate(ParentRunner.java:268)
	at org.junit.runners.ParentRunner.run(ParentRunner.java:363)
	at eu.stamp_project.testrunner.runner.JUnit4Runner.run(JUnit4Runner.java:63)
	at eu.stamp_project.testrunner.runner.JUnit4Runner.main(JUnit4Runner.java:27)

2 amplified test fails on the new versions.
testNumberIsSerializable_literalMutationString6_failAssert0(com.google.gson.JavaSerializationTest): null
testNumberIsSerializable_literalMutationString5_failAssert0(com.google.gson.JavaSerializationTest): nulljava.lang.NumberFormatException
	at java.math.BigDecimal.<init>(BigDecimal.java:494)
	at java.math.BigDecimal.<init>(BigDecimal.java:383)
	at java.math.BigDecimal.<init>(BigDecimal.java:806)
	at com.google.gson.internal.LazilyParsedNumber.writeReplace(LazilyParsedNumber.java:77)
	at sun.reflect.NativeMethodAccessorImpl.invoke0(Native Method)
	at sun.reflect.NativeMethodAccessorImpl.invoke(NativeMethodAccessorImpl.java:62)
	at sun.reflect.DelegatingMethodAccessorImpl.invoke(DelegatingMethodAccessorImpl.java:43)
	at java.lang.reflect.Method.invoke(Method.java:498)
	at java.io.ObjectStreamClass.invokeWriteReplace(ObjectStreamClass.java:1118)
	at java.io.ObjectOutputStream.writeObject0(ObjectOutputStream.java:1136)
	at java.io.ObjectOutputStream.writeObject(ObjectOutputStream.java:348)
	at java.util.ArrayList.writeObject(ArrayList.java:762)
	at sun.reflect.NativeMethodAccessorImpl.invoke0(Native Method)
	at sun.reflect.NativeMethodAccessorImpl.invoke(NativeMethodAccessorImpl.java:62)
	at sun.reflect.DelegatingMethodAccessorImpl.invoke(DelegatingMethodAccessorImpl.java:43)
	at java.lang.reflect.Method.invoke(Method.java:498)
	at java.io.ObjectStreamClass.invokeWriteObject(ObjectStreamClass.java:1028)
	at java.io.ObjectOutputStream.writeSerialData(ObjectOutputStream.java:1496)
	at java.io.ObjectOutputStream.writeOrdinaryObject(ObjectOutputStream.java:1432)
	at java.io.ObjectOutputStream.writeObject0(ObjectOutputStream.java:1178)
	at java.io.ObjectOutputStream.writeObject(ObjectOutputStream.java:348)
	at com.google.gson.JavaSerializationTest.serializedCopy(JavaSerializationTest.java:490)
	at com.google.gson.JavaSerializationTest.testNumberIsSerializable_literalMutationString6_failAssert0(JavaSerializationTest.java:448)
	at sun.reflect.NativeMethodAccessorImpl.invoke0(Native Method)
	at sun.reflect.NativeMethodAccessorImpl.invoke(NativeMethodAccessorImpl.java:62)
	at sun.reflect.DelegatingMethodAccessorImpl.invoke(DelegatingMethodAccessorImpl.java:43)
	at java.lang.reflect.Method.invoke(Method.java:498)
	at junit.framework.TestCase.runTest(TestCase.java:176)
	at junit.framework.TestCase.runBare(TestCase.java:141)
	at junit.framework.TestResult$1.protect(TestResult.java:122)
	at junit.framework.TestResult.runProtected(TestResult.java:142)
	at junit.framework.TestResult.run(TestResult.java:125)
	at junit.framework.TestCase.run(TestCase.java:129)
	at junit.framework.TestSuite.runTest(TestSuite.java:252)
	at junit.framework.TestSuite.run(TestSuite.java:247)
	at org.junit.internal.runners.JUnit38ClassRunner.run(JUnit38ClassRunner.java:86)
	at org.junit.runners.Suite.runChild(Suite.java:128)
	at org.junit.runners.Suite.runChild(Suite.java:27)
	at org.junit.runners.ParentRunner$3.run(ParentRunner.java:290)
	at org.junit.runners.ParentRunner$1.schedule(ParentRunner.java:71)
	at org.junit.runners.ParentRunner.runChildren(ParentRunner.java:288)
	at org.junit.runners.ParentRunner.access$000(ParentRunner.java:58)
	at org.junit.runners.ParentRunner$2.evaluate(ParentRunner.java:268)
	at org.junit.runners.ParentRunner.run(ParentRunner.java:363)
	at eu.stamp_project.testrunner.runner.JUnit4Runner.run(JUnit4Runner.java:63)
	at eu.stamp_project.testrunner.runner.JUnit4Runner.main(JUnit4Runner.java:27)
java.lang.NumberFormatException
	at java.math.BigDecimal.<init>(BigDecimal.java:494)
	at java.math.BigDecimal.<init>(BigDecimal.java:383)
	at java.math.BigDecimal.<init>(BigDecimal.java:806)
	at com.google.gson.internal.LazilyParsedNumber.writeReplace(LazilyParsedNumber.java:77)
	at sun.reflect.NativeMethodAccessorImpl.invoke0(Native Method)
	at sun.reflect.NativeMethodAccessorImpl.invoke(NativeMethodAccessorImpl.java:62)
	at sun.reflect.DelegatingMethodAccessorImpl.invoke(DelegatingMethodAccessorImpl.java:43)
	at java.lang.reflect.Method.invoke(Method.java:498)
	at java.io.ObjectStreamClass.invokeWriteReplace(ObjectStreamClass.java:1118)
	at java.io.ObjectOutputStream.writeObject0(ObjectOutputStream.java:1136)
	at java.io.ObjectOutputStream.writeObject(ObjectOutputStream.java:348)
	at java.util.ArrayList.writeObject(ArrayList.java:762)
	at sun.reflect.NativeMethodAccessorImpl.invoke0(Native Method)
	at sun.reflect.NativeMethodAccessorImpl.invoke(NativeMethodAccessorImpl.java:62)
	at sun.reflect.DelegatingMethodAccessorImpl.invoke(DelegatingMethodAccessorImpl.java:43)
	at java.lang.reflect.Method.invoke(Method.java:498)
	at java.io.ObjectStreamClass.invokeWriteObject(ObjectStreamClass.java:1028)
	at java.io.ObjectOutputStream.writeSerialData(ObjectOutputStream.java:1496)
	at java.io.ObjectOutputStream.writeOrdinaryObject(ObjectOutputStream.java:1432)
	at java.io.ObjectOutputStream.writeObject0(ObjectOutputStream.java:1178)
	at java.io.ObjectOutputStream.writeObject(ObjectOutputStream.java:348)
	at com.google.gson.JavaSerializationTest.serializedCopy(JavaSerializationTest.java:490)
	at com.google.gson.JavaSerializationTest.testNumberIsSerializable_literalMutationString5_failAssert0(JavaSerializationTest.java:434)
	at sun.reflect.NativeMethodAccessorImpl.invoke0(Native Method)
	at sun.reflect.NativeMethodAccessorImpl.invoke(NativeMethodAccessorImpl.java:62)
	at sun.reflect.DelegatingMethodAccessorImpl.invoke(DelegatingMethodAccessorImpl.java:43)
	at java.lang.reflect.Method.invoke(Method.java:498)
	at junit.framework.TestCase.runTest(TestCase.java:176)
	at junit.framework.TestCase.runBare(TestCase.java:141)
	at junit.framework.TestResult$1.protect(TestResult.java:122)
	at junit.framework.TestResult.runProtected(TestResult.java:142)
	at junit.framework.TestResult.run(TestResult.java:125)
	at junit.framework.TestCase.run(TestCase.java:129)
	at junit.framework.TestSuite.runTest(TestSuite.java:252)
	at junit.framework.TestSuite.run(TestSuite.java:247)
	at org.junit.internal.runners.JUnit38ClassRunner.run(JUnit38ClassRunner.java:86)
	at org.junit.runners.Suite.runChild(Suite.java:128)
	at org.junit.runners.Suite.runChild(Suite.java:27)
	at org.junit.runners.ParentRunner$3.run(ParentRunner.java:290)
	at org.junit.runners.ParentRunner$1.schedule(ParentRunner.java:71)
	at org.junit.runners.ParentRunner.runChildren(ParentRunner.java:288)
	at org.junit.runners.ParentRunner.access$000(ParentRunner.java:58)
	at org.junit.runners.ParentRunner$2.evaluate(ParentRunner.java:268)
	at org.junit.runners.ParentRunner.run(ParentRunner.java:363)
	at eu.stamp_project.testrunner.runner.JUnit4Runner.run(JUnit4Runner.java:63)
	at eu.stamp_project.testrunner.runner.JUnit4Runner.main(JUnit4Runner.java:27)

[INFO] Writing report in /tmp/dspot-experiments/results/april-2019/gson/commit_8_44cad04/input_amplification/1/report.txt
[INFO] DSpot amplified your test suite without errors. (no errors report will be outputted)
[INFO] The amplification ends up with 4 amplified test methods over 2 test classes.
[INFO] Print com.google.gson.functional.AmplPrimitiveTest.java with 2 amplified test cases in /tmp/dspot-experiments/results/april-2019/gson/commit_8_44cad04/input_amplification/1
[INFO] Print com.google.gson.AmplJavaSerializationTest.java with 2 amplified test cases in /tmp/dspot-experiments/results/april-2019/gson/commit_8_44cad04/input_amplification/1
[INFO] ------------------------------------------------------------------------
[INFO] BUILD SUCCESS
[INFO] ------------------------------------------------------------------------
[INFO] Total time: 52.387 s
[INFO] Finished at: 2019-04-29T13:12:19+02:00
[INFO] ------------------------------------------------------------------------
