Apache Maven 3.5.4 (1edded0938998edf8bf061f1ceb3cfdeccf443fe; 2018-06-17T20:33:14+02:00)
Maven home: /home/spirals/danglot/apache-maven-3.5.4
Java version: 1.8.0_121, vendor: Oracle Corporation, runtime: /home/spirals/danglot/jdk1.8.0_121/jre
Default locale: en_US, platform encoding: ANSI_X3.4-1968
OS name: "linux", version: "3.16.0-4-amd64", arch: "amd64", family: "unix"
[DEBUG] Created new class realm maven.api
[DEBUG] Importing foreign packages into class realm maven.api
[DEBUG]   Imported: javax.annotation.* < plexus.core
[DEBUG]   Imported: javax.annotation.security.* < plexus.core
[DEBUG]   Imported: javax.enterprise.inject.* < plexus.core
[DEBUG]   Imported: javax.enterprise.util.* < plexus.core
[DEBUG]   Imported: javax.inject.* < plexus.core
[DEBUG]   Imported: org.apache.maven.* < plexus.core
[DEBUG]   Imported: org.apache.maven.artifact < plexus.core
[DEBUG]   Imported: org.apache.maven.classrealm < plexus.core
[DEBUG]   Imported: org.apache.maven.cli < plexus.core
[DEBUG]   Imported: org.apache.maven.configuration < plexus.core
[DEBUG]   Imported: org.apache.maven.exception < plexus.core
[DEBUG]   Imported: org.apache.maven.execution < plexus.core
[DEBUG]   Imported: org.apache.maven.execution.scope < plexus.core
[DEBUG]   Imported: org.apache.maven.lifecycle < plexus.core
[DEBUG]   Imported: org.apache.maven.model < plexus.core
[DEBUG]   Imported: org.apache.maven.monitor < plexus.core
[DEBUG]   Imported: org.apache.maven.plugin < plexus.core
[DEBUG]   Imported: org.apache.maven.profiles < plexus.core
[DEBUG]   Imported: org.apache.maven.project < plexus.core
[DEBUG]   Imported: org.apache.maven.reporting < plexus.core
[DEBUG]   Imported: org.apache.maven.repository < plexus.core
[DEBUG]   Imported: org.apache.maven.rtinfo < plexus.core
[DEBUG]   Imported: org.apache.maven.settings < plexus.core
[DEBUG]   Imported: org.apache.maven.toolchain < plexus.core
[DEBUG]   Imported: org.apache.maven.usability < plexus.core
[DEBUG]   Imported: org.apache.maven.wagon.* < plexus.core
[DEBUG]   Imported: org.apache.maven.wagon.authentication < plexus.core
[DEBUG]   Imported: org.apache.maven.wagon.authorization < plexus.core
[DEBUG]   Imported: org.apache.maven.wagon.events < plexus.core
[DEBUG]   Imported: org.apache.maven.wagon.observers < plexus.core
[DEBUG]   Imported: org.apache.maven.wagon.proxy < plexus.core
[DEBUG]   Imported: org.apache.maven.wagon.repository < plexus.core
[DEBUG]   Imported: org.apache.maven.wagon.resource < plexus.core
[DEBUG]   Imported: org.codehaus.classworlds < plexus.core
[DEBUG]   Imported: org.codehaus.plexus.* < plexus.core
[DEBUG]   Imported: org.codehaus.plexus.classworlds < plexus.core
[DEBUG]   Imported: org.codehaus.plexus.component < plexus.core
[DEBUG]   Imported: org.codehaus.plexus.configuration < plexus.core
[DEBUG]   Imported: org.codehaus.plexus.container < plexus.core
[DEBUG]   Imported: org.codehaus.plexus.context < plexus.core
[DEBUG]   Imported: org.codehaus.plexus.lifecycle < plexus.core
[DEBUG]   Imported: org.codehaus.plexus.logging < plexus.core
[DEBUG]   Imported: org.codehaus.plexus.personality < plexus.core
[DEBUG]   Imported: org.codehaus.plexus.util.xml.Xpp3Dom < plexus.core
[DEBUG]   Imported: org.codehaus.plexus.util.xml.pull.XmlPullParser < plexus.core
[DEBUG]   Imported: org.codehaus.plexus.util.xml.pull.XmlPullParserException < plexus.core
[DEBUG]   Imported: org.codehaus.plexus.util.xml.pull.XmlSerializer < plexus.core
[DEBUG]   Imported: org.eclipse.aether.* < plexus.core
[DEBUG]   Imported: org.eclipse.aether.artifact < plexus.core
[DEBUG]   Imported: org.eclipse.aether.collection < plexus.core
[DEBUG]   Imported: org.eclipse.aether.deployment < plexus.core
[DEBUG]   Imported: org.eclipse.aether.graph < plexus.core
[DEBUG]   Imported: org.eclipse.aether.impl < plexus.core
[DEBUG]   Imported: org.eclipse.aether.installation < plexus.core
[DEBUG]   Imported: org.eclipse.aether.internal.impl < plexus.core
[DEBUG]   Imported: org.eclipse.aether.metadata < plexus.core
[DEBUG]   Imported: org.eclipse.aether.repository < plexus.core
[DEBUG]   Imported: org.eclipse.aether.resolution < plexus.core
[DEBUG]   Imported: org.eclipse.aether.spi < plexus.core
[DEBUG]   Imported: org.eclipse.aether.transfer < plexus.core
[DEBUG]   Imported: org.eclipse.aether.version < plexus.core
[DEBUG]   Imported: org.fusesource.jansi.* < plexus.core
[DEBUG]   Imported: org.slf4j.* < plexus.core
[DEBUG]   Imported: org.slf4j.helpers.* < plexus.core
[DEBUG]   Imported: org.slf4j.spi.* < plexus.core
[DEBUG] Populating class realm maven.api
[INFO] Error stacktraces are turned on.
[DEBUG] Message scheme: color
[DEBUG] Message styles: debug info warning error success failure strong mojo project
[DEBUG] Reading global settings from /home/spirals/danglot/apache-maven-3.5.4/conf/settings.xml
[DEBUG] Reading user settings from /home/spirals/danglot/.m2/settings.xml
[DEBUG] Reading global toolchains from /home/spirals/danglot/apache-maven-3.5.4/conf/toolchains.xml
[DEBUG] Reading user toolchains from /home/spirals/danglot/.m2/toolchains.xml
[DEBUG] Using local repository at /home/spirals/danglot/.m2/repository
[DEBUG] Using manager EnhancedLocalRepositoryManager with priority 10.0 for /home/spirals/danglot/.m2/repository
[INFO] Scanning for projects...
[DEBUG] Dependency collection stats: {ConflictMarker.analyzeTime=2505128, ConflictMarker.markTime=1233944, ConflictMarker.nodeCount=206, ConflictIdSorter.graphTime=1195705, ConflictIdSorter.topsortTime=615933, ConflictIdSorter.conflictIdCount=64, ConflictIdSorter.conflictIdCycleCount=0, ConflictResolver.totalTime=13599581, ConflictResolver.conflictItemCount=133, DefaultDependencyCollector.collectTime=929335132, DefaultDependencyCollector.transformTime=22208188}
[DEBUG] org.apache.felix:maven-bundle-plugin:jar:3.5.1:
[DEBUG]    org.osgi:org.osgi.core:jar:4.3.1:compile
[DEBUG]    biz.aQute.bnd:biz.aQute.bndlib:jar:3.5.0:compile
[DEBUG]    org.apache.felix:org.apache.felix.bundlerepository:jar:1.6.6:compile
[DEBUG]       org.easymock:easymock:jar:3.4:compile
[DEBUG]          org.objenesis:objenesis:jar:2.2:compile
[DEBUG]    org.apache.felix:org.apache.felix.utils:jar:1.6.0:compile
[DEBUG]       org.osgi:org.osgi.compendium:jar:4.2.0:compile
[DEBUG]    org.apache.maven:maven-core:jar:2.2.0:compile
[DEBUG]       org.apache.maven:maven-settings:jar:2.2.0:compile
[DEBUG]       org.apache.maven:maven-plugin-parameter-documenter:jar:2.2.0:compile
[DEBUG]       org.slf4j:slf4j-jdk14:jar:1.5.6:runtime
[DEBUG]          org.slf4j:slf4j-api:jar:1.5.6:runtime
[DEBUG]       org.slf4j:jcl-over-slf4j:jar:1.5.6:runtime
[DEBUG]       org.apache.maven.reporting:maven-reporting-api:jar:2.2.0:compile
[DEBUG]          org.apache.maven.doxia:doxia-logging-api:jar:1.1:compile
[DEBUG]       org.apache.maven:maven-profile:jar:2.2.0:compile
[DEBUG]       org.apache.maven:maven-model:jar:2.2.0:compile
[DEBUG]       org.apache.maven:maven-artifact:jar:2.2.0:compile
[DEBUG]       org.codehaus.plexus:plexus-container-default:jar:1.0-alpha-9-stable-1:compile
[DEBUG]          junit:junit:jar:4.12:compile
[DEBUG]             org.hamcrest:hamcrest-core:jar:1.3:compile
[DEBUG]       org.apache.maven:maven-repository-metadata:jar:2.2.0:compile
[DEBUG]       org.apache.maven:maven-error-diagnostics:jar:2.2.0:compile
[DEBUG]       org.apache.maven:maven-project:jar:2.2.0:compile
[DEBUG]          org.apache.maven:maven-plugin-registry:jar:2.2.0:compile
[DEBUG]       commons-cli:commons-cli:jar:1.2:compile
[DEBUG]       org.apache.maven:maven-plugin-api:jar:2.2.0:compile
[DEBUG]       org.apache.maven:maven-plugin-descriptor:jar:2.2.0:compile
[DEBUG]       org.codehaus.plexus:plexus-interactivity-api:jar:1.0-alpha-4:compile
[DEBUG]       org.apache.maven:maven-artifact-manager:jar:2.2.0:compile
[DEBUG]          backport-util-concurrent:backport-util-concurrent:jar:3.1:compile
[DEBUG]       org.apache.maven:maven-monitor:jar:2.2.0:compile
[DEBUG]       classworlds:classworlds:jar:1.1:compile
[DEBUG]       org.sonatype.plexus:plexus-sec-dispatcher:jar:1.3:compile
[DEBUG]          org.sonatype.plexus:plexus-cipher:jar:1.4:compile
[DEBUG]    org.apache.maven:maven-archiver:jar:2.6:compile
[DEBUG]       org.apache.maven.shared:maven-shared-utils:jar:0.7:compile
[DEBUG]          com.google.code.findbugs:jsr305:jar:2.0.1:compile
[DEBUG]       org.codehaus.plexus:plexus-archiver:jar:2.8.1:compile
[DEBUG]          org.codehaus.plexus:plexus-io:jar:2.3.2:compile
[DEBUG]          org.apache.commons:commons-compress:jar:1.9:compile
[DEBUG]       org.codehaus.plexus:plexus-interpolation:jar:1.21:compile
[DEBUG]    org.apache.maven.shared:maven-dependency-tree:jar:2.1:compile
[DEBUG]       org.codehaus.plexus:plexus-component-annotations:jar:1.5.5:compile
[DEBUG]       org.eclipse.aether:aether-util:jar:0.9.0.M2:compile
[DEBUG]    org.codehaus.plexus:plexus-utils:jar:3.0.10:compile
[DEBUG]    org.sonatype.plexus:plexus-build-api:jar:0.0.7:compile
[DEBUG]    org.apache.maven.doxia:doxia-sink-api:jar:1.0:compile
[DEBUG]    org.apache.maven.doxia:doxia-site-renderer:jar:1.0:compile
[DEBUG]       org.apache.maven.doxia:doxia-core:jar:1.0:compile
[DEBUG]       org.codehaus.plexus:plexus-i18n:jar:1.0-beta-7:compile
[DEBUG]       org.codehaus.plexus:plexus-velocity:jar:1.1.7:compile
[DEBUG]       org.apache.velocity:velocity:jar:1.5:compile
[DEBUG]          commons-lang:commons-lang:jar:2.1:compile
[DEBUG]          oro:oro:jar:2.0.8:compile
[DEBUG]       org.apache.maven.doxia:doxia-decoration-model:jar:1.0:compile
[DEBUG]       commons-collections:commons-collections:jar:3.2:compile
[DEBUG]       org.apache.maven.doxia:doxia-module-apt:jar:1.0:compile
[DEBUG]       org.apache.maven.doxia:doxia-module-fml:jar:1.0:compile
[DEBUG]       org.apache.maven.doxia:doxia-module-xdoc:jar:1.0:compile
[DEBUG]       org.apache.maven.doxia:doxia-module-xhtml:jar:1.0:compile
[DEBUG]    org.jdom:jdom:jar:1.1:compile
[DEBUG] Created new class realm extension>org.apache.felix:maven-bundle-plugin:3.5.1
[DEBUG] Importing foreign packages into class realm extension>org.apache.felix:maven-bundle-plugin:3.5.1
[DEBUG]   Imported:  < maven.api
[DEBUG] Populating class realm extension>org.apache.felix:maven-bundle-plugin:3.5.1
[DEBUG]   Included: org.apache.felix:maven-bundle-plugin:jar:3.5.1
[DEBUG]   Included: org.osgi:org.osgi.core:jar:4.3.1
[DEBUG]   Included: biz.aQute.bnd:biz.aQute.bndlib:jar:3.5.0
[DEBUG]   Included: org.apache.felix:org.apache.felix.bundlerepository:jar:1.6.6
[DEBUG]   Included: org.easymock:easymock:jar:3.4
[DEBUG]   Included: org.objenesis:objenesis:jar:2.2
[DEBUG]   Included: org.apache.felix:org.apache.felix.utils:jar:1.6.0
[DEBUG]   Included: org.osgi:org.osgi.compendium:jar:4.2.0
[DEBUG]   Included: org.slf4j:slf4j-jdk14:jar:1.5.6
[DEBUG]   Included: org.slf4j:jcl-over-slf4j:jar:1.5.6
[DEBUG]   Included: org.apache.maven.reporting:maven-reporting-api:jar:2.2.0
[DEBUG]   Included: org.apache.maven.doxia:doxia-logging-api:jar:1.1
[DEBUG]   Included: junit:junit:jar:4.12
[DEBUG]   Included: org.hamcrest:hamcrest-core:jar:1.3
[DEBUG]   Included: commons-cli:commons-cli:jar:1.2
[DEBUG]   Included: org.codehaus.plexus:plexus-interactivity-api:jar:1.0-alpha-4
[DEBUG]   Included: backport-util-concurrent:backport-util-concurrent:jar:3.1
[DEBUG]   Included: org.sonatype.plexus:plexus-sec-dispatcher:jar:1.3
[DEBUG]   Included: org.sonatype.plexus:plexus-cipher:jar:1.4
[DEBUG]   Included: org.apache.maven:maven-archiver:jar:2.6
[DEBUG]   Included: org.apache.maven.shared:maven-shared-utils:jar:0.7
[DEBUG]   Included: com.google.code.findbugs:jsr305:jar:2.0.1
[DEBUG]   Included: org.codehaus.plexus:plexus-archiver:jar:2.8.1
[DEBUG]   Included: org.codehaus.plexus:plexus-io:jar:2.3.2
[DEBUG]   Included: org.apache.commons:commons-compress:jar:1.9
[DEBUG]   Included: org.codehaus.plexus:plexus-interpolation:jar:1.21
[DEBUG]   Included: org.apache.maven.shared:maven-dependency-tree:jar:2.1
[DEBUG]   Included: org.codehaus.plexus:plexus-component-annotations:jar:1.5.5
[DEBUG]   Included: org.eclipse.aether:aether-util:jar:0.9.0.M2
[DEBUG]   Included: org.codehaus.plexus:plexus-utils:jar:3.0.10
[DEBUG]   Included: org.sonatype.plexus:plexus-build-api:jar:0.0.7
[DEBUG]   Included: org.apache.maven.doxia:doxia-sink-api:jar:1.0
[DEBUG]   Included: org.apache.maven.doxia:doxia-site-renderer:jar:1.0
[DEBUG]   Included: org.apache.maven.doxia:doxia-core:jar:1.0
[DEBUG]   Included: org.codehaus.plexus:plexus-i18n:jar:1.0-beta-7
[DEBUG]   Included: org.codehaus.plexus:plexus-velocity:jar:1.1.7
[DEBUG]   Included: org.apache.velocity:velocity:jar:1.5
[DEBUG]   Included: commons-lang:commons-lang:jar:2.1
[DEBUG]   Included: oro:oro:jar:2.0.8
[DEBUG]   Included: org.apache.maven.doxia:doxia-decoration-model:jar:1.0
[DEBUG]   Included: commons-collections:commons-collections:jar:3.2
[DEBUG]   Included: org.apache.maven.doxia:doxia-module-apt:jar:1.0
[DEBUG]   Included: org.apache.maven.doxia:doxia-module-fml:jar:1.0
[DEBUG]   Included: org.apache.maven.doxia:doxia-module-xdoc:jar:1.0
[DEBUG]   Included: org.apache.maven.doxia:doxia-module-xhtml:jar:1.0
[DEBUG]   Included: org.jdom:jdom:jar:1.1
[DEBUG] Extension realms for project org.apache.pdfbox:pdfbox:bundle:3.0.0-SNAPSHOT: [ClassRealm[extension>org.apache.felix:maven-bundle-plugin:3.5.1, parent: sun.misc.Launcher$AppClassLoader@55f96302]]
[DEBUG] Created new class realm project>org.apache.pdfbox:pdfbox:3.0.0-SNAPSHOT
[DEBUG] Populating class realm project>org.apache.pdfbox:pdfbox:3.0.0-SNAPSHOT
[DEBUG] Looking up lifecycle mappings for packaging bundle from ClassRealm[project>org.apache.pdfbox:pdfbox:3.0.0-SNAPSHOT, parent: ClassRealm[maven.api, parent: null]]
[DEBUG] Extension realms for project org.apache.pdfbox:pdfbox-parent:pom:3.0.0-SNAPSHOT: (none)
[DEBUG] Looking up lifecycle mappings for packaging pom from ClassRealm[plexus.core, parent: null]
[DEBUG] Extension realms for project org.apache:apache:pom:20: (none)
[DEBUG] Looking up lifecycle mappings for packaging pom from ClassRealm[plexus.core, parent: null]
[DEBUG] === REACTOR BUILD PLAN ================================================
[DEBUG] Project: org.apache.pdfbox:pdfbox:bundle:3.0.0-SNAPSHOT
[DEBUG] Tasks:   [eu.stamp-project:dspot-maven:1.1.1-SNAPSHOT:amplify-unit-tests]
[DEBUG] Style:   Regular
[DEBUG] =======================================================================
[INFO] 
[INFO] ----------------------< org.apache.pdfbox:pdfbox >----------------------
[INFO] Building Apache PDFBox 3.0.0-SNAPSHOT
[INFO] -------------------------------[ bundle ]-------------------------------
[DEBUG] Lifecycle default -> [validate, initialize, generate-sources, process-sources, generate-resources, process-resources, compile, process-classes, generate-test-sources, process-test-sources, generate-test-resources, process-test-resources, test-compile, process-test-classes, test, prepare-package, package, pre-integration-test, integration-test, post-integration-test, verify, install, deploy]
[DEBUG] Lifecycle clean -> [pre-clean, clean, post-clean]
[DEBUG] Lifecycle site -> [pre-site, site, post-site, site-deploy]
[DEBUG] === PROJECT BUILD PLAN ================================================
[DEBUG] Project:       org.apache.pdfbox:pdfbox:3.0.0-SNAPSHOT
[DEBUG] Dependencies (collect): []
[DEBUG] Dependencies (resolve): [test]
[DEBUG] Repositories (dependencies): [apache.snapshots (https://repository.apache.org/snapshots, default, snapshots), central (https://repo.maven.apache.org/maven2, default, releases)]
[DEBUG] Repositories (plugins)     : [central (https://repo.maven.apache.org/maven2, default, releases)]
[DEBUG] -----------------------------------------------------------------------
[DEBUG] Goal:          eu.stamp-project:dspot-maven:1.1.1-SNAPSHOT:amplify-unit-tests (default-cli)
[DEBUG] Style:         Regular
[DEBUG] Configuration: <?xml version="1.0" encoding="UTF-8"?>
<configuration>
  <amplifiers default-value="None">${amplifiers}</amplifiers>
  <automaticBuilder default-value="MavenBuilder">${automatic-builder}</automaticBuilder>
  <budgetizer default-value="NoBudgetizer">${budgetizer}</budgetizer>
  <cases>${cases}</cases>
  <clean default-value="false">${clean}</clean>
  <descartes default-value="false">${descartes}</descartes>
  <example default-value="false">${example}</example>
  <generateNewTestClass default-value="false">${generate-new-test-class}</generateNewTestClass>
  <help default-value="false">${help}</help>
  <iteration default-value="3">${iteration}</iteration>
  <mavenHome>${maven-home}</mavenHome>
  <maxTestAmplified default-value="200">${max-test-amplified}</maxTestAmplified>
  <noMinimize default-value="false">${no-minimize}</noMinimize>
  <outputPath default-value="target/dspot/output">${output-path}</outputPath>
  <pathPitResult>${path-pit-result}</pathPitResult>
  <pathToProperties default-value="">${path-to-properties}</pathToProperties>
  <pathToSecondVersion default-value="">${path-to-second-version}</pathToSecondVersion>
  <pathToTestListCsv default-value="">${path-to-test-list-csv}</pathToTestListCsv>
  <project default-value="${project}"/>
  <randomSeed default-value="23">${randomSeed}</randomSeed>
  <test default-value="all">${test}</test>
  <testCriterion default-value="PitMutantScoreSelector">${test-criterion}</testCriterion>
  <timeOut default-value="10000">${timeOut}</timeOut>
  <useMavenToExeTest default-value="false">${use-maven-to-exe-test}</useMavenToExeTest>
  <verbose default-value="false">${verbose}</verbose>
  <withComment default-value="false">${with-comment}</withComment>
  <workingDirectory default-value="false">${working-directory}</workingDirectory>
</configuration>
[DEBUG] =======================================================================
[DEBUG] Skipped remote request for org.apache.pdfbox:fontbox:3.0.0-SNAPSHOT/maven-metadata.xml, locally cached metadata up-to-date.
[DEBUG] Skipped remote request for org.apache.pdfbox:fontbox:3.0.0-SNAPSHOT/maven-metadata.xml, locally cached metadata up-to-date.
[DEBUG] Skipped remote request for org.apache.pdfbox:pdfbox-parent:3.0.0-SNAPSHOT/maven-metadata.xml, locally cached metadata up-to-date.
[DEBUG] Dependency collection stats: {ConflictMarker.analyzeTime=247551, ConflictMarker.markTime=121384, ConflictMarker.nodeCount=16, ConflictIdSorter.graphTime=36260, ConflictIdSorter.topsortTime=24070, ConflictIdSorter.conflictIdCount=11, ConflictIdSorter.conflictIdCycleCount=0, ConflictResolver.totalTime=808525, ConflictResolver.conflictItemCount=15, DefaultDependencyCollector.collectTime=90261779, DefaultDependencyCollector.transformTime=1266264}
[DEBUG] org.apache.pdfbox:pdfbox:bundle:3.0.0-SNAPSHOT
[DEBUG]    org.apache.pdfbox:fontbox:jar:3.0.0-SNAPSHOT:compile
[DEBUG]    commons-logging:commons-logging:jar:1.2:compile
[DEBUG]    org.bouncycastle:bcmail-jdk15on:jar:1.60:compile (optional)
[DEBUG]       org.bouncycastle:bcpkix-jdk15on:jar:1.60:compile (version managed from 1.60) (optional)
[DEBUG]    org.bouncycastle:bcprov-jdk15on:jar:1.60:compile (optional)
[DEBUG]    junit:junit:jar:4.12:test
[DEBUG]       org.hamcrest:hamcrest-core:jar:1.3:test
[DEBUG]    com.googlecode.java-diff-utils:diffutils:jar:1.3.0:test
[DEBUG]    org.apache.pdfbox:jbig2-imageio:jar:3.0.1:test
[DEBUG]    com.github.jai-imageio:jai-imageio-core:jar:1.4.0:test
[DEBUG]    com.github.jai-imageio:jai-imageio-jpeg2000:jar:1.3.0:test
[INFO] 
[INFO] --- dspot-maven:1.1.1-SNAPSHOT:amplify-unit-tests (default-cli) @ pdfbox ---
[DEBUG] Failure to find eu.stamp-project:dspot:1.1.1-SNAPSHOT/maven-metadata.xml in https://repo.gradle.org/gradle/libs-releases-local/ was cached in the local repository, resolution will not be reattempted until the update interval of gradle-repo has elapsed or updates are forced
[DEBUG] Skipped remote request for eu.stamp-project:dspot:1.1.1-SNAPSHOT/maven-metadata.xml, locally cached metadata up-to-date.
[DEBUG] Using transporter WagonTransporter with priority -1.0 for https://stamp-project.github.io/stamp-maven-repository/
[DEBUG] Using connector BasicRepositoryConnector with priority 0.0 for https://stamp-project.github.io/stamp-maven-repository/
Downloading from stamp-maven-repository-mvn-repo: https://stamp-project.github.io/stamp-maven-repository/eu/stamp-project/dspot/1.1.1-SNAPSHOT/maven-metadata.xml
[DEBUG] Writing tracking file /home/spirals/danglot/.m2/repository/eu/stamp-project/dspot/1.1.1-SNAPSHOT/resolver-status.properties
[DEBUG] Could not find metadata eu.stamp-project:dspot:1.1.1-SNAPSHOT/maven-metadata.xml in stamp-maven-repository-mvn-repo (https://stamp-project.github.io/stamp-maven-repository/)
[DEBUG] Skipped remote request for eu.stamp-project:dspot:1.1.1-SNAPSHOT/maven-metadata.xml, already updated during this session.
[DEBUG] Failure to find eu.stamp-project:dspot:1.1.1-SNAPSHOT/maven-metadata.xml in https://stamp-project.github.io/stamp-maven-repository/ was cached in the local repository, resolution will not be reattempted until the update interval of stamp-maven-repository-mvn-repo has elapsed or updates are forced
[DEBUG] Failure to find eu.stamp-project:dspot:1.1.1-SNAPSHOT/maven-metadata.xml in https://repo.gradle.org/gradle/libs-releases-local/ was cached in the local repository, resolution will not be reattempted until the update interval of gradle-repo has elapsed or updates are forced
[DEBUG] Skipped remote request for eu.stamp-project:dspot:1.1.1-SNAPSHOT/maven-metadata.xml, locally cached metadata up-to-date.
[DEBUG] Could not find metadata fr.inria.gforge.spoon:spoon-core:7.1.0-SNAPSHOT/maven-metadata.xml in local (/home/spirals/danglot/.m2/repository)
[DEBUG] Failure to find fr.inria.gforge.spoon:spoon-core:7.1.0-SNAPSHOT/maven-metadata.xml in https://repo.gradle.org/gradle/libs-releases-local/ was cached in the local repository, resolution will not be reattempted until the update interval of gradle-repo has elapsed or updates are forced
[DEBUG] Failure to find fr.inria.gforge.spoon:spoon-core:7.1.0-SNAPSHOT/maven-metadata.xml in https://oss.sonatype.org/content/repositories/snapshots was cached in the local repository, resolution will not be reattempted until the update interval of sonatype-nexus-snapshots has elapsed or updates are forced
[DEBUG] Skipped remote request for fr.inria.gforge.spoon:spoon-core:7.1.0-SNAPSHOT/maven-metadata.xml, locally cached metadata up-to-date.
[DEBUG] Using transporter WagonTransporter with priority -1.0 for https://stamp-project.github.io/stamp-maven-repository/
[DEBUG] Using connector BasicRepositoryConnector with priority 0.0 for https://stamp-project.github.io/stamp-maven-repository/
Downloading from stamp-maven-repository-mvn-repo: https://stamp-project.github.io/stamp-maven-repository/fr/inria/gforge/spoon/spoon-core/7.1.0-SNAPSHOT/maven-metadata.xml
[DEBUG] Writing tracking file /home/spirals/danglot/.m2/repository/fr/inria/gforge/spoon/spoon-core/7.1.0-SNAPSHOT/resolver-status.properties
[DEBUG] Could not find metadata fr.inria.gforge.spoon:spoon-core:7.1.0-SNAPSHOT/maven-metadata.xml in stamp-maven-repository-mvn-repo (https://stamp-project.github.io/stamp-maven-repository/)
[DEBUG] Could not find metadata fr.inria.gforge.spoon:spoon-core:7.1.0-SNAPSHOT/maven-metadata.xml in local (/home/spirals/danglot/.m2/repository)
[DEBUG] Skipped remote request for fr.inria.gforge.spoon:spoon-core:7.1.0-SNAPSHOT/maven-metadata.xml, already updated during this session.
[DEBUG] Failure to find fr.inria.gforge.spoon:spoon-core:7.1.0-SNAPSHOT/maven-metadata.xml in https://stamp-project.github.io/stamp-maven-repository/ was cached in the local repository, resolution will not be reattempted until the update interval of stamp-maven-repository-mvn-repo has elapsed or updates are forced
[DEBUG] Failure to find fr.inria.gforge.spoon:spoon-core:7.1.0-SNAPSHOT/maven-metadata.xml in https://repo.gradle.org/gradle/libs-releases-local/ was cached in the local repository, resolution will not be reattempted until the update interval of gradle-repo has elapsed or updates are forced
[DEBUG] Failure to find fr.inria.gforge.spoon:spoon-core:7.1.0-SNAPSHOT/maven-metadata.xml in https://oss.sonatype.org/content/repositories/snapshots was cached in the local repository, resolution will not be reattempted until the update interval of sonatype-nexus-snapshots has elapsed or updates are forced
[DEBUG] Skipped remote request for fr.inria.gforge.spoon:spoon-core:7.1.0-SNAPSHOT/maven-metadata.xml, locally cached metadata up-to-date.
[DEBUG] Could not find metadata org.eclipse.platform:org.eclipse.core.resources/maven-metadata.xml in local (/home/spirals/danglot/.m2/repository)
[DEBUG] Skipped remote request for org.eclipse.platform:org.eclipse.core.resources/maven-metadata.xml, locally cached metadata up-to-date.
[DEBUG] Failure to find org.eclipse.platform:org.eclipse.core.resources/maven-metadata.xml in https://repo.gradle.org/gradle/libs-releases-local/ was cached in the local repository, resolution will not be reattempted until the update interval of gradle-repo has elapsed or updates are forced
[DEBUG] Failure to find org.eclipse.platform:org.eclipse.core.resources/maven-metadata.xml in https://oss.sonatype.org/content/repositories/snapshots was cached in the local repository, resolution will not be reattempted until the update interval of sonatype-nexus-snapshots has elapsed or updates are forced
[DEBUG] Failure to find org.eclipse.platform:org.eclipse.core.resources/maven-metadata.xml in http://maven.inria.fr/artifactory/spoon-public-snapshot was cached in the local repository, resolution will not be reattempted until the update interval of maven.inria.fr-snapshot has elapsed or updates are forced
[DEBUG] Failure to find org.eclipse.platform:org.eclipse.core.resources/maven-metadata.xml in http://maven.inria.fr/artifactory/triskell-public-release was cached in the local repository, resolution will not be reattempted until the update interval of inria has elapsed or updates are forced
[DEBUG] Using transporter WagonTransporter with priority -1.0 for https://stamp-project.github.io/stamp-maven-repository/
[DEBUG] Using connector BasicRepositoryConnector with priority 0.0 for https://stamp-project.github.io/stamp-maven-repository/
Downloading from stamp-maven-repository-mvn-repo: https://stamp-project.github.io/stamp-maven-repository/org/eclipse/platform/org.eclipse.core.resources/maven-metadata.xml
[DEBUG] Writing tracking file /home/spirals/danglot/.m2/repository/org/eclipse/platform/org.eclipse.core.resources/resolver-status.properties
[DEBUG] Could not find metadata org.eclipse.platform:org.eclipse.core.resources/maven-metadata.xml in stamp-maven-repository-mvn-repo (https://stamp-project.github.io/stamp-maven-repository/)
[DEBUG] Could not find metadata org.eclipse.platform:org.eclipse.core.expressions/maven-metadata.xml in local (/home/spirals/danglot/.m2/repository)
[DEBUG] Skipped remote request for org.eclipse.platform:org.eclipse.core.expressions/maven-metadata.xml, locally cached metadata up-to-date.
[DEBUG] Failure to find org.eclipse.platform:org.eclipse.core.expressions/maven-metadata.xml in https://repo.gradle.org/gradle/libs-releases-local/ was cached in the local repository, resolution will not be reattempted until the update interval of gradle-repo has elapsed or updates are forced
[DEBUG] Failure to find org.eclipse.platform:org.eclipse.core.expressions/maven-metadata.xml in https://oss.sonatype.org/content/repositories/snapshots was cached in the local repository, resolution will not be reattempted until the update interval of sonatype-nexus-snapshots has elapsed or updates are forced
[DEBUG] Failure to find org.eclipse.platform:org.eclipse.core.expressions/maven-metadata.xml in http://maven.inria.fr/artifactory/spoon-public-snapshot was cached in the local repository, resolution will not be reattempted until the update interval of maven.inria.fr-snapshot has elapsed or updates are forced
[DEBUG] Failure to find org.eclipse.platform:org.eclipse.core.expressions/maven-metadata.xml in http://maven.inria.fr/artifactory/triskell-public-release was cached in the local repository, resolution will not be reattempted until the update interval of inria has elapsed or updates are forced
[DEBUG] Using transporter WagonTransporter with priority -1.0 for https://stamp-project.github.io/stamp-maven-repository/
[DEBUG] Using connector BasicRepositoryConnector with priority 0.0 for https://stamp-project.github.io/stamp-maven-repository/
Downloading from stamp-maven-repository-mvn-repo: https://stamp-project.github.io/stamp-maven-repository/org/eclipse/platform/org.eclipse.core.expressions/maven-metadata.xml
[DEBUG] Writing tracking file /home/spirals/danglot/.m2/repository/org/eclipse/platform/org.eclipse.core.expressions/resolver-status.properties
[DEBUG] Could not find metadata org.eclipse.platform:org.eclipse.core.expressions/maven-metadata.xml in stamp-maven-repository-mvn-repo (https://stamp-project.github.io/stamp-maven-repository/)
[DEBUG] Could not find metadata org.eclipse.platform:org.eclipse.core.runtime/maven-metadata.xml in local (/home/spirals/danglot/.m2/repository)
[DEBUG] Skipped remote request for org.eclipse.platform:org.eclipse.core.runtime/maven-metadata.xml, locally cached metadata up-to-date.
[DEBUG] Failure to find org.eclipse.platform:org.eclipse.core.runtime/maven-metadata.xml in https://repo.gradle.org/gradle/libs-releases-local/ was cached in the local repository, resolution will not be reattempted until the update interval of gradle-repo has elapsed or updates are forced
[DEBUG] Failure to find org.eclipse.platform:org.eclipse.core.runtime/maven-metadata.xml in https://oss.sonatype.org/content/repositories/snapshots was cached in the local repository, resolution will not be reattempted until the update interval of sonatype-nexus-snapshots has elapsed or updates are forced
[DEBUG] Failure to find org.eclipse.platform:org.eclipse.core.runtime/maven-metadata.xml in http://maven.inria.fr/artifactory/spoon-public-snapshot was cached in the local repository, resolution will not be reattempted until the update interval of maven.inria.fr-snapshot has elapsed or updates are forced
[DEBUG] Failure to find org.eclipse.platform:org.eclipse.core.runtime/maven-metadata.xml in http://maven.inria.fr/artifactory/triskell-public-release was cached in the local repository, resolution will not be reattempted until the update interval of inria has elapsed or updates are forced
[DEBUG] Using transporter WagonTransporter with priority -1.0 for https://stamp-project.github.io/stamp-maven-repository/
[DEBUG] Using connector BasicRepositoryConnector with priority 0.0 for https://stamp-project.github.io/stamp-maven-repository/
Downloading from stamp-maven-repository-mvn-repo: https://stamp-project.github.io/stamp-maven-repository/org/eclipse/platform/org.eclipse.core.runtime/maven-metadata.xml
[DEBUG] Writing tracking file /home/spirals/danglot/.m2/repository/org/eclipse/platform/org.eclipse.core.runtime/resolver-status.properties
[DEBUG] Could not find metadata org.eclipse.platform:org.eclipse.core.runtime/maven-metadata.xml in stamp-maven-repository-mvn-repo (https://stamp-project.github.io/stamp-maven-repository/)
[DEBUG] Could not find metadata org.eclipse.platform:org.eclipse.osgi/maven-metadata.xml in local (/home/spirals/danglot/.m2/repository)
[DEBUG] Skipped remote request for org.eclipse.platform:org.eclipse.osgi/maven-metadata.xml, locally cached metadata up-to-date.
[DEBUG] Failure to find org.eclipse.platform:org.eclipse.osgi/maven-metadata.xml in https://repo.gradle.org/gradle/libs-releases-local/ was cached in the local repository, resolution will not be reattempted until the update interval of gradle-repo has elapsed or updates are forced
[DEBUG] Failure to find org.eclipse.platform:org.eclipse.osgi/maven-metadata.xml in https://oss.sonatype.org/content/repositories/snapshots was cached in the local repository, resolution will not be reattempted until the update interval of sonatype-nexus-snapshots has elapsed or updates are forced
[DEBUG] Failure to find org.eclipse.platform:org.eclipse.osgi/maven-metadata.xml in http://maven.inria.fr/artifactory/spoon-public-snapshot was cached in the local repository, resolution will not be reattempted until the update interval of maven.inria.fr-snapshot has elapsed or updates are forced
[DEBUG] Failure to find org.eclipse.platform:org.eclipse.osgi/maven-metadata.xml in http://maven.inria.fr/artifactory/triskell-public-release was cached in the local repository, resolution will not be reattempted until the update interval of inria has elapsed or updates are forced
[DEBUG] Using transporter WagonTransporter with priority -1.0 for https://stamp-project.github.io/stamp-maven-repository/
[DEBUG] Using connector BasicRepositoryConnector with priority 0.0 for https://stamp-project.github.io/stamp-maven-repository/
Downloading from stamp-maven-repository-mvn-repo: https://stamp-project.github.io/stamp-maven-repository/org/eclipse/platform/org.eclipse.osgi/maven-metadata.xml
[DEBUG] Writing tracking file /home/spirals/danglot/.m2/repository/org/eclipse/platform/org.eclipse.osgi/resolver-status.properties
[DEBUG] Could not find metadata org.eclipse.platform:org.eclipse.osgi/maven-metadata.xml in stamp-maven-repository-mvn-repo (https://stamp-project.github.io/stamp-maven-repository/)
[DEBUG] Could not find metadata org.eclipse.platform:org.eclipse.equinox.common/maven-metadata.xml in local (/home/spirals/danglot/.m2/repository)
[DEBUG] Skipped remote request for org.eclipse.platform:org.eclipse.equinox.common/maven-metadata.xml, locally cached metadata up-to-date.
[DEBUG] Failure to find org.eclipse.platform:org.eclipse.equinox.common/maven-metadata.xml in https://repo.gradle.org/gradle/libs-releases-local/ was cached in the local repository, resolution will not be reattempted until the update interval of gradle-repo has elapsed or updates are forced
[DEBUG] Failure to find org.eclipse.platform:org.eclipse.equinox.common/maven-metadata.xml in https://oss.sonatype.org/content/repositories/snapshots was cached in the local repository, resolution will not be reattempted until the update interval of sonatype-nexus-snapshots has elapsed or updates are forced
[DEBUG] Failure to find org.eclipse.platform:org.eclipse.equinox.common/maven-metadata.xml in http://maven.inria.fr/artifactory/spoon-public-snapshot was cached in the local repository, resolution will not be reattempted until the update interval of maven.inria.fr-snapshot has elapsed or updates are forced
[DEBUG] Failure to find org.eclipse.platform:org.eclipse.equinox.common/maven-metadata.xml in http://maven.inria.fr/artifactory/triskell-public-release was cached in the local repository, resolution will not be reattempted until the update interval of inria has elapsed or updates are forced
[DEBUG] Using transporter WagonTransporter with priority -1.0 for https://stamp-project.github.io/stamp-maven-repository/
[DEBUG] Using connector BasicRepositoryConnector with priority 0.0 for https://stamp-project.github.io/stamp-maven-repository/
Downloading from stamp-maven-repository-mvn-repo: https://stamp-project.github.io/stamp-maven-repository/org/eclipse/platform/org.eclipse.equinox.common/maven-metadata.xml
[DEBUG] Writing tracking file /home/spirals/danglot/.m2/repository/org/eclipse/platform/org.eclipse.equinox.common/resolver-status.properties
[DEBUG] Could not find metadata org.eclipse.platform:org.eclipse.equinox.common/maven-metadata.xml in stamp-maven-repository-mvn-repo (https://stamp-project.github.io/stamp-maven-repository/)
[DEBUG] Could not find metadata org.eclipse.platform:org.eclipse.core.jobs/maven-metadata.xml in local (/home/spirals/danglot/.m2/repository)
[DEBUG] Skipped remote request for org.eclipse.platform:org.eclipse.core.jobs/maven-metadata.xml, locally cached metadata up-to-date.
[DEBUG] Failure to find org.eclipse.platform:org.eclipse.core.jobs/maven-metadata.xml in https://repo.gradle.org/gradle/libs-releases-local/ was cached in the local repository, resolution will not be reattempted until the update interval of gradle-repo has elapsed or updates are forced
[DEBUG] Failure to find org.eclipse.platform:org.eclipse.core.jobs/maven-metadata.xml in https://oss.sonatype.org/content/repositories/snapshots was cached in the local repository, resolution will not be reattempted until the update interval of sonatype-nexus-snapshots has elapsed or updates are forced
[DEBUG] Failure to find org.eclipse.platform:org.eclipse.core.jobs/maven-metadata.xml in http://maven.inria.fr/artifactory/spoon-public-snapshot was cached in the local repository, resolution will not be reattempted until the update interval of maven.inria.fr-snapshot has elapsed or updates are forced
[DEBUG] Failure to find org.eclipse.platform:org.eclipse.core.jobs/maven-metadata.xml in http://maven.inria.fr/artifactory/triskell-public-release was cached in the local repository, resolution will not be reattempted until the update interval of inria has elapsed or updates are forced
[DEBUG] Using transporter WagonTransporter with priority -1.0 for https://stamp-project.github.io/stamp-maven-repository/
[DEBUG] Using connector BasicRepositoryConnector with priority 0.0 for https://stamp-project.github.io/stamp-maven-repository/
Downloading from stamp-maven-repository-mvn-repo: https://stamp-project.github.io/stamp-maven-repository/org/eclipse/platform/org.eclipse.core.jobs/maven-metadata.xml
[DEBUG] Writing tracking file /home/spirals/danglot/.m2/repository/org/eclipse/platform/org.eclipse.core.jobs/resolver-status.properties
[DEBUG] Could not find metadata org.eclipse.platform:org.eclipse.core.jobs/maven-metadata.xml in stamp-maven-repository-mvn-repo (https://stamp-project.github.io/stamp-maven-repository/)
[DEBUG] Could not find metadata org.eclipse.platform:org.eclipse.equinox.registry/maven-metadata.xml in local (/home/spirals/danglot/.m2/repository)
[DEBUG] Skipped remote request for org.eclipse.platform:org.eclipse.equinox.registry/maven-metadata.xml, locally cached metadata up-to-date.
[DEBUG] Failure to find org.eclipse.platform:org.eclipse.equinox.registry/maven-metadata.xml in https://repo.gradle.org/gradle/libs-releases-local/ was cached in the local repository, resolution will not be reattempted until the update interval of gradle-repo has elapsed or updates are forced
[DEBUG] Failure to find org.eclipse.platform:org.eclipse.equinox.registry/maven-metadata.xml in https://oss.sonatype.org/content/repositories/snapshots was cached in the local repository, resolution will not be reattempted until the update interval of sonatype-nexus-snapshots has elapsed or updates are forced
[DEBUG] Failure to find org.eclipse.platform:org.eclipse.equinox.registry/maven-metadata.xml in http://maven.inria.fr/artifactory/spoon-public-snapshot was cached in the local repository, resolution will not be reattempted until the update interval of maven.inria.fr-snapshot has elapsed or updates are forced
[DEBUG] Failure to find org.eclipse.platform:org.eclipse.equinox.registry/maven-metadata.xml in http://maven.inria.fr/artifactory/triskell-public-release was cached in the local repository, resolution will not be reattempted until the update interval of inria has elapsed or updates are forced
[DEBUG] Using transporter WagonTransporter with priority -1.0 for https://stamp-project.github.io/stamp-maven-repository/
[DEBUG] Using connector BasicRepositoryConnector with priority 0.0 for https://stamp-project.github.io/stamp-maven-repository/
Downloading from stamp-maven-repository-mvn-repo: https://stamp-project.github.io/stamp-maven-repository/org/eclipse/platform/org.eclipse.equinox.registry/maven-metadata.xml
[DEBUG] Writing tracking file /home/spirals/danglot/.m2/repository/org/eclipse/platform/org.eclipse.equinox.registry/resolver-status.properties
[DEBUG] Could not find metadata org.eclipse.platform:org.eclipse.equinox.registry/maven-metadata.xml in stamp-maven-repository-mvn-repo (https://stamp-project.github.io/stamp-maven-repository/)
[DEBUG] Could not find metadata org.eclipse.platform:org.eclipse.equinox.common/maven-metadata.xml in local (/home/spirals/danglot/.m2/repository)
[DEBUG] Skipped remote request for org.eclipse.platform:org.eclipse.equinox.common/maven-metadata.xml, locally cached metadata up-to-date.
[DEBUG] Skipped remote request for org.eclipse.platform:org.eclipse.equinox.common/maven-metadata.xml, already updated during this session.
[DEBUG] Failure to find org.eclipse.platform:org.eclipse.equinox.common/maven-metadata.xml in https://stamp-project.github.io/stamp-maven-repository/ was cached in the local repository, resolution will not be reattempted until the update interval of stamp-maven-repository-mvn-repo has elapsed or updates are forced
[DEBUG] Failure to find org.eclipse.platform:org.eclipse.equinox.common/maven-metadata.xml in https://repo.gradle.org/gradle/libs-releases-local/ was cached in the local repository, resolution will not be reattempted until the update interval of gradle-repo has elapsed or updates are forced
[DEBUG] Failure to find org.eclipse.platform:org.eclipse.equinox.common/maven-metadata.xml in https://oss.sonatype.org/content/repositories/snapshots was cached in the local repository, resolution will not be reattempted until the update interval of sonatype-nexus-snapshots has elapsed or updates are forced
[DEBUG] Failure to find org.eclipse.platform:org.eclipse.equinox.common/maven-metadata.xml in http://maven.inria.fr/artifactory/spoon-public-snapshot was cached in the local repository, resolution will not be reattempted until the update interval of maven.inria.fr-snapshot has elapsed or updates are forced
[DEBUG] Failure to find org.eclipse.platform:org.eclipse.equinox.common/maven-metadata.xml in http://maven.inria.fr/artifactory/triskell-public-release was cached in the local repository, resolution will not be reattempted until the update interval of inria has elapsed or updates are forced
[DEBUG] Could not find metadata org.eclipse.platform:org.eclipse.equinox.preferences/maven-metadata.xml in local (/home/spirals/danglot/.m2/repository)
[DEBUG] Skipped remote request for org.eclipse.platform:org.eclipse.equinox.preferences/maven-metadata.xml, locally cached metadata up-to-date.
[DEBUG] Failure to find org.eclipse.platform:org.eclipse.equinox.preferences/maven-metadata.xml in https://repo.gradle.org/gradle/libs-releases-local/ was cached in the local repository, resolution will not be reattempted until the update interval of gradle-repo has elapsed or updates are forced
[DEBUG] Failure to find org.eclipse.platform:org.eclipse.equinox.preferences/maven-metadata.xml in https://oss.sonatype.org/content/repositories/snapshots was cached in the local repository, resolution will not be reattempted until the update interval of sonatype-nexus-snapshots has elapsed or updates are forced
[DEBUG] Failure to find org.eclipse.platform:org.eclipse.equinox.preferences/maven-metadata.xml in http://maven.inria.fr/artifactory/spoon-public-snapshot was cached in the local repository, resolution will not be reattempted until the update interval of maven.inria.fr-snapshot has elapsed or updates are forced
[DEBUG] Failure to find org.eclipse.platform:org.eclipse.equinox.preferences/maven-metadata.xml in http://maven.inria.fr/artifactory/triskell-public-release was cached in the local repository, resolution will not be reattempted until the update interval of inria has elapsed or updates are forced
[DEBUG] Using transporter WagonTransporter with priority -1.0 for https://stamp-project.github.io/stamp-maven-repository/
[DEBUG] Using connector BasicRepositoryConnector with priority 0.0 for https://stamp-project.github.io/stamp-maven-repository/
Downloading from stamp-maven-repository-mvn-repo: https://stamp-project.github.io/stamp-maven-repository/org/eclipse/platform/org.eclipse.equinox.preferences/maven-metadata.xml
[DEBUG] Writing tracking file /home/spirals/danglot/.m2/repository/org/eclipse/platform/org.eclipse.equinox.preferences/resolver-status.properties
[DEBUG] Could not find metadata org.eclipse.platform:org.eclipse.equinox.preferences/maven-metadata.xml in stamp-maven-repository-mvn-repo (https://stamp-project.github.io/stamp-maven-repository/)
[DEBUG] Could not find metadata org.eclipse.platform:org.eclipse.equinox.common/maven-metadata.xml in local (/home/spirals/danglot/.m2/repository)
[DEBUG] Skipped remote request for org.eclipse.platform:org.eclipse.equinox.common/maven-metadata.xml, locally cached metadata up-to-date.
[DEBUG] Skipped remote request for org.eclipse.platform:org.eclipse.equinox.common/maven-metadata.xml, already updated during this session.
[DEBUG] Failure to find org.eclipse.platform:org.eclipse.equinox.common/maven-metadata.xml in https://stamp-project.github.io/stamp-maven-repository/ was cached in the local repository, resolution will not be reattempted until the update interval of stamp-maven-repository-mvn-repo has elapsed or updates are forced
[DEBUG] Failure to find org.eclipse.platform:org.eclipse.equinox.common/maven-metadata.xml in https://repo.gradle.org/gradle/libs-releases-local/ was cached in the local repository, resolution will not be reattempted until the update interval of gradle-repo has elapsed or updates are forced
[DEBUG] Failure to find org.eclipse.platform:org.eclipse.equinox.common/maven-metadata.xml in https://oss.sonatype.org/content/repositories/snapshots was cached in the local repository, resolution will not be reattempted until the update interval of sonatype-nexus-snapshots has elapsed or updates are forced
[DEBUG] Failure to find org.eclipse.platform:org.eclipse.equinox.common/maven-metadata.xml in http://maven.inria.fr/artifactory/spoon-public-snapshot was cached in the local repository, resolution will not be reattempted until the update interval of maven.inria.fr-snapshot has elapsed or updates are forced
[DEBUG] Failure to find org.eclipse.platform:org.eclipse.equinox.common/maven-metadata.xml in http://maven.inria.fr/artifactory/triskell-public-release was cached in the local repository, resolution will not be reattempted until the update interval of inria has elapsed or updates are forced
[DEBUG] Could not find metadata org.eclipse.platform:org.eclipse.core.contenttype/maven-metadata.xml in local (/home/spirals/danglot/.m2/repository)
[DEBUG] Skipped remote request for org.eclipse.platform:org.eclipse.core.contenttype/maven-metadata.xml, locally cached metadata up-to-date.
[DEBUG] Failure to find org.eclipse.platform:org.eclipse.core.contenttype/maven-metadata.xml in https://repo.gradle.org/gradle/libs-releases-local/ was cached in the local repository, resolution will not be reattempted until the update interval of gradle-repo has elapsed or updates are forced
[DEBUG] Failure to find org.eclipse.platform:org.eclipse.core.contenttype/maven-metadata.xml in https://oss.sonatype.org/content/repositories/snapshots was cached in the local repository, resolution will not be reattempted until the update interval of sonatype-nexus-snapshots has elapsed or updates are forced
[DEBUG] Failure to find org.eclipse.platform:org.eclipse.core.contenttype/maven-metadata.xml in http://maven.inria.fr/artifactory/spoon-public-snapshot was cached in the local repository, resolution will not be reattempted until the update interval of maven.inria.fr-snapshot has elapsed or updates are forced
[DEBUG] Failure to find org.eclipse.platform:org.eclipse.core.contenttype/maven-metadata.xml in http://maven.inria.fr/artifactory/triskell-public-release was cached in the local repository, resolution will not be reattempted until the update interval of inria has elapsed or updates are forced
[DEBUG] Using transporter WagonTransporter with priority -1.0 for https://stamp-project.github.io/stamp-maven-repository/
[DEBUG] Using connector BasicRepositoryConnector with priority 0.0 for https://stamp-project.github.io/stamp-maven-repository/
Downloading from stamp-maven-repository-mvn-repo: https://stamp-project.github.io/stamp-maven-repository/org/eclipse/platform/org.eclipse.core.contenttype/maven-metadata.xml
[DEBUG] Writing tracking file /home/spirals/danglot/.m2/repository/org/eclipse/platform/org.eclipse.core.contenttype/resolver-status.properties
[DEBUG] Could not find metadata org.eclipse.platform:org.eclipse.core.contenttype/maven-metadata.xml in stamp-maven-repository-mvn-repo (https://stamp-project.github.io/stamp-maven-repository/)
[DEBUG] Could not find metadata org.eclipse.platform:org.eclipse.equinox.preferences/maven-metadata.xml in local (/home/spirals/danglot/.m2/repository)
[DEBUG] Skipped remote request for org.eclipse.platform:org.eclipse.equinox.preferences/maven-metadata.xml, locally cached metadata up-to-date.
[DEBUG] Skipped remote request for org.eclipse.platform:org.eclipse.equinox.preferences/maven-metadata.xml, already updated during this session.
[DEBUG] Failure to find org.eclipse.platform:org.eclipse.equinox.preferences/maven-metadata.xml in https://stamp-project.github.io/stamp-maven-repository/ was cached in the local repository, resolution will not be reattempted until the update interval of stamp-maven-repository-mvn-repo has elapsed or updates are forced
[DEBUG] Failure to find org.eclipse.platform:org.eclipse.equinox.preferences/maven-metadata.xml in https://repo.gradle.org/gradle/libs-releases-local/ was cached in the local repository, resolution will not be reattempted until the update interval of gradle-repo has elapsed or updates are forced
[DEBUG] Failure to find org.eclipse.platform:org.eclipse.equinox.preferences/maven-metadata.xml in https://oss.sonatype.org/content/repositories/snapshots was cached in the local repository, resolution will not be reattempted until the update interval of sonatype-nexus-snapshots has elapsed or updates are forced
[DEBUG] Failure to find org.eclipse.platform:org.eclipse.equinox.preferences/maven-metadata.xml in http://maven.inria.fr/artifactory/spoon-public-snapshot was cached in the local repository, resolution will not be reattempted until the update interval of maven.inria.fr-snapshot has elapsed or updates are forced
[DEBUG] Failure to find org.eclipse.platform:org.eclipse.equinox.preferences/maven-metadata.xml in http://maven.inria.fr/artifactory/triskell-public-release was cached in the local repository, resolution will not be reattempted until the update interval of inria has elapsed or updates are forced
[DEBUG] Could not find metadata org.eclipse.platform:org.eclipse.equinox.registry/maven-metadata.xml in local (/home/spirals/danglot/.m2/repository)
[DEBUG] Skipped remote request for org.eclipse.platform:org.eclipse.equinox.registry/maven-metadata.xml, locally cached metadata up-to-date.
[DEBUG] Skipped remote request for org.eclipse.platform:org.eclipse.equinox.registry/maven-metadata.xml, already updated during this session.
[DEBUG] Failure to find org.eclipse.platform:org.eclipse.equinox.registry/maven-metadata.xml in https://stamp-project.github.io/stamp-maven-repository/ was cached in the local repository, resolution will not be reattempted until the update interval of stamp-maven-repository-mvn-repo has elapsed or updates are forced
[DEBUG] Failure to find org.eclipse.platform:org.eclipse.equinox.registry/maven-metadata.xml in https://repo.gradle.org/gradle/libs-releases-local/ was cached in the local repository, resolution will not be reattempted until the update interval of gradle-repo has elapsed or updates are forced
[DEBUG] Failure to find org.eclipse.platform:org.eclipse.equinox.registry/maven-metadata.xml in https://oss.sonatype.org/content/repositories/snapshots was cached in the local repository, resolution will not be reattempted until the update interval of sonatype-nexus-snapshots has elapsed or updates are forced
[DEBUG] Failure to find org.eclipse.platform:org.eclipse.equinox.registry/maven-metadata.xml in http://maven.inria.fr/artifactory/spoon-public-snapshot was cached in the local repository, resolution will not be reattempted until the update interval of maven.inria.fr-snapshot has elapsed or updates are forced
[DEBUG] Failure to find org.eclipse.platform:org.eclipse.equinox.registry/maven-metadata.xml in http://maven.inria.fr/artifactory/triskell-public-release was cached in the local repository, resolution will not be reattempted until the update interval of inria has elapsed or updates are forced
[DEBUG] Could not find metadata org.eclipse.platform:org.eclipse.equinox.app/maven-metadata.xml in local (/home/spirals/danglot/.m2/repository)
[DEBUG] Skipped remote request for org.eclipse.platform:org.eclipse.equinox.app/maven-metadata.xml, locally cached metadata up-to-date.
[DEBUG] Failure to find org.eclipse.platform:org.eclipse.equinox.app/maven-metadata.xml in https://repo.gradle.org/gradle/libs-releases-local/ was cached in the local repository, resolution will not be reattempted until the update interval of gradle-repo has elapsed or updates are forced
[DEBUG] Failure to find org.eclipse.platform:org.eclipse.equinox.app/maven-metadata.xml in https://oss.sonatype.org/content/repositories/snapshots was cached in the local repository, resolution will not be reattempted until the update interval of sonatype-nexus-snapshots has elapsed or updates are forced
[DEBUG] Failure to find org.eclipse.platform:org.eclipse.equinox.app/maven-metadata.xml in http://maven.inria.fr/artifactory/spoon-public-snapshot was cached in the local repository, resolution will not be reattempted until the update interval of maven.inria.fr-snapshot has elapsed or updates are forced
[DEBUG] Failure to find org.eclipse.platform:org.eclipse.equinox.app/maven-metadata.xml in http://maven.inria.fr/artifactory/triskell-public-release was cached in the local repository, resolution will not be reattempted until the update interval of inria has elapsed or updates are forced
[DEBUG] Using transporter WagonTransporter with priority -1.0 for https://stamp-project.github.io/stamp-maven-repository/
[DEBUG] Using connector BasicRepositoryConnector with priority 0.0 for https://stamp-project.github.io/stamp-maven-repository/
Downloading from stamp-maven-repository-mvn-repo: https://stamp-project.github.io/stamp-maven-repository/org/eclipse/platform/org.eclipse.equinox.app/maven-metadata.xml
[DEBUG] Writing tracking file /home/spirals/danglot/.m2/repository/org/eclipse/platform/org.eclipse.equinox.app/resolver-status.properties
[DEBUG] Could not find metadata org.eclipse.platform:org.eclipse.equinox.app/maven-metadata.xml in stamp-maven-repository-mvn-repo (https://stamp-project.github.io/stamp-maven-repository/)
[DEBUG] Could not find metadata org.eclipse.platform:org.eclipse.equinox.registry/maven-metadata.xml in local (/home/spirals/danglot/.m2/repository)
[DEBUG] Skipped remote request for org.eclipse.platform:org.eclipse.equinox.registry/maven-metadata.xml, locally cached metadata up-to-date.
[DEBUG] Skipped remote request for org.eclipse.platform:org.eclipse.equinox.registry/maven-metadata.xml, already updated during this session.
[DEBUG] Failure to find org.eclipse.platform:org.eclipse.equinox.registry/maven-metadata.xml in https://stamp-project.github.io/stamp-maven-repository/ was cached in the local repository, resolution will not be reattempted until the update interval of stamp-maven-repository-mvn-repo has elapsed or updates are forced
[DEBUG] Failure to find org.eclipse.platform:org.eclipse.equinox.registry/maven-metadata.xml in https://repo.gradle.org/gradle/libs-releases-local/ was cached in the local repository, resolution will not be reattempted until the update interval of gradle-repo has elapsed or updates are forced
[DEBUG] Failure to find org.eclipse.platform:org.eclipse.equinox.registry/maven-metadata.xml in https://oss.sonatype.org/content/repositories/snapshots was cached in the local repository, resolution will not be reattempted until the update interval of sonatype-nexus-snapshots has elapsed or updates are forced
[DEBUG] Failure to find org.eclipse.platform:org.eclipse.equinox.registry/maven-metadata.xml in http://maven.inria.fr/artifactory/spoon-public-snapshot was cached in the local repository, resolution will not be reattempted until the update interval of maven.inria.fr-snapshot has elapsed or updates are forced
[DEBUG] Failure to find org.eclipse.platform:org.eclipse.equinox.registry/maven-metadata.xml in http://maven.inria.fr/artifactory/triskell-public-release was cached in the local repository, resolution will not be reattempted until the update interval of inria has elapsed or updates are forced
[DEBUG] Could not find metadata org.eclipse.platform:org.eclipse.osgi/maven-metadata.xml in local (/home/spirals/danglot/.m2/repository)
[DEBUG] Skipped remote request for org.eclipse.platform:org.eclipse.osgi/maven-metadata.xml, locally cached metadata up-to-date.
[DEBUG] Skipped remote request for org.eclipse.platform:org.eclipse.osgi/maven-metadata.xml, already updated during this session.
[DEBUG] Failure to find org.eclipse.platform:org.eclipse.osgi/maven-metadata.xml in https://stamp-project.github.io/stamp-maven-repository/ was cached in the local repository, resolution will not be reattempted until the update interval of stamp-maven-repository-mvn-repo has elapsed or updates are forced
[DEBUG] Failure to find org.eclipse.platform:org.eclipse.osgi/maven-metadata.xml in https://repo.gradle.org/gradle/libs-releases-local/ was cached in the local repository, resolution will not be reattempted until the update interval of gradle-repo has elapsed or updates are forced
[DEBUG] Failure to find org.eclipse.platform:org.eclipse.osgi/maven-metadata.xml in https://oss.sonatype.org/content/repositories/snapshots was cached in the local repository, resolution will not be reattempted until the update interval of sonatype-nexus-snapshots has elapsed or updates are forced
[DEBUG] Failure to find org.eclipse.platform:org.eclipse.osgi/maven-metadata.xml in http://maven.inria.fr/artifactory/spoon-public-snapshot was cached in the local repository, resolution will not be reattempted until the update interval of maven.inria.fr-snapshot has elapsed or updates are forced
[DEBUG] Failure to find org.eclipse.platform:org.eclipse.osgi/maven-metadata.xml in http://maven.inria.fr/artifactory/triskell-public-release was cached in the local repository, resolution will not be reattempted until the update interval of inria has elapsed or updates are forced
[DEBUG] Could not find metadata org.eclipse.platform:org.eclipse.equinox.common/maven-metadata.xml in local (/home/spirals/danglot/.m2/repository)
[DEBUG] Skipped remote request for org.eclipse.platform:org.eclipse.equinox.common/maven-metadata.xml, locally cached metadata up-to-date.
[DEBUG] Skipped remote request for org.eclipse.platform:org.eclipse.equinox.common/maven-metadata.xml, already updated during this session.
[DEBUG] Failure to find org.eclipse.platform:org.eclipse.equinox.common/maven-metadata.xml in https://stamp-project.github.io/stamp-maven-repository/ was cached in the local repository, resolution will not be reattempted until the update interval of stamp-maven-repository-mvn-repo has elapsed or updates are forced
[DEBUG] Failure to find org.eclipse.platform:org.eclipse.equinox.common/maven-metadata.xml in https://repo.gradle.org/gradle/libs-releases-local/ was cached in the local repository, resolution will not be reattempted until the update interval of gradle-repo has elapsed or updates are forced
[DEBUG] Failure to find org.eclipse.platform:org.eclipse.equinox.common/maven-metadata.xml in https://oss.sonatype.org/content/repositories/snapshots was cached in the local repository, resolution will not be reattempted until the update interval of sonatype-nexus-snapshots has elapsed or updates are forced
[DEBUG] Failure to find org.eclipse.platform:org.eclipse.equinox.common/maven-metadata.xml in http://maven.inria.fr/artifactory/spoon-public-snapshot was cached in the local repository, resolution will not be reattempted until the update interval of maven.inria.fr-snapshot has elapsed or updates are forced
[DEBUG] Failure to find org.eclipse.platform:org.eclipse.equinox.common/maven-metadata.xml in http://maven.inria.fr/artifactory/triskell-public-release was cached in the local repository, resolution will not be reattempted until the update interval of inria has elapsed or updates are forced
[DEBUG] Could not find metadata org.eclipse.platform:org.eclipse.core.jobs/maven-metadata.xml in local (/home/spirals/danglot/.m2/repository)
[DEBUG] Skipped remote request for org.eclipse.platform:org.eclipse.core.jobs/maven-metadata.xml, locally cached metadata up-to-date.
[DEBUG] Skipped remote request for org.eclipse.platform:org.eclipse.core.jobs/maven-metadata.xml, already updated during this session.
[DEBUG] Failure to find org.eclipse.platform:org.eclipse.core.jobs/maven-metadata.xml in https://stamp-project.github.io/stamp-maven-repository/ was cached in the local repository, resolution will not be reattempted until the update interval of stamp-maven-repository-mvn-repo has elapsed or updates are forced
[DEBUG] Failure to find org.eclipse.platform:org.eclipse.core.jobs/maven-metadata.xml in https://repo.gradle.org/gradle/libs-releases-local/ was cached in the local repository, resolution will not be reattempted until the update interval of gradle-repo has elapsed or updates are forced
[DEBUG] Failure to find org.eclipse.platform:org.eclipse.core.jobs/maven-metadata.xml in https://oss.sonatype.org/content/repositories/snapshots was cached in the local repository, resolution will not be reattempted until the update interval of sonatype-nexus-snapshots has elapsed or updates are forced
[DEBUG] Failure to find org.eclipse.platform:org.eclipse.core.jobs/maven-metadata.xml in http://maven.inria.fr/artifactory/spoon-public-snapshot was cached in the local repository, resolution will not be reattempted until the update interval of maven.inria.fr-snapshot has elapsed or updates are forced
[DEBUG] Failure to find org.eclipse.platform:org.eclipse.core.jobs/maven-metadata.xml in http://maven.inria.fr/artifactory/triskell-public-release was cached in the local repository, resolution will not be reattempted until the update interval of inria has elapsed or updates are forced
[DEBUG] Could not find metadata org.eclipse.platform:org.eclipse.equinox.preferences/maven-metadata.xml in local (/home/spirals/danglot/.m2/repository)
[DEBUG] Skipped remote request for org.eclipse.platform:org.eclipse.equinox.preferences/maven-metadata.xml, locally cached metadata up-to-date.
[DEBUG] Skipped remote request for org.eclipse.platform:org.eclipse.equinox.preferences/maven-metadata.xml, already updated during this session.
[DEBUG] Failure to find org.eclipse.platform:org.eclipse.equinox.preferences/maven-metadata.xml in https://stamp-project.github.io/stamp-maven-repository/ was cached in the local repository, resolution will not be reattempted until the update interval of stamp-maven-repository-mvn-repo has elapsed or updates are forced
[DEBUG] Failure to find org.eclipse.platform:org.eclipse.equinox.preferences/maven-metadata.xml in https://repo.gradle.org/gradle/libs-releases-local/ was cached in the local repository, resolution will not be reattempted until the update interval of gradle-repo has elapsed or updates are forced
[DEBUG] Failure to find org.eclipse.platform:org.eclipse.equinox.preferences/maven-metadata.xml in https://oss.sonatype.org/content/repositories/snapshots was cached in the local repository, resolution will not be reattempted until the update interval of sonatype-nexus-snapshots has elapsed or updates are forced
[DEBUG] Failure to find org.eclipse.platform:org.eclipse.equinox.preferences/maven-metadata.xml in http://maven.inria.fr/artifactory/spoon-public-snapshot was cached in the local repository, resolution will not be reattempted until the update interval of maven.inria.fr-snapshot has elapsed or updates are forced
[DEBUG] Failure to find org.eclipse.platform:org.eclipse.equinox.preferences/maven-metadata.xml in http://maven.inria.fr/artifactory/triskell-public-release was cached in the local repository, resolution will not be reattempted until the update interval of inria has elapsed or updates are forced
[DEBUG] Could not find metadata org.eclipse.platform:org.eclipse.core.contenttype/maven-metadata.xml in local (/home/spirals/danglot/.m2/repository)
[DEBUG] Skipped remote request for org.eclipse.platform:org.eclipse.core.contenttype/maven-metadata.xml, locally cached metadata up-to-date.
[DEBUG] Skipped remote request for org.eclipse.platform:org.eclipse.core.contenttype/maven-metadata.xml, already updated during this session.
[DEBUG] Failure to find org.eclipse.platform:org.eclipse.core.contenttype/maven-metadata.xml in https://stamp-project.github.io/stamp-maven-repository/ was cached in the local repository, resolution will not be reattempted until the update interval of stamp-maven-repository-mvn-repo has elapsed or updates are forced
[DEBUG] Failure to find org.eclipse.platform:org.eclipse.core.contenttype/maven-metadata.xml in https://repo.gradle.org/gradle/libs-releases-local/ was cached in the local repository, resolution will not be reattempted until the update interval of gradle-repo has elapsed or updates are forced
[DEBUG] Failure to find org.eclipse.platform:org.eclipse.core.contenttype/maven-metadata.xml in https://oss.sonatype.org/content/repositories/snapshots was cached in the local repository, resolution will not be reattempted until the update interval of sonatype-nexus-snapshots has elapsed or updates are forced
[DEBUG] Failure to find org.eclipse.platform:org.eclipse.core.contenttype/maven-metadata.xml in http://maven.inria.fr/artifactory/spoon-public-snapshot was cached in the local repository, resolution will not be reattempted until the update interval of maven.inria.fr-snapshot has elapsed or updates are forced
[DEBUG] Failure to find org.eclipse.platform:org.eclipse.core.contenttype/maven-metadata.xml in http://maven.inria.fr/artifactory/triskell-public-release was cached in the local repository, resolution will not be reattempted until the update interval of inria has elapsed or updates are forced
[DEBUG] Could not find metadata org.eclipse.platform:org.eclipse.equinox.app/maven-metadata.xml in local (/home/spirals/danglot/.m2/repository)
[DEBUG] Skipped remote request for org.eclipse.platform:org.eclipse.equinox.app/maven-metadata.xml, locally cached metadata up-to-date.
[DEBUG] Skipped remote request for org.eclipse.platform:org.eclipse.equinox.app/maven-metadata.xml, already updated during this session.
[DEBUG] Failure to find org.eclipse.platform:org.eclipse.equinox.app/maven-metadata.xml in https://stamp-project.github.io/stamp-maven-repository/ was cached in the local repository, resolution will not be reattempted until the update interval of stamp-maven-repository-mvn-repo has elapsed or updates are forced
[DEBUG] Failure to find org.eclipse.platform:org.eclipse.equinox.app/maven-metadata.xml in https://repo.gradle.org/gradle/libs-releases-local/ was cached in the local repository, resolution will not be reattempted until the update interval of gradle-repo has elapsed or updates are forced
[DEBUG] Failure to find org.eclipse.platform:org.eclipse.equinox.app/maven-metadata.xml in https://oss.sonatype.org/content/repositories/snapshots was cached in the local repository, resolution will not be reattempted until the update interval of sonatype-nexus-snapshots has elapsed or updates are forced
[DEBUG] Failure to find org.eclipse.platform:org.eclipse.equinox.app/maven-metadata.xml in http://maven.inria.fr/artifactory/spoon-public-snapshot was cached in the local repository, resolution will not be reattempted until the update interval of maven.inria.fr-snapshot has elapsed or updates are forced
[DEBUG] Failure to find org.eclipse.platform:org.eclipse.equinox.app/maven-metadata.xml in http://maven.inria.fr/artifactory/triskell-public-release was cached in the local repository, resolution will not be reattempted until the update interval of inria has elapsed or updates are forced
[DEBUG] Could not find metadata org.eclipse.platform:org.eclipse.core.filesystem/maven-metadata.xml in local (/home/spirals/danglot/.m2/repository)
[DEBUG] Skipped remote request for org.eclipse.platform:org.eclipse.core.filesystem/maven-metadata.xml, locally cached metadata up-to-date.
[DEBUG] Failure to find org.eclipse.platform:org.eclipse.core.filesystem/maven-metadata.xml in https://repo.gradle.org/gradle/libs-releases-local/ was cached in the local repository, resolution will not be reattempted until the update interval of gradle-repo has elapsed or updates are forced
[DEBUG] Failure to find org.eclipse.platform:org.eclipse.core.filesystem/maven-metadata.xml in https://oss.sonatype.org/content/repositories/snapshots was cached in the local repository, resolution will not be reattempted until the update interval of sonatype-nexus-snapshots has elapsed or updates are forced
[DEBUG] Failure to find org.eclipse.platform:org.eclipse.core.filesystem/maven-metadata.xml in http://maven.inria.fr/artifactory/spoon-public-snapshot was cached in the local repository, resolution will not be reattempted until the update interval of maven.inria.fr-snapshot has elapsed or updates are forced
[DEBUG] Failure to find org.eclipse.platform:org.eclipse.core.filesystem/maven-metadata.xml in http://maven.inria.fr/artifactory/triskell-public-release was cached in the local repository, resolution will not be reattempted until the update interval of inria has elapsed or updates are forced
[DEBUG] Using transporter WagonTransporter with priority -1.0 for https://stamp-project.github.io/stamp-maven-repository/
[DEBUG] Using connector BasicRepositoryConnector with priority 0.0 for https://stamp-project.github.io/stamp-maven-repository/
Downloading from stamp-maven-repository-mvn-repo: https://stamp-project.github.io/stamp-maven-repository/org/eclipse/platform/org.eclipse.core.filesystem/maven-metadata.xml
[DEBUG] Writing tracking file /home/spirals/danglot/.m2/repository/org/eclipse/platform/org.eclipse.core.filesystem/resolver-status.properties
[DEBUG] Could not find metadata org.eclipse.platform:org.eclipse.core.filesystem/maven-metadata.xml in stamp-maven-repository-mvn-repo (https://stamp-project.github.io/stamp-maven-repository/)
[DEBUG] Could not find metadata org.eclipse.platform:org.eclipse.osgi/maven-metadata.xml in local (/home/spirals/danglot/.m2/repository)
[DEBUG] Skipped remote request for org.eclipse.platform:org.eclipse.osgi/maven-metadata.xml, locally cached metadata up-to-date.
[DEBUG] Skipped remote request for org.eclipse.platform:org.eclipse.osgi/maven-metadata.xml, already updated during this session.
[DEBUG] Failure to find org.eclipse.platform:org.eclipse.osgi/maven-metadata.xml in https://stamp-project.github.io/stamp-maven-repository/ was cached in the local repository, resolution will not be reattempted until the update interval of stamp-maven-repository-mvn-repo has elapsed or updates are forced
[DEBUG] Failure to find org.eclipse.platform:org.eclipse.osgi/maven-metadata.xml in https://repo.gradle.org/gradle/libs-releases-local/ was cached in the local repository, resolution will not be reattempted until the update interval of gradle-repo has elapsed or updates are forced
[DEBUG] Failure to find org.eclipse.platform:org.eclipse.osgi/maven-metadata.xml in https://oss.sonatype.org/content/repositories/snapshots was cached in the local repository, resolution will not be reattempted until the update interval of sonatype-nexus-snapshots has elapsed or updates are forced
[DEBUG] Failure to find org.eclipse.platform:org.eclipse.osgi/maven-metadata.xml in http://maven.inria.fr/artifactory/spoon-public-snapshot was cached in the local repository, resolution will not be reattempted until the update interval of maven.inria.fr-snapshot has elapsed or updates are forced
[DEBUG] Failure to find org.eclipse.platform:org.eclipse.osgi/maven-metadata.xml in http://maven.inria.fr/artifactory/triskell-public-release was cached in the local repository, resolution will not be reattempted until the update interval of inria has elapsed or updates are forced
[DEBUG] Could not find metadata org.eclipse.platform:org.eclipse.core.runtime/maven-metadata.xml in local (/home/spirals/danglot/.m2/repository)
[DEBUG] Skipped remote request for org.eclipse.platform:org.eclipse.core.runtime/maven-metadata.xml, locally cached metadata up-to-date.
[DEBUG] Skipped remote request for org.eclipse.platform:org.eclipse.core.runtime/maven-metadata.xml, already updated during this session.
[DEBUG] Failure to find org.eclipse.platform:org.eclipse.core.runtime/maven-metadata.xml in https://stamp-project.github.io/stamp-maven-repository/ was cached in the local repository, resolution will not be reattempted until the update interval of stamp-maven-repository-mvn-repo has elapsed or updates are forced
[DEBUG] Failure to find org.eclipse.platform:org.eclipse.core.runtime/maven-metadata.xml in https://repo.gradle.org/gradle/libs-releases-local/ was cached in the local repository, resolution will not be reattempted until the update interval of gradle-repo has elapsed or updates are forced
[DEBUG] Failure to find org.eclipse.platform:org.eclipse.core.runtime/maven-metadata.xml in https://oss.sonatype.org/content/repositories/snapshots was cached in the local repository, resolution will not be reattempted until the update interval of sonatype-nexus-snapshots has elapsed or updates are forced
[DEBUG] Failure to find org.eclipse.platform:org.eclipse.core.runtime/maven-metadata.xml in http://maven.inria.fr/artifactory/spoon-public-snapshot was cached in the local repository, resolution will not be reattempted until the update interval of maven.inria.fr-snapshot has elapsed or updates are forced
[DEBUG] Failure to find org.eclipse.platform:org.eclipse.core.runtime/maven-metadata.xml in http://maven.inria.fr/artifactory/triskell-public-release was cached in the local repository, resolution will not be reattempted until the update interval of inria has elapsed or updates are forced
[DEBUG] Could not find metadata org.eclipse.platform:org.eclipse.core.runtime/maven-metadata.xml in local (/home/spirals/danglot/.m2/repository)
[DEBUG] Skipped remote request for org.eclipse.platform:org.eclipse.core.runtime/maven-metadata.xml, locally cached metadata up-to-date.
[DEBUG] Skipped remote request for org.eclipse.platform:org.eclipse.core.runtime/maven-metadata.xml, already updated during this session.
[DEBUG] Failure to find org.eclipse.platform:org.eclipse.core.runtime/maven-metadata.xml in https://stamp-project.github.io/stamp-maven-repository/ was cached in the local repository, resolution will not be reattempted until the update interval of stamp-maven-repository-mvn-repo has elapsed or updates are forced
[DEBUG] Failure to find org.eclipse.platform:org.eclipse.core.runtime/maven-metadata.xml in https://repo.gradle.org/gradle/libs-releases-local/ was cached in the local repository, resolution will not be reattempted until the update interval of gradle-repo has elapsed or updates are forced
[DEBUG] Failure to find org.eclipse.platform:org.eclipse.core.runtime/maven-metadata.xml in https://oss.sonatype.org/content/repositories/snapshots was cached in the local repository, resolution will not be reattempted until the update interval of sonatype-nexus-snapshots has elapsed or updates are forced
[DEBUG] Failure to find org.eclipse.platform:org.eclipse.core.runtime/maven-metadata.xml in http://maven.inria.fr/artifactory/spoon-public-snapshot was cached in the local repository, resolution will not be reattempted until the update interval of maven.inria.fr-snapshot has elapsed or updates are forced
[DEBUG] Failure to find org.eclipse.platform:org.eclipse.core.runtime/maven-metadata.xml in http://maven.inria.fr/artifactory/triskell-public-release was cached in the local repository, resolution will not be reattempted until the update interval of inria has elapsed or updates are forced
[DEBUG] Could not find metadata org.eclipse.platform:org.eclipse.core.filesystem/maven-metadata.xml in local (/home/spirals/danglot/.m2/repository)
[DEBUG] Skipped remote request for org.eclipse.platform:org.eclipse.core.filesystem/maven-metadata.xml, locally cached metadata up-to-date.
[DEBUG] Skipped remote request for org.eclipse.platform:org.eclipse.core.filesystem/maven-metadata.xml, already updated during this session.
[DEBUG] Failure to find org.eclipse.platform:org.eclipse.core.filesystem/maven-metadata.xml in https://stamp-project.github.io/stamp-maven-repository/ was cached in the local repository, resolution will not be reattempted until the update interval of stamp-maven-repository-mvn-repo has elapsed or updates are forced
[DEBUG] Failure to find org.eclipse.platform:org.eclipse.core.filesystem/maven-metadata.xml in https://repo.gradle.org/gradle/libs-releases-local/ was cached in the local repository, resolution will not be reattempted until the update interval of gradle-repo has elapsed or updates are forced
[DEBUG] Failure to find org.eclipse.platform:org.eclipse.core.filesystem/maven-metadata.xml in https://oss.sonatype.org/content/repositories/snapshots was cached in the local repository, resolution will not be reattempted until the update interval of sonatype-nexus-snapshots has elapsed or updates are forced
[DEBUG] Failure to find org.eclipse.platform:org.eclipse.core.filesystem/maven-metadata.xml in http://maven.inria.fr/artifactory/spoon-public-snapshot was cached in the local repository, resolution will not be reattempted until the update interval of maven.inria.fr-snapshot has elapsed or updates are forced
[DEBUG] Failure to find org.eclipse.platform:org.eclipse.core.filesystem/maven-metadata.xml in http://maven.inria.fr/artifactory/triskell-public-release was cached in the local repository, resolution will not be reattempted until the update interval of inria has elapsed or updates are forced
[DEBUG] Could not find metadata org.eclipse.platform:org.eclipse.text/maven-metadata.xml in local (/home/spirals/danglot/.m2/repository)
[DEBUG] Skipped remote request for org.eclipse.platform:org.eclipse.text/maven-metadata.xml, locally cached metadata up-to-date.
[DEBUG] Failure to find org.eclipse.platform:org.eclipse.text/maven-metadata.xml in https://repo.gradle.org/gradle/libs-releases-local/ was cached in the local repository, resolution will not be reattempted until the update interval of gradle-repo has elapsed or updates are forced
[DEBUG] Failure to find org.eclipse.platform:org.eclipse.text/maven-metadata.xml in https://oss.sonatype.org/content/repositories/snapshots was cached in the local repository, resolution will not be reattempted until the update interval of sonatype-nexus-snapshots has elapsed or updates are forced
[DEBUG] Failure to find org.eclipse.platform:org.eclipse.text/maven-metadata.xml in http://maven.inria.fr/artifactory/spoon-public-snapshot was cached in the local repository, resolution will not be reattempted until the update interval of maven.inria.fr-snapshot has elapsed or updates are forced
[DEBUG] Failure to find org.eclipse.platform:org.eclipse.text/maven-metadata.xml in http://maven.inria.fr/artifactory/triskell-public-release was cached in the local repository, resolution will not be reattempted until the update interval of inria has elapsed or updates are forced
[DEBUG] Using transporter WagonTransporter with priority -1.0 for https://stamp-project.github.io/stamp-maven-repository/
[DEBUG] Using connector BasicRepositoryConnector with priority 0.0 for https://stamp-project.github.io/stamp-maven-repository/
Downloading from stamp-maven-repository-mvn-repo: https://stamp-project.github.io/stamp-maven-repository/org/eclipse/platform/org.eclipse.text/maven-metadata.xml
[DEBUG] Writing tracking file /home/spirals/danglot/.m2/repository/org/eclipse/platform/org.eclipse.text/resolver-status.properties
[DEBUG] Could not find metadata org.eclipse.platform:org.eclipse.text/maven-metadata.xml in stamp-maven-repository-mvn-repo (https://stamp-project.github.io/stamp-maven-repository/)
[DEBUG] Could not find metadata org.eclipse.platform:org.eclipse.core.commands/maven-metadata.xml in local (/home/spirals/danglot/.m2/repository)
[DEBUG] Skipped remote request for org.eclipse.platform:org.eclipse.core.commands/maven-metadata.xml, locally cached metadata up-to-date.
[DEBUG] Failure to find org.eclipse.platform:org.eclipse.core.commands/maven-metadata.xml in https://repo.gradle.org/gradle/libs-releases-local/ was cached in the local repository, resolution will not be reattempted until the update interval of gradle-repo has elapsed or updates are forced
[DEBUG] Failure to find org.eclipse.platform:org.eclipse.core.commands/maven-metadata.xml in https://oss.sonatype.org/content/repositories/snapshots was cached in the local repository, resolution will not be reattempted until the update interval of sonatype-nexus-snapshots has elapsed or updates are forced
[DEBUG] Failure to find org.eclipse.platform:org.eclipse.core.commands/maven-metadata.xml in http://maven.inria.fr/artifactory/spoon-public-snapshot was cached in the local repository, resolution will not be reattempted until the update interval of maven.inria.fr-snapshot has elapsed or updates are forced
[DEBUG] Failure to find org.eclipse.platform:org.eclipse.core.commands/maven-metadata.xml in http://maven.inria.fr/artifactory/triskell-public-release was cached in the local repository, resolution will not be reattempted until the update interval of inria has elapsed or updates are forced
[DEBUG] Using transporter WagonTransporter with priority -1.0 for https://stamp-project.github.io/stamp-maven-repository/
[DEBUG] Using connector BasicRepositoryConnector with priority 0.0 for https://stamp-project.github.io/stamp-maven-repository/
Downloading from stamp-maven-repository-mvn-repo: https://stamp-project.github.io/stamp-maven-repository/org/eclipse/platform/org.eclipse.core.commands/maven-metadata.xml
[DEBUG] Writing tracking file /home/spirals/danglot/.m2/repository/org/eclipse/platform/org.eclipse.core.commands/resolver-status.properties
[DEBUG] Could not find metadata org.eclipse.platform:org.eclipse.core.commands/maven-metadata.xml in stamp-maven-repository-mvn-repo (https://stamp-project.github.io/stamp-maven-repository/)
[DEBUG] Could not find metadata org.eclipse.platform:org.eclipse.equinox.common/maven-metadata.xml in local (/home/spirals/danglot/.m2/repository)
[DEBUG] Skipped remote request for org.eclipse.platform:org.eclipse.equinox.common/maven-metadata.xml, locally cached metadata up-to-date.
[DEBUG] Skipped remote request for org.eclipse.platform:org.eclipse.equinox.common/maven-metadata.xml, already updated during this session.
[DEBUG] Failure to find org.eclipse.platform:org.eclipse.equinox.common/maven-metadata.xml in https://stamp-project.github.io/stamp-maven-repository/ was cached in the local repository, resolution will not be reattempted until the update interval of stamp-maven-repository-mvn-repo has elapsed or updates are forced
[DEBUG] Failure to find org.eclipse.platform:org.eclipse.equinox.common/maven-metadata.xml in https://repo.gradle.org/gradle/libs-releases-local/ was cached in the local repository, resolution will not be reattempted until the update interval of gradle-repo has elapsed or updates are forced
[DEBUG] Failure to find org.eclipse.platform:org.eclipse.equinox.common/maven-metadata.xml in https://oss.sonatype.org/content/repositories/snapshots was cached in the local repository, resolution will not be reattempted until the update interval of sonatype-nexus-snapshots has elapsed or updates are forced
[DEBUG] Failure to find org.eclipse.platform:org.eclipse.equinox.common/maven-metadata.xml in http://maven.inria.fr/artifactory/spoon-public-snapshot was cached in the local repository, resolution will not be reattempted until the update interval of maven.inria.fr-snapshot has elapsed or updates are forced
[DEBUG] Failure to find org.eclipse.platform:org.eclipse.equinox.common/maven-metadata.xml in http://maven.inria.fr/artifactory/triskell-public-release was cached in the local repository, resolution will not be reattempted until the update interval of inria has elapsed or updates are forced
[DEBUG] Could not find metadata org.eclipse.platform:org.eclipse.core.runtime/maven-metadata.xml in local (/home/spirals/danglot/.m2/repository)
[DEBUG] Skipped remote request for org.eclipse.platform:org.eclipse.core.runtime/maven-metadata.xml, locally cached metadata up-to-date.
[DEBUG] Skipped remote request for org.eclipse.platform:org.eclipse.core.runtime/maven-metadata.xml, already updated during this session.
[DEBUG] Failure to find org.eclipse.platform:org.eclipse.core.runtime/maven-metadata.xml in https://stamp-project.github.io/stamp-maven-repository/ was cached in the local repository, resolution will not be reattempted until the update interval of stamp-maven-repository-mvn-repo has elapsed or updates are forced
[DEBUG] Failure to find org.eclipse.platform:org.eclipse.core.runtime/maven-metadata.xml in https://repo.gradle.org/gradle/libs-releases-local/ was cached in the local repository, resolution will not be reattempted until the update interval of gradle-repo has elapsed or updates are forced
[DEBUG] Failure to find org.eclipse.platform:org.eclipse.core.runtime/maven-metadata.xml in https://oss.sonatype.org/content/repositories/snapshots was cached in the local repository, resolution will not be reattempted until the update interval of sonatype-nexus-snapshots has elapsed or updates are forced
[DEBUG] Failure to find org.eclipse.platform:org.eclipse.core.runtime/maven-metadata.xml in http://maven.inria.fr/artifactory/spoon-public-snapshot was cached in the local repository, resolution will not be reattempted until the update interval of maven.inria.fr-snapshot has elapsed or updates are forced
[DEBUG] Failure to find org.eclipse.platform:org.eclipse.core.runtime/maven-metadata.xml in http://maven.inria.fr/artifactory/triskell-public-release was cached in the local repository, resolution will not be reattempted until the update interval of inria has elapsed or updates are forced
[DEBUG] Dependency collection stats: {ConflictMarker.analyzeTime=3739480, ConflictMarker.markTime=908980, ConflictMarker.nodeCount=672, ConflictIdSorter.graphTime=3092278, ConflictIdSorter.topsortTime=181651, ConflictIdSorter.conflictIdCount=98, ConflictIdSorter.conflictIdCycleCount=0, ConflictResolver.totalTime=9384666, ConflictResolver.conflictItemCount=307, DefaultDependencyCollector.collectTime=4797689836, DefaultDependencyCollector.transformTime=17400520}
[DEBUG] eu.stamp-project:dspot-maven:jar:1.1.1-SNAPSHOT:
[DEBUG]    eu.stamp-project:dspot:jar:1.1.1-SNAPSHOT:compile
[DEBUG]       fr.inria.gforge.spoon:spoon-core:jar:7.1.0-SNAPSHOT:compile
[DEBUG]          org.eclipse.jdt:org.eclipse.jdt.core:jar:3.13.102:compile
[DEBUG]             org.eclipse.platform:org.eclipse.core.resources:jar:3.13.100:compile
[DEBUG]                org.eclipse.platform:org.eclipse.core.expressions:jar:3.6.200:compile
[DEBUG]             org.eclipse.platform:org.eclipse.core.runtime:jar:3.15.0:compile
[DEBUG]                org.eclipse.platform:org.eclipse.osgi:jar:3.13.100:compile
[DEBUG]                org.eclipse.platform:org.eclipse.equinox.common:jar:3.10.100:compile
[DEBUG]                org.eclipse.platform:org.eclipse.core.jobs:jar:3.10.100:compile
[DEBUG]                org.eclipse.platform:org.eclipse.equinox.registry:jar:3.8.100:compile
[DEBUG]                org.eclipse.platform:org.eclipse.equinox.preferences:jar:3.7.200:compile
[DEBUG]                org.eclipse.platform:org.eclipse.core.contenttype:jar:3.7.100:compile
[DEBUG]                org.eclipse.platform:org.eclipse.equinox.app:jar:1.3.600:compile
[DEBUG]             org.eclipse.platform:org.eclipse.core.filesystem:jar:1.7.200:compile
[DEBUG]             org.eclipse.platform:org.eclipse.text:jar:3.7.0:compile
[DEBUG]                org.eclipse.platform:org.eclipse.core.commands:jar:3.9.200:compile
[DEBUG]          com.martiansoftware:jsap:jar:2.1:compile
[DEBUG]          log4j:log4j:jar:1.2.17:compile
[DEBUG]          com.fasterxml.jackson.core:jackson-databind:jar:2.9.2:compile
[DEBUG]             com.fasterxml.jackson.core:jackson-annotations:jar:2.9.0:compile
[DEBUG]             com.fasterxml.jackson.core:jackson-core:jar:2.9.2:compile
[DEBUG]          org.benf:cfr:jar:0.132.0:compile
[DEBUG]       junit:junit:jar:4.12:compile
[DEBUG]          org.hamcrest:hamcrest-core:jar:1.3:compile
[DEBUG]       com.google.code.gson:gson:jar:2.8.0:compile
[DEBUG]       org.apache.maven.shared:maven-invoker:jar:3.0.0:compile
[DEBUG]       org.slf4j:slf4j-api:jar:1.7.25:compile
[DEBUG]       org.slf4j:slf4j-log4j12:jar:1.7.25:compile
[DEBUG]       org.jacoco:org.jacoco.core:jar:0.7.9:compile
[DEBUG]          org.ow2.asm:asm-debug-all:jar:5.2:compile
[DEBUG]       eu.stamp-project:descartes:jar:1.1:compile
[DEBUG]          org.pitest:pitest:jar:1.2.0:compile
[DEBUG]          org.pitest:pitest-entry:jar:1.2.0:compile
[DEBUG]             com.thoughtworks.xstream:xstream:jar:1.4.8:compile
[DEBUG]                xmlpull:xmlpull:jar:1.1.3.1:compile
[DEBUG]                xpp3:xpp3_min:jar:1.1.4c:compile
[DEBUG]       org.gradle:gradle-tooling-api:jar:4.0.1:compile
[DEBUG]       org.mockito:mockito-core:jar:2.10.0:compile
[DEBUG]          net.bytebuddy:byte-buddy:jar:1.7.4:runtime
[DEBUG]          net.bytebuddy:byte-buddy-agent:jar:1.7.4:runtime
[DEBUG]          org.objenesis:objenesis:jar:2.6:runtime
[DEBUG]       eu.stamp-project:test-runner:jar:jar-with-dependencies:1.1.0:compile
[DEBUG]       org.openclover:clover:jar:4.2.1:compile
[DEBUG]       fr.inria.gforge.spoon.labs:gumtree-spoon-ast-diff:jar:1.3:compile
[DEBUG]          com.github.gumtreediff:core:jar:2.0.0:compile
[DEBUG]             com.github.mpkorstanje:simmetrics-core:jar:3.0.3:compile
[DEBUG]                commons-codec:commons-codec:jar:1.10:compile
[DEBUG]             net.sf.trove4j:trove4j:jar:3.0.3:compile
[DEBUG]    org.apache.maven:maven-plugin-api:jar:3.5.0:compile
[DEBUG]       org.apache.maven:maven-artifact:jar:3.5.0:compile
[DEBUG]       org.eclipse.sisu:org.eclipse.sisu.plexus:jar:0.3.3:compile
[DEBUG]          javax.enterprise:cdi-api:jar:1.0:compile
[DEBUG]             javax.annotation:jsr250-api:jar:1.0:compile
[DEBUG]          org.eclipse.sisu:org.eclipse.sisu.inject:jar:0.3.3:compile
[DEBUG]    org.apache.maven.plugin-testing:maven-plugin-testing-harness:jar:3.3.0:compile
[DEBUG]       commons-io:commons-io:jar:2.2:compile
[DEBUG]       org.codehaus.plexus:plexus-archiver:jar:2.2:compile
[DEBUG]          org.codehaus.plexus:plexus-io:jar:2.0.4:compile
[DEBUG]    org.apache.maven:maven-compat:jar:3.5.0:compile
[DEBUG]       org.apache.maven:maven-model-builder:jar:3.5.0:compile
[DEBUG]          org.apache.maven:maven-builder-support:jar:3.5.0:compile
[DEBUG]          com.google.guava:guava:jar:20.0:compile
[DEBUG]       org.apache.maven:maven-settings:jar:3.5.0:compile
[DEBUG]       org.apache.maven:maven-resolver-provider:jar:3.5.0:compile
[DEBUG]       org.apache.maven.resolver:maven-resolver-api:jar:1.0.3:compile
[DEBUG]       org.apache.maven.resolver:maven-resolver-util:jar:1.0.3:compile
[DEBUG]       org.apache.maven.resolver:maven-resolver-impl:jar:1.0.3:compile
[DEBUG]       org.codehaus.plexus:plexus-utils:jar:3.0.24:compile
[DEBUG]       org.codehaus.plexus:plexus-interpolation:jar:1.24:compile
[DEBUG]       org.codehaus.plexus:plexus-component-annotations:jar:1.7.1:compile
[DEBUG]       org.apache.maven.wagon:wagon-provider-api:jar:2.12:compile
[DEBUG]    org.apache.maven:maven-core:jar:3.5.0:compile
[DEBUG]       org.apache.maven:maven-settings-builder:jar:3.5.0:compile
[DEBUG]       org.apache.maven:maven-repository-metadata:jar:3.5.0:compile
[DEBUG]       org.apache.maven.resolver:maven-resolver-spi:jar:1.0.3:compile
[DEBUG]       org.apache.maven.shared:maven-shared-utils:jar:3.1.0:compile
[DEBUG]       com.google.inject:guice:jar:no_aop:4.0:compile
[DEBUG]          javax.inject:javax.inject:jar:1:compile
[DEBUG]          aopalliance:aopalliance:jar:1.0:compile
[DEBUG]       org.codehaus.plexus:plexus-classworlds:jar:2.5.2:compile
[DEBUG]       org.sonatype.plexus:plexus-sec-dispatcher:jar:1.4:compile
[DEBUG]          org.sonatype.plexus:plexus-cipher:jar:1.4:compile
[DEBUG]       org.apache.commons:commons-lang3:jar:3.5:compile
[DEBUG]    org.apache.maven:maven-model:jar:3.5.0:compile
[DEBUG]    org.apache.maven:maven-aether-provider:jar:3.3.9:compile
[DEBUG]       org.eclipse.aether:aether-api:jar:1.0.2.v20150114:compile
[DEBUG]       org.eclipse.aether:aether-spi:jar:1.0.2.v20150114:compile
[DEBUG]       org.eclipse.aether:aether-util:jar:1.0.2.v20150114:compile
[DEBUG]       org.eclipse.aether:aether-impl:jar:1.0.2.v20150114:compile
[DEBUG]    org.apache.maven:maven-project:jar:2.2.1:compile
[DEBUG]       org.apache.maven:maven-profile:jar:2.2.1:compile
[DEBUG]       org.apache.maven:maven-artifact-manager:jar:2.2.1:compile
[DEBUG]          backport-util-concurrent:backport-util-concurrent:jar:3.1:compile
[DEBUG]       org.apache.maven:maven-plugin-registry:jar:2.2.1:compile
[DEBUG]       org.codehaus.plexus:plexus-container-default:jar:1.0-alpha-9-stable-1:compile
[DEBUG]          classworlds:classworlds:jar:1.1-alpha-2:compile
[DEBUG] Created new class realm plugin>eu.stamp-project:dspot-maven:1.1.1-SNAPSHOT
[DEBUG] Importing foreign packages into class realm plugin>eu.stamp-project:dspot-maven:1.1.1-SNAPSHOT
[DEBUG]   Imported:  < project>org.apache.pdfbox:pdfbox:3.0.0-SNAPSHOT
[DEBUG] Populating class realm plugin>eu.stamp-project:dspot-maven:1.1.1-SNAPSHOT
[DEBUG]   Included: eu.stamp-project:dspot-maven:jar:1.1.1-SNAPSHOT
[DEBUG]   Included: eu.stamp-project:dspot:jar:1.1.1-SNAPSHOT
[DEBUG]   Included: fr.inria.gforge.spoon:spoon-core:jar:7.1.0-SNAPSHOT
[DEBUG]   Included: org.eclipse.jdt:org.eclipse.jdt.core:jar:3.13.102
[DEBUG]   Included: org.eclipse.platform:org.eclipse.core.resources:jar:3.13.100
[DEBUG]   Included: org.eclipse.platform:org.eclipse.core.expressions:jar:3.6.200
[DEBUG]   Included: org.eclipse.platform:org.eclipse.core.runtime:jar:3.15.0
[DEBUG]   Included: org.eclipse.platform:org.eclipse.osgi:jar:3.13.100
[DEBUG]   Included: org.eclipse.platform:org.eclipse.equinox.common:jar:3.10.100
[DEBUG]   Included: org.eclipse.platform:org.eclipse.core.jobs:jar:3.10.100
[DEBUG]   Included: org.eclipse.platform:org.eclipse.equinox.registry:jar:3.8.100
[DEBUG]   Included: org.eclipse.platform:org.eclipse.equinox.preferences:jar:3.7.200
[DEBUG]   Included: org.eclipse.platform:org.eclipse.core.contenttype:jar:3.7.100
[DEBUG]   Included: org.eclipse.platform:org.eclipse.equinox.app:jar:1.3.600
[DEBUG]   Included: org.eclipse.platform:org.eclipse.core.filesystem:jar:1.7.200
[DEBUG]   Included: org.eclipse.platform:org.eclipse.text:jar:3.7.0
[DEBUG]   Included: org.eclipse.platform:org.eclipse.core.commands:jar:3.9.200
[DEBUG]   Included: com.martiansoftware:jsap:jar:2.1
[DEBUG]   Included: log4j:log4j:jar:1.2.17
[DEBUG]   Included: com.fasterxml.jackson.core:jackson-databind:jar:2.9.2
[DEBUG]   Included: com.fasterxml.jackson.core:jackson-annotations:jar:2.9.0
[DEBUG]   Included: com.fasterxml.jackson.core:jackson-core:jar:2.9.2
[DEBUG]   Included: org.benf:cfr:jar:0.132.0
[DEBUG]   Included: junit:junit:jar:4.12
[DEBUG]   Included: org.hamcrest:hamcrest-core:jar:1.3
[DEBUG]   Included: com.google.code.gson:gson:jar:2.8.0
[DEBUG]   Included: org.apache.maven.shared:maven-invoker:jar:3.0.0
[DEBUG]   Included: org.slf4j:slf4j-log4j12:jar:1.7.25
[DEBUG]   Included: org.jacoco:org.jacoco.core:jar:0.7.9
[DEBUG]   Included: org.ow2.asm:asm-debug-all:jar:5.2
[DEBUG]   Included: eu.stamp-project:descartes:jar:1.1
[DEBUG]   Included: org.pitest:pitest:jar:1.2.0
[DEBUG]   Included: org.pitest:pitest-entry:jar:1.2.0
[DEBUG]   Included: com.thoughtworks.xstream:xstream:jar:1.4.8
[DEBUG]   Included: xmlpull:xmlpull:jar:1.1.3.1
[DEBUG]   Included: xpp3:xpp3_min:jar:1.1.4c
[DEBUG]   Included: org.gradle:gradle-tooling-api:jar:4.0.1
[DEBUG]   Included: org.mockito:mockito-core:jar:2.10.0
[DEBUG]   Included: net.bytebuddy:byte-buddy:jar:1.7.4
[DEBUG]   Included: net.bytebuddy:byte-buddy-agent:jar:1.7.4
[DEBUG]   Included: org.objenesis:objenesis:jar:2.6
[DEBUG]   Included: eu.stamp-project:test-runner:jar:jar-with-dependencies:1.1.0
[DEBUG]   Included: org.openclover:clover:jar:4.2.1
[DEBUG]   Included: fr.inria.gforge.spoon.labs:gumtree-spoon-ast-diff:jar:1.3
[DEBUG]   Included: com.github.gumtreediff:core:jar:2.0.0
[DEBUG]   Included: com.github.mpkorstanje:simmetrics-core:jar:3.0.3
[DEBUG]   Included: commons-codec:commons-codec:jar:1.10
[DEBUG]   Included: net.sf.trove4j:trove4j:jar:3.0.3
[DEBUG]   Included: javax.enterprise:cdi-api:jar:1.0
[DEBUG]   Included: org.eclipse.sisu:org.eclipse.sisu.inject:jar:0.3.3
[DEBUG]   Included: org.apache.maven.plugin-testing:maven-plugin-testing-harness:jar:3.3.0
[DEBUG]   Included: commons-io:commons-io:jar:2.2
[DEBUG]   Included: org.codehaus.plexus:plexus-archiver:jar:2.2
[DEBUG]   Included: org.codehaus.plexus:plexus-io:jar:2.0.4
[DEBUG]   Included: org.apache.maven:maven-builder-support:jar:3.5.0
[DEBUG]   Included: com.google.guava:guava:jar:20.0
[DEBUG]   Included: org.apache.maven.resolver:maven-resolver-util:jar:1.0.3
[DEBUG]   Included: org.codehaus.plexus:plexus-utils:jar:3.0.24
[DEBUG]   Included: org.codehaus.plexus:plexus-interpolation:jar:1.24
[DEBUG]   Included: org.codehaus.plexus:plexus-component-annotations:jar:1.7.1
[DEBUG]   Included: org.apache.maven.shared:maven-shared-utils:jar:3.1.0
[DEBUG]   Included: com.google.inject:guice:jar:no_aop:4.0
[DEBUG]   Included: aopalliance:aopalliance:jar:1.0
[DEBUG]   Included: org.sonatype.plexus:plexus-sec-dispatcher:jar:1.4
[DEBUG]   Included: org.sonatype.plexus:plexus-cipher:jar:1.4
[DEBUG]   Included: org.apache.commons:commons-lang3:jar:3.5
[DEBUG]   Included: org.eclipse.aether:aether-util:jar:1.0.2.v20150114
[DEBUG]   Included: backport-util-concurrent:backport-util-concurrent:jar:3.1
[DEBUG] Configuring mojo eu.stamp-project:dspot-maven:1.1.1-SNAPSHOT:amplify-unit-tests from plugin realm ClassRealm[plugin>eu.stamp-project:dspot-maven:1.1.1-SNAPSHOT, parent: sun.misc.Launcher$AppClassLoader@55f96302]
[DEBUG] Configuring mojo 'eu.stamp-project:dspot-maven:1.1.1-SNAPSHOT:amplify-unit-tests' with basic configurator -->
[DEBUG]   (f) amplifiers = [TestDataMutator, MethodAdd, MethodRemove, MethodGeneratorAmplifier, ReturnValueAmplifier, NullifierAmplifier]
[DEBUG]   (f) automaticBuilder = MavenBuilder
[DEBUG]   (f) budgetizer = SimpleBudgetizer
[DEBUG]   (f) cases = []
[DEBUG]   (f) clean = true
[DEBUG]   (f) descartes = false
[DEBUG]   (f) example = false
[DEBUG]   (f) generateNewTestClass = true
[DEBUG]   (f) help = false
[DEBUG]   (f) iteration = 3
[DEBUG]   (f) maxTestAmplified = 200
[DEBUG]   (f) noMinimize = false
[DEBUG]   (f) outputPath = /tmp/icst-2019/september-2018/result/pdfbox/commit_6_a6b3b6c/input_amplification
[DEBUG]   (f) pathToSecondVersion = /tmp/icst-2019/september-2018/dataset/pdfbox/pdfbox
[DEBUG]   (f) pathToTestListCsv = /tmp/icst-2019/september-2018/result/pdfbox/commit_6_a6b3b6c/testsThatExecuteTheChanges.csv
[DEBUG]   (f) project = MavenProject: org.apache.pdfbox:pdfbox:3.0.0-SNAPSHOT @ /tmp/icst-2019/september-2018/dataset/pdfbox_parent/pdfbox/pom.xml
[DEBUG]   (f) randomSeed = 23
[DEBUG]   (f) test = [all]
[DEBUG]   (f) testCriterion = ChangeDetectorSelector
[DEBUG]   (f) timeOut = 10000
[DEBUG]   (f) useMavenToExeTest = false
[DEBUG]   (f) verbose = true
[DEBUG]   (f) withComment = false
[DEBUG]   (f) workingDirectory = false
[DEBUG] -- end configuration --
[INFO] Path to runner Classes: /home/spirals/danglot/.m2/repository/eu/stamp-project/test-runner/1.1.0/test-runner-1.1.0-jar-with-dependencies.jar
[INFO] /home/spirals/danglot/.m2/repository/org/jacoco/org.jacoco.core/0.7.9/org.jacoco.core-0.7.9.jar
[INFO] /home/spirals/danglot/.m2/repository/org/ow2/asm/asm-debug-all/5.2/asm-debug-all-5.2.jar
[INFO] /home/spirals/danglot/.m2/repository/eu/stamp-project/test-runner/1.1.0/test-runner-1.1.0-jar-with-dependencies.jar
[WARNING] automaticBuilderName: unknown automatic builder specified in configuration, going to default.
[INFO] Default: provided Maven automatic builder.
[INFO] Using /home/spirals/danglot/apache-maven-3.5.4 for maven home
[INFO] run maven: {}/bin/mvn /home/spirals/danglot/apache-maven-3.5.4
[WARN] Maven will be executed in interactive mode, but no input stream has been configured for this MavenInvoker instance.
[INFO] Scanning for projects...
[INFO] 
[INFO] ----------------------< org.apache.pdfbox:pdfbox >----------------------
[INFO] Building Apache PDFBox 3.0.0-SNAPSHOT
[INFO] -------------------------------[ bundle ]-------------------------------
[INFO] 
[INFO] --- maven-clean-plugin:3.1.0:clean (default-clean) @ pdfbox ---
[INFO] Deleting /tmp/icst-2019/september-2018/dataset/pdfbox_parent/pdfbox/target
[INFO] 
[INFO] --- maven-enforcer-plugin:1.4.1:enforce (enforce-maven-version) @ pdfbox ---
[INFO] Skipping Rule Enforcement.
[INFO] 
[INFO] --- maven-enforcer-plugin:1.4.1:enforce (default) @ pdfbox ---
[INFO] Skipping Rule Enforcement.
[INFO] 
[INFO] --- maven-remote-resources-plugin:1.5:process (process-resource-bundles) @ pdfbox ---
[INFO] 
[INFO] --- maven-resources-plugin:3.1.0:resources (default-resources) @ pdfbox ---
[INFO] Using 'UTF-8' encoding to copy filtered resources.
[INFO] Copying 1 resource
[INFO] Copying 21 resources
[INFO] Copying 3 resources
[INFO] 
[INFO] --- maven-compiler-plugin:3.7.0:compile (default-compile) @ pdfbox ---
[INFO] Changes detected - recompiling the module!
[INFO] Compiling 598 source files to /tmp/icst-2019/september-2018/dataset/pdfbox_parent/pdfbox/target/classes
[WARNING] bootstrap class path not set in conjunction with -source 1.7
[WARNING] /tmp/icst-2019/september-2018/dataset/pdfbox_parent/pdfbox/src/main/java/org/apache/pdfbox/pdmodel/font/PDFont.java:[310,27] getHeight(int) in org.apache.pdfbox.pdmodel.font.PDFontLike has been deprecated
[WARNING] /tmp/icst-2019/september-2018/dataset/pdfbox_parent/pdfbox/src/main/java/org/apache/pdfbox/pdmodel/font/PDCIDFont.java:[297,27] getHeight(int) in org.apache.pdfbox.pdmodel.font.PDFontLike has been deprecated
[WARNING] /tmp/icst-2019/september-2018/dataset/pdfbox_parent/pdfbox/src/main/java/org/apache/pdfbox/pdmodel/font/TrueTypeEmbedder.java:[102,19] getUnicodeCmap() in org.apache.fontbox.ttf.TrueTypeFont has been deprecated
[INFO] /tmp/icst-2019/september-2018/dataset/pdfbox_parent/pdfbox/src/main/java/org/apache/pdfbox/pdmodel/common/PDStream.java: Some input files use unchecked or unsafe operations.
[INFO] /tmp/icst-2019/september-2018/dataset/pdfbox_parent/pdfbox/src/main/java/org/apache/pdfbox/pdmodel/common/PDStream.java: Recompile with -Xlint:unchecked for details.
[INFO] 
[INFO] --- download-maven-plugin:1.3.0:wget (PDFBOX-3208) @ pdfbox ---
[INFO] Got from cache: /home/spirals/danglot/.m2/repository/.cache/download-maven-plugin/PDFBOX-3208-L33MUTT2SVCWGCS6UIYL5TH3PNPXHIS6.pdf_de0669b66f08ae8aa43c86a621ff5bec
[INFO] 
[INFO] --- download-maven-plugin:1.3.0:wget (PDFBOX-3940) @ pdfbox ---
[INFO] Got from cache: /home/spirals/danglot/.m2/repository/.cache/download-maven-plugin/PDFBOX-3940-079977.pdf_9f10014885782ad11ddc58590e4abf33
[INFO] 
[INFO] --- download-maven-plugin:1.3.0:wget (PDFBOX-3783) @ pdfbox ---
[INFO] Got from cache: /home/spirals/danglot/.m2/repository/.cache/download-maven-plugin/PDFBOX-3783-72GLBIGUC6LB46ELZFBARRJTLN4RBSQM.pdf_469d6b4e548b111aa3e37373e5553584
[INFO] 
[INFO] --- download-maven-plugin:1.3.0:wget (PDFBOX-3785) @ pdfbox ---
[INFO] Got from cache: /home/spirals/danglot/.m2/repository/.cache/download-maven-plugin/PDFBOX-3785-202097.pdf_048947aaae4941f36421b28526ed6141
[INFO] 
[INFO] --- download-maven-plugin:1.3.0:wget (PDFBOX-3947) @ pdfbox ---
[INFO] Got from cache: /home/spirals/danglot/.m2/repository/.cache/download-maven-plugin/PDFBOX-3947-670064.pdf_4051e330dc7ecfb9c3f1631a8f25a796
[INFO] 
[INFO] --- download-maven-plugin:1.3.0:wget (PDFBOX-3948) @ pdfbox ---
[INFO] Got from cache: /home/spirals/danglot/.m2/repository/.cache/download-maven-plugin/PDFBOX-3948-EUWO6SQS5TM4VGOMRD3FLXZHU35V2CP2.pdf_ba0d9f1e63b0fc95de8324455d9cb03b
[INFO] 
[INFO] --- download-maven-plugin:1.3.0:wget (PDFBOX-3949) @ pdfbox ---
[INFO] Got from cache: /home/spirals/danglot/.m2/repository/.cache/download-maven-plugin/PDFBOX-3949-MKFYUGZWS3OPXLLVU2Z4LWCTVA5WNOGF.pdf_6e3d56ad031796b7efe7163bb068cc69
[INFO] 
[INFO] --- download-maven-plugin:1.3.0:wget (PDFBOX-3950) @ pdfbox ---
[INFO] Got from cache: /home/spirals/danglot/.m2/repository/.cache/download-maven-plugin/PDFBOX-3950-23EGDHXSBBYQLKYOKGZUOVYVNE675PRD.pdf_b77946d9f033ca421daf140c59ca343d
[INFO] 
[INFO] --- download-maven-plugin:1.3.0:wget (PDFBOX-3951) @ pdfbox ---
[INFO] Got from cache: /home/spirals/danglot/.m2/repository/.cache/download-maven-plugin/PDFBOX-3951-FIHUZWDDL2VGPOE34N6YHWSIGSH5LVGZ.pdf_48c20f7e871e43c587301caffa853c48
[INFO] 
[INFO] --- download-maven-plugin:1.3.0:wget (PDFBOX-3964) @ pdfbox ---
[INFO] Got from cache: /home/spirals/danglot/.m2/repository/.cache/download-maven-plugin/PDFBOX-3964-c687766d68ac766be3f02aaec5e0d713_2.pdf_12b9ac4133f6e3939cbb590ad749d3bf
[INFO] 
[INFO] --- download-maven-plugin:1.3.0:wget (PDFBOX-3977) @ pdfbox ---
[INFO] Got from cache: /home/spirals/danglot/.m2/repository/.cache/download-maven-plugin/PDFBOX-3977-63NGFQRI44HQNPIPEJH5W2TBM6DJZWMI.pdf_27714aefc8fe3adc66227de09e88af42
[INFO] 
[INFO] --- download-maven-plugin:1.3.0:wget (Genko) @ pdfbox ---
[INFO] Got from cache: /home/spirals/danglot/.m2/repository/.cache/download-maven-plugin/genko_oc_shiryo1.pdf_e2af07f3ca9304c3e3ecdf533cfd3c8d
[INFO] 
[INFO] --- download-maven-plugin:1.3.0:wget (PDFBOX-3999) @ pdfbox ---
[INFO] Got from cache: /home/spirals/danglot/.m2/repository/.cache/download-maven-plugin/PDFBOX-3999-GeneralForbearance.pdf_752f3764ee13669ba9e6dd3080300f64
[INFO] 
[INFO] --- download-maven-plugin:1.3.0:wget (PDFBOX-4106) @ pdfbox ---
[INFO] Got from cache: /home/spirals/danglot/.m2/repository/.cache/download-maven-plugin/ipag00303.zip_a12edefe6d9331f33338c91e317ea8cb
[INFO] 
[INFO] --- download-maven-plugin:1.3.0:wget (PDFBOX-4106b) @ pdfbox ---
[INFO] Got from cache: /home/spirals/danglot/.m2/repository/.cache/download-maven-plugin/ipagp00303.zip_378d024f5708846381fba93f475e69ac
[INFO] 
[INFO] --- download-maven-plugin:1.3.0:wget (PDFBOX-4115) @ pdfbox ---
[INFO] Got from cache: /home/spirals/danglot/.m2/repository/.cache/download-maven-plugin/n019003l.pfb_0579f9d96bca4d60f0f0e838a5245d8b
[INFO] 
[INFO] --- download-maven-plugin:1.3.0:wget (PDFBOX-4197) @ pdfbox ---
[INFO] Got from cache: /home/spirals/danglot/.m2/repository/.cache/download-maven-plugin/PDFBOX-4197.pdf_b41e52492ca36eef00b04a90618de6ab
[INFO] 
[INFO] --- download-maven-plugin:1.3.0:wget (PDFBOX-4184) @ pdfbox ---
[INFO] Got from cache: /home/spirals/danglot/.m2/repository/.cache/download-maven-plugin/PDFBOX-4184-032163.jpg_6ad9b9e2f2f8749956fdc2bb9c377084
[INFO] 
[INFO] --- download-maven-plugin:1.3.0:wget (PDFBOX-4184-2) @ pdfbox ---
[INFO] Got from cache: /home/spirals/danglot/.m2/repository/.cache/download-maven-plugin/PDFBOX-4184-16bit.png_ea393da18f64ef2b0e9a086ef3fa1e7a
[INFO] 
[INFO] --- download-maven-plugin:1.3.0:wget (PDFBOX-4308) @ pdfbox ---
[INFO] Got from cache: /home/spirals/danglot/.m2/repository/.cache/download-maven-plugin/PDFBOX-4308.pdf_5cf126d7932ac4c9cdde7c2384d57958
[INFO] 
[INFO] --- maven-resources-plugin:3.1.0:testResources (default-testResources) @ pdfbox ---
[INFO] Using 'UTF-8' encoding to copy filtered resources.
[INFO] Copying 199 resources
[INFO] Copying 3 resources
[INFO] 
[INFO] --- maven-compiler-plugin:3.7.0:testCompile (default-testCompile) @ pdfbox ---
[INFO] Changes detected - recompiling the module!
[INFO] Compiling 103 source files to /tmp/icst-2019/september-2018/dataset/pdfbox_parent/pdfbox/target/test-classes
[WARNING] bootstrap class path not set in conjunction with -source 1.7
[INFO] 
[INFO] --- maven-surefire-plugin:2.22.0:test (default-test) @ pdfbox ---
[INFO] Tests are skipped.
[INFO] 
[INFO] --- animal-sniffer-maven-plugin:1.17:check (check-java-version) @ pdfbox ---
[INFO] Checking unresolved references to org.codehaus.mojo.signature:java17:1.0
[INFO] 
[INFO] --- maven-dependency-plugin:3.1.1:build-classpath (default-cli) @ pdfbox ---
[INFO] Wrote classpath file '/tmp/icst-2019/september-2018/dataset/pdfbox_parent/pdfbox/target/dspot/classpath'.
[INFO] ------------------------------------------------------------------------
[INFO] BUILD SUCCESS
[INFO] ------------------------------------------------------------------------
[INFO] Total time: 18.618 s
[INFO] Finished at: 2018-09-30T11:31:29+02:00
[INFO] ------------------------------------------------------------------------
[INFO] Using /home/spirals/danglot/apache-maven-3.5.4 for maven home
[INFO] run maven: {}/bin/mvn /home/spirals/danglot/apache-maven-3.5.4
[WARN] Maven will be executed in interactive mode, but no input stream has been configured for this MavenInvoker instance.
[INFO] Scanning for projects...
[INFO] 
[INFO] ----------------------< org.apache.pdfbox:pdfbox >----------------------
[INFO] Building Apache PDFBox 3.0.0-SNAPSHOT
[INFO] -------------------------------[ bundle ]-------------------------------
[INFO] 
[INFO] --- maven-clean-plugin:3.1.0:clean (default-clean) @ pdfbox ---
[INFO] Deleting /tmp/icst-2019/september-2018/dataset/pdfbox/pdfbox/target
[INFO] 
[INFO] --- maven-enforcer-plugin:1.4.1:enforce (enforce-maven-version) @ pdfbox ---
[INFO] Skipping Rule Enforcement.
[INFO] 
[INFO] --- maven-enforcer-plugin:1.4.1:enforce (default) @ pdfbox ---
[INFO] Skipping Rule Enforcement.
[INFO] 
[INFO] --- maven-remote-resources-plugin:1.5:process (process-resource-bundles) @ pdfbox ---
[INFO] 
[INFO] --- maven-resources-plugin:3.1.0:resources (default-resources) @ pdfbox ---
[INFO] Using 'UTF-8' encoding to copy filtered resources.
[INFO] Copying 1 resource
[INFO] Copying 21 resources
[INFO] Copying 3 resources
[INFO] 
[INFO] --- maven-compiler-plugin:3.7.0:compile (default-compile) @ pdfbox ---
[INFO] Changes detected - recompiling the module!
[INFO] Compiling 598 source files to /tmp/icst-2019/september-2018/dataset/pdfbox/pdfbox/target/classes
[WARNING] bootstrap class path not set in conjunction with -source 1.7
[WARNING] /tmp/icst-2019/september-2018/dataset/pdfbox/pdfbox/src/main/java/org/apache/pdfbox/pdmodel/font/PDFont.java:[310,27] getHeight(int) in org.apache.pdfbox.pdmodel.font.PDFontLike has been deprecated
[WARNING] /tmp/icst-2019/september-2018/dataset/pdfbox/pdfbox/src/main/java/org/apache/pdfbox/pdmodel/font/PDCIDFont.java:[297,27] getHeight(int) in org.apache.pdfbox.pdmodel.font.PDFontLike has been deprecated
[WARNING] /tmp/icst-2019/september-2018/dataset/pdfbox/pdfbox/src/main/java/org/apache/pdfbox/pdmodel/font/TrueTypeEmbedder.java:[102,19] getUnicodeCmap() in org.apache.fontbox.ttf.TrueTypeFont has been deprecated
[INFO] /tmp/icst-2019/september-2018/dataset/pdfbox/pdfbox/src/main/java/org/apache/pdfbox/pdmodel/common/PDStream.java: Some input files use unchecked or unsafe operations.
[INFO] /tmp/icst-2019/september-2018/dataset/pdfbox/pdfbox/src/main/java/org/apache/pdfbox/pdmodel/common/PDStream.java: Recompile with -Xlint:unchecked for details.
[INFO] 
[INFO] --- download-maven-plugin:1.3.0:wget (PDFBOX-3208) @ pdfbox ---
[INFO] Got from cache: /home/spirals/danglot/.m2/repository/.cache/download-maven-plugin/PDFBOX-3208-L33MUTT2SVCWGCS6UIYL5TH3PNPXHIS6.pdf_de0669b66f08ae8aa43c86a621ff5bec
[INFO] 
[INFO] --- download-maven-plugin:1.3.0:wget (PDFBOX-3940) @ pdfbox ---
[INFO] Got from cache: /home/spirals/danglot/.m2/repository/.cache/download-maven-plugin/PDFBOX-3940-079977.pdf_9f10014885782ad11ddc58590e4abf33
[INFO] 
[INFO] --- download-maven-plugin:1.3.0:wget (PDFBOX-3783) @ pdfbox ---
[INFO] Got from cache: /home/spirals/danglot/.m2/repository/.cache/download-maven-plugin/PDFBOX-3783-72GLBIGUC6LB46ELZFBARRJTLN4RBSQM.pdf_469d6b4e548b111aa3e37373e5553584
[INFO] 
[INFO] --- download-maven-plugin:1.3.0:wget (PDFBOX-3785) @ pdfbox ---
[INFO] Got from cache: /home/spirals/danglot/.m2/repository/.cache/download-maven-plugin/PDFBOX-3785-202097.pdf_048947aaae4941f36421b28526ed6141
[INFO] 
[INFO] --- download-maven-plugin:1.3.0:wget (PDFBOX-3947) @ pdfbox ---
[INFO] Got from cache: /home/spirals/danglot/.m2/repository/.cache/download-maven-plugin/PDFBOX-3947-670064.pdf_4051e330dc7ecfb9c3f1631a8f25a796
[INFO] 
[INFO] --- download-maven-plugin:1.3.0:wget (PDFBOX-3948) @ pdfbox ---
[INFO] Got from cache: /home/spirals/danglot/.m2/repository/.cache/download-maven-plugin/PDFBOX-3948-EUWO6SQS5TM4VGOMRD3FLXZHU35V2CP2.pdf_ba0d9f1e63b0fc95de8324455d9cb03b
[INFO] 
[INFO] --- download-maven-plugin:1.3.0:wget (PDFBOX-3949) @ pdfbox ---
[INFO] Got from cache: /home/spirals/danglot/.m2/repository/.cache/download-maven-plugin/PDFBOX-3949-MKFYUGZWS3OPXLLVU2Z4LWCTVA5WNOGF.pdf_6e3d56ad031796b7efe7163bb068cc69
[INFO] 
[INFO] --- download-maven-plugin:1.3.0:wget (PDFBOX-3950) @ pdfbox ---
[INFO] Got from cache: /home/spirals/danglot/.m2/repository/.cache/download-maven-plugin/PDFBOX-3950-23EGDHXSBBYQLKYOKGZUOVYVNE675PRD.pdf_b77946d9f033ca421daf140c59ca343d
[INFO] 
[INFO] --- download-maven-plugin:1.3.0:wget (PDFBOX-3951) @ pdfbox ---
[INFO] Got from cache: /home/spirals/danglot/.m2/repository/.cache/download-maven-plugin/PDFBOX-3951-FIHUZWDDL2VGPOE34N6YHWSIGSH5LVGZ.pdf_48c20f7e871e43c587301caffa853c48
[INFO] 
[INFO] --- download-maven-plugin:1.3.0:wget (PDFBOX-3964) @ pdfbox ---
[INFO] Got from cache: /home/spirals/danglot/.m2/repository/.cache/download-maven-plugin/PDFBOX-3964-c687766d68ac766be3f02aaec5e0d713_2.pdf_12b9ac4133f6e3939cbb590ad749d3bf
[INFO] 
[INFO] --- download-maven-plugin:1.3.0:wget (PDFBOX-3977) @ pdfbox ---
[INFO] Got from cache: /home/spirals/danglot/.m2/repository/.cache/download-maven-plugin/PDFBOX-3977-63NGFQRI44HQNPIPEJH5W2TBM6DJZWMI.pdf_27714aefc8fe3adc66227de09e88af42
[INFO] 
[INFO] --- download-maven-plugin:1.3.0:wget (Genko) @ pdfbox ---
[INFO] Got from cache: /home/spirals/danglot/.m2/repository/.cache/download-maven-plugin/genko_oc_shiryo1.pdf_e2af07f3ca9304c3e3ecdf533cfd3c8d
[INFO] 
[INFO] --- download-maven-plugin:1.3.0:wget (PDFBOX-3999) @ pdfbox ---
[INFO] Got from cache: /home/spirals/danglot/.m2/repository/.cache/download-maven-plugin/PDFBOX-3999-GeneralForbearance.pdf_752f3764ee13669ba9e6dd3080300f64
[INFO] 
[INFO] --- download-maven-plugin:1.3.0:wget (PDFBOX-4106) @ pdfbox ---
[INFO] Got from cache: /home/spirals/danglot/.m2/repository/.cache/download-maven-plugin/ipag00303.zip_a12edefe6d9331f33338c91e317ea8cb
[INFO] 
[INFO] --- download-maven-plugin:1.3.0:wget (PDFBOX-4106b) @ pdfbox ---
[INFO] Got from cache: /home/spirals/danglot/.m2/repository/.cache/download-maven-plugin/ipagp00303.zip_378d024f5708846381fba93f475e69ac
[INFO] 
[INFO] --- download-maven-plugin:1.3.0:wget (PDFBOX-4115) @ pdfbox ---
[INFO] Got from cache: /home/spirals/danglot/.m2/repository/.cache/download-maven-plugin/n019003l.pfb_0579f9d96bca4d60f0f0e838a5245d8b
[INFO] 
[INFO] --- download-maven-plugin:1.3.0:wget (PDFBOX-4197) @ pdfbox ---
[INFO] Got from cache: /home/spirals/danglot/.m2/repository/.cache/download-maven-plugin/PDFBOX-4197.pdf_b41e52492ca36eef00b04a90618de6ab
[INFO] 
[INFO] --- download-maven-plugin:1.3.0:wget (PDFBOX-4184) @ pdfbox ---
[INFO] Got from cache: /home/spirals/danglot/.m2/repository/.cache/download-maven-plugin/PDFBOX-4184-032163.jpg_6ad9b9e2f2f8749956fdc2bb9c377084
[INFO] 
[INFO] --- download-maven-plugin:1.3.0:wget (PDFBOX-4184-2) @ pdfbox ---
[INFO] Got from cache: /home/spirals/danglot/.m2/repository/.cache/download-maven-plugin/PDFBOX-4184-16bit.png_ea393da18f64ef2b0e9a086ef3fa1e7a
[INFO] 
[INFO] --- download-maven-plugin:1.3.0:wget (PDFBOX-4308) @ pdfbox ---
[INFO] Got from cache: /home/spirals/danglot/.m2/repository/.cache/download-maven-plugin/PDFBOX-4308.pdf_5cf126d7932ac4c9cdde7c2384d57958
[INFO] 
[INFO] --- maven-resources-plugin:3.1.0:testResources (default-testResources) @ pdfbox ---
[INFO] Using 'UTF-8' encoding to copy filtered resources.
[INFO] Copying 199 resources
[INFO] Copying 3 resources
[INFO] 
[INFO] --- maven-compiler-plugin:3.7.0:testCompile (default-testCompile) @ pdfbox ---
[INFO] Changes detected - recompiling the module!
[INFO] Compiling 103 source files to /tmp/icst-2019/september-2018/dataset/pdfbox/pdfbox/target/test-classes
[WARNING] bootstrap class path not set in conjunction with -source 1.7
[INFO] 
[INFO] --- maven-surefire-plugin:2.22.0:test (default-test) @ pdfbox ---
[INFO] Tests are skipped.
[INFO] 
[INFO] --- animal-sniffer-maven-plugin:1.17:check (check-java-version) @ pdfbox ---
[INFO] Checking unresolved references to org.codehaus.mojo.signature:java17:1.0
[INFO] 
[INFO] --- maven-dependency-plugin:3.1.1:build-classpath (default-cli) @ pdfbox ---
[INFO] Wrote classpath file '/tmp/icst-2019/september-2018/dataset/pdfbox/pdfbox/target/dspot/classpath'.
[INFO] ------------------------------------------------------------------------
[INFO] BUILD SUCCESS
[INFO] ------------------------------------------------------------------------
[INFO] Total time: 17.895 s
[INFO] Finished at: 2018-09-30T11:32:00+02:00
[INFO] ------------------------------------------------------------------------
[INFO] Amplification of org.apache.pdfbox.pdmodel.graphics.image.LosslessFactoryTest (12 test(s))
[INFO] Assertion amplification of org.apache.pdfbox.pdmodel.graphics.image.LosslessFactoryTest (12 test(s))
[INFO] Run: java -classpath /tmp/icst-2019/september-2018/dataset/pdfbox_parent/pdfbox/target/test-classes:/tmp/icst-2019/september-2018/dataset/pdfbox_parent/pdfbox/target/classes/:/home/spirals/danglot/.m2/repository/org/apache/pdfbox/fontbox/3.0.0-SNAPSHOT/fontbox-3.0.0-SNAPSHOT.jar:/home/spirals/danglot/.m2/repository/commons-logging/commons-logging/1.2/commons-logging-1.2.jar:/home/spirals/danglot/.m2/repository/org/bouncycastle/bcmail-jdk15on/1.60/bcmail-jdk15on-1.60.jar:/home/spirals/danglot/.m2/repository/org/bouncycastle/bcpkix-jdk15on/1.60/bcpkix-jdk15on-1.60.jar:/home/spirals/danglot/.m2/repository/org/bouncycastle/bcprov-jdk15on/1.60/bcprov-jdk15on-1.60.jar:/home/spirals/danglot/.m2/repository/junit/junit/4.12/junit-4.12.jar:/home/spirals/danglot/.m2/repository/org/hamcrest/hamcrest-core/1.3/hamcrest-core-1.3.jar:/home/spirals/danglot/.m2/repository/com/googlecode/java-diff-utils/diffutils/1.3.0/diffutils-1.3.0.jar:/home/spirals/danglot/.m2/repository/org/apache/pdfbox/jbig2-imageio/3.0.1/jbig2-imageio-3.0.1.jar:/home/spirals/danglot/.m2/repository/com/github/jai-imageio/jai-imageio-core/1.4.0/jai-imageio-core-1.4.0.jar:/home/spirals/danglot/.m2/repository/com/github/jai-imageio/jai-imageio-jpeg2000/1.3.0/jai-imageio-jpeg2000-1.3.0.jar:/tmp/icst-2019/september-2018/dataset/pdfbox_parent/pdfbox/target/dspot/dependencies/:/home/spirals/danglot/.m2/repository/eu/stamp-project/test-runner/1.1.0/test-runner-1.1.0-jar-with-dependencies.jar eu.stamp_project.testrunner.runner.test.TestRunner org.apache.pdfbox.pdmodel.graphics.image.LosslessFactoryTest testCreateLosslessFromImageRGB:testCreateLosslessFromImageINT_ARGB:testCreateLosslessFromImageCMYK:testCreateLosslessFromImageINT_BGR:testCreateLosslessFromImage4BYTE_ABGR:testCreateLosslessFromImageINT_RGB:testCreateLosslessFromImageBITMASK4BYTE_ABGR:testCreateLosslessFromImageBITMASK_INT_ARGB:testCreateLosslessFromGovdocs032163:testCreateLosslessFromImageBYTE_3BGR:testCreateLosslessFrom16Bit:testCreateLosslessFrom16BitPNG
[0] INFO PDFRenderer - To get higher rendering speed on java 8 or 9,
[0] INFO PDFRenderer -   use the option -Dsun.java2d.cmm=sun.java2d.cmm.kcms.KcmsServiceProvider
[0] INFO PDFRenderer -   or call System.setProperty("sun.java2d.cmm", "sun.java2d.cmm.kcms.KcmsServiceProvider")
[6983] WARN COSDocument - Warning: You did not close a PDF Document
File saved to the following path: /tmp/icst-2019/september-2018/dataset/pdfbox_parent/pdfbox/target/dspot/TestListener.ser
Loading /tmp/icst-2019/september-2018/dataset/pdfbox_parent/pdfbox/target/dspot/TestListener.ser
[INFO] Test has been run: testCreateLosslessFromImageRGB,testCreateLosslessFromImage4BYTE_ABGR,testCreateLosslessFromImageBITMASK_INT_ARGB,testCreateLosslessFromImageCMYK,testCreateLosslessFromImageBYTE_3BGR,testCreateLosslessFromImageBITMASK4BYTE_ABGR,testCreateLosslessFromImageINT_ARGB,testCreateLosslessFrom16BitPNG,testCreateLosslessFromImageINT_BGR,testCreateLosslessFromImageINT_RGB,testCreateLosslessFromGovdocs032163,testCreateLosslessFrom16Bit
[INFO] Run tests. (12)
[INFO] Run: java -classpath /tmp/icst-2019/september-2018/dataset/pdfbox_parent/pdfbox/target/test-classes:/tmp/icst-2019/september-2018/dataset/pdfbox_parent/pdfbox/target/classes/:/home/spirals/danglot/.m2/repository/org/apache/pdfbox/fontbox/3.0.0-SNAPSHOT/fontbox-3.0.0-SNAPSHOT.jar:/home/spirals/danglot/.m2/repository/commons-logging/commons-logging/1.2/commons-logging-1.2.jar:/home/spirals/danglot/.m2/repository/org/bouncycastle/bcmail-jdk15on/1.60/bcmail-jdk15on-1.60.jar:/home/spirals/danglot/.m2/repository/org/bouncycastle/bcpkix-jdk15on/1.60/bcpkix-jdk15on-1.60.jar:/home/spirals/danglot/.m2/repository/org/bouncycastle/bcprov-jdk15on/1.60/bcprov-jdk15on-1.60.jar:/home/spirals/danglot/.m2/repository/junit/junit/4.12/junit-4.12.jar:/home/spirals/danglot/.m2/repository/org/hamcrest/hamcrest-core/1.3/hamcrest-core-1.3.jar:/home/spirals/danglot/.m2/repository/com/googlecode/java-diff-utils/diffutils/1.3.0/diffutils-1.3.0.jar:/home/spirals/danglot/.m2/repository/org/apache/pdfbox/jbig2-imageio/3.0.1/jbig2-imageio-3.0.1.jar:/home/spirals/danglot/.m2/repository/com/github/jai-imageio/jai-imageio-core/1.4.0/jai-imageio-core-1.4.0.jar:/home/spirals/danglot/.m2/repository/com/github/jai-imageio/jai-imageio-jpeg2000/1.3.0/jai-imageio-jpeg2000-1.3.0.jar:/tmp/icst-2019/september-2018/dataset/pdfbox_parent/pdfbox/target/dspot/dependencies/:/home/spirals/danglot/.m2/repository/eu/stamp-project/test-runner/1.1.0/test-runner-1.1.0-jar-with-dependencies.jar eu.stamp_project.testrunner.runner.test.TestRunner org.apache.pdfbox.pdmodel.graphics.image.LosslessFactoryTest testCreateLosslessFromImageRGB:testCreateLosslessFromImageINT_ARGB:testCreateLosslessFromImageCMYK:testCreateLosslessFromImageINT_BGR:testCreateLosslessFromImage4BYTE_ABGR:testCreateLosslessFromImageINT_RGB:testCreateLosslessFromImageBITMASK4BYTE_ABGR:testCreateLosslessFromImageBITMASK_INT_ARGB:testCreateLosslessFromGovdocs032163:testCreateLosslessFromImageBYTE_3BGR:testCreateLosslessFrom16Bit:testCreateLosslessFrom16BitPNG
[0] INFO PDFRenderer - To get higher rendering speed on java 8 or 9,
[1] INFO PDFRenderer -   use the option -Dsun.java2d.cmm=sun.java2d.cmm.kcms.KcmsServiceProvider
[1] INFO PDFRenderer -   or call System.setProperty("sun.java2d.cmm", "sun.java2d.cmm.kcms.KcmsServiceProvider")
[930] WARN COSDocument - Warning: You did not close a PDF Document
[931] WARN COSDocument - Warning: You did not close a PDF Document
[931] WARN COSDocument - Warning: You did not close a PDF Document
[931] WARN COSDocument - Warning: You did not close a PDF Document
File saved to the following path: /tmp/icst-2019/september-2018/dataset/pdfbox_parent/pdfbox/target/dspot/TestListener.ser
Loading /tmp/icst-2019/september-2018/dataset/pdfbox_parent/pdfbox/target/dspot/TestListener.ser
[INFO] Test has been run: testCreateLosslessFromImageRGB,testCreateLosslessFromImage4BYTE_ABGR,testCreateLosslessFromImageBITMASK_INT_ARGB,testCreateLosslessFromImageCMYK,testCreateLosslessFromImageBYTE_3BGR,testCreateLosslessFromImageBITMASK4BYTE_ABGR,testCreateLosslessFromImageINT_ARGB,testCreateLosslessFrom16BitPNG,testCreateLosslessFromImageINT_BGR,testCreateLosslessFromImageINT_RGB,testCreateLosslessFromGovdocs032163,testCreateLosslessFrom16Bit
[INFO] 12 test pass, generating assertion...
[INFO] Add observations points in passing tests.
[INFO] Instrumentation...
  8% |==== ]/ 16% |======== ]- 25% |============ ]\ 33% |================ ]| 41% |==================== ]/ 50% |========================= ]- 58% |============================= ]\ 66% |================================= ]| 75% |===================================== ]/ 83% |========================================= ]- 91% |============================================= ]\100% |================================================== ]|
[INFO] Run instrumented tests. (36)
[INFO] Run: java -classpath /tmp/icst-2019/september-2018/dataset/pdfbox_parent/pdfbox/target/test-classes:/tmp/icst-2019/september-2018/dataset/pdfbox_parent/pdfbox/target/classes/:/home/spirals/danglot/.m2/repository/org/apache/pdfbox/fontbox/3.0.0-SNAPSHOT/fontbox-3.0.0-SNAPSHOT.jar:/home/spirals/danglot/.m2/repository/commons-logging/commons-logging/1.2/commons-logging-1.2.jar:/home/spirals/danglot/.m2/repository/org/bouncycastle/bcmail-jdk15on/1.60/bcmail-jdk15on-1.60.jar:/home/spirals/danglot/.m2/repository/org/bouncycastle/bcpkix-jdk15on/1.60/bcpkix-jdk15on-1.60.jar:/home/spirals/danglot/.m2/repository/org/bouncycastle/bcprov-jdk15on/1.60/bcprov-jdk15on-1.60.jar:/home/spirals/danglot/.m2/repository/junit/junit/4.12/junit-4.12.jar:/home/spirals/danglot/.m2/repository/org/hamcrest/hamcrest-core/1.3/hamcrest-core-1.3.jar:/home/spirals/danglot/.m2/repository/com/googlecode/java-diff-utils/diffutils/1.3.0/diffutils-1.3.0.jar:/home/spirals/danglot/.m2/repository/org/apache/pdfbox/jbig2-imageio/3.0.1/jbig2-imageio-3.0.1.jar:/home/spirals/danglot/.m2/repository/com/github/jai-imageio/jai-imageio-core/1.4.0/jai-imageio-core-1.4.0.jar:/home/spirals/danglot/.m2/repository/com/github/jai-imageio/jai-imageio-jpeg2000/1.3.0/jai-imageio-jpeg2000-1.3.0.jar:/tmp/icst-2019/september-2018/dataset/pdfbox_parent/pdfbox/target/dspot/dependencies/:/home/spirals/danglot/.m2/repository/eu/stamp-project/test-runner/1.1.0/test-runner-1.1.0-jar-with-dependencies.jar eu.stamp_project.testrunner.runner.test.TestRunner org.apache.pdfbox.pdmodel.graphics.image.LosslessFactoryTest testCreateLosslessFromImageRGB_withlog0:testCreateLosslessFromImageINT_ARGB_withlog0:testCreateLosslessFromImageCMYK_withlog0:testCreateLosslessFromImageINT_BGR_withlog0:testCreateLosslessFromImage4BYTE_ABGR_withlog0:testCreateLosslessFromImageINT_RGB_withlog0:testCreateLosslessFromImageBITMASK4BYTE_ABGR_withlog0:testCreateLosslessFromImageBITMASK_INT_ARGB_withlog0:testCreateLosslessFromGovdocs032163_withlog0:testCreateLosslessFromImageBYTE_3BGR_withlog0:testCreateLosslessFrom16Bit_withlog0:testCreateLosslessFrom16BitPNG_withlog0:testCreateLosslessFromImageRGB_withlog1:testCreateLosslessFromImageINT_ARGB_withlog1:testCreateLosslessFromImageCMYK_withlog1:testCreateLosslessFromImageINT_BGR_withlog1:testCreateLosslessFromImage4BYTE_ABGR_withlog1:testCreateLosslessFromImageINT_RGB_withlog1:testCreateLosslessFromImageBITMASK4BYTE_ABGR_withlog1:testCreateLosslessFromImageBITMASK_INT_ARGB_withlog1:testCreateLosslessFromGovdocs032163_withlog1:testCreateLosslessFromImageBYTE_3BGR_withlog1:testCreateLosslessFrom16Bit_withlog1:testCreateLosslessFrom16BitPNG_withlog1:testCreateLosslessFromImageRGB_withlog2:testCreateLosslessFromImageINT_ARGB_withlog2:testCreateLosslessFromImageCMYK_withlog2:testCreateLosslessFromImageINT_BGR_withlog2:testCreateLosslessFromImage4BYTE_ABGR_withlog2:testCreateLosslessFromImageINT_RGB_withlog2:testCreateLosslessFromImageBITMASK4BYTE_ABGR_withlog2:testCreateLosslessFromImageBITMASK_INT_ARGB_withlog2:testCreateLosslessFromGovdocs032163_withlog2:testCreateLosslessFromImageBYTE_3BGR_withlog2:testCreateLosslessFrom16Bit_withlog2:testCreateLosslessFrom16BitPNG_withlog2
[0] WARN COSDocument - Warning: You did not close a PDF Document
[1] WARN COSDocument - Warning: You did not close a PDF Document
[1] WARN COSDocument - Warning: You did not close a PDF Document
[1] WARN COSDocument - Warning: You did not close a PDF Document
[1] WARN COSDocument - Warning: You did not close a PDF Document
[1] WARN COSDocument - Warning: You did not close a PDF Document
[2] WARN COSDocument - Warning: You did not close a PDF Document
[5] WARN COSDocument - Warning: You did not close a PDF Document
[5] WARN COSDocument - Warning: You did not close a PDF Document
[22621] WARN COSDocument - Warning: You did not close a PDF Document
[62036] WARN COSDocument - Warning: You did not close a PDF Document
[62036] WARN COSDocument - Warning: You did not close a PDF Document
[62036] WARN COSDocument - Warning: You did not close a PDF Document
[62036] WARN COSDocument - Warning: You did not close a PDF Document
[62036] WARN COSDocument - Warning: You did not close a PDF Document
[62037] WARN COSDocument - Warning: You did not close a PDF Document
[62037] WARN COSDocument - Warning: You did not close a PDF Document
[62037] WARN COSDocument - Warning: You did not close a PDF Document
[62037] WARN COSDocument - Warning: You did not close a PDF Document
[62037] WARN COSDocument - Warning: You did not close a PDF Document
[62037] WARN COSDocument - Warning: You did not close a PDF Document
[62037] WARN COSDocument - Warning: You did not close a PDF Document
[62037] WARN COSDocument - Warning: You did not close a PDF Document
[62038] WARN COSDocument - Warning: You did not close a PDF Document
[74491] INFO PDFRenderer - To get higher rendering speed on java 8 or 9,
[74491] INFO PDFRenderer -   use the option -Dsun.java2d.cmm=sun.java2d.cmm.kcms.KcmsServiceProvider
[74491] INFO PDFRenderer -   or call System.setProperty("sun.java2d.cmm", "sun.java2d.cmm.kcms.KcmsServiceProvider")
File saved to the following path: /tmp/icst-2019/september-2018/dataset/pdfbox_parent/pdfbox/target/dspot/observations.ser
File saved to the following path: /tmp/icst-2019/september-2018/dataset/pdfbox_parent/pdfbox/target/dspot/TestListener.ser
Loading /tmp/icst-2019/september-2018/dataset/pdfbox_parent/pdfbox/target/dspot/TestListener.ser
[INFO] Test has been run: testCreateLosslessFromImageINT_BGR_withlog0,testCreateLosslessFromImageINT_BGR_withlog1,testCreateLosslessFromImageINT_BGR_withlog2,testCreateLosslessFromGovdocs032163_withlog0,testCreateLosslessFromGovdocs032163_withlog1,testCreateLosslessFromGovdocs032163_withlog2,testCreateLosslessFromImageBYTE_3BGR_withlog0,testCreateLosslessFromImageBYTE_3BGR_withlog1,testCreateLosslessFromImageBYTE_3BGR_withlog2,testCreateLosslessFromImageINT_RGB_withlog0,testCreateLosslessFromImageINT_RGB_withlog1,testCreateLosslessFromImageINT_RGB_withlog2,testCreateLosslessFromImage4BYTE_ABGR_withlog0,testCreateLosslessFromImage4BYTE_ABGR_withlog1,testCreateLosslessFromImage4BYTE_ABGR_withlog2,testCreateLosslessFromImageBITMASK4BYTE_ABGR_withlog0,testCreateLosslessFromImageBITMASK4BYTE_ABGR_withlog1,testCreateLosslessFromImageBITMASK4BYTE_ABGR_withlog2,testCreateLosslessFrom16BitPNG_withlog0,testCreateLosslessFrom16BitPNG_withlog1,testCreateLosslessFrom16BitPNG_withlog2,testCreateLosslessFromImageINT_ARGB_withlog0,testCreateLosslessFromImageINT_ARGB_withlog1,testCreateLosslessFromImageINT_ARGB_withlog2,testCreateLosslessFromImageCMYK_withlog0,testCreateLosslessFromImageCMYK_withlog1,testCreateLosslessFromImageCMYK_withlog2,testCreateLosslessFromImageRGB_withlog0,testCreateLosslessFromImageRGB_withlog1,testCreateLosslessFromImageRGB_withlog2,testCreateLosslessFromImageBITMASK_INT_ARGB_withlog0,testCreateLosslessFromImageBITMASK_INT_ARGB_withlog1,testCreateLosslessFromImageBITMASK_INT_ARGB_withlog2,testCreateLosslessFrom16Bit_withlog0(org.apache.pdfbox.pdmodel.graphics.image.LosslessFactoryTest): test timed out after 10000 milliseconds,testCreateLosslessFrom16Bit_withlog1(org.apache.pdfbox.pdmodel.graphics.image.LosslessFactoryTest): test timed out after 10000 milliseconds,testCreateLosslessFrom16Bit_withlog2(org.apache.pdfbox.pdmodel.graphics.image.LosslessFactoryTest): test timed out after 10000 milliseconds
[WARNING] Some instrumented test failed!
[INFO] Generating assertions...
[INFO] 10 new tests with assertions generated
[ERROR] Error(s) during compilation:
[ERROR] Pb(17) Type mismatch: cannot convert from double to float
[ERROR] Pb(17) Type mismatch: cannot convert from double to float
[ERROR] Pb(17) Type mismatch: cannot convert from double to float
[ERROR] Pb(17) Type mismatch: cannot convert from double to float
[ERROR] Pb(17) Type mismatch: cannot convert from double to float
[ERROR] Pb(17) Type mismatch: cannot convert from double to float
[ERROR] Pb(17) Type mismatch: cannot convert from double to float
[ERROR] Pb(17) Type mismatch: cannot convert from double to float
[ERROR] Pb(17) Type mismatch: cannot convert from double to float
[ERROR] Pb(17) Type mismatch: cannot convert from double to float
[ERROR] Pb(17) Type mismatch: cannot convert from double to float
[ERROR] Pb(17) Type mismatch: cannot convert from double to float
[ERROR] Pb(17) Type mismatch: cannot convert from double to float
[ERROR] Pb(17) Type mismatch: cannot convert from double to float
[ERROR] Pb(17) Type mismatch: cannot convert from double to float
[ERROR] Pb(17) Type mismatch: cannot convert from double to float
[ERROR] Pb(17) Type mismatch: cannot convert from double to float
[ERROR] Pb(17) Type mismatch: cannot convert from double to float
[ERROR] Pb(17) Type mismatch: cannot convert from double to float
[ERROR] Pb(17) Type mismatch: cannot convert from double to float
eu.stamp_project.dspot.AmplificationException: Every test methods are uncompilable
	at eu.stamp_project.utils.compilation.TestCompiler.compileAndDiscardUncompilableMethods(TestCompiler.java:124)
	at eu.stamp_project.utils.compilation.TestCompiler.compileAndRun(TestCompiler.java:93)
	at eu.stamp_project.utils.compilation.TestCompiler.compileRunAndDiscardUncompilableAndFailingTestMethods(TestCompiler.java:55)
	at eu.stamp_project.dspot.Amplification.assertionsAmplification(Amplification.java:157)
	at eu.stamp_project.dspot.Amplification.amplification(Amplification.java:84)
	at eu.stamp_project.dspot.DSpot.amplifyTest(DSpot.java:181)
	at eu.stamp_project.dspot.DSpot.amplifyTest(DSpot.java:171)
	at eu.stamp_project.Main.lambda$run$1(Main.java:69)
	at java.util.stream.ReferencePipeline$3$1.accept(ReferencePipeline.java:193)
	at java.util.ArrayList$ArrayListSpliterator.forEachRemaining(ArrayList.java:1374)
	at java.util.stream.AbstractPipeline.copyInto(AbstractPipeline.java:481)
	at java.util.stream.AbstractPipeline.wrapAndCopyInto(AbstractPipeline.java:471)
	at java.util.stream.ReduceOps$ReduceOp.evaluateSequential(ReduceOps.java:708)
	at java.util.stream.AbstractPipeline.evaluate(AbstractPipeline.java:234)
	at java.util.stream.ReferencePipeline.collect(ReferencePipeline.java:499)
	at eu.stamp_project.Main.run(Main.java:71)
	at eu.stamp_project.DSpotMojo.execute(DSpotMojo.java:263)
	at org.apache.maven.plugin.DefaultBuildPluginManager.executeMojo(DefaultBuildPluginManager.java:137)
	at org.apache.maven.lifecycle.internal.MojoExecutor.execute(MojoExecutor.java:208)
	at org.apache.maven.lifecycle.internal.MojoExecutor.execute(MojoExecutor.java:154)
	at org.apache.maven.lifecycle.internal.MojoExecutor.execute(MojoExecutor.java:146)
	at org.apache.maven.lifecycle.internal.LifecycleModuleBuilder.buildProject(LifecycleModuleBuilder.java:117)
	at org.apache.maven.lifecycle.internal.LifecycleModuleBuilder.buildProject(LifecycleModuleBuilder.java:81)
	at org.apache.maven.lifecycle.internal.builder.singlethreaded.SingleThreadedBuilder.build(SingleThreadedBuilder.java:56)
	at org.apache.maven.lifecycle.internal.LifecycleStarter.execute(LifecycleStarter.java:128)
	at org.apache.maven.DefaultMaven.doExecute(DefaultMaven.java:305)
	at org.apache.maven.DefaultMaven.doExecute(DefaultMaven.java:192)
	at org.apache.maven.DefaultMaven.execute(DefaultMaven.java:105)
	at org.apache.maven.cli.MavenCli.execute(MavenCli.java:954)
	at org.apache.maven.cli.MavenCli.doMain(MavenCli.java:288)
	at org.apache.maven.cli.MavenCli.main(MavenCli.java:192)
	at sun.reflect.NativeMethodAccessorImpl.invoke0(Native Method)
	at sun.reflect.NativeMethodAccessorImpl.invoke(NativeMethodAccessorImpl.java:62)
	at sun.reflect.DelegatingMethodAccessorImpl.invoke(DelegatingMethodAccessorImpl.java:43)
	at java.lang.reflect.Method.invoke(Method.java:498)
	at org.codehaus.plexus.classworlds.launcher.Launcher.launchEnhanced(Launcher.java:289)
	at org.codehaus.plexus.classworlds.launcher.Launcher.launch(Launcher.java:229)
	at org.codehaus.plexus.classworlds.launcher.Launcher.mainWithExitCode(Launcher.java:415)
	at org.codehaus.plexus.classworlds.launcher.Launcher.main(Launcher.java:356)
[INFO] Assertion amplification: 0 test method(s) has been successfully amplified.
[INFO] 0 amplified test methods has been selected to be kept. (global: 0)
[INFO] Applying Input-amplification and Assertion-amplification test by test.
[INFO] Amplification of testCreateLosslessFromImageRGB, (1/12)
[INFO] iteration 0 / 3
[INFO] 1 tests selected to be amplified over 1 available tests
[INFO] Amplification of inputs...
100% |================================================== ]/
[INFO] 303 new tests generated
[WARNING] Too many tests have been generated: 303
[INFO] Number of generated test reduced to 200
[INFO] Run tests. (200)
[ERROR] Error(s) during compilation:
[ERROR] Pb(17) Type mismatch: cannot convert from List<Object> to List<PDAnnotation>
[ERROR] Pb(102) The method load(File, MemoryUsageSetting) is ambiguous for the type PDDocument
[ERROR] Pb(102) The method save(String) is ambiguous for the type PDDocument
[ERROR] Pb(102) The method load(File, String) is ambiguous for the type PDDocument
[ERROR] Pb(102) The method drawImage(PDImageXObject, float, float, float, float) is ambiguous for the type PDPageContentStream
[ERROR] Pb(102) The method drawImage(PDImageXObject, float, float, float, float) is ambiguous for the type PDPageContentStream
[ERROR] Pb(102) The method drawImage(PDImageXObject, float, float, float, float) is ambiguous for the type PDPageContentStream
[INFO] Run: java -classpath /tmp/icst-2019/september-2018/dataset/pdfbox_parent/pdfbox/target/test-classes:/tmp/icst-2019/september-2018/dataset/pdfbox_parent/pdfbox/target/classes/:/home/spirals/danglot/.m2/repository/org/apache/pdfbox/fontbox/3.0.0-SNAPSHOT/fontbox-3.0.0-SNAPSHOT.jar:/home/spirals/danglot/.m2/repository/commons-logging/commons-logging/1.2/commons-logging-1.2.jar:/home/spirals/danglot/.m2/repository/org/bouncycastle/bcmail-jdk15on/1.60/bcmail-jdk15on-1.60.jar:/home/spirals/danglot/.m2/repository/org/bouncycastle/bcpkix-jdk15on/1.60/bcpkix-jdk15on-1.60.jar:/home/spirals/danglot/.m2/repository/org/bouncycastle/bcprov-jdk15on/1.60/bcprov-jdk15on-1.60.jar:/home/spirals/danglot/.m2/repository/junit/junit/4.12/junit-4.12.jar:/home/spirals/danglot/.m2/repository/org/hamcrest/hamcrest-core/1.3/hamcrest-core-1.3.jar:/home/spirals/danglot/.m2/repository/com/googlecode/java-diff-utils/diffutils/1.3.0/diffutils-1.3.0.jar:/home/spirals/danglot/.m2/repository/org/apache/pdfbox/jbig2-imageio/3.0.1/jbig2-imageio-3.0.1.jar:/home/spirals/danglot/.m2/repository/com/github/jai-imageio/jai-imageio-core/1.4.0/jai-imageio-core-1.4.0.jar:/home/spirals/danglot/.m2/repository/com/github/jai-imageio/jai-imageio-jpeg2000/1.3.0/jai-imageio-jpeg2000-1.3.0.jar:/tmp/icst-2019/september-2018/dataset/pdfbox_parent/pdfbox/target/dspot/dependencies/:/home/spirals/danglot/.m2/repository/eu/stamp-project/test-runner/1.1.0/test-runner-1.1.0-jar-with-dependencies.jar eu.stamp_project.testrunner.runner.test.TestRunner org.apache.pdfbox.pdmodel.graphics.image.LosslessFactoryTest testCreateLosslessFromImageRGB_mg230:testCreateLosslessFromImageRGB_mg148:testCreateLosslessFromImageRGB_rv266:testCreateLosslessFromImageRGB_mg229:testCreateLosslessFromImageRGB_rv287:testCreateLosslessFromImageRGB_mg212:testCreateLosslessFromImageRGB_mg211:testCreateLosslessFromImageRGB_mg243:testCreateLosslessFromImageRGB_mg203:testCreateLosslessFromImageRGB_mg227:testCreateLosslessFromImageRGB_mg193:testCreateLosslessFromImageRGB_mg169:testCreateLosslessFromImageRGB_mg214:testCreateLosslessFromImageRGB_mg216:testCreateLosslessFromImageRGB_mg210:testCreateLosslessFromImageRGB_remove140:testCreateLosslessFromImageRGB_remove139:testCreateLosslessFromImageRGB_remove138:testCreateLosslessFromImageRGB_rv271:testCreateLosslessFromImageRGB_remove144:testCreateLosslessFromImageRGB_mg159:testCreateLosslessFromImageRGB_mg188:testCreateLosslessFromImageRGB_mg246:testCreateLosslessFromImageRGB_mg231:testCreateLosslessFromImageRGB_mg163:testCreateLosslessFromImageRGB_mg147:testCreateLosslessFromImageRGB_mg218:testCreateLosslessFromImageRGB_mg198:testCreateLosslessFromImageRGB_mg244:testCreateLosslessFromImageRGB_mg237:testCreateLosslessFromImageRGB_mg202:testCreateLosslessFromImageRGB_rv286:testCreateLosslessFromImageRGB_remove133:testCreateLosslessFromImageRGB_remove135:testCreateLosslessFromImageRGB_remove142:testCreateLosslessFromImageRGB_remove137:testCreateLosslessFromImageRGB_remove141:testCreateLosslessFromImageRGB_mg204:testCreateLosslessFromImageRGB_remove143:testCreateLosslessFromImageRGB_remove145:testCreateLosslessFromImageRGB_mg181:testCreateLosslessFromImageRGB_mg217:testCreateLosslessFromImageRGB_mg201:testCreateLosslessFromImageRGB_mg215:testCreateLosslessFromImageRGB_mg205:testCreateLosslessFromImageRGB_mg206:testCreateLosslessFromImageRGB_mg213:testCreateLosslessFromImageRGB_mg245:testCreateLosslessFromImageRGB_mg164:testCreateLosslessFromImageRGB_mg176:testCreateLosslessFromImageRGB_remove134:testCreateLosslessFromImageRGB_remove136:testCreateLosslessFromImageRGBnull297:testCreateLosslessFromImageRGB_mg242:testCreateLosslessFromImageRGB_mg228:testCreateLosslessFromImageRGBnull295:testCreateLosslessFromImageRGBnull290:testCreateLosslessFromImageRGBnull294:testCreateLosslessFromImageRGBnull296:testCreateLosslessFromImageRGB_mg158:testCreateLosslessFromImageRGBnull289:testCreateLosslessFromImageRGBnull291:testCreateLosslessFromImageRGBnull292:testCreateLosslessFromImageRGBnull293:testCreateLosslessFromImageRGB_mg146:testCreateLosslessFromImageRGBnull298:testCreateLosslessFromImageRGB_rv254:testCreateLosslessFromImageRGB_mg197:testCreateLosslessFromImageRGB_rv285:testCreateLosslessFromImageRGB_mg186:testCreateLosslessFromImageRGB_mg151:testCreateLosslessFromImageRGB_rv280:testCreateLosslessFromImageRGB_mg174:testCreateLosslessFromImageRGB_mg162:testCreateLosslessFromImageRGB_rv284:testCreateLosslessFromImageRGB_mg187:testCreateLosslessFromImageRGB_mg175:testCreateLosslessFromImageRGB_literalMutationString78:testCreateLosslessFromImageRGB_literalMutationString1:testCreateLosslessFromImageRGB_add100:testCreateLosslessFromImageRGB_add111:testCreateLosslessFromImageRGB_rv272:testCreateLosslessFromImageRGB_add90:testCreateLosslessFromImageRGB_literalMutationString6:testCreateLosslessFromImageRGB_add92:testCreateLosslessFromImageRGB_add96:testCreateLosslessFromImageRGB_mg149:testCreateLosslessFromImageRGB_add106:testCreateLosslessFromImageRGB_add93:testCreateLosslessFromImageRGB_literalMutationString2:testCreateLosslessFromImageRGB_add132:testCreateLosslessFromImageRGB_add97:testCreateLosslessFromImageRGB_add129:testCreateLosslessFromImageRGB_add107:testCreateLosslessFromImageRGB_rv265:testCreateLosslessFromImageRGB_literalMutationNumber47:testCreateLosslessFromImageRGB_add95:testCreateLosslessFromImageRGB_literalMutationNumber24:testCreateLosslessFromImageRGB_literalMutationNumber42:testCreateLosslessFromImageRGB_literalMutationNumber60:testCreateLosslessFromImageRGB_literalMutationNumber65:testCreateLosslessFromImageRGB_literalMutationNumber29:testCreateLosslessFromImageRGB_literalMutationString5:testCreateLosslessFromImageRGB_add105:testCreateLosslessFromImageRGB_add116:testCreateLosslessFromImageRGB_literalMutationNumber7:testCreateLosslessFromImageRGB_literalMutationString81:testCreateLosslessFromImageRGB_literalMutationNumber9:testCreateLosslessFromImageRGB_add122:testCreateLosslessFromImageRGB_add125:testCreateLosslessFromImageRGB_add119:testCreateLosslessFromImageRGB_literalMutationString79:testCreateLosslessFromImageRGB_literalMutationString82:testCreateLosslessFromImageRGB_literalMutationNumber10:testCreateLosslessFromImageRGB_literalMutationNumber40:testCreateLosslessFromImageRGB_literalMutationNumber11:testCreateLosslessFromImageRGB_literalMutationNumber21:testCreateLosslessFromImageRGB_literalMutationNumber13:testCreateLosslessFromImageRGB_literalMutationNumber22:testCreateLosslessFromImageRGB_literalMutationNumber30:testCreateLosslessFromImageRGB_literalMutationNumber14:testCreateLosslessFromImageRGB_literalMutationNumber50:testCreateLosslessFromImageRGB_literalMutationNumber8:testCreateLosslessFromImageRGB_literalMutationNumber34:testCreateLosslessFromImageRGB_literalMutationNumber41:testCreateLosslessFromImageRGB_literalMutationNumber51:testCreateLosslessFromImageRGB_literalMutationNumber52:testCreateLosslessFromImageRGB_literalMutationNumber70:testCreateLosslessFromImageRGB_literalMutationNumber15:testCreateLosslessFromImageRGB_literalMutationNumber36:testCreateLosslessFromImageRGB_literalMutationNumber54:testCreateLosslessFromImageRGB_literalMutationNumber72:testCreateLosslessFromImageRGB_literalMutationNumber17:testCreateLosslessFromImageRGB_literalMutationNumber27:testCreateLosslessFromImageRGB_literalMutationNumber32:testCreateLosslessFromImageRGB_literalMutationNumber45:testCreateLosslessFromImageRGB_literalMutationNumber63:testCreateLosslessFromImageRGB_literalMutationNumber18:testCreateLosslessFromImageRGB_literalMutationNumber26:testCreateLosslessFromImageRGB_literalMutationNumber33:testCreateLosslessFromImageRGB_literalMutationNumber44:testCreateLosslessFromImageRGB_literalMutationNumber62:testCreateLosslessFromImageRGB_literalMutationNumber35:testCreateLosslessFromImageRGB_literalMutationNumber38:testCreateLosslessFromImageRGB_literalMutationNumber53:testCreateLosslessFromImageRGB_literalMutationNumber56:testCreateLosslessFromImageRGB_literalMutationNumber71:testCreateLosslessFromImageRGB_literalMutationNumber74:testCreateLosslessFromImageRGB_literalMutationNumber19:testCreateLosslessFromImageRGB_literalMutationNumber37:testCreateLosslessFromImageRGB_literalMutationNumber55:testCreateLosslessFromImageRGB_literalMutationNumber58:testCreateLosslessFromImageRGB_literalMutationNumber68:testCreateLosslessFromImageRGB_literalMutationNumber73:testCreateLosslessFromImageRGB_literalMutationNumber76:testCreateLosslessFromImageRGB_literalMutationNumber28:testCreateLosslessFromImageRGB_literalMutationNumber46:testCreateLosslessFromImageRGB_literalMutationNumber64:testCreateLosslessFromImageRGB_literalMutationNumber48:testCreateLosslessFromImageRGB_literalMutationNumber66:testCreateLosslessFromImageRGB_literalMutationNumber84:testCreateLosslessFromImageRGB_literalMutationNumber39:testCreateLosslessFromImageRGB_literalMutationNumber57:testCreateLosslessFromImageRGB_literalMutationNumber75:testCreateLosslessFromImageRGB_literalMutationNumber86:testCreateLosslessFromImageRGB_literalMutationNumber59:testCreateLosslessFromImageRGB_literalMutationNumber77:testCreateLosslessFromImageRGB_literalMutationNumber87:testCreateLosslessFromImageRGB_literalMutationBoolean23:testCreateLosslessFromImageRGB_literalMutationNumber31:testCreateLosslessFromImageRGB_literalMutationNumber49:testCreateLosslessFromImageRGB_literalMutationNumber25:testCreateLosslessFromImageRGB_literalMutationNumber43:testCreateLosslessFromImageRGB_literalMutationNumber61:testCreateLosslessFromImageRGB_literalMutationNumber67:testCreateLosslessFromImageRGB_literalMutationNumber20:testCreateLosslessFromImageRGB_literalMutationString4:testCreateLosslessFromImageRGB_literalMutationNumber12:testCreateLosslessFromImageRGB_literalMutationNumber16:testCreateLosslessFromImageRGB_literalMutationNumber85:testCreateLosslessFromImageRGB_literalMutationNumber69:testCreateLosslessFromImageRGB_add120:testCreateLosslessFromImageRGB_add123:testCreateLosslessFromImageRGB_add126:testCreateLosslessFromImageRGB_mg200:testCreateLosslessFromImageRGB_literalMutationString83:testCreateLosslessFromImageRGB_add102:testCreateLosslessFromImageRGB_mg236:testCreateLosslessFromImageRGB_add103:testCreateLosslessFromImageRGB_mg207:testCreateLosslessFromImageRGB_add127:testCreateLosslessFromImageRGB_add117:testCreateLosslessFromImageRGB_add128
[0] INFO PDFRenderer - To get higher rendering speed on java 8 or 9,
[0] INFO PDFRenderer -   use the option -Dsun.java2d.cmm=sun.java2d.cmm.kcms.KcmsServiceProvider
[0] INFO PDFRenderer -   or call System.setProperty("sun.java2d.cmm", "sun.java2d.cmm.kcms.KcmsServiceProvider")
[928] WARN COSDocument - Warning: You did not close a PDF Document
[928] WARN COSDocument - Warning: You did not close a PDF Document
[929] WARN COSDocument - Warning: You did not close a PDF Document
[929] WARN COSDocument - Warning: You did not close a PDF Document
[929] WARN COSDocument - Warning: You did not close a PDF Document
[929] WARN COSDocument - Warning: You did not close a PDF Document
[4798] WARN COSDocument - Warning: You did not close a PDF Document
[4799] WARN COSDocument - Warning: You did not close a PDF Document
[4799] WARN COSDocument - Warning: You did not close a PDF Document
[4799] WARN COSDocument - Warning: You did not close a PDF Document
[7653] WARN COSDocument - Warning: You did not close a PDF Document
[7654] WARN COSDocument - Warning: You did not close a PDF Document
[10499] WARN COSDocument - Warning: You did not close a PDF Document
[10499] WARN COSDocument - Warning: You did not close a PDF Document
[10499] WARN COSDocument - Warning: You did not close a PDF Document
[10499] WARN COSDocument - Warning: You did not close a PDF Document
[10500] WARN COSDocument - Warning: You did not close a PDF Document
[10500] WARN COSDocument - Warning: You did not close a PDF Document
[14616] WARN COSDocument - Warning: You did not close a PDF Document
[14616] WARN COSDocument - Warning: You did not close a PDF Document
[14617] WARN COSDocument - Warning: You did not close a PDF Document
[14618] WARN COSDocument - Warning: You did not close a PDF Document
[14618] WARN COSDocument - Warning: You did not close a PDF Document
[14622] WARN COSDocument - Warning: You did not close a PDF Document
[14623] WARN COSDocument - Warning: You did not close a PDF Document
[14623] WARN COSDocument - Warning: You did not close a PDF Document
[14624] WARN COSDocument - Warning: You did not close a PDF Document
[14624] WARN COSDocument - Warning: You did not close a PDF Document
[14624] WARN COSDocument - Warning: You did not close a PDF Document
[14624] WARN COSDocument - Warning: You did not close a PDF Document
[14624] WARN COSDocument - Warning: You did not close a PDF Document
[14624] WARN COSDocument - Warning: You did not close a PDF Document
[14624] WARN COSDocument - Warning: You did not close a PDF Document
[14624] WARN COSDocument - Warning: You did not close a PDF Document
[14624] WARN COSDocument - Warning: You did not close a PDF Document
[14624] WARN COSDocument - Warning: You did not close a PDF Document
[14624] WARN COSDocument - Warning: You did not close a PDF Document
[14624] WARN COSDocument - Warning: You did not close a PDF Document
[14624] WARN COSDocument - Warning: You did not close a PDF Document
[14624] WARN COSDocument - Warning: You did not close a PDF Document
[14624] WARN COSDocument - Warning: You did not close a PDF Document
[14625] WARN COSDocument - Warning: You did not close a PDF Document
[14625] WARN COSDocument - Warning: You did not close a PDF Document
[14625] WARN COSDocument - Warning: You did not close a PDF Document
[14625] WARN COSDocument - Warning: You did not close a PDF Document
[14625] WARN COSDocument - Warning: You did not close a PDF Document
[14625] WARN COSDocument - Warning: You did not close a PDF Document
[14625] WARN COSDocument - Warning: You did not close a PDF Document
[14625] WARN COSDocument - Warning: You did not close a PDF Document
[14625] WARN COSDocument - Warning: You did not close a PDF Document
[14625] WARN COSDocument - Warning: You did not close a PDF Document
[14625] WARN COSDocument - Warning: You did not close a PDF Document
[14625] WARN COSDocument - Warning: You did not close a PDF Document
[14625] WARN COSDocument - Warning: You did not close a PDF Document
[14625] WARN COSDocument - Warning: You did not close a PDF Document
[14626] WARN COSDocument - Warning: You did not close a PDF Document
[14626] WARN COSDocument - Warning: You did not close a PDF Document
[14626] WARN COSDocument - Warning: You did not close a PDF Document
File saved to the following path: /tmp/icst-2019/september-2018/dataset/pdfbox_parent/pdfbox/target/dspot/TestListener.ser
Loading /tmp/icst-2019/september-2018/dataset/pdfbox_parent/pdfbox/target/dspot/TestListener.ser
[INFO] Test has been run: testCreateLosslessFromImageRGB_literalMutationBoolean23,testCreateLosslessFromImageRGB_literalMutationNumber7,testCreateLosslessFromImageRGB_literalMutationNumber8,testCreateLosslessFromImageRGB_literalMutationNumber9,testCreateLosslessFromImageRGB_literalMutationString79,testCreateLosslessFromImageRGB_literalMutationString81,testCreateLosslessFromImageRGB_literalMutationString82,testCreateLosslessFromImageRGB_literalMutationString83,testCreateLosslessFromImageRGB_add100,testCreateLosslessFromImageRGB_add102,testCreateLosslessFromImageRGB_add103,testCreateLosslessFromImageRGB_add105,testCreateLosslessFromImageRGB_add106,testCreateLosslessFromImageRGB_add107,testCreateLosslessFromImageRGB_add111,testCreateLosslessFromImageRGB_add116,testCreateLosslessFromImageRGB_add117,testCreateLosslessFromImageRGB_add119,testCreateLosslessFromImageRGB_add120,testCreateLosslessFromImageRGB_add122,testCreateLosslessFromImageRGB_add123,testCreateLosslessFromImageRGB_add125,testCreateLosslessFromImageRGB_add126,testCreateLosslessFromImageRGB_add127,testCreateLosslessFromImageRGB_add128,testCreateLosslessFromImageRGB_add129,testCreateLosslessFromImageRGB_add132,testCreateLosslessFromImageRGB_remove133,testCreateLosslessFromImageRGB_remove134,testCreateLosslessFromImageRGB_remove135,testCreateLosslessFromImageRGB_remove136,testCreateLosslessFromImageRGB_remove138,testCreateLosslessFromImageRGB_remove139,testCreateLosslessFromImageRGB_remove140,testCreateLosslessFromImageRGB_remove142,testCreateLosslessFromImageRGB_remove143,testCreateLosslessFromImageRGB_remove144,testCreateLosslessFromImageRGB_remove145,testCreateLosslessFromImageRGB_literalMutationNumber10,testCreateLosslessFromImageRGB_literalMutationNumber11,testCreateLosslessFromImageRGB_literalMutationNumber12,testCreateLosslessFromImageRGB_literalMutationNumber13,testCreateLosslessFromImageRGB_literalMutationNumber14,testCreateLosslessFromImageRGB_literalMutationNumber15,testCreateLosslessFromImageRGB_literalMutationNumber16,testCreateLosslessFromImageRGB_literalMutationNumber17,testCreateLosslessFromImageRGB_literalMutationNumber18,testCreateLosslessFromImageRGB_literalMutationNumber19,testCreateLosslessFromImageRGB_literalMutationNumber20,testCreateLosslessFromImageRGB_literalMutationNumber21,testCreateLosslessFromImageRGB_literalMutationNumber22,testCreateLosslessFromImageRGB_literalMutationNumber24,testCreateLosslessFromImageRGB_literalMutationNumber25,testCreateLosslessFromImageRGB_literalMutationNumber26,testCreateLosslessFromImageRGB_literalMutationNumber27,testCreateLosslessFromImageRGB_literalMutationNumber28,testCreateLosslessFromImageRGB_literalMutationNumber29,testCreateLosslessFromImageRGB_literalMutationNumber30,testCreateLosslessFromImageRGB_literalMutationNumber31,testCreateLosslessFromImageRGB_literalMutationNumber32,testCreateLosslessFromImageRGB_literalMutationNumber33,testCreateLosslessFromImageRGB_literalMutationNumber34,testCreateLosslessFromImageRGB_literalMutationNumber35,testCreateLosslessFromImageRGB_literalMutationNumber37,testCreateLosslessFromImageRGB_literalMutationNumber38,testCreateLosslessFromImageRGB_literalMutationNumber39,testCreateLosslessFromImageRGB_literalMutationNumber41,testCreateLosslessFromImageRGB_literalMutationNumber42,testCreateLosslessFromImageRGB_literalMutationNumber43,testCreateLosslessFromImageRGB_literalMutationNumber44,testCreateLosslessFromImageRGB_literalMutationNumber45,testCreateLosslessFromImageRGB_literalMutationNumber46,testCreateLosslessFromImageRGB_literalMutationNumber47,testCreateLosslessFromImageRGB_literalMutationNumber48,testCreateLosslessFromImageRGB_literalMutationNumber49,testCreateLosslessFromImageRGB_literalMutationNumber50,testCreateLosslessFromImageRGB_literalMutationNumber51,testCreateLosslessFromImageRGB_literalMutationNumber52,testCreateLosslessFromImageRGB_literalMutationNumber53,testCreateLosslessFromImageRGB_literalMutationNumber55,testCreateLosslessFromImageRGB_literalMutationNumber56,testCreateLosslessFromImageRGB_literalMutationNumber57,testCreateLosslessFromImageRGB_literalMutationNumber59,testCreateLosslessFromImageRGB_literalMutationNumber60,testCreateLosslessFromImageRGB_literalMutationNumber61,testCreateLosslessFromImageRGB_literalMutationNumber62,testCreateLosslessFromImageRGB_literalMutationNumber63,testCreateLosslessFromImageRGB_literalMutationNumber64,testCreateLosslessFromImageRGB_literalMutationNumber65,testCreateLosslessFromImageRGB_literalMutationNumber66,testCreateLosslessFromImageRGB_literalMutationNumber67,testCreateLosslessFromImageRGB_literalMutationNumber68,testCreateLosslessFromImageRGB_literalMutationNumber69,testCreateLosslessFromImageRGB_literalMutationNumber70,testCreateLosslessFromImageRGB_literalMutationNumber71,testCreateLosslessFromImageRGB_literalMutationNumber73,testCreateLosslessFromImageRGB_literalMutationNumber74,testCreateLosslessFromImageRGB_literalMutationNumber75,testCreateLosslessFromImageRGB_literalMutationNumber77,testCreateLosslessFromImageRGB_literalMutationNumber86,testCreateLosslessFromImageRGB_literalMutationNumber87,testCreateLosslessFromImageRGB_add90,testCreateLosslessFromImageRGB_add92,testCreateLosslessFromImageRGB_add93,testCreateLosslessFromImageRGB_add95,testCreateLosslessFromImageRGB_add96,testCreateLosslessFromImageRGB_add97,testCreateLosslessFromImageRGB_mg146,testCreateLosslessFromImageRGB_mg147,testCreateLosslessFromImageRGB_mg148,testCreateLosslessFromImageRGB_mg149,testCreateLosslessFromImageRGB_mg151,testCreateLosslessFromImageRGB_mg158,testCreateLosslessFromImageRGB_mg159,testCreateLosslessFromImageRGB_mg181,testCreateLosslessFromImageRGB_mg197,testCreateLosslessFromImageRGB_mg198,testCreateLosslessFromImageRGB_mg200,testCreateLosslessFromImageRGB_mg201,testCreateLosslessFromImageRGB_mg202,testCreateLosslessFromImageRGB_mg205,testCreateLosslessFromImageRGB_mg206,testCreateLosslessFromImageRGB_mg207,testCreateLosslessFromImageRGB_mg210,testCreateLosslessFromImageRGB_mg211,testCreateLosslessFromImageRGB_mg212,testCreateLosslessFromImageRGB_mg213,testCreateLosslessFromImageRGB_mg214,testCreateLosslessFromImageRGB_rv266,testCreateLosslessFromImageRGB_rv280,testCreateLosslessFromImageRGB_rv285,testCreateLosslessFromImageRGB_rv287,testCreateLosslessFromImageRGBnull292,testCreateLosslessFromImageRGBnull293,testCreateLosslessFromImageRGB_literalMutationString1(org.apache.pdfbox.pdmodel.graphics.image.LosslessFactoryTest): null,testCreateLosslessFromImageRGB_literalMutationString2(org.apache.pdfbox.pdmodel.graphics.image.LosslessFactoryTest): input == null!,testCreateLosslessFromImageRGB_literalMutationString4(org.apache.pdfbox.pdmodel.graphics.image.LosslessFactoryTest): input == null!,testCreateLosslessFromImageRGB_literalMutationString5(org.apache.pdfbox.pdmodel.graphics.image.LosslessFactoryTest): input == null!,testCreateLosslessFromImageRGB_literalMutationString6(org.apache.pdfbox.pdmodel.graphics.image.LosslessFactoryTest): input == null!,testCreateLosslessFromImageRGB_literalMutationString78(org.apache.pdfbox.pdmodel.graphics.image.LosslessFactoryTest): target/test-output/graphics (Is a directory),testCreateLosslessFromImageRGB_remove137(org.apache.pdfbox.pdmodel.graphics.image.LosslessFactoryTest): Index out of bounds: 1,testCreateLosslessFromImageRGB_remove141(org.apache.pdfbox.pdmodel.graphics.image.LosslessFactoryTest): Cannot read while there is an open stream writer,testCreateLosslessFromImageRGB_literalMutationNumber36(org.apache.pdfbox.pdmodel.graphics.image.LosslessFactoryTest): / by zero,testCreateLosslessFromImageRGB_literalMutationNumber40(org.apache.pdfbox.pdmodel.graphics.image.LosslessFactoryTest): / by zero,testCreateLosslessFromImageRGB_literalMutationNumber54(org.apache.pdfbox.pdmodel.graphics.image.LosslessFactoryTest): / by zero,testCreateLosslessFromImageRGB_literalMutationNumber58(org.apache.pdfbox.pdmodel.graphics.image.LosslessFactoryTest): / by zero,testCreateLosslessFromImageRGB_literalMutationNumber72(org.apache.pdfbox.pdmodel.graphics.image.LosslessFactoryTest): / by zero,testCreateLosslessFromImageRGB_literalMutationNumber76(org.apache.pdfbox.pdmodel.graphics.image.LosslessFactoryTest): / by zero,testCreateLosslessFromImageRGB_literalMutationNumber84(org.apache.pdfbox.pdmodel.graphics.image.LosslessFactoryTest): Index out of bounds: 2,testCreateLosslessFromImageRGB_literalMutationNumber85(org.apache.pdfbox.pdmodel.graphics.image.LosslessFactoryTest): null,testCreateLosslessFromImageRGB_mg162(org.apache.pdfbox.pdmodel.graphics.image.LosslessFactoryTest): COSStream has been closed and cannot be read. Perhaps its enclosing PDDocument has been closed?,testCreateLosslessFromImageRGB_mg163(org.apache.pdfbox.pdmodel.graphics.image.LosslessFactoryTest): COSStream has been closed and cannot be read. Perhaps its enclosing PDDocument has been closed?,testCreateLosslessFromImageRGB_mg164(org.apache.pdfbox.pdmodel.graphics.image.LosslessFactoryTest): image width and height must be positive,testCreateLosslessFromImageRGB_mg169(org.apache.pdfbox.pdmodel.graphics.image.LosslessFactoryTest): Scratch file directory does not exist: /&h4]]s%=])JWOM_4gds/L9rC)A6fdF&0xT!&b-W-,testCreateLosslessFromImageRGB_mg174(org.apache.pdfbox.pdmodel.graphics.image.LosslessFactoryTest): COSStream has been closed and cannot be read. Perhaps its enclosing PDDocument has been closed?,testCreateLosslessFromImageRGB_mg175(org.apache.pdfbox.pdmodel.graphics.image.LosslessFactoryTest): COSStream has been closed and cannot be read. Perhaps its enclosing PDDocument has been closed?,testCreateLosslessFromImageRGB_mg176(org.apache.pdfbox.pdmodel.graphics.image.LosslessFactoryTest): image width and height must be positive,testCreateLosslessFromImageRGB_mg186(org.apache.pdfbox.pdmodel.graphics.image.LosslessFactoryTest): COSStream has been closed and cannot be read. Perhaps its enclosing PDDocument has been closed?,testCreateLosslessFromImageRGB_mg187(org.apache.pdfbox.pdmodel.graphics.image.LosslessFactoryTest): COSStream has been closed and cannot be read. Perhaps its enclosing PDDocument has been closed?,testCreateLosslessFromImageRGB_mg188(org.apache.pdfbox.pdmodel.graphics.image.LosslessFactoryTest): image width and height must be positive,testCreateLosslessFromImageRGB_mg193(org.apache.pdfbox.pdmodel.graphics.image.LosslessFactoryTest): Illegal character in opaque part at index 8: Y:Wo-9M/^zOCxu?!rIXp,testCreateLosslessFromImageRGB_mg203(org.apache.pdfbox.pdmodel.graphics.image.LosslessFactoryTest): Scratch file directory does not exist: B+ _ 2&pb?56TtKz.F5M/(E@of6;bU#J;!9+7]6k!,testCreateLosslessFromImageRGB_mg204(org.apache.pdfbox.pdmodel.graphics.image.LosslessFactoryTest): 0,testCreateLosslessFromImageRGB_mg215(org.apache.pdfbox.pdmodel.graphics.image.LosslessFactoryTest): Buffer already closed,testCreateLosslessFromImageRGB_mg216(org.apache.pdfbox.pdmodel.graphics.image.LosslessFactoryTest): Buffer already closed,testCreateLosslessFromImageRGB_mg217(org.apache.pdfbox.pdmodel.graphics.image.LosslessFactoryTest): Buffer already closed,testCreateLosslessFromImageRGB_mg218(org.apache.pdfbox.pdmodel.graphics.image.LosslessFactoryTest): Buffer already closed,testCreateLosslessFromImageRGB_mg227(org.apache.pdfbox.pdmodel.graphics.image.LosslessFactoryTest): Buffer already closed,testCreateLosslessFromImageRGB_mg228(org.apache.pdfbox.pdmodel.graphics.image.LosslessFactoryTest): 0,testCreateLosslessFromImageRGB_mg229(org.apache.pdfbox.pdmodel.graphics.image.LosslessFactoryTest): Buffer already closed,testCreateLosslessFromImageRGB_mg230(org.apache.pdfbox.pdmodel.graphics.image.LosslessFactoryTest): Buffer already closed,testCreateLosslessFromImageRGB_mg231(org.apache.pdfbox.pdmodel.graphics.image.LosslessFactoryTest): Buffer already closed,testCreateLosslessFromImageRGB_mg236(org.apache.pdfbox.pdmodel.graphics.image.LosslessFactoryTest): Error: some points are missing coordinate,testCreateLosslessFromImageRGB_mg237(org.apache.pdfbox.pdmodel.graphics.image.LosslessFactoryTest): Buffer already closed,testCreateLosslessFromImageRGB_mg242(org.apache.pdfbox.pdmodel.graphics.image.LosslessFactoryTest): Parameters must be within 0..255, but are (688232918,952687826,-943728346,-637517741),testCreateLosslessFromImageRGB_mg243(org.apache.pdfbox.pdmodel.graphics.image.LosslessFactoryTest): Error: must call beginText() before setTextMatrix,testCreateLosslessFromImageRGB_mg244(org.apache.pdfbox.pdmodel.graphics.image.LosslessFactoryTest): Error: must call beginText() before setTextMatrix,testCreateLosslessFromImageRGB_mg245(org.apache.pdfbox.pdmodel.graphics.image.LosslessFactoryTest): Error: must call beginText() before setTextMatrix,testCreateLosslessFromImageRGB_mg246(org.apache.pdfbox.pdmodel.graphics.image.LosslessFactoryTest): Error: must call beginText() before setTextMatrix,testCreateLosslessFromImageRGB_rv254(org.apache.pdfbox.pdmodel.graphics.image.LosslessFactoryTest): Width (0) and height (0) must be > 0,testCreateLosslessFromImageRGB_rv265(org.apache.pdfbox.pdmodel.graphics.image.LosslessFactoryTest): Coordinate out of bounds!,testCreateLosslessFromImageRGB_rv271(org.apache.pdfbox.pdmodel.graphics.image.LosslessFactoryTest): x lies outside raster,testCreateLosslessFromImageRGB_rv272(org.apache.pdfbox.pdmodel.graphics.image.LosslessFactoryTest): BufferedImages only have one tile with index 0,0,testCreateLosslessFromImageRGB_rv284(org.apache.pdfbox.pdmodel.graphics.image.LosslessFactoryTest): Only 1 tile in image,testCreateLosslessFromImageRGB_rv286(org.apache.pdfbox.pdmodel.graphics.image.LosslessFactoryTest): Coordinate out of bounds!,testCreateLosslessFromImageRGBnull289(org.apache.pdfbox.pdmodel.graphics.image.LosslessFactoryTest): null,testCreateLosslessFromImageRGBnull290(org.apache.pdfbox.pdmodel.graphics.image.LosslessFactoryTest): null,testCreateLosslessFromImageRGBnull291(org.apache.pdfbox.pdmodel.graphics.image.LosslessFactoryTest): null,testCreateLosslessFromImageRGBnull294(org.apache.pdfbox.pdmodel.graphics.image.LosslessFactoryTest): null,testCreateLosslessFromImageRGBnull295(org.apache.pdfbox.pdmodel.graphics.image.LosslessFactoryTest): null,testCreateLosslessFromImageRGBnull296(org.apache.pdfbox.pdmodel.graphics.image.LosslessFactoryTest): null,testCreateLosslessFromImageRGBnull297(org.apache.pdfbox.pdmodel.graphics.image.LosslessFactoryTest): null,testCreateLosslessFromImageRGBnull298(org.apache.pdfbox.pdmodel.graphics.image.LosslessFactoryTest): null
[INFO] 134 test pass, generating assertion...
[INFO] Add observations points in passing tests.
[INFO] Instrumentation...
  0% | ]/  1% | ]-  2% |= ]\  2% |= ]|  3% |= ]/  4% |== ]-  5% |== ]\  5% |== ]|  6% |=== ]/  7% |=== ]-  8% |==== ]\  8% |==== ]|  9% |==== ]/ 10% |===== ]- 11% |===== ]\ 11% |===== ]| 12% |====== ]/ 13% |====== ]- 14% |======= ]\ 14% |======= ]| 15% |======= ]/ 16% |======== ]- 17% |======== ]\ 17% |======== ]| 18% |========= ]/ 19% |========= ]- 20% |========== ]\ 20% |========== ]| 21% |========== ]/ 22% |=========== ]- 23% |=========== ]\ 23% |=========== ]| 24% |============ ]/ 25% |============ ]- 26% |============= ]\ 26% |============= ]| 27% |============= ]/ 28% |============== ]- 29% |============== ]\ 29% |============== ]| 30% |=============== ]/ 31% |=============== ]- 32% |================ ]\ 32% |================ ]| 33% |================ ]/ 34% |================= ]- 35% |================= ]\ 35% |================= ]| 36% |================== ]/ 37% |================== ]- 38% |=================== ]\ 38% |=================== ]| 39% |=================== ]/ 40% |==================== ]- 41% |==================== ]\ 41% |==================== ]| 42% |===================== ]/ 43% |===================== ]- 44% |====================== ]\ 44% |====================== ]| 45% |====================== ]/ 46% |======================= ]- 47% |======================= ]\ 47% |======================= ]| 48% |======================== ]/ 49% |======================== ]- 50% |========================= ]\ 50% |========================= ]| 51% |========================= ]/ 52% |========================== ]- 52% |========================== ]\ 53% |========================== ]| 54% |=========================== ]/ 55% |=========================== ]- 55% |=========================== ]\ 56% |============================ ]| 57% |============================ ]/ 58% |============================= ]- 58% |============================= ]\ 59% |============================= ]| 60% |============================== ]/ 61% |============================== ]- 61% |============================== ]\ 62% |=============================== ]| 63% |=============================== ]/ 64% |================================ ]- 64% |================================ ]\ 65% |================================ ]| 66% |================================= ]/ 67% |================================= ]- 67% |================================= ]\ 68% |================================== ]| 69% |================================== ]/ 70% |=================================== ]- 70% |=================================== ]\ 71% |=================================== ]| 72% |==================================== ]/ 73% |==================================== ]- 73% |==================================== ]\ 74% |===================================== ]| 75% |===================================== ]/ 76% |====================================== ]- 76% |====================================== ]\ 77% |====================================== ]| 78% |======================================= ]/ 79% |======================================= ]- 79% |======================================= ]\ 80% |======================================== ]| 81% |======================================== ]/ 82% |========================================= ]- 82% |========================================= ]\ 83% |========================================= ]| 84% |========================================== ]/ 85% |========================================== ]- 85% |========================================== ]\ 86% |=========================================== ]| 87% |=========================================== ]/ 88% |============================================ ]- 88% |============================================ ]\ 89% |============================================ ]| 90% |============================================= ]/ 91% |============================================= ]- 91% |============================================= ]\ 92% |============================================== ]| 93% |============================================== ]/ 94% |=============================================== ]- 94% |=============================================== ]\ 95% |=============================================== ]| 96% |================================================ ]/ 97% |================================================ ]- 97% |================================================ ]\ 98% |================================================= ]| 99% |================================================= ]/100% |================================================== ]-
[INFO] Run instrumented tests. (402)
[INFO] Run: java -classpath /tmp/icst-2019/september-2018/dataset/pdfbox_parent/pdfbox/target/test-classes:/tmp/icst-2019/september-2018/dataset/pdfbox_parent/pdfbox/target/classes/:/home/spirals/danglot/.m2/repository/org/apache/pdfbox/fontbox/3.0.0-SNAPSHOT/fontbox-3.0.0-SNAPSHOT.jar:/home/spirals/danglot/.m2/repository/commons-logging/commons-logging/1.2/commons-logging-1.2.jar:/home/spirals/danglot/.m2/repository/org/bouncycastle/bcmail-jdk15on/1.60/bcmail-jdk15on-1.60.jar:/home/spirals/danglot/.m2/repository/org/bouncycastle/bcpkix-jdk15on/1.60/bcpkix-jdk15on-1.60.jar:/home/spirals/danglot/.m2/repository/org/bouncycastle/bcprov-jdk15on/1.60/bcprov-jdk15on-1.60.jar:/home/spirals/danglot/.m2/repository/junit/junit/4.12/junit-4.12.jar:/home/spirals/danglot/.m2/repository/org/hamcrest/hamcrest-core/1.3/hamcrest-core-1.3.jar:/home/spirals/danglot/.m2/repository/com/googlecode/java-diff-utils/diffutils/1.3.0/diffutils-1.3.0.jar:/home/spirals/danglot/.m2/repository/org/apache/pdfbox/jbig2-imageio/3.0.1/jbig2-imageio-3.0.1.jar:/home/spirals/danglot/.m2/repository/com/github/jai-imageio/jai-imageio-core/1.4.0/jai-imageio-core-1.4.0.jar:/home/spirals/danglot/.m2/repository/com/github/jai-imageio/jai-imageio-jpeg2000/1.3.0/jai-imageio-jpeg2000-1.3.0.jar:/tmp/icst-2019/september-2018/dataset/pdfbox_parent/pdfbox/target/dspot/dependencies/:/home/spirals/danglot/.m2/repository/eu/stamp-project/test-runner/1.1.0/test-runner-1.1.0-jar-with-dependencies.jar eu.stamp_project.testrunner.runner.test.TestRunner org.apache.pdfbox.pdmodel.graphics.image.LosslessFactoryTest testCreateLosslessFromImageRGB_mg148_withlog0:testCreateLosslessFromImageRGB_rv266_withlog0:testCreateLosslessFromImageRGB_rv287_withlog0:testCreateLosslessFromImageRGB_mg212_withlog0:testCreateLosslessFromImageRGB_mg211_withlog0:testCreateLosslessFromImageRGB_mg214_withlog0:testCreateLosslessFromImageRGB_mg210_withlog0:testCreateLosslessFromImageRGB_remove140_withlog0:testCreateLosslessFromImageRGB_remove139_withlog0:testCreateLosslessFromImageRGB_remove138_withlog0:testCreateLosslessFromImageRGB_remove144_withlog0:testCreateLosslessFromImageRGB_mg159_withlog0:testCreateLosslessFromImageRGB_mg147_withlog0:testCreateLosslessFromImageRGB_mg198_withlog0:testCreateLosslessFromImageRGB_mg202_withlog0:testCreateLosslessFromImageRGB_remove133_withlog0:testCreateLosslessFromImageRGB_remove135_withlog0:testCreateLosslessFromImageRGB_remove142_withlog0:testCreateLosslessFromImageRGB_remove143_withlog0:testCreateLosslessFromImageRGB_remove145_withlog0:testCreateLosslessFromImageRGB_mg181_withlog0:testCreateLosslessFromImageRGB_mg201_withlog0:testCreateLosslessFromImageRGB_mg205_withlog0:testCreateLosslessFromImageRGB_mg206_withlog0:testCreateLosslessFromImageRGB_mg213_withlog0:testCreateLosslessFromImageRGB_remove134_withlog0:testCreateLosslessFromImageRGB_remove136_withlog0:testCreateLosslessFromImageRGB_mg158_withlog0:testCreateLosslessFromImageRGBnull292_withlog0:testCreateLosslessFromImageRGBnull293_withlog0:testCreateLosslessFromImageRGB_mg146_withlog0:testCreateLosslessFromImageRGB_mg197_withlog0:testCreateLosslessFromImageRGB_rv285_withlog0:testCreateLosslessFromImageRGB_mg151_withlog0:testCreateLosslessFromImageRGB_rv280_withlog0:testCreateLosslessFromImageRGB_add100_withlog0:testCreateLosslessFromImageRGB_add111_withlog0:testCreateLosslessFromImageRGB_add90_withlog0:testCreateLosslessFromImageRGB_add92_withlog0:testCreateLosslessFromImageRGB_add96_withlog0:testCreateLosslessFromImageRGB_mg149_withlog0:testCreateLosslessFromImageRGB_add106_withlog0:testCreateLosslessFromImageRGB_add93_withlog0:testCreateLosslessFromImageRGB_add132_withlog0:testCreateLosslessFromImageRGB_add97_withlog0:testCreateLosslessFromImageRGB_add129_withlog0:testCreateLosslessFromImageRGB_add107_withlog0:testCreateLosslessFromImageRGB_literalMutationNumber47_withlog0:testCreateLosslessFromImageRGB_add95_withlog0:testCreateLosslessFromImageRGB_literalMutationNumber24_withlog0:testCreateLosslessFromImageRGB_literalMutationNumber42_withlog0:testCreateLosslessFromImageRGB_literalMutationNumber60_withlog0:testCreateLosslessFromImageRGB_literalMutationNumber65_withlog0:testCreateLosslessFromImageRGB_literalMutationNumber29_withlog0:testCreateLosslessFromImageRGB_add105_withlog0:testCreateLosslessFromImageRGB_add116_withlog0:testCreateLosslessFromImageRGB_literalMutationNumber7_withlog0:testCreateLosslessFromImageRGB_literalMutationString81_withlog0:testCreateLosslessFromImageRGB_literalMutationNumber9_withlog0:testCreateLosslessFromImageRGB_add122_withlog0:testCreateLosslessFromImageRGB_add125_withlog0:testCreateLosslessFromImageRGB_add119_withlog0:testCreateLosslessFromImageRGB_literalMutationString79_withlog0:testCreateLosslessFromImageRGB_literalMutationString82_withlog0:testCreateLosslessFromImageRGB_literalMutationNumber10_withlog0:testCreateLosslessFromImageRGB_literalMutationNumber11_withlog0:testCreateLosslessFromImageRGB_literalMutationNumber21_withlog0:testCreateLosslessFromImageRGB_literalMutationNumber13_withlog0:testCreateLosslessFromImageRGB_literalMutationNumber22_withlog0:testCreateLosslessFromImageRGB_literalMutationNumber30_withlog0:testCreateLosslessFromImageRGB_literalMutationNumber14_withlog0:testCreateLosslessFromImageRGB_literalMutationNumber50_withlog0:testCreateLosslessFromImageRGB_literalMutationNumber8_withlog0:testCreateLosslessFromImageRGB_literalMutationNumber34_withlog0:testCreateLosslessFromImageRGB_literalMutationNumber41_withlog0:testCreateLosslessFromImageRGB_literalMutationNumber51_withlog0:testCreateLosslessFromImageRGB_literalMutationNumber52_withlog0:testCreateLosslessFromImageRGB_literalMutationNumber70_withlog0:testCreateLosslessFromImageRGB_literalMutationNumber15_withlog0:testCreateLosslessFromImageRGB_literalMutationNumber17_withlog0:testCreateLosslessFromImageRGB_literalMutationNumber27_withlog0:testCreateLosslessFromImageRGB_literalMutationNumber32_withlog0:testCreateLosslessFromImageRGB_literalMutationNumber45_withlog0:testCreateLosslessFromImageRGB_literalMutationNumber63_withlog0:testCreateLosslessFromImageRGB_literalMutationNumber18_withlog0:testCreateLosslessFromImageRGB_literalMutationNumber26_withlog0:testCreateLosslessFromImageRGB_literalMutationNumber33_withlog0:testCreateLosslessFromImageRGB_literalMutationNumber44_withlog0:testCreateLosslessFromImageRGB_literalMutationNumber62_withlog0:testCreateLosslessFromImageRGB_literalMutationNumber35_withlog0:testCreateLosslessFromImageRGB_literalMutationNumber38_withlog0:testCreateLosslessFromImageRGB_literalMutationNumber53_withlog0:testCreateLosslessFromImageRGB_literalMutationNumber56_withlog0:testCreateLosslessFromImageRGB_literalMutationNumber71_withlog0:testCreateLosslessFromImageRGB_literalMutationNumber74_withlog0:testCreateLosslessFromImageRGB_literalMutationNumber19_withlog0:testCreateLosslessFromImageRGB_literalMutationNumber37_withlog0:testCreateLosslessFromImageRGB_literalMutationNumber55_withlog0:testCreateLosslessFromImageRGB_literalMutationNumber68_withlog0:testCreateLosslessFromImageRGB_literalMutationNumber73_withlog0:testCreateLosslessFromImageRGB_literalMutationNumber28_withlog0:testCreateLosslessFromImageRGB_literalMutationNumber46_withlog0:testCreateLosslessFromImageRGB_literalMutationNumber64_withlog0:testCreateLosslessFromImageRGB_literalMutationNumber48_withlog0:testCreateLosslessFromImageRGB_literalMutationNumber66_withlog0:testCreateLosslessFromImageRGB_literalMutationNumber39_withlog0:testCreateLosslessFromImageRGB_literalMutationNumber57_withlog0:testCreateLosslessFromImageRGB_literalMutationNumber75_withlog0:testCreateLosslessFromImageRGB_literalMutationNumber86_withlog0:testCreateLosslessFromImageRGB_literalMutationNumber59_withlog0:testCreateLosslessFromImageRGB_literalMutationNumber77_withlog0:testCreateLosslessFromImageRGB_literalMutationNumber87_withlog0:testCreateLosslessFromImageRGB_literalMutationBoolean23_withlog0:testCreateLosslessFromImageRGB_literalMutationNumber31_withlog0:testCreateLosslessFromImageRGB_literalMutationNumber49_withlog0:testCreateLosslessFromImageRGB_literalMutationNumber25_withlog0:testCreateLosslessFromImageRGB_literalMutationNumber43_withlog0:testCreateLosslessFromImageRGB_literalMutationNumber61_withlog0:testCreateLosslessFromImageRGB_literalMutationNumber67_withlog0:testCreateLosslessFromImageRGB_literalMutationNumber20_withlog0:testCreateLosslessFromImageRGB_literalMutationNumber12_withlog0:testCreateLosslessFromImageRGB_literalMutationNumber16_withlog0:testCreateLosslessFromImageRGB_literalMutationNumber69_withlog0:testCreateLosslessFromImageRGB_add120_withlog0:testCreateLosslessFromImageRGB_add123_withlog0:testCreateLosslessFromImageRGB_add126_withlog0:testCreateLosslessFromImageRGB_mg200_withlog0:testCreateLosslessFromImageRGB_literalMutationString83_withlog0:testCreateLosslessFromImageRGB_add102_withlog0:testCreateLosslessFromImageRGB_add103_withlog0:testCreateLosslessFromImageRGB_mg207_withlog0:testCreateLosslessFromImageRGB_add127_withlog0:testCreateLosslessFromImageRGB_add117_withlog0:testCreateLosslessFromImageRGB_add128_withlog0:testCreateLosslessFromImageRGB_mg148_withlog1:testCreateLosslessFromImageRGB_rv266_withlog1:testCreateLosslessFromImageRGB_rv287_withlog1:testCreateLosslessFromImageRGB_mg212_withlog1:testCreateLosslessFromImageRGB_mg211_withlog1:testCreateLosslessFromImageRGB_mg214_withlog1:testCreateLosslessFromImageRGB_mg210_withlog1:testCreateLosslessFromImageRGB_remove140_withlog1:testCreateLosslessFromImageRGB_remove139_withlog1:testCreateLosslessFromImageRGB_remove138_withlog1:testCreateLosslessFromImageRGB_remove144_withlog1:testCreateLosslessFromImageRGB_mg159_withlog1:testCreateLosslessFromImageRGB_mg147_withlog1:testCreateLosslessFromImageRGB_mg198_withlog1:testCreateLosslessFromImageRGB_mg202_withlog1:testCreateLosslessFromImageRGB_remove133_withlog1:testCreateLosslessFromImageRGB_remove135_withlog1:testCreateLosslessFromImageRGB_remove142_withlog1:testCreateLosslessFromImageRGB_remove143_withlog1:testCreateLosslessFromImageRGB_remove145_withlog1:testCreateLosslessFromImageRGB_mg181_withlog1:testCreateLosslessFromImageRGB_mg201_withlog1:testCreateLosslessFromImageRGB_mg205_withlog1:testCreateLosslessFromImageRGB_mg206_withlog1:testCreateLosslessFromImageRGB_mg213_withlog1:testCreateLosslessFromImageRGB_remove134_withlog1:testCreateLosslessFromImageRGB_remove136_withlog1:testCreateLosslessFromImageRGB_mg158_withlog1:testCreateLosslessFromImageRGBnull292_withlog1:testCreateLosslessFromImageRGBnull293_withlog1:testCreateLosslessFromImageRGB_mg146_withlog1:testCreateLosslessFromImageRGB_mg197_withlog1:testCreateLosslessFromImageRGB_rv285_withlog1:testCreateLosslessFromImageRGB_mg151_withlog1:testCreateLosslessFromImageRGB_rv280_withlog1:testCreateLosslessFromImageRGB_add100_withlog1:testCreateLosslessFromImageRGB_add111_withlog1:testCreateLosslessFromImageRGB_add90_withlog1:testCreateLosslessFromImageRGB_add92_withlog1:testCreateLosslessFromImageRGB_add96_withlog1:testCreateLosslessFromImageRGB_mg149_withlog1:testCreateLosslessFromImageRGB_add106_withlog1:testCreateLosslessFromImageRGB_add93_withlog1:testCreateLosslessFromImageRGB_add132_withlog1:testCreateLosslessFromImageRGB_add97_withlog1:testCreateLosslessFromImageRGB_add129_withlog1:testCreateLosslessFromImageRGB_add107_withlog1:testCreateLosslessFromImageRGB_literalMutationNumber47_withlog1:testCreateLosslessFromImageRGB_add95_withlog1:testCreateLosslessFromImageRGB_literalMutationNumber24_withlog1:testCreateLosslessFromImageRGB_literalMutationNumber42_withlog1:testCreateLosslessFromImageRGB_literalMutationNumber60_withlog1:testCreateLosslessFromImageRGB_literalMutationNumber65_withlog1:testCreateLosslessFromImageRGB_literalMutationNumber29_withlog1:testCreateLosslessFromImageRGB_add105_withlog1:testCreateLosslessFromImageRGB_add116_withlog1:testCreateLosslessFromImageRGB_literalMutationNumber7_withlog1:testCreateLosslessFromImageRGB_literalMutationString81_withlog1:testCreateLosslessFromImageRGB_literalMutationNumber9_withlog1:testCreateLosslessFromImageRGB_add122_withlog1:testCreateLosslessFromImageRGB_add125_withlog1:testCreateLosslessFromImageRGB_add119_withlog1:testCreateLosslessFromImageRGB_literalMutationString79_withlog1:testCreateLosslessFromImageRGB_literalMutationString82_withlog1:testCreateLosslessFromImageRGB_literalMutationNumber10_withlog1:testCreateLosslessFromImageRGB_literalMutationNumber11_withlog1:testCreateLosslessFromImageRGB_literalMutationNumber21_withlog1:testCreateLosslessFromImageRGB_literalMutationNumber13_withlog1:testCreateLosslessFromImageRGB_literalMutationNumber22_withlog1:testCreateLosslessFromImageRGB_literalMutationNumber30_withlog1:testCreateLosslessFromImageRGB_literalMutationNumber14_withlog1:testCreateLosslessFromImageRGB_literalMutationNumber50_withlog1:testCreateLosslessFromImageRGB_literalMutationNumber8_withlog1:testCreateLosslessFromImageRGB_literalMutationNumber34_withlog1:testCreateLosslessFromImageRGB_literalMutationNumber41_withlog1:testCreateLosslessFromImageRGB_literalMutationNumber51_withlog1:testCreateLosslessFromImageRGB_literalMutationNumber52_withlog1:testCreateLosslessFromImageRGB_literalMutationNumber70_withlog1:testCreateLosslessFromImageRGB_literalMutationNumber15_withlog1:testCreateLosslessFromImageRGB_literalMutationNumber17_withlog1:testCreateLosslessFromImageRGB_literalMutationNumber27_withlog1:testCreateLosslessFromImageRGB_literalMutationNumber32_withlog1:testCreateLosslessFromImageRGB_literalMutationNumber45_withlog1:testCreateLosslessFromImageRGB_literalMutationNumber63_withlog1:testCreateLosslessFromImageRGB_literalMutationNumber18_withlog1:testCreateLosslessFromImageRGB_literalMutationNumber26_withlog1:testCreateLosslessFromImageRGB_literalMutationNumber33_withlog1:testCreateLosslessFromImageRGB_literalMutationNumber44_withlog1:testCreateLosslessFromImageRGB_literalMutationNumber62_withlog1:testCreateLosslessFromImageRGB_literalMutationNumber35_withlog1:testCreateLosslessFromImageRGB_literalMutationNumber38_withlog1:testCreateLosslessFromImageRGB_literalMutationNumber53_withlog1:testCreateLosslessFromImageRGB_literalMutationNumber56_withlog1:testCreateLosslessFromImageRGB_literalMutationNumber71_withlog1:testCreateLosslessFromImageRGB_literalMutationNumber74_withlog1:testCreateLosslessFromImageRGB_literalMutationNumber19_withlog1:testCreateLosslessFromImageRGB_literalMutationNumber37_withlog1:testCreateLosslessFromImageRGB_literalMutationNumber55_withlog1:testCreateLosslessFromImageRGB_literalMutationNumber68_withlog1:testCreateLosslessFromImageRGB_literalMutationNumber73_withlog1:testCreateLosslessFromImageRGB_literalMutationNumber28_withlog1:testCreateLosslessFromImageRGB_literalMutationNumber46_withlog1:testCreateLosslessFromImageRGB_literalMutationNumber64_withlog1:testCreateLosslessFromImageRGB_literalMutationNumber48_withlog1:testCreateLosslessFromImageRGB_literalMutationNumber66_withlog1:testCreateLosslessFromImageRGB_literalMutationNumber39_withlog1:testCreateLosslessFromImageRGB_literalMutationNumber57_withlog1:testCreateLosslessFromImageRGB_literalMutationNumber75_withlog1:testCreateLosslessFromImageRGB_literalMutationNumber86_withlog1:testCreateLosslessFromImageRGB_literalMutationNumber59_withlog1:testCreateLosslessFromImageRGB_literalMutationNumber77_withlog1:testCreateLosslessFromImageRGB_literalMutationNumber87_withlog1:testCreateLosslessFromImageRGB_literalMutationBoolean23_withlog1:testCreateLosslessFromImageRGB_literalMutationNumber31_withlog1:testCreateLosslessFromImageRGB_literalMutationNumber49_withlog1:testCreateLosslessFromImageRGB_literalMutationNumber25_withlog1:testCreateLosslessFromImageRGB_literalMutationNumber43_withlog1:testCreateLosslessFromImageRGB_literalMutationNumber61_withlog1:testCreateLosslessFromImageRGB_literalMutationNumber67_withlog1:testCreateLosslessFromImageRGB_literalMutationNumber20_withlog1:testCreateLosslessFromImageRGB_literalMutationNumber12_withlog1:testCreateLosslessFromImageRGB_literalMutationNumber16_withlog1:testCreateLosslessFromImageRGB_literalMutationNumber69_withlog1:testCreateLosslessFromImageRGB_add120_withlog1:testCreateLosslessFromImageRGB_add123_withlog1:testCreateLosslessFromImageRGB_add126_withlog1:testCreateLosslessFromImageRGB_mg200_withlog1:testCreateLosslessFromImageRGB_literalMutationString83_withlog1:testCreateLosslessFromImageRGB_add102_withlog1:testCreateLosslessFromImageRGB_add103_withlog1:testCreateLosslessFromImageRGB_mg207_withlog1:testCreateLosslessFromImageRGB_add127_withlog1:testCreateLosslessFromImageRGB_add117_withlog1:testCreateLosslessFromImageRGB_add128_withlog1:testCreateLosslessFromImageRGB_mg148_withlog2:testCreateLosslessFromImageRGB_rv266_withlog2:testCreateLosslessFromImageRGB_rv287_withlog2:testCreateLosslessFromImageRGB_mg212_withlog2:testCreateLosslessFromImageRGB_mg211_withlog2:testCreateLosslessFromImageRGB_mg214_withlog2:testCreateLosslessFromImageRGB_mg210_withlog2:testCreateLosslessFromImageRGB_remove140_withlog2:testCreateLosslessFromImageRGB_remove139_withlog2:testCreateLosslessFromImageRGB_remove138_withlog2:testCreateLosslessFromImageRGB_remove144_withlog2:testCreateLosslessFromImageRGB_mg159_withlog2:testCreateLosslessFromImageRGB_mg147_withlog2:testCreateLosslessFromImageRGB_mg198_withlog2:testCreateLosslessFromImageRGB_mg202_withlog2:testCreateLosslessFromImageRGB_remove133_withlog2:testCreateLosslessFromImageRGB_remove135_withlog2:testCreateLosslessFromImageRGB_remove142_withlog2:testCreateLosslessFromImageRGB_remove143_withlog2:testCreateLosslessFromImageRGB_remove145_withlog2:testCreateLosslessFromImageRGB_mg181_withlog2:testCreateLosslessFromImageRGB_mg201_withlog2:testCreateLosslessFromImageRGB_mg205_withlog2:testCreateLosslessFromImageRGB_mg206_withlog2:testCreateLosslessFromImageRGB_mg213_withlog2:testCreateLosslessFromImageRGB_remove134_withlog2:testCreateLosslessFromImageRGB_remove136_withlog2:testCreateLosslessFromImageRGB_mg158_withlog2:testCreateLosslessFromImageRGBnull292_withlog2:testCreateLosslessFromImageRGBnull293_withlog2:testCreateLosslessFromImageRGB_mg146_withlog2:testCreateLosslessFromImageRGB_mg197_withlog2:testCreateLosslessFromImageRGB_rv285_withlog2:testCreateLosslessFromImageRGB_mg151_withlog2:testCreateLosslessFromImageRGB_rv280_withlog2:testCreateLosslessFromImageRGB_add100_withlog2:testCreateLosslessFromImageRGB_add111_withlog2:testCreateLosslessFromImageRGB_add90_withlog2:testCreateLosslessFromImageRGB_add92_withlog2:testCreateLosslessFromImageRGB_add96_withlog2:testCreateLosslessFromImageRGB_mg149_withlog2:testCreateLosslessFromImageRGB_add106_withlog2:testCreateLosslessFromImageRGB_add93_withlog2:testCreateLosslessFromImageRGB_add132_withlog2:testCreateLosslessFromImageRGB_add97_withlog2:testCreateLosslessFromImageRGB_add129_withlog2:testCreateLosslessFromImageRGB_add107_withlog2:testCreateLosslessFromImageRGB_literalMutationNumber47_withlog2:testCreateLosslessFromImageRGB_add95_withlog2:testCreateLosslessFromImageRGB_literalMutationNumber24_withlog2:testCreateLosslessFromImageRGB_literalMutationNumber42_withlog2:testCreateLosslessFromImageRGB_literalMutationNumber60_withlog2:testCreateLosslessFromImageRGB_literalMutationNumber65_withlog2:testCreateLosslessFromImageRGB_literalMutationNumber29_withlog2:testCreateLosslessFromImageRGB_add105_withlog2:testCreateLosslessFromImageRGB_add116_withlog2:testCreateLosslessFromImageRGB_literalMutationNumber7_withlog2:testCreateLosslessFromImageRGB_literalMutationString81_withlog2:testCreateLosslessFromImageRGB_literalMutationNumber9_withlog2:testCreateLosslessFromImageRGB_add122_withlog2:testCreateLosslessFromImageRGB_add125_withlog2:testCreateLosslessFromImageRGB_add119_withlog2:testCreateLosslessFromImageRGB_literalMutationString79_withlog2:testCreateLosslessFromImageRGB_literalMutationString82_withlog2:testCreateLosslessFromImageRGB_literalMutationNumber10_withlog2:testCreateLosslessFromImageRGB_literalMutationNumber11_withlog2:testCreateLosslessFromImageRGB_literalMutationNumber21_withlog2:testCreateLosslessFromImageRGB_literalMutationNumber13_withlog2:testCreateLosslessFromImageRGB_literalMutationNumber22_withlog2:testCreateLosslessFromImageRGB_literalMutationNumber30_withlog2:testCreateLosslessFromImageRGB_literalMutationNumber14_withlog2:testCreateLosslessFromImageRGB_literalMutationNumber50_withlog2:testCreateLosslessFromImageRGB_literalMutationNumber8_withlog2:testCreateLosslessFromImageRGB_literalMutationNumber34_withlog2:testCreateLosslessFromImageRGB_literalMutationNumber41_withlog2:testCreateLosslessFromImageRGB_literalMutationNumber51_withlog2:testCreateLosslessFromImageRGB_literalMutationNumber52_withlog2:testCreateLosslessFromImageRGB_literalMutationNumber70_withlog2:testCreateLosslessFromImageRGB_literalMutationNumber15_withlog2:testCreateLosslessFromImageRGB_literalMutationNumber17_withlog2:testCreateLosslessFromImageRGB_literalMutationNumber27_withlog2:testCreateLosslessFromImageRGB_literalMutationNumber32_withlog2:testCreateLosslessFromImageRGB_literalMutationNumber45_withlog2:testCreateLosslessFromImageRGB_literalMutationNumber63_withlog2:testCreateLosslessFromImageRGB_literalMutationNumber18_withlog2:testCreateLosslessFromImageRGB_literalMutationNumber26_withlog2:testCreateLosslessFromImageRGB_literalMutationNumber33_withlog2:testCreateLosslessFromImageRGB_literalMutationNumber44_withlog2:testCreateLosslessFromImageRGB_literalMutationNumber62_withlog2:testCreateLosslessFromImageRGB_literalMutationNumber35_withlog2:testCreateLosslessFromImageRGB_literalMutationNumber38_withlog2:testCreateLosslessFromImageRGB_literalMutationNumber53_withlog2:testCreateLosslessFromImageRGB_literalMutationNumber56_withlog2:testCreateLosslessFromImageRGB_literalMutationNumber71_withlog2:testCreateLosslessFromImageRGB_literalMutationNumber74_withlog2:testCreateLosslessFromImageRGB_literalMutationNumber19_withlog2:testCreateLosslessFromImageRGB_literalMutationNumber37_withlog2:testCreateLosslessFromImageRGB_literalMutationNumber55_withlog2:testCreateLosslessFromImageRGB_literalMutationNumber68_withlog2:testCreateLosslessFromImageRGB_literalMutationNumber73_withlog2:testCreateLosslessFromImageRGB_literalMutationNumber28_withlog2:testCreateLosslessFromImageRGB_literalMutationNumber46_withlog2:testCreateLosslessFromImageRGB_literalMutationNumber64_withlog2:testCreateLosslessFromImageRGB_literalMutationNumber48_withlog2:testCreateLosslessFromImageRGB_literalMutationNumber66_withlog2:testCreateLosslessFromImageRGB_literalMutationNumber39_withlog2:testCreateLosslessFromImageRGB_literalMutationNumber57_withlog2:testCreateLosslessFromImageRGB_literalMutationNumber75_withlog2:testCreateLosslessFromImageRGB_literalMutationNumber86_withlog2:testCreateLosslessFromImageRGB_literalMutationNumber59_withlog2:testCreateLosslessFromImageRGB_literalMutationNumber77_withlog2:testCreateLosslessFromImageRGB_literalMutationNumber87_withlog2:testCreateLosslessFromImageRGB_literalMutationBoolean23_withlog2:testCreateLosslessFromImageRGB_literalMutationNumber31_withlog2:testCreateLosslessFromImageRGB_literalMutationNumber49_withlog2:testCreateLosslessFromImageRGB_literalMutationNumber25_withlog2:testCreateLosslessFromImageRGB_literalMutationNumber43_withlog2:testCreateLosslessFromImageRGB_literalMutationNumber61_withlog2:testCreateLosslessFromImageRGB_literalMutationNumber67_withlog2:testCreateLosslessFromImageRGB_literalMutationNumber20_withlog2:testCreateLosslessFromImageRGB_literalMutationNumber12_withlog2:testCreateLosslessFromImageRGB_literalMutationNumber16_withlog2:testCreateLosslessFromImageRGB_literalMutationNumber69_withlog2:testCreateLosslessFromImageRGB_add120_withlog2:testCreateLosslessFromImageRGB_add123_withlog2:testCreateLosslessFromImageRGB_add126_withlog2:testCreateLosslessFromImageRGB_mg200_withlog2:testCreateLosslessFromImageRGB_literalMutationString83_withlog2:testCreateLosslessFromImageRGB_add102_withlog2:testCreateLosslessFromImageRGB_add103_withlog2:testCreateLosslessFromImageRGB_mg207_withlog2:testCreateLosslessFromImageRGB_add127_withlog2:testCreateLosslessFromImageRGB_add117_withlog2:testCreateLosslessFromImageRGB_add128_withlog2
[1] INFO PDFRenderer - To get higher rendering speed on java 8 or 9,
[1] INFO PDFRenderer -   use the option -Dsun.java2d.cmm=sun.java2d.cmm.kcms.KcmsServiceProvider
[1] INFO PDFRenderer -   or call System.setProperty("sun.java2d.cmm", "sun.java2d.cmm.kcms.KcmsServiceProvider")
[21189] WARN COSDocument - Warning: You did not close a PDF Document
[21190] WARN COSDocument - Warning: You did not close a PDF Document
[36207] WARN COSDocument - Warning: You did not close a PDF Document
[65150] WARN COSDocument - Warning: You did not close a PDF Document
[77488] WARN COSDocument - Warning: You did not close a PDF Document
[77489] WARN COSDocument - Warning: You did not close a PDF Document
[90934] WARN COSDocument - Warning: You did not close a PDF Document
[102879] WARN COSDocument - Warning: You did not close a PDF Document
[102880] WARN COSDocument - Warning: You did not close a PDF Document
[143705] WARN COSDocument - Warning: You did not close a PDF Document
[143705] WARN COSDocument - Warning: You did not close a PDF Document
[155880] WARN COSDocument - Warning: You did not close a PDF Document
[170642] WARN COSDocument - Warning: You did not close a PDF Document
[170643] WARN COSDocument - Warning: You did not close a PDF Document
[170643] WARN COSDocument - Warning: You did not close a PDF Document
[216021] WARN COSDocument - Warning: You did not close a PDF Document
[216022] WARN COSDocument - Warning: You did not close a PDF Document
[228951] WARN COSDocument - Warning: You did not close a PDF Document
[242682] WARN COSDocument - Warning: You did not close a PDF Document
[242682] WARN COSDocument - Warning: You did not close a PDF Document
[242682] WARN COSDocument - Warning: You did not close a PDF Document
[258996] WARN COSDocument - Warning: You did not close a PDF Document
[258997] WARN COSDocument - Warning: You did not close a PDF Document
[258997] WARN COSDocument - Warning: You did not close a PDF Document
[302255] WARN COSDocument - Warning: You did not close a PDF Document
[302255] WARN COSDocument - Warning: You did not close a PDF Document
[302255] WARN COSDocument - Warning: You did not close a PDF Document
[316446] WARN COSDocument - Warning: You did not close a PDF Document
[316446] WARN COSDocument - Warning: You did not close a PDF Document
[316446] WARN COSDocument - Warning: You did not close a PDF Document
[405307] WARN COSDocument - Warning: You did not close a PDF Document
[405308] WARN COSDocument - Warning: You did not close a PDF Document
[405308] WARN COSDocument - Warning: You did not close a PDF Document
[456516] WARN COSDocument - Warning: You did not close a PDF Document
[456516] WARN COSDocument - Warning: You did not close a PDF Document
[476229] WARN COSDocument - Warning: You did not close a PDF Document
[476230] WARN COSDocument - Warning: You did not close a PDF Document
[495216] WARN COSDocument - Warning: You did not close a PDF Document
[495217] WARN COSDocument - Warning: You did not close a PDF Document
[495217] WARN COSDocument - Warning: You did not close a PDF Document
[495217] WARN COSDocument - Warning: You did not close a PDF Document
[495217] WARN COSDocument - Warning: You did not close a PDF Document
[574849] WARN COSDocument - Warning: You did not close a PDF Document
[574849] WARN COSDocument - Warning: You did not close a PDF Document
[595123] WARN COSDocument - Warning: You did not close a PDF Document
[633907] WARN COSDocument - Warning: You did not close a PDF Document
[656821] WARN COSDocument - Warning: You did not close a PDF Document
[656821] WARN COSDocument - Warning: You did not close a PDF Document
[656822] WARN COSDocument - Warning: You did not close a PDF Document
[656822] WARN COSDocument - Warning: You did not close a PDF Document
[656823] WARN COSDocument - Warning: You did not close a PDF Document
[674036] WARN COSDocument - Warning: You did not close a PDF Document
[692081] WARN COSDocument - Warning: You did not close a PDF Document
[692081] WARN COSDocument - Warning: You did not close a PDF Document
[716221] WARN COSDocument - Warning: You did not close a PDF Document
[716221] WARN COSDocument - Warning: You did not close a PDF Document
[716221] WARN COSDocument - Warning: You did not close a PDF Document
[795418] WARN COSDocument - Warning: You did not close a PDF Document
[795419] WARN COSDocument - Warning: You did not close a PDF Document
[795419] WARN COSDocument - Warning: You did not close a PDF Document
[836130] WARN COSDocument - Warning: You did not close a PDF Document
[836131] WARN COSDocument - Warning: You did not close a PDF Document
[836131] WARN COSDocument - Warning: You did not close a PDF Document
[856555] WARN COSDocument - Warning: You did not close a PDF Document
[856555] WARN COSDocument - Warning: You did not close a PDF Document
[856555] WARN COSDocument - Warning: You did not close a PDF Document
[897218] WARN COSDocument - Warning: You did not close a PDF Document
[897219] WARN COSDocument - Warning: You did not close a PDF Document
[917808] WARN COSDocument - Warning: You did not close a PDF Document
[940775] WARN COSDocument - Warning: You did not close a PDF Document
[940775] WARN COSDocument - Warning: You did not close a PDF Document
[940775] WARN COSDocument - Warning: You did not close a PDF Document
[1009034] WARN COSDocument - Warning: You did not close a PDF Document
[1009034] WARN COSDocument - Warning: You did not close a PDF Document
[1009035] WARN COSDocument - Warning: You did not close a PDF Document
[1032312] WARN COSDocument - Warning: You did not close a PDF Document
[1032312] WARN COSDocument - Warning: You did not close a PDF Document
[1053029] WARN COSDocument - Warning: You did not close a PDF Document
[1076222] WARN COSDocument - Warning: You did not close a PDF Document
[1076222] WARN COSDocument - Warning: You did not close a PDF Document
[1076222] WARN COSDocument - Warning: You did not close a PDF Document
[1592146] WARN COSDocument - Warning: You did not close a PDF Document
[1592147] WARN COSDocument - Warning: You did not close a PDF Document
[1592147] WARN COSDocument - Warning: You did not close a PDF Document
File saved to the following path: /tmp/icst-2019/september-2018/dataset/pdfbox_parent/pdfbox/target/dspot/observations.ser
File saved to the following path: /tmp/icst-2019/september-2018/dataset/pdfbox_parent/pdfbox/target/dspot/TestListener.ser
Loading /tmp/icst-2019/september-2018/dataset/pdfbox_parent/pdfbox/target/dspot/TestListener.ser
[INFO] Test has been run: testCreateLosslessFromImageRGB_literalMutationNumber35_withlog0,testCreateLosslessFromImageRGB_literalMutationNumber35_withlog1,testCreateLosslessFromImageRGB_literalMutationNumber35_withlog2,testCreateLosslessFromImageRGB_mg213_withlog0,testCreateLosslessFromImageRGB_mg213_withlog1,testCreateLosslessFromImageRGB_mg213_withlog2,testCreateLosslessFromImageRGB_add129_withlog0,testCreateLosslessFromImageRGB_add129_withlog1,testCreateLosslessFromImageRGB_add129_withlog2,testCreateLosslessFromImageRGB_literalMutationNumber11_withlog0,testCreateLosslessFromImageRGB_literalMutationNumber11_withlog1,testCreateLosslessFromImageRGB_literalMutationNumber11_withlog2,testCreateLosslessFromImageRGB_add105_withlog0,testCreateLosslessFromImageRGB_add105_withlog1,testCreateLosslessFromImageRGB_add105_withlog2,testCreateLosslessFromImageRGB_mg159_withlog0,testCreateLosslessFromImageRGB_mg159_withlog1,testCreateLosslessFromImageRGB_mg159_withlog2,testCreateLosslessFromImageRGB_literalMutationNumber34_withlog0,testCreateLosslessFromImageRGB_literalMutationNumber34_withlog1,testCreateLosslessFromImageRGB_literalMutationNumber34_withlog2,testCreateLosslessFromImageRGB_mg212_withlog0,testCreateLosslessFromImageRGB_mg212_withlog1,testCreateLosslessFromImageRGB_mg212_withlog2,testCreateLosslessFromImageRGB_add128_withlog0,testCreateLosslessFromImageRGB_add128_withlog1,testCreateLosslessFromImageRGB_add128_withlog2,testCreateLosslessFromImageRGB_literalMutationNumber10_withlog0,testCreateLosslessFromImageRGB_literalMutationNumber10_withlog1,testCreateLosslessFromImageRGB_literalMutationNumber10_withlog2,testCreateLosslessFromImageRGB_literalMutationNumber57_withlog0,testCreateLosslessFromImageRGB_literalMutationNumber57_withlog1,testCreateLosslessFromImageRGB_literalMutationNumber57_withlog2,testCreateLosslessFromImageRGB_mg158_withlog0,testCreateLosslessFromImageRGB_mg158_withlog1,testCreateLosslessFromImageRGB_mg158_withlog2,testCreateLosslessFromImageRGB_literalMutationNumber33_withlog0,testCreateLosslessFromImageRGB_literalMutationNumber33_withlog1,testCreateLosslessFromImageRGB_literalMutationNumber33_withlog2,testCreateLosslessFromImageRGB_mg211_withlog0,testCreateLosslessFromImageRGB_mg211_withlog1,testCreateLosslessFromImageRGB_mg211_withlog2,testCreateLosslessFromImageRGB_add127_withlog0,testCreateLosslessFromImageRGB_add127_withlog1,testCreateLosslessFromImageRGB_add127_withlog2,testCreateLosslessFromImageRGB_literalMutationNumber56_withlog0,testCreateLosslessFromImageRGB_literalMutationNumber56_withlog1,testCreateLosslessFromImageRGB_literalMutationNumber56_withlog2,testCreateLosslessFromImageRGB_add103_withlog0,testCreateLosslessFromImageRGB_add103_withlog1,testCreateLosslessFromImageRGB_add103_withlog2,testCreateLosslessFromImageRGBnull293_withlog0,testCreateLosslessFromImageRGBnull293_withlog1,testCreateLosslessFromImageRGBnull293_withlog2,testCreateLosslessFromImageRGB_literalMutationNumber32_withlog0,testCreateLosslessFromImageRGB_literalMutationNumber32_withlog1,testCreateLosslessFromImageRGB_literalMutationNumber32_withlog2,testCreateLosslessFromImageRGB_mg181_withlog0,testCreateLosslessFromImageRGB_mg181_withlog1,testCreateLosslessFromImageRGB_mg181_withlog2,testCreateLosslessFromImageRGB_mg210_withlog0,testCreateLosslessFromImageRGB_mg210_withlog1,testCreateLosslessFromImageRGB_mg210_withlog2,testCreateLosslessFromImageRGB_add126_withlog0,testCreateLosslessFromImageRGB_add126_withlog1,testCreateLosslessFromImageRGB_add126_withlog2,testCreateLosslessFromImageRGB_literalMutationNumber55_withlog0,testCreateLosslessFromImageRGB_literalMutationNumber55_withlog1,testCreateLosslessFromImageRGB_literalMutationNumber55_withlog2,testCreateLosslessFromImageRGB_add102_withlog0,testCreateLosslessFromImageRGB_add102_withlog1,testCreateLosslessFromImageRGB_add102_withlog2,testCreateLosslessFromImageRGB_rv266_withlog0,testCreateLosslessFromImageRGB_rv266_withlog1,testCreateLosslessFromImageRGB_rv266_withlog2,testCreateLosslessFromImageRGBnull292_withlog0,testCreateLosslessFromImageRGBnull292_withlog1,testCreateLosslessFromImageRGBnull292_withlog2,testCreateLosslessFromImageRGB_literalMutationNumber31_withlog0,testCreateLosslessFromImageRGB_literalMutationNumber31_withlog1,testCreateLosslessFromImageRGB_literalMutationNumber31_withlog2,testCreateLosslessFromImageRGB_literalMutationBoolean23_withlog0,testCreateLosslessFromImageRGB_literalMutationBoolean23_withlog1,testCreateLosslessFromImageRGB_literalMutationBoolean23_withlog2,testCreateLosslessFromImageRGB_add125_withlog0,testCreateLosslessFromImageRGB_add125_withlog1,testCreateLosslessFromImageRGB_add125_withlog2,testCreateLosslessFromImageRGB_literalMutationNumber30_withlog0,testCreateLosslessFromImageRGB_literalMutationNumber30_withlog1,testCreateLosslessFromImageRGB_literalMutationNumber30_withlog2,testCreateLosslessFromImageRGB_literalMutationNumber77_withlog0,testCreateLosslessFromImageRGB_literalMutationNumber77_withlog1,testCreateLosslessFromImageRGB_literalMutationNumber77_withlog2,testCreateLosslessFromImageRGB_literalMutationNumber29_withlog0,testCreateLosslessFromImageRGB_literalMutationNumber29_withlog1,testCreateLosslessFromImageRGB_literalMutationNumber29_withlog2,testCreateLosslessFromImageRGB_mg207_withlog0,testCreateLosslessFromImageRGB_mg207_withlog1,testCreateLosslessFromImageRGB_mg207_withlog2,testCreateLosslessFromImageRGB_literalMutationNumber9_withlog0,testCreateLosslessFromImageRGB_literalMutationNumber9_withlog1,testCreateLosslessFromImageRGB_literalMutationNumber9_withlog2,testCreateLosslessFromImageRGB_literalMutationNumber53_withlog0,testCreateLosslessFromImageRGB_literalMutationNumber53_withlog1,testCreateLosslessFromImageRGB_literalMutationNumber53_withlog2,testCreateLosslessFromImageRGB_add100_withlog0,testCreateLosslessFromImageRGB_add100_withlog1,testCreateLosslessFromImageRGB_add100_withlog2,testCreateLosslessFromImageRGB_literalMutationNumber28_withlog0,testCreateLosslessFromImageRGB_literalMutationNumber28_withlog1,testCreateLosslessFromImageRGB_literalMutationNumber28_withlog2,testCreateLosslessFromImageRGB_remove145_withlog0,testCreateLosslessFromImageRGB_remove145_withlog1,testCreateLosslessFromImageRGB_remove145_withlog2,testCreateLosslessFromImageRGB_add123_withlog0,testCreateLosslessFromImageRGB_add123_withlog1,testCreateLosslessFromImageRGB_add123_withlog2,testCreateLosslessFromImageRGB_rv287_withlog0,testCreateLosslessFromImageRGB_rv287_withlog1,testCreateLosslessFromImageRGB_rv287_withlog2,testCreateLosslessFromImageRGB_mg206_withlog0,testCreateLosslessFromImageRGB_mg206_withlog1,testCreateLosslessFromImageRGB_mg206_withlog2,testCreateLosslessFromImageRGB_literalMutationNumber8_withlog0,testCreateLosslessFromImageRGB_literalMutationNumber8_withlog1,testCreateLosslessFromImageRGB_literalMutationNumber8_withlog2,testCreateLosslessFromImageRGB_literalMutationNumber52_withlog0,testCreateLosslessFromImageRGB_literalMutationNumber52_withlog1,testCreateLosslessFromImageRGB_literalMutationNumber52_withlog2,testCreateLosslessFromImageRGB_literalMutationNumber75_withlog0,testCreateLosslessFromImageRGB_literalMutationNumber75_withlog1,testCreateLosslessFromImageRGB_literalMutationNumber75_withlog2,testCreateLosslessFromImageRGB_literalMutationNumber27_withlog0,testCreateLosslessFromImageRGB_literalMutationNumber27_withlog1,testCreateLosslessFromImageRGB_literalMutationNumber27_withlog2,testCreateLosslessFromImageRGB_remove144_withlog0,testCreateLosslessFromImageRGB_remove144_withlog1,testCreateLosslessFromImageRGB_remove144_withlog2,testCreateLosslessFromImageRGB_add122_withlog0,testCreateLosslessFromImageRGB_add122_withlog1,testCreateLosslessFromImageRGB_add122_withlog2,testCreateLosslessFromImageRGB_mg205_withlog0,testCreateLosslessFromImageRGB_mg205_withlog1,testCreateLosslessFromImageRGB_mg205_withlog2,testCreateLosslessFromImageRGB_literalMutationNumber7_withlog0,testCreateLosslessFromImageRGB_literalMutationNumber7_withlog1,testCreateLosslessFromImageRGB_literalMutationNumber7_withlog2,testCreateLosslessFromImageRGB_literalMutationNumber51_withlog0,testCreateLosslessFromImageRGB_literalMutationNumber51_withlog1,testCreateLosslessFromImageRGB_literalMutationNumber51_withlog2,testCreateLosslessFromImageRGB_literalMutationNumber74_withlog0,testCreateLosslessFromImageRGB_literalMutationNumber74_withlog1,testCreateLosslessFromImageRGB_literalMutationNumber74_withlog2,testCreateLosslessFromImageRGB_literalMutationNumber26_withlog0,testCreateLosslessFromImageRGB_literalMutationNumber26_withlog1,testCreateLosslessFromImageRGB_literalMutationNumber26_withlog2,testCreateLosslessFromImageRGB_remove143_withlog0,testCreateLosslessFromImageRGB_remove143_withlog1,testCreateLosslessFromImageRGB_remove143_withlog2,testCreateLosslessFromImageRGB_rv285_withlog0,testCreateLosslessFromImageRGB_rv285_withlog1,testCreateLosslessFromImageRGB_rv285_withlog2,testCreateLosslessFromImageRGB_literalMutationNumber50_withlog0,testCreateLosslessFromImageRGB_literalMutationNumber50_withlog1,testCreateLosslessFromImageRGB_literalMutationNumber50_withlog2,testCreateLosslessFromImageRGB_mg151_withlog0,testCreateLosslessFromImageRGB_mg151_withlog1,testCreateLosslessFromImageRGB_mg151_withlog2,testCreateLosslessFromImageRGB_literalMutationNumber49_withlog0,testCreateLosslessFromImageRGB_literalMutationNumber49_withlog1,testCreateLosslessFromImageRGB_literalMutationNumber49_withlog2,testCreateLosslessFromImageRGB_mg198_withlog0,testCreateLosslessFromImageRGB_mg198_withlog1,testCreateLosslessFromImageRGB_mg198_withlog2,testCreateLosslessFromImageRGB_literalMutationNumber73_withlog0,testCreateLosslessFromImageRGB_literalMutationNumber73_withlog1,testCreateLosslessFromImageRGB_literalMutationNumber73_withlog2,testCreateLosslessFromImageRGB_literalMutationNumber25_withlog0,testCreateLosslessFromImageRGB_literalMutationNumber25_withlog1,testCreateLosslessFromImageRGB_literalMutationNumber25_withlog2,testCreateLosslessFromImageRGB_remove142_withlog0,testCreateLosslessFromImageRGB_remove142_withlog1,testCreateLosslessFromImageRGB_remove142_withlog2,testCreateLosslessFromImageRGB_add120_withlog0,testCreateLosslessFromImageRGB_add120_withlog1,testCreateLosslessFromImageRGB_add120_withlog2,testCreateLosslessFromImageRGB_add119_withlog0,testCreateLosslessFromImageRGB_add119_withlog1,testCreateLosslessFromImageRGB_add119_withlog2,testCreateLosslessFromImageRGB_literalMutationNumber48_withlog0,testCreateLosslessFromImageRGB_literalMutationNumber48_withlog1,testCreateLosslessFromImageRGB_literalMutationNumber48_withlog2,testCreateLosslessFromImageRGB_mg197_withlog0,testCreateLosslessFromImageRGB_mg197_withlog1,testCreateLosslessFromImageRGB_mg197_withlog2,testCreateLosslessFromImageRGB_mg149_withlog0,testCreateLosslessFromImageRGB_mg149_withlog1,testCreateLosslessFromImageRGB_mg149_withlog2,testCreateLosslessFromImageRGB_literalMutationNumber24_withlog0,testCreateLosslessFromImageRGB_literalMutationNumber24_withlog1,testCreateLosslessFromImageRGB_literalMutationNumber24_withlog2,testCreateLosslessFromImageRGB_mg202_withlog0,testCreateLosslessFromImageRGB_mg202_withlog1,testCreateLosslessFromImageRGB_mg202_withlog2,testCreateLosslessFromImageRGB_literalMutationNumber47_withlog0,testCreateLosslessFromImageRGB_literalMutationNumber47_withlog1,testCreateLosslessFromImageRGB_literalMutationNumber47_withlog2,testCreateLosslessFromImageRGB_mg148_withlog0,testCreateLosslessFromImageRGB_mg148_withlog1,testCreateLosslessFromImageRGB_mg148_withlog2,testCreateLosslessFromImageRGB_literalMutationNumber71_withlog0,testCreateLosslessFromImageRGB_literalMutationNumber71_withlog1,testCreateLosslessFromImageRGB_literalMutationNumber71_withlog2,testCreateLosslessFromImageRGB_remove140_withlog0,testCreateLosslessFromImageRGB_remove140_withlog1,testCreateLosslessFromImageRGB_remove140_withlog2,testCreateLosslessFromImageRGB_remove139_withlog0,testCreateLosslessFromImageRGB_remove139_withlog1,testCreateLosslessFromImageRGB_remove139_withlog2,testCreateLosslessFromImageRGB_mg201_withlog0,testCreateLosslessFromImageRGB_mg201_withlog1,testCreateLosslessFromImageRGB_mg201_withlog2,testCreateLosslessFromImageRGB_add117_withlog0,testCreateLosslessFromImageRGB_add117_withlog1,testCreateLosslessFromImageRGB_add117_withlog2,testCreateLosslessFromImageRGB_literalMutationNumber46_withlog0,testCreateLosslessFromImageRGB_literalMutationNumber46_withlog1,testCreateLosslessFromImageRGB_literalMutationNumber46_withlog2,testCreateLosslessFromImageRGB_mg147_withlog0,testCreateLosslessFromImageRGB_mg147_withlog1,testCreateLosslessFromImageRGB_mg147_withlog2,testCreateLosslessFromImageRGB_literalMutationNumber70_withlog0,testCreateLosslessFromImageRGB_literalMutationNumber70_withlog1,testCreateLosslessFromImageRGB_literalMutationNumber70_withlog2,testCreateLosslessFromImageRGB_literalMutationNumber22_withlog0,testCreateLosslessFromImageRGB_literalMutationNumber22_withlog1,testCreateLosslessFromImageRGB_literalMutationNumber22_withlog2,testCreateLosslessFromImageRGB_literalMutationNumber69_withlog0,testCreateLosslessFromImageRGB_literalMutationNumber69_withlog1,testCreateLosslessFromImageRGB_literalMutationNumber69_withlog2,testCreateLosslessFromImageRGB_remove138_withlog0,testCreateLosslessFromImageRGB_remove138_withlog1,testCreateLosslessFromImageRGB_remove138_withlog2,testCreateLosslessFromImageRGB_mg200_withlog0,testCreateLosslessFromImageRGB_mg200_withlog1,testCreateLosslessFromImageRGB_mg200_withlog2,testCreateLosslessFromImageRGB_add116_withlog0,testCreateLosslessFromImageRGB_add116_withlog1,testCreateLosslessFromImageRGB_add116_withlog2,testCreateLosslessFromImageRGB_literalMutationNumber45_withlog0,testCreateLosslessFromImageRGB_literalMutationNumber45_withlog1,testCreateLosslessFromImageRGB_literalMutationNumber45_withlog2,testCreateLosslessFromImageRGB_mg146_withlog0,testCreateLosslessFromImageRGB_mg146_withlog1,testCreateLosslessFromImageRGB_mg146_withlog2,testCreateLosslessFromImageRGB_add97_withlog0,testCreateLosslessFromImageRGB_add97_withlog1,testCreateLosslessFromImageRGB_add97_withlog2,testCreateLosslessFromImageRGB_literalMutationNumber21_withlog0,testCreateLosslessFromImageRGB_literalMutationNumber21_withlog1,testCreateLosslessFromImageRGB_literalMutationNumber21_withlog2,testCreateLosslessFromImageRGB_rv280_withlog0,testCreateLosslessFromImageRGB_rv280_withlog1,testCreateLosslessFromImageRGB_rv280_withlog2,testCreateLosslessFromImageRGB_literalMutationNumber68_withlog0,testCreateLosslessFromImageRGB_literalMutationNumber68_withlog1,testCreateLosslessFromImageRGB_literalMutationNumber68_withlog2,testCreateLosslessFromImageRGB_literalMutationNumber44_withlog0,testCreateLosslessFromImageRGB_literalMutationNumber44_withlog1,testCreateLosslessFromImageRGB_literalMutationNumber44_withlog2,testCreateLosslessFromImageRGB_add96_withlog0,testCreateLosslessFromImageRGB_add96_withlog1,testCreateLosslessFromImageRGB_add96_withlog2,testCreateLosslessFromImageRGB_literalMutationNumber20_withlog0,testCreateLosslessFromImageRGB_literalMutationNumber20_withlog1,testCreateLosslessFromImageRGB_literalMutationNumber20_withlog2,testCreateLosslessFromImageRGB_literalMutationNumber67_withlog0,testCreateLosslessFromImageRGB_literalMutationNumber67_withlog1,testCreateLosslessFromImageRGB_literalMutationNumber67_withlog2,testCreateLosslessFromImageRGB_literalMutationNumber19_withlog0,testCreateLosslessFromImageRGB_literalMutationNumber19_withlog1,testCreateLosslessFromImageRGB_literalMutationNumber19_withlog2,testCreateLosslessFromImageRGB_remove136_withlog0,testCreateLosslessFromImageRGB_remove136_withlog1,testCreateLosslessFromImageRGB_remove136_withlog2,testCreateLosslessFromImageRGB_literalMutationNumber43_withlog0,testCreateLosslessFromImageRGB_literalMutationNumber43_withlog1,testCreateLosslessFromImageRGB_literalMutationNumber43_withlog2,testCreateLosslessFromImageRGB_literalMutationString83_withlog0,testCreateLosslessFromImageRGB_literalMutationString83_withlog1,testCreateLosslessFromImageRGB_literalMutationString83_withlog2,testCreateLosslessFromImageRGB_add95_withlog0,testCreateLosslessFromImageRGB_add95_withlog1,testCreateLosslessFromImageRGB_add95_withlog2,testCreateLosslessFromImageRGB_literalMutationNumber66_withlog0,testCreateLosslessFromImageRGB_literalMutationNumber66_withlog1,testCreateLosslessFromImageRGB_literalMutationNumber66_withlog2,testCreateLosslessFromImageRGB_literalMutationNumber18_withlog0,testCreateLosslessFromImageRGB_literalMutationNumber18_withlog1,testCreateLosslessFromImageRGB_literalMutationNumber18_withlog2,testCreateLosslessFromImageRGB_remove135_withlog0,testCreateLosslessFromImageRGB_remove135_withlog1,testCreateLosslessFromImageRGB_remove135_withlog2,testCreateLosslessFromImageRGB_literalMutationNumber42_withlog0,testCreateLosslessFromImageRGB_literalMutationNumber42_withlog1,testCreateLosslessFromImageRGB_literalMutationNumber42_withlog2,testCreateLosslessFromImageRGB_literalMutationString82_withlog0,testCreateLosslessFromImageRGB_literalMutationString82_withlog1,testCreateLosslessFromImageRGB_literalMutationString82_withlog2,testCreateLosslessFromImageRGB_literalMutationNumber65_withlog0,testCreateLosslessFromImageRGB_literalMutationNumber65_withlog1,testCreateLosslessFromImageRGB_literalMutationNumber65_withlog2,testCreateLosslessFromImageRGB_literalMutationNumber17_withlog0,testCreateLosslessFromImageRGB_literalMutationNumber17_withlog1,testCreateLosslessFromImageRGB_literalMutationNumber17_withlog2,testCreateLosslessFromImageRGB_remove134_withlog0,testCreateLosslessFromImageRGB_remove134_withlog1,testCreateLosslessFromImageRGB_remove134_withlog2,testCreateLosslessFromImageRGB_literalMutationNumber41_withlog0,testCreateLosslessFromImageRGB_literalMutationNumber41_withlog1,testCreateLosslessFromImageRGB_literalMutationNumber41_withlog2,testCreateLosslessFromImageRGB_literalMutationString81_withlog0,testCreateLosslessFromImageRGB_literalMutationString81_withlog1,testCreateLosslessFromImageRGB_literalMutationString81_withlog2,testCreateLosslessFromImageRGB_add93_withlog0,testCreateLosslessFromImageRGB_add93_withlog1,testCreateLosslessFromImageRGB_add93_withlog2,testCreateLosslessFromImageRGB_literalMutationNumber64_withlog0,testCreateLosslessFromImageRGB_literalMutationNumber64_withlog1,testCreateLosslessFromImageRGB_literalMutationNumber64_withlog2,testCreateLosslessFromImageRGB_literalMutationNumber16_withlog0,testCreateLosslessFromImageRGB_literalMutationNumber16_withlog1,testCreateLosslessFromImageRGB_literalMutationNumber16_withlog2,testCreateLosslessFromImageRGB_remove133_withlog0,testCreateLosslessFromImageRGB_remove133_withlog1,testCreateLosslessFromImageRGB_remove133_withlog2,testCreateLosslessFromImageRGB_add111_withlog0,testCreateLosslessFromImageRGB_add111_withlog1,testCreateLosslessFromImageRGB_add111_withlog2,testCreateLosslessFromImageRGB_literalMutationNumber87_withlog0,testCreateLosslessFromImageRGB_literalMutationNumber87_withlog1,testCreateLosslessFromImageRGB_literalMutationNumber87_withlog2,testCreateLosslessFromImageRGB_literalMutationNumber39_withlog0,testCreateLosslessFromImageRGB_literalMutationNumber39_withlog1,testCreateLosslessFromImageRGB_literalMutationNumber39_withlog2,testCreateLosslessFromImageRGB_literalMutationString79_withlog0,testCreateLosslessFromImageRGB_literalMutationString79_withlog1,testCreateLosslessFromImageRGB_literalMutationString79_withlog2,testCreateLosslessFromImageRGB_add92_withlog0,testCreateLosslessFromImageRGB_add92_withlog1,testCreateLosslessFromImageRGB_add92_withlog2,testCreateLosslessFromImageRGB_literalMutationNumber63_withlog0,testCreateLosslessFromImageRGB_literalMutationNumber63_withlog1,testCreateLosslessFromImageRGB_literalMutationNumber63_withlog2,testCreateLosslessFromImageRGB_literalMutationNumber15_withlog0,testCreateLosslessFromImageRGB_literalMutationNumber15_withlog1,testCreateLosslessFromImageRGB_literalMutationNumber15_withlog2,testCreateLosslessFromImageRGB_literalMutationNumber86_withlog0,testCreateLosslessFromImageRGB_literalMutationNumber86_withlog1,testCreateLosslessFromImageRGB_literalMutationNumber86_withlog2,testCreateLosslessFromImageRGB_literalMutationNumber38_withlog0,testCreateLosslessFromImageRGB_literalMutationNumber38_withlog1,testCreateLosslessFromImageRGB_literalMutationNumber38_withlog2,testCreateLosslessFromImageRGB_literalMutationNumber62_withlog0,testCreateLosslessFromImageRGB_literalMutationNumber62_withlog1,testCreateLosslessFromImageRGB_literalMutationNumber62_withlog2,testCreateLosslessFromImageRGB_literalMutationNumber14_withlog0,testCreateLosslessFromImageRGB_literalMutationNumber14_withlog1,testCreateLosslessFromImageRGB_literalMutationNumber14_withlog2,testCreateLosslessFromImageRGB_literalMutationNumber37_withlog0,testCreateLosslessFromImageRGB_literalMutationNumber37_withlog1,testCreateLosslessFromImageRGB_literalMutationNumber37_withlog2,testCreateLosslessFromImageRGB_add132_withlog0,testCreateLosslessFromImageRGB_add132_withlog1,testCreateLosslessFromImageRGB_add132_withlog2,testCreateLosslessFromImageRGB_add90_withlog0,testCreateLosslessFromImageRGB_add90_withlog1,testCreateLosslessFromImageRGB_add90_withlog2,testCreateLosslessFromImageRGB_literalMutationNumber61_withlog0,testCreateLosslessFromImageRGB_literalMutationNumber61_withlog1,testCreateLosslessFromImageRGB_literalMutationNumber61_withlog2,testCreateLosslessFromImageRGB_literalMutationNumber13_withlog0,testCreateLosslessFromImageRGB_literalMutationNumber13_withlog1,testCreateLosslessFromImageRGB_literalMutationNumber13_withlog2,testCreateLosslessFromImageRGB_add107_withlog0,testCreateLosslessFromImageRGB_add107_withlog1,testCreateLosslessFromImageRGB_add107_withlog2,testCreateLosslessFromImageRGB_mg214_withlog0,testCreateLosslessFromImageRGB_mg214_withlog1,testCreateLosslessFromImageRGB_mg214_withlog2,testCreateLosslessFromImageRGB_literalMutationNumber60_withlog0,testCreateLosslessFromImageRGB_literalMutationNumber60_withlog1,testCreateLosslessFromImageRGB_literalMutationNumber60_withlog2,testCreateLosslessFromImageRGB_literalMutationNumber12_withlog0,testCreateLosslessFromImageRGB_literalMutationNumber12_withlog1,testCreateLosslessFromImageRGB_literalMutationNumber12_withlog2,testCreateLosslessFromImageRGB_literalMutationNumber59_withlog0,testCreateLosslessFromImageRGB_literalMutationNumber59_withlog1,testCreateLosslessFromImageRGB_literalMutationNumber59_withlog2,testCreateLosslessFromImageRGB_add106_withlog0,testCreateLosslessFromImageRGB_add106_withlog1,testCreateLosslessFromImageRGB_add106_withlog2
[INFO] Generating assertions...
[INFO] 59 test fail, generating try/catch/fail blocks...
[INFO] 193 new tests with assertions generated
[INFO] ------------------------------------------------------------------------
[INFO] BUILD FAILURE
[INFO] ------------------------------------------------------------------------
[INFO] Total time: 05:19 h
[INFO] Finished at: 2018-09-30T16:50:26+02:00
[INFO] ------------------------------------------------------------------------
[ERROR] Java heap space -> [Help 1]
java.lang.OutOfMemoryError: Java heap space
    at java.util.Arrays.copyOf (Arrays.java:3332)
    at java.lang.AbstractStringBuilder.ensureCapacityInternal (AbstractStringBuilder.java:124)
    at java.lang.AbstractStringBuilder.append (AbstractStringBuilder.java:649)
    at java.lang.StringBuffer.append (StringBuffer.java:381)
    at spoon.reflect.visitor.PrinterHelper.write (PrinterHelper.java:142)
    at spoon.reflect.visitor.PrinterHelper.write (PrinterHelper.java:106)
    at spoon.reflect.visitor.DefaultTokenWriter.writeLiteral (DefaultTokenWriter.java:46)
    at spoon.reflect.visitor.DefaultTokenWriter.writeLiteral (DefaultTokenWriter.java:24)
    at spoon.reflect.visitor.DefaultJavaPrettyPrinter.visitCtLiteral (DefaultJavaPrettyPrinter.java:1301)
    at spoon.support.reflect.code.CtLiteralImpl.accept (CtLiteralImpl.java:35)
    at spoon.reflect.visitor.DefaultJavaPrettyPrinter.scan (DefaultJavaPrettyPrinter.java:371)
    at spoon.reflect.visitor.DefaultJavaPrettyPrinter.lambda$visitCtInvocation$9 (DefaultJavaPrettyPrinter.java:1293)
    at spoon.reflect.visitor.DefaultJavaPrettyPrinter$$Lambda$93/54033072.accept (Unknown Source)
    at spoon.reflect.visitor.ElementPrinterHelper.printList (ElementPrinterHelper.java:543)
    at spoon.reflect.visitor.DefaultJavaPrettyPrinter.visitCtInvocation (DefaultJavaPrettyPrinter.java:1291)
    at spoon.support.reflect.code.CtInvocationImpl.accept (CtInvocationImpl.java:55)
    at spoon.reflect.visitor.DefaultJavaPrettyPrinter.scan (DefaultJavaPrettyPrinter.java:371)
    at spoon.reflect.visitor.ElementPrinterHelper.writeStatement (ElementPrinterHelper.java:177)
    at spoon.reflect.visitor.DefaultJavaPrettyPrinter.visitCtBlock (DefaultJavaPrettyPrinter.java:552)
    at spoon.support.reflect.code.CtBlockImpl.accept (CtBlockImpl.java:67)
    at spoon.reflect.visitor.DefaultJavaPrettyPrinter.scan (DefaultJavaPrettyPrinter.java:371)
    at spoon.reflect.visitor.DefaultJavaPrettyPrinter.visitCtMethod (DefaultJavaPrettyPrinter.java:1367)
    at spoon.support.reflect.declaration.CtMethodImpl.accept (CtMethodImpl.java:72)
    at spoon.reflect.visitor.DefaultJavaPrettyPrinter.scan (DefaultJavaPrettyPrinter.java:371)
    at spoon.reflect.visitor.ElementPrinterHelper.writeElementList (ElementPrinterHelper.java:187)
    at spoon.reflect.visitor.DefaultJavaPrettyPrinter.visitCtClass (DefaultJavaPrettyPrinter.java:646)
    at spoon.support.reflect.declaration.CtClassImpl.accept (CtClassImpl.java:67)
    at spoon.reflect.visitor.DefaultJavaPrettyPrinter.scan (DefaultJavaPrettyPrinter.java:371)
    at spoon.reflect.visitor.DefaultJavaPrettyPrinter.printTypes (DefaultJavaPrettyPrinter.java:1990)
    at spoon.reflect.visitor.DefaultJavaPrettyPrinter.calculate (DefaultJavaPrettyPrinter.java:1985)
    at spoon.support.JavaOutputProcessor.createJavaFile (JavaOutputProcessor.java:120)
    at eu.stamp_project.utils.DSpotUtils.printCtTypeToGivenDirectory (DSpotUtils.java:67)
[ERROR] 
[ERROR] 
[ERROR] For more information about the errors and possible solutions, please read the following articles:
[ERROR] [Help 1] http://cwiki.apache.org/confluence/display/MAVEN/OutOfMemoryError
