8 amplified test fails on the new versions.
getReaderWithRootThatHasTrailingForwardSlashAndResourceHasAbsolutePath_literalMutationString43(com.github.mustachejava.resolver.ClasspathResolverTest): Illegal character in path at index 3: 9Gi}cRQHCH/absolute_partials_template.html
getReaderWithRootThatHasTrailingForwardSlashAndResourceHasAbsolutePath_literalMutationString47(com.github.mustachejava.resolver.ClasspathResolverTest): Illegal character in path at index 10: templates/ does not exist
getReaderWithRootThatHasTrailingForwardSlashAndResourceHasAbsolutePath_literalMutationString48(com.github.mustachejava.resolver.ClasspathResolverTest): Illegal character in path at index 19: templates/;&FZRy/=u eShD9P/&h4]]s%=])JWOM_
getReaderNullRootDoesNotFindFileWithAbsolutePath_literalMutationString4(com.github.mustachejava.resolver.ClasspathResolverTest): Illegal character in path at index 0:  does not exist
getReaderNullRootDoesNotFindFileWithAbsolutePath_literalMutationString5(com.github.mustachejava.resolver.ClasspathResolverTest): Illegal character in path at index 15: /nested_partial>s_template.html
getReaderNullRootDoesNotFindFileWithAbsolutePath_literalMutationString1(com.github.mustachejava.resolver.ClasspathResolverTest): Illegal character in path at index 7: /nested{partials_template.html
getReaderNullRootDoesNotFindFileWithAbsolutePath_literalMutationString3(com.github.mustachejava.resolver.ClasspathResolverTest): Illegal character in path at index 13: r@)C1RND7C-6y}W`_*s>).BmtV)2[g
getReaderWithRootThatHasTrailingForwardSlashAndResourceHasAbsolutePath_literalMutationString41(com.github.mustachejava.resolver.ClasspathResolverTest): Illegal character in path at index 0:  does not exist/absolute_partials_template.htmljava.lang.IllegalArgumentException: Illegal character in path at index 3: 9Gi}cRQHCH/absolute_partials_template.html
	at java.net.URI.create(URI.java:852)
	at com.github.mustachejava.resolver.ClasspathResolver.getReader(ClasspathResolver.java:37)
	at com.github.mustachejava.resolver.ClasspathResolverTest.getReaderWithRootThatHasTrailingForwardSlashAndResourceHasAbsolutePath_literalMutationString43(ClasspathResolverTest.java:8)
	at sun.reflect.NativeMethodAccessorImpl.invoke0(Native Method)
	at sun.reflect.NativeMethodAccessorImpl.invoke(NativeMethodAccessorImpl.java:62)
	at sun.reflect.DelegatingMethodAccessorImpl.invoke(DelegatingMethodAccessorImpl.java:43)
	at java.lang.reflect.Method.invoke(Method.java:498)
	at org.junit.runners.model.FrameworkMethod$1.runReflectiveCall(FrameworkMethod.java:47)
	at org.junit.internal.runners.model.ReflectiveCallable.run(ReflectiveCallable.java:12)
	at org.junit.runners.model.FrameworkMethod.invokeExplosively(FrameworkMethod.java:44)
	at org.junit.internal.runners.statements.InvokeMethod.evaluate(InvokeMethod.java:17)
	at org.junit.internal.runners.statements.FailOnTimeout$StatementThread.run(FailOnTimeout.java:74)
Caused by: java.net.URISyntaxException: Illegal character in path at index 3: 9Gi}cRQHCH/absolute_partials_template.html
	at java.net.URI$Parser.fail(URI.java:2848)
	at java.net.URI$Parser.checkChars(URI.java:3021)
	at java.net.URI$Parser.parseHierarchical(URI.java:3105)
	at java.net.URI$Parser.parse(URI.java:3063)
	at java.net.URI.<init>(URI.java:588)
	at java.net.URI.create(URI.java:850)
	... 11 more
java.lang.IllegalArgumentException: Illegal character in path at index 10: templates/ does not exist
	at java.net.URI.create(URI.java:852)
	at com.github.mustachejava.resolver.ClasspathResolver.getReader(ClasspathResolver.java:37)
	at com.github.mustachejava.resolver.ClasspathResolverTest.getReaderWithRootThatHasTrailingForwardSlashAndResourceHasAbsolutePath_literalMutationString47(ClasspathResolverTest.java:18)
	at sun.reflect.NativeMethodAccessorImpl.invoke0(Native Method)
	at sun.reflect.NativeMethodAccessorImpl.invoke(NativeMethodAccessorImpl.java:62)
	at sun.reflect.DelegatingMethodAccessorImpl.invoke(DelegatingMethodAccessorImpl.java:43)
	at java.lang.reflect.Method.invoke(Method.java:498)
	at org.junit.runners.model.FrameworkMethod$1.runReflectiveCall(FrameworkMethod.java:47)
	at org.junit.internal.runners.model.ReflectiveCallable.run(ReflectiveCallable.java:12)
	at org.junit.runners.model.FrameworkMethod.invokeExplosively(FrameworkMethod.java:44)
	at org.junit.internal.runners.statements.InvokeMethod.evaluate(InvokeMethod.java:17)
	at org.junit.internal.runners.statements.FailOnTimeout$StatementThread.run(FailOnTimeout.java:74)
Caused by: java.net.URISyntaxException: Illegal character in path at index 10: templates/ does not exist
	at java.net.URI$Parser.fail(URI.java:2848)
	at java.net.URI$Parser.checkChars(URI.java:3021)
	at java.net.URI$Parser.parseHierarchical(URI.java:3105)
	at java.net.URI$Parser.parse(URI.java:3063)
	at java.net.URI.<init>(URI.java:588)
	at java.net.URI.create(URI.java:850)
	... 11 more
java.lang.IllegalArgumentException: Illegal character in path at index 19: templates/;&FZRy/=u eShD9P/&h4]]s%=])JWOM_
	at java.net.URI.create(URI.java:852)
	at com.github.mustachejava.resolver.ClasspathResolver.getReader(ClasspathResolver.java:37)
	at com.github.mustachejava.resolver.ClasspathResolverTest.getReaderWithRootThatHasTrailingForwardSlashAndResourceHasAbsolutePath_literalMutationString48(ClasspathResolverTest.java:98)
	at sun.reflect.NativeMethodAccessorImpl.invoke0(Native Method)
	at sun.reflect.NativeMethodAccessorImpl.invoke(NativeMethodAccessorImpl.java:62)
	at sun.reflect.DelegatingMethodAccessorImpl.invoke(DelegatingMethodAccessorImpl.java:43)
	at java.lang.reflect.Method.invoke(Method.java:498)
	at org.junit.runners.model.FrameworkMethod$1.runReflectiveCall(FrameworkMethod.java:47)
	at org.junit.internal.runners.model.ReflectiveCallable.run(ReflectiveCallable.java:12)
	at org.junit.runners.model.FrameworkMethod.invokeExplosively(FrameworkMethod.java:44)
	at org.junit.internal.runners.statements.InvokeMethod.evaluate(InvokeMethod.java:17)
	at org.junit.internal.runners.statements.FailOnTimeout$StatementThread.run(FailOnTimeout.java:74)
Caused by: java.net.URISyntaxException: Illegal character in path at index 19: templates/;&FZRy/=u eShD9P/&h4]]s%=])JWOM_
	at java.net.URI$Parser.fail(URI.java:2848)
	at java.net.URI$Parser.checkChars(URI.java:3021)
	at java.net.URI$Parser.parseHierarchical(URI.java:3105)
	at java.net.URI$Parser.parse(URI.java:3063)
	at java.net.URI.<init>(URI.java:588)
	at java.net.URI.create(URI.java:850)
	... 11 more
java.lang.IllegalArgumentException: Illegal character in path at index 0:  does not exist
	at java.net.URI.create(URI.java:852)
	at com.github.mustachejava.resolver.ClasspathResolver.getReader(ClasspathResolver.java:37)
	at com.github.mustachejava.resolver.ClasspathResolverTest.getReaderNullRootDoesNotFindFileWithAbsolutePath_literalMutationString4(ClasspathResolverTest.java:46)
	at sun.reflect.NativeMethodAccessorImpl.invoke0(Native Method)
	at sun.reflect.NativeMethodAccessorImpl.invoke(NativeMethodAccessorImpl.java:62)
	at sun.reflect.DelegatingMethodAccessorImpl.invoke(DelegatingMethodAccessorImpl.java:43)
	at java.lang.reflect.Method.invoke(Method.java:498)
	at org.junit.runners.model.FrameworkMethod$1.runReflectiveCall(FrameworkMethod.java:47)
	at org.junit.internal.runners.model.ReflectiveCallable.run(ReflectiveCallable.java:12)
	at org.junit.runners.model.FrameworkMethod.invokeExplosively(FrameworkMethod.java:44)
	at org.junit.internal.runners.statements.InvokeMethod.evaluate(InvokeMethod.java:17)
	at org.junit.internal.runners.statements.FailOnTimeout$StatementThread.run(FailOnTimeout.java:74)
Caused by: java.net.URISyntaxException: Illegal character in path at index 0:  does not exist
	at java.net.URI$Parser.fail(URI.java:2848)
	at java.net.URI$Parser.checkChars(URI.java:3021)
	at java.net.URI$Parser.parseHierarchical(URI.java:3105)
	at java.net.URI$Parser.parse(URI.java:3063)
	at java.net.URI.<init>(URI.java:588)
	at java.net.URI.create(URI.java:850)
	... 11 more
java.lang.IllegalArgumentException: Illegal character in path at index 15: /nested_partial>s_template.html
	at java.net.URI.create(URI.java:852)
	at com.github.mustachejava.resolver.ClasspathResolver.getReader(ClasspathResolver.java:37)
	at com.github.mustachejava.resolver.ClasspathResolverTest.getReaderNullRootDoesNotFindFileWithAbsolutePath_literalMutationString5(ClasspathResolverTest.java:8)
	at sun.reflect.NativeMethodAccessorImpl.invoke0(Native Method)
	at sun.reflect.NativeMethodAccessorImpl.invoke(NativeMethodAccessorImpl.java:62)
	at sun.reflect.DelegatingMethodAccessorImpl.invoke(DelegatingMethodAccessorImpl.java:43)
	at java.lang.reflect.Method.invoke(Method.java:498)
	at org.junit.runners.model.FrameworkMethod$1.runReflectiveCall(FrameworkMethod.java:47)
	at org.junit.internal.runners.model.ReflectiveCallable.run(ReflectiveCallable.java:12)
	at org.junit.runners.model.FrameworkMethod.invokeExplosively(FrameworkMethod.java:44)
	at org.junit.internal.runners.statements.InvokeMethod.evaluate(InvokeMethod.java:17)
	at org.junit.internal.runners.statements.FailOnTimeout$StatementThread.run(FailOnTimeout.java:74)
Caused by: java.net.URISyntaxException: Illegal character in path at index 15: /nested_partial>s_template.html
	at java.net.URI$Parser.fail(URI.java:2848)
	at java.net.URI$Parser.checkChars(URI.java:3021)
	at java.net.URI$Parser.parseHierarchical(URI.java:3105)
	at java.net.URI$Parser.parse(URI.java:3063)
	at java.net.URI.<init>(URI.java:588)
	at java.net.URI.create(URI.java:850)
	... 11 more
java.lang.IllegalArgumentException: Illegal character in path at index 7: /nested{partials_template.html
	at java.net.URI.create(URI.java:852)
	at com.github.mustachejava.resolver.ClasspathResolver.getReader(ClasspathResolver.java:37)
	at com.github.mustachejava.resolver.ClasspathResolverTest.getReaderNullRootDoesNotFindFileWithAbsolutePath_literalMutationString1(ClasspathResolverTest.java:26)
	at sun.reflect.NativeMethodAccessorImpl.invoke0(Native Method)
	at sun.reflect.NativeMethodAccessorImpl.invoke(NativeMethodAccessorImpl.java:62)
	at sun.reflect.DelegatingMethodAccessorImpl.invoke(DelegatingMethodAccessorImpl.java:43)
	at java.lang.reflect.Method.invoke(Method.java:498)
	at org.junit.runners.model.FrameworkMethod$1.runReflectiveCall(FrameworkMethod.java:47)
	at org.junit.internal.runners.model.ReflectiveCallable.run(ReflectiveCallable.java:12)
	at org.junit.runners.model.FrameworkMethod.invokeExplosively(FrameworkMethod.java:44)
	at org.junit.internal.runners.statements.InvokeMethod.evaluate(InvokeMethod.java:17)
	at org.junit.internal.runners.statements.FailOnTimeout$StatementThread.run(FailOnTimeout.java:74)
Caused by: java.net.URISyntaxException: Illegal character in path at index 7: /nested{partials_template.html
	at java.net.URI$Parser.fail(URI.java:2848)
	at java.net.URI$Parser.checkChars(URI.java:3021)
	at java.net.URI$Parser.parseHierarchical(URI.java:3105)
	at java.net.URI$Parser.parse(URI.java:3063)
	at java.net.URI.<init>(URI.java:588)
	at java.net.URI.create(URI.java:850)
	... 11 more
java.lang.IllegalArgumentException: Illegal character in path at index 13: r@)C1RND7C-6y}W`_*s>).BmtV)2[g
	at java.net.URI.create(URI.java:852)
	at com.github.mustachejava.resolver.ClasspathResolver.getReader(ClasspathResolver.java:37)
	at com.github.mustachejava.resolver.ClasspathResolverTest.getReaderNullRootDoesNotFindFileWithAbsolutePath_literalMutationString3(ClasspathResolverTest.java:36)
	at sun.reflect.NativeMethodAccessorImpl.invoke0(Native Method)
	at sun.reflect.NativeMethodAccessorImpl.invoke(NativeMethodAccessorImpl.java:62)
	at sun.reflect.DelegatingMethodAccessorImpl.invoke(DelegatingMethodAccessorImpl.java:43)
	at java.lang.reflect.Method.invoke(Method.java:498)
	at org.junit.runners.model.FrameworkMethod$1.runReflectiveCall(FrameworkMethod.java:47)
	at org.junit.internal.runners.model.ReflectiveCallable.run(ReflectiveCallable.java:12)
	at org.junit.runners.model.FrameworkMethod.invokeExplosively(FrameworkMethod.java:44)
	at org.junit.internal.runners.statements.InvokeMethod.evaluate(InvokeMethod.java:17)
	at org.junit.internal.runners.statements.FailOnTimeout$StatementThread.run(FailOnTimeout.java:74)
Caused by: java.net.URISyntaxException: Illegal character in path at index 13: r@)C1RND7C-6y}W`_*s>).BmtV)2[g
	at java.net.URI$Parser.fail(URI.java:2848)
	at java.net.URI$Parser.checkChars(URI.java:3021)
	at java.net.URI$Parser.parseHierarchical(URI.java:3105)
	at java.net.URI$Parser.parse(URI.java:3063)
	at java.net.URI.<init>(URI.java:588)
	at java.net.URI.create(URI.java:850)
	... 11 more
java.lang.IllegalArgumentException: Illegal character in path at index 0:  does not exist/absolute_partials_template.html
	at java.net.URI.create(URI.java:852)
	at com.github.mustachejava.resolver.ClasspathResolver.getReader(ClasspathResolver.java:37)
	at com.github.mustachejava.resolver.ClasspathResolverTest.getReaderWithRootThatHasTrailingForwardSlashAndResourceHasAbsolutePath_literalMutationString41(ClasspathResolverTest.java:88)
	at sun.reflect.NativeMethodAccessorImpl.invoke0(Native Method)
	at sun.reflect.NativeMethodAccessorImpl.invoke(NativeMethodAccessorImpl.java:62)
	at sun.reflect.DelegatingMethodAccessorImpl.invoke(DelegatingMethodAccessorImpl.java:43)
	at java.lang.reflect.Method.invoke(Method.java:498)
	at org.junit.runners.model.FrameworkMethod$1.runReflectiveCall(FrameworkMethod.java:47)
	at org.junit.internal.runners.model.ReflectiveCallable.run(ReflectiveCallable.java:12)
	at org.junit.runners.model.FrameworkMethod.invokeExplosively(FrameworkMethod.java:44)
	at org.junit.internal.runners.statements.InvokeMethod.evaluate(InvokeMethod.java:17)
	at org.junit.internal.runners.statements.FailOnTimeout$StatementThread.run(FailOnTimeout.java:74)
Caused by: java.net.URISyntaxException: Illegal character in path at index 0:  does not exist/absolute_partials_template.html
	at java.net.URI$Parser.fail(URI.java:2848)
	at java.net.URI$Parser.checkChars(URI.java:3021)
	at java.net.URI$Parser.parseHierarchical(URI.java:3105)
	at java.net.URI$Parser.parse(URI.java:3063)
	at java.net.URI.<init>(URI.java:588)
	at java.net.URI.create(URI.java:850)
	... 11 more

2 amplified test fails on the new versions.
testInlineCommentWithinExtendCodeBlock_literalMutationString10_failAssert0(com.github.mustachejava.functions.CommentTest): Malformed escape pair at index 13: 01yCi*OdwpauR%h1,xavU[1Rvnj|}8wu]
testInlineCommentWithinExtendCodeBlock_literalMutationString7(com.github.mustachejava.functions.CommentTest): expected:<[box.html
classloader.html
client.html
client.txt
com
compiletest.mustache
complex.html
complex.txt
div.html
fallback
fdbcli.mustache
fdbcli.txt
fdbcli2.mustache
fdbcli2.txt
fdbcli3.mustache
fdbcli3.txt
follow.html
follownomenu.html
follownomenu.txt
functions
hogan.json
main.html
method.html
multiple_recursive_partials.html
multipleextensions.html
multipleextensions.txt
nested_inheritance.html
nested_inheritance.txt
nested_partials_template.html
overrideextension.html
parentreplace.html
partialintemplatefunction.html
partialsub.html
partialsubpartial.html
partialsubpartial.txt
partialsuper.html
path
pretranslate.html
psauxwww.mustache
psauxwww.txt
relative
replace.html
replace.txt
singlereplace.html
spec
sub.html
sub.txt
subblockchild1.html
subblockchild1.txt
subblockchild2.html
subblockchild2.txt
subblocksuper.html
subsub.html
subsub.txt
subsubchild1.html
subsubchild1.txt
subsubchild2.html
subsubchild2.txt
subsubchild3.html
subsubchild3.txt
subsubmiddle.html
subsubsuper.html
super.html
template.html
template.mustache
templates_filepath
templates.jar
toomany.html
tweetbox.html
uninterestingpartial.html]
> but was:<[com]
>java.lang.IllegalArgumentException: Malformed escape pair at index 13: 01yCi*OdwpauR%h1,xavU[1Rvnj|}8wu]
	at java.net.URI.create(URI.java:852)
	at com.github.mustachejava.resolver.ClasspathResolver.getReader(ClasspathResolver.java:37)
	at com.github.mustachejava.resolver.DefaultResolver.getReader(DefaultResolver.java:44)
	at com.github.mustachejava.DefaultMustacheFactory.getReader(DefaultMustacheFactory.java:115)
	at com.github.mustachejava.MustacheParser.compile(MustacheParser.java:26)
	at java.util.concurrent.ConcurrentHashMap.computeIfAbsent(ConcurrentHashMap.java:1660)
	at com.github.mustachejava.DefaultMustacheFactory.compile(DefaultMustacheFactory.java:176)
	at com.github.mustachejava.functions.CommentTest.testInlineCommentWithinExtendCodeBlock_literalMutationString10_failAssert0(CommentTest.java:311)
	at sun.reflect.NativeMethodAccessorImpl.invoke0(Native Method)
	at sun.reflect.NativeMethodAccessorImpl.invoke(NativeMethodAccessorImpl.java:62)
	at sun.reflect.DelegatingMethodAccessorImpl.invoke(DelegatingMethodAccessorImpl.java:43)
	at java.lang.reflect.Method.invoke(Method.java:498)
	at org.junit.runners.model.FrameworkMethod$1.runReflectiveCall(FrameworkMethod.java:47)
	at org.junit.internal.runners.model.ReflectiveCallable.run(ReflectiveCallable.java:12)
	at org.junit.runners.model.FrameworkMethod.invokeExplosively(FrameworkMethod.java:44)
	at org.junit.internal.runners.statements.InvokeMethod.evaluate(InvokeMethod.java:17)
	at org.junit.internal.runners.statements.FailOnTimeout$StatementThread.run(FailOnTimeout.java:74)
Caused by: java.net.URISyntaxException: Malformed escape pair at index 13: 01yCi*OdwpauR%h1,xavU[1Rvnj|}8wu]
	at java.net.URI$Parser.fail(URI.java:2848)
	at java.net.URI$Parser.scanEscape(URI.java:2978)
	at java.net.URI$Parser.scan(URI.java:3001)
	at java.net.URI$Parser.checkChars(URI.java:3019)
	at java.net.URI$Parser.parseHierarchical(URI.java:3105)
	at java.net.URI$Parser.parse(URI.java:3063)
	at java.net.URI.<init>(URI.java:588)
	at java.net.URI.create(URI.java:850)
	... 16 more
org.junit.ComparisonFailure: expected:<[box.html
classloader.html
client.html
client.txt
com
compiletest.mustache
complex.html
complex.txt
div.html
fallback
fdbcli.mustache
fdbcli.txt
fdbcli2.mustache
fdbcli2.txt
fdbcli3.mustache
fdbcli3.txt
follow.html
follownomenu.html
follownomenu.txt
functions
hogan.json
main.html
method.html
multiple_recursive_partials.html
multipleextensions.html
multipleextensions.txt
nested_inheritance.html
nested_inheritance.txt
nested_partials_template.html
overrideextension.html
parentreplace.html
partialintemplatefunction.html
partialsub.html
partialsubpartial.html
partialsubpartial.txt
partialsuper.html
path
pretranslate.html
psauxwww.mustache
psauxwww.txt
relative
replace.html
replace.txt
singlereplace.html
spec
sub.html
sub.txt
subblockchild1.html
subblockchild1.txt
subblockchild2.html
subblockchild2.txt
subblocksuper.html
subsub.html
subsub.txt
subsubchild1.html
subsubchild1.txt
subsubchild2.html
subsubchild2.txt
subsubchild3.html
subsubchild3.txt
subsubmiddle.html
subsubsuper.html
super.html
template.html
template.mustache
templates_filepath
templates.jar
toomany.html
tweetbox.html
uninterestingpartial.html]
> but was:<[com]
>
	at org.junit.Assert.assertEquals(Assert.java:115)
	at org.junit.Assert.assertEquals(Assert.java:144)
	at com.github.mustachejava.functions.CommentTest.testInlineCommentWithinExtendCodeBlock_literalMutationString7(CommentTest.java:92)
	at sun.reflect.NativeMethodAccessorImpl.invoke0(Native Method)
	at sun.reflect.NativeMethodAccessorImpl.invoke(NativeMethodAccessorImpl.java:62)
	at sun.reflect.DelegatingMethodAccessorImpl.invoke(DelegatingMethodAccessorImpl.java:43)
	at java.lang.reflect.Method.invoke(Method.java:498)
	at org.junit.runners.model.FrameworkMethod$1.runReflectiveCall(FrameworkMethod.java:47)
	at org.junit.internal.runners.model.ReflectiveCallable.run(ReflectiveCallable.java:12)
	at org.junit.runners.model.FrameworkMethod.invokeExplosively(FrameworkMethod.java:44)
	at org.junit.internal.runners.statements.InvokeMethod.evaluate(InvokeMethod.java:17)
	at org.junit.internal.runners.statements.FailOnTimeout$StatementThread.run(FailOnTimeout.java:74)

3 amplified test fails on the new versions.
testPostLabels_literalMutationString112_failAssert0(com.github.mustachejava.functions.BundleFunctionsTest): Illegal character in path at index 9: !rIXp5pNO|oP
testPostLabels_literalMutationString111(com.github.mustachejava.functions.BundleFunctionsTest): expected:<[box.html
classloader.html
client.html
client.txt
com
compiletest.mustache
complex.html
complex.txt
div.html
fallback
fdbcli.mustache
fdbcli.txt
fdbcli2.mustache
fdbcli2.txt
fdbcli3.mustache
fdbcli3.txt
follow.html
follownomenu.html
follownomenu.txt
functions
hogan.json
main.html
method.html
multiple_recursive_partials.html
multipleextensions.html
multipleextensions.txt
nested_inheritance.html
nested_inheritance.txt
nested_partials_template.html
overrideextension.html
parentreplace.html
partialintemplatefunction.html
partialsub.html
partialsubpartial.html
partialsubpartial.txt
partialsuper.html
path
pretranslate.html
psauxwww.mustache
psauxwww.txt
relative
replace.html
replace.txt
singlereplace.html
spec
sub.html
sub.txt
subblockchild1.html
subblockchild1.txt
subblockchild2.html
subblockchild2.txt
subblocksuper.html
subsub.html
subsub.txt
subsubchild1.html
subsubchild1.txt
subsubchild2.html
subsubchild2.txt
subsubchild3.html
subsubchild3.txt
subsubmiddle.html
subsubsuper.html
super.html
template.html
template.mustache
templates_filepath
templates.jar
toomany.html
tweetbox.html
uninterestingpartial.html]
> but was:<[com]
>
testPostNullLabels_literalMutationString1(com.github.mustachejava.functions.BundleFunctionsTest): expected:<[box.html
classloader.html
client.html
client.txt
com
compiletest.mustache
complex.html
complex.txt
div.html
fallback
fdbcli.mustache
fdbcli.txt
fdbcli2.mustache
fdbcli2.txt
fdbcli3.mustache
fdbcli3.txt
follow.html
follownomenu.html
follownomenu.txt
functions
hogan.json
main.html
method.html
multiple_recursive_partials.html
multipleextensions.html
multipleextensions.txt
nested_inheritance.html
nested_inheritance.txt
nested_partials_template.html
overrideextension.html
parentreplace.html
partialintemplatefunction.html
partialsub.html
partialsubpartial.html
partialsubpartial.txt
partialsuper.html
path
pretranslate.html
psauxwww.mustache
psauxwww.txt
relative
replace.html
replace.txt
singlereplace.html
spec
sub.html
sub.txt
subblockchild1.html
subblockchild1.txt
subblockchild2.html
subblockchild2.txt
subblocksuper.html
subsub.html
subsub.txt
subsubchild1.html
subsubchild1.txt
subsubchild2.html
subsubchild2.txt
subsubchild3.html
subsubchild3.txt
subsubmiddle.html
subsubsuper.html
super.html
template.html
template.mustache
templates_filepath
templates.jar
toomany.html
tweetbox.html
uninterestingpartial.html]
> but was:<[com]
>java.lang.IllegalArgumentException: Illegal character in path at index 9: !rIXp5pNO|oP
	at java.net.URI.create(URI.java:852)
	at com.github.mustachejava.resolver.ClasspathResolver.getReader(ClasspathResolver.java:37)
	at com.github.mustachejava.resolver.DefaultResolver.getReader(DefaultResolver.java:44)
	at com.github.mustachejava.DefaultMustacheFactory.getReader(DefaultMustacheFactory.java:115)
	at com.github.mustachejava.MustacheParser.compile(MustacheParser.java:26)
	at java.util.concurrent.ConcurrentHashMap.computeIfAbsent(ConcurrentHashMap.java:1660)
	at com.github.mustachejava.DefaultMustacheFactory.compile(DefaultMustacheFactory.java:176)
	at com.github.mustachejava.functions.BundleFunctionsTest.testPostLabels_literalMutationString112_failAssert0(BundleFunctionsTest.java:870)
	at sun.reflect.NativeMethodAccessorImpl.invoke0(Native Method)
	at sun.reflect.NativeMethodAccessorImpl.invoke(NativeMethodAccessorImpl.java:62)
	at sun.reflect.DelegatingMethodAccessorImpl.invoke(DelegatingMethodAccessorImpl.java:43)
	at java.lang.reflect.Method.invoke(Method.java:498)
	at org.junit.runners.model.FrameworkMethod$1.runReflectiveCall(FrameworkMethod.java:47)
	at org.junit.internal.runners.model.ReflectiveCallable.run(ReflectiveCallable.java:12)
	at org.junit.runners.model.FrameworkMethod.invokeExplosively(FrameworkMethod.java:44)
	at org.junit.internal.runners.statements.InvokeMethod.evaluate(InvokeMethod.java:17)
	at org.junit.internal.runners.statements.FailOnTimeout$StatementThread.run(FailOnTimeout.java:74)
Caused by: java.net.URISyntaxException: Illegal character in path at index 9: !rIXp5pNO|oP
	at java.net.URI$Parser.fail(URI.java:2848)
	at java.net.URI$Parser.checkChars(URI.java:3021)
	at java.net.URI$Parser.parseHierarchical(URI.java:3105)
	at java.net.URI$Parser.parse(URI.java:3063)
	at java.net.URI.<init>(URI.java:588)
	at java.net.URI.create(URI.java:850)
	... 16 more
org.junit.ComparisonFailure: expected:<[box.html
classloader.html
client.html
client.txt
com
compiletest.mustache
complex.html
complex.txt
div.html
fallback
fdbcli.mustache
fdbcli.txt
fdbcli2.mustache
fdbcli2.txt
fdbcli3.mustache
fdbcli3.txt
follow.html
follownomenu.html
follownomenu.txt
functions
hogan.json
main.html
method.html
multiple_recursive_partials.html
multipleextensions.html
multipleextensions.txt
nested_inheritance.html
nested_inheritance.txt
nested_partials_template.html
overrideextension.html
parentreplace.html
partialintemplatefunction.html
partialsub.html
partialsubpartial.html
partialsubpartial.txt
partialsuper.html
path
pretranslate.html
psauxwww.mustache
psauxwww.txt
relative
replace.html
replace.txt
singlereplace.html
spec
sub.html
sub.txt
subblockchild1.html
subblockchild1.txt
subblockchild2.html
subblockchild2.txt
subblocksuper.html
subsub.html
subsub.txt
subsubchild1.html
subsubchild1.txt
subsubchild2.html
subsubchild2.txt
subsubchild3.html
subsubchild3.txt
subsubmiddle.html
subsubsuper.html
super.html
template.html
template.mustache
templates_filepath
templates.jar
toomany.html
tweetbox.html
uninterestingpartial.html]
> but was:<[com]
>
	at org.junit.Assert.assertEquals(Assert.java:115)
	at org.junit.Assert.assertEquals(Assert.java:144)
	at com.github.mustachejava.functions.BundleFunctionsTest.testPostLabels_literalMutationString111(BundleFunctionsTest.java:170)
	at sun.reflect.NativeMethodAccessorImpl.invoke0(Native Method)
	at sun.reflect.NativeMethodAccessorImpl.invoke(NativeMethodAccessorImpl.java:62)
	at sun.reflect.DelegatingMethodAccessorImpl.invoke(DelegatingMethodAccessorImpl.java:43)
	at java.lang.reflect.Method.invoke(Method.java:498)
	at org.junit.runners.model.FrameworkMethod$1.runReflectiveCall(FrameworkMethod.java:47)
	at org.junit.internal.runners.model.ReflectiveCallable.run(ReflectiveCallable.java:12)
	at org.junit.runners.model.FrameworkMethod.invokeExplosively(FrameworkMethod.java:44)
	at org.junit.internal.runners.statements.InvokeMethod.evaluate(InvokeMethod.java:17)
	at org.junit.internal.runners.statements.FailOnTimeout$StatementThread.run(FailOnTimeout.java:74)
org.junit.ComparisonFailure: expected:<[box.html
classloader.html
client.html
client.txt
com
compiletest.mustache
complex.html
complex.txt
div.html
fallback
fdbcli.mustache
fdbcli.txt
fdbcli2.mustache
fdbcli2.txt
fdbcli3.mustache
fdbcli3.txt
follow.html
follownomenu.html
follownomenu.txt
functions
hogan.json
main.html
method.html
multiple_recursive_partials.html
multipleextensions.html
multipleextensions.txt
nested_inheritance.html
nested_inheritance.txt
nested_partials_template.html
overrideextension.html
parentreplace.html
partialintemplatefunction.html
partialsub.html
partialsubpartial.html
partialsubpartial.txt
partialsuper.html
path
pretranslate.html
psauxwww.mustache
psauxwww.txt
relative
replace.html
replace.txt
singlereplace.html
spec
sub.html
sub.txt
subblockchild1.html
subblockchild1.txt
subblockchild2.html
subblockchild2.txt
subblocksuper.html
subsub.html
subsub.txt
subsubchild1.html
subsubchild1.txt
subsubchild2.html
subsubchild2.txt
subsubchild3.html
subsubchild3.txt
subsubmiddle.html
subsubsuper.html
super.html
template.html
template.mustache
templates_filepath
templates.jar
toomany.html
tweetbox.html
uninterestingpartial.html]
> but was:<[com]
>
	at org.junit.Assert.assertEquals(Assert.java:115)
	at org.junit.Assert.assertEquals(Assert.java:144)
	at com.github.mustachejava.functions.BundleFunctionsTest.testPostNullLabels_literalMutationString1(BundleFunctionsTest.java:210)
	at sun.reflect.NativeMethodAccessorImpl.invoke0(Native Method)
	at sun.reflect.NativeMethodAccessorImpl.invoke(NativeMethodAccessorImpl.java:62)
	at sun.reflect.DelegatingMethodAccessorImpl.invoke(DelegatingMethodAccessorImpl.java:43)
	at java.lang.reflect.Method.invoke(Method.java:498)
	at org.junit.runners.model.FrameworkMethod$1.runReflectiveCall(FrameworkMethod.java:47)
	at org.junit.internal.runners.model.ReflectiveCallable.run(ReflectiveCallable.java:12)
	at org.junit.runners.model.FrameworkMethod.invokeExplosively(FrameworkMethod.java:44)
	at org.junit.internal.runners.statements.InvokeMethod.evaluate(InvokeMethod.java:17)
	at org.junit.internal.runners.statements.FailOnTimeout$StatementThread.run(FailOnTimeout.java:74)

2 amplified test fails on the new versions.
testIdentitySimple_literalMutationString1(com.github.mustachejava.InterpreterTest): expected:<[box.htmlclassloader.htmlclient.htmlclient.txtcomcompiletest.mustachecomplex.htmlcomplex.txtdiv.htmlfallbackfdbcli.mustachefdbcli.txtfdbcli2.mustachefdbcli2.txtfdbcli3.mustachefdbcli3.txtfollow.htmlfollownomenu.htmlfollownomenu.txtfunctionshogan.jsonmain.htmlmethod.htmlmultiple_recursive_partials.htmlmultipleextensions.htmlmultipleextensions.txtnested_inheritance.htmlnested_inheritance.txtnested_partials_template.htmloverrideextension.htmlparentreplace.htmlpartialintemplatefunction.htmlpartialsub.htmlpartialsubpartial.htmlpartialsubpartial.txtpartialsuper.htmlpathpretranslate.htmlpsauxwww.mustachepsauxwww.txtrelativereplace.htmlreplace.txtsinglereplace.htmlspecsub.htmlsub.txtsubblockchild1.htmlsubblockchild1.txtsubblockchild2.htmlsubblockchild2.txtsubblocksuper.htmlsubsub.htmlsubsub.txtsubsubchild1.htmlsubsubchild1.txtsubsubchild2.htmlsubsubchild2.txtsubsubchild3.htmlsubsubchild3.txtsubsubmiddle.htmlsubsubsuper.htmlsuper.htmltemplate.htmltemplate.mustachetemplates_filepathtemplates.jartoomany.htmltweetbox.htmluninterestingpartial.html]> but was:<[com]>
testIdentitySimple_literalMutationString4_failAssert0(com.github.mustachejava.InterpreterTest): Illegal character in path at index 4: simp}le.htmljunit.framework.ComparisonFailure: expected:<[box.htmlclassloader.htmlclient.htmlclient.txtcomcompiletest.mustachecomplex.htmlcomplex.txtdiv.htmlfallbackfdbcli.mustachefdbcli.txtfdbcli2.mustachefdbcli2.txtfdbcli3.mustachefdbcli3.txtfollow.htmlfollownomenu.htmlfollownomenu.txtfunctionshogan.jsonmain.htmlmethod.htmlmultiple_recursive_partials.htmlmultipleextensions.htmlmultipleextensions.txtnested_inheritance.htmlnested_inheritance.txtnested_partials_template.htmloverrideextension.htmlparentreplace.htmlpartialintemplatefunction.htmlpartialsub.htmlpartialsubpartial.htmlpartialsubpartial.txtpartialsuper.htmlpathpretranslate.htmlpsauxwww.mustachepsauxwww.txtrelativereplace.htmlreplace.txtsinglereplace.htmlspecsub.htmlsub.txtsubblockchild1.htmlsubblockchild1.txtsubblockchild2.htmlsubblockchild2.txtsubblocksuper.htmlsubsub.htmlsubsub.txtsubsubchild1.htmlsubsubchild1.txtsubsubchild2.htmlsubsubchild2.txtsubsubchild3.htmlsubsubchild3.txtsubsubmiddle.htmlsubsubsuper.htmlsuper.htmltemplate.htmltemplate.mustachetemplates_filepathtemplates.jartoomany.htmltweetbox.htmluninterestingpartial.html]> but was:<[com]>
	at junit.framework.Assert.assertEquals(Assert.java:100)
	at junit.framework.Assert.assertEquals(Assert.java:107)
	at junit.framework.TestCase.assertEquals(TestCase.java:269)
	at com.github.mustachejava.InterpreterTest.testIdentitySimple_literalMutationString1(InterpreterTest.java:423)
	at sun.reflect.NativeMethodAccessorImpl.invoke0(Native Method)
	at sun.reflect.NativeMethodAccessorImpl.invoke(NativeMethodAccessorImpl.java:62)
	at sun.reflect.DelegatingMethodAccessorImpl.invoke(DelegatingMethodAccessorImpl.java:43)
	at java.lang.reflect.Method.invoke(Method.java:498)
	at junit.framework.TestCase.runTest(TestCase.java:176)
	at junit.framework.TestCase.runBare(TestCase.java:141)
	at junit.framework.TestResult$1.protect(TestResult.java:122)
	at junit.framework.TestResult.runProtected(TestResult.java:142)
	at junit.framework.TestResult.run(TestResult.java:125)
	at junit.framework.TestCase.run(TestCase.java:129)
	at junit.framework.TestSuite.runTest(TestSuite.java:255)
	at junit.framework.TestSuite.run(TestSuite.java:250)
	at org.junit.internal.runners.JUnit38ClassRunner.run(JUnit38ClassRunner.java:84)
	at org.junit.runners.Suite.runChild(Suite.java:127)
	at org.junit.runners.Suite.runChild(Suite.java:26)
	at org.junit.runners.ParentRunner$3.run(ParentRunner.java:238)
	at org.junit.runners.ParentRunner$1.schedule(ParentRunner.java:63)
	at org.junit.runners.ParentRunner.runChildren(ParentRunner.java:236)
	at org.junit.runners.ParentRunner.access$000(ParentRunner.java:53)
	at org.junit.runners.ParentRunner$2.evaluate(ParentRunner.java:229)
	at org.junit.runners.ParentRunner.run(ParentRunner.java:309)
	at eu.stamp_project.testrunner.runner.JUnit4Runner.run(JUnit4Runner.java:63)
	at eu.stamp_project.testrunner.runner.JUnit4Runner.main(JUnit4Runner.java:27)
java.lang.IllegalArgumentException: Illegal character in path at index 4: simp}le.html
	at java.net.URI.create(URI.java:852)
	at com.github.mustachejava.resolver.ClasspathResolver.getReader(ClasspathResolver.java:37)
	at com.github.mustachejava.resolver.DefaultResolver.getReader(DefaultResolver.java:44)
	at com.github.mustachejava.DefaultMustacheFactory.getReader(DefaultMustacheFactory.java:115)
	at com.github.mustachejava.MustacheParser.compile(MustacheParser.java:26)
	at java.util.concurrent.ConcurrentHashMap.computeIfAbsent(ConcurrentHashMap.java:1660)
	at com.github.mustachejava.DefaultMustacheFactory.compile(DefaultMustacheFactory.java:176)
	at com.github.mustachejava.InterpreterTest.testIdentitySimple_literalMutationString4_failAssert0(InterpreterTest.java:707)
	at sun.reflect.NativeMethodAccessorImpl.invoke0(Native Method)
	at sun.reflect.NativeMethodAccessorImpl.invoke(NativeMethodAccessorImpl.java:62)
	at sun.reflect.DelegatingMethodAccessorImpl.invoke(DelegatingMethodAccessorImpl.java:43)
	at java.lang.reflect.Method.invoke(Method.java:498)
	at junit.framework.TestCase.runTest(TestCase.java:176)
	at junit.framework.TestCase.runBare(TestCase.java:141)
	at junit.framework.TestResult$1.protect(TestResult.java:122)
	at junit.framework.TestResult.runProtected(TestResult.java:142)
	at junit.framework.TestResult.run(TestResult.java:125)
	at junit.framework.TestCase.run(TestCase.java:129)
	at junit.framework.TestSuite.runTest(TestSuite.java:255)
	at junit.framework.TestSuite.run(TestSuite.java:250)
	at org.junit.internal.runners.JUnit38ClassRunner.run(JUnit38ClassRunner.java:84)
	at org.junit.runners.Suite.runChild(Suite.java:127)
	at org.junit.runners.Suite.runChild(Suite.java:26)
	at org.junit.runners.ParentRunner$3.run(ParentRunner.java:238)
	at org.junit.runners.ParentRunner$1.schedule(ParentRunner.java:63)
	at org.junit.runners.ParentRunner.runChildren(ParentRunner.java:236)
	at org.junit.runners.ParentRunner.access$000(ParentRunner.java:53)
	at org.junit.runners.ParentRunner$2.evaluate(ParentRunner.java:229)
	at org.junit.runners.ParentRunner.run(ParentRunner.java:309)
	at eu.stamp_project.testrunner.runner.JUnit4Runner.run(JUnit4Runner.java:63)
	at eu.stamp_project.testrunner.runner.JUnit4Runner.main(JUnit4Runner.java:27)
Caused by: java.net.URISyntaxException: Illegal character in path at index 4: simp}le.html
	at java.net.URI$Parser.fail(URI.java:2848)
	at java.net.URI$Parser.checkChars(URI.java:3021)
	at java.net.URI$Parser.parseHierarchical(URI.java:3105)
	at java.net.URI$Parser.parse(URI.java:3063)
	at java.net.URI.<init>(URI.java:588)
	at java.net.URI.create(URI.java:850)
	... 30 more

0 amplified test fails on the new versions.
12 amplified test fails on the new versions.
testMultipleExtensions_literalMutationString211(com.github.mustachejava.ExtensionTest): expected:<[box.html
classloader.html
client.html
client.txt
com
compiletest.mustache
complex.html
complex.txt
div.html
fallback
fdbcli.mustache
fdbcli.txt
fdbcli2.mustache
fdbcli2.txt
fdbcli3.mustache
fdbcli3.txt
follow.html
follownomenu.html
follownomenu.txt
functions
hogan.json
main.html
method.html
multiple_recursive_partials.html
multipleextensions.html
multipleextensions.txt
nested_inheritance.html
nested_inheritance.txt
nested_partials_template.html
overrideextension.html
parentreplace.html
partialintemplatefunction.html
partialsub.html
partialsubpartial.html
partialsubpartial.txt
partialsuper.html
path
pretranslate.html
psauxwww.mustache
psauxwww.txt
relative
replace.html
replace.txt
singlereplace.html
spec
sub.html
sub.txt
subblockchild1.html
subblockchild1.txt
subblockchild2.html
subblockchild2.txt
subblocksuper.html
subsub.html
subsub.txt
subsubchild1.html
subsubchild1.txt
subsubchild2.html
subsubchild2.txt
subsubchild3.html
subsubchild3.txt
subsubmiddle.html
subsubsuper.html
super.html
template.html
template.mustache
templates_filepath
templates.jar
toomany.html
tweetbox.html
uninterestingpartial.html]
> but was:<[com]
>
testSub_literalMutationString277(com.github.mustachejava.ExtensionTest): expected:<[box.html
classloader.html
client.html
client.txt
com
compiletest.mustache
complex.html
complex.txt
div.html
fallback
fdbcli.mustache
fdbcli.txt
fdbcli2.mustache
fdbcli2.txt
fdbcli3.mustache
fdbcli3.txt
follow.html
follownomenu.html
follownomenu.txt
functions
hogan.json
main.html
method.html
multiple_recursive_partials.html
multipleextensions.html
multipleextensions.txt
nested_inheritance.html
nested_inheritance.txt
nested_partials_template.html
overrideextension.html
parentreplace.html
partialintemplatefunction.html
partialsub.html
partialsubpartial.html
partialsubpartial.txt
partialsuper.html
path
pretranslate.html
psauxwww.mustache
psauxwww.txt
relative
replace.html
replace.txt
singlereplace.html
spec
sub.html
sub.txt
subblockchild1.html
subblockchild1.txt
subblockchild2.html
subblockchild2.txt
subblocksuper.html
subsub.html
subsub.txt
subsubchild1.html
subsubchild1.txt
subsubchild2.html
subsubchild2.txt
subsubchild3.html
subsubchild3.txt
subsubmiddle.html
subsubsuper.html
super.html
template.html
template.mustache
templates_filepath
templates.jar
toomany.html
tweetbox.html
uninterestingpartial.html]
> but was:<[com]
>
testSubBlockCaching_literalMutationString1(com.github.mustachejava.ExtensionTest): expected:<[box.html
classloader.html
client.html
client.txt
com
compiletest.mustache
complex.html
complex.txt
div.html
fallback
fdbcli.mustache
fdbcli.txt
fdbcli2.mustache
fdbcli2.txt
fdbcli3.mustache
fdbcli3.txt
follow.html
follownomenu.html
follownomenu.txt
functions
hogan.json
main.html
method.html
multiple_recursive_partials.html
multipleextensions.html
multipleextensions.txt
nested_inheritance.html
nested_inheritance.txt
nested_partials_template.html
overrideextension.html
parentreplace.html
partialintemplatefunction.html
partialsub.html
partialsubpartial.html
partialsubpartial.txt
partialsuper.html
path
pretranslate.html
psauxwww.mustache
psauxwww.txt
relative
replace.html
replace.txt
singlereplace.html
spec
sub.html
sub.txt
subblockchild1.html
subblockchild1.txt
subblockchild2.html
subblockchild2.txt
subblocksuper.html
subsub.html
subsub.txt
subsubchild1.html
subsubchild1.txt
subsubchild2.html
subsubchild2.txt
subsubchild3.html
subsubchild3.txt
subsubmiddle.html
subsubsuper.html
super.html
template.html
template.mustache
templates_filepath
templates.jar
toomany.html
tweetbox.html
uninterestingpartial.html]
> but was:<[com]
>
testSub_literalMutationString279_failAssert0(com.github.mustachejava.ExtensionTest): Illegal character in fragment at index 5: #ZQsb>_1
testSubBlockCaching_literalMutationString17_failAssert0(com.github.mustachejava.ExtensionTest): Illegal character in path at index 1: !^MYU(dM7KJ&><6ycw,
testMultipleExtensions_literalMutationString214_failAssert0(com.github.mustachejava.ExtensionTest): Malformed escape pair at index 3: dMl%;sG#Ahw*&z*$G`c:wkJ
testSubBlockCaching_literalMutationString27_failAssert0(com.github.mustachejava.ExtensionTest): null
testSubBlockCaching_literalMutationString6_failAssert0(com.github.mustachejava.ExtensionTest): Illegal character in fragment at index 9: XdYQ7-#sa<}t>?]?7gc
testSubBlockCaching_literalMutationString25(com.github.mustachejava.ExtensionTest): expected:<[box.html
classloader.html
client.html
client.txt
com
compiletest.mustache
complex.html
complex.txt
div.html
fallback
fdbcli.mustache
fdbcli.txt
fdbcli2.mustache
fdbcli2.txt
fdbcli3.mustache
fdbcli3.txt
follow.html
follownomenu.html
follownomenu.txt
functions
hogan.json
main.html
method.html
multiple_recursive_partials.html
multipleextensions.html
multipleextensions.txt
nested_inheritance.html
nested_inheritance.txt
nested_partials_template.html
overrideextension.html
parentreplace.html
partialintemplatefunction.html
partialsub.html
partialsubpartial.html
partialsubpartial.txt
partialsuper.html
path
pretranslate.html
psauxwww.mustache
psauxwww.txt
relative
replace.html
replace.txt
singlereplace.html
spec
sub.html
sub.txt
subblockchild1.html
subblockchild1.txt
subblockchild2.html
subblockchild2.txt
subblocksuper.html
subsub.html
subsub.txt
subsubchild1.html
subsubchild1.txt
subsubchild2.html
subsubchild2.txt
subsubchild3.html
subsubchild3.txt
subsubmiddle.html
subsubsuper.html
super.html
template.html
template.mustache
templates_filepath
templates.jar
toomany.html
tweetbox.html
uninterestingpartial.html]
> but was:<[com]
>
testSubBlockCaching_literalMutationString26_failAssert0(com.github.mustachejava.ExtensionTest): Illegal character in fragment at index 6: MoV#NG^1yAAF?5P&+YT
testSubBlockCaching_literalMutationString3_failAssert0(com.github.mustachejava.ExtensionTest): Illegal character in path at index 3: sub[blockchild1.html
testSubBlockCaching_literalMutationString13(com.github.mustachejava.ExtensionTest): expected:<[box.html
classloader.html
client.html
client.txt
com
compiletest.mustache
complex.html
complex.txt
div.html
fallback
fdbcli.mustache
fdbcli.txt
fdbcli2.mustache
fdbcli2.txt
fdbcli3.mustache
fdbcli3.txt
follow.html
follownomenu.html
follownomenu.txt
functions
hogan.json
main.html
method.html
multiple_recursive_partials.html
multipleextensions.html
multipleextensions.txt
nested_inheritance.html
nested_inheritance.txt
nested_partials_template.html
overrideextension.html
parentreplace.html
partialintemplatefunction.html
partialsub.html
partialsubpartial.html
partialsubpartial.txt
partialsuper.html
path
pretranslate.html
psauxwww.mustache
psauxwww.txt
relative
replace.html
replace.txt
singlereplace.html
spec
sub.html
sub.txt
subblockchild1.html
subblockchild1.txt
subblockchild2.html
subblockchild2.txt
subblocksuper.html
subsub.html
subsub.txt
subsubchild1.html
subsubchild1.txt
subsubchild2.html
subsubchild2.txt
subsubchild3.html
subsubchild3.txt
subsubmiddle.html
subsubsuper.html
super.html
template.html
template.mustache
templates_filepath
templates.jar
toomany.html
tweetbox.html
uninterestingpartial.html]
> but was:<[com]
>org.junit.ComparisonFailure: expected:<[box.html
classloader.html
client.html
client.txt
com
compiletest.mustache
complex.html
complex.txt
div.html
fallback
fdbcli.mustache
fdbcli.txt
fdbcli2.mustache
fdbcli2.txt
fdbcli3.mustache
fdbcli3.txt
follow.html
follownomenu.html
follownomenu.txt
functions
hogan.json
main.html
method.html
multiple_recursive_partials.html
multipleextensions.html
multipleextensions.txt
nested_inheritance.html
nested_inheritance.txt
nested_partials_template.html
overrideextension.html
parentreplace.html
partialintemplatefunction.html
partialsub.html
partialsubpartial.html
partialsubpartial.txt
partialsuper.html
path
pretranslate.html
psauxwww.mustache
psauxwww.txt
relative
replace.html
replace.txt
singlereplace.html
spec
sub.html
sub.txt
subblockchild1.html
subblockchild1.txt
subblockchild2.html
subblockchild2.txt
subblocksuper.html
subsub.html
subsub.txt
subsubchild1.html
subsubchild1.txt
subsubchild2.html
subsubchild2.txt
subsubchild3.html
subsubchild3.txt
subsubmiddle.html
subsubsuper.html
super.html
template.html
template.mustache
templates_filepath
templates.jar
toomany.html
tweetbox.html
uninterestingpartial.html]
> but was:<[com]
>
	at org.junit.Assert.assertEquals(Assert.java:115)
	at org.junit.Assert.assertEquals(Assert.java:144)
	at com.github.mustachejava.ExtensionTest.testMultipleExtensions_literalMutationString211(ExtensionTest.java:36)
	at sun.reflect.NativeMethodAccessorImpl.invoke0(Native Method)
	at sun.reflect.NativeMethodAccessorImpl.invoke(NativeMethodAccessorImpl.java:62)
	at sun.reflect.DelegatingMethodAccessorImpl.invoke(DelegatingMethodAccessorImpl.java:43)
	at java.lang.reflect.Method.invoke(Method.java:498)
	at org.junit.runners.model.FrameworkMethod$1.runReflectiveCall(FrameworkMethod.java:47)
	at org.junit.internal.runners.model.ReflectiveCallable.run(ReflectiveCallable.java:12)
	at org.junit.runners.model.FrameworkMethod.invokeExplosively(FrameworkMethod.java:44)
	at org.junit.internal.runners.statements.InvokeMethod.evaluate(InvokeMethod.java:17)
	at org.junit.internal.runners.statements.FailOnTimeout$StatementThread.run(FailOnTimeout.java:74)
org.junit.ComparisonFailure: expected:<[box.html
classloader.html
client.html
client.txt
com
compiletest.mustache
complex.html
complex.txt
div.html
fallback
fdbcli.mustache
fdbcli.txt
fdbcli2.mustache
fdbcli2.txt
fdbcli3.mustache
fdbcli3.txt
follow.html
follownomenu.html
follownomenu.txt
functions
hogan.json
main.html
method.html
multiple_recursive_partials.html
multipleextensions.html
multipleextensions.txt
nested_inheritance.html
nested_inheritance.txt
nested_partials_template.html
overrideextension.html
parentreplace.html
partialintemplatefunction.html
partialsub.html
partialsubpartial.html
partialsubpartial.txt
partialsuper.html
path
pretranslate.html
psauxwww.mustache
psauxwww.txt
relative
replace.html
replace.txt
singlereplace.html
spec
sub.html
sub.txt
subblockchild1.html
subblockchild1.txt
subblockchild2.html
subblockchild2.txt
subblocksuper.html
subsub.html
subsub.txt
subsubchild1.html
subsubchild1.txt
subsubchild2.html
subsubchild2.txt
subsubchild3.html
subsubchild3.txt
subsubmiddle.html
subsubsuper.html
super.html
template.html
template.mustache
templates_filepath
templates.jar
toomany.html
tweetbox.html
uninterestingpartial.html]
> but was:<[com]
>
	at org.junit.Assert.assertEquals(Assert.java:115)
	at org.junit.Assert.assertEquals(Assert.java:144)
	at com.github.mustachejava.ExtensionTest.testSub_literalMutationString277(ExtensionTest.java:228)
	at sun.reflect.NativeMethodAccessorImpl.invoke0(Native Method)
	at sun.reflect.NativeMethodAccessorImpl.invoke(NativeMethodAccessorImpl.java:62)
	at sun.reflect.DelegatingMethodAccessorImpl.invoke(DelegatingMethodAccessorImpl.java:43)
	at java.lang.reflect.Method.invoke(Method.java:498)
	at org.junit.runners.model.FrameworkMethod$1.runReflectiveCall(FrameworkMethod.java:47)
	at org.junit.internal.runners.model.ReflectiveCallable.run(ReflectiveCallable.java:12)
	at org.junit.runners.model.FrameworkMethod.invokeExplosively(FrameworkMethod.java:44)
	at org.junit.internal.runners.statements.InvokeMethod.evaluate(InvokeMethod.java:17)
	at org.junit.internal.runners.statements.FailOnTimeout$StatementThread.run(FailOnTimeout.java:74)
org.junit.ComparisonFailure: expected:<[box.html
classloader.html
client.html
client.txt
com
compiletest.mustache
complex.html
complex.txt
div.html
fallback
fdbcli.mustache
fdbcli.txt
fdbcli2.mustache
fdbcli2.txt
fdbcli3.mustache
fdbcli3.txt
follow.html
follownomenu.html
follownomenu.txt
functions
hogan.json
main.html
method.html
multiple_recursive_partials.html
multipleextensions.html
multipleextensions.txt
nested_inheritance.html
nested_inheritance.txt
nested_partials_template.html
overrideextension.html
parentreplace.html
partialintemplatefunction.html
partialsub.html
partialsubpartial.html
partialsubpartial.txt
partialsuper.html
path
pretranslate.html
psauxwww.mustache
psauxwww.txt
relative
replace.html
replace.txt
singlereplace.html
spec
sub.html
sub.txt
subblockchild1.html
subblockchild1.txt
subblockchild2.html
subblockchild2.txt
subblocksuper.html
subsub.html
subsub.txt
subsubchild1.html
subsubchild1.txt
subsubchild2.html
subsubchild2.txt
subsubchild3.html
subsubchild3.txt
subsubmiddle.html
subsubsuper.html
super.html
template.html
template.mustache
templates_filepath
templates.jar
toomany.html
tweetbox.html
uninterestingpartial.html]
> but was:<[com]
>
	at org.junit.Assert.assertEquals(Assert.java:115)
	at org.junit.Assert.assertEquals(Assert.java:144)
	at com.github.mustachejava.ExtensionTest.testSubBlockCaching_literalMutationString1(ExtensionTest.java:408)
	at sun.reflect.NativeMethodAccessorImpl.invoke0(Native Method)
	at sun.reflect.NativeMethodAccessorImpl.invoke(NativeMethodAccessorImpl.java:62)
	at sun.reflect.DelegatingMethodAccessorImpl.invoke(DelegatingMethodAccessorImpl.java:43)
	at java.lang.reflect.Method.invoke(Method.java:498)
	at org.junit.runners.model.FrameworkMethod$1.runReflectiveCall(FrameworkMethod.java:47)
	at org.junit.internal.runners.model.ReflectiveCallable.run(ReflectiveCallable.java:12)
	at org.junit.runners.model.FrameworkMethod.invokeExplosively(FrameworkMethod.java:44)
	at org.junit.internal.runners.statements.InvokeMethod.evaluate(InvokeMethod.java:17)
	at org.junit.internal.runners.statements.FailOnTimeout$StatementThread.run(FailOnTimeout.java:74)
java.lang.IllegalArgumentException: Illegal character in fragment at index 5: #ZQsb>_1
	at java.net.URI.create(URI.java:852)
	at com.github.mustachejava.resolver.ClasspathResolver.getReader(ClasspathResolver.java:37)
	at com.github.mustachejava.resolver.DefaultResolver.getReader(DefaultResolver.java:44)
	at com.github.mustachejava.DefaultMustacheFactory.getReader(DefaultMustacheFactory.java:115)
	at com.github.mustachejava.MustacheParser.compile(MustacheParser.java:26)
	at java.util.concurrent.ConcurrentHashMap.computeIfAbsent(ConcurrentHashMap.java:1660)
	at com.github.mustachejava.DefaultMustacheFactory.compile(DefaultMustacheFactory.java:176)
	at com.github.mustachejava.ExtensionTest.testSub_literalMutationString279_failAssert0(ExtensionTest.java:1288)
	at sun.reflect.NativeMethodAccessorImpl.invoke0(Native Method)
	at sun.reflect.NativeMethodAccessorImpl.invoke(NativeMethodAccessorImpl.java:62)
	at sun.reflect.DelegatingMethodAccessorImpl.invoke(DelegatingMethodAccessorImpl.java:43)
	at java.lang.reflect.Method.invoke(Method.java:498)
	at org.junit.runners.model.FrameworkMethod$1.runReflectiveCall(FrameworkMethod.java:47)
	at org.junit.internal.runners.model.ReflectiveCallable.run(ReflectiveCallable.java:12)
	at org.junit.runners.model.FrameworkMethod.invokeExplosively(FrameworkMethod.java:44)
	at org.junit.internal.runners.statements.InvokeMethod.evaluate(InvokeMethod.java:17)
	at org.junit.internal.runners.statements.FailOnTimeout$StatementThread.run(FailOnTimeout.java:74)
Caused by: java.net.URISyntaxException: Illegal character in fragment at index 5: #ZQsb>_1
	at java.net.URI$Parser.fail(URI.java:2848)
	at java.net.URI$Parser.checkChars(URI.java:3021)
	at java.net.URI$Parser.parse(URI.java:3067)
	at java.net.URI.<init>(URI.java:588)
	at java.net.URI.create(URI.java:850)
	... 16 more
java.lang.IllegalArgumentException: Illegal character in path at index 1: !^MYU(dM7KJ&><6ycw,
	at java.net.URI.create(URI.java:852)
	at com.github.mustachejava.resolver.ClasspathResolver.getReader(ClasspathResolver.java:37)
	at com.github.mustachejava.resolver.DefaultResolver.getReader(DefaultResolver.java:44)
	at com.github.mustachejava.DefaultMustacheFactory.getReader(DefaultMustacheFactory.java:115)
	at com.github.mustachejava.MustacheParser.compile(MustacheParser.java:26)
	at java.util.concurrent.ConcurrentHashMap.computeIfAbsent(ConcurrentHashMap.java:1660)
	at com.github.mustachejava.DefaultMustacheFactory.compile(DefaultMustacheFactory.java:176)
	at com.github.mustachejava.ExtensionTest.testSubBlockCaching_literalMutationString17_failAssert0(ExtensionTest.java:2047)
	at sun.reflect.NativeMethodAccessorImpl.invoke0(Native Method)
	at sun.reflect.NativeMethodAccessorImpl.invoke(NativeMethodAccessorImpl.java:62)
	at sun.reflect.DelegatingMethodAccessorImpl.invoke(DelegatingMethodAccessorImpl.java:43)
	at java.lang.reflect.Method.invoke(Method.java:498)
	at org.junit.runners.model.FrameworkMethod$1.runReflectiveCall(FrameworkMethod.java:47)
	at org.junit.internal.runners.model.ReflectiveCallable.run(ReflectiveCallable.java:12)
	at org.junit.runners.model.FrameworkMethod.invokeExplosively(FrameworkMethod.java:44)
	at org.junit.internal.runners.statements.InvokeMethod.evaluate(InvokeMethod.java:17)
	at org.junit.internal.runners.statements.FailOnTimeout$StatementThread.run(FailOnTimeout.java:74)
Caused by: java.net.URISyntaxException: Illegal character in path at index 1: !^MYU(dM7KJ&><6ycw,
	at java.net.URI$Parser.fail(URI.java:2848)
	at java.net.URI$Parser.checkChars(URI.java:3021)
	at java.net.URI$Parser.parseHierarchical(URI.java:3105)
	at java.net.URI$Parser.parse(URI.java:3063)
	at java.net.URI.<init>(URI.java:588)
	at java.net.URI.create(URI.java:850)
	... 16 more
java.lang.IllegalArgumentException: Malformed escape pair at index 3: dMl%;sG#Ahw*&z*$G`c:wkJ
	at java.net.URI.create(URI.java:852)
	at com.github.mustachejava.resolver.ClasspathResolver.getReader(ClasspathResolver.java:37)
	at com.github.mustachejava.resolver.DefaultResolver.getReader(DefaultResolver.java:44)
	at com.github.mustachejava.DefaultMustacheFactory.getReader(DefaultMustacheFactory.java:115)
	at com.github.mustachejava.MustacheParser.compile(MustacheParser.java:26)
	at java.util.concurrent.ConcurrentHashMap.computeIfAbsent(ConcurrentHashMap.java:1660)
	at com.github.mustachejava.DefaultMustacheFactory.compile(DefaultMustacheFactory.java:176)
	at com.github.mustachejava.ExtensionTest.testMultipleExtensions_literalMutationString214_failAssert0(ExtensionTest.java:194)
	at sun.reflect.NativeMethodAccessorImpl.invoke0(Native Method)
	at sun.reflect.NativeMethodAccessorImpl.invoke(NativeMethodAccessorImpl.java:62)
	at sun.reflect.DelegatingMethodAccessorImpl.invoke(DelegatingMethodAccessorImpl.java:43)
	at java.lang.reflect.Method.invoke(Method.java:498)
	at org.junit.runners.model.FrameworkMethod$1.runReflectiveCall(FrameworkMethod.java:47)
	at org.junit.internal.runners.model.ReflectiveCallable.run(ReflectiveCallable.java:12)
	at org.junit.runners.model.FrameworkMethod.invokeExplosively(FrameworkMethod.java:44)
	at org.junit.internal.runners.statements.InvokeMethod.evaluate(InvokeMethod.java:17)
	at org.junit.internal.runners.statements.FailOnTimeout$StatementThread.run(FailOnTimeout.java:74)
Caused by: java.net.URISyntaxException: Malformed escape pair at index 3: dMl%;sG#Ahw*&z*$G`c:wkJ
	at java.net.URI$Parser.fail(URI.java:2848)
	at java.net.URI$Parser.scanEscape(URI.java:2978)
	at java.net.URI$Parser.scan(URI.java:3001)
	at java.net.URI$Parser.checkChars(URI.java:3019)
	at java.net.URI$Parser.parseHierarchical(URI.java:3105)
	at java.net.URI$Parser.parse(URI.java:3063)
	at java.net.URI.<init>(URI.java:588)
	at java.net.URI.create(URI.java:850)
	... 16 more
java.lang.NullPointerException
	at sun.misc.MetaIndex.mayContain(MetaIndex.java:242)
	at sun.misc.URLClassPath$JarLoader.getResource(URLClassPath.java:1032)
	at sun.misc.URLClassPath.getResource(URLClassPath.java:239)
	at sun.misc.URLClassPath.getResource(URLClassPath.java:292)
	at java.lang.ClassLoader.getBootstrapResource(ClassLoader.java:1264)
	at java.lang.ClassLoader.getResource(ClassLoader.java:1093)
	at java.lang.ClassLoader.getResource(ClassLoader.java:1091)
	at java.net.URLClassLoader.getResourceAsStream(URLClassLoader.java:232)
	at com.github.mustachejava.resolver.ClasspathResolver.getReader(ClasspathResolver.java:39)
	at com.github.mustachejava.resolver.DefaultResolver.getReader(DefaultResolver.java:44)
	at com.github.mustachejava.DefaultMustacheFactory.getReader(DefaultMustacheFactory.java:115)
	at com.github.mustachejava.MustacheParser.compile(MustacheParser.java:26)
	at java.util.concurrent.ConcurrentHashMap.computeIfAbsent(ConcurrentHashMap.java:1660)
	at com.github.mustachejava.DefaultMustacheFactory.compile(DefaultMustacheFactory.java:176)
	at com.github.mustachejava.ExtensionTest.testSubBlockCaching_literalMutationString27_failAssert0(ExtensionTest.java:1792)
	at sun.reflect.NativeMethodAccessorImpl.invoke0(Native Method)
	at sun.reflect.NativeMethodAccessorImpl.invoke(NativeMethodAccessorImpl.java:62)
	at sun.reflect.DelegatingMethodAccessorImpl.invoke(DelegatingMethodAccessorImpl.java:43)
	at java.lang.reflect.Method.invoke(Method.java:498)
	at org.junit.runners.model.FrameworkMethod$1.runReflectiveCall(FrameworkMethod.java:47)
	at org.junit.internal.runners.model.ReflectiveCallable.run(ReflectiveCallable.java:12)
	at org.junit.runners.model.FrameworkMethod.invokeExplosively(FrameworkMethod.java:44)
	at org.junit.internal.runners.statements.InvokeMethod.evaluate(InvokeMethod.java:17)
	at org.junit.internal.runners.statements.FailOnTimeout$StatementThread.run(FailOnTimeout.java:74)
java.lang.IllegalArgumentException: Illegal character in fragment at index 9: XdYQ7-#sa<}t>?]?7gc
	at java.net.URI.create(URI.java:852)
	at com.github.mustachejava.resolver.ClasspathResolver.getReader(ClasspathResolver.java:37)
	at com.github.mustachejava.resolver.DefaultResolver.getReader(DefaultResolver.java:44)
	at com.github.mustachejava.DefaultMustacheFactory.getReader(DefaultMustacheFactory.java:115)
	at com.github.mustachejava.MustacheParser.compile(MustacheParser.java:26)
	at java.util.concurrent.ConcurrentHashMap.computeIfAbsent(ConcurrentHashMap.java:1660)
	at com.github.mustachejava.DefaultMustacheFactory.compile(DefaultMustacheFactory.java:176)
	at com.github.mustachejava.ExtensionTest.testSubBlockCaching_literalMutationString6_failAssert0(ExtensionTest.java:1414)
	at sun.reflect.NativeMethodAccessorImpl.invoke0(Native Method)
	at sun.reflect.NativeMethodAccessorImpl.invoke(NativeMethodAccessorImpl.java:62)
	at sun.reflect.DelegatingMethodAccessorImpl.invoke(DelegatingMethodAccessorImpl.java:43)
	at java.lang.reflect.Method.invoke(Method.java:498)
	at org.junit.runners.model.FrameworkMethod$1.runReflectiveCall(FrameworkMethod.java:47)
	at org.junit.internal.runners.model.ReflectiveCallable.run(ReflectiveCallable.java:12)
	at org.junit.runners.model.FrameworkMethod.invokeExplosively(FrameworkMethod.java:44)
	at org.junit.internal.runners.statements.InvokeMethod.evaluate(InvokeMethod.java:17)
	at org.junit.internal.runners.statements.FailOnTimeout$StatementThread.run(FailOnTimeout.java:74)
Caused by: java.net.URISyntaxException: Illegal character in fragment at index 9: XdYQ7-#sa<}t>?]?7gc
	at java.net.URI$Parser.fail(URI.java:2848)
	at java.net.URI$Parser.checkChars(URI.java:3021)
	at java.net.URI$Parser.parse(URI.java:3067)
	at java.net.URI.<init>(URI.java:588)
	at java.net.URI.create(URI.java:850)
	... 16 more
org.junit.ComparisonFailure: expected:<[box.html
classloader.html
client.html
client.txt
com
compiletest.mustache
complex.html
complex.txt
div.html
fallback
fdbcli.mustache
fdbcli.txt
fdbcli2.mustache
fdbcli2.txt
fdbcli3.mustache
fdbcli3.txt
follow.html
follownomenu.html
follownomenu.txt
functions
hogan.json
main.html
method.html
multiple_recursive_partials.html
multipleextensions.html
multipleextensions.txt
nested_inheritance.html
nested_inheritance.txt
nested_partials_template.html
overrideextension.html
parentreplace.html
partialintemplatefunction.html
partialsub.html
partialsubpartial.html
partialsubpartial.txt
partialsuper.html
path
pretranslate.html
psauxwww.mustache
psauxwww.txt
relative
replace.html
replace.txt
singlereplace.html
spec
sub.html
sub.txt
subblockchild1.html
subblockchild1.txt
subblockchild2.html
subblockchild2.txt
subblocksuper.html
subsub.html
subsub.txt
subsubchild1.html
subsubchild1.txt
subsubchild2.html
subsubchild2.txt
subsubchild3.html
subsubchild3.txt
subsubmiddle.html
subsubsuper.html
super.html
template.html
template.mustache
templates_filepath
templates.jar
toomany.html
tweetbox.html
uninterestingpartial.html]
> but was:<[com]
>
	at org.junit.Assert.assertEquals(Assert.java:115)
	at org.junit.Assert.assertEquals(Assert.java:144)
	at com.github.mustachejava.ExtensionTest.testSubBlockCaching_literalMutationString25(ExtensionTest.java:370)
	at sun.reflect.NativeMethodAccessorImpl.invoke0(Native Method)
	at sun.reflect.NativeMethodAccessorImpl.invoke(NativeMethodAccessorImpl.java:62)
	at sun.reflect.DelegatingMethodAccessorImpl.invoke(DelegatingMethodAccessorImpl.java:43)
	at java.lang.reflect.Method.invoke(Method.java:498)
	at org.junit.runners.model.FrameworkMethod$1.runReflectiveCall(FrameworkMethod.java:47)
	at org.junit.internal.runners.model.ReflectiveCallable.run(ReflectiveCallable.java:12)
	at org.junit.runners.model.FrameworkMethod.invokeExplosively(FrameworkMethod.java:44)
	at org.junit.internal.runners.statements.InvokeMethod.evaluate(InvokeMethod.java:17)
	at org.junit.internal.runners.statements.FailOnTimeout$StatementThread.run(FailOnTimeout.java:74)
java.lang.IllegalArgumentException: Illegal character in fragment at index 6: MoV#NG^1yAAF?5P&+YT
	at java.net.URI.create(URI.java:852)
	at com.github.mustachejava.resolver.ClasspathResolver.getReader(ClasspathResolver.java:37)
	at com.github.mustachejava.resolver.DefaultResolver.getReader(DefaultResolver.java:44)
	at com.github.mustachejava.DefaultMustacheFactory.getReader(DefaultMustacheFactory.java:115)
	at com.github.mustachejava.MustacheParser.compile(MustacheParser.java:26)
	at java.util.concurrent.ConcurrentHashMap.computeIfAbsent(ConcurrentHashMap.java:1660)
	at com.github.mustachejava.DefaultMustacheFactory.compile(DefaultMustacheFactory.java:176)
	at com.github.mustachejava.ExtensionTest.testSubBlockCaching_literalMutationString26_failAssert0(ExtensionTest.java:1370)
	at sun.reflect.NativeMethodAccessorImpl.invoke0(Native Method)
	at sun.reflect.NativeMethodAccessorImpl.invoke(NativeMethodAccessorImpl.java:62)
	at sun.reflect.DelegatingMethodAccessorImpl.invoke(DelegatingMethodAccessorImpl.java:43)
	at java.lang.reflect.Method.invoke(Method.java:498)
	at org.junit.runners.model.FrameworkMethod$1.runReflectiveCall(FrameworkMethod.java:47)
	at org.junit.internal.runners.model.ReflectiveCallable.run(ReflectiveCallable.java:12)
	at org.junit.runners.model.FrameworkMethod.invokeExplosively(FrameworkMethod.java:44)
	at org.junit.internal.runners.statements.InvokeMethod.evaluate(InvokeMethod.java:17)
	at org.junit.internal.runners.statements.FailOnTimeout$StatementThread.run(FailOnTimeout.java:74)
Caused by: java.net.URISyntaxException: Illegal character in fragment at index 6: MoV#NG^1yAAF?5P&+YT
	at java.net.URI$Parser.fail(URI.java:2848)
	at java.net.URI$Parser.checkChars(URI.java:3021)
	at java.net.URI$Parser.parse(URI.java:3067)
	at java.net.URI.<init>(URI.java:588)
	at java.net.URI.create(URI.java:850)
	... 16 more
java.lang.IllegalArgumentException: Illegal character in path at index 3: sub[blockchild1.html
	at java.net.URI.create(URI.java:852)
	at com.github.mustachejava.resolver.ClasspathResolver.getReader(ClasspathResolver.java:37)
	at com.github.mustachejava.resolver.DefaultResolver.getReader(DefaultResolver.java:44)
	at com.github.mustachejava.DefaultMustacheFactory.getReader(DefaultMustacheFactory.java:115)
	at com.github.mustachejava.MustacheParser.compile(MustacheParser.java:26)
	at java.util.concurrent.ConcurrentHashMap.computeIfAbsent(ConcurrentHashMap.java:1660)
	at com.github.mustachejava.DefaultMustacheFactory.compile(DefaultMustacheFactory.java:176)
	at com.github.mustachejava.ExtensionTest.testSubBlockCaching_literalMutationString3_failAssert0(ExtensionTest.java:1333)
	at sun.reflect.NativeMethodAccessorImpl.invoke0(Native Method)
	at sun.reflect.NativeMethodAccessorImpl.invoke(NativeMethodAccessorImpl.java:62)
	at sun.reflect.DelegatingMethodAccessorImpl.invoke(DelegatingMethodAccessorImpl.java:43)
	at java.lang.reflect.Method.invoke(Method.java:498)
	at org.junit.runners.model.FrameworkMethod$1.runReflectiveCall(FrameworkMethod.java:47)
	at org.junit.internal.runners.model.ReflectiveCallable.run(ReflectiveCallable.java:12)
	at org.junit.runners.model.FrameworkMethod.invokeExplosively(FrameworkMethod.java:44)
	at org.junit.internal.runners.statements.InvokeMethod.evaluate(InvokeMethod.java:17)
	at org.junit.internal.runners.statements.FailOnTimeout$StatementThread.run(FailOnTimeout.java:74)
Caused by: java.net.URISyntaxException: Illegal character in path at index 3: sub[blockchild1.html
	at java.net.URI$Parser.fail(URI.java:2848)
	at java.net.URI$Parser.checkChars(URI.java:3021)
	at java.net.URI$Parser.parseHierarchical(URI.java:3105)
	at java.net.URI$Parser.parse(URI.java:3063)
	at java.net.URI.<init>(URI.java:588)
	at java.net.URI.create(URI.java:850)
	... 16 more
org.junit.ComparisonFailure: expected:<[box.html
classloader.html
client.html
client.txt
com
compiletest.mustache
complex.html
complex.txt
div.html
fallback
fdbcli.mustache
fdbcli.txt
fdbcli2.mustache
fdbcli2.txt
fdbcli3.mustache
fdbcli3.txt
follow.html
follownomenu.html
follownomenu.txt
functions
hogan.json
main.html
method.html
multiple_recursive_partials.html
multipleextensions.html
multipleextensions.txt
nested_inheritance.html
nested_inheritance.txt
nested_partials_template.html
overrideextension.html
parentreplace.html
partialintemplatefunction.html
partialsub.html
partialsubpartial.html
partialsubpartial.txt
partialsuper.html
path
pretranslate.html
psauxwww.mustache
psauxwww.txt
relative
replace.html
replace.txt
singlereplace.html
spec
sub.html
sub.txt
subblockchild1.html
subblockchild1.txt
subblockchild2.html
subblockchild2.txt
subblocksuper.html
subsub.html
subsub.txt
subsubchild1.html
subsubchild1.txt
subsubchild2.html
subsubchild2.txt
subsubchild3.html
subsubchild3.txt
subsubmiddle.html
subsubsuper.html
super.html
template.html
template.mustache
templates_filepath
templates.jar
toomany.html
tweetbox.html
uninterestingpartial.html]
> but was:<[com]
>
	at org.junit.Assert.assertEquals(Assert.java:115)
	at org.junit.Assert.assertEquals(Assert.java:144)
	at com.github.mustachejava.ExtensionTest.testSubBlockCaching_literalMutationString13(ExtensionTest.java:476)
	at sun.reflect.NativeMethodAccessorImpl.invoke0(Native Method)
	at sun.reflect.NativeMethodAccessorImpl.invoke(NativeMethodAccessorImpl.java:62)
	at sun.reflect.DelegatingMethodAccessorImpl.invoke(DelegatingMethodAccessorImpl.java:43)
	at java.lang.reflect.Method.invoke(Method.java:498)
	at org.junit.runners.model.FrameworkMethod$1.runReflectiveCall(FrameworkMethod.java:47)
	at org.junit.internal.runners.model.ReflectiveCallable.run(ReflectiveCallable.java:12)
	at org.junit.runners.model.FrameworkMethod.invokeExplosively(FrameworkMethod.java:44)
	at org.junit.internal.runners.statements.InvokeMethod.evaluate(InvokeMethod.java:17)
	at org.junit.internal.runners.statements.FailOnTimeout$StatementThread.run(FailOnTimeout.java:74)
