2 amplified test fails on the new versions.
testParser_literalMutationString3_failAssert0(com.github.mustachejava.inverter.InverterTest): Illegal character in path at index 4: This is a good day
testParser_literalMutationString2_failAssert0(com.github.mustachejava.inverter.InverterTest): Illegal character in path at index 0:  -rL8zgtm0^X|n0java.lang.IllegalArgumentException: Illegal character in path at index 4: This is a good day
	at java.net.URI.create(URI.java:852)
	at com.github.mustachejava.resolver.ClasspathResolver.getReader(ClasspathResolver.java:37)
	at com.github.mustachejava.resolver.DefaultResolver.getReader(DefaultResolver.java:44)
	at com.github.mustachejava.DefaultMustacheFactory.getReader(DefaultMustacheFactory.java:115)
	at com.github.mustachejava.MustacheParser.compile(MustacheParser.java:26)
	at java.util.concurrent.ConcurrentHashMap.computeIfAbsent(ConcurrentHashMap.java:1660)
	at com.github.mustachejava.DefaultMustacheFactory.compile(DefaultMustacheFactory.java:176)
	at com.github.mustachejava.inverter.InverterTest.testParser_literalMutationString3_failAssert0(InverterTest.java:388)
	at sun.reflect.NativeMethodAccessorImpl.invoke0(Native Method)
	at sun.reflect.NativeMethodAccessorImpl.invoke(NativeMethodAccessorImpl.java:62)
	at sun.reflect.DelegatingMethodAccessorImpl.invoke(DelegatingMethodAccessorImpl.java:43)
	at java.lang.reflect.Method.invoke(Method.java:498)
	at org.junit.runners.model.FrameworkMethod$1.runReflectiveCall(FrameworkMethod.java:47)
	at org.junit.internal.runners.model.ReflectiveCallable.run(ReflectiveCallable.java:12)
	at org.junit.runners.model.FrameworkMethod.invokeExplosively(FrameworkMethod.java:44)
	at org.junit.internal.runners.statements.InvokeMethod.evaluate(InvokeMethod.java:17)
	at org.junit.internal.runners.statements.FailOnTimeout$StatementThread.run(FailOnTimeout.java:74)
Caused by: java.net.URISyntaxException: Illegal character in path at index 4: This is a good day
	at java.net.URI$Parser.fail(URI.java:2848)
	at java.net.URI$Parser.checkChars(URI.java:3021)
	at java.net.URI$Parser.parseHierarchical(URI.java:3105)
	at java.net.URI$Parser.parse(URI.java:3063)
	at java.net.URI.<init>(URI.java:588)
	at java.net.URI.create(URI.java:850)
	... 16 more
java.lang.IllegalArgumentException: Illegal character in path at index 0:  -rL8zgtm0^X|n0
	at java.net.URI.create(URI.java:852)
	at com.github.mustachejava.resolver.ClasspathResolver.getReader(ClasspathResolver.java:37)
	at com.github.mustachejava.resolver.DefaultResolver.getReader(DefaultResolver.java:44)
	at com.github.mustachejava.DefaultMustacheFactory.getReader(DefaultMustacheFactory.java:115)
	at com.github.mustachejava.MustacheParser.compile(MustacheParser.java:26)
	at java.util.concurrent.ConcurrentHashMap.computeIfAbsent(ConcurrentHashMap.java:1660)
	at com.github.mustachejava.DefaultMustacheFactory.compile(DefaultMustacheFactory.java:176)
	at com.github.mustachejava.inverter.InverterTest.testParser_literalMutationString2_failAssert0(InverterTest.java:268)
	at sun.reflect.NativeMethodAccessorImpl.invoke0(Native Method)
	at sun.reflect.NativeMethodAccessorImpl.invoke(NativeMethodAccessorImpl.java:62)
	at sun.reflect.DelegatingMethodAccessorImpl.invoke(DelegatingMethodAccessorImpl.java:43)
	at java.lang.reflect.Method.invoke(Method.java:498)
	at org.junit.runners.model.FrameworkMethod$1.runReflectiveCall(FrameworkMethod.java:47)
	at org.junit.internal.runners.model.ReflectiveCallable.run(ReflectiveCallable.java:12)
	at org.junit.runners.model.FrameworkMethod.invokeExplosively(FrameworkMethod.java:44)
	at org.junit.internal.runners.statements.InvokeMethod.evaluate(InvokeMethod.java:17)
	at org.junit.internal.runners.statements.FailOnTimeout$StatementThread.run(FailOnTimeout.java:74)
Caused by: java.net.URISyntaxException: Illegal character in path at index 0:  -rL8zgtm0^X|n0
	at java.net.URI$Parser.fail(URI.java:2848)
	at java.net.URI$Parser.checkChars(URI.java:3021)
	at java.net.URI$Parser.parseHierarchical(URI.java:3105)
	at java.net.URI$Parser.parse(URI.java:3063)
	at java.net.URI.<init>(URI.java:588)
	at java.net.URI.create(URI.java:850)
	... 16 more

2 amplified test fails on the new versions.
testParser_literalMutationString3_failAssert0(com.github.mustachejava.inverter.InverterTest): Illegal character in path at index 4: This is a good day
testParser_literalMutationString2_failAssert0(com.github.mustachejava.inverter.InverterTest): Illegal character in path at index 0:  -rL8zgtm0^X|n0java.lang.IllegalArgumentException: Illegal character in path at index 4: This is a good day
	at java.net.URI.create(URI.java:852)
	at com.github.mustachejava.resolver.ClasspathResolver.getReader(ClasspathResolver.java:37)
	at com.github.mustachejava.resolver.DefaultResolver.getReader(DefaultResolver.java:44)
	at com.github.mustachejava.DefaultMustacheFactory.getReader(DefaultMustacheFactory.java:115)
	at com.github.mustachejava.MustacheParser.compile(MustacheParser.java:26)
	at java.util.concurrent.ConcurrentHashMap.computeIfAbsent(ConcurrentHashMap.java:1660)
	at com.github.mustachejava.DefaultMustacheFactory.compile(DefaultMustacheFactory.java:176)
	at com.github.mustachejava.inverter.InverterTest.testParser_literalMutationString3_failAssert0(InverterTest.java:388)
	at sun.reflect.NativeMethodAccessorImpl.invoke0(Native Method)
	at sun.reflect.NativeMethodAccessorImpl.invoke(NativeMethodAccessorImpl.java:62)
	at sun.reflect.DelegatingMethodAccessorImpl.invoke(DelegatingMethodAccessorImpl.java:43)
	at java.lang.reflect.Method.invoke(Method.java:498)
	at org.junit.runners.model.FrameworkMethod$1.runReflectiveCall(FrameworkMethod.java:47)
	at org.junit.internal.runners.model.ReflectiveCallable.run(ReflectiveCallable.java:12)
	at org.junit.runners.model.FrameworkMethod.invokeExplosively(FrameworkMethod.java:44)
	at org.junit.internal.runners.statements.InvokeMethod.evaluate(InvokeMethod.java:17)
	at org.junit.internal.runners.statements.FailOnTimeout$StatementThread.run(FailOnTimeout.java:74)
Caused by: java.net.URISyntaxException: Illegal character in path at index 4: This is a good day
	at java.net.URI$Parser.fail(URI.java:2848)
	at java.net.URI$Parser.checkChars(URI.java:3021)
	at java.net.URI$Parser.parseHierarchical(URI.java:3105)
	at java.net.URI$Parser.parse(URI.java:3063)
	at java.net.URI.<init>(URI.java:588)
	at java.net.URI.create(URI.java:850)
	... 16 more
java.lang.IllegalArgumentException: Illegal character in path at index 0:  -rL8zgtm0^X|n0
	at java.net.URI.create(URI.java:852)
	at com.github.mustachejava.resolver.ClasspathResolver.getReader(ClasspathResolver.java:37)
	at com.github.mustachejava.resolver.DefaultResolver.getReader(DefaultResolver.java:44)
	at com.github.mustachejava.DefaultMustacheFactory.getReader(DefaultMustacheFactory.java:115)
	at com.github.mustachejava.MustacheParser.compile(MustacheParser.java:26)
	at java.util.concurrent.ConcurrentHashMap.computeIfAbsent(ConcurrentHashMap.java:1660)
	at com.github.mustachejava.DefaultMustacheFactory.compile(DefaultMustacheFactory.java:176)
	at com.github.mustachejava.inverter.InverterTest.testParser_literalMutationString2_failAssert0(InverterTest.java:268)
	at sun.reflect.NativeMethodAccessorImpl.invoke0(Native Method)
	at sun.reflect.NativeMethodAccessorImpl.invoke(NativeMethodAccessorImpl.java:62)
	at sun.reflect.DelegatingMethodAccessorImpl.invoke(DelegatingMethodAccessorImpl.java:43)
	at java.lang.reflect.Method.invoke(Method.java:498)
	at org.junit.runners.model.FrameworkMethod$1.runReflectiveCall(FrameworkMethod.java:47)
	at org.junit.internal.runners.model.ReflectiveCallable.run(ReflectiveCallable.java:12)
	at org.junit.runners.model.FrameworkMethod.invokeExplosively(FrameworkMethod.java:44)
	at org.junit.internal.runners.statements.InvokeMethod.evaluate(InvokeMethod.java:17)
	at org.junit.internal.runners.statements.FailOnTimeout$StatementThread.run(FailOnTimeout.java:74)
Caused by: java.net.URISyntaxException: Illegal character in path at index 0:  -rL8zgtm0^X|n0
	at java.net.URI$Parser.fail(URI.java:2848)
	at java.net.URI$Parser.checkChars(URI.java:3021)
	at java.net.URI$Parser.parseHierarchical(URI.java:3105)
	at java.net.URI$Parser.parse(URI.java:3063)
	at java.net.URI.<init>(URI.java:588)
	at java.net.URI.create(URI.java:850)
	... 16 more

1 amplified test fails on the new versions.
testPretranslate_literalMutationString17_failAssert0(com.github.mustachejava.PreTranslateTest): Illegal character in path at index 3: Of5<n=)d]z`$CP]u-java.lang.IllegalArgumentException: Illegal character in path at index 3: Of5<n=)d]z`$CP]u-
	at java.net.URI.create(URI.java:852)
	at com.github.mustachejava.resolver.ClasspathResolver.getReader(ClasspathResolver.java:37)
	at com.github.mustachejava.resolver.DefaultResolver.getReader(DefaultResolver.java:44)
	at com.github.mustachejava.DefaultMustacheFactory.getReader(DefaultMustacheFactory.java:115)
	at com.github.mustachejava.MustacheParser.compile(MustacheParser.java:26)
	at com.github.mustachejava.PreTranslateTest$31.lambda$0(PreTranslateTest.java:484)
	at java.util.concurrent.ConcurrentHashMap.computeIfAbsent(ConcurrentHashMap.java:1660)
	at com.github.mustachejava.DefaultMustacheFactory.compile(DefaultMustacheFactory.java:176)
	at com.github.mustachejava.PreTranslateTest.testPretranslate_literalMutationString17_failAssert0(PreTranslateTest.java:490)
	at sun.reflect.NativeMethodAccessorImpl.invoke0(Native Method)
	at sun.reflect.NativeMethodAccessorImpl.invoke(NativeMethodAccessorImpl.java:62)
	at sun.reflect.DelegatingMethodAccessorImpl.invoke(DelegatingMethodAccessorImpl.java:43)
	at java.lang.reflect.Method.invoke(Method.java:498)
	at org.junit.runners.model.FrameworkMethod$1.runReflectiveCall(FrameworkMethod.java:47)
	at org.junit.internal.runners.model.ReflectiveCallable.run(ReflectiveCallable.java:12)
	at org.junit.runners.model.FrameworkMethod.invokeExplosively(FrameworkMethod.java:44)
	at org.junit.internal.runners.statements.InvokeMethod.evaluate(InvokeMethod.java:17)
	at org.junit.internal.runners.statements.FailOnTimeout$StatementThread.run(FailOnTimeout.java:74)
Caused by: java.net.URISyntaxException: Illegal character in path at index 3: Of5<n=)d]z`$CP]u-
	at java.net.URI$Parser.fail(URI.java:2848)
	at java.net.URI$Parser.checkChars(URI.java:3021)
	at java.net.URI$Parser.parseHierarchical(URI.java:3105)
	at java.net.URI$Parser.parse(URI.java:3063)
	at java.net.URI.<init>(URI.java:588)
	at java.net.URI.create(URI.java:850)
	... 17 more

6 amplified test fails on the new versions.
testPostNullLabels_literalMutationString6_failAssert0(com.github.mustachejava.functions.BundleFunctionsTest): Malformed escape pair at index 6: 2jM=Dc%.UfHA
testPreLabels_literalMutationString112_failAssert0(com.github.mustachejava.functions.BundleFunctionsTest): Illegal character in path at index 1: b]undles.html
testPreLabels_literalMutationString115_failAssert0(com.github.mustachejava.functions.BundleFunctionsTest): Illegal character in path at index 8: bundles.}tml
testPostNullLabels_literalMutationString2_failAssert0(com.github.mustachejava.functions.BundleFunctionsTest): Illegal character in path at index 9: bundles.h{tml
testPostLabels_literalMutationString285_failAssert0(com.github.mustachejava.functions.BundleFunctionsTest): Illegal character in path at index 4: FOPC|Gt}gsQ8
testPreNullLabels_literalMutationString463_failAssert0(com.github.mustachejava.functions.BundleFunctionsTest): Illegal character in fragment at index 2: !#{Qj/aB)|5Fjava.lang.IllegalArgumentException: Malformed escape pair at index 6: 2jM=Dc%.UfHA
	at java.net.URI.create(URI.java:852)
	at com.github.mustachejava.resolver.ClasspathResolver.getReader(ClasspathResolver.java:37)
	at com.github.mustachejava.resolver.DefaultResolver.getReader(DefaultResolver.java:44)
	at com.github.mustachejava.DefaultMustacheFactory.getReader(DefaultMustacheFactory.java:115)
	at com.github.mustachejava.MustacheParser.compile(MustacheParser.java:26)
	at java.util.concurrent.ConcurrentHashMap.computeIfAbsent(ConcurrentHashMap.java:1660)
	at com.github.mustachejava.DefaultMustacheFactory.compile(DefaultMustacheFactory.java:176)
	at com.github.mustachejava.functions.BundleFunctionsTest.testPostNullLabels_literalMutationString6_failAssert0(BundleFunctionsTest.java:484)
	at sun.reflect.NativeMethodAccessorImpl.invoke0(Native Method)
	at sun.reflect.NativeMethodAccessorImpl.invoke(NativeMethodAccessorImpl.java:62)
	at sun.reflect.DelegatingMethodAccessorImpl.invoke(DelegatingMethodAccessorImpl.java:43)
	at java.lang.reflect.Method.invoke(Method.java:498)
	at org.junit.runners.model.FrameworkMethod$1.runReflectiveCall(FrameworkMethod.java:47)
	at org.junit.internal.runners.model.ReflectiveCallable.run(ReflectiveCallable.java:12)
	at org.junit.runners.model.FrameworkMethod.invokeExplosively(FrameworkMethod.java:44)
	at org.junit.internal.runners.statements.InvokeMethod.evaluate(InvokeMethod.java:17)
	at org.junit.internal.runners.statements.FailOnTimeout$StatementThread.run(FailOnTimeout.java:74)
Caused by: java.net.URISyntaxException: Malformed escape pair at index 6: 2jM=Dc%.UfHA
	at java.net.URI$Parser.fail(URI.java:2848)
	at java.net.URI$Parser.scanEscape(URI.java:2978)
	at java.net.URI$Parser.scan(URI.java:3001)
	at java.net.URI$Parser.checkChars(URI.java:3019)
	at java.net.URI$Parser.parseHierarchical(URI.java:3105)
	at java.net.URI$Parser.parse(URI.java:3063)
	at java.net.URI.<init>(URI.java:588)
	at java.net.URI.create(URI.java:850)
	... 16 more
java.lang.IllegalArgumentException: Illegal character in path at index 1: b]undles.html
	at java.net.URI.create(URI.java:852)
	at com.github.mustachejava.resolver.ClasspathResolver.getReader(ClasspathResolver.java:37)
	at com.github.mustachejava.resolver.DefaultResolver.getReader(DefaultResolver.java:44)
	at com.github.mustachejava.DefaultMustacheFactory.getReader(DefaultMustacheFactory.java:115)
	at com.github.mustachejava.MustacheParser.compile(MustacheParser.java:26)
	at java.util.concurrent.ConcurrentHashMap.computeIfAbsent(ConcurrentHashMap.java:1660)
	at com.github.mustachejava.DefaultMustacheFactory.compile(DefaultMustacheFactory.java:176)
	at com.github.mustachejava.functions.BundleFunctionsTest.testPreLabels_literalMutationString112_failAssert0(BundleFunctionsTest.java:945)
	at sun.reflect.NativeMethodAccessorImpl.invoke0(Native Method)
	at sun.reflect.NativeMethodAccessorImpl.invoke(NativeMethodAccessorImpl.java:62)
	at sun.reflect.DelegatingMethodAccessorImpl.invoke(DelegatingMethodAccessorImpl.java:43)
	at java.lang.reflect.Method.invoke(Method.java:498)
	at org.junit.runners.model.FrameworkMethod$1.runReflectiveCall(FrameworkMethod.java:47)
	at org.junit.internal.runners.model.ReflectiveCallable.run(ReflectiveCallable.java:12)
	at org.junit.runners.model.FrameworkMethod.invokeExplosively(FrameworkMethod.java:44)
	at org.junit.internal.runners.statements.InvokeMethod.evaluate(InvokeMethod.java:17)
	at org.junit.internal.runners.statements.FailOnTimeout$StatementThread.run(FailOnTimeout.java:74)
Caused by: java.net.URISyntaxException: Illegal character in path at index 1: b]undles.html
	at java.net.URI$Parser.fail(URI.java:2848)
	at java.net.URI$Parser.checkChars(URI.java:3021)
	at java.net.URI$Parser.parseHierarchical(URI.java:3105)
	at java.net.URI$Parser.parse(URI.java:3063)
	at java.net.URI.<init>(URI.java:588)
	at java.net.URI.create(URI.java:850)
	... 16 more
java.lang.IllegalArgumentException: Illegal character in path at index 8: bundles.}tml
	at java.net.URI.create(URI.java:852)
	at com.github.mustachejava.resolver.ClasspathResolver.getReader(ClasspathResolver.java:37)
	at com.github.mustachejava.resolver.DefaultResolver.getReader(DefaultResolver.java:44)
	at com.github.mustachejava.DefaultMustacheFactory.getReader(DefaultMustacheFactory.java:115)
	at com.github.mustachejava.MustacheParser.compile(MustacheParser.java:26)
	at java.util.concurrent.ConcurrentHashMap.computeIfAbsent(ConcurrentHashMap.java:1660)
	at com.github.mustachejava.DefaultMustacheFactory.compile(DefaultMustacheFactory.java:176)
	at com.github.mustachejava.functions.BundleFunctionsTest.testPreLabels_literalMutationString115_failAssert0(BundleFunctionsTest.java:909)
	at sun.reflect.NativeMethodAccessorImpl.invoke0(Native Method)
	at sun.reflect.NativeMethodAccessorImpl.invoke(NativeMethodAccessorImpl.java:62)
	at sun.reflect.DelegatingMethodAccessorImpl.invoke(DelegatingMethodAccessorImpl.java:43)
	at java.lang.reflect.Method.invoke(Method.java:498)
	at org.junit.runners.model.FrameworkMethod$1.runReflectiveCall(FrameworkMethod.java:47)
	at org.junit.internal.runners.model.ReflectiveCallable.run(ReflectiveCallable.java:12)
	at org.junit.runners.model.FrameworkMethod.invokeExplosively(FrameworkMethod.java:44)
	at org.junit.internal.runners.statements.InvokeMethod.evaluate(InvokeMethod.java:17)
	at org.junit.internal.runners.statements.FailOnTimeout$StatementThread.run(FailOnTimeout.java:74)
Caused by: java.net.URISyntaxException: Illegal character in path at index 8: bundles.}tml
	at java.net.URI$Parser.fail(URI.java:2848)
	at java.net.URI$Parser.checkChars(URI.java:3021)
	at java.net.URI$Parser.parseHierarchical(URI.java:3105)
	at java.net.URI$Parser.parse(URI.java:3063)
	at java.net.URI.<init>(URI.java:588)
	at java.net.URI.create(URI.java:850)
	... 16 more
java.lang.IllegalArgumentException: Illegal character in path at index 9: bundles.h{tml
	at java.net.URI.create(URI.java:852)
	at com.github.mustachejava.resolver.ClasspathResolver.getReader(ClasspathResolver.java:37)
	at com.github.mustachejava.resolver.DefaultResolver.getReader(DefaultResolver.java:44)
	at com.github.mustachejava.DefaultMustacheFactory.getReader(DefaultMustacheFactory.java:115)
	at com.github.mustachejava.MustacheParser.compile(MustacheParser.java:26)
	at java.util.concurrent.ConcurrentHashMap.computeIfAbsent(ConcurrentHashMap.java:1660)
	at com.github.mustachejava.DefaultMustacheFactory.compile(DefaultMustacheFactory.java:176)
	at com.github.mustachejava.functions.BundleFunctionsTest.testPostNullLabels_literalMutationString2_failAssert0(BundleFunctionsTest.java:450)
	at sun.reflect.NativeMethodAccessorImpl.invoke0(Native Method)
	at sun.reflect.NativeMethodAccessorImpl.invoke(NativeMethodAccessorImpl.java:62)
	at sun.reflect.DelegatingMethodAccessorImpl.invoke(DelegatingMethodAccessorImpl.java:43)
	at java.lang.reflect.Method.invoke(Method.java:498)
	at org.junit.runners.model.FrameworkMethod$1.runReflectiveCall(FrameworkMethod.java:47)
	at org.junit.internal.runners.model.ReflectiveCallable.run(ReflectiveCallable.java:12)
	at org.junit.runners.model.FrameworkMethod.invokeExplosively(FrameworkMethod.java:44)
	at org.junit.internal.runners.statements.InvokeMethod.evaluate(InvokeMethod.java:17)
	at org.junit.internal.runners.statements.FailOnTimeout$StatementThread.run(FailOnTimeout.java:74)
Caused by: java.net.URISyntaxException: Illegal character in path at index 9: bundles.h{tml
	at java.net.URI$Parser.fail(URI.java:2848)
	at java.net.URI$Parser.checkChars(URI.java:3021)
	at java.net.URI$Parser.parseHierarchical(URI.java:3105)
	at java.net.URI$Parser.parse(URI.java:3063)
	at java.net.URI.<init>(URI.java:588)
	at java.net.URI.create(URI.java:850)
	... 16 more
java.lang.IllegalArgumentException: Illegal character in path at index 4: FOPC|Gt}gsQ8
	at java.net.URI.create(URI.java:852)
	at com.github.mustachejava.resolver.ClasspathResolver.getReader(ClasspathResolver.java:37)
	at com.github.mustachejava.resolver.DefaultResolver.getReader(DefaultResolver.java:44)
	at com.github.mustachejava.DefaultMustacheFactory.getReader(DefaultMustacheFactory.java:115)
	at com.github.mustachejava.MustacheParser.compile(MustacheParser.java:26)
	at java.util.concurrent.ConcurrentHashMap.computeIfAbsent(ConcurrentHashMap.java:1660)
	at com.github.mustachejava.DefaultMustacheFactory.compile(DefaultMustacheFactory.java:176)
	at com.github.mustachejava.functions.BundleFunctionsTest.testPostLabels_literalMutationString285_failAssert0(BundleFunctionsTest.java:867)
	at sun.reflect.NativeMethodAccessorImpl.invoke0(Native Method)
	at sun.reflect.NativeMethodAccessorImpl.invoke(NativeMethodAccessorImpl.java:62)
	at sun.reflect.DelegatingMethodAccessorImpl.invoke(DelegatingMethodAccessorImpl.java:43)
	at java.lang.reflect.Method.invoke(Method.java:498)
	at org.junit.runners.model.FrameworkMethod$1.runReflectiveCall(FrameworkMethod.java:47)
	at org.junit.internal.runners.model.ReflectiveCallable.run(ReflectiveCallable.java:12)
	at org.junit.runners.model.FrameworkMethod.invokeExplosively(FrameworkMethod.java:44)
	at org.junit.internal.runners.statements.InvokeMethod.evaluate(InvokeMethod.java:17)
	at org.junit.internal.runners.statements.FailOnTimeout$StatementThread.run(FailOnTimeout.java:74)
Caused by: java.net.URISyntaxException: Illegal character in path at index 4: FOPC|Gt}gsQ8
	at java.net.URI$Parser.fail(URI.java:2848)
	at java.net.URI$Parser.checkChars(URI.java:3021)
	at java.net.URI$Parser.parseHierarchical(URI.java:3105)
	at java.net.URI$Parser.parse(URI.java:3063)
	at java.net.URI.<init>(URI.java:588)
	at java.net.URI.create(URI.java:850)
	... 16 more
java.lang.IllegalArgumentException: Illegal character in fragment at index 2: !#{Qj/aB)|5F
	at java.net.URI.create(URI.java:852)
	at com.github.mustachejava.resolver.ClasspathResolver.getReader(ClasspathResolver.java:37)
	at com.github.mustachejava.resolver.DefaultResolver.getReader(DefaultResolver.java:44)
	at com.github.mustachejava.DefaultMustacheFactory.getReader(DefaultMustacheFactory.java:115)
	at com.github.mustachejava.MustacheParser.compile(MustacheParser.java:26)
	at java.util.concurrent.ConcurrentHashMap.computeIfAbsent(ConcurrentHashMap.java:1660)
	at com.github.mustachejava.DefaultMustacheFactory.compile(DefaultMustacheFactory.java:176)
	at com.github.mustachejava.functions.BundleFunctionsTest.testPreNullLabels_literalMutationString463_failAssert0(BundleFunctionsTest.java:999)
	at sun.reflect.NativeMethodAccessorImpl.invoke0(Native Method)
	at sun.reflect.NativeMethodAccessorImpl.invoke(NativeMethodAccessorImpl.java:62)
	at sun.reflect.DelegatingMethodAccessorImpl.invoke(DelegatingMethodAccessorImpl.java:43)
	at java.lang.reflect.Method.invoke(Method.java:498)
	at org.junit.runners.model.FrameworkMethod$1.runReflectiveCall(FrameworkMethod.java:47)
	at org.junit.internal.runners.model.ReflectiveCallable.run(ReflectiveCallable.java:12)
	at org.junit.runners.model.FrameworkMethod.invokeExplosively(FrameworkMethod.java:44)
	at org.junit.internal.runners.statements.InvokeMethod.evaluate(InvokeMethod.java:17)
	at org.junit.internal.runners.statements.FailOnTimeout$StatementThread.run(FailOnTimeout.java:74)
Caused by: java.net.URISyntaxException: Illegal character in fragment at index 2: !#{Qj/aB)|5F
	at java.net.URI$Parser.fail(URI.java:2848)
	at java.net.URI$Parser.checkChars(URI.java:3021)
	at java.net.URI$Parser.parse(URI.java:3067)
	at java.net.URI.<init>(URI.java:588)
	at java.net.URI.create(URI.java:850)
	... 16 more

11 amplified test fails on the new versions.
testToJson3_literalMutationString2_failAssert0(com.github.mustachejava.inverter.InvertToJsonTest): Illegal character in path at index 4: This is a good day
testToJson5_literalMutationString441_failAssert0(com.github.mustachejava.inverter.InvertToJsonTest): Illegal character in scheme name at index 2: eX{O4WnL:97S|T|e
testToJson4_literalMutationString98_failAssert0(com.github.mustachejava.inverter.InvertToJsonTest): Illegal character in path at index 12: zCvM&sZiY$CU`Z,+
testToJson_literalMutationString255_failAssert0(com.github.mustachejava.inverter.InvertToJsonTest): Illegal character in path at index 4: This is a good day
testToJson2_literalMutationString349_failAssert0(com.github.mustachejava.inverter.InvertToJsonTest): Illegal character in path at index 4: This is a good day
testToJson2_literalMutationString351_failAssert0(com.github.mustachejava.inverter.InvertToJsonTest): Illegal character in path at index 4: OJL@>@;Tqw5=^pM?
testToJson5_literalMutationString440_failAssert0(com.github.mustachejava.inverter.InvertToJsonTest): Illegal character in path at index 4: This is a good day
testToJson3_literalMutationString6_failAssert0(com.github.mustachejava.inverter.InvertToJsonTest): Expected scheme name at index 0: :v#.N}?kjcGK_!:z?
testToJson4_literalMutationString96_failAssert0(com.github.mustachejava.inverter.InvertToJsonTest): Illegal character in path at index 4: This is a good day
testToJson_literalMutationString257_failAssert0(com.github.mustachejava.inverter.InvertToJsonTest): Malformed escape pair at index 1: &%]T?bA@a*Mmw]]
testToJson4_literalMutationString99_failAssert0(com.github.mustachejava.inverter.InvertToJsonTest): Illegal character in path at index 13: fdbcli2.musta^hejava.lang.IllegalArgumentException: Illegal character in path at index 4: This is a good day
	at java.net.URI.create(URI.java:852)
	at com.github.mustachejava.resolver.ClasspathResolver.getReader(ClasspathResolver.java:37)
	at com.github.mustachejava.resolver.DefaultResolver.getReader(DefaultResolver.java:44)
	at com.github.mustachejava.DefaultMustacheFactory.getReader(DefaultMustacheFactory.java:115)
	at com.github.mustachejava.MustacheParser.compile(MustacheParser.java:26)
	at java.util.concurrent.ConcurrentHashMap.computeIfAbsent(ConcurrentHashMap.java:1660)
	at com.github.mustachejava.DefaultMustacheFactory.compile(DefaultMustacheFactory.java:176)
	at com.github.mustachejava.inverter.InvertToJsonTest.testToJson3_literalMutationString2_failAssert0(InvertToJsonTest.java:376)
	at sun.reflect.NativeMethodAccessorImpl.invoke0(Native Method)
	at sun.reflect.NativeMethodAccessorImpl.invoke(NativeMethodAccessorImpl.java:62)
	at sun.reflect.DelegatingMethodAccessorImpl.invoke(DelegatingMethodAccessorImpl.java:43)
	at java.lang.reflect.Method.invoke(Method.java:498)
	at org.junit.runners.model.FrameworkMethod$1.runReflectiveCall(FrameworkMethod.java:47)
	at org.junit.internal.runners.model.ReflectiveCallable.run(ReflectiveCallable.java:12)
	at org.junit.runners.model.FrameworkMethod.invokeExplosively(FrameworkMethod.java:44)
	at org.junit.internal.runners.statements.InvokeMethod.evaluate(InvokeMethod.java:17)
	at org.junit.internal.runners.statements.FailOnTimeout$StatementThread.run(FailOnTimeout.java:74)
Caused by: java.net.URISyntaxException: Illegal character in path at index 4: This is a good day
	at java.net.URI$Parser.fail(URI.java:2848)
	at java.net.URI$Parser.checkChars(URI.java:3021)
	at java.net.URI$Parser.parseHierarchical(URI.java:3105)
	at java.net.URI$Parser.parse(URI.java:3063)
	at java.net.URI.<init>(URI.java:588)
	at java.net.URI.create(URI.java:850)
	... 16 more
java.lang.IllegalArgumentException: Illegal character in scheme name at index 2: eX{O4WnL:97S|T|e
	at java.net.URI.create(URI.java:852)
	at com.github.mustachejava.resolver.ClasspathResolver.getReader(ClasspathResolver.java:37)
	at com.github.mustachejava.resolver.DefaultResolver.getReader(DefaultResolver.java:44)
	at com.github.mustachejava.DefaultMustacheFactory.getReader(DefaultMustacheFactory.java:115)
	at com.github.mustachejava.MustacheParser.compile(MustacheParser.java:26)
	at java.util.concurrent.ConcurrentHashMap.computeIfAbsent(ConcurrentHashMap.java:1660)
	at com.github.mustachejava.DefaultMustacheFactory.compile(DefaultMustacheFactory.java:176)
	at com.github.mustachejava.inverter.InvertToJsonTest.testToJson5_literalMutationString441_failAssert0(InvertToJsonTest.java:346)
	at sun.reflect.NativeMethodAccessorImpl.invoke0(Native Method)
	at sun.reflect.NativeMethodAccessorImpl.invoke(NativeMethodAccessorImpl.java:62)
	at sun.reflect.DelegatingMethodAccessorImpl.invoke(DelegatingMethodAccessorImpl.java:43)
	at java.lang.reflect.Method.invoke(Method.java:498)
	at org.junit.runners.model.FrameworkMethod$1.runReflectiveCall(FrameworkMethod.java:47)
	at org.junit.internal.runners.model.ReflectiveCallable.run(ReflectiveCallable.java:12)
	at org.junit.runners.model.FrameworkMethod.invokeExplosively(FrameworkMethod.java:44)
	at org.junit.internal.runners.statements.InvokeMethod.evaluate(InvokeMethod.java:17)
	at org.junit.internal.runners.statements.FailOnTimeout$StatementThread.run(FailOnTimeout.java:74)
Caused by: java.net.URISyntaxException: Illegal character in scheme name at index 2: eX{O4WnL:97S|T|e
	at java.net.URI$Parser.fail(URI.java:2848)
	at java.net.URI$Parser.checkChars(URI.java:3021)
	at java.net.URI$Parser.parse(URI.java:3048)
	at java.net.URI.<init>(URI.java:588)
	at java.net.URI.create(URI.java:850)
	... 16 more
java.lang.IllegalArgumentException: Illegal character in path at index 12: zCvM&sZiY$CU`Z,+
	at java.net.URI.create(URI.java:852)
	at com.github.mustachejava.resolver.ClasspathResolver.getReader(ClasspathResolver.java:37)
	at com.github.mustachejava.resolver.DefaultResolver.getReader(DefaultResolver.java:44)
	at com.github.mustachejava.DefaultMustacheFactory.getReader(DefaultMustacheFactory.java:115)
	at com.github.mustachejava.MustacheParser.compile(MustacheParser.java:26)
	at java.util.concurrent.ConcurrentHashMap.computeIfAbsent(ConcurrentHashMap.java:1660)
	at com.github.mustachejava.DefaultMustacheFactory.compile(DefaultMustacheFactory.java:176)
	at com.github.mustachejava.inverter.InvertToJsonTest.testToJson4_literalMutationString98_failAssert0(InvertToJsonTest.java:640)
	at sun.reflect.NativeMethodAccessorImpl.invoke0(Native Method)
	at sun.reflect.NativeMethodAccessorImpl.invoke(NativeMethodAccessorImpl.java:62)
	at sun.reflect.DelegatingMethodAccessorImpl.invoke(DelegatingMethodAccessorImpl.java:43)
	at java.lang.reflect.Method.invoke(Method.java:498)
	at org.junit.runners.model.FrameworkMethod$1.runReflectiveCall(FrameworkMethod.java:47)
	at org.junit.internal.runners.model.ReflectiveCallable.run(ReflectiveCallable.java:12)
	at org.junit.runners.model.FrameworkMethod.invokeExplosively(FrameworkMethod.java:44)
	at org.junit.internal.runners.statements.InvokeMethod.evaluate(InvokeMethod.java:17)
	at org.junit.internal.runners.statements.FailOnTimeout$StatementThread.run(FailOnTimeout.java:74)
Caused by: java.net.URISyntaxException: Illegal character in path at index 12: zCvM&sZiY$CU`Z,+
	at java.net.URI$Parser.fail(URI.java:2848)
	at java.net.URI$Parser.checkChars(URI.java:3021)
	at java.net.URI$Parser.parseHierarchical(URI.java:3105)
	at java.net.URI$Parser.parse(URI.java:3063)
	at java.net.URI.<init>(URI.java:588)
	at java.net.URI.create(URI.java:850)
	... 16 more
java.lang.IllegalArgumentException: Illegal character in path at index 4: This is a good day
	at java.net.URI.create(URI.java:852)
	at com.github.mustachejava.resolver.ClasspathResolver.getReader(ClasspathResolver.java:37)
	at com.github.mustachejava.resolver.DefaultResolver.getReader(DefaultResolver.java:44)
	at com.github.mustachejava.DefaultMustacheFactory.getReader(DefaultMustacheFactory.java:115)
	at com.github.mustachejava.MustacheParser.compile(MustacheParser.java:26)
	at java.util.concurrent.ConcurrentHashMap.computeIfAbsent(ConcurrentHashMap.java:1660)
	at com.github.mustachejava.DefaultMustacheFactory.compile(DefaultMustacheFactory.java:176)
	at com.github.mustachejava.inverter.InvertToJsonTest.testToJson_literalMutationString255_failAssert0(InvertToJsonTest.java:285)
	at sun.reflect.NativeMethodAccessorImpl.invoke0(Native Method)
	at sun.reflect.NativeMethodAccessorImpl.invoke(NativeMethodAccessorImpl.java:62)
	at sun.reflect.DelegatingMethodAccessorImpl.invoke(DelegatingMethodAccessorImpl.java:43)
	at java.lang.reflect.Method.invoke(Method.java:498)
	at org.junit.runners.model.FrameworkMethod$1.runReflectiveCall(FrameworkMethod.java:47)
	at org.junit.internal.runners.model.ReflectiveCallable.run(ReflectiveCallable.java:12)
	at org.junit.runners.model.FrameworkMethod.invokeExplosively(FrameworkMethod.java:44)
	at org.junit.internal.runners.statements.InvokeMethod.evaluate(InvokeMethod.java:17)
	at org.junit.internal.runners.statements.FailOnTimeout$StatementThread.run(FailOnTimeout.java:74)
Caused by: java.net.URISyntaxException: Illegal character in path at index 4: This is a good day
	at java.net.URI$Parser.fail(URI.java:2848)
	at java.net.URI$Parser.checkChars(URI.java:3021)
	at java.net.URI$Parser.parseHierarchical(URI.java:3105)
	at java.net.URI$Parser.parse(URI.java:3063)
	at java.net.URI.<init>(URI.java:588)
	at java.net.URI.create(URI.java:850)
	... 16 more
java.lang.IllegalArgumentException: Illegal character in path at index 4: This is a good day
	at java.net.URI.create(URI.java:852)
	at com.github.mustachejava.resolver.ClasspathResolver.getReader(ClasspathResolver.java:37)
	at com.github.mustachejava.resolver.DefaultResolver.getReader(DefaultResolver.java:44)
	at com.github.mustachejava.DefaultMustacheFactory.getReader(DefaultMustacheFactory.java:115)
	at com.github.mustachejava.MustacheParser.compile(MustacheParser.java:26)
	at java.util.concurrent.ConcurrentHashMap.computeIfAbsent(ConcurrentHashMap.java:1660)
	at com.github.mustachejava.DefaultMustacheFactory.compile(DefaultMustacheFactory.java:176)
	at com.github.mustachejava.inverter.InvertToJsonTest.testToJson2_literalMutationString349_failAssert0(InvertToJsonTest.java:286)
	at sun.reflect.NativeMethodAccessorImpl.invoke0(Native Method)
	at sun.reflect.NativeMethodAccessorImpl.invoke(NativeMethodAccessorImpl.java:62)
	at sun.reflect.DelegatingMethodAccessorImpl.invoke(DelegatingMethodAccessorImpl.java:43)
	at java.lang.reflect.Method.invoke(Method.java:498)
	at org.junit.runners.model.FrameworkMethod$1.runReflectiveCall(FrameworkMethod.java:47)
	at org.junit.internal.runners.model.ReflectiveCallable.run(ReflectiveCallable.java:12)
	at org.junit.runners.model.FrameworkMethod.invokeExplosively(FrameworkMethod.java:44)
	at org.junit.internal.runners.statements.InvokeMethod.evaluate(InvokeMethod.java:17)
	at org.junit.internal.runners.statements.FailOnTimeout$StatementThread.run(FailOnTimeout.java:74)
Caused by: java.net.URISyntaxException: Illegal character in path at index 4: This is a good day
	at java.net.URI$Parser.fail(URI.java:2848)
	at java.net.URI$Parser.checkChars(URI.java:3021)
	at java.net.URI$Parser.parseHierarchical(URI.java:3105)
	at java.net.URI$Parser.parse(URI.java:3063)
	at java.net.URI.<init>(URI.java:588)
	at java.net.URI.create(URI.java:850)
	... 16 more
java.lang.IllegalArgumentException: Illegal character in path at index 4: OJL@>@;Tqw5=^pM?
	at java.net.URI.create(URI.java:852)
	at com.github.mustachejava.resolver.ClasspathResolver.getReader(ClasspathResolver.java:37)
	at com.github.mustachejava.resolver.DefaultResolver.getReader(DefaultResolver.java:44)
	at com.github.mustachejava.DefaultMustacheFactory.getReader(DefaultMustacheFactory.java:115)
	at com.github.mustachejava.MustacheParser.compile(MustacheParser.java:26)
	at java.util.concurrent.ConcurrentHashMap.computeIfAbsent(ConcurrentHashMap.java:1660)
	at com.github.mustachejava.DefaultMustacheFactory.compile(DefaultMustacheFactory.java:176)
	at com.github.mustachejava.inverter.InvertToJsonTest.testToJson2_literalMutationString351_failAssert0(InvertToJsonTest.java:331)
	at sun.reflect.NativeMethodAccessorImpl.invoke0(Native Method)
	at sun.reflect.NativeMethodAccessorImpl.invoke(NativeMethodAccessorImpl.java:62)
	at sun.reflect.DelegatingMethodAccessorImpl.invoke(DelegatingMethodAccessorImpl.java:43)
	at java.lang.reflect.Method.invoke(Method.java:498)
	at org.junit.runners.model.FrameworkMethod$1.runReflectiveCall(FrameworkMethod.java:47)
	at org.junit.internal.runners.model.ReflectiveCallable.run(ReflectiveCallable.java:12)
	at org.junit.runners.model.FrameworkMethod.invokeExplosively(FrameworkMethod.java:44)
	at org.junit.internal.runners.statements.InvokeMethod.evaluate(InvokeMethod.java:17)
	at org.junit.internal.runners.statements.FailOnTimeout$StatementThread.run(FailOnTimeout.java:74)
Caused by: java.net.URISyntaxException: Illegal character in path at index 4: OJL@>@;Tqw5=^pM?
	at java.net.URI$Parser.fail(URI.java:2848)
	at java.net.URI$Parser.checkChars(URI.java:3021)
	at java.net.URI$Parser.parseHierarchical(URI.java:3105)
	at java.net.URI$Parser.parse(URI.java:3063)
	at java.net.URI.<init>(URI.java:588)
	at java.net.URI.create(URI.java:850)
	... 16 more
java.lang.IllegalArgumentException: Illegal character in path at index 4: This is a good day
	at java.net.URI.create(URI.java:852)
	at com.github.mustachejava.resolver.ClasspathResolver.getReader(ClasspathResolver.java:37)
	at com.github.mustachejava.resolver.DefaultResolver.getReader(DefaultResolver.java:44)
	at com.github.mustachejava.DefaultMustacheFactory.getReader(DefaultMustacheFactory.java:115)
	at com.github.mustachejava.MustacheParser.compile(MustacheParser.java:26)
	at java.util.concurrent.ConcurrentHashMap.computeIfAbsent(ConcurrentHashMap.java:1660)
	at com.github.mustachejava.DefaultMustacheFactory.compile(DefaultMustacheFactory.java:176)
	at com.github.mustachejava.inverter.InvertToJsonTest.testToJson5_literalMutationString440_failAssert0(InvertToJsonTest.java:196)
	at sun.reflect.NativeMethodAccessorImpl.invoke0(Native Method)
	at sun.reflect.NativeMethodAccessorImpl.invoke(NativeMethodAccessorImpl.java:62)
	at sun.reflect.DelegatingMethodAccessorImpl.invoke(DelegatingMethodAccessorImpl.java:43)
	at java.lang.reflect.Method.invoke(Method.java:498)
	at org.junit.runners.model.FrameworkMethod$1.runReflectiveCall(FrameworkMethod.java:47)
	at org.junit.internal.runners.model.ReflectiveCallable.run(ReflectiveCallable.java:12)
	at org.junit.runners.model.FrameworkMethod.invokeExplosively(FrameworkMethod.java:44)
	at org.junit.internal.runners.statements.InvokeMethod.evaluate(InvokeMethod.java:17)
	at org.junit.internal.runners.statements.FailOnTimeout$StatementThread.run(FailOnTimeout.java:74)
Caused by: java.net.URISyntaxException: Illegal character in path at index 4: This is a good day
	at java.net.URI$Parser.fail(URI.java:2848)
	at java.net.URI$Parser.checkChars(URI.java:3021)
	at java.net.URI$Parser.parseHierarchical(URI.java:3105)
	at java.net.URI$Parser.parse(URI.java:3063)
	at java.net.URI.<init>(URI.java:588)
	at java.net.URI.create(URI.java:850)
	... 16 more
java.lang.IllegalArgumentException: Expected scheme name at index 0: :v#.N}?kjcGK_!:z?
	at java.net.URI.create(URI.java:852)
	at com.github.mustachejava.resolver.ClasspathResolver.getReader(ClasspathResolver.java:37)
	at com.github.mustachejava.resolver.DefaultResolver.getReader(DefaultResolver.java:44)
	at com.github.mustachejava.DefaultMustacheFactory.getReader(DefaultMustacheFactory.java:115)
	at com.github.mustachejava.MustacheParser.compile(MustacheParser.java:26)
	at java.util.concurrent.ConcurrentHashMap.computeIfAbsent(ConcurrentHashMap.java:1660)
	at com.github.mustachejava.DefaultMustacheFactory.compile(DefaultMustacheFactory.java:176)
	at com.github.mustachejava.inverter.InvertToJsonTest.testToJson3_literalMutationString6_failAssert0(InvertToJsonTest.java:166)
	at sun.reflect.NativeMethodAccessorImpl.invoke0(Native Method)
	at sun.reflect.NativeMethodAccessorImpl.invoke(NativeMethodAccessorImpl.java:62)
	at sun.reflect.DelegatingMethodAccessorImpl.invoke(DelegatingMethodAccessorImpl.java:43)
	at java.lang.reflect.Method.invoke(Method.java:498)
	at org.junit.runners.model.FrameworkMethod$1.runReflectiveCall(FrameworkMethod.java:47)
	at org.junit.internal.runners.model.ReflectiveCallable.run(ReflectiveCallable.java:12)
	at org.junit.runners.model.FrameworkMethod.invokeExplosively(FrameworkMethod.java:44)
	at org.junit.internal.runners.statements.InvokeMethod.evaluate(InvokeMethod.java:17)
	at org.junit.internal.runners.statements.FailOnTimeout$StatementThread.run(FailOnTimeout.java:74)
Caused by: java.net.URISyntaxException: Expected scheme name at index 0: :v#.N}?kjcGK_!:z?
	at java.net.URI$Parser.fail(URI.java:2848)
	at java.net.URI$Parser.failExpecting(URI.java:2854)
	at java.net.URI$Parser.parse(URI.java:3046)
	at java.net.URI.<init>(URI.java:588)
	at java.net.URI.create(URI.java:850)
	... 16 more
java.lang.IllegalArgumentException: Illegal character in path at index 4: This is a good day
	at java.net.URI.create(URI.java:852)
	at com.github.mustachejava.resolver.ClasspathResolver.getReader(ClasspathResolver.java:37)
	at com.github.mustachejava.resolver.DefaultResolver.getReader(DefaultResolver.java:44)
	at com.github.mustachejava.DefaultMustacheFactory.getReader(DefaultMustacheFactory.java:115)
	at com.github.mustachejava.MustacheParser.compile(MustacheParser.java:26)
	at java.util.concurrent.ConcurrentHashMap.computeIfAbsent(ConcurrentHashMap.java:1660)
	at com.github.mustachejava.DefaultMustacheFactory.compile(DefaultMustacheFactory.java:176)
	at com.github.mustachejava.inverter.InvertToJsonTest.testToJson4_literalMutationString96_failAssert0(InvertToJsonTest.java:496)
	at sun.reflect.NativeMethodAccessorImpl.invoke0(Native Method)
	at sun.reflect.NativeMethodAccessorImpl.invoke(NativeMethodAccessorImpl.java:62)
	at sun.reflect.DelegatingMethodAccessorImpl.invoke(DelegatingMethodAccessorImpl.java:43)
	at java.lang.reflect.Method.invoke(Method.java:498)
	at org.junit.runners.model.FrameworkMethod$1.runReflectiveCall(FrameworkMethod.java:47)
	at org.junit.internal.runners.model.ReflectiveCallable.run(ReflectiveCallable.java:12)
	at org.junit.runners.model.FrameworkMethod.invokeExplosively(FrameworkMethod.java:44)
	at org.junit.internal.runners.statements.InvokeMethod.evaluate(InvokeMethod.java:17)
	at org.junit.internal.runners.statements.FailOnTimeout$StatementThread.run(FailOnTimeout.java:74)
Caused by: java.net.URISyntaxException: Illegal character in path at index 4: This is a good day
	at java.net.URI$Parser.fail(URI.java:2848)
	at java.net.URI$Parser.checkChars(URI.java:3021)
	at java.net.URI$Parser.parseHierarchical(URI.java:3105)
	at java.net.URI$Parser.parse(URI.java:3063)
	at java.net.URI.<init>(URI.java:588)
	at java.net.URI.create(URI.java:850)
	... 16 more
java.lang.IllegalArgumentException: Malformed escape pair at index 1: &%]T?bA@a*Mmw]]
	at java.net.URI.create(URI.java:852)
	at com.github.mustachejava.resolver.ClasspathResolver.getReader(ClasspathResolver.java:37)
	at com.github.mustachejava.resolver.DefaultResolver.getReader(DefaultResolver.java:44)
	at com.github.mustachejava.DefaultMustacheFactory.getReader(DefaultMustacheFactory.java:115)
	at com.github.mustachejava.MustacheParser.compile(MustacheParser.java:26)
	at java.util.concurrent.ConcurrentHashMap.computeIfAbsent(ConcurrentHashMap.java:1660)
	at com.github.mustachejava.DefaultMustacheFactory.compile(DefaultMustacheFactory.java:176)
	at com.github.mustachejava.inverter.InvertToJsonTest.testToJson_literalMutationString257_failAssert0(InvertToJsonTest.java:256)
	at sun.reflect.NativeMethodAccessorImpl.invoke0(Native Method)
	at sun.reflect.NativeMethodAccessorImpl.invoke(NativeMethodAccessorImpl.java:62)
	at sun.reflect.DelegatingMethodAccessorImpl.invoke(DelegatingMethodAccessorImpl.java:43)
	at java.lang.reflect.Method.invoke(Method.java:498)
	at org.junit.runners.model.FrameworkMethod$1.runReflectiveCall(FrameworkMethod.java:47)
	at org.junit.internal.runners.model.ReflectiveCallable.run(ReflectiveCallable.java:12)
	at org.junit.runners.model.FrameworkMethod.invokeExplosively(FrameworkMethod.java:44)
	at org.junit.internal.runners.statements.InvokeMethod.evaluate(InvokeMethod.java:17)
	at org.junit.internal.runners.statements.FailOnTimeout$StatementThread.run(FailOnTimeout.java:74)
Caused by: java.net.URISyntaxException: Malformed escape pair at index 1: &%]T?bA@a*Mmw]]
	at java.net.URI$Parser.fail(URI.java:2848)
	at java.net.URI$Parser.scanEscape(URI.java:2978)
	at java.net.URI$Parser.scan(URI.java:3001)
	at java.net.URI$Parser.checkChars(URI.java:3019)
	at java.net.URI$Parser.parseHierarchical(URI.java:3105)
	at java.net.URI$Parser.parse(URI.java:3063)
	at java.net.URI.<init>(URI.java:588)
	at java.net.URI.create(URI.java:850)
	... 16 more
java.lang.IllegalArgumentException: Illegal character in path at index 13: fdbcli2.musta^he
	at java.net.URI.create(URI.java:852)
	at com.github.mustachejava.resolver.ClasspathResolver.getReader(ClasspathResolver.java:37)
	at com.github.mustachejava.resolver.DefaultResolver.getReader(DefaultResolver.java:44)
	at com.github.mustachejava.DefaultMustacheFactory.getReader(DefaultMustacheFactory.java:115)
	at com.github.mustachejava.MustacheParser.compile(MustacheParser.java:26)
	at java.util.concurrent.ConcurrentHashMap.computeIfAbsent(ConcurrentHashMap.java:1660)
	at com.github.mustachejava.DefaultMustacheFactory.compile(DefaultMustacheFactory.java:176)
	at com.github.mustachejava.inverter.InvertToJsonTest.testToJson4_literalMutationString99_failAssert0(InvertToJsonTest.java:514)
	at sun.reflect.NativeMethodAccessorImpl.invoke0(Native Method)
	at sun.reflect.NativeMethodAccessorImpl.invoke(NativeMethodAccessorImpl.java:62)
	at sun.reflect.DelegatingMethodAccessorImpl.invoke(DelegatingMethodAccessorImpl.java:43)
	at java.lang.reflect.Method.invoke(Method.java:498)
	at org.junit.runners.model.FrameworkMethod$1.runReflectiveCall(FrameworkMethod.java:47)
	at org.junit.internal.runners.model.ReflectiveCallable.run(ReflectiveCallable.java:12)
	at org.junit.runners.model.FrameworkMethod.invokeExplosively(FrameworkMethod.java:44)
	at org.junit.internal.runners.statements.InvokeMethod.evaluate(InvokeMethod.java:17)
	at org.junit.internal.runners.statements.FailOnTimeout$StatementThread.run(FailOnTimeout.java:74)
Caused by: java.net.URISyntaxException: Illegal character in path at index 13: fdbcli2.musta^he
	at java.net.URI$Parser.fail(URI.java:2848)
	at java.net.URI$Parser.checkChars(URI.java:3021)
	at java.net.URI$Parser.parseHierarchical(URI.java:3105)
	at java.net.URI$Parser.parse(URI.java:3063)
	at java.net.URI.<init>(URI.java:588)
	at java.net.URI.create(URI.java:850)
	... 16 more
