[INFO] Scanning for projects...
[INFO]                                                                         
[INFO] ------------------------------------------------------------------------
[INFO] Building jsoup Java HTML Parser 1.12.1-SNAPSHOT
[INFO] ------------------------------------------------------------------------
[INFO] 
[INFO] --- dspot-maven:2.0.1-SNAPSHOT:amplify-unit-tests (default-cli) @ jsoup ---
[INFO] Path to runner Classes: /home/bedanglot/.m2/repository/eu/stamp-project/test-runner/2.0.7/test-runner-2.0.7-jar-with-dependencies.jar
[INFO] /home/bedanglot/.m2/repository/org/jacoco/org.jacoco.core/0.7.9/org.jacoco.core-0.7.9.jar
[INFO] /home/bedanglot/.m2/repository/org/ow2/asm/asm-debug-all/5.2/asm-debug-all-5.2.jar
[INFO] /home/bedanglot/.m2/repository/eu/stamp-project/test-runner/2.0.7/test-runner-2.0.7-jar-with-dependencies.jar
[WARNING] : unknown automatic builder specified in configuration, going to default.
[INFO] Default: provided Maven automatic builder.
[INFO] Using /tmp/dspot-experiments/dataset/april-2019/jsoup_parent/pom.xml to run maven.
[INFO] Using /usr/share/maven/ for maven home
[INFO] run maven: /usr/share/maven//bin/mvn clean test -DskipTests dependency:build-classpath -Dmdep.outputFile=target/dspot/classpath
[WARN] Maven will be executed in interactive mode, but no input stream has been configured for this MavenInvoker instance.
[INFO] Scanning for projects...
[INFO]                                                                         
[INFO] ------------------------------------------------------------------------
[INFO] Building jsoup Java HTML Parser 1.12.1-SNAPSHOT
[INFO] ------------------------------------------------------------------------
[INFO] 
[INFO] --- maven-clean-plugin:2.5:clean (default-clean) @ jsoup ---
[INFO] Deleting /tmp/dspot-experiments/dataset/april-2019/jsoup_parent/target
[INFO] 
[INFO] --- maven-resources-plugin:3.0.1:resources (default-resources) @ jsoup ---
[INFO] Using 'UTF-8' encoding to copy filtered resources.
[INFO] Copying 0 resource
[INFO] Copying 3 resources to META-INF/
[INFO] 
[INFO] --- maven-compiler-plugin:3.5.1:compile (default-compile) @ jsoup ---
[INFO] Changes detected - recompiling the module!
[INFO] Compiling 67 source files to /tmp/dspot-experiments/dataset/april-2019/jsoup_parent/target/classes
[INFO] /tmp/dspot-experiments/dataset/april-2019/jsoup_parent/src/main/java/org/jsoup/nodes/Attributes.java: /tmp/dspot-experiments/dataset/april-2019/jsoup_parent/src/main/java/org/jsoup/nodes/Attributes.java uses or overrides a deprecated API.
[INFO] /tmp/dspot-experiments/dataset/april-2019/jsoup_parent/src/main/java/org/jsoup/nodes/Attributes.java: Recompile with -Xlint:deprecation for details.
[INFO] 
[INFO] --- animal-sniffer-maven-plugin:1.16:check (animal-sniffer) @ jsoup ---
[INFO] Checking unresolved references to net.sf.androidscents.signature:android-api-level-8:2.2_r3
[INFO] 
[INFO] >>> maven-bundle-plugin:2.5.4:manifest (bundle-manifest) > process-classes @ jsoup >>>
[INFO] 
[INFO] --- maven-resources-plugin:3.0.1:resources (default-resources) @ jsoup ---
[INFO] Using 'UTF-8' encoding to copy filtered resources.
[INFO] Copying 0 resource
[INFO] Copying 3 resources to META-INF/
[INFO] 
[INFO] --- maven-compiler-plugin:3.5.1:compile (default-compile) @ jsoup ---
[INFO] Changes detected - recompiling the module!
[INFO] Compiling 67 source files to /tmp/dspot-experiments/dataset/april-2019/jsoup_parent/target/classes
[INFO] /tmp/dspot-experiments/dataset/april-2019/jsoup_parent/src/main/java/org/jsoup/nodes/Attributes.java: /tmp/dspot-experiments/dataset/april-2019/jsoup_parent/src/main/java/org/jsoup/nodes/Attributes.java uses or overrides a deprecated API.
[INFO] /tmp/dspot-experiments/dataset/april-2019/jsoup_parent/src/main/java/org/jsoup/nodes/Attributes.java: Recompile with -Xlint:deprecation for details.
[INFO] 
[INFO] --- animal-sniffer-maven-plugin:1.16:check (animal-sniffer) @ jsoup ---
[INFO] Checking unresolved references to net.sf.androidscents.signature:android-api-level-8:2.2_r3
[INFO] 
[INFO] <<< maven-bundle-plugin:2.5.4:manifest (bundle-manifest) < process-classes @ jsoup <<<
[INFO] 
[INFO] --- maven-bundle-plugin:2.5.4:manifest (bundle-manifest) @ jsoup ---
[INFO] 
[INFO] --- maven-resources-plugin:3.0.1:testResources (default-testResources) @ jsoup ---
[INFO] Using 'UTF-8' encoding to copy filtered resources.
[INFO] Copying 25 resources
[INFO] 
[INFO] --- maven-compiler-plugin:3.5.1:testCompile (default-testCompile) @ jsoup ---
[INFO] Changes detected - recompiling the module!
[INFO] Compiling 45 source files to /tmp/dspot-experiments/dataset/april-2019/jsoup_parent/target/test-classes
[INFO] /tmp/dspot-experiments/dataset/april-2019/jsoup_parent/src/test/java/org/jsoup/parser/AttributeParseTest.java: Some input files use or override a deprecated API.
[INFO] /tmp/dspot-experiments/dataset/april-2019/jsoup_parent/src/test/java/org/jsoup/parser/AttributeParseTest.java: Recompile with -Xlint:deprecation for details.
[INFO] 
[INFO] --- maven-surefire-plugin:2.17:test (default-test) @ jsoup ---
[INFO] Tests are skipped.
[INFO] 
[INFO] --- maven-dependency-plugin:2.8:build-classpath (default-cli) @ jsoup ---
[INFO] Wrote classpath file '/tmp/dspot-experiments/dataset/april-2019/jsoup_parent/target/dspot/classpath'.
[INFO] ------------------------------------------------------------------------
[INFO] BUILD SUCCESS
[INFO] ------------------------------------------------------------------------
[INFO] Total time: 5.223 s
[INFO] Finished at: 2019-05-07T17:49:21+02:00
[INFO] Final Memory: 42M/2492M
[INFO] ------------------------------------------------------------------------
[INFO] Amplification of org.jsoup.nodes.DocumentTest (2 test(s))
[INFO] Assertion amplification of org.jsoup.nodes.DocumentTest (2 test(s))
[INFO] Cache 'frameworkCache' created in EhcacheManager.
[WARNING] You gave an empty filter. To use PIT, it is recommend to specify a filter, at least, the top package of your program, otherwise, PIT may take a long time or could not be run.
[INFO] A new filter has been computed on the fly: org.jsoup.*
[INFO] Using /tmp/dspot-experiments/dataset/april-2019/jsoup/pom.xml to run maven.
[INFO] Using /usr/share/maven/ for maven home
[INFO] run maven: /usr/share/maven//bin/mvn clean test -DskipTests
[WARN] Maven will be executed in interactive mode, but no input stream has been configured for this MavenInvoker instance.
[INFO] Scanning for projects...
[INFO]                                                                         
[INFO] ------------------------------------------------------------------------
[INFO] Building jsoup Java HTML Parser 1.12.1-SNAPSHOT
[INFO] ------------------------------------------------------------------------
[INFO] 
[INFO] --- maven-clean-plugin:2.5:clean (default-clean) @ jsoup ---
[INFO] Deleting /tmp/dspot-experiments/dataset/april-2019/jsoup/target
[INFO] 
[INFO] --- maven-resources-plugin:3.0.1:resources (default-resources) @ jsoup ---
[INFO] Using 'UTF-8' encoding to copy filtered resources.
[INFO] Copying 0 resource
[INFO] Copying 3 resources to META-INF/
[INFO] 
[INFO] --- maven-compiler-plugin:3.5.1:compile (default-compile) @ jsoup ---
[INFO] Changes detected - recompiling the module!
[INFO] Compiling 67 source files to /tmp/dspot-experiments/dataset/april-2019/jsoup/target/classes
[INFO] /tmp/dspot-experiments/dataset/april-2019/jsoup/src/main/java/org/jsoup/nodes/Attributes.java: /tmp/dspot-experiments/dataset/april-2019/jsoup/src/main/java/org/jsoup/nodes/Attributes.java uses or overrides a deprecated API.
[INFO] /tmp/dspot-experiments/dataset/april-2019/jsoup/src/main/java/org/jsoup/nodes/Attributes.java: Recompile with -Xlint:deprecation for details.
[INFO] 
[INFO] --- animal-sniffer-maven-plugin:1.16:check (animal-sniffer) @ jsoup ---
[INFO] Checking unresolved references to net.sf.androidscents.signature:android-api-level-8:2.2_r3
[INFO] 
[INFO] >>> maven-bundle-plugin:2.5.4:manifest (bundle-manifest) > process-classes @ jsoup >>>
[INFO] 
[INFO] --- maven-resources-plugin:3.0.1:resources (default-resources) @ jsoup ---
[INFO] Using 'UTF-8' encoding to copy filtered resources.
[INFO] Copying 0 resource
[INFO] Copying 3 resources to META-INF/
[INFO] 
[INFO] --- maven-compiler-plugin:3.5.1:compile (default-compile) @ jsoup ---
[INFO] Changes detected - recompiling the module!
[INFO] Compiling 67 source files to /tmp/dspot-experiments/dataset/april-2019/jsoup/target/classes
[INFO] /tmp/dspot-experiments/dataset/april-2019/jsoup/src/main/java/org/jsoup/nodes/Attributes.java: /tmp/dspot-experiments/dataset/april-2019/jsoup/src/main/java/org/jsoup/nodes/Attributes.java uses or overrides a deprecated API.
[INFO] /tmp/dspot-experiments/dataset/april-2019/jsoup/src/main/java/org/jsoup/nodes/Attributes.java: Recompile with -Xlint:deprecation for details.
[INFO] 
[INFO] --- animal-sniffer-maven-plugin:1.16:check (animal-sniffer) @ jsoup ---
[INFO] Checking unresolved references to net.sf.androidscents.signature:android-api-level-8:2.2_r3
[INFO] 
[INFO] <<< maven-bundle-plugin:2.5.4:manifest (bundle-manifest) < process-classes @ jsoup <<<
[INFO] 
[INFO] --- maven-bundle-plugin:2.5.4:manifest (bundle-manifest) @ jsoup ---
[INFO] 
[INFO] --- maven-resources-plugin:3.0.1:testResources (default-testResources) @ jsoup ---
[INFO] Using 'UTF-8' encoding to copy filtered resources.
[INFO] Copying 25 resources
[INFO] 
[INFO] --- maven-compiler-plugin:3.5.1:testCompile (default-testCompile) @ jsoup ---
[INFO] Changes detected - recompiling the module!
[INFO] Compiling 45 source files to /tmp/dspot-experiments/dataset/april-2019/jsoup/target/test-classes
[INFO] /tmp/dspot-experiments/dataset/april-2019/jsoup/src/test/java/org/jsoup/parser/AttributeParseTest.java: Some input files use or override a deprecated API.
[INFO] /tmp/dspot-experiments/dataset/april-2019/jsoup/src/test/java/org/jsoup/parser/AttributeParseTest.java: Recompile with -Xlint:deprecation for details.
[INFO] 
[INFO] --- maven-surefire-plugin:2.17:test (default-test) @ jsoup ---
[INFO] Tests are skipped.
[INFO] ------------------------------------------------------------------------
[INFO] BUILD SUCCESS
[INFO] ------------------------------------------------------------------------
[INFO] Total time: 4.850 s
[INFO] Finished at: 2019-05-07T17:49:31+02:00
[INFO] Final Memory: 28M/1963M
[INFO] ------------------------------------------------------------------------
[INFO] Compiling with -proceedOnError -encoding UTF-8 -cp /tmp/dspot-experiments/dataset/april-2019/jsoup_parent/target/dspot/tmp_test_sources:/home/bedanglot/.m2/repository/junit/junit/4.12/junit-4.12.jar:/home/bedanglot/.m2/repository/org/hamcrest/hamcrest-core/1.3/hamcrest-core-1.3.jar:/home/bedanglot/.m2/repository/com/google/code/gson/gson/2.7/gson-2.7.jar:/home/bedanglot/.m2/repository/org/eclipse/jetty/jetty-server/9.2.22.v20170606/jetty-server-9.2.22.v20170606.jar:/home/bedanglot/.m2/repository/javax/servlet/javax.servlet-api/3.1.0/javax.servlet-api-3.1.0.jar:/home/bedanglot/.m2/repository/org/eclipse/jetty/jetty-http/9.2.22.v20170606/jetty-http-9.2.22.v20170606.jar:/home/bedanglot/.m2/repository/org/eclipse/jetty/jetty-util/9.2.22.v20170606/jetty-util-9.2.22.v20170606.jar:/home/bedanglot/.m2/repository/org/eclipse/jetty/jetty-io/9.2.22.v20170606/jetty-io-9.2.22.v20170606.jar:/home/bedanglot/.m2/repository/org/eclipse/jetty/jetty-servlet/9.2.22.v20170606/jetty-servlet-9.2.22.v20170606.jar:/home/bedanglot/.m2/repository/org/eclipse/jetty/jetty-security/9.2.22.v20170606/jetty-security-9.2.22.v20170606.jar:/tmp/dspot-experiments/dataset/april-2019/jsoup_parent/target/classes/:/tmp/dspot-experiments/dataset/april-2019/jsoup_parent/target/test-classes/:/tmp/dspot-experiments/dataset/april-2019/jsoup_parent/target/dspot/dependencies/: -d /tmp/dspot-experiments/dataset/april-2019/jsoup_parent/target/test-classes -1.8 -preserveAllLocals -noExit -enableJavadoc -proc:none /tmp/dspot-experiments/dataset/april-2019/jsoup_parent/target/dspot/tmp_test_sources/org/jsoup/nodes/DocumentTest.java
[INFO] Run: java -classpath /tmp/dspot-experiments/dataset/april-2019/jsoup_parent/target/classes/:/tmp/dspot-experiments/dataset/april-2019/jsoup_parent/target/test-classes:/home/bedanglot/.m2/repository/junit/junit/4.12/junit-4.12.jar:/home/bedanglot/.m2/repository/org/hamcrest/hamcrest-core/1.3/hamcrest-core-1.3.jar:/home/bedanglot/.m2/repository/com/google/code/gson/gson/2.7/gson-2.7.jar:/home/bedanglot/.m2/repository/org/eclipse/jetty/jetty-server/9.2.22.v20170606/jetty-server-9.2.22.v20170606.jar:/home/bedanglot/.m2/repository/javax/servlet/javax.servlet-api/3.1.0/javax.servlet-api-3.1.0.jar:/home/bedanglot/.m2/repository/org/eclipse/jetty/jetty-http/9.2.22.v20170606/jetty-http-9.2.22.v20170606.jar:/home/bedanglot/.m2/repository/org/eclipse/jetty/jetty-util/9.2.22.v20170606/jetty-util-9.2.22.v20170606.jar:/home/bedanglot/.m2/repository/org/eclipse/jetty/jetty-io/9.2.22.v20170606/jetty-io-9.2.22.v20170606.jar:/home/bedanglot/.m2/repository/org/eclipse/jetty/jetty-servlet/9.2.22.v20170606/jetty-servlet-9.2.22.v20170606.jar:/home/bedanglot/.m2/repository/org/eclipse/jetty/jetty-security/9.2.22.v20170606/jetty-security-9.2.22.v20170606.jar:/tmp/dspot-experiments/dataset/april-2019/jsoup_parent/target/dspot/dependencies/:/home/bedanglot/.m2/repository/eu/stamp-project/test-runner/2.0.7/test-runner-2.0.7-jar-with-dependencies.jar eu.stamp_project.testrunner.runner.JUnit4Runner --class org.jsoup.nodes.DocumentTest --tests testLocation:testShiftJisRoundtrip 
Parsing --class org.jsoup.nodes.DocumentTest --tests testLocation:testShiftJisRoundtrip
File saved to the following path: /tmp/dspot-experiments/dataset/april-2019/jsoup_parent/target/dspot/TestResult.ser
Loading /tmp/dspot-experiments/dataset/april-2019/jsoup_parent/target/dspot/TestResult.ser
[INFO] Test has been run: testLocation,testShiftJisRoundtrip
[INFO] Run tests. (2)
[INFO] Compiling with -proceedOnError -encoding UTF-8 -cp /tmp/dspot-experiments/dataset/april-2019/jsoup_parent/target/dspot/tmp_test_sources:/home/bedanglot/.m2/repository/junit/junit/4.12/junit-4.12.jar:/home/bedanglot/.m2/repository/org/hamcrest/hamcrest-core/1.3/hamcrest-core-1.3.jar:/home/bedanglot/.m2/repository/com/google/code/gson/gson/2.7/gson-2.7.jar:/home/bedanglot/.m2/repository/org/eclipse/jetty/jetty-server/9.2.22.v20170606/jetty-server-9.2.22.v20170606.jar:/home/bedanglot/.m2/repository/javax/servlet/javax.servlet-api/3.1.0/javax.servlet-api-3.1.0.jar:/home/bedanglot/.m2/repository/org/eclipse/jetty/jetty-http/9.2.22.v20170606/jetty-http-9.2.22.v20170606.jar:/home/bedanglot/.m2/repository/org/eclipse/jetty/jetty-util/9.2.22.v20170606/jetty-util-9.2.22.v20170606.jar:/home/bedanglot/.m2/repository/org/eclipse/jetty/jetty-io/9.2.22.v20170606/jetty-io-9.2.22.v20170606.jar:/home/bedanglot/.m2/repository/org/eclipse/jetty/jetty-servlet/9.2.22.v20170606/jetty-servlet-9.2.22.v20170606.jar:/home/bedanglot/.m2/repository/org/eclipse/jetty/jetty-security/9.2.22.v20170606/jetty-security-9.2.22.v20170606.jar:/tmp/dspot-experiments/dataset/april-2019/jsoup_parent/target/classes/:/tmp/dspot-experiments/dataset/april-2019/jsoup_parent/target/test-classes/:/tmp/dspot-experiments/dataset/april-2019/jsoup_parent/target/dspot/dependencies/: -d /tmp/dspot-experiments/dataset/april-2019/jsoup_parent/target/test-classes -1.8 -preserveAllLocals -noExit -enableJavadoc -proc:none /tmp/dspot-experiments/dataset/april-2019/jsoup_parent/target/dspot/tmp_test_sources/org/jsoup/nodes/DocumentTest.java
[INFO] Run: java -classpath /tmp/dspot-experiments/dataset/april-2019/jsoup_parent/target/classes/:/tmp/dspot-experiments/dataset/april-2019/jsoup_parent/target/test-classes:/home/bedanglot/.m2/repository/junit/junit/4.12/junit-4.12.jar:/home/bedanglot/.m2/repository/org/hamcrest/hamcrest-core/1.3/hamcrest-core-1.3.jar:/home/bedanglot/.m2/repository/com/google/code/gson/gson/2.7/gson-2.7.jar:/home/bedanglot/.m2/repository/org/eclipse/jetty/jetty-server/9.2.22.v20170606/jetty-server-9.2.22.v20170606.jar:/home/bedanglot/.m2/repository/javax/servlet/javax.servlet-api/3.1.0/javax.servlet-api-3.1.0.jar:/home/bedanglot/.m2/repository/org/eclipse/jetty/jetty-http/9.2.22.v20170606/jetty-http-9.2.22.v20170606.jar:/home/bedanglot/.m2/repository/org/eclipse/jetty/jetty-util/9.2.22.v20170606/jetty-util-9.2.22.v20170606.jar:/home/bedanglot/.m2/repository/org/eclipse/jetty/jetty-io/9.2.22.v20170606/jetty-io-9.2.22.v20170606.jar:/home/bedanglot/.m2/repository/org/eclipse/jetty/jetty-servlet/9.2.22.v20170606/jetty-servlet-9.2.22.v20170606.jar:/home/bedanglot/.m2/repository/org/eclipse/jetty/jetty-security/9.2.22.v20170606/jetty-security-9.2.22.v20170606.jar:/tmp/dspot-experiments/dataset/april-2019/jsoup_parent/target/dspot/dependencies/:/home/bedanglot/.m2/repository/eu/stamp-project/test-runner/2.0.7/test-runner-2.0.7-jar-with-dependencies.jar eu.stamp_project.testrunner.runner.JUnit4Runner --class org.jsoup.nodes.DocumentTest --tests testLocation:testShiftJisRoundtrip 
Parsing --class org.jsoup.nodes.DocumentTest --tests testLocation:testShiftJisRoundtrip
File saved to the following path: /tmp/dspot-experiments/dataset/april-2019/jsoup_parent/target/dspot/TestResult.ser
Loading /tmp/dspot-experiments/dataset/april-2019/jsoup_parent/target/dspot/TestResult.ser
[INFO] Test has been run: testLocation,testShiftJisRoundtrip
[INFO] 2 test pass, generating assertion...
[INFO] Add observations points in passing tests.
[INFO] Instrumentation...
 50% |========================= ]/100% |================================================== ]-
[INFO] Run instrumented tests. (6)
[INFO] Compiling with -proceedOnError -encoding UTF-8 -cp /tmp/dspot-experiments/dataset/april-2019/jsoup_parent/target/dspot/tmp_test_sources:/home/bedanglot/.m2/repository/junit/junit/4.12/junit-4.12.jar:/home/bedanglot/.m2/repository/org/hamcrest/hamcrest-core/1.3/hamcrest-core-1.3.jar:/home/bedanglot/.m2/repository/com/google/code/gson/gson/2.7/gson-2.7.jar:/home/bedanglot/.m2/repository/org/eclipse/jetty/jetty-server/9.2.22.v20170606/jetty-server-9.2.22.v20170606.jar:/home/bedanglot/.m2/repository/javax/servlet/javax.servlet-api/3.1.0/javax.servlet-api-3.1.0.jar:/home/bedanglot/.m2/repository/org/eclipse/jetty/jetty-http/9.2.22.v20170606/jetty-http-9.2.22.v20170606.jar:/home/bedanglot/.m2/repository/org/eclipse/jetty/jetty-util/9.2.22.v20170606/jetty-util-9.2.22.v20170606.jar:/home/bedanglot/.m2/repository/org/eclipse/jetty/jetty-io/9.2.22.v20170606/jetty-io-9.2.22.v20170606.jar:/home/bedanglot/.m2/repository/org/eclipse/jetty/jetty-servlet/9.2.22.v20170606/jetty-servlet-9.2.22.v20170606.jar:/home/bedanglot/.m2/repository/org/eclipse/jetty/jetty-security/9.2.22.v20170606/jetty-security-9.2.22.v20170606.jar:/tmp/dspot-experiments/dataset/april-2019/jsoup_parent/target/classes/:/tmp/dspot-experiments/dataset/april-2019/jsoup_parent/target/test-classes/:/tmp/dspot-experiments/dataset/april-2019/jsoup_parent/target/dspot/dependencies/: -d /tmp/dspot-experiments/dataset/april-2019/jsoup_parent/target/test-classes -1.8 -preserveAllLocals -noExit -enableJavadoc -proc:none /tmp/dspot-experiments/dataset/april-2019/jsoup_parent/target/dspot/tmp_test_sources/org/jsoup/nodes/DocumentTest.java
[INFO] Run: java -classpath /tmp/dspot-experiments/dataset/april-2019/jsoup_parent/target/classes/:/tmp/dspot-experiments/dataset/april-2019/jsoup_parent/target/test-classes:/home/bedanglot/.m2/repository/junit/junit/4.12/junit-4.12.jar:/home/bedanglot/.m2/repository/org/hamcrest/hamcrest-core/1.3/hamcrest-core-1.3.jar:/home/bedanglot/.m2/repository/com/google/code/gson/gson/2.7/gson-2.7.jar:/home/bedanglot/.m2/repository/org/eclipse/jetty/jetty-server/9.2.22.v20170606/jetty-server-9.2.22.v20170606.jar:/home/bedanglot/.m2/repository/javax/servlet/javax.servlet-api/3.1.0/javax.servlet-api-3.1.0.jar:/home/bedanglot/.m2/repository/org/eclipse/jetty/jetty-http/9.2.22.v20170606/jetty-http-9.2.22.v20170606.jar:/home/bedanglot/.m2/repository/org/eclipse/jetty/jetty-util/9.2.22.v20170606/jetty-util-9.2.22.v20170606.jar:/home/bedanglot/.m2/repository/org/eclipse/jetty/jetty-io/9.2.22.v20170606/jetty-io-9.2.22.v20170606.jar:/home/bedanglot/.m2/repository/org/eclipse/jetty/jetty-servlet/9.2.22.v20170606/jetty-servlet-9.2.22.v20170606.jar:/home/bedanglot/.m2/repository/org/eclipse/jetty/jetty-security/9.2.22.v20170606/jetty-security-9.2.22.v20170606.jar:/tmp/dspot-experiments/dataset/april-2019/jsoup_parent/target/dspot/dependencies/:/home/bedanglot/.m2/repository/eu/stamp-project/test-runner/2.0.7/test-runner-2.0.7-jar-with-dependencies.jar eu.stamp_project.testrunner.runner.JUnit4Runner --class org.jsoup.nodes.DocumentTest --tests testLocation_withlog0:testShiftJisRoundtrip_withlog0:testLocation_withlog1:testShiftJisRoundtrip_withlog1:testLocation_withlog2:testShiftJisRoundtrip_withlog2 
Parsing --class org.jsoup.nodes.DocumentTest --tests testLocation_withlog0:testShiftJisRoundtrip_withlog0:testLocation_withlog1:testShiftJisRoundtrip_withlog1:testLocation_withlog2:testShiftJisRoundtrip_withlog2
File saved to the following path: /tmp/dspot-experiments/dataset/april-2019/jsoup_parent/target/dspot/observations.ser
File saved to the following path: /tmp/dspot-experiments/dataset/april-2019/jsoup_parent/target/dspot/TestResult.ser
Loading /tmp/dspot-experiments/dataset/april-2019/jsoup_parent/target/dspot/TestResult.ser
[INFO] Test has been run: testShiftJisRoundtrip_withlog0,testShiftJisRoundtrip_withlog1,testShiftJisRoundtrip_withlog2,testLocation_withlog0,testLocation_withlog1,testLocation_withlog2
[INFO] Generating assertions...
[INFO] 2 new tests with assertions generated
[INFO] Compiling with -proceedOnError -encoding UTF-8 -cp /tmp/dspot-experiments/dataset/april-2019/jsoup_parent/target/dspot/tmp_test_sources:/home/bedanglot/.m2/repository/junit/junit/4.12/junit-4.12.jar:/home/bedanglot/.m2/repository/org/hamcrest/hamcrest-core/1.3/hamcrest-core-1.3.jar:/home/bedanglot/.m2/repository/com/google/code/gson/gson/2.7/gson-2.7.jar:/home/bedanglot/.m2/repository/org/eclipse/jetty/jetty-server/9.2.22.v20170606/jetty-server-9.2.22.v20170606.jar:/home/bedanglot/.m2/repository/javax/servlet/javax.servlet-api/3.1.0/javax.servlet-api-3.1.0.jar:/home/bedanglot/.m2/repository/org/eclipse/jetty/jetty-http/9.2.22.v20170606/jetty-http-9.2.22.v20170606.jar:/home/bedanglot/.m2/repository/org/eclipse/jetty/jetty-util/9.2.22.v20170606/jetty-util-9.2.22.v20170606.jar:/home/bedanglot/.m2/repository/org/eclipse/jetty/jetty-io/9.2.22.v20170606/jetty-io-9.2.22.v20170606.jar:/home/bedanglot/.m2/repository/org/eclipse/jetty/jetty-servlet/9.2.22.v20170606/jetty-servlet-9.2.22.v20170606.jar:/home/bedanglot/.m2/repository/org/eclipse/jetty/jetty-security/9.2.22.v20170606/jetty-security-9.2.22.v20170606.jar:/tmp/dspot-experiments/dataset/april-2019/jsoup_parent/target/classes/:/tmp/dspot-experiments/dataset/april-2019/jsoup_parent/target/test-classes/:/tmp/dspot-experiments/dataset/april-2019/jsoup_parent/target/dspot/dependencies/: -d /tmp/dspot-experiments/dataset/april-2019/jsoup_parent/target/test-classes -1.8 -preserveAllLocals -noExit -enableJavadoc -proc:none /tmp/dspot-experiments/dataset/april-2019/jsoup_parent/target/dspot/tmp_test_sources/org/jsoup/nodes/DocumentTest.java
[INFO] Run: java -classpath /tmp/dspot-experiments/dataset/april-2019/jsoup_parent/target/classes/:/tmp/dspot-experiments/dataset/april-2019/jsoup_parent/target/test-classes:/home/bedanglot/.m2/repository/junit/junit/4.12/junit-4.12.jar:/home/bedanglot/.m2/repository/org/hamcrest/hamcrest-core/1.3/hamcrest-core-1.3.jar:/home/bedanglot/.m2/repository/com/google/code/gson/gson/2.7/gson-2.7.jar:/home/bedanglot/.m2/repository/org/eclipse/jetty/jetty-server/9.2.22.v20170606/jetty-server-9.2.22.v20170606.jar:/home/bedanglot/.m2/repository/javax/servlet/javax.servlet-api/3.1.0/javax.servlet-api-3.1.0.jar:/home/bedanglot/.m2/repository/org/eclipse/jetty/jetty-http/9.2.22.v20170606/jetty-http-9.2.22.v20170606.jar:/home/bedanglot/.m2/repository/org/eclipse/jetty/jetty-util/9.2.22.v20170606/jetty-util-9.2.22.v20170606.jar:/home/bedanglot/.m2/repository/org/eclipse/jetty/jetty-io/9.2.22.v20170606/jetty-io-9.2.22.v20170606.jar:/home/bedanglot/.m2/repository/org/eclipse/jetty/jetty-servlet/9.2.22.v20170606/jetty-servlet-9.2.22.v20170606.jar:/home/bedanglot/.m2/repository/org/eclipse/jetty/jetty-security/9.2.22.v20170606/jetty-security-9.2.22.v20170606.jar:/tmp/dspot-experiments/dataset/april-2019/jsoup_parent/target/dspot/dependencies/:/home/bedanglot/.m2/repository/eu/stamp-project/test-runner/2.0.7/test-runner-2.0.7-jar-with-dependencies.jar eu.stamp_project.testrunner.runner.JUnit4Runner --class org.jsoup.nodes.DocumentTest --tests testLocation:testShiftJisRoundtrip 
Parsing --class org.jsoup.nodes.DocumentTest --tests testLocation:testShiftJisRoundtrip
File saved to the following path: /tmp/dspot-experiments/dataset/april-2019/jsoup_parent/target/dspot/TestResult.ser
Loading /tmp/dspot-experiments/dataset/april-2019/jsoup_parent/target/dspot/TestResult.ser
[INFO] Test has been run: testLocation,testShiftJisRoundtrip
[INFO] Assertion amplification: 2 test method(s) has been successfully amplified.
[WARN] 2019-05-07 17:49:34 Launcher - You specified the directory /tmp/dspot-experiments/dataset/april-2019/jsoup/target/classes in source classpath, please note that only class files will be considered. Jars and subdirectories will be ignored.
[WARN] 2019-05-07 17:49:34 Launcher - You specified the directory /tmp/dspot-experiments/dataset/april-2019/jsoup/target/test-classes in source classpath, please note that only class files will be considered. Jars and subdirectories will be ignored.
[WARN] 2019-05-07 17:49:34 Launcher - You specified the directory /tmp/dspot-experiments/dataset/april-2019/jsoup/target/dspot/dependencies in source classpath, please note that only class files will be considered. Jars and subdirectories will be ignored.
[INFO] Run: java -classpath /tmp/dspot-experiments/dataset/april-2019/jsoup/target/classes/:/tmp/dspot-experiments/dataset/april-2019/jsoup/target/test-classes/:/home/bedanglot/.m2/repository/junit/junit/4.12/junit-4.12.jar:/home/bedanglot/.m2/repository/org/hamcrest/hamcrest-core/1.3/hamcrest-core-1.3.jar:/home/bedanglot/.m2/repository/com/google/code/gson/gson/2.7/gson-2.7.jar:/home/bedanglot/.m2/repository/org/eclipse/jetty/jetty-server/9.2.22.v20170606/jetty-server-9.2.22.v20170606.jar:/home/bedanglot/.m2/repository/javax/servlet/javax.servlet-api/3.1.0/javax.servlet-api-3.1.0.jar:/home/bedanglot/.m2/repository/org/eclipse/jetty/jetty-http/9.2.22.v20170606/jetty-http-9.2.22.v20170606.jar:/home/bedanglot/.m2/repository/org/eclipse/jetty/jetty-util/9.2.22.v20170606/jetty-util-9.2.22.v20170606.jar:/home/bedanglot/.m2/repository/org/eclipse/jetty/jetty-io/9.2.22.v20170606/jetty-io-9.2.22.v20170606.jar:/home/bedanglot/.m2/repository/org/eclipse/jetty/jetty-servlet/9.2.22.v20170606/jetty-servlet-9.2.22.v20170606.jar:/home/bedanglot/.m2/repository/org/eclipse/jetty/jetty-security/9.2.22.v20170606/jetty-security-9.2.22.v20170606.jar:/tmp/dspot-experiments/dataset/april-2019/jsoup/target/dspot/dependencies/:/home/bedanglot/.m2/repository/eu/stamp-project/test-runner/2.0.7/test-runner-2.0.7-jar-with-dependencies.jar eu.stamp_project.testrunner.runner.JUnit4Runner --class org.jsoup.nodes.DocumentTest --tests testLocation:testShiftJisRoundtrip 
Parsing --class org.jsoup.nodes.DocumentTest --tests testLocation:testShiftJisRoundtrip
File saved to the following path: /tmp/dspot-experiments/dataset/april-2019/jsoup_parent/target/dspot/TestResult.ser
Loading /tmp/dspot-experiments/dataset/april-2019/jsoup_parent/target/dspot/TestResult.ser
[INFO] Test has been run: testLocation,testShiftJisRoundtrip
[INFO] 0 amplified test methods has been selected to be kept. (global: 0)
[INFO] elapsedTime 10062
[WARNING] DSpot could not obtain any amplified test method.
[WARNING] You can customize the following options: --amplifiers, --test-criterion, --iteration, --budgetizer etc, and retry with a new configuration.
[INFO] Amplification of org.jsoup.parser.XmlTreeBuilderTest (7 test(s))
[INFO] Assertion amplification of org.jsoup.parser.XmlTreeBuilderTest (7 test(s))
[INFO] Using /tmp/dspot-experiments/dataset/april-2019/jsoup/pom.xml to run maven.
[INFO] Using /usr/share/maven/ for maven home
[INFO] run maven: /usr/share/maven//bin/mvn clean test -DskipTests
[WARN] Maven will be executed in interactive mode, but no input stream has been configured for this MavenInvoker instance.
[INFO] Scanning for projects...
[INFO]                                                                         
[INFO] ------------------------------------------------------------------------
[INFO] Building jsoup Java HTML Parser 1.12.1-SNAPSHOT
[INFO] ------------------------------------------------------------------------
[INFO] 
[INFO] --- maven-clean-plugin:2.5:clean (default-clean) @ jsoup ---
[INFO] Deleting /tmp/dspot-experiments/dataset/april-2019/jsoup/target
[INFO] 
[INFO] --- maven-resources-plugin:3.0.1:resources (default-resources) @ jsoup ---
[INFO] Using 'UTF-8' encoding to copy filtered resources.
[INFO] Copying 0 resource
[INFO] Copying 3 resources to META-INF/
[INFO] 
[INFO] --- maven-compiler-plugin:3.5.1:compile (default-compile) @ jsoup ---
[INFO] Changes detected - recompiling the module!
[INFO] Compiling 67 source files to /tmp/dspot-experiments/dataset/april-2019/jsoup/target/classes
[INFO] /tmp/dspot-experiments/dataset/april-2019/jsoup/src/main/java/org/jsoup/nodes/Attributes.java: /tmp/dspot-experiments/dataset/april-2019/jsoup/src/main/java/org/jsoup/nodes/Attributes.java uses or overrides a deprecated API.
[INFO] /tmp/dspot-experiments/dataset/april-2019/jsoup/src/main/java/org/jsoup/nodes/Attributes.java: Recompile with -Xlint:deprecation for details.
[INFO] 
[INFO] --- animal-sniffer-maven-plugin:1.16:check (animal-sniffer) @ jsoup ---
[INFO] Checking unresolved references to net.sf.androidscents.signature:android-api-level-8:2.2_r3
[INFO] 
[INFO] >>> maven-bundle-plugin:2.5.4:manifest (bundle-manifest) > process-classes @ jsoup >>>
[INFO] 
[INFO] --- maven-resources-plugin:3.0.1:resources (default-resources) @ jsoup ---
[INFO] Using 'UTF-8' encoding to copy filtered resources.
[INFO] Copying 0 resource
[INFO] Copying 3 resources to META-INF/
[INFO] 
[INFO] --- maven-compiler-plugin:3.5.1:compile (default-compile) @ jsoup ---
[INFO] Changes detected - recompiling the module!
[INFO] Compiling 67 source files to /tmp/dspot-experiments/dataset/april-2019/jsoup/target/classes
[INFO] /tmp/dspot-experiments/dataset/april-2019/jsoup/src/main/java/org/jsoup/nodes/Attributes.java: /tmp/dspot-experiments/dataset/april-2019/jsoup/src/main/java/org/jsoup/nodes/Attributes.java uses or overrides a deprecated API.
[INFO] /tmp/dspot-experiments/dataset/april-2019/jsoup/src/main/java/org/jsoup/nodes/Attributes.java: Recompile with -Xlint:deprecation for details.
[INFO] 
[INFO] --- animal-sniffer-maven-plugin:1.16:check (animal-sniffer) @ jsoup ---
[INFO] Checking unresolved references to net.sf.androidscents.signature:android-api-level-8:2.2_r3
[INFO] 
[INFO] <<< maven-bundle-plugin:2.5.4:manifest (bundle-manifest) < process-classes @ jsoup <<<
[INFO] 
[INFO] --- maven-bundle-plugin:2.5.4:manifest (bundle-manifest) @ jsoup ---
[INFO] 
[INFO] --- maven-resources-plugin:3.0.1:testResources (default-testResources) @ jsoup ---
[INFO] Using 'UTF-8' encoding to copy filtered resources.
[INFO] Copying 25 resources
[INFO] 
[INFO] --- maven-compiler-plugin:3.5.1:testCompile (default-testCompile) @ jsoup ---
[INFO] Changes detected - recompiling the module!
[INFO] Compiling 45 source files to /tmp/dspot-experiments/dataset/april-2019/jsoup/target/test-classes
[INFO] /tmp/dspot-experiments/dataset/april-2019/jsoup/src/test/java/org/jsoup/parser/AttributeParseTest.java: Some input files use or override a deprecated API.
[INFO] /tmp/dspot-experiments/dataset/april-2019/jsoup/src/test/java/org/jsoup/parser/AttributeParseTest.java: Recompile with -Xlint:deprecation for details.
[INFO] 
[INFO] --- maven-surefire-plugin:2.17:test (default-test) @ jsoup ---
[INFO] Tests are skipped.
[INFO] ------------------------------------------------------------------------
[INFO] BUILD SUCCESS
[INFO] ------------------------------------------------------------------------
[INFO] Total time: 4.853 s
[INFO] Finished at: 2019-05-07T17:49:41+02:00
[INFO] Final Memory: 28M/1963M
[INFO] ------------------------------------------------------------------------
[INFO] Compiling with -proceedOnError -encoding UTF-8 -cp /tmp/dspot-experiments/dataset/april-2019/jsoup_parent/target/dspot/tmp_test_sources:/home/bedanglot/.m2/repository/junit/junit/4.12/junit-4.12.jar:/home/bedanglot/.m2/repository/org/hamcrest/hamcrest-core/1.3/hamcrest-core-1.3.jar:/home/bedanglot/.m2/repository/com/google/code/gson/gson/2.7/gson-2.7.jar:/home/bedanglot/.m2/repository/org/eclipse/jetty/jetty-server/9.2.22.v20170606/jetty-server-9.2.22.v20170606.jar:/home/bedanglot/.m2/repository/javax/servlet/javax.servlet-api/3.1.0/javax.servlet-api-3.1.0.jar:/home/bedanglot/.m2/repository/org/eclipse/jetty/jetty-http/9.2.22.v20170606/jetty-http-9.2.22.v20170606.jar:/home/bedanglot/.m2/repository/org/eclipse/jetty/jetty-util/9.2.22.v20170606/jetty-util-9.2.22.v20170606.jar:/home/bedanglot/.m2/repository/org/eclipse/jetty/jetty-io/9.2.22.v20170606/jetty-io-9.2.22.v20170606.jar:/home/bedanglot/.m2/repository/org/eclipse/jetty/jetty-servlet/9.2.22.v20170606/jetty-servlet-9.2.22.v20170606.jar:/home/bedanglot/.m2/repository/org/eclipse/jetty/jetty-security/9.2.22.v20170606/jetty-security-9.2.22.v20170606.jar:/tmp/dspot-experiments/dataset/april-2019/jsoup_parent/target/classes/:/tmp/dspot-experiments/dataset/april-2019/jsoup_parent/target/test-classes/:/tmp/dspot-experiments/dataset/april-2019/jsoup_parent/target/dspot/dependencies/: -d /tmp/dspot-experiments/dataset/april-2019/jsoup_parent/target/test-classes -1.8 -preserveAllLocals -noExit -enableJavadoc -proc:none /tmp/dspot-experiments/dataset/april-2019/jsoup_parent/target/dspot/tmp_test_sources/org/jsoup/parser/XmlTreeBuilderTest.java
[INFO] Run: java -classpath /tmp/dspot-experiments/dataset/april-2019/jsoup_parent/target/classes/:/tmp/dspot-experiments/dataset/april-2019/jsoup_parent/target/test-classes:/home/bedanglot/.m2/repository/junit/junit/4.12/junit-4.12.jar:/home/bedanglot/.m2/repository/org/hamcrest/hamcrest-core/1.3/hamcrest-core-1.3.jar:/home/bedanglot/.m2/repository/com/google/code/gson/gson/2.7/gson-2.7.jar:/home/bedanglot/.m2/repository/org/eclipse/jetty/jetty-server/9.2.22.v20170606/jetty-server-9.2.22.v20170606.jar:/home/bedanglot/.m2/repository/javax/servlet/javax.servlet-api/3.1.0/javax.servlet-api-3.1.0.jar:/home/bedanglot/.m2/repository/org/eclipse/jetty/jetty-http/9.2.22.v20170606/jetty-http-9.2.22.v20170606.jar:/home/bedanglot/.m2/repository/org/eclipse/jetty/jetty-util/9.2.22.v20170606/jetty-util-9.2.22.v20170606.jar:/home/bedanglot/.m2/repository/org/eclipse/jetty/jetty-io/9.2.22.v20170606/jetty-io-9.2.22.v20170606.jar:/home/bedanglot/.m2/repository/org/eclipse/jetty/jetty-servlet/9.2.22.v20170606/jetty-servlet-9.2.22.v20170606.jar:/home/bedanglot/.m2/repository/org/eclipse/jetty/jetty-security/9.2.22.v20170606/jetty-security-9.2.22.v20170606.jar:/tmp/dspot-experiments/dataset/april-2019/jsoup_parent/target/dspot/dependencies/:/home/bedanglot/.m2/repository/eu/stamp-project/test-runner/2.0.7/test-runner-2.0.7-jar-with-dependencies.jar eu.stamp_project.testrunner.runner.JUnit4Runner --class org.jsoup.parser.XmlTreeBuilderTest --tests caseSensitiveDeclaration:testSupplyParserToDataStream:handlesXmlDeclarationAsDeclaration:testDetectCharsetEncodingDeclaration:handlesDodgyXmlDecl:testCommentAndDocType:testParseDeclarationAttributes 
Parsing --class org.jsoup.parser.XmlTreeBuilderTest --tests caseSensitiveDeclaration:testSupplyParserToDataStream:handlesXmlDeclarationAsDeclaration:testDetectCharsetEncodingDeclaration:handlesDodgyXmlDecl:testCommentAndDocType:testParseDeclarationAttributes
File saved to the following path: /tmp/dspot-experiments/dataset/april-2019/jsoup_parent/target/dspot/TestResult.ser
Loading /tmp/dspot-experiments/dataset/april-2019/jsoup_parent/target/dspot/TestResult.ser
[INFO] Test has been run: handlesXmlDeclarationAsDeclaration,caseSensitiveDeclaration,handlesDodgyXmlDecl,testCommentAndDocType,testDetectCharsetEncodingDeclaration,testParseDeclarationAttributes,testSupplyParserToDataStream
[INFO] Run tests. (7)
[INFO] Compiling with -proceedOnError -encoding UTF-8 -cp /tmp/dspot-experiments/dataset/april-2019/jsoup_parent/target/dspot/tmp_test_sources:/home/bedanglot/.m2/repository/junit/junit/4.12/junit-4.12.jar:/home/bedanglot/.m2/repository/org/hamcrest/hamcrest-core/1.3/hamcrest-core-1.3.jar:/home/bedanglot/.m2/repository/com/google/code/gson/gson/2.7/gson-2.7.jar:/home/bedanglot/.m2/repository/org/eclipse/jetty/jetty-server/9.2.22.v20170606/jetty-server-9.2.22.v20170606.jar:/home/bedanglot/.m2/repository/javax/servlet/javax.servlet-api/3.1.0/javax.servlet-api-3.1.0.jar:/home/bedanglot/.m2/repository/org/eclipse/jetty/jetty-http/9.2.22.v20170606/jetty-http-9.2.22.v20170606.jar:/home/bedanglot/.m2/repository/org/eclipse/jetty/jetty-util/9.2.22.v20170606/jetty-util-9.2.22.v20170606.jar:/home/bedanglot/.m2/repository/org/eclipse/jetty/jetty-io/9.2.22.v20170606/jetty-io-9.2.22.v20170606.jar:/home/bedanglot/.m2/repository/org/eclipse/jetty/jetty-servlet/9.2.22.v20170606/jetty-servlet-9.2.22.v20170606.jar:/home/bedanglot/.m2/repository/org/eclipse/jetty/jetty-security/9.2.22.v20170606/jetty-security-9.2.22.v20170606.jar:/tmp/dspot-experiments/dataset/april-2019/jsoup_parent/target/classes/:/tmp/dspot-experiments/dataset/april-2019/jsoup_parent/target/test-classes/:/tmp/dspot-experiments/dataset/april-2019/jsoup_parent/target/dspot/dependencies/: -d /tmp/dspot-experiments/dataset/april-2019/jsoup_parent/target/test-classes -1.8 -preserveAllLocals -noExit -enableJavadoc -proc:none /tmp/dspot-experiments/dataset/april-2019/jsoup_parent/target/dspot/tmp_test_sources/org/jsoup/parser/XmlTreeBuilderTest.java
[INFO] Run: java -classpath /tmp/dspot-experiments/dataset/april-2019/jsoup_parent/target/classes/:/tmp/dspot-experiments/dataset/april-2019/jsoup_parent/target/test-classes:/home/bedanglot/.m2/repository/junit/junit/4.12/junit-4.12.jar:/home/bedanglot/.m2/repository/org/hamcrest/hamcrest-core/1.3/hamcrest-core-1.3.jar:/home/bedanglot/.m2/repository/com/google/code/gson/gson/2.7/gson-2.7.jar:/home/bedanglot/.m2/repository/org/eclipse/jetty/jetty-server/9.2.22.v20170606/jetty-server-9.2.22.v20170606.jar:/home/bedanglot/.m2/repository/javax/servlet/javax.servlet-api/3.1.0/javax.servlet-api-3.1.0.jar:/home/bedanglot/.m2/repository/org/eclipse/jetty/jetty-http/9.2.22.v20170606/jetty-http-9.2.22.v20170606.jar:/home/bedanglot/.m2/repository/org/eclipse/jetty/jetty-util/9.2.22.v20170606/jetty-util-9.2.22.v20170606.jar:/home/bedanglot/.m2/repository/org/eclipse/jetty/jetty-io/9.2.22.v20170606/jetty-io-9.2.22.v20170606.jar:/home/bedanglot/.m2/repository/org/eclipse/jetty/jetty-servlet/9.2.22.v20170606/jetty-servlet-9.2.22.v20170606.jar:/home/bedanglot/.m2/repository/org/eclipse/jetty/jetty-security/9.2.22.v20170606/jetty-security-9.2.22.v20170606.jar:/tmp/dspot-experiments/dataset/april-2019/jsoup_parent/target/dspot/dependencies/:/home/bedanglot/.m2/repository/eu/stamp-project/test-runner/2.0.7/test-runner-2.0.7-jar-with-dependencies.jar eu.stamp_project.testrunner.runner.JUnit4Runner --class org.jsoup.parser.XmlTreeBuilderTest --tests caseSensitiveDeclaration:testSupplyParserToDataStream:handlesXmlDeclarationAsDeclaration:testDetectCharsetEncodingDeclaration:handlesDodgyXmlDecl:testCommentAndDocType:testParseDeclarationAttributes 
Parsing --class org.jsoup.parser.XmlTreeBuilderTest --tests caseSensitiveDeclaration:testSupplyParserToDataStream:handlesXmlDeclarationAsDeclaration:testDetectCharsetEncodingDeclaration:handlesDodgyXmlDecl:testCommentAndDocType:testParseDeclarationAttributes
File saved to the following path: /tmp/dspot-experiments/dataset/april-2019/jsoup_parent/target/dspot/TestResult.ser
Loading /tmp/dspot-experiments/dataset/april-2019/jsoup_parent/target/dspot/TestResult.ser
[INFO] Test has been run: handlesXmlDeclarationAsDeclaration,caseSensitiveDeclaration,handlesDodgyXmlDecl,testCommentAndDocType,testDetectCharsetEncodingDeclaration,testParseDeclarationAttributes,testSupplyParserToDataStream
[INFO] 7 test pass, generating assertion...
[INFO] Add observations points in passing tests.
[INFO] Instrumentation...
 14% |======= ]/ 28% |============== ]- 42% |===================== ]\ 57% |============================ ]| 71% |=================================== ]/ 85% |========================================== ]-100% |================================================== ]\
[INFO] Run instrumented tests. (21)
[INFO] Compiling with -proceedOnError -encoding UTF-8 -cp /tmp/dspot-experiments/dataset/april-2019/jsoup_parent/target/dspot/tmp_test_sources:/home/bedanglot/.m2/repository/junit/junit/4.12/junit-4.12.jar:/home/bedanglot/.m2/repository/org/hamcrest/hamcrest-core/1.3/hamcrest-core-1.3.jar:/home/bedanglot/.m2/repository/com/google/code/gson/gson/2.7/gson-2.7.jar:/home/bedanglot/.m2/repository/org/eclipse/jetty/jetty-server/9.2.22.v20170606/jetty-server-9.2.22.v20170606.jar:/home/bedanglot/.m2/repository/javax/servlet/javax.servlet-api/3.1.0/javax.servlet-api-3.1.0.jar:/home/bedanglot/.m2/repository/org/eclipse/jetty/jetty-http/9.2.22.v20170606/jetty-http-9.2.22.v20170606.jar:/home/bedanglot/.m2/repository/org/eclipse/jetty/jetty-util/9.2.22.v20170606/jetty-util-9.2.22.v20170606.jar:/home/bedanglot/.m2/repository/org/eclipse/jetty/jetty-io/9.2.22.v20170606/jetty-io-9.2.22.v20170606.jar:/home/bedanglot/.m2/repository/org/eclipse/jetty/jetty-servlet/9.2.22.v20170606/jetty-servlet-9.2.22.v20170606.jar:/home/bedanglot/.m2/repository/org/eclipse/jetty/jetty-security/9.2.22.v20170606/jetty-security-9.2.22.v20170606.jar:/tmp/dspot-experiments/dataset/april-2019/jsoup_parent/target/classes/:/tmp/dspot-experiments/dataset/april-2019/jsoup_parent/target/test-classes/:/tmp/dspot-experiments/dataset/april-2019/jsoup_parent/target/dspot/dependencies/: -d /tmp/dspot-experiments/dataset/april-2019/jsoup_parent/target/test-classes -1.8 -preserveAllLocals -noExit -enableJavadoc -proc:none /tmp/dspot-experiments/dataset/april-2019/jsoup_parent/target/dspot/tmp_test_sources/org/jsoup/parser/XmlTreeBuilderTest.java
[INFO] Run: java -classpath /tmp/dspot-experiments/dataset/april-2019/jsoup_parent/target/classes/:/tmp/dspot-experiments/dataset/april-2019/jsoup_parent/target/test-classes:/home/bedanglot/.m2/repository/junit/junit/4.12/junit-4.12.jar:/home/bedanglot/.m2/repository/org/hamcrest/hamcrest-core/1.3/hamcrest-core-1.3.jar:/home/bedanglot/.m2/repository/com/google/code/gson/gson/2.7/gson-2.7.jar:/home/bedanglot/.m2/repository/org/eclipse/jetty/jetty-server/9.2.22.v20170606/jetty-server-9.2.22.v20170606.jar:/home/bedanglot/.m2/repository/javax/servlet/javax.servlet-api/3.1.0/javax.servlet-api-3.1.0.jar:/home/bedanglot/.m2/repository/org/eclipse/jetty/jetty-http/9.2.22.v20170606/jetty-http-9.2.22.v20170606.jar:/home/bedanglot/.m2/repository/org/eclipse/jetty/jetty-util/9.2.22.v20170606/jetty-util-9.2.22.v20170606.jar:/home/bedanglot/.m2/repository/org/eclipse/jetty/jetty-io/9.2.22.v20170606/jetty-io-9.2.22.v20170606.jar:/home/bedanglot/.m2/repository/org/eclipse/jetty/jetty-servlet/9.2.22.v20170606/jetty-servlet-9.2.22.v20170606.jar:/home/bedanglot/.m2/repository/org/eclipse/jetty/jetty-security/9.2.22.v20170606/jetty-security-9.2.22.v20170606.jar:/tmp/dspot-experiments/dataset/april-2019/jsoup_parent/target/dspot/dependencies/:/home/bedanglot/.m2/repository/eu/stamp-project/test-runner/2.0.7/test-runner-2.0.7-jar-with-dependencies.jar eu.stamp_project.testrunner.runner.JUnit4Runner --class org.jsoup.parser.XmlTreeBuilderTest --tests caseSensitiveDeclaration_withlog0:testSupplyParserToDataStream_withlog0:handlesXmlDeclarationAsDeclaration_withlog0:testDetectCharsetEncodingDeclaration_withlog0:handlesDodgyXmlDecl_withlog0:testCommentAndDocType_withlog0:testParseDeclarationAttributes_withlog0:caseSensitiveDeclaration_withlog1:testSupplyParserToDataStream_withlog1:handlesXmlDeclarationAsDeclaration_withlog1:testDetectCharsetEncodingDeclaration_withlog1:handlesDodgyXmlDecl_withlog1:testCommentAndDocType_withlog1:testParseDeclarationAttributes_withlog1:caseSensitiveDeclaration_withlog2:testSupplyParserToDataStream_withlog2:handlesXmlDeclarationAsDeclaration_withlog2:testDetectCharsetEncodingDeclaration_withlog2:handlesDodgyXmlDecl_withlog2:testCommentAndDocType_withlog2:testParseDeclarationAttributes_withlog2 
Parsing --class org.jsoup.parser.XmlTreeBuilderTest --tests caseSensitiveDeclaration_withlog0:testSupplyParserToDataStream_withlog0:handlesXmlDeclarationAsDeclaration_withlog0:testDetectCharsetEncodingDeclaration_withlog0:handlesDodgyXmlDecl_withlog0:testCommentAndDocType_withlog0:testParseDeclarationAttributes_withlog0:caseSensitiveDeclaration_withlog1:testSupplyParserToDataStream_withlog1:handlesXmlDeclarationAsDeclaration_withlog1:testDetectCharsetEncodingDeclaration_withlog1:handlesDodgyXmlDecl_withlog1:testCommentAndDocType_withlog1:testParseDeclarationAttributes_withlog1:caseSensitiveDeclaration_withlog2:testSupplyParserToDataStream_withlog2:handlesXmlDeclarationAsDeclaration_withlog2:testDetectCharsetEncodingDeclaration_withlog2:handlesDodgyXmlDecl_withlog2:testCommentAndDocType_withlog2:testParseDeclarationAttributes_withlog2
File saved to the following path: /tmp/dspot-experiments/dataset/april-2019/jsoup_parent/target/dspot/observations.ser
File saved to the following path: /tmp/dspot-experiments/dataset/april-2019/jsoup_parent/target/dspot/TestResult.ser
Loading /tmp/dspot-experiments/dataset/april-2019/jsoup_parent/target/dspot/TestResult.ser
[INFO] Test has been run: testCommentAndDocType_withlog0,testCommentAndDocType_withlog1,testCommentAndDocType_withlog2,testParseDeclarationAttributes_withlog0,testParseDeclarationAttributes_withlog1,testParseDeclarationAttributes_withlog2,testDetectCharsetEncodingDeclaration_withlog0,testDetectCharsetEncodingDeclaration_withlog1,testDetectCharsetEncodingDeclaration_withlog2,testSupplyParserToDataStream_withlog0,testSupplyParserToDataStream_withlog1,testSupplyParserToDataStream_withlog2,caseSensitiveDeclaration_withlog0,caseSensitiveDeclaration_withlog1,caseSensitiveDeclaration_withlog2,handlesDodgyXmlDecl_withlog0,handlesDodgyXmlDecl_withlog1,handlesDodgyXmlDecl_withlog2,handlesXmlDeclarationAsDeclaration_withlog0,handlesXmlDeclarationAsDeclaration_withlog1,handlesXmlDeclarationAsDeclaration_withlog2
[INFO] Generating assertions...
[INFO] 7 new tests with assertions generated
[INFO] Compiling with -proceedOnError -encoding UTF-8 -cp /tmp/dspot-experiments/dataset/april-2019/jsoup_parent/target/dspot/tmp_test_sources:/home/bedanglot/.m2/repository/junit/junit/4.12/junit-4.12.jar:/home/bedanglot/.m2/repository/org/hamcrest/hamcrest-core/1.3/hamcrest-core-1.3.jar:/home/bedanglot/.m2/repository/com/google/code/gson/gson/2.7/gson-2.7.jar:/home/bedanglot/.m2/repository/org/eclipse/jetty/jetty-server/9.2.22.v20170606/jetty-server-9.2.22.v20170606.jar:/home/bedanglot/.m2/repository/javax/servlet/javax.servlet-api/3.1.0/javax.servlet-api-3.1.0.jar:/home/bedanglot/.m2/repository/org/eclipse/jetty/jetty-http/9.2.22.v20170606/jetty-http-9.2.22.v20170606.jar:/home/bedanglot/.m2/repository/org/eclipse/jetty/jetty-util/9.2.22.v20170606/jetty-util-9.2.22.v20170606.jar:/home/bedanglot/.m2/repository/org/eclipse/jetty/jetty-io/9.2.22.v20170606/jetty-io-9.2.22.v20170606.jar:/home/bedanglot/.m2/repository/org/eclipse/jetty/jetty-servlet/9.2.22.v20170606/jetty-servlet-9.2.22.v20170606.jar:/home/bedanglot/.m2/repository/org/eclipse/jetty/jetty-security/9.2.22.v20170606/jetty-security-9.2.22.v20170606.jar:/tmp/dspot-experiments/dataset/april-2019/jsoup_parent/target/classes/:/tmp/dspot-experiments/dataset/april-2019/jsoup_parent/target/test-classes/:/tmp/dspot-experiments/dataset/april-2019/jsoup_parent/target/dspot/dependencies/: -d /tmp/dspot-experiments/dataset/april-2019/jsoup_parent/target/test-classes -1.8 -preserveAllLocals -noExit -enableJavadoc -proc:none /tmp/dspot-experiments/dataset/april-2019/jsoup_parent/target/dspot/tmp_test_sources/org/jsoup/parser/XmlTreeBuilderTest.java
[INFO] Run: java -classpath /tmp/dspot-experiments/dataset/april-2019/jsoup_parent/target/classes/:/tmp/dspot-experiments/dataset/april-2019/jsoup_parent/target/test-classes:/home/bedanglot/.m2/repository/junit/junit/4.12/junit-4.12.jar:/home/bedanglot/.m2/repository/org/hamcrest/hamcrest-core/1.3/hamcrest-core-1.3.jar:/home/bedanglot/.m2/repository/com/google/code/gson/gson/2.7/gson-2.7.jar:/home/bedanglot/.m2/repository/org/eclipse/jetty/jetty-server/9.2.22.v20170606/jetty-server-9.2.22.v20170606.jar:/home/bedanglot/.m2/repository/javax/servlet/javax.servlet-api/3.1.0/javax.servlet-api-3.1.0.jar:/home/bedanglot/.m2/repository/org/eclipse/jetty/jetty-http/9.2.22.v20170606/jetty-http-9.2.22.v20170606.jar:/home/bedanglot/.m2/repository/org/eclipse/jetty/jetty-util/9.2.22.v20170606/jetty-util-9.2.22.v20170606.jar:/home/bedanglot/.m2/repository/org/eclipse/jetty/jetty-io/9.2.22.v20170606/jetty-io-9.2.22.v20170606.jar:/home/bedanglot/.m2/repository/org/eclipse/jetty/jetty-servlet/9.2.22.v20170606/jetty-servlet-9.2.22.v20170606.jar:/home/bedanglot/.m2/repository/org/eclipse/jetty/jetty-security/9.2.22.v20170606/jetty-security-9.2.22.v20170606.jar:/tmp/dspot-experiments/dataset/april-2019/jsoup_parent/target/dspot/dependencies/:/home/bedanglot/.m2/repository/eu/stamp-project/test-runner/2.0.7/test-runner-2.0.7-jar-with-dependencies.jar eu.stamp_project.testrunner.runner.JUnit4Runner --class org.jsoup.parser.XmlTreeBuilderTest --tests caseSensitiveDeclaration:testSupplyParserToDataStream:handlesXmlDeclarationAsDeclaration:testDetectCharsetEncodingDeclaration:handlesDodgyXmlDecl:testCommentAndDocType:testParseDeclarationAttributes 
Parsing --class org.jsoup.parser.XmlTreeBuilderTest --tests caseSensitiveDeclaration:testSupplyParserToDataStream:handlesXmlDeclarationAsDeclaration:testDetectCharsetEncodingDeclaration:handlesDodgyXmlDecl:testCommentAndDocType:testParseDeclarationAttributes
File saved to the following path: /tmp/dspot-experiments/dataset/april-2019/jsoup_parent/target/dspot/TestResult.ser
Loading /tmp/dspot-experiments/dataset/april-2019/jsoup_parent/target/dspot/TestResult.ser
[INFO] Test has been run: handlesXmlDeclarationAsDeclaration,caseSensitiveDeclaration,handlesDodgyXmlDecl,testCommentAndDocType,testDetectCharsetEncodingDeclaration,testParseDeclarationAttributes,testSupplyParserToDataStream
[INFO] Assertion amplification: 7 test method(s) has been successfully amplified.
[WARN] 2019-05-07 17:49:43 Launcher - You specified the directory /tmp/dspot-experiments/dataset/april-2019/jsoup/target/classes in source classpath, please note that only class files will be considered. Jars and subdirectories will be ignored.
[WARN] 2019-05-07 17:49:43 Launcher - You specified the directory /tmp/dspot-experiments/dataset/april-2019/jsoup/target/test-classes in source classpath, please note that only class files will be considered. Jars and subdirectories will be ignored.
[WARN] 2019-05-07 17:49:43 Launcher - You specified the directory /tmp/dspot-experiments/dataset/april-2019/jsoup/target/dspot/dependencies in source classpath, please note that only class files will be considered. Jars and subdirectories will be ignored.
[INFO] Run: java -classpath /tmp/dspot-experiments/dataset/april-2019/jsoup/target/classes/:/tmp/dspot-experiments/dataset/april-2019/jsoup/target/test-classes/:/home/bedanglot/.m2/repository/junit/junit/4.12/junit-4.12.jar:/home/bedanglot/.m2/repository/org/hamcrest/hamcrest-core/1.3/hamcrest-core-1.3.jar:/home/bedanglot/.m2/repository/com/google/code/gson/gson/2.7/gson-2.7.jar:/home/bedanglot/.m2/repository/org/eclipse/jetty/jetty-server/9.2.22.v20170606/jetty-server-9.2.22.v20170606.jar:/home/bedanglot/.m2/repository/javax/servlet/javax.servlet-api/3.1.0/javax.servlet-api-3.1.0.jar:/home/bedanglot/.m2/repository/org/eclipse/jetty/jetty-http/9.2.22.v20170606/jetty-http-9.2.22.v20170606.jar:/home/bedanglot/.m2/repository/org/eclipse/jetty/jetty-util/9.2.22.v20170606/jetty-util-9.2.22.v20170606.jar:/home/bedanglot/.m2/repository/org/eclipse/jetty/jetty-io/9.2.22.v20170606/jetty-io-9.2.22.v20170606.jar:/home/bedanglot/.m2/repository/org/eclipse/jetty/jetty-servlet/9.2.22.v20170606/jetty-servlet-9.2.22.v20170606.jar:/home/bedanglot/.m2/repository/org/eclipse/jetty/jetty-security/9.2.22.v20170606/jetty-security-9.2.22.v20170606.jar:/tmp/dspot-experiments/dataset/april-2019/jsoup/target/dspot/dependencies/:/home/bedanglot/.m2/repository/eu/stamp-project/test-runner/2.0.7/test-runner-2.0.7-jar-with-dependencies.jar eu.stamp_project.testrunner.runner.JUnit4Runner --class org.jsoup.parser.XmlTreeBuilderTest --tests caseSensitiveDeclaration:testSupplyParserToDataStream:handlesXmlDeclarationAsDeclaration:testDetectCharsetEncodingDeclaration:handlesDodgyXmlDecl:testCommentAndDocType:testParseDeclarationAttributes 
Parsing --class org.jsoup.parser.XmlTreeBuilderTest --tests caseSensitiveDeclaration:testSupplyParserToDataStream:handlesXmlDeclarationAsDeclaration:testDetectCharsetEncodingDeclaration:handlesDodgyXmlDecl:testCommentAndDocType:testParseDeclarationAttributes
File saved to the following path: /tmp/dspot-experiments/dataset/april-2019/jsoup_parent/target/dspot/TestResult.ser
Loading /tmp/dspot-experiments/dataset/april-2019/jsoup_parent/target/dspot/TestResult.ser
[INFO] Test has been run: handlesXmlDeclarationAsDeclaration,caseSensitiveDeclaration,handlesDodgyXmlDecl,testCommentAndDocType,testDetectCharsetEncodingDeclaration,testParseDeclarationAttributes,testSupplyParserToDataStream
[INFO] 0 amplified test methods has been selected to be kept. (global: 0)
[INFO] elapsedTime 8355
[WARNING] DSpot could not obtain any amplified test method.
[WARNING] You can customize the following options: --amplifiers, --test-criterion, --iteration, --budgetizer etc, and retry with a new configuration.
[INFO] Amplification of org.jsoup.helper.DataUtilTest (3 test(s))
[INFO] Assertion amplification of org.jsoup.helper.DataUtilTest (3 test(s))
[INFO] Using /tmp/dspot-experiments/dataset/april-2019/jsoup/pom.xml to run maven.
[INFO] Using /usr/share/maven/ for maven home
[INFO] run maven: /usr/share/maven//bin/mvn clean test -DskipTests
[WARN] Maven will be executed in interactive mode, but no input stream has been configured for this MavenInvoker instance.
[INFO] Scanning for projects...
[INFO]                                                                         
[INFO] ------------------------------------------------------------------------
[INFO] Building jsoup Java HTML Parser 1.12.1-SNAPSHOT
[INFO] ------------------------------------------------------------------------
[INFO] 
[INFO] --- maven-clean-plugin:2.5:clean (default-clean) @ jsoup ---
[INFO] Deleting /tmp/dspot-experiments/dataset/april-2019/jsoup/target
[INFO] 
[INFO] --- maven-resources-plugin:3.0.1:resources (default-resources) @ jsoup ---
[INFO] Using 'UTF-8' encoding to copy filtered resources.
[INFO] Copying 0 resource
[INFO] Copying 3 resources to META-INF/
[INFO] 
[INFO] --- maven-compiler-plugin:3.5.1:compile (default-compile) @ jsoup ---
[INFO] Changes detected - recompiling the module!
[INFO] Compiling 67 source files to /tmp/dspot-experiments/dataset/april-2019/jsoup/target/classes
[INFO] /tmp/dspot-experiments/dataset/april-2019/jsoup/src/main/java/org/jsoup/nodes/Attributes.java: /tmp/dspot-experiments/dataset/april-2019/jsoup/src/main/java/org/jsoup/nodes/Attributes.java uses or overrides a deprecated API.
[INFO] /tmp/dspot-experiments/dataset/april-2019/jsoup/src/main/java/org/jsoup/nodes/Attributes.java: Recompile with -Xlint:deprecation for details.
[INFO] 
[INFO] --- animal-sniffer-maven-plugin:1.16:check (animal-sniffer) @ jsoup ---
[INFO] Checking unresolved references to net.sf.androidscents.signature:android-api-level-8:2.2_r3
[INFO] 
[INFO] >>> maven-bundle-plugin:2.5.4:manifest (bundle-manifest) > process-classes @ jsoup >>>
[INFO] 
[INFO] --- maven-resources-plugin:3.0.1:resources (default-resources) @ jsoup ---
[INFO] Using 'UTF-8' encoding to copy filtered resources.
[INFO] Copying 0 resource
[INFO] Copying 3 resources to META-INF/
[INFO] 
[INFO] --- maven-compiler-plugin:3.5.1:compile (default-compile) @ jsoup ---
[INFO] Changes detected - recompiling the module!
[INFO] Compiling 67 source files to /tmp/dspot-experiments/dataset/april-2019/jsoup/target/classes
[INFO] /tmp/dspot-experiments/dataset/april-2019/jsoup/src/main/java/org/jsoup/nodes/Attributes.java: /tmp/dspot-experiments/dataset/april-2019/jsoup/src/main/java/org/jsoup/nodes/Attributes.java uses or overrides a deprecated API.
[INFO] /tmp/dspot-experiments/dataset/april-2019/jsoup/src/main/java/org/jsoup/nodes/Attributes.java: Recompile with -Xlint:deprecation for details.
[INFO] 
[INFO] --- animal-sniffer-maven-plugin:1.16:check (animal-sniffer) @ jsoup ---
[INFO] Checking unresolved references to net.sf.androidscents.signature:android-api-level-8:2.2_r3
[INFO] 
[INFO] <<< maven-bundle-plugin:2.5.4:manifest (bundle-manifest) < process-classes @ jsoup <<<
[INFO] 
[INFO] --- maven-bundle-plugin:2.5.4:manifest (bundle-manifest) @ jsoup ---
[INFO] 
[INFO] --- maven-resources-plugin:3.0.1:testResources (default-testResources) @ jsoup ---
[INFO] Using 'UTF-8' encoding to copy filtered resources.
[INFO] Copying 25 resources
[INFO] 
[INFO] --- maven-compiler-plugin:3.5.1:testCompile (default-testCompile) @ jsoup ---
[INFO] Changes detected - recompiling the module!
[INFO] Compiling 45 source files to /tmp/dspot-experiments/dataset/april-2019/jsoup/target/test-classes
[INFO] /tmp/dspot-experiments/dataset/april-2019/jsoup/src/test/java/org/jsoup/parser/AttributeParseTest.java: Some input files use or override a deprecated API.
[INFO] /tmp/dspot-experiments/dataset/april-2019/jsoup/src/test/java/org/jsoup/parser/AttributeParseTest.java: Recompile with -Xlint:deprecation for details.
[INFO] 
[INFO] --- maven-surefire-plugin:2.17:test (default-test) @ jsoup ---
[INFO] Tests are skipped.
[INFO] ------------------------------------------------------------------------
[INFO] BUILD SUCCESS
[INFO] ------------------------------------------------------------------------
[INFO] Total time: 4.838 s
[INFO] Finished at: 2019-05-07T17:49:50+02:00
[INFO] Final Memory: 28M/1963M
[INFO] ------------------------------------------------------------------------
[INFO] Compiling with -proceedOnError -encoding UTF-8 -cp /tmp/dspot-experiments/dataset/april-2019/jsoup_parent/target/dspot/tmp_test_sources:/home/bedanglot/.m2/repository/junit/junit/4.12/junit-4.12.jar:/home/bedanglot/.m2/repository/org/hamcrest/hamcrest-core/1.3/hamcrest-core-1.3.jar:/home/bedanglot/.m2/repository/com/google/code/gson/gson/2.7/gson-2.7.jar:/home/bedanglot/.m2/repository/org/eclipse/jetty/jetty-server/9.2.22.v20170606/jetty-server-9.2.22.v20170606.jar:/home/bedanglot/.m2/repository/javax/servlet/javax.servlet-api/3.1.0/javax.servlet-api-3.1.0.jar:/home/bedanglot/.m2/repository/org/eclipse/jetty/jetty-http/9.2.22.v20170606/jetty-http-9.2.22.v20170606.jar:/home/bedanglot/.m2/repository/org/eclipse/jetty/jetty-util/9.2.22.v20170606/jetty-util-9.2.22.v20170606.jar:/home/bedanglot/.m2/repository/org/eclipse/jetty/jetty-io/9.2.22.v20170606/jetty-io-9.2.22.v20170606.jar:/home/bedanglot/.m2/repository/org/eclipse/jetty/jetty-servlet/9.2.22.v20170606/jetty-servlet-9.2.22.v20170606.jar:/home/bedanglot/.m2/repository/org/eclipse/jetty/jetty-security/9.2.22.v20170606/jetty-security-9.2.22.v20170606.jar:/tmp/dspot-experiments/dataset/april-2019/jsoup_parent/target/classes/:/tmp/dspot-experiments/dataset/april-2019/jsoup_parent/target/test-classes/:/tmp/dspot-experiments/dataset/april-2019/jsoup_parent/target/dspot/dependencies/: -d /tmp/dspot-experiments/dataset/april-2019/jsoup_parent/target/test-classes -1.8 -preserveAllLocals -noExit -enableJavadoc -proc:none /tmp/dspot-experiments/dataset/april-2019/jsoup_parent/target/dspot/tmp_test_sources/org/jsoup/helper/DataUtilTest.java
[INFO] Run: java -classpath /tmp/dspot-experiments/dataset/april-2019/jsoup_parent/target/classes/:/tmp/dspot-experiments/dataset/april-2019/jsoup_parent/target/test-classes:/home/bedanglot/.m2/repository/junit/junit/4.12/junit-4.12.jar:/home/bedanglot/.m2/repository/org/hamcrest/hamcrest-core/1.3/hamcrest-core-1.3.jar:/home/bedanglot/.m2/repository/com/google/code/gson/gson/2.7/gson-2.7.jar:/home/bedanglot/.m2/repository/org/eclipse/jetty/jetty-server/9.2.22.v20170606/jetty-server-9.2.22.v20170606.jar:/home/bedanglot/.m2/repository/javax/servlet/javax.servlet-api/3.1.0/javax.servlet-api-3.1.0.jar:/home/bedanglot/.m2/repository/org/eclipse/jetty/jetty-http/9.2.22.v20170606/jetty-http-9.2.22.v20170606.jar:/home/bedanglot/.m2/repository/org/eclipse/jetty/jetty-util/9.2.22.v20170606/jetty-util-9.2.22.v20170606.jar:/home/bedanglot/.m2/repository/org/eclipse/jetty/jetty-io/9.2.22.v20170606/jetty-io-9.2.22.v20170606.jar:/home/bedanglot/.m2/repository/org/eclipse/jetty/jetty-servlet/9.2.22.v20170606/jetty-servlet-9.2.22.v20170606.jar:/home/bedanglot/.m2/repository/org/eclipse/jetty/jetty-security/9.2.22.v20170606/jetty-security-9.2.22.v20170606.jar:/tmp/dspot-experiments/dataset/april-2019/jsoup_parent/target/dspot/dependencies/:/home/bedanglot/.m2/repository/eu/stamp-project/test-runner/2.0.7/test-runner-2.0.7-jar-with-dependencies.jar eu.stamp_project.testrunner.runner.JUnit4Runner --class org.jsoup.helper.DataUtilTest --tests firstMetaElementWithCharsetShouldBeUsedForDecoding:secondMetaElementWithContentTypeContainsCharsetParameter:wrongMetaCharsetFallback 
Parsing --class org.jsoup.helper.DataUtilTest --tests firstMetaElementWithCharsetShouldBeUsedForDecoding:secondMetaElementWithContentTypeContainsCharsetParameter:wrongMetaCharsetFallback
File saved to the following path: /tmp/dspot-experiments/dataset/april-2019/jsoup_parent/target/dspot/TestResult.ser
Loading /tmp/dspot-experiments/dataset/april-2019/jsoup_parent/target/dspot/TestResult.ser
[INFO] Test has been run: firstMetaElementWithCharsetShouldBeUsedForDecoding,secondMetaElementWithContentTypeContainsCharsetParameter,wrongMetaCharsetFallback
[INFO] Run tests. (3)
[INFO] Compiling with -proceedOnError -encoding UTF-8 -cp /tmp/dspot-experiments/dataset/april-2019/jsoup_parent/target/dspot/tmp_test_sources:/home/bedanglot/.m2/repository/junit/junit/4.12/junit-4.12.jar:/home/bedanglot/.m2/repository/org/hamcrest/hamcrest-core/1.3/hamcrest-core-1.3.jar:/home/bedanglot/.m2/repository/com/google/code/gson/gson/2.7/gson-2.7.jar:/home/bedanglot/.m2/repository/org/eclipse/jetty/jetty-server/9.2.22.v20170606/jetty-server-9.2.22.v20170606.jar:/home/bedanglot/.m2/repository/javax/servlet/javax.servlet-api/3.1.0/javax.servlet-api-3.1.0.jar:/home/bedanglot/.m2/repository/org/eclipse/jetty/jetty-http/9.2.22.v20170606/jetty-http-9.2.22.v20170606.jar:/home/bedanglot/.m2/repository/org/eclipse/jetty/jetty-util/9.2.22.v20170606/jetty-util-9.2.22.v20170606.jar:/home/bedanglot/.m2/repository/org/eclipse/jetty/jetty-io/9.2.22.v20170606/jetty-io-9.2.22.v20170606.jar:/home/bedanglot/.m2/repository/org/eclipse/jetty/jetty-servlet/9.2.22.v20170606/jetty-servlet-9.2.22.v20170606.jar:/home/bedanglot/.m2/repository/org/eclipse/jetty/jetty-security/9.2.22.v20170606/jetty-security-9.2.22.v20170606.jar:/tmp/dspot-experiments/dataset/april-2019/jsoup_parent/target/classes/:/tmp/dspot-experiments/dataset/april-2019/jsoup_parent/target/test-classes/:/tmp/dspot-experiments/dataset/april-2019/jsoup_parent/target/dspot/dependencies/: -d /tmp/dspot-experiments/dataset/april-2019/jsoup_parent/target/test-classes -1.8 -preserveAllLocals -noExit -enableJavadoc -proc:none /tmp/dspot-experiments/dataset/april-2019/jsoup_parent/target/dspot/tmp_test_sources/org/jsoup/helper/DataUtilTest.java
[ERROR] Error(s) during compilation:
[ERROR] Pb(50) doc cannot be resolved
[ERROR] Pb(50) doc cannot be resolved
[INFO] Compiling with -proceedOnError -encoding UTF-8 -cp /tmp/dspot-experiments/dataset/april-2019/jsoup_parent/target/dspot/tmp_test_sources:/home/bedanglot/.m2/repository/junit/junit/4.12/junit-4.12.jar:/home/bedanglot/.m2/repository/org/hamcrest/hamcrest-core/1.3/hamcrest-core-1.3.jar:/home/bedanglot/.m2/repository/com/google/code/gson/gson/2.7/gson-2.7.jar:/home/bedanglot/.m2/repository/org/eclipse/jetty/jetty-server/9.2.22.v20170606/jetty-server-9.2.22.v20170606.jar:/home/bedanglot/.m2/repository/javax/servlet/javax.servlet-api/3.1.0/javax.servlet-api-3.1.0.jar:/home/bedanglot/.m2/repository/org/eclipse/jetty/jetty-http/9.2.22.v20170606/jetty-http-9.2.22.v20170606.jar:/home/bedanglot/.m2/repository/org/eclipse/jetty/jetty-util/9.2.22.v20170606/jetty-util-9.2.22.v20170606.jar:/home/bedanglot/.m2/repository/org/eclipse/jetty/jetty-io/9.2.22.v20170606/jetty-io-9.2.22.v20170606.jar:/home/bedanglot/.m2/repository/org/eclipse/jetty/jetty-servlet/9.2.22.v20170606/jetty-servlet-9.2.22.v20170606.jar:/home/bedanglot/.m2/repository/org/eclipse/jetty/jetty-security/9.2.22.v20170606/jetty-security-9.2.22.v20170606.jar:/tmp/dspot-experiments/dataset/april-2019/jsoup_parent/target/classes/:/tmp/dspot-experiments/dataset/april-2019/jsoup_parent/target/test-classes/:/tmp/dspot-experiments/dataset/april-2019/jsoup_parent/target/dspot/dependencies/: -d /tmp/dspot-experiments/dataset/april-2019/jsoup_parent/target/test-classes -1.8 -preserveAllLocals -noExit -enableJavadoc -proc:none /tmp/dspot-experiments/dataset/april-2019/jsoup_parent/target/dspot/tmp_test_sources/org/jsoup/helper/DataUtilTest.java
[INFO] Run: java -classpath /tmp/dspot-experiments/dataset/april-2019/jsoup_parent/target/classes/:/tmp/dspot-experiments/dataset/april-2019/jsoup_parent/target/test-classes:/home/bedanglot/.m2/repository/junit/junit/4.12/junit-4.12.jar:/home/bedanglot/.m2/repository/org/hamcrest/hamcrest-core/1.3/hamcrest-core-1.3.jar:/home/bedanglot/.m2/repository/com/google/code/gson/gson/2.7/gson-2.7.jar:/home/bedanglot/.m2/repository/org/eclipse/jetty/jetty-server/9.2.22.v20170606/jetty-server-9.2.22.v20170606.jar:/home/bedanglot/.m2/repository/javax/servlet/javax.servlet-api/3.1.0/javax.servlet-api-3.1.0.jar:/home/bedanglot/.m2/repository/org/eclipse/jetty/jetty-http/9.2.22.v20170606/jetty-http-9.2.22.v20170606.jar:/home/bedanglot/.m2/repository/org/eclipse/jetty/jetty-util/9.2.22.v20170606/jetty-util-9.2.22.v20170606.jar:/home/bedanglot/.m2/repository/org/eclipse/jetty/jetty-io/9.2.22.v20170606/jetty-io-9.2.22.v20170606.jar:/home/bedanglot/.m2/repository/org/eclipse/jetty/jetty-servlet/9.2.22.v20170606/jetty-servlet-9.2.22.v20170606.jar:/home/bedanglot/.m2/repository/org/eclipse/jetty/jetty-security/9.2.22.v20170606/jetty-security-9.2.22.v20170606.jar:/tmp/dspot-experiments/dataset/april-2019/jsoup_parent/target/dspot/dependencies/:/home/bedanglot/.m2/repository/eu/stamp-project/test-runner/2.0.7/test-runner-2.0.7-jar-with-dependencies.jar eu.stamp_project.testrunner.runner.JUnit4Runner --class org.jsoup.helper.DataUtilTest --tests wrongMetaCharsetFallback 
Parsing --class org.jsoup.helper.DataUtilTest --tests wrongMetaCharsetFallback
File saved to the following path: /tmp/dspot-experiments/dataset/april-2019/jsoup_parent/target/dspot/TestResult.ser
Loading /tmp/dspot-experiments/dataset/april-2019/jsoup_parent/target/dspot/TestResult.ser
[INFO] Test has been run: wrongMetaCharsetFallback
[INFO] 1 test pass, generating assertion...
[INFO] Add observations points in passing tests.
[INFO] Instrumentation...
100% |================================================== ]/
[INFO] Run instrumented tests. (3)
[INFO] Compiling with -proceedOnError -encoding UTF-8 -cp /tmp/dspot-experiments/dataset/april-2019/jsoup_parent/target/dspot/tmp_test_sources:/home/bedanglot/.m2/repository/junit/junit/4.12/junit-4.12.jar:/home/bedanglot/.m2/repository/org/hamcrest/hamcrest-core/1.3/hamcrest-core-1.3.jar:/home/bedanglot/.m2/repository/com/google/code/gson/gson/2.7/gson-2.7.jar:/home/bedanglot/.m2/repository/org/eclipse/jetty/jetty-server/9.2.22.v20170606/jetty-server-9.2.22.v20170606.jar:/home/bedanglot/.m2/repository/javax/servlet/javax.servlet-api/3.1.0/javax.servlet-api-3.1.0.jar:/home/bedanglot/.m2/repository/org/eclipse/jetty/jetty-http/9.2.22.v20170606/jetty-http-9.2.22.v20170606.jar:/home/bedanglot/.m2/repository/org/eclipse/jetty/jetty-util/9.2.22.v20170606/jetty-util-9.2.22.v20170606.jar:/home/bedanglot/.m2/repository/org/eclipse/jetty/jetty-io/9.2.22.v20170606/jetty-io-9.2.22.v20170606.jar:/home/bedanglot/.m2/repository/org/eclipse/jetty/jetty-servlet/9.2.22.v20170606/jetty-servlet-9.2.22.v20170606.jar:/home/bedanglot/.m2/repository/org/eclipse/jetty/jetty-security/9.2.22.v20170606/jetty-security-9.2.22.v20170606.jar:/tmp/dspot-experiments/dataset/april-2019/jsoup_parent/target/classes/:/tmp/dspot-experiments/dataset/april-2019/jsoup_parent/target/test-classes/:/tmp/dspot-experiments/dataset/april-2019/jsoup_parent/target/dspot/dependencies/: -d /tmp/dspot-experiments/dataset/april-2019/jsoup_parent/target/test-classes -1.8 -preserveAllLocals -noExit -enableJavadoc -proc:none /tmp/dspot-experiments/dataset/april-2019/jsoup_parent/target/dspot/tmp_test_sources/org/jsoup/helper/DataUtilTest.java
[INFO] Run: java -classpath /tmp/dspot-experiments/dataset/april-2019/jsoup_parent/target/classes/:/tmp/dspot-experiments/dataset/april-2019/jsoup_parent/target/test-classes:/home/bedanglot/.m2/repository/junit/junit/4.12/junit-4.12.jar:/home/bedanglot/.m2/repository/org/hamcrest/hamcrest-core/1.3/hamcrest-core-1.3.jar:/home/bedanglot/.m2/repository/com/google/code/gson/gson/2.7/gson-2.7.jar:/home/bedanglot/.m2/repository/org/eclipse/jetty/jetty-server/9.2.22.v20170606/jetty-server-9.2.22.v20170606.jar:/home/bedanglot/.m2/repository/javax/servlet/javax.servlet-api/3.1.0/javax.servlet-api-3.1.0.jar:/home/bedanglot/.m2/repository/org/eclipse/jetty/jetty-http/9.2.22.v20170606/jetty-http-9.2.22.v20170606.jar:/home/bedanglot/.m2/repository/org/eclipse/jetty/jetty-util/9.2.22.v20170606/jetty-util-9.2.22.v20170606.jar:/home/bedanglot/.m2/repository/org/eclipse/jetty/jetty-io/9.2.22.v20170606/jetty-io-9.2.22.v20170606.jar:/home/bedanglot/.m2/repository/org/eclipse/jetty/jetty-servlet/9.2.22.v20170606/jetty-servlet-9.2.22.v20170606.jar:/home/bedanglot/.m2/repository/org/eclipse/jetty/jetty-security/9.2.22.v20170606/jetty-security-9.2.22.v20170606.jar:/tmp/dspot-experiments/dataset/april-2019/jsoup_parent/target/dspot/dependencies/:/home/bedanglot/.m2/repository/eu/stamp-project/test-runner/2.0.7/test-runner-2.0.7-jar-with-dependencies.jar eu.stamp_project.testrunner.runner.JUnit4Runner --class org.jsoup.helper.DataUtilTest --tests wrongMetaCharsetFallback_withlog0:wrongMetaCharsetFallback_withlog1:wrongMetaCharsetFallback_withlog2 
Parsing --class org.jsoup.helper.DataUtilTest --tests wrongMetaCharsetFallback_withlog0:wrongMetaCharsetFallback_withlog1:wrongMetaCharsetFallback_withlog2
File saved to the following path: /tmp/dspot-experiments/dataset/april-2019/jsoup_parent/target/dspot/observations.ser
File saved to the following path: /tmp/dspot-experiments/dataset/april-2019/jsoup_parent/target/dspot/TestResult.ser
Loading /tmp/dspot-experiments/dataset/april-2019/jsoup_parent/target/dspot/TestResult.ser
[INFO] Test has been run: wrongMetaCharsetFallback_withlog0,wrongMetaCharsetFallback_withlog1,wrongMetaCharsetFallback_withlog2
[INFO] Generating assertions...
[INFO] 1 new tests with assertions generated
[INFO] Compiling with -proceedOnError -encoding UTF-8 -cp /tmp/dspot-experiments/dataset/april-2019/jsoup_parent/target/dspot/tmp_test_sources:/home/bedanglot/.m2/repository/junit/junit/4.12/junit-4.12.jar:/home/bedanglot/.m2/repository/org/hamcrest/hamcrest-core/1.3/hamcrest-core-1.3.jar:/home/bedanglot/.m2/repository/com/google/code/gson/gson/2.7/gson-2.7.jar:/home/bedanglot/.m2/repository/org/eclipse/jetty/jetty-server/9.2.22.v20170606/jetty-server-9.2.22.v20170606.jar:/home/bedanglot/.m2/repository/javax/servlet/javax.servlet-api/3.1.0/javax.servlet-api-3.1.0.jar:/home/bedanglot/.m2/repository/org/eclipse/jetty/jetty-http/9.2.22.v20170606/jetty-http-9.2.22.v20170606.jar:/home/bedanglot/.m2/repository/org/eclipse/jetty/jetty-util/9.2.22.v20170606/jetty-util-9.2.22.v20170606.jar:/home/bedanglot/.m2/repository/org/eclipse/jetty/jetty-io/9.2.22.v20170606/jetty-io-9.2.22.v20170606.jar:/home/bedanglot/.m2/repository/org/eclipse/jetty/jetty-servlet/9.2.22.v20170606/jetty-servlet-9.2.22.v20170606.jar:/home/bedanglot/.m2/repository/org/eclipse/jetty/jetty-security/9.2.22.v20170606/jetty-security-9.2.22.v20170606.jar:/tmp/dspot-experiments/dataset/april-2019/jsoup_parent/target/classes/:/tmp/dspot-experiments/dataset/april-2019/jsoup_parent/target/test-classes/:/tmp/dspot-experiments/dataset/april-2019/jsoup_parent/target/dspot/dependencies/: -d /tmp/dspot-experiments/dataset/april-2019/jsoup_parent/target/test-classes -1.8 -preserveAllLocals -noExit -enableJavadoc -proc:none /tmp/dspot-experiments/dataset/april-2019/jsoup_parent/target/dspot/tmp_test_sources/org/jsoup/helper/DataUtilTest.java
[INFO] Run: java -classpath /tmp/dspot-experiments/dataset/april-2019/jsoup_parent/target/classes/:/tmp/dspot-experiments/dataset/april-2019/jsoup_parent/target/test-classes:/home/bedanglot/.m2/repository/junit/junit/4.12/junit-4.12.jar:/home/bedanglot/.m2/repository/org/hamcrest/hamcrest-core/1.3/hamcrest-core-1.3.jar:/home/bedanglot/.m2/repository/com/google/code/gson/gson/2.7/gson-2.7.jar:/home/bedanglot/.m2/repository/org/eclipse/jetty/jetty-server/9.2.22.v20170606/jetty-server-9.2.22.v20170606.jar:/home/bedanglot/.m2/repository/javax/servlet/javax.servlet-api/3.1.0/javax.servlet-api-3.1.0.jar:/home/bedanglot/.m2/repository/org/eclipse/jetty/jetty-http/9.2.22.v20170606/jetty-http-9.2.22.v20170606.jar:/home/bedanglot/.m2/repository/org/eclipse/jetty/jetty-util/9.2.22.v20170606/jetty-util-9.2.22.v20170606.jar:/home/bedanglot/.m2/repository/org/eclipse/jetty/jetty-io/9.2.22.v20170606/jetty-io-9.2.22.v20170606.jar:/home/bedanglot/.m2/repository/org/eclipse/jetty/jetty-servlet/9.2.22.v20170606/jetty-servlet-9.2.22.v20170606.jar:/home/bedanglot/.m2/repository/org/eclipse/jetty/jetty-security/9.2.22.v20170606/jetty-security-9.2.22.v20170606.jar:/tmp/dspot-experiments/dataset/april-2019/jsoup_parent/target/dspot/dependencies/:/home/bedanglot/.m2/repository/eu/stamp-project/test-runner/2.0.7/test-runner-2.0.7-jar-with-dependencies.jar eu.stamp_project.testrunner.runner.JUnit4Runner --class org.jsoup.helper.DataUtilTest --tests wrongMetaCharsetFallback 
Parsing --class org.jsoup.helper.DataUtilTest --tests wrongMetaCharsetFallback
File saved to the following path: /tmp/dspot-experiments/dataset/april-2019/jsoup_parent/target/dspot/TestResult.ser
Loading /tmp/dspot-experiments/dataset/april-2019/jsoup_parent/target/dspot/TestResult.ser
[INFO] Test has been run: wrongMetaCharsetFallback
[INFO] Assertion amplification: 1 test method(s) has been successfully amplified.
[WARN] 2019-05-07 17:49:52 Launcher - You specified the directory /tmp/dspot-experiments/dataset/april-2019/jsoup/target/classes in source classpath, please note that only class files will be considered. Jars and subdirectories will be ignored.
[WARN] 2019-05-07 17:49:52 Launcher - You specified the directory /tmp/dspot-experiments/dataset/april-2019/jsoup/target/test-classes in source classpath, please note that only class files will be considered. Jars and subdirectories will be ignored.
[WARN] 2019-05-07 17:49:52 Launcher - You specified the directory /tmp/dspot-experiments/dataset/april-2019/jsoup/target/dspot/dependencies in source classpath, please note that only class files will be considered. Jars and subdirectories will be ignored.
[INFO] Run: java -classpath /tmp/dspot-experiments/dataset/april-2019/jsoup/target/classes/:/tmp/dspot-experiments/dataset/april-2019/jsoup/target/test-classes/:/home/bedanglot/.m2/repository/junit/junit/4.12/junit-4.12.jar:/home/bedanglot/.m2/repository/org/hamcrest/hamcrest-core/1.3/hamcrest-core-1.3.jar:/home/bedanglot/.m2/repository/com/google/code/gson/gson/2.7/gson-2.7.jar:/home/bedanglot/.m2/repository/org/eclipse/jetty/jetty-server/9.2.22.v20170606/jetty-server-9.2.22.v20170606.jar:/home/bedanglot/.m2/repository/javax/servlet/javax.servlet-api/3.1.0/javax.servlet-api-3.1.0.jar:/home/bedanglot/.m2/repository/org/eclipse/jetty/jetty-http/9.2.22.v20170606/jetty-http-9.2.22.v20170606.jar:/home/bedanglot/.m2/repository/org/eclipse/jetty/jetty-util/9.2.22.v20170606/jetty-util-9.2.22.v20170606.jar:/home/bedanglot/.m2/repository/org/eclipse/jetty/jetty-io/9.2.22.v20170606/jetty-io-9.2.22.v20170606.jar:/home/bedanglot/.m2/repository/org/eclipse/jetty/jetty-servlet/9.2.22.v20170606/jetty-servlet-9.2.22.v20170606.jar:/home/bedanglot/.m2/repository/org/eclipse/jetty/jetty-security/9.2.22.v20170606/jetty-security-9.2.22.v20170606.jar:/tmp/dspot-experiments/dataset/april-2019/jsoup/target/dspot/dependencies/:/home/bedanglot/.m2/repository/eu/stamp-project/test-runner/2.0.7/test-runner-2.0.7-jar-with-dependencies.jar eu.stamp_project.testrunner.runner.JUnit4Runner --class org.jsoup.helper.DataUtilTest --tests wrongMetaCharsetFallback 
Parsing --class org.jsoup.helper.DataUtilTest --tests wrongMetaCharsetFallback
File saved to the following path: /tmp/dspot-experiments/dataset/april-2019/jsoup_parent/target/dspot/TestResult.ser
Loading /tmp/dspot-experiments/dataset/april-2019/jsoup_parent/target/dspot/TestResult.ser
[INFO] Test has been run: wrongMetaCharsetFallback
[INFO] 0 amplified test methods has been selected to be kept. (global: 0)
[INFO] elapsedTime 8358
[WARNING] DSpot could not obtain any amplified test method.
[WARNING] You can customize the following options: --amplifiers, --test-criterion, --iteration, --budgetizer etc, and retry with a new configuration.
[INFO] Amplification of org.jsoup.integration.ParseTest (6 test(s))
[INFO] Assertion amplification of org.jsoup.integration.ParseTest (6 test(s))
[INFO] Using /tmp/dspot-experiments/dataset/april-2019/jsoup/pom.xml to run maven.
[INFO] Using /usr/share/maven/ for maven home
[INFO] run maven: /usr/share/maven//bin/mvn clean test -DskipTests
[WARN] Maven will be executed in interactive mode, but no input stream has been configured for this MavenInvoker instance.
[INFO] Scanning for projects...
[INFO]                                                                         
[INFO] ------------------------------------------------------------------------
[INFO] Building jsoup Java HTML Parser 1.12.1-SNAPSHOT
[INFO] ------------------------------------------------------------------------
[INFO] 
[INFO] --- maven-clean-plugin:2.5:clean (default-clean) @ jsoup ---
[INFO] Deleting /tmp/dspot-experiments/dataset/april-2019/jsoup/target
[INFO] 
[INFO] --- maven-resources-plugin:3.0.1:resources (default-resources) @ jsoup ---
[INFO] Using 'UTF-8' encoding to copy filtered resources.
[INFO] Copying 0 resource
[INFO] Copying 3 resources to META-INF/
[INFO] 
[INFO] --- maven-compiler-plugin:3.5.1:compile (default-compile) @ jsoup ---
[INFO] Changes detected - recompiling the module!
[INFO] Compiling 67 source files to /tmp/dspot-experiments/dataset/april-2019/jsoup/target/classes
[INFO] /tmp/dspot-experiments/dataset/april-2019/jsoup/src/main/java/org/jsoup/nodes/Attributes.java: /tmp/dspot-experiments/dataset/april-2019/jsoup/src/main/java/org/jsoup/nodes/Attributes.java uses or overrides a deprecated API.
[INFO] /tmp/dspot-experiments/dataset/april-2019/jsoup/src/main/java/org/jsoup/nodes/Attributes.java: Recompile with -Xlint:deprecation for details.
[INFO] 
[INFO] --- animal-sniffer-maven-plugin:1.16:check (animal-sniffer) @ jsoup ---
[INFO] Checking unresolved references to net.sf.androidscents.signature:android-api-level-8:2.2_r3
[INFO] 
[INFO] >>> maven-bundle-plugin:2.5.4:manifest (bundle-manifest) > process-classes @ jsoup >>>
[INFO] 
[INFO] --- maven-resources-plugin:3.0.1:resources (default-resources) @ jsoup ---
[INFO] Using 'UTF-8' encoding to copy filtered resources.
[INFO] Copying 0 resource
[INFO] Copying 3 resources to META-INF/
[INFO] 
[INFO] --- maven-compiler-plugin:3.5.1:compile (default-compile) @ jsoup ---
[INFO] Changes detected - recompiling the module!
[INFO] Compiling 67 source files to /tmp/dspot-experiments/dataset/april-2019/jsoup/target/classes
[INFO] /tmp/dspot-experiments/dataset/april-2019/jsoup/src/main/java/org/jsoup/nodes/Attributes.java: /tmp/dspot-experiments/dataset/april-2019/jsoup/src/main/java/org/jsoup/nodes/Attributes.java uses or overrides a deprecated API.
[INFO] /tmp/dspot-experiments/dataset/april-2019/jsoup/src/main/java/org/jsoup/nodes/Attributes.java: Recompile with -Xlint:deprecation for details.
[INFO] 
[INFO] --- animal-sniffer-maven-plugin:1.16:check (animal-sniffer) @ jsoup ---
[INFO] Checking unresolved references to net.sf.androidscents.signature:android-api-level-8:2.2_r3
[INFO] 
[INFO] <<< maven-bundle-plugin:2.5.4:manifest (bundle-manifest) < process-classes @ jsoup <<<
[INFO] 
[INFO] --- maven-bundle-plugin:2.5.4:manifest (bundle-manifest) @ jsoup ---
[INFO] 
[INFO] --- maven-resources-plugin:3.0.1:testResources (default-testResources) @ jsoup ---
[INFO] Using 'UTF-8' encoding to copy filtered resources.
[INFO] Copying 25 resources
[INFO] 
[INFO] --- maven-compiler-plugin:3.5.1:testCompile (default-testCompile) @ jsoup ---
[INFO] Changes detected - recompiling the module!
[INFO] Compiling 45 source files to /tmp/dspot-experiments/dataset/april-2019/jsoup/target/test-classes
[INFO] /tmp/dspot-experiments/dataset/april-2019/jsoup/src/test/java/org/jsoup/parser/AttributeParseTest.java: Some input files use or override a deprecated API.
[INFO] /tmp/dspot-experiments/dataset/april-2019/jsoup/src/test/java/org/jsoup/parser/AttributeParseTest.java: Recompile with -Xlint:deprecation for details.
[INFO] 
[INFO] --- maven-surefire-plugin:2.17:test (default-test) @ jsoup ---
[INFO] Tests are skipped.
[INFO] ------------------------------------------------------------------------
[INFO] BUILD SUCCESS
[INFO] ------------------------------------------------------------------------
[INFO] Total time: 4.988 s
[INFO] Finished at: 2019-05-07T17:49:59+02:00
[INFO] Final Memory: 28M/1963M
[INFO] ------------------------------------------------------------------------
[INFO] Compiling with -proceedOnError -encoding UTF-8 -cp /tmp/dspot-experiments/dataset/april-2019/jsoup_parent/target/dspot/tmp_test_sources:/home/bedanglot/.m2/repository/junit/junit/4.12/junit-4.12.jar:/home/bedanglot/.m2/repository/org/hamcrest/hamcrest-core/1.3/hamcrest-core-1.3.jar:/home/bedanglot/.m2/repository/com/google/code/gson/gson/2.7/gson-2.7.jar:/home/bedanglot/.m2/repository/org/eclipse/jetty/jetty-server/9.2.22.v20170606/jetty-server-9.2.22.v20170606.jar:/home/bedanglot/.m2/repository/javax/servlet/javax.servlet-api/3.1.0/javax.servlet-api-3.1.0.jar:/home/bedanglot/.m2/repository/org/eclipse/jetty/jetty-http/9.2.22.v20170606/jetty-http-9.2.22.v20170606.jar:/home/bedanglot/.m2/repository/org/eclipse/jetty/jetty-util/9.2.22.v20170606/jetty-util-9.2.22.v20170606.jar:/home/bedanglot/.m2/repository/org/eclipse/jetty/jetty-io/9.2.22.v20170606/jetty-io-9.2.22.v20170606.jar:/home/bedanglot/.m2/repository/org/eclipse/jetty/jetty-servlet/9.2.22.v20170606/jetty-servlet-9.2.22.v20170606.jar:/home/bedanglot/.m2/repository/org/eclipse/jetty/jetty-security/9.2.22.v20170606/jetty-security-9.2.22.v20170606.jar:/tmp/dspot-experiments/dataset/april-2019/jsoup_parent/target/classes/:/tmp/dspot-experiments/dataset/april-2019/jsoup_parent/target/test-classes/:/tmp/dspot-experiments/dataset/april-2019/jsoup_parent/target/dspot/dependencies/: -d /tmp/dspot-experiments/dataset/april-2019/jsoup_parent/target/test-classes -1.8 -preserveAllLocals -noExit -enableJavadoc -proc:none /tmp/dspot-experiments/dataset/april-2019/jsoup_parent/target/dspot/tmp_test_sources/org/jsoup/integration/ParseTest.java
[INFO] Run: java -classpath /tmp/dspot-experiments/dataset/april-2019/jsoup_parent/target/classes/:/tmp/dspot-experiments/dataset/april-2019/jsoup_parent/target/test-classes:/home/bedanglot/.m2/repository/junit/junit/4.12/junit-4.12.jar:/home/bedanglot/.m2/repository/org/hamcrest/hamcrest-core/1.3/hamcrest-core-1.3.jar:/home/bedanglot/.m2/repository/com/google/code/gson/gson/2.7/gson-2.7.jar:/home/bedanglot/.m2/repository/org/eclipse/jetty/jetty-server/9.2.22.v20170606/jetty-server-9.2.22.v20170606.jar:/home/bedanglot/.m2/repository/javax/servlet/javax.servlet-api/3.1.0/javax.servlet-api-3.1.0.jar:/home/bedanglot/.m2/repository/org/eclipse/jetty/jetty-http/9.2.22.v20170606/jetty-http-9.2.22.v20170606.jar:/home/bedanglot/.m2/repository/org/eclipse/jetty/jetty-util/9.2.22.v20170606/jetty-util-9.2.22.v20170606.jar:/home/bedanglot/.m2/repository/org/eclipse/jetty/jetty-io/9.2.22.v20170606/jetty-io-9.2.22.v20170606.jar:/home/bedanglot/.m2/repository/org/eclipse/jetty/jetty-servlet/9.2.22.v20170606/jetty-servlet-9.2.22.v20170606.jar:/home/bedanglot/.m2/repository/org/eclipse/jetty/jetty-security/9.2.22.v20170606/jetty-security-9.2.22.v20170606.jar:/tmp/dspot-experiments/dataset/april-2019/jsoup_parent/target/dspot/dependencies/:/home/bedanglot/.m2/repository/eu/stamp-project/test-runner/2.0.7/test-runner-2.0.7-jar-with-dependencies.jar eu.stamp_project.testrunner.runner.JUnit4Runner --class org.jsoup.integration.ParseTest --tests testBaiduVariant:testLowercaseUtf8Charset:testBrokenHtml5CharsetWithASingleDoubleQuote:testHtml5Charset:testNytArticle:testBaidu 
Parsing --class org.jsoup.integration.ParseTest --tests testBaiduVariant:testLowercaseUtf8Charset:testBrokenHtml5CharsetWithASingleDoubleQuote:testHtml5Charset:testNytArticle:testBaidu
File saved to the following path: /tmp/dspot-experiments/dataset/april-2019/jsoup_parent/target/dspot/TestResult.ser
Loading /tmp/dspot-experiments/dataset/april-2019/jsoup_parent/target/dspot/TestResult.ser
[INFO] Test has been run: testBaiduVariant,testBaidu,testBrokenHtml5CharsetWithASingleDoubleQuote,testNytArticle,testLowercaseUtf8Charset,testHtml5Charset
[INFO] Run tests. (6)
[INFO] Compiling with -proceedOnError -encoding UTF-8 -cp /tmp/dspot-experiments/dataset/april-2019/jsoup_parent/target/dspot/tmp_test_sources:/home/bedanglot/.m2/repository/junit/junit/4.12/junit-4.12.jar:/home/bedanglot/.m2/repository/org/hamcrest/hamcrest-core/1.3/hamcrest-core-1.3.jar:/home/bedanglot/.m2/repository/com/google/code/gson/gson/2.7/gson-2.7.jar:/home/bedanglot/.m2/repository/org/eclipse/jetty/jetty-server/9.2.22.v20170606/jetty-server-9.2.22.v20170606.jar:/home/bedanglot/.m2/repository/javax/servlet/javax.servlet-api/3.1.0/javax.servlet-api-3.1.0.jar:/home/bedanglot/.m2/repository/org/eclipse/jetty/jetty-http/9.2.22.v20170606/jetty-http-9.2.22.v20170606.jar:/home/bedanglot/.m2/repository/org/eclipse/jetty/jetty-util/9.2.22.v20170606/jetty-util-9.2.22.v20170606.jar:/home/bedanglot/.m2/repository/org/eclipse/jetty/jetty-io/9.2.22.v20170606/jetty-io-9.2.22.v20170606.jar:/home/bedanglot/.m2/repository/org/eclipse/jetty/jetty-servlet/9.2.22.v20170606/jetty-servlet-9.2.22.v20170606.jar:/home/bedanglot/.m2/repository/org/eclipse/jetty/jetty-security/9.2.22.v20170606/jetty-security-9.2.22.v20170606.jar:/tmp/dspot-experiments/dataset/april-2019/jsoup_parent/target/classes/:/tmp/dspot-experiments/dataset/april-2019/jsoup_parent/target/test-classes/:/tmp/dspot-experiments/dataset/april-2019/jsoup_parent/target/dspot/dependencies/: -d /tmp/dspot-experiments/dataset/april-2019/jsoup_parent/target/test-classes -1.8 -preserveAllLocals -noExit -enableJavadoc -proc:none /tmp/dspot-experiments/dataset/april-2019/jsoup_parent/target/dspot/tmp_test_sources/org/jsoup/integration/ParseTest.java
[INFO] Run: java -classpath /tmp/dspot-experiments/dataset/april-2019/jsoup_parent/target/classes/:/tmp/dspot-experiments/dataset/april-2019/jsoup_parent/target/test-classes:/home/bedanglot/.m2/repository/junit/junit/4.12/junit-4.12.jar:/home/bedanglot/.m2/repository/org/hamcrest/hamcrest-core/1.3/hamcrest-core-1.3.jar:/home/bedanglot/.m2/repository/com/google/code/gson/gson/2.7/gson-2.7.jar:/home/bedanglot/.m2/repository/org/eclipse/jetty/jetty-server/9.2.22.v20170606/jetty-server-9.2.22.v20170606.jar:/home/bedanglot/.m2/repository/javax/servlet/javax.servlet-api/3.1.0/javax.servlet-api-3.1.0.jar:/home/bedanglot/.m2/repository/org/eclipse/jetty/jetty-http/9.2.22.v20170606/jetty-http-9.2.22.v20170606.jar:/home/bedanglot/.m2/repository/org/eclipse/jetty/jetty-util/9.2.22.v20170606/jetty-util-9.2.22.v20170606.jar:/home/bedanglot/.m2/repository/org/eclipse/jetty/jetty-io/9.2.22.v20170606/jetty-io-9.2.22.v20170606.jar:/home/bedanglot/.m2/repository/org/eclipse/jetty/jetty-servlet/9.2.22.v20170606/jetty-servlet-9.2.22.v20170606.jar:/home/bedanglot/.m2/repository/org/eclipse/jetty/jetty-security/9.2.22.v20170606/jetty-security-9.2.22.v20170606.jar:/tmp/dspot-experiments/dataset/april-2019/jsoup_parent/target/dspot/dependencies/:/home/bedanglot/.m2/repository/eu/stamp-project/test-runner/2.0.7/test-runner-2.0.7-jar-with-dependencies.jar eu.stamp_project.testrunner.runner.JUnit4Runner --class org.jsoup.integration.ParseTest --tests testBaiduVariant:testLowercaseUtf8Charset:testBrokenHtml5CharsetWithASingleDoubleQuote:testHtml5Charset:testNytArticle:testBaidu 
Parsing --class org.jsoup.integration.ParseTest --tests testBaiduVariant:testLowercaseUtf8Charset:testBrokenHtml5CharsetWithASingleDoubleQuote:testHtml5Charset:testNytArticle:testBaidu
File saved to the following path: /tmp/dspot-experiments/dataset/april-2019/jsoup_parent/target/dspot/TestResult.ser
Loading /tmp/dspot-experiments/dataset/april-2019/jsoup_parent/target/dspot/TestResult.ser
[INFO] Test has been run: testBaiduVariant,testBaidu,testBrokenHtml5CharsetWithASingleDoubleQuote,testNytArticle,testLowercaseUtf8Charset,testHtml5Charset
[INFO] 6 test pass, generating assertion...
[INFO] Add observations points in passing tests.
[INFO] Instrumentation...
 16% |======== ]/ 33% |================ ]- 50% |========================= ]\ 66% |================================= ]| 83% |========================================= ]/100% |================================================== ]-
[INFO] Run instrumented tests. (18)
[INFO] Compiling with -proceedOnError -encoding UTF-8 -cp /tmp/dspot-experiments/dataset/april-2019/jsoup_parent/target/dspot/tmp_test_sources:/home/bedanglot/.m2/repository/junit/junit/4.12/junit-4.12.jar:/home/bedanglot/.m2/repository/org/hamcrest/hamcrest-core/1.3/hamcrest-core-1.3.jar:/home/bedanglot/.m2/repository/com/google/code/gson/gson/2.7/gson-2.7.jar:/home/bedanglot/.m2/repository/org/eclipse/jetty/jetty-server/9.2.22.v20170606/jetty-server-9.2.22.v20170606.jar:/home/bedanglot/.m2/repository/javax/servlet/javax.servlet-api/3.1.0/javax.servlet-api-3.1.0.jar:/home/bedanglot/.m2/repository/org/eclipse/jetty/jetty-http/9.2.22.v20170606/jetty-http-9.2.22.v20170606.jar:/home/bedanglot/.m2/repository/org/eclipse/jetty/jetty-util/9.2.22.v20170606/jetty-util-9.2.22.v20170606.jar:/home/bedanglot/.m2/repository/org/eclipse/jetty/jetty-io/9.2.22.v20170606/jetty-io-9.2.22.v20170606.jar:/home/bedanglot/.m2/repository/org/eclipse/jetty/jetty-servlet/9.2.22.v20170606/jetty-servlet-9.2.22.v20170606.jar:/home/bedanglot/.m2/repository/org/eclipse/jetty/jetty-security/9.2.22.v20170606/jetty-security-9.2.22.v20170606.jar:/tmp/dspot-experiments/dataset/april-2019/jsoup_parent/target/classes/:/tmp/dspot-experiments/dataset/april-2019/jsoup_parent/target/test-classes/:/tmp/dspot-experiments/dataset/april-2019/jsoup_parent/target/dspot/dependencies/: -d /tmp/dspot-experiments/dataset/april-2019/jsoup_parent/target/test-classes -1.8 -preserveAllLocals -noExit -enableJavadoc -proc:none /tmp/dspot-experiments/dataset/april-2019/jsoup_parent/target/dspot/tmp_test_sources/org/jsoup/integration/ParseTest.java
[INFO] Run: java -classpath /tmp/dspot-experiments/dataset/april-2019/jsoup_parent/target/classes/:/tmp/dspot-experiments/dataset/april-2019/jsoup_parent/target/test-classes:/home/bedanglot/.m2/repository/junit/junit/4.12/junit-4.12.jar:/home/bedanglot/.m2/repository/org/hamcrest/hamcrest-core/1.3/hamcrest-core-1.3.jar:/home/bedanglot/.m2/repository/com/google/code/gson/gson/2.7/gson-2.7.jar:/home/bedanglot/.m2/repository/org/eclipse/jetty/jetty-server/9.2.22.v20170606/jetty-server-9.2.22.v20170606.jar:/home/bedanglot/.m2/repository/javax/servlet/javax.servlet-api/3.1.0/javax.servlet-api-3.1.0.jar:/home/bedanglot/.m2/repository/org/eclipse/jetty/jetty-http/9.2.22.v20170606/jetty-http-9.2.22.v20170606.jar:/home/bedanglot/.m2/repository/org/eclipse/jetty/jetty-util/9.2.22.v20170606/jetty-util-9.2.22.v20170606.jar:/home/bedanglot/.m2/repository/org/eclipse/jetty/jetty-io/9.2.22.v20170606/jetty-io-9.2.22.v20170606.jar:/home/bedanglot/.m2/repository/org/eclipse/jetty/jetty-servlet/9.2.22.v20170606/jetty-servlet-9.2.22.v20170606.jar:/home/bedanglot/.m2/repository/org/eclipse/jetty/jetty-security/9.2.22.v20170606/jetty-security-9.2.22.v20170606.jar:/tmp/dspot-experiments/dataset/april-2019/jsoup_parent/target/dspot/dependencies/:/home/bedanglot/.m2/repository/eu/stamp-project/test-runner/2.0.7/test-runner-2.0.7-jar-with-dependencies.jar eu.stamp_project.testrunner.runner.JUnit4Runner --class org.jsoup.integration.ParseTest --tests testBaiduVariant_withlog0:testLowercaseUtf8Charset_withlog0:testBrokenHtml5CharsetWithASingleDoubleQuote_withlog0:testHtml5Charset_withlog0:testNytArticle_withlog0:testBaidu_withlog0:testBaiduVariant_withlog1:testLowercaseUtf8Charset_withlog1:testBrokenHtml5CharsetWithASingleDoubleQuote_withlog1:testHtml5Charset_withlog1:testNytArticle_withlog1:testBaidu_withlog1:testBaiduVariant_withlog2:testLowercaseUtf8Charset_withlog2:testBrokenHtml5CharsetWithASingleDoubleQuote_withlog2:testHtml5Charset_withlog2:testNytArticle_withlog2:testBaidu_withlog2 
Parsing --class org.jsoup.integration.ParseTest --tests testBaiduVariant_withlog0:testLowercaseUtf8Charset_withlog0:testBrokenHtml5CharsetWithASingleDoubleQuote_withlog0:testHtml5Charset_withlog0:testNytArticle_withlog0:testBaidu_withlog0:testBaiduVariant_withlog1:testLowercaseUtf8Charset_withlog1:testBrokenHtml5CharsetWithASingleDoubleQuote_withlog1:testHtml5Charset_withlog1:testNytArticle_withlog1:testBaidu_withlog1:testBaiduVariant_withlog2:testLowercaseUtf8Charset_withlog2:testBrokenHtml5CharsetWithASingleDoubleQuote_withlog2:testHtml5Charset_withlog2:testNytArticle_withlog2:testBaidu_withlog2
File saved to the following path: /tmp/dspot-experiments/dataset/april-2019/jsoup_parent/target/dspot/observations.ser
File saved to the following path: /tmp/dspot-experiments/dataset/april-2019/jsoup_parent/target/dspot/TestResult.ser
Loading /tmp/dspot-experiments/dataset/april-2019/jsoup_parent/target/dspot/TestResult.ser
[INFO] Test has been run: testBrokenHtml5CharsetWithASingleDoubleQuote_withlog0,testBrokenHtml5CharsetWithASingleDoubleQuote_withlog1,testBrokenHtml5CharsetWithASingleDoubleQuote_withlog2,testNytArticle_withlog0,testNytArticle_withlog1,testNytArticle_withlog2,testBaiduVariant_withlog0,testBaiduVariant_withlog1,testBaiduVariant_withlog2,testBaidu_withlog0,testBaidu_withlog1,testBaidu_withlog2,testHtml5Charset_withlog0,testHtml5Charset_withlog1,testHtml5Charset_withlog2,testLowercaseUtf8Charset_withlog0,testLowercaseUtf8Charset_withlog1,testLowercaseUtf8Charset_withlog2
[INFO] Generating assertions...
[INFO] 6 new tests with assertions generated
[INFO] Compiling with -proceedOnError -encoding UTF-8 -cp /tmp/dspot-experiments/dataset/april-2019/jsoup_parent/target/dspot/tmp_test_sources:/home/bedanglot/.m2/repository/junit/junit/4.12/junit-4.12.jar:/home/bedanglot/.m2/repository/org/hamcrest/hamcrest-core/1.3/hamcrest-core-1.3.jar:/home/bedanglot/.m2/repository/com/google/code/gson/gson/2.7/gson-2.7.jar:/home/bedanglot/.m2/repository/org/eclipse/jetty/jetty-server/9.2.22.v20170606/jetty-server-9.2.22.v20170606.jar:/home/bedanglot/.m2/repository/javax/servlet/javax.servlet-api/3.1.0/javax.servlet-api-3.1.0.jar:/home/bedanglot/.m2/repository/org/eclipse/jetty/jetty-http/9.2.22.v20170606/jetty-http-9.2.22.v20170606.jar:/home/bedanglot/.m2/repository/org/eclipse/jetty/jetty-util/9.2.22.v20170606/jetty-util-9.2.22.v20170606.jar:/home/bedanglot/.m2/repository/org/eclipse/jetty/jetty-io/9.2.22.v20170606/jetty-io-9.2.22.v20170606.jar:/home/bedanglot/.m2/repository/org/eclipse/jetty/jetty-servlet/9.2.22.v20170606/jetty-servlet-9.2.22.v20170606.jar:/home/bedanglot/.m2/repository/org/eclipse/jetty/jetty-security/9.2.22.v20170606/jetty-security-9.2.22.v20170606.jar:/tmp/dspot-experiments/dataset/april-2019/jsoup_parent/target/classes/:/tmp/dspot-experiments/dataset/april-2019/jsoup_parent/target/test-classes/:/tmp/dspot-experiments/dataset/april-2019/jsoup_parent/target/dspot/dependencies/: -d /tmp/dspot-experiments/dataset/april-2019/jsoup_parent/target/test-classes -1.8 -preserveAllLocals -noExit -enableJavadoc -proc:none /tmp/dspot-experiments/dataset/april-2019/jsoup_parent/target/dspot/tmp_test_sources/org/jsoup/integration/ParseTest.java
[INFO] Run: java -classpath /tmp/dspot-experiments/dataset/april-2019/jsoup_parent/target/classes/:/tmp/dspot-experiments/dataset/april-2019/jsoup_parent/target/test-classes:/home/bedanglot/.m2/repository/junit/junit/4.12/junit-4.12.jar:/home/bedanglot/.m2/repository/org/hamcrest/hamcrest-core/1.3/hamcrest-core-1.3.jar:/home/bedanglot/.m2/repository/com/google/code/gson/gson/2.7/gson-2.7.jar:/home/bedanglot/.m2/repository/org/eclipse/jetty/jetty-server/9.2.22.v20170606/jetty-server-9.2.22.v20170606.jar:/home/bedanglot/.m2/repository/javax/servlet/javax.servlet-api/3.1.0/javax.servlet-api-3.1.0.jar:/home/bedanglot/.m2/repository/org/eclipse/jetty/jetty-http/9.2.22.v20170606/jetty-http-9.2.22.v20170606.jar:/home/bedanglot/.m2/repository/org/eclipse/jetty/jetty-util/9.2.22.v20170606/jetty-util-9.2.22.v20170606.jar:/home/bedanglot/.m2/repository/org/eclipse/jetty/jetty-io/9.2.22.v20170606/jetty-io-9.2.22.v20170606.jar:/home/bedanglot/.m2/repository/org/eclipse/jetty/jetty-servlet/9.2.22.v20170606/jetty-servlet-9.2.22.v20170606.jar:/home/bedanglot/.m2/repository/org/eclipse/jetty/jetty-security/9.2.22.v20170606/jetty-security-9.2.22.v20170606.jar:/tmp/dspot-experiments/dataset/april-2019/jsoup_parent/target/dspot/dependencies/:/home/bedanglot/.m2/repository/eu/stamp-project/test-runner/2.0.7/test-runner-2.0.7-jar-with-dependencies.jar eu.stamp_project.testrunner.runner.JUnit4Runner --class org.jsoup.integration.ParseTest --tests testBaiduVariant:testLowercaseUtf8Charset:testBrokenHtml5CharsetWithASingleDoubleQuote:testHtml5Charset:testNytArticle:testBaidu 
Parsing --class org.jsoup.integration.ParseTest --tests testBaiduVariant:testLowercaseUtf8Charset:testBrokenHtml5CharsetWithASingleDoubleQuote:testHtml5Charset:testNytArticle:testBaidu
File saved to the following path: /tmp/dspot-experiments/dataset/april-2019/jsoup_parent/target/dspot/TestResult.ser
Loading /tmp/dspot-experiments/dataset/april-2019/jsoup_parent/target/dspot/TestResult.ser
[INFO] Test has been run: testBaiduVariant,testBaidu,testBrokenHtml5CharsetWithASingleDoubleQuote,testNytArticle,testLowercaseUtf8Charset,testHtml5Charset
[INFO] Assertion amplification: 6 test method(s) has been successfully amplified.
[WARN] 2019-05-07 17:50:01 Launcher - You specified the directory /tmp/dspot-experiments/dataset/april-2019/jsoup/target/classes in source classpath, please note that only class files will be considered. Jars and subdirectories will be ignored.
[WARN] 2019-05-07 17:50:01 Launcher - You specified the directory /tmp/dspot-experiments/dataset/april-2019/jsoup/target/test-classes in source classpath, please note that only class files will be considered. Jars and subdirectories will be ignored.
[WARN] 2019-05-07 17:50:01 Launcher - You specified the directory /tmp/dspot-experiments/dataset/april-2019/jsoup/target/dspot/dependencies in source classpath, please note that only class files will be considered. Jars and subdirectories will be ignored.
[INFO] Run: java -classpath /tmp/dspot-experiments/dataset/april-2019/jsoup/target/classes/:/tmp/dspot-experiments/dataset/april-2019/jsoup/target/test-classes/:/home/bedanglot/.m2/repository/junit/junit/4.12/junit-4.12.jar:/home/bedanglot/.m2/repository/org/hamcrest/hamcrest-core/1.3/hamcrest-core-1.3.jar:/home/bedanglot/.m2/repository/com/google/code/gson/gson/2.7/gson-2.7.jar:/home/bedanglot/.m2/repository/org/eclipse/jetty/jetty-server/9.2.22.v20170606/jetty-server-9.2.22.v20170606.jar:/home/bedanglot/.m2/repository/javax/servlet/javax.servlet-api/3.1.0/javax.servlet-api-3.1.0.jar:/home/bedanglot/.m2/repository/org/eclipse/jetty/jetty-http/9.2.22.v20170606/jetty-http-9.2.22.v20170606.jar:/home/bedanglot/.m2/repository/org/eclipse/jetty/jetty-util/9.2.22.v20170606/jetty-util-9.2.22.v20170606.jar:/home/bedanglot/.m2/repository/org/eclipse/jetty/jetty-io/9.2.22.v20170606/jetty-io-9.2.22.v20170606.jar:/home/bedanglot/.m2/repository/org/eclipse/jetty/jetty-servlet/9.2.22.v20170606/jetty-servlet-9.2.22.v20170606.jar:/home/bedanglot/.m2/repository/org/eclipse/jetty/jetty-security/9.2.22.v20170606/jetty-security-9.2.22.v20170606.jar:/tmp/dspot-experiments/dataset/april-2019/jsoup/target/dspot/dependencies/:/home/bedanglot/.m2/repository/eu/stamp-project/test-runner/2.0.7/test-runner-2.0.7-jar-with-dependencies.jar eu.stamp_project.testrunner.runner.JUnit4Runner --class org.jsoup.integration.ParseTest --tests testBaiduVariant:testLowercaseUtf8Charset:testBrokenHtml5CharsetWithASingleDoubleQuote:testHtml5Charset:testNytArticle:testBaidu 
Parsing --class org.jsoup.integration.ParseTest --tests testBaiduVariant:testLowercaseUtf8Charset:testBrokenHtml5CharsetWithASingleDoubleQuote:testHtml5Charset:testNytArticle:testBaidu
File saved to the following path: /tmp/dspot-experiments/dataset/april-2019/jsoup_parent/target/dspot/TestResult.ser
Loading /tmp/dspot-experiments/dataset/april-2019/jsoup_parent/target/dspot/TestResult.ser
[INFO] Test has been run: testBaiduVariant,testBaidu,testBrokenHtml5CharsetWithASingleDoubleQuote,testNytArticle,testLowercaseUtf8Charset,testHtml5Charset
[INFO] 0 amplified test methods has been selected to be kept. (global: 0)
[INFO] elapsedTime 9099
[WARNING] DSpot could not obtain any amplified test method.
[WARNING] You can customize the following options: --amplifiers, --test-criterion, --iteration, --budgetizer etc, and retry with a new configuration.
[INFO] Amplification succeed.
[INFO] Elapsed time 37546 ms
[INFO] 
0 amplified test fails on the new versions.
0 amplified test fails on the new versions.
0 amplified test fails on the new versions.
0 amplified test fails on the new versions.
[INFO] Writing report in /tmp/dspot-experiments/results/april-2019/jsoup/commit_3_e38dfd4/assert_amplification/report.txt
[INFO] DSpot amplified your test suite without errors. (no errors report will be outputted)
[INFO] The amplification ends up with 0 amplified test methods over 0 test classes.
[INFO] ------------------------------------------------------------------------
[INFO] BUILD SUCCESS
[INFO] ------------------------------------------------------------------------
[INFO] Total time: 48.554 s
[INFO] Finished at: 2019-05-07T17:50:02+02:00
[INFO] Final Memory: 53M/2035M
[INFO] ------------------------------------------------------------------------
