2 amplified test fails on the new versions.
testPretranslate_literalMutationString14_failAssert0(com.github.mustachejava.PreTranslateTest): Illegal character in path at index 0: [retranslate.html
testPretranslate_literalMutationString17_failAssert0(com.github.mustachejava.PreTranslateTest): Malformed escape pair at index 2: 45%L|oTR=t,1u`P.&java.lang.IllegalArgumentException: Illegal character in path at index 0: [retranslate.html
	at java.net.URI.create(URI.java:852)
	at com.github.mustachejava.resolver.ClasspathResolver.getReader(ClasspathResolver.java:37)
	at com.github.mustachejava.resolver.DefaultResolver.getReader(DefaultResolver.java:44)
	at com.github.mustachejava.DefaultMustacheFactory.getReader(DefaultMustacheFactory.java:115)
	at com.github.mustachejava.MustacheParser.compile(MustacheParser.java:26)
	at com.github.mustachejava.PreTranslateTest$40.lambda$0(PreTranslateTest.java:623)
	at java.util.concurrent.ConcurrentHashMap.computeIfAbsent(ConcurrentHashMap.java:1660)
	at com.github.mustachejava.DefaultMustacheFactory.compile(DefaultMustacheFactory.java:176)
	at com.github.mustachejava.PreTranslateTest.testPretranslate_literalMutationString14_failAssert0(PreTranslateTest.java:629)
	at sun.reflect.NativeMethodAccessorImpl.invoke0(Native Method)
	at sun.reflect.NativeMethodAccessorImpl.invoke(NativeMethodAccessorImpl.java:62)
	at sun.reflect.DelegatingMethodAccessorImpl.invoke(DelegatingMethodAccessorImpl.java:43)
	at java.lang.reflect.Method.invoke(Method.java:498)
	at org.junit.runners.model.FrameworkMethod$1.runReflectiveCall(FrameworkMethod.java:47)
	at org.junit.internal.runners.model.ReflectiveCallable.run(ReflectiveCallable.java:12)
	at org.junit.runners.model.FrameworkMethod.invokeExplosively(FrameworkMethod.java:44)
	at org.junit.internal.runners.statements.InvokeMethod.evaluate(InvokeMethod.java:17)
	at org.junit.internal.runners.statements.FailOnTimeout$StatementThread.run(FailOnTimeout.java:74)
Caused by: java.net.URISyntaxException: Illegal character in path at index 0: [retranslate.html
	at java.net.URI$Parser.fail(URI.java:2848)
	at java.net.URI$Parser.checkChars(URI.java:3021)
	at java.net.URI$Parser.parseHierarchical(URI.java:3105)
	at java.net.URI$Parser.parse(URI.java:3063)
	at java.net.URI.<init>(URI.java:588)
	at java.net.URI.create(URI.java:850)
	... 17 more
java.lang.IllegalArgumentException: Malformed escape pair at index 2: 45%L|oTR=t,1u`P.&
	at java.net.URI.create(URI.java:852)
	at com.github.mustachejava.resolver.ClasspathResolver.getReader(ClasspathResolver.java:37)
	at com.github.mustachejava.resolver.DefaultResolver.getReader(DefaultResolver.java:44)
	at com.github.mustachejava.DefaultMustacheFactory.getReader(DefaultMustacheFactory.java:115)
	at com.github.mustachejava.MustacheParser.compile(MustacheParser.java:26)
	at com.github.mustachejava.PreTranslateTest$4.lambda$0(PreTranslateTest.java:70)
	at java.util.concurrent.ConcurrentHashMap.computeIfAbsent(ConcurrentHashMap.java:1660)
	at com.github.mustachejava.DefaultMustacheFactory.compile(DefaultMustacheFactory.java:176)
	at com.github.mustachejava.PreTranslateTest.testPretranslate_literalMutationString17_failAssert0(PreTranslateTest.java:76)
	at sun.reflect.NativeMethodAccessorImpl.invoke0(Native Method)
	at sun.reflect.NativeMethodAccessorImpl.invoke(NativeMethodAccessorImpl.java:62)
	at sun.reflect.DelegatingMethodAccessorImpl.invoke(DelegatingMethodAccessorImpl.java:43)
	at java.lang.reflect.Method.invoke(Method.java:498)
	at org.junit.runners.model.FrameworkMethod$1.runReflectiveCall(FrameworkMethod.java:47)
	at org.junit.internal.runners.model.ReflectiveCallable.run(ReflectiveCallable.java:12)
	at org.junit.runners.model.FrameworkMethod.invokeExplosively(FrameworkMethod.java:44)
	at org.junit.internal.runners.statements.InvokeMethod.evaluate(InvokeMethod.java:17)
	at org.junit.internal.runners.statements.FailOnTimeout$StatementThread.run(FailOnTimeout.java:74)
Caused by: java.net.URISyntaxException: Malformed escape pair at index 2: 45%L|oTR=t,1u`P.&
	at java.net.URI$Parser.fail(URI.java:2848)
	at java.net.URI$Parser.scanEscape(URI.java:2978)
	at java.net.URI$Parser.scan(URI.java:3001)
	at java.net.URI$Parser.checkChars(URI.java:3019)
	at java.net.URI$Parser.parseHierarchical(URI.java:3105)
	at java.net.URI$Parser.parse(URI.java:3063)
	at java.net.URI.<init>(URI.java:588)
	at java.net.URI.create(URI.java:850)
	... 17 more

0 amplified test fails on the new versions.
0 amplified test fails on the new versions.
3 amplified test fails on the new versions.
testToJson3_literalMutationString2_failAssert0(com.github.mustachejava.inverter.InvertToJsonTest): Illegal character in path at index 4: This is a good day
testToJson3_literalMutationString6_failAssert0(com.github.mustachejava.inverter.InvertToJsonTest): Illegal character in path at index 7: H/7@m-c|H{w%/WiwY
testToJson3_literalMutationString5_failAssert0(com.github.mustachejava.inverter.InvertToJsonTest): Illegal character in path at index 0: ]sauxwww.mustachejava.lang.IllegalArgumentException: Illegal character in path at index 4: This is a good day
	at java.net.URI.create(URI.java:852)
	at com.github.mustachejava.resolver.ClasspathResolver.getReader(ClasspathResolver.java:37)
	at com.github.mustachejava.resolver.DefaultResolver.getReader(DefaultResolver.java:44)
	at com.github.mustachejava.DefaultMustacheFactory.getReader(DefaultMustacheFactory.java:115)
	at com.github.mustachejava.MustacheParser.compile(MustacheParser.java:26)
	at java.util.concurrent.ConcurrentHashMap.computeIfAbsent(ConcurrentHashMap.java:1660)
	at com.github.mustachejava.DefaultMustacheFactory.compile(DefaultMustacheFactory.java:176)
	at com.github.mustachejava.inverter.InvertToJsonTest.testToJson3_literalMutationString2_failAssert0(InvertToJsonTest.java:301)
	at sun.reflect.NativeMethodAccessorImpl.invoke0(Native Method)
	at sun.reflect.NativeMethodAccessorImpl.invoke(NativeMethodAccessorImpl.java:62)
	at sun.reflect.DelegatingMethodAccessorImpl.invoke(DelegatingMethodAccessorImpl.java:43)
	at java.lang.reflect.Method.invoke(Method.java:498)
	at org.junit.runners.model.FrameworkMethod$1.runReflectiveCall(FrameworkMethod.java:47)
	at org.junit.internal.runners.model.ReflectiveCallable.run(ReflectiveCallable.java:12)
	at org.junit.runners.model.FrameworkMethod.invokeExplosively(FrameworkMethod.java:44)
	at org.junit.internal.runners.statements.InvokeMethod.evaluate(InvokeMethod.java:17)
	at org.junit.internal.runners.statements.FailOnTimeout$StatementThread.run(FailOnTimeout.java:74)
Caused by: java.net.URISyntaxException: Illegal character in path at index 4: This is a good day
	at java.net.URI$Parser.fail(URI.java:2848)
	at java.net.URI$Parser.checkChars(URI.java:3021)
	at java.net.URI$Parser.parseHierarchical(URI.java:3105)
	at java.net.URI$Parser.parse(URI.java:3063)
	at java.net.URI.<init>(URI.java:588)
	at java.net.URI.create(URI.java:850)
	... 16 more
java.lang.IllegalArgumentException: Illegal character in path at index 7: H/7@m-c|H{w%/WiwY
	at java.net.URI.create(URI.java:852)
	at com.github.mustachejava.resolver.ClasspathResolver.getReader(ClasspathResolver.java:37)
	at com.github.mustachejava.resolver.DefaultResolver.getReader(DefaultResolver.java:44)
	at com.github.mustachejava.DefaultMustacheFactory.getReader(DefaultMustacheFactory.java:115)
	at com.github.mustachejava.MustacheParser.compile(MustacheParser.java:26)
	at java.util.concurrent.ConcurrentHashMap.computeIfAbsent(ConcurrentHashMap.java:1660)
	at com.github.mustachejava.DefaultMustacheFactory.compile(DefaultMustacheFactory.java:176)
	at com.github.mustachejava.inverter.InvertToJsonTest.testToJson3_literalMutationString6_failAssert0(InvertToJsonTest.java:181)
	at sun.reflect.NativeMethodAccessorImpl.invoke0(Native Method)
	at sun.reflect.NativeMethodAccessorImpl.invoke(NativeMethodAccessorImpl.java:62)
	at sun.reflect.DelegatingMethodAccessorImpl.invoke(DelegatingMethodAccessorImpl.java:43)
	at java.lang.reflect.Method.invoke(Method.java:498)
	at org.junit.runners.model.FrameworkMethod$1.runReflectiveCall(FrameworkMethod.java:47)
	at org.junit.internal.runners.model.ReflectiveCallable.run(ReflectiveCallable.java:12)
	at org.junit.runners.model.FrameworkMethod.invokeExplosively(FrameworkMethod.java:44)
	at org.junit.internal.runners.statements.InvokeMethod.evaluate(InvokeMethod.java:17)
	at org.junit.internal.runners.statements.FailOnTimeout$StatementThread.run(FailOnTimeout.java:74)
Caused by: java.net.URISyntaxException: Illegal character in path at index 7: H/7@m-c|H{w%/WiwY
	at java.net.URI$Parser.fail(URI.java:2848)
	at java.net.URI$Parser.checkChars(URI.java:3021)
	at java.net.URI$Parser.parseHierarchical(URI.java:3105)
	at java.net.URI$Parser.parse(URI.java:3063)
	at java.net.URI.<init>(URI.java:588)
	at java.net.URI.create(URI.java:850)
	... 16 more
java.lang.IllegalArgumentException: Illegal character in path at index 0: ]sauxwww.mustache
	at java.net.URI.create(URI.java:852)
	at com.github.mustachejava.resolver.ClasspathResolver.getReader(ClasspathResolver.java:37)
	at com.github.mustachejava.resolver.DefaultResolver.getReader(DefaultResolver.java:44)
	at com.github.mustachejava.DefaultMustacheFactory.getReader(DefaultMustacheFactory.java:115)
	at com.github.mustachejava.MustacheParser.compile(MustacheParser.java:26)
	at java.util.concurrent.ConcurrentHashMap.computeIfAbsent(ConcurrentHashMap.java:1660)
	at com.github.mustachejava.DefaultMustacheFactory.compile(DefaultMustacheFactory.java:176)
	at com.github.mustachejava.inverter.InvertToJsonTest.testToJson3_literalMutationString5_failAssert0(InvertToJsonTest.java:136)
	at sun.reflect.NativeMethodAccessorImpl.invoke0(Native Method)
	at sun.reflect.NativeMethodAccessorImpl.invoke(NativeMethodAccessorImpl.java:62)
	at sun.reflect.DelegatingMethodAccessorImpl.invoke(DelegatingMethodAccessorImpl.java:43)
	at java.lang.reflect.Method.invoke(Method.java:498)
	at org.junit.runners.model.FrameworkMethod$1.runReflectiveCall(FrameworkMethod.java:47)
	at org.junit.internal.runners.model.ReflectiveCallable.run(ReflectiveCallable.java:12)
	at org.junit.runners.model.FrameworkMethod.invokeExplosively(FrameworkMethod.java:44)
	at org.junit.internal.runners.statements.InvokeMethod.evaluate(InvokeMethod.java:17)
	at org.junit.internal.runners.statements.FailOnTimeout$StatementThread.run(FailOnTimeout.java:74)
Caused by: java.net.URISyntaxException: Illegal character in path at index 0: ]sauxwww.mustache
	at java.net.URI$Parser.fail(URI.java:2848)
	at java.net.URI$Parser.checkChars(URI.java:3021)
	at java.net.URI$Parser.parseHierarchical(URI.java:3105)
	at java.net.URI$Parser.parse(URI.java:3063)
	at java.net.URI.<init>(URI.java:588)
	at java.net.URI.create(URI.java:850)
	... 16 more

0 amplified test fails on the new versions.